0.2 









0.2724858918372313 









0.3654592907492803 









0.3467881094790065 









0.33937670078086524 









0.40690852291965063 









0.3609299527644428 









0.36928525691598035 









0.41990504102865556 









0.41477574229087055 









0.40377381380962574 









0.44194738476500584 









0.5389877199050362 









0.6329998397201475 









0.6603936235389122 









0.7118331927966185 









0.6797129151556431 









0.729917744218481 









0.7543780651380718 









0.7535833454386093 









0.7768519143444518 









0.80312776828703 









0.8161225375026439 









0.8222067102464945 









0.7833041049710379 









0.7897615236426245 









0.8175712881841491 









0.8020843090147833 









0.8186605690219007 









0.7840099886758993 









0.787674386466896 









0.7759457061046267 









0.7734960107276845 









0.7868877366008491 









0.7779346777140949 









0.743223256991427 









0.7056313886526748 









0.6478677038904976 









0.5991020427298814 









0.5376377069458667 









0.5042976270601321 









0.4558687214762526 









0.4048049161089542 









0.37472939613186695 









0.39171868366411766 









0.4342029316062821 









0.42382076440230076 









0.4506166870442271 









0.4103963059624408 









0.44448443213289157 









0.4661565617662957 









0.3887796293668496 









0.3995417123837183 









0.37654348110121216 









0.3993309518835384 









0.4085240522594028 









0.4263053335973861 









0.40953398542781194 









0.35960391085272986 









0.3793444020764001 









0.4440791263084337 









0.44441566789795284 









0.451952791765881 









0.43390050014193926 









0.3956150885708083 









0.4536044872177447 









0.4148974984758294 









0.4278887223193364 









0.3599458524086392 









0.3992034861780989 









0.4212174277848282 









0.4169017214190014 









0.4202823486401569 









0.3774941345637841 









0.39461142848924613 









0.42650258270357255 









0.4334132987132234 









0.40160579243364086 









0.4574287520710718 









0.34582726659306917 









0.3713600687464752 









0.41525064056571914 









0.4031593500763444 









0.3889845800900472 









0.5130074751652846 









0.6073971670228202 









0.6558745958180823 









0.6377169081575202 









0.689015610684074 









0.7535319315847077 









0.7609251577967673 









0.7941015914392671 









0.7435243926159041 









0.741653919193834 









0.7883666650076642 









0.7775678531819342 









0.8010042407060844 









0.7779813147568261 









0.7757240915698791 









0.7882990902179097 









0.8121171436742762 









0.8171231682745463 









0.8065807873180623 









0.7480000175857384 









0.7562639121895465 









0.772194034092747 









0.795236939823066 









0.7713907506111202 









0.7630256059020883 









0.7336696311249321 









0.6614756931783586 









0.36369257407280203 









0.2992408759451102 









0.3077780299342996 









0.3680901358708797 









0.3822246960359006 









0.3790270434591059 









0.406603018475499 









0.41750676751836613 









0.42393084670097514 









0.41199540717403427 









0.4358714591508328 









0.40778937635850854 









0.41419003309128577 









0.3831631229270276 









0.3948473512861857 









0.394415835802486 









0.41120955218925503 









0.4006451163803633 









0.4008004543846674 









0.38771211111540926 









0.42122637546671093 









0.4242169222536175 









0.4113997634620133 









0.4272645402489378 









0.3882900683307632 









0.349811407171138 









0.43674836961990576 









0.421720473275891 









0.3776435251747612 









0.44484958613510384 









0.37457177919749524 









0.3888284980222925 









0.4057340064121242 









0.3757673317644721 









0.4243305515014504 









0.4384497934779293 









0.40379328875011433 









0.37196541998750954 









0.3681834064190368 









0.41478733407353074 









0.42313100142041893 









0.4263389517400174 









0.43754471181077725 









0.4146277143633334 









0.41105355458381343 









0.42262760269657784 









0.3872186320496001 









0.3924031692401184 









0.41040126196862076 









0.42220547512749973 









0.4282430473976273 









0.5839548321318521 









0.6906611588993785 









0.6950818557726529 









0.7539966994031487 









0.7246928138378504 









0.7773180087806224 









0.7689247203076128 









0.7763971670728473 









0.7317137248705414 









0.7090626800605473 









0.7300051414618478 









0.7949783184868369 









0.7812900354959806 









0.7215304456603724 









0.7498804507998027 









0.7984928165822056 









0.7917498410954626 









0.8135357529848222 









0.8116331192687506 









0.7624237804025016 









0.7659998373498224 









0.748617152215105 









0.7543353187894388 









0.7084837306985399 









0.6594721106017518 









0.6377451757555475 









0.5838735783340818 









0.5037501699271284 









0.46912754466817064 









0.46185670624464004 









0.4515635699830287 









0.4249757143080667 









0.3995573789860911 









0.42635270768331945 









0.4481423999442843 









0.47178603426538507 









0.4454790576495696 









0.4008358268359511 









0.40863275193599424 









0.41261517266552766 









0.3864994559021896 









0.3911522466555251 









0.38518374203623934 









0.3767972368135833 









0.4095610995830624 









0.42668018899561055 









0.40975082810775465 









0.40317078194047345 









0.40954458346768297 









0.4200614801735445 









0.41024621526362903 









0.3824000889679804 









0.3747870272934885 









0.4420912362157916 









0.4403980398181147 









0.40511246745602597 









0.36939788922600947 









0.3968821720669219 









0.4098529522943537 









0.3832788480328867 









0.38350983446346676 









0.4331005331322567 









0.42335479204239124 









0.41538057386861355 









0.40109656838696084 









0.41541954091199507 









0.41190507573318114 









0.37887755999979655 









0.37746357630171 









0.4160832350402591 









0.38994428681650506 









0.44898880531545404 









0.5288662536976371 









0.6971312258469744 









0.6864319931396803 









0.6696340948714171 









0.7738496479994639 









0.7714124156520782 









0.7644178020156605 









0.7938353962322486 









0.7824212421767545 









0.8213684500669437 









0.8347254817773249 









0.7993954677466926 









0.7630278615480006 









0.6828764551877295 









0.7299244510723529 









0.7674307601417443 









0.7742472083542358 









0.7314596248888248 









0.6705618411735239 









0.6747206494958725 









0.6520510145334661 









0.7114165673919982 









0.7354103409497821 









0.7820407776018669 









0.7559520189415252 









0.7302896161313165 









0.6477444314864499 









0.33642122306318667 









0.3083957843661989 









0.33332034385528186 









0.40802904877522783 









0.40178106322520735 









0.43304084110246777 









0.41001973070759756 









0.365620925356662 









0.38989258729859544 









0.4158877541095911 









0.3973291361583229 









0.42692603927079564 









0.4477006368707871 









0.4360078324364714 









0.3994894345792172 









0.3579534087151161 









0.37889123179834566 









0.3740547878241311 









0.39036319566467936 









0.39211915670486114 









0.39061302337382353 









0.40270502788142615 









0.4154077738474923 









0.4309636183500788 









0.3691194758460855 









0.39764903157533693 









0.3729011670214597 









0.44311148553776825 









0.4523231675225565 









0.3732521857060942 









0.42623925632926085 









0.419667883966208 









0.3984300085027501 









0.4197583136026599 









0.37220403136734936 









0.40187448478438625 









0.40790133748741175 









0.4449143985145374 









0.3864802726823495 









0.4268228997367159 









0.4008634384471037 









0.4421642593531639 









0.42445743935860536 









0.44634006575392127 









0.4335936636920143 









0.41853612946924423 









0.426568949074671 









0.39818032376087586 









0.389374964082539 









0.40350541157187897 









0.4275370328498295 









0.4909776185606115 









0.6493450367443783 









0.6328046319665048 









0.6346900114808927 









0.7439496333396824 









0.7711442825996718 









0.8029770926005567 









0.7856147660810422 









0.8157467579914367 









0.8085447124886564 









0.8009723779263036 









0.7831122178620966 









0.8026408499919382 









0.8302252154480478 









0.8480391552247767 









0.8567029476370933 









0.8422817876493671 









0.81740257518723 









0.8241436788876095 









0.8083134504949452 









0.8086735208843967 









0.8246781062142376 









0.8062760304660586 









0.7289457110978353 









0.7056639201116204 









0.6798154410947715 









0.6065419146533393 









0.5322697997360433 









0.4295627861892566 









0.43984720228103014 









0.4070782563691754 









0.41040321110892736 









0.42722786897880505 









0.44893595482053983 









0.4023486112720022 









0.37693730668582204 









0.3682290127219253 









0.37360897905503965 









0.3517743358743197 









0.3796644432248521 









0.38235539326102713 









0.42406743985863216 









0.41937664405734154 









0.3766517878091564 









0.41122669433438513 









0.45805804955475715 









0.4525662301317832 









0.39520052381943105 









0.4070209145773361 









0.41739580230783774 









0.436340867777251 









0.4053436287371434 









0.41832104542956366 









0.394844156737973 









0.4363311687268413 









0.4325130773134723 









0.3892403178883166 









0.3905597773703637 









0.4139168837402572 









0.36869449387574943 









0.44104543701789267 









0.4495972334749748 









0.4149981370177196 









0.4033992039964524 









0.40047473749419493 









0.38499629234484284 









0.3937888127987036 









0.3787731551516596 









0.40897648691444055 









0.4148346102663202 









0.3969500689440865 









0.457862335988946 









0.5076375814434593 









0.6968058346009269 









0.7518512838787683 









0.7650083623847577 









0.685075453337915 









0.7217939273657132 









0.7316692812480718 









0.76697877753712 









0.770687697483502 









0.7954097449656057 









0.7973196276938561 









0.8074367173192606 









0.7740406691476354 









0.7360010000342535 









0.7689398139975865 









0.7814095044200717 









0.8082463162585003 









0.7742650456146698 









0.7959394284622408 









0.7744429203283293 









0.7933805947410768 









0.8352474660528508 









0.8196762673534119 









0.7971853734097523 









0.7788369776355047 









0.7332333150413286 









0.6817474083011801 









0.3400999185636081 









0.33906742394157297 









0.3232039804447586 









0.4122025977959025 









0.4076464258857899 









0.3689611657261517 









0.44107804886535384 









0.38012482029969574 









0.3662866777525924 









0.35591722390132663 









0.37743959159687424 









0.369961435860494 









0.37152750181438454 









0.4295905644398235 









0.4514117017764072 









0.379291192004522 









0.4099019637293203 









0.43034182084603956 









0.4131355687267061 









0.4265510223956062 









0.4349308463530968 









0.37695571539061856 









0.38800274890619935 









0.4387269539009838 









0.42352849755260663 









0.3923268435246884 









0.39656043967661714 









0.4087436133293423 









0.4344231938731492 









0.4051586918516661 









0.3916967334507082 









0.363850473508784 









0.41645173104841837 









0.40047864547336504 









0.40190051562339346 









0.3780034070534871 









0.3749486498039259 









0.3703807353259293 









0.3913302625333033 









0.42329262493213526 









0.3891695809396193 









0.3955343073772347 









0.39951044318171386 









0.3715730646169969 









0.41784907279083305 









0.3731214761545444 









0.35272999361085977 









0.3997651966517798 









0.38708118967070904 









0.44138702923234163 









0.4733835150237661 









0.5631587074254916 









0.724919939190694 









0.7418843992180769 









0.7547496714907596 









0.795530754291576 









0.8136533995402273 









0.7782717486391477 









0.7807780052004621 









0.7925416281279112 









0.8208268399893434 









0.8407121239535201 









0.803817086167921 









0.8000175209323692 









0.7986782308485366 









0.8438268819830943 









0.8358895475943886 









0.8111868061214744 









0.8189075430034237 









0.7482052635654247 









0.7655533943295576 









0.7865144254879437 









0.8021997110051954 









0.7982991130314795 









0.7987213391290261 









0.7712185406900645 









0.7335047384016421 









0.7074422921438159 









0.5824438749057055 









0.5084968502951686 









0.5231135113620873 









0.4796493521235608 









0.43283363273592557 









0.4462037669762905 









0.42821445269211067 









0.44690166356756567 









0.4176439493184817 









0.4322200039184874 









0.4065717465895271 









0.37875122415291 









0.3883488744877562 









0.44956216793247883 









0.47275349466597927 









0.404327220217884 









0.40355560260220513 









0.4452981201081277 









0.42052821604512336 









0.4150739339179992 









0.41413351272129184 









0.4444970434399915 









0.4207355514358608 









0.37368462737189473 









0.4135035107945728 









0.3640918085775003 









0.39964570258981286 









0.4394462464894853 









0.4389901351737906 









0.4320005462795706 









0.41091194352514887 









0.4236484451826531 









0.40766323524859094 









0.3650839513214762 









0.3722048077008494 









0.3454178603551641 









0.4249614346766557 









0.40532378368405847 









0.4365735316620476 









0.3996339451399055 









0.4274297037501975 









0.3964940641082128 









0.4117242001827407 









0.4128766904905333 









0.4275917773405005 









0.5480064162295797 









0.7148117994919914 









0.7584482423121284 









0.7657075420351812 









0.7764205157075791 









0.7963613070139864 









0.7921003065406078 









0.7693138521331875 









0.6815894605446415 









0.7742513169645648 









0.7936814015434257 









0.7998085197922684 









0.8792802166007487 









0.8899994743208964 









0.8477570358530646 









0.8325253102892531 









0.8493663709633952 









0.8147214293850389 









0.8056420942085674 









0.771980951335496 









0.7265490122307696 









0.8046913208726796 









0.8182073790182786 









0.7959649510327104 









0.7409271450029253 









0.7010836042744931 









0.6510249379095869 









0.3361182391344463 









0.35084510462127394 









0.32113896574741985 









0.3595407958277582 









0.3651142550717089 









0.41016369985309736 









0.4112314615682386 









0.3746373766709843 









0.39221476336589217 









0.4212230044928956 









0.417002074817718 









0.4190558651940294 









0.3863484627421697 









0.39919257395562746 









0.41670282594767133 









0.3804376744770467 









0.397389732582493 









0.3936676241290601 









0.3812501190066704 









0.38963762159279813 









0.4120416131545874 









0.4262164872639993 









0.42151106662244875 









0.40815276258649347 









0.4423040057511072 









0.4092541809646134 









0.39074954803711043 









0.39845101043243536 









0.3779505623887981 









0.38507957794587244 









0.4259260869301991 









0.4393780085678869 









0.40655920329732553 









0.4133951491745598 









0.407615897316705 









0.40974146025806824 









0.39637472808745944 









0.4142677227526388 









0.4237929107442439 









0.392025924689413 









0.3960697442743434 









0.41043963516983795 









0.43227614930456376 









0.4138344930608656 









0.4103066996995849 









0.4192738171692981 









0.39233897679778545 









0.39857402775194767 









0.4166145713365193 









0.39429993900295246 









0.39282321925631286 









0.5229085319114342 









0.708174802658747 









0.7228533892217771 









0.6588413495784449 









0.7001606943972669 









0.7300546823372043 









0.6873995338347128 









0.77837854747999 









0.7803152879396222 









0.7653206757673157 









0.7565795587540609 









0.694604509085514 









0.6957537523221462 









0.6873271246268549 









0.6889921983429046 









0.7639817842912198 









0.7190331718701319 









0.7154015834894847 









0.7251207833646914 









0.6902181084295518 









0.6662119071639794 









0.6715687192107096 









0.7183177504742677 









0.6824202985653524 









0.6754910428471855 









0.6120172818059182 









0.5582719957746393 









0.5126910289557702 









0.43994564721831325 









0.4475091100187215 









0.4410204531552656 









0.4370071205539504 









0.41714928025300146 









0.39729863131240706 









0.4206984843697157 









0.4346818912343046 









0.3744291207702899 









0.40304917435190224 









0.4114573258702884 









0.4120039757242887 









0.4115668643046356 









0.3853641356528418 









0.4310589847956853 









0.3948363509002577 









0.3741522284821285 









0.38569193606763985 









0.4012861772962784 









0.40568762107912104 









0.4264908652838681 









0.47830974170091345 









0.40700860024395047 









0.4667874251725497 









0.39404442562125175 









0.38068101418791855 









0.41287526350857895 









0.40751138289047617 









0.3883782972826245 









0.41130314740073093 









0.39166294102741317 









0.4130629775203234 









0.42037739952394787 









0.3824484268020356 









0.3542864573227027 









0.3442929500275551 









0.35980855232654946 









0.37686847935913337 









0.3883633177324727 









0.37009807139401873 









0.4051475106082083 









0.40916183195328104 









0.42225940567045006 









0.4400467460912618 









0.5517777302905353 









0.6709798480500941 









0.7290270416628315 









0.7600853991917174 









0.7608525499905945 









0.7913123428524533 









0.8153212248036787 









0.7708541270171541 









0.7546665803115655 









0.8296245682491401 









0.8405126708059139 









0.8262068438883324 









0.7922909815192091 









0.7658709922126037 









0.7863251838402605 









0.7857354407342902 









0.7095845066170232 









0.7187761509239736 









0.7283857117948158 









0.7341730307968528 









0.7631152774472709 









0.7631304417123713 









0.7282029068277778 









0.7478878918488346 









0.6963959125302976 









0.6896547959286257 









0.5846239547966869 









0.2481699840435713 









0.2833113537562936 









0.36301183360202594 









0.37093961641333806 









0.39436169534445964 









0.42883104552059526 









0.40338264032159904 









0.4026021507810437 









0.40967423519662016 









