0.2 









0.000294930854988421 









0.00017125056437328857 









0.00010728554523106368 









9.775988880146946e-05 









0.00015039893378332127 









0.0001624416461676387 









0.0001521201766415267 









0.00016496590108206675 









0.00019752133084834181 









0.00014454221979065543 









0.00017201363088895397 









0.00018041422959558 









0.00032094805220535066 









0.0003609058572881049 









0.0003594286080133598 









0.0003451438068866272 









0.0005012182429738444 









0.0005532626443646386 









0.0005130233800405018 









0.0003877090623552726 









0.0004941477937808944 









0.000633700461702014 









0.0004156986196226865 









0.00040463372284099604 









0.0003731066050010603 









0.0005916752797865282 









0.0005672444521357233 









0.0005028886469423217 









0.00045562616306017066 









0.0004574989588794202 









0.0004845457107120471 









0.0004295236414448421 









0.0003818995277095011 









0.000582844759052621 









0.0004551129257043435 









0.0003077498078345394 









0.0004233256617609931 









0.0002574242120761533 









0.00018056482776368477 









0.00020367430010664907 









0.00015343982091780363 









0.00018889036030841056 









0.00012785270365736146 









0.0001288650650656913 









0.00016409854908311822 









0.00014826302923503972 









0.00014308288276563804 









0.00020937534028211123 









0.000182408629846324 









0.00022057316882624785 









0.0001794013851114863 









0.00015810414436901588 









0.00018490447016375743 









0.00019454719525736336 









0.00012727771773941396 









0.00012444894677982878 









0.00018963859818971933 









0.00015514123394697217 









0.00015829767711285508 









0.00015750445591669019 









0.00018875991937867577 









0.00013172649239891958 









0.00018710422845813287 









0.00015828376236927912 









0.00017801572678332497 









0.00020704147463867438 









0.00019360660936717906 









0.00018777620093220513 









0.0001362017690147919 









0.00019453611557387397 









0.00015690508316060223 









0.00019581679842143451 









0.0001928646581431004 









0.00016830292511350398 









0.00015930674636083588 









0.00017240805906465668 









0.0002119214817388221 









0.0001743358912884203 









0.0001426627135574211 









0.00014956069691009587 









0.00015604774175976746 









0.00015613712171820267 









0.00013277820337490167 









0.00021934658596469743 









0.0002389444123061515 









0.00034974592817529763 









0.0003083340074130016 









0.0005165334738009607 









0.000539254186045615 









0.0005845261330760492 









0.0005576489475267107 









0.0003760527434433521 









0.00047209842020851014 









0.0003950519388228508 









0.00046429942304223654 









0.00041028875189184894 









0.0005645943921098215 









0.0004665038036211227 









0.0006144006471502476 









0.0005076431413992355 









0.0005497354381710819 









0.00046026379825846235 









0.0004002091819597661 









0.0005537331413802174 









0.0004941621768650415 









0.0005539854242776086 









0.00047943251625881067 









0.0005442901310903966 









0.0004800972852494841 









0.0002799757327809369 









0.0001161062062055288 









0.00011221600323780396 









0.00013314692739799203 









0.00012678851565277142 









0.00016430974398876867 









0.00015479663490575851 









0.00012135086446125733 









0.00013944866766684043 









0.0001421424961018447 









0.00015148309883922782 









0.000172652474317834 









0.00017564287999886376 









0.00013805359365248385 









0.00015197227999686443 









0.0001525571199471142 









0.00010908172956013661 









0.00013528500722868647 









0.00017821227836084026 









0.00015490315612179856 









0.00016607664717830094 









0.0001553503094324709 









0.0001617542563587428 









0.00012725931958988424 









0.00020339984331068693 









0.0002013583720745502 









0.0001382369902253431 









0.00017227884961175334 









0.00017103542554946144 









0.00014255389919784895 









0.0001984498632387548 









0.00014442621927876 









0.00021869968918416697 









0.00014959767087869722 









0.0001593029359767005 









0.00014067214263680853 









0.00014180415408051027 









0.00016260873927360643 









0.00016966144608995332 









0.00011641952712990934 









0.00022790154247319793 









0.00014002566366762547 









0.00018771586854244733 









0.00014540516109113927 









0.00016904469266331928 









0.00013161273085966546 









0.00015529434719261287 









0.00016079036385618722 









0.00015744998229286466 









0.00018806080711355629 









0.00019427306390223042 









0.00020407063859825955 









0.00031800700241783105 









0.0004078118527275714 









0.0004272756025239628 









0.00037253005411109114 









0.0003691041608254004 









0.0005298111185387483 









0.000546591063449002 









0.00058559875248942 









0.000407337366696426 









0.0003220088012190433 









0.0004985035953030861 









0.0005847613019218136 









0.00043194652901911953 









0.0004475237818886474 









0.00031710163121530265 









0.000490349224596278 









0.0003168083474227306 









0.00044133459395217514 









0.0006177637124596402 









0.0004647886672150539 









0.00044945630324197405 









0.0005003000799769924 









0.00034849950041111565 









0.00045302212800131704 









0.0004096405152801872 









0.00035117134569689196 









0.00024377758400066164 









0.00022640925401195725 









0.00018655050186604499 









0.00023088963272692098 









0.00025747810863205594 









0.00017993493781936785 









0.00019141015570607803 









0.00021262497884512243 









0.00020712250169603775 









0.00015905917521687245 









0.00018077502409735683 









0.000146964387047054 









0.0001796235211144231 









0.000129413362498207 









0.00017973564499728913 









0.000179014296297597 









0.00012149518947077906 









0.00013405595006189412 









0.00010418700906370931 









0.00018519724676094404 









0.00015369962413701535 









0.00016408407553177216 









0.00018267642676859426 









0.00018530384989591604 









0.00017076825727398387 









0.00013313661823158502 









0.00011033137991097811 









0.00020127312392185576 









0.0001760879481043543 









0.00020528374337130815 









0.0001854531670981812 









0.00016845817088841276 









0.00018775205718650137 









0.00013790844001972347 









0.00013110142552151768 









0.00018637473694845552 









0.00016680884390636992 









0.00013546750986841502 









0.00011423666773751706 









0.0002079703774053724 









0.00018328254665834996 









0.00014912662821778546 









0.00012565763442204278 









0.00021344125577519863 









0.0001912520556620124 









0.0001773543834610483 









0.0001933830816869095 









0.0003027352788064404 









0.0003391448154567365 









0.0003716452818797333 









0.0004365752454333449 









0.0005734501043570451 









0.0005541743363397325 









0.000514955605501375 









0.0003919683581851695 









0.00045927237498564317 









0.0006649515840944213 









0.0006611634838328401 









0.0004072377939981774 









0.0002819659259520039 









0.0002771092861274374 









0.0006052314418463396 









0.0004531458779579087 









0.0004546950651856006 









0.00037779367743456463 









0.00027468175764310633 









0.0003333274897652476 









0.0003119130642778182 









0.00047806043400636794 









0.0005286340872068725 









0.0003419451780491163 









0.0004847369686224767 









0.0003136767246066859 









9.973282939996467e-05 









0.0001220393031397704 









0.0001313742456291317 









0.00017279086427747555 









0.0001249443280750661 









0.00015397796324025432 









0.00013774189862869872 









0.00016269449831181538 









0.0001555698876449842 









0.0001791396939775672 









0.00013167002772285696 









0.00012560922840489016 









0.00021996328199690466 









0.0001803508397291323 









0.00017489835369018233 









0.0001930458073290505 









0.00018257017649961693 









0.00016988051567051426 









0.00017796859448989365 









0.0001467538800270289 









0.00015102522621268395 









0.00013328547019169555 









0.00017093913740954113 









0.0001616276307640084 









0.0001299703787957825 









0.00011511734152419559 









0.00016660453184115105 









0.00017866684143023588 









0.00012971143615931094 









0.00015577210787467906 









0.00021264140731077117 









0.00020429433875111832 









0.0001801274319069014 









0.00011665778037042173 









0.00014068018767718853 









0.00016383211941041397 









0.00014403663903392436 









0.00017378511710526838 









0.0001534850563253206 









0.00020936294929903534 









0.00015655833460612487 









0.00013170015657659035 









0.0001779785951199385 









0.00018644415126989615 









0.00023032739380238047 









0.0001346671518534274 









0.00016307750462998878 









0.00015579868443618965 









0.00013369220506219488 









0.00016514991090863055 









0.00019226087849853605 









0.00025372431322303875 









0.00020713314786176962 









0.0003492308018579989 









0.0003252231490826018 









0.0004370253708982624 









0.00047625358457132716 









0.0006533750290625136 









0.0003568318055839113 









0.0007462216580452999 









0.0006976554582261534 









0.0005595549833485173 









0.00045575244448502715 









0.0006646447506947742 









0.0004943381798750822 









0.0007222062394662384 









0.0006916973819313248 









0.0005231578880006082 









0.0005725422638826252 









0.000556907926299073 









0.0006246453487645754 









0.0005984747909852557 









0.0006316133177455398 









0.0007510261742093309 









0.0003478463052586006 









0.0005095959914606728 









0.00043495516762176846 









0.00030743910697626537 









0.0002427592011311348 









0.00016714300272332278 









0.00014565319460848784 









0.00014498558922421752 









0.00020658830235629214 









0.00016741778226685985 









0.00016055734294023489 









0.00013136498930295764 









0.00015892305483703703 









0.00011835540125390033 









0.00013913720276519906 









0.0001795101581038397 









0.00014252202323441267 









0.000148409961704288 









0.00018309066122591415 









0.0001430257434597756 









0.00011959366364603166 









0.0001238191760206026 









0.00024364438416777138 









0.00016821347863534805 









0.00017077948264501865 









0.00016498185366373424 









0.00017396776588930626 









0.00020581412824174754 









0.00012968546470655334 









0.00015104725469875023 









0.0001871187856558652 









0.00018615436524100653 









0.00015750042000891006 









0.00016138320059418885 









0.0001534947309072902 









0.00017494997966772068 









0.00013471111602137936 









0.00014987091928109287 









0.00018912581769479935 









0.00012834824977345121 









0.00013369572097149775 









0.00019485890458019217 









0.0001395988068087755 









0.00016528995778543744 









0.00021006888053994228 









0.0001516369558907656 









0.00017862190247653543 









0.0001380236213386211 









0.00018821541640675664 









0.00019125884256109392 









0.0003126820381677964 









0.0004485759919799522 









0.0003885021230484298 









0.00041159631517888377 









0.0003752760847128052 









0.00040880484751292456 









0.0004751633173547096 









0.0005581795740030944 









0.0006054544593890375 









0.00045668964589024117 









0.0005860875667131325 









0.00047660888315969436 









0.0005169659764434599 









0.0003605799138866762 









0.0003884881470340287 









0.0004512493557328242 









0.0005131420306066401 









0.0006295609757983351 









0.0005662500221305098 









0.0006106134013720646 









0.0004622781867737305 









0.0004509547103054005 









0.00046644976459944156 









0.0005180880978485872 









0.0004497948452968138 









0.0004537878857682964 









0.00010490110336596595 









0.00013574319396694783 









0.00013499208047318255 









0.00013350627269413402 









0.00015338223081746267 









0.00018521932179699007 









0.00014965369493526938 









0.0001254022215207385 









0.0001861154712995796 









0.00015405320531879487 









0.00013510869347615044 









0.00013855827048398712 









0.0001861882839485057 









0.00021862152593656698 









0.00021304208224252321 









0.00012537191446214342 









0.00019419069842359875 









0.0001441308309202478 









0.0001817731068628502 









0.00015531703125467808 









0.00015709648598988174 









0.00017697475041010915 









0.00018188843376212158 









0.0001853678982452897 









0.0002265406354823786 









0.00012144852061530685 









0.0001626489689341066 









0.0001232838398365754 









0.00017342879926252627 









0.00011957269051134403 









0.00015950373321102178 









0.00011797384400132135 









0.00013077503959328608 









0.00015808968277949113 









0.00019428948322555256 









0.00019253170067020818 









0.00014519600553867184 









0.00013047603434245713 









0.00016311446719887695 









0.00011692110970088987 









0.00011064488020562328 









0.00017162225393052734 









0.0001930426346386462 









0.0001577664421482793 









0.00014271290226981032 









0.000129663602058095 









0.000142313090194069 









0.00020399835471429333 









0.00015647256102429094 









0.0001408289386171452 









0.000204578727951423 









0.00027387453125684327 









0.00038867306962403074 









0.0005390332568696194 









0.00037697694903764416 









0.00045890949112100624 









0.0005247385570563843 









0.0003678616833395656 









0.00048051293752466835 









0.0006066470708977658 









0.00045947181587176395 









0.0004215384596665549 









0.0005922556719732054 









0.0005703452663257994 









0.00046203025000350075 









0.0005037765842698869 









0.0004808879733387713 









0.0005292268080909405 









0.0005777244904213736 









0.0005449755765277776 









0.0004481995544238627 









0.0004699373647153644 









0.0005765933669784168 









0.0006198577409281183 









0.0005524459580594908 









0.0006133108501077556 









0.0003497009787007997 









0.0003264115105266114 









0.00038666202963510033 









0.00023105375597664955 









0.0002016902560547852 









0.00016649273861716425 









0.00020890242119416457 









0.00020268789410217457 









0.00011987242696843867 









0.0002124947289377901 









0.00014756721929005726 









0.00022107462443342972 









0.00017369101939032261 









0.0001318679597396617 









0.00018342192447461277 









0.00022031097217755052 









0.00023720256257683624 









0.00017346945576967085 









0.00012400058107473117 









0.00020597993887583834 









0.00020036649458016106 









0.0001911092632077901 









0.00013523478753473737 









0.00014954991855357523 









0.00019774253057100807 









0.00015968449222611452 









0.00014589860487487503 









0.00011624390925131666 









0.0001660944198606534 









0.0001742101645800702 









0.00018733935723126447 









0.00016017154119199304 









0.00016000540740097836 









0.00016386180298689365 









0.00019485737566984448 









0.00010928619074918821 









0.00013841482432643806 









0.00010376979469803176 









0.00013474977896413802 









0.00018655543701513025 









0.00016819825603081503 









0.0001913593359048118 









0.00017574682553629753 









0.00014159824262603314 









0.0002026287993953951 









0.00014328743949490404 









0.00012433275283829496 









0.00021074504905110137 









0.00034609623280200044 









0.0003899660943977261 









0.00048690405740225604 









0.000458153594620212 









0.00041869828364734466 









0.00043897117595221007 









0.0005340057632570378 









0.00043709643912908595 









0.00045356520300218967 









0.0005701613976256525 









0.0004551694818315645 









0.0006130693046815273 









0.00048535509472372076 









0.0006624163600235163 









0.0004696765165896734 









0.0005253300234556071 









0.00045491360037139034 









0.0005659753492140375 









0.0005816503469679599 









0.00037333433527850625 









0.0005124957188640585 









0.0005371627224206863 









0.0004966332609259533 









0.0004549250723887091 









0.00045424445392476726 









0.0003858131047541617 









0.00011941325281982805 









0.00011916233174250887 









9.296937389911323e-05 









0.00012248589436258738 









0.0001492608946609407 









0.00020404489123721889 









0.0001876115651187358 









0.00015488835015072417 









0.00015313034425039449 









0.0002305683406789148 









0.00015555108178263928 









0.00016111586325888943 









0.00017815087080497256 









0.0001426551153965947 









0.00015157128525709543 









0.00012040353439016532 









0.00015174929923928452 









0.00016934508417122603 









0.00015829118624678023 









0.00017645363886089995 









0.00011272280589230286 









0.00013406151187478216 









0.0001680432018020084 









0.00014663904817885327 









0.00012686934860401604 









0.0001754781075450619 









0.00017180773760579838 









0.0001492055224924907 









0.00012978528727928434 









0.00019217179352654855 









0.00015250032674208832 









0.00024425133284862335 









0.00017868628066821626 









0.0001353529290429983 









0.00014640082249735048 









0.0001760761535898288 









0.00016847072029162413 









0.00024367308507578444 









0.0001869024146041021 









0.0001704101321996919 









0.00014575856206244342 









0.0001317719801865615 









0.00019679290283979972 









0.00013987094420930704 









0.0001717965365916341 









0.00015863681173437506 









0.00014674526303235506 









0.00017712177744078485 









0.00017542482333807814 









0.00013004245320410621 









0.0002185723155897821 









0.00013144998470810077 









0.00039045140112864646 









0.0004628020116369881 









0.0003114998824518527 









0.0004639212162984101 









0.0003667188650965134 









0.00031162551258876175 









0.0004909846403786369 









0.000498191426580009 









0.0005448833063977099 









0.0005446937811997583 









0.0004407502073078903 









0.00028104826191290965 









0.00035102235150788296 









0.0004567469676568417 









0.0004033173739126396 









0.0005063306085262521 









0.00037331005319795837 









0.00032814969148209426 









0.00037123682795729793 









0.0004141982400394681 









0.00045411570613373693 









0.0005493801638751853 









0.00041094897495728804 









0.0003359830281958886 









0.0002946853733179068 









0.0002887263859068013 









0.00021756244260842143 









0.00019227522533453762 









0.00022533283668331857 









0.00018399934213504513 









0.00016760861661286962 









0.00017655599014954838 









0.0002033221277561054 









0.00017595622074652675 









0.00015070715537050016 









0.00013415406141025098 









0.00014295846415552372 









0.00015368780722463212 









0.00015747280160741914 









0.0001557142801751063 









0.00012253605338178103 









0.0001613013193388971 









0.0001253466754926999 









0.00014519403234326995 









0.00011171408808359751 









0.0001503953947631062 









0.00011100342413562791 









0.00014272962937801522 









0.0001951845277751363 









0.00015463330871771594 









0.00013454295484638398 









0.00017133071399272307 









0.00014759947535213097 









0.0001365396559333225 









0.00017642599959060562 









0.00013174742693219097 









0.00021981977869958957 









0.0002039126328732411 









0.00018997086424569823 









0.00014744802858264136 









0.0001389375252219331 









9.949791998782866e-05 









0.0001490747817413646 









0.00015769456989939091 









0.00017296350045911782 









0.00011666724153123795 









0.00017998966336517375 









0.00011982088589483553 









0.00016470955666464846 









0.00012855666273941998 









0.00021185309247329274 









0.00023313550946586206 









0.00024739869526625263 









0.0003428037997435274 









0.00040980177185027564 









0.0004800049622137721 









0.00042392473645653064 









0.0004934204117483931 









0.0006155383641742132 









0.0005298748969722669 









0.0005283266057646531 









0.0004709717676181347 









0.000510519862493786 









0.0005039751068553245 









0.00045352289250805925 









0.0005233162055426393 









0.0006131155275563478 









0.0004520907177473571 









0.00038711845278683135 









0.000309195179269714 









0.0004840399479813217 









0.00037860991211876986 









0.00037562753879904684 









0.0005260263243629666 









0.0004883742952188415 









0.0004128852370757777 









0.00032035599028332846 









0.00025903212423910725 









8.838085159856421e-05 









0.00010133582703326936 









0.00018343100644119552 









0.00020141423636822232 









0.00014251521524629297 









0.00018354562459654676 









0.0001874750683864922 









0.0001995824208478624 









0.00015956375784082966 









