0.09 









5.649366567615817 









6.24966587731994 









6.073285282196654 









6.811436098209525 









7.056972100703337 









7.085001593009971 









7.011979669173414 









7.197342352668743 









7.44962198695653 









7.283051976423273 









7.554598905417748 









8.084168206499832 









8.812396601782801 









9.399113617061147 









9.705041848873783 









9.678272887231207 









9.860196445091129 









10.204105400878664 









10.192740998376651 









10.411463216264575 









10.632484260994426 









11.034945041915037 









11.002802970657449 









10.755801295048364 









10.470336497332033 









10.845471666938113 









10.735400716181575 









10.847627969088567 









10.726976496493464 









10.671489847330095 









10.461605518189405 









10.457137639662818 









10.609156208736403 









10.482264378326901 









10.315255998015342 









9.797203202770653 









9.369675911948873 









8.864924157200386 









8.440593275867057 









8.06954548567499 









7.837951297845203 









7.415486491108307 









7.147633062325724 









7.152655780757664 









7.372352849089227 









7.354090545879319 









7.508066156018445 









7.459187650921088 









7.306077780248059 









7.602396968198757 









7.164097344880276 









7.214994049555019 









7.064831380184407 









7.187222434865006 









7.242847854183071 









7.2537375513090625 









7.2975716599322284 









7.014502503728847 









6.923744245048546 









7.296974326689202 









7.416135697892328 









7.594718379817376 









7.451075878704651 









7.278855037619894 









7.377617284512682 









7.321691836342923 









7.4308582175889555 









7.094569565297802 









7.114083269414957 









7.126359351911278 









7.258192736843674 









7.223289147980396 









7.2401230896675095 









7.252587654039279 









7.340696448116856 









7.263586774746087 









7.538345011491979 









7.461587499449629 









7.114357437657548 









7.031253405054543 









7.146757678220046 









7.254836482559437 









7.221625917022853 









7.886448869753577 









8.77611312966738 









9.19953218416384 









9.092585756508452 









9.637778961162745 









9.937377179520164 









10.229299976060714 









10.526223151468033 









10.300695371282561 









10.097006814776593 









10.53393048377389 









10.489788818699699 









10.75927258684114 









10.702266462623301 









10.411508493961403 









10.625391734745678 









11.074792303913055 









11.044338371652497 









10.80518578379371 









10.453990555163253 









10.141075818187806 









10.325477072046308 









10.739291964262646 









10.58031874769511 









10.239516610884596 









9.911642314444258 









8.856690277055668 









6.164220296028894 









5.454920439998531 









5.855585791298708 









6.853213892318075 









7.086234722185512 









7.010647009049824 









7.131986174935818 









7.293440857645083 









7.4298075776372645 









7.286201487888578 









7.336849647115398 









7.382151323357944 









7.254611738801472 









7.238767708976002 









7.2283969566555895 









7.084460641310572 









7.133219827077407 









7.254808532726205 









7.084681235137745 









7.111478394998585 









7.420320400993708 









7.341844977564319 









7.2861309697533905 









7.423199023754531 









7.194309533147568 









7.043747752132311 









7.348193421542857 









7.436001641108019 









7.144906391498764 









7.36902397875739 









7.112326674326358 









7.169657077194139 









7.275364901488913 









7.049003248238708 









7.2532226802890545 









7.358231913064349 









7.335080444964289 









7.054283357346581 









6.918773207920839 









7.341980333204788 









7.269017077666829 









7.431613864121308 









7.408508383709463 









7.287398480786757 









7.267779052650365 









7.169931450367883 









7.24315633144431 









7.002483729630925 









7.194458873147538 









7.343341068220752 









7.409917969344788 









8.2525258396608 









9.518048585730593 









9.703445787288178 









9.876278674472692 









9.876947460943388 









10.246865512065702 









10.481887606713302 









10.512696829755239 









10.189494670161062 









9.843136167165836 









10.042716970410941 









10.610655567563173 









10.629643214637541 









10.18534390590129 









10.163065756894602 









10.79274379373771 









10.55573482795279 









10.711565849065757 









10.950552052088849 









10.428409855120657 









10.330940093906381 









10.326680113401194 









10.30846744020421 









9.87805521116737 









9.425862152811312 









9.283397473357384 









8.705136328158282 









8.217836579058364 









7.7752337431242236 









7.858454374343563 









7.604281595455597 









7.344111069262706 









7.243191821514608 









7.411811413970966 









7.439850853663379 









7.65358461729363 









7.494775921784434 









7.319953755377471 









7.200365306923551 









7.229441200049666 









7.018420379373924 









7.282423661227349 









7.12799882205032 









7.162121598677449 









7.2373961874796615 









7.33621767763552 









7.29825698243074 









7.098787885497424 









7.085009625703005 









7.208249935318572 









7.211415769608904 









7.043448353597704 









6.945622062664968 









7.215591913420662 









7.474557905865177 









7.291668105665586 









7.101478396150091 









7.1341121591272705 









7.267699697219423 









7.086325640878724 









6.987075880833182 









7.223570023871339 









7.483464272928374 









7.179381234657303 









7.212114435435312 









7.327827413810226 









7.262427517267815 









7.245821268358306 









6.959872760642829 









7.303943279254964 









7.224869847928034 









7.5003286432461485 









8.105155456521059 









9.269297992599705 









9.607531033780898 









9.587578420554316 









10.044781957796268 









10.527472758478549 









10.313221617843954 









10.540954718732559 









10.566410115085873 









10.770331391542538 









11.20223779201427 









10.91023095732842 









10.315528827092779 









9.793710160004753 









9.782073386621208 









10.542645385001242 









10.466492539906755 









10.24150528305759 









9.560291070116405 









9.42797165820331 









9.466383560693908 









9.786684433012097 









10.060929750391562 









10.318344502353176 









10.394479166814383 









9.969076911506257 









8.9146071746261 









6.029919670150929 









5.507034462005683 









6.04096682992507 









7.045407233597083 









7.165103926574222 









7.226121295000804 









7.276782913411188 









7.175243157891091 









6.930284903586343 









7.242426082070321 









7.156851330957689 









7.186074201244134 









7.427009829608274 









7.540503485372655 









7.1849075522716745 









7.121170559058526 









7.027945608432755 









7.132681519034846 









7.215856990463758 









7.267864476494855 









7.140818475141968 









7.119502873309784 









7.32566860005264 









7.482141386790072 









7.1459865991121765 









7.245595398560476 









7.180690236927488 









7.315528262049112 









7.484329185985986 









7.090034181603698 









7.291102202265624 









7.420576352301232 









7.182754460983462 









7.2601856076355915 









7.220095158196673 









7.091594713608377 









7.357430016872325 









7.535079929407346 









7.240331092719257 









7.226802484155778 









7.231043168239706 









7.333383192063295 









7.323874330901844 









7.452020393894417 









7.36281620238359 









7.267189616385799 









7.328846170311024 









7.345528770276425 









6.994175134207538 









7.371192332745783 









7.317574293327713 









7.8324633925398235 









8.948094334356279 









9.238205828073804 









9.194421565744786 









9.811212796362426 









10.376489086665739 









10.725760235032935 









10.58108806590372 









10.966985576139862 









10.87446321255259 









10.936708722389898 









10.436402362094777 









10.769799569967015 









11.059159682926278 









11.258502846402274 









11.395428769994513 









11.326423548950403 









11.14862271124871 









10.912182938299916 









10.91259368812611 









10.9190333267467 









10.870148980841833 









10.912928886865197 









10.497060311864042 









9.892477199200364 









9.47962209239609 









8.896256768553041 









8.408567693959178 









7.765031484333786 









7.386941403051416 









7.3238974989978525 









7.206934344713944 









7.46751046232919 









7.447650696333274 









7.356659900385241 









6.97268751145558 









7.092171602599688 









6.985698454945577 









7.0484980127805095 









7.131531702052221 









7.0030601472323974 









7.217377859602852 









7.3421334629046635 









7.3938754079719935 









7.359280919276702 









7.730267235827622 









7.476210771926424 









7.193145718398719 









7.121902869904627 









7.254811643600777 









7.427955618483815 









7.420642049391609 









7.3532363161466225 









7.384851997944774 









7.260309073052831 









7.529662713859578 









7.161314256501195 









7.198544378176829 









7.136750143841744 









7.064350447792992 









7.306308772212713 









7.541832678721434 









7.387699410750915 









7.296596109207575 









7.156563507884464 









7.150666084353712 









7.187753974567045 









7.062112435948954 









7.151561782050846 









7.263153385372196 









7.238427151768583 









7.423518414742332 









7.9109952633773615 









9.197904037282273 









10.1122904070946 









10.271001222366671 









9.873926926577473 









9.725575541542671 









10.058404869332405 









10.250483792502358 









10.50270048322698 









10.542765027779788 









10.848977987947404 









10.794328119215843 









10.528809441604167 









10.212413687888382 









10.489687211840714 









10.56179098518138 









10.80397651346614 









10.547336712397067 









10.503828270578797 









10.504228496918289 









10.715486319472047 









11.01726691065477 









11.217075214624533 









10.890297291623833 









10.769552098508402 









10.225972336242304 









9.238815118360336 









6.06971169057482 









5.6466349237770785 









6.061116930382339 









7.143535530253001 









7.180213551489791 









7.074147971261975 









7.249934709595015 









7.068116638567576 









7.101933737871865 









6.937127198629579 









6.9548510775584695 









6.997512064983589 









7.11045220660913 









7.259579304921722 









7.362205616942047 









7.210599359019762 









7.204772879142167 









7.429648499159154 









7.365335312930202 









7.322937290226136 









7.448010847967722 









7.25768986498301 









6.915166622084059 









7.446509339201118 









7.467981656246954 









7.322166708563472 









7.100102915680703 









7.1611725838448255 









7.252852092644116 









7.204224229441749 









7.170060330272857 









7.101250960817727 









7.215606137184578 









7.113016113146925 









7.1497357962014245 









7.084923619457466 









7.037679302644124 









7.065532232638554 









6.963070656248189 









7.279052747246531 









7.145516290262791 









7.060021712383274 









7.218418917962032 









7.005450252461773 









7.059537910343738 









7.190805938149801 









6.8781527485333145 









7.129300781549605 









7.236097052025423 









7.190212398763654 









7.67728818691646 









7.948501086437975 









9.484543588166714 









10.151964777831683 









10.185423008366637 









10.5966361635718 









11.02817972942114 









10.607529739591547 









10.495720071033201 









10.697994853581717 









10.947732366848397 









11.124682136044342 









10.892759207939935 









10.884221794147773 









10.83932453192851 









11.184063170411846 









11.253375312186991 









11.27159482261872 









11.01655709845329 









10.379787495431843 









10.427730019449537 









10.596159729556256 









10.737578751933361 









11.078565935992088 









10.819982834203067 









10.595532391167735 









10.180317071670979 









9.889610704233956 









8.9557041948128 









8.190118040879495 









7.963581720107986 









7.819482495630857 









7.529659912285458 









7.532918564266344 









7.470594394697097 









7.622785450693959 









7.401127667311153 









7.279897174148479 









7.254967907911359 









7.184643844004734 









7.236864280025973 









7.336248074497648 









7.577827355343442 









7.396059575073812 









7.3858423426686635 









7.333182381045828 









7.393579255179719 









7.328281134653953 









7.262646340245484 









7.410493981505036 









7.438649194924359 









7.063579081064846 









7.261332127528985 









7.115071525511097 









7.16547592057473 









7.367004682872245 









7.473687790686705 









7.381170626440107 









7.226835825327839 









7.410597049337635 









7.3964541301535505 









7.109010185528623 









7.158488664172781 









6.92577315063303 









7.198837908571794 









7.26161564009535 









7.493719669435571 









7.325263931151062 









7.249800325571407 









7.231793350649256 









7.165050937341421 









7.273447458023471 









7.414975651158707 









8.09189746588782 









9.723229188062145 









10.215103918004205 









10.311670978621116 









10.333753979619246 









10.66257480310974 









10.665025064432978 









10.428566292164017 









9.84498495840499 









10.086661243246581 









10.742471999969329 









10.93960156915435 









11.61605272602245 









11.934259874775377 









11.692279039670806 









11.186398056128185 









11.34551414346566 









11.102536905175045 









10.80020368683119 









10.489240495362646 









10.131191680873187 









10.718466776696378 









11.12992246114875 









10.786726295803685 









10.40589497770934 









9.923801477655886 









8.843446839033195 









5.996545232212076 









5.645262598135105 









5.994015474754984 









6.841119063334075 









6.8978146084612195 









7.2145423629344085 









7.335259846391777 









7.193410158342729 









7.214577128340092 









7.2283923253877065 









7.433754406717972 









7.456728097616377 









7.215833417062271 









7.201333842656679 









7.1676537086162195 









7.018943068862493 









7.1763100422716715 









7.042254283358265 









7.079090501516686 









7.1756725768733025 









7.298518090611908 









7.391879448814039 









7.265721870017098 









7.281005829770139 









7.355066666412069 









7.3114296615264 









7.119610746705934 









7.241821420790493 









7.145640272498768 









7.101349289193196 









7.302234403692542 









7.452273901215187 









7.285048012470134 









7.339922020836546 









7.13103945110928 









7.2065657701383365 









7.207247624218001 









7.272795519704657 









7.361944207850809 









7.221412727736631 









7.154399956839859 









7.182837102766312 









7.296138525098636 









7.231169191412679 









7.278476207844057 









7.363590401135261 









7.170929273734674 









7.014905732990169 









7.118714775179483 









7.27601552387143 









7.100866889485141 









7.728649070799651 









9.357039561223177 









9.914445668165165 









9.395283216764533 









9.635675417879705 









9.879814897545232 









9.746798498089733 









10.19206194766968 









10.619023283984557 









10.473200003424232 









10.403619107144916 









9.972488387624916 









9.640262451291688 









9.87654764056925 









9.614450618406233 









10.24009008019062 









10.071250161348265 









9.758648952890093 









9.883525501316159 









9.781773820189716 









9.421035175000073 









9.469325226841528 









9.79934101215893 









9.812336259154831 









9.421850484189296 









9.097976765152616 









8.48639904760349 









8.137873306175935 









7.685096134336339 









7.57924801799463 









7.507156617280944 









7.479898722982953 









7.410170562943262 









7.248612427197771 









7.300535784420419 









7.291647558504634 









7.122496325346685 









7.112683493585466 









7.1358038600562645 









7.2428950732290405 









7.190676741143833 









7.187371849903181 









7.323459953440635 









7.2806162978374545 









6.996330910976368 









7.090302928438764 









7.033353186735945 









7.205671057436919 









7.334906460471888 









7.629848995968578 









7.359239268234122 









7.501097927266622 









7.26318296396254 









7.1979434693705855 









7.128351173921155 









7.336234807298063 









7.2399672807152635 









7.197569524678997 









7.229863028294076 









7.118172440722796 









7.32948013295846 









7.21308101346245 









6.820730569627995 









6.846802218008889 









6.974314473357078 









7.058944189965472 









7.06451096833405 









6.971571234736343 









7.077007331135785 









7.286708872001142 









7.300157376263211 









7.617520678083443 









8.055766491312445 









9.186742694159724 









9.801463596793198 









10.189419496191041 









10.227880377217668 









10.679559232551783 









10.768644097410894 









10.610832497586348 









10.269126447706372 









10.981941146465127 









11.408928286334246 









11.155909306671436 









11.045408114984271 









10.639046859133929 









10.666382220104218 









10.713513901692755 









9.972061245085145 









9.770269689072693 









9.843355430101008 









9.890896922127949 









10.285334587549018 









10.344415363574358 









10.08042865555996 









10.184789650455315 









9.819789915715887 









9.611064274369527 









8.452202646060153 









4.960716657524933 









5.848498507333896 









6.821126021558567 









7.059883469169023 









7.057095140138406 









7.266691886114067 









7.281287416379441 









7.299648884073948 









7.168723356527676 









