0.2 









0.32276038711992333 









0.09247475850301454 









0.07938889858014667 









0.07706332751449782 









0.08088282912379618 









0.07347886176991747 









0.07933473493360167 









0.07931139944053459 









0.07241617245411469 









0.07648893077388674 









0.07416412491708449 









0.0744369483781536 









0.07272300416388225 









0.07292597248996585 









0.06762041038357058 









0.065454446172551 









0.07560774909019488 









0.07643738780044576 









0.07097076909718991 









0.08034182390442014 









0.08859560108243106 









0.08636889068573 









0.0939638019545118 









0.10170105167882396 









0.1370551392735045 









0.1577413119707147 









0.15794192635054763 









0.15881192050440038 









0.1551943101516121 









0.14747615144859813 









0.14881269270755482 









0.14753498119162184 









0.1660952452550375 









0.18245510487115077 









0.1800241041121825 









0.17408603010819063 









0.19053667705891425 









0.1741175347457574 









0.20596251306031532 









0.20387266870607124 









0.2106735430655179 









0.2000086892830793 









0.20982651182282042 









0.2052273232384091 









0.23779358479602358 









0.24073180830067573 









0.25428308619272233 









0.24626942495742096 









0.22566041933772202 









0.22661391725764485 









0.24659595895620676 









0.23355280542428475 









0.24545870126005984 









0.2280548233548386 









0.2556342134870515 









0.25354737258989235 









0.29624694940848273 









0.2711218692331884 









0.3064967523326075 









0.29895107811921695 









0.2354436815936858 









0.10725124420368215 









0.09196593918440643 









0.0800637441076091 









0.08610008042683968 









0.08449539736575029 









0.07930837770793878 









0.07789450636366713 









0.07783438595978226 









0.07753546698318198 









0.07872773510524536 









0.07886550732016423 









0.0781694181774619 









0.07629537179161942 









0.0852582542704397 









0.07522100173980245 









0.07493966019475588 









0.0795732986084624 









0.07979869595327893 









0.07771411184335278 









0.07976052579048104 









0.07276254621002558 









0.0745392785934344 









0.08748501255670471 









0.08236625994541572 









0.08233114976735068 









0.07662561606435941 









0.07734408664117129 









0.07624580898908312 









0.08695714064669191 









0.08077642440607122 









0.07224837999918154 









0.08108062396079094 









0.08396457439837855 









0.08274820734784863 









0.08106820735601325 









0.07943239905378632 









0.08503039576704569 









0.087416944448977 









0.08343800546173748 









0.0801011561756512 









0.08210656013072545 









0.07927168630923664 









0.07694799970235358 









0.07549727588917074 









0.080681513594383 









0.07980663810684523 









0.07991400934186457 









0.08074326929958958 









0.07251125298407249 









0.07510293111991884 









0.07091170459419338 









0.07339279621278423 









0.07706966786281257 









0.07282980784523091 









0.07292550042344989 









0.09054422409752058 









0.07390639907225985 









0.08547317926502576 









0.0756521134696033 









0.08270494749009569 









0.07977277577264957 









0.07548191355207057 









0.08679714430244578 









0.08469385996540559 









0.08298531968783204 









0.08075659115620644 









0.07503809133511885 









0.0764992632481448 









0.07375556219235724 









0.08089734682769723 









0.07304919461613438 









0.07490497081836345 









0.08059405696119284 









0.08404314304171537 









0.08282479712331983 









0.0744784109456346 









0.08134365488016888 









0.07765040524275296 









0.08966465906288137 









0.0815456395346508 









0.08229979602299539 









0.07702415135660758 









0.08323931271724189 









0.07881158384957562 









0.07946788068521105 









0.08120084817124285 









0.07014804570197941 









0.08354076332659909 









0.08305448727959487 









0.08504890154804146 









0.07832948503769924 









0.08134303930035236 









0.07212627725312473 









0.08052156850911105 









0.07624084622081165 









0.0727686160081093 









0.07903910975358061 









0.08364859752612266 









0.08710930465490713 









0.07506146713721205 









0.07552990497172876 









0.07650825070291661 









0.07377077401587226 









0.06268686756130896 









0.08224562299785146 









0.08550752371939835 









0.08415082258536533 









0.07563802464199967 









0.07341546702462384 









0.08714798453932786 









0.08418110458349967 









0.08117443533653437 









0.07506391987273327 









0.07224341568769593 









0.08077625929956622 









0.08061202985742696 









0.08506773339114382 









0.08188257833047713 









0.08598528049238852 









0.09307139025411257 









0.08597394647815271 









0.0878292167721679 









0.08421874931102671 









0.07880649820207125 









0.07394448403082077 









0.07957286856070678 









0.08109913043510948 









0.07281801924193762 









0.07443190256058523 









0.08191762626141885 









0.08516233470507434 









0.08116899838928734 









0.07667271771304196 









0.07573972735943818 









0.08594016400408913 









0.08356303395614806 









0.08586433634278283 









0.08114846104424667 









0.08167189101216754 









0.08254828953920443 









0.07938140617198142 









0.08047207653879798 









0.08300791611295796 









0.07921411530643285 









0.0730878754021592 









0.07904499431814543 









0.08096121065461334 









0.07523516177207332 









0.08084767903734101 









0.08496632596565605 









0.08303226569904029 









0.07987242013959929 









0.08202298063966562 









0.07404896194569585 









0.08256942740296531 









0.07994557432482216 









0.09301230922216261 









0.0812695108588528 









0.07757263674299625 









0.08027084119104475 









0.08300181215385993 









0.07753505034149391 









0.0760724092857315 









0.08200903184203437 









0.08530424230987008 









0.08224731354407047 









0.07729563819793567 









0.07937881749897988 









0.07981015879383656 









0.07308095452639525 









0.08105875025019366 









0.0843213606779605 









0.07398559067889475 









0.08036207171285166 









0.08168369303572497 









0.07261709002410063 









0.08227683239276268 









0.07640168076797456 









0.07697696338170379 









0.07547130049034417 









0.08191941336088929 









0.07575186894445578 









0.07862984597080197 









0.07620545854803801 









0.08814518587082025 









0.07565902318723555 









0.07658031996811453 









0.07652536756520704 









0.08467243560821242 









0.07926498334486454 









0.08009825163261422 









0.08171423145783963 









0.08107559647544103 









0.08394224082440935 









0.0818721808762289 









0.08095826903929151 









0.07768981005217022 









0.08147399504066381 









0.0834423914321801 









0.07699427055157368 









0.08020423875268434 









0.08726743218106323 









0.08322576625384344 









0.08251727070851095 









0.07464915099125233 









0.07818365876220645 









0.07617410802614777 









0.07577799048692796 









0.0717784903008442 









0.0791400490181726 









0.07987453248226932 









0.0768247991566205 









0.07935305343903551 









0.08427450611347395 









0.08609705706647014 









0.0766617594534447 









0.08235949611071199 









0.07928579318523296 









0.08213330029966937 









0.07801240787164265 









0.08601133981430248 









0.08228927544873975 









0.08718740770411391 









0.08557154510099378 









0.08332154521455092 









0.08293508911648041 









0.08397770458799499 









0.07491020596858822 









0.07502453670583333 









0.07714003672601732 









0.07634363665806009 









0.08081077780067777 









0.07545901124553425 









0.08274756791297833 









0.08097055098940534 









0.08441001120702807 









0.08625340428012361 









0.08103448156639778 









0.08028383338089766 









0.07681515041527445 









0.07068964743126663 









0.07337956511245741 









0.07391720188390118 









0.08270801966578899 









0.08844708197570383 









0.09081416914112678 









0.07784774109387618 









0.07751114356463239 









0.07736475231089643 









0.07927045371127237 









0.07503416629876453 









0.07776455194359888 









0.07190382224735585 









0.07581609553300497 









0.08600292105617542 









0.08724273362926523 









0.08479031148674776 









0.08422380065513015 









0.07772307856108016 









0.07635874277883872 









0.07780623488126015 









0.090005440711735 









0.08603066136246787 









0.08440038829531571 









0.08266830812548631 









0.07622162476654293 









0.07844211415247855 









0.07954971401441571 









0.07747628601297732 









0.08136699859860441 









0.0863365536815233 









0.0799143364216694 









0.07814567565327461 









0.0760442443518817 









0.07461875634642987 









0.06956996126453022 









0.08069340393585242 









0.07656369992412146 









0.07783731892605855 









0.07817339732929376 









0.08148515300524489 









0.07536491957345948 









0.07732676385362441 









0.08411051404744857 









0.08424414727052792 









0.07964874211479245 









0.08188251443059621 









0.0794662191228295 









0.07918854946676303 









0.07522373785084843 









0.08107426727646945 









0.08482081354831109 









0.0817778950337895 









0.08086687577393548 









0.08401299796572728 









0.07978408922475723 









0.07653326781691384 









0.08367928489220117 









0.08807831868693128 









0.07570842725598753 









0.08531298150453678 









0.07834321237902697 









0.0761399553859689 









0.08367562693852265 









0.08174497604989184 









0.0896630474533352 









0.08637335345303675 









0.08805761396020381 









0.08252154663488837 









0.08547890511257504 









0.08355076168552826 









0.07532954252275556 









0.08276755223311084 









0.07935024280304753 









0.0777611636271325 









0.08987639439013215 









0.07923395162493349 









0.07779522427726132 









0.07683826441544983 









0.0905956200404415 









0.0955254414313734 









0.08250985497074925 









0.07554427399970454 









0.06829325018860144 









0.053561942767049175 









0.04810266812336883 









0.05405943455843808 









0.05374590603744545 









0.04594647545297874 









0.049906401463455444 









0.05157109115108523 









0.047611397369333966 









0.04798828606665605 









0.051370167998958785 









0.051895703111695377 









0.049462842229266585 









0.05361036099643032 









0.050664940754474766 









0.05498966268455423 









0.0487682751866339 









0.052067426661646356 









0.053304168209094525 









0.049641132013722 









0.052186781230050126 









0.05204619895198122 









0.050720934207258386 









0.05181961926924147 









0.062138223461546155 









0.05522359454301109 









0.05617265304129222 









0.05283410308667886 









0.056618270070852676 









0.05772016384374666 









0.054473979075185044 









0.05520016468754228 









0.05224125452278755 









0.05091690778226876 









0.054022511085671965 









0.05135386636195603 









0.05503608570650502 









0.0501530244507926 









0.0459404950266024 









0.04977257648689878 









0.052046907925028904 









0.0507864670322519 









0.0541877323944018 









0.05237859298987714 









0.0493963945225622 









0.04823498280766998 









0.05262194089635125 









0.05348715969175029 









0.05091863982118869 









0.053936939814970074 









0.051438368975321766 









0.05208935893657522 









0.04965557470224641 









0.04728230241572552 









0.04975296791344827 









0.0515185336930129 









0.05433394903039474 









0.0474891121684676 









0.05044692872245545 









0.053420721047525856 









0.056629021710051075 









0.054166932238969116 









0.054413617191376905 









0.051872093616565765 









0.05755468816772363 









0.050997633893561024 









0.05411437239822593 









0.05575753870273928 









0.05590557298904655 









0.056873942215785 









0.057326375542657376 









0.05527536115889346 









0.05230051058870411 









0.0531001922426462 









0.053642014295330956 









0.05214527080319633 









0.05662010187560324 









0.06380829417511077 









0.06313882132531796 









0.06769939070640957 









0.07027965176825046 









0.07228106074985444 









0.06623203369295169 









0.0712414890986448 









0.07912059413045952 









0.07843021873037641 









0.08136018114535237 









0.08173094638226194 









0.08291746155553548 









0.08241309999802181 









0.08007110060320198 









0.07989616237653202 









0.08369607877248411 









0.08737429766854013 









0.09127825211728025 









0.090271053084627 









0.09488633481923012 









0.08701731760780329 









0.08363093040941236 









0.0921414152164294 









0.0894019020790788 









0.08517041861863353 









0.08584300917064064 









0.08579999108447597 









0.09535612168502267 









0.08581722740903637 









0.08686349644437265 









0.08627517715690369 









0.08657507745599938 









0.08966022161276488 









0.08943367637457562 









0.08355108189536067 









0.09078455991570492 









0.09878521502200743 









0.08877319647542999 









0.07797122263015545 









0.06645544647816179 









0.051464419189800194 









0.048380933428494595 









0.051828431867461715 









0.04790837431239412 









0.05403584408376072 









0.06298230030273835 









0.06795799343851223 









0.06508197169332539 









0.06995973320652739 









0.06077757194303568 









0.06827860807226652 









0.0654561677225004 









0.06961613724559262 









0.07570432238370566 









0.07111781250470131 









0.06409973088319551 









0.07322439594927099 









0.07793436344116704 









0.07551941972101404 









0.06951925005572505 









0.0682229846210467 









0.06372589035053354 









0.07203266002863488 









0.06834967244824594 









0.06919861940489205 









0.06669407192424318 









0.06161381200394542 









0.06593746961568775 









0.06727011655520962 









0.07476174579941258 









0.07530029862888041 









0.06778342719037159 









0.07012284395280657 









0.06173027439718713 









0.06569259470521739 









0.07486637607371782 









0.07119626833404573 









0.07062374767221852 









0.07233236771363089 









0.07089037364188433 









0.06429990431404417 









0.0635460965964355 









0.06840871499717373 









0.0688033577940868 









0.06902678674366886 









0.0659705193494791 









0.06880592773555771 









0.06922699353203467 









0.07314697705652128 









0.07110337733334367 









0.07127585222550234 









0.0755907128932414 









0.07408759828428173 









0.0737184148311857 









0.06799928296428609 









0.06720696782385316 









0.06851715857736002 









0.07106606390710886 









0.07306328652950668 









0.0683714180771435 









0.06828293904737681 









0.06830085529470811 









0.07516152607590554 









0.07513228477608994 









0.06790441366392255 









0.06878159253282477 









0.07073702781665014 









0.0745678084321165 









0.06811360786809309 









0.07606617276400049 









0.07069375042582302 









0.07413967939237842 









0.07607539425606097 









0.07494807698406447 









0.06579633202220629 









0.07042757467179558 









0.06988869749211965 









0.07232689649186747 









0.06794168847398313 









0.0706620440429181 









0.0686364046829763 









0.06771649380016223 









0.07066801706599196 









0.07267816938331703 









0.07381694822590454 









0.07484077679846947 









0.0706618412456517 









0.07211044507537555 









0.07186386926440892 









0.06873220724999075 









0.06326958764443685 









0.06604237838508796 









0.07667038652819759 









0.07001476570134949 









0.06811043355329485 









0.06891204047238988 









0.0744886358850852 









0.07207007670184254 









0.06564517095932199 









0.07100721041420943 









0.0640962791963417 









0.07125206486572169 









0.06664726117853689 









0.07362263410566423 









0.07250707404316295 









0.07634437800141164 









0.06608382727512516 









0.06627064582124806 









0.0723454897387461 









0.0736732538558878 









0.07422805981638167 









0.08053242598565943 









0.07252870300870329 









0.06956810936394205 









0.07188371241400884 









0.07255727178715796 









0.07044794730966791 









0.07076116900181773 









0.06609393787047226 









0.0683942677291273 









0.067954402611134 









0.07359718511369948 









0.07201072262877228 









0.07431936504239794 









0.07290987667401908 









0.07563649755826023 









0.07320493178781359 









0.07321571017982564 









0.06925302262004193 









0.07310579423467173 









0.07103834492785123 









0.07145417188278856 









0.0742863476389479 









0.0682040299967497 









0.07007195732007092 









0.06851151283813231 









0.060918492148566025 









0.06673390156552574 









0.06475259983582721 









0.0796008900962519 









0.06468822685306419 









0.0695426576553469 









0.08214258649038172 









0.0716647256943021 









0.0634313737286962 









0.07261043373331286 









0.07524591387785695 









0.07393700625707963 









0.07307467820327308 









0.06503697441293613 









0.06703924001099718 









0.07676120995163477 









0.07423753264187488 









0.06621650295109524 









0.07526494016359636 









0.06746895399780707 









0.06595521267135593 









0.0690408893096405 









0.07429522788490364 









0.07312176165993678 









0.06639136995470427 









0.06612486036246591 









0.07733826525478518 









0.06568720822054186 









0.07166957703885263 









0.0724393128960828 









0.0704934764617083 









0.07644617873196528 









0.07492642264831194 









0.06928836209644904 









0.07283165251404689 









0.07587022428115198 









0.06768555043944674 









0.06787228347776435 









0.06279129343335026 









0.07314519736608266 









0.07358285645812765 









0.06751470288971034 









0.06530225969335901 









0.06939003970902208 









0.07321141405958247 









0.07318227691155454 









0.07165381040553134 









0.0705417894823959 









0.07169187559675498 









0.07085774202661035 









0.06713712637554577 









0.07030480546890072 









0.0652292616460447 









0.06470618528795745 









0.07143515533908404 









0.0757189760016162 









0.07181587894602243 









0.07547112908846776 









0.07341254686281351 









0.0730210328333401 









0.06898222048915661 









0.06850713697645769 









0.06687565616063132 









0.07054703398012345 









0.07704582601971496 









0.07426921302767847 









0.07548539298085649 









0.06777713999151674 









0.06555482994713976 









0.07207049057856005 









0.07496045561549045 









0.06920950274809379 









0.07318322675012363 









0.07670911645611231 









0.0724497459821841 









0.06992850870528663 









0.07255361441465435 









0.07369622149863247 









0.07148265592652522 









0.07340626533182754 









0.06663671085043113 









0.0747786037975178 









0.07060993332980421 









0.06844286763691877 









0.06704231744550908 









0.06290555413065642 









0.06546675340624647 









0.06427050945377089 









0.06306626723107234 









0.07020917553911862 









0.07143721728845248 









0.07063261559120104 









0.074146070390034 









0.0731537521985504 









0.06828524047073517 









0.07236567602681249 









0.06772672306644054 









0.0764606644735796 









0.07454322935987032 









0.06707253953581438 









0.06647376447767586 









0.06667603384733797 









0.0744951656425899 









0.062334502902703134 









0.06847922881187984 









0.07216983062916242 









0.0665050400287558 









0.07109371120522057 









0.07124883621142936 









0.06818966630330082 









0.0723326204903608 









0.07231731564533089 









0.06947580340333093 









0.0784050472892992 









0.07180652658494288 









0.0710059786078765 









0.07429815176215113 









0.07321655754736256 









0.07292760325631685 









0.0702808623605265 









0.07120972381445181 









0.06854971886000055 









0.07617776298398601 









0.0724072917702565 









0.07110916616427643 









0.07367149278726336 









0.0680860949039971 









0.06931494664289972 









0.06624861723217676 









0.07496795500641702 









0.0724957300731732 









0.06641692403566443 









0.06775198574162695 









0.06942278599418514 









0.06706258666423312 









0.07169561244225028 









0.07559070274536767 









0.06861340062344846 









0.07479205007744352 









0.07201118161139136 









0.070657833196597 









0.07656530702925064 









0.07819917974758568 









0.07708220367685312 









0.07631228777176016 









0.07039792880800624 









0.07148499192380763 









0.06533408782904948 









0.06677563156973783 









0.07395108407355216 









0.07282378296418246 









0.07153550635379369 









0.07260881466510546 









0.06865494237083572 









0.06993786564580598 









0.0684753090483831 









0.07337331939262307 









0.07474303904774576 









0.07132039253612027 









0.07538697227782598 









0.07449316310885422 









0.06854985995307089 









0.06415269007334537 









0.07300392885297144 









0.06925916260255327 









0.07077098935253105 









0.07105166725029105 









0.07032366262215396 









0.07358543727972469 









0.07173627200026578 









0.07533507153412866 









0.06504423054752434 









0.06557312853920293 









0.06964877055449845 









0.07203078702021234 









0.06663553448762041 









0.06731031946815058 









0.06585080463177477 









0.06579186919785063 









0.07602810969521992 









0.0700002663275616 









0.06616158671605026 









0.0730992141205889 









0.07379274295842389 









0.0771491477658596 









0