0.15 









5.665650797254812 









6.81911171706027 









7.167983585166432 









7.352851150400715 









7.32595053834307 









7.33601055829095 









7.224984144656537 









7.174732356688882 









7.178692455995656 









7.264058301699415 









7.393989184751291 









7.306562078214021 









7.367579171581647 









7.548388053958042 









7.521529279538536 









7.4776583830662275 









7.356299815635815 









7.228501909766361 









7.281092753864446 









7.131034331757257 









7.174336635319741 









7.522156715432377 









7.275576815094953 









7.377406779601708 









6.984682074660372 









7.290074082040062 









7.208251648351696 









7.260548367703205 









7.163245299447635 









7.373210985931199 









7.2415492318676495 









7.3167483450783175 









7.253991167549181 









7.091525855994891 









7.043508222103088 









7.086391450800204 









7.200767195834192 









7.158284405756643 









7.0885620810306404 









7.04069625716693 









7.286055893782769 









7.082665652502464 









7.075287638509239 









7.194683076185422 









7.093969774553966 









7.140071230650222 









7.2717353177233255 









7.190078655213434 









7.1842911714087885 









7.302129866506518 









6.989269467896271 









7.129124452102446 









7.242029041340046 









7.138475182597666 









7.122013566264724 









7.107565967766416 









6.893823288057919 









7.155149068430558 









7.210944925250563 









7.19878426020657 









7.0874093469534545 









7.333977151339206 









7.348668312499455 









7.385318393548583 









7.335135231165543 









7.292784265347911 









7.438173999717841 









7.444306227459401 









7.545141755213251 









7.59792741111131 









7.55399713257984 









7.436066801678824 









7.527274073339794 









7.4222146163097955 









7.4349689380005595 









7.471599887447094 









7.411104754574781 









7.510399026974102 









7.51761899996699 









7.49270599355232 









7.57996591172864 









7.582671901983234 









7.404788442373231 









7.244237093420312 









7.215545343284221 









7.708527162535839 









7.799949371905516 









7.458812337109187 









7.5666011545722425 









7.498109939569277 









7.3748572974163356 









7.567356430872062 









7.413976860162565 









7.363081019627089 









7.311360338134344 









7.493059125423136 









7.526479157781636 









7.2318085306890305 









7.170827253969965 









7.416246261459429 









7.419258390395622 









7.45436211303463 









7.575151428709828 









7.416116890161669 









7.770998017947704 









7.553758137022395 









7.5888743046870895 









7.61255498398985 









7.629998270411414 









7.671279013980558 









8.056289074075579 









7.763238915755108 









7.546345279787332 









7.605050676930842 









7.764071314719458 









7.591522346473474 









7.316572789003822 









7.433539587559474 









7.317745415416756 









7.390008195272945 









7.442918799703499 









7.393008363530783 









7.5959885240290115 









7.206258373230573 









7.247712182523868 









7.575097664594039 









7.287436840233296 









7.359254130489904 









7.635100911619488 









7.3662274236826395 









7.514323316002522 









7.6467069306227495 









7.339148251988437 









7.455106685260867 









7.76989352809001 









7.564858566946723 









7.337393939974318 









7.401045287067327 









7.5646395337031445 









7.532039357698557 









7.542699155952342 









7.649221244385079 









7.384765192962632 









7.3749058418534785 









7.512062568179423 









7.449295843983935 









7.536625494489057 









7.553754180871097 









7.329059635896907 









7.400683207249981 









7.43753316449434 









7.503057300413872 









7.549709744988187 









7.513176151012845 









7.537539912958152 









7.797567792858439 









7.732973576807638 









7.432888813652619 









7.4551311955296535 









7.2963004387859085 









7.508692885283254 









7.532129946421755 









7.620820304280694 









7.9578174581171846 









7.996959126091564 









7.36469052118486 









7.033048973257647 









7.3746030273383845 









7.519482715294642 









7.492603833778298 









7.054433926326734 









7.268887466725493 









7.418723187159799 









7.453897933045401 









7.428918377059796 









7.515445482907082 









7.2756121201773345 









7.377326933150584 









7.421212868167838 









7.192766726567884 









7.246882422905488 









7.251220987581023 









7.493677289404455 









7.406236739422052 









7.4469484264884205 









7.6127087429152045 









7.327318890068023 









7.371888274181723 









7.508926145600871 









7.624815696186629 









7.27894939032094 









7.273266485299994 









7.462981340875378 









7.610455550359743 









7.568760470792049 









7.370476712485468 









7.295515862287525 









7.443517515524938 









7.560201619912574 









7.674477127186256 









7.411577614078627 









7.395670577471117 









7.425952984139985 









7.5711116002222045 









7.764964153264255 









7.55003741137728 









7.378144906747669 









7.313922997680905 









7.653293048100931 









7.3490358127723745 









7.318814147957637 









7.269081391011424 









7.29249514099665 









7.2655552595636745 









7.453797250071904 









7.611705412407916 









7.311408021817469 









7.070836728445905 









7.647526021316491 









7.74756649148848 









7.493702237364593 









7.408517920219776 









7.5662917887234515 









7.482651525748047 









7.432752720786668 









7.43206714414235 









7.294246927555525 









7.431213527182085 









7.434191200279054 









7.5257971657843745 









7.679036565851742 









7.347174590210685 









7.488235248501283 









7.417036027298789 









7.4796330754089215 









7.611393790766932 









7.455074151335739 









7.472381547492618 









7.322490531096234 









7.457474430524206 









7.6217794076005125 









7.574476729051546 









7.527717091634681 









7.397378916164479 









7.417868914110762 









7.340900628465642 









7.472382009971502 









7.75347051699705 









7.5002885777038175 









7.4746945094767065 









7.337732535248722 









7.25051318462147 









7.561612548451134 









7.439326020195939 









7.365150287428231 









7.666154018515239 









7.399996477397284 









7.5392278090589295 









7.512450438992196 









7.388284588119295 









7.418711675282038 









7.52892415556011 









7.259606893460628 









7.225340676129544 









7.562916589619741 









7.620458098018003 









7.482027383545756 









7.653867501970471 









7.8500488634156085 









7.625765741216206 









7.465945039963209 









7.4238088584150255 









7.673706963565562 









7.555404593434629 









7.424028841541795 









7.415642701191288 









7.4043784348907336 









7.374086824267414 









7.49329819865314 









7.4459130399345 









7.5076470381863 









7.319354685710079 









7.504011840822809 









7.426643271004189 









7.355716010489827 









7.304537178655948 









7.351096513545971 









7.386212837654761 









7.551523318082762 









7.509174235430312 









7.41818906117916 









7.468331227813509 









7.475858846926814 









7.525268974898052 









7.457147203131245 









7.398483022684688 









7.335523459315407 









7.509419343488417 









7.4226114161128525 









7.516363222813259 









7.817741669024429 









7.767537324142684 









7.55393120360384 









7.333614953989469 









7.186028940698041 









7.181226339440587 









7.167584932831348 









7.564952040244561 









7.611857990793075 









7.369348628223937 









7.360322042490061 









7.7734043148155205 









7.672863608389005 









7.754380392344549 









7.478625683268953 









7.352332795557045 









7.1344726319972 









7.3999795577808145 









7.4615319672340625 









7.795413985237933 









7.432186980753947 









7.323805960571219 









7.294501459961133 









7.392886595668984 









7.2383896117327655 









7.286398523249507 









7.638966215733584 









7.705467207118112 









7.5347913677809295 









7.32533759067114 









7.326877322741083 









7.546328992701633 









7.557886507910836 









7.611163284517919 









7.630242514744143 









7.628267219363991 









7.6741316467227465 









7.743565757404626 









7.765384855027356 









7.528384425483169 









7.561532939049981 









7.625018423465163 









7.600444936235005 









7.455317276622618 









7.459351783297605 









7.384789126023231 









7.290959960096708 









7.369607269364302 









7.395884238462405 









7.412640492274549 









7.570527126562362 









7.344900542910439 









7.256150926780817 









7.648373758491593 









7.5709197536398545 









7.4728133963777195 









7.33907967559097 









7.427651826572678 









7.297603376602056 









7.265846138233016 









7.443147119857778 









7.6259141000968995 









7.599384644358338 









7.487780698049672 









7.42955999876023 









7.284957396202081 









7.229460934099286 









7.076262667387762 









7.332335553629175 









7.331071709215721 









7.490872137810372 









7.338637124193512 









7.298694530523388 









7.34070975283938 









7.558885165374619 









7.430085916511138 









7.25152848525375 









7.256782649630945 









7.460470753691017 









7.487941856848788 









7.273377077385391 









7.228829574272652 









7.502830973920058 









7.7688299663735965 









8.651458348091172 









9.464838070330892 









9.795094561679226 









9.437491967903116 









9.95971496571355 









10.333068979559828 









10.244946272978689 









10.451563649336347 









10.558890258824423 









10.869907394435518 









10.631142559316384 









10.220667860832437 









9.919805991456327 









9.60457293894364 









9.70620726902461 









9.840012595606582 









10.120968423535802 









10.065160213494405 









9.665907999619781 









9.930404001217477 









10.15715910015807 









10.20815543880496 









10.05093705114428 









9.382021825649007 









9.264200358351086 









9.58260912903757 









9.516615137739365 









9.51719602467089 









9.143631518660557 









9.033405660119755 









9.609779227004998 









9.85654112387185 









9.501006903125637 









10.228400463289184 









9.835115190886535 









9.68751801663339 









9.748239666080853 









10.471025317766404 









10.419833445350285 









10.050314331714107 









9.961167072359343 









9.704629182157127 









9.984695090499347 









10.214287886201733 









10.083006596216363 









10.115702109523045 









10.020842000777765 









9.643705518726014 









9.53179661893332 









9.647405609029496 









9.706841152340969 









9.581561835928397 









9.768055837365601 









10.106484636188414 









10.092901300713347 









9.932163382788657 









9.849569565731134 









9.873861595079754 









9.779174128524758 









9.575727494173753 









9.414622521835543 









9.533729359411995 









9.631545564435381 









9.657793714095403 









9.485462803175276 









9.515789212155878 









9.535855861534664 









9.51663104627902 









9.536261021467222 









9.414471312245318 









9.515939851613725 









9.39253633036154 









9.538651000830974 









9.654736932404782 









9.663763381190192 









9.301183042656222 









9.55800541727578 









9.534996784430547 









9.653795491031197 









9.680648000659588 









9.836059684156268 









9.720830356051561 









9.608681105109895 









9.305178078486138 









9.30736240847364 









9.340787068356844 









9.331907386956948 









9.484382043895762 









9.60368226058937 









9.483519984948625 









9.522050199636762 









9.504823772972395 









9.39340608513348 









9.55555697416828 









9.535464080331785 









9.471447858098712 









9.440972292639787 









9.578440901566118 









9.809141260695688 









9.484577907934803 









9.509962560414767 









9.63524173664947 









9.76090392946987 









9.503090125016318 









9.355669925969105 









9.490728133009446 









9.576851170668624 









9.517448499632724 









9.43388459719921 









9.57598650644768 









9.323016399410033 









9.391170759291219 









9.28387318347081 









9.275957911495597 









9.55473661907988 









9.704456318313182 









9.591009319722575 









9.54317630174507 









9.630563522168261 









9.449556091937904 









9.423223185193336 









8.59084360300257 









8.194810812698735 









7.8731576953612485 









7.791989937397396 









7.52186505129642 









7.770521476379939 









7.720856344434534 









7.660707140794841 









7.6611900835024205 









7.5120256480868095 









7.6110136765233 









7.703708887295017 









7.4407716353094795 









7.213449465816086 









7.4866312749871575 









7.706474993889763 









7.94085858803252 









7.709139981850005 









7.64126372987375 









7.769451470211592 









7.732306041779289 









7.865098991139403 









7.696637265387018 









7.538348169035498 









7.6316397450302205 









7.462497253028501 









7.424628098277441 









7.775486034093447 









7.68718698105198 









7.748362674902861 









7.854765145582986 









7.5889590126803705 









7.713256965682067 









7.474639193350204 









7.560136801195041 









7.786609196584944 









7.8001678633325655 









7.843765496625814 









7.721544849241633 









7.667911561890696 









7.7432996036666735 









7.867677042353704 









7.702762233200744 









7.582863272469318 









7.54633209390383 









7.477054669792964 









7.47237003827983 









7.48974671021979 









7.560298752421151 









7.629423502232886 









7.584076961544128 









7.670215054858794 









7.283155530698725 









7.474953157423007 









7.444670993295912 









7.577916201970799 









7.616185136632071 









7.596572431296445 









7.571843188660142 









7.5344960237814345 









7.673795310896005 









7.607083310315099 









7.492862817158479 









7.597497241884046 









7.520643659029847 









7.5123828949855564 









7.56825038888115 









7.400574283925043 









7.240526341025384 









7.624317933624255 









7.644611374360391 









7.531740409302611 









7.5336202661018365 









7.3978947421168435 









7.439564312065355 









7.547152865241908 









7.835865139211514 









7.660080857754955 









7.658293666643068 









7.377867564162557 









7.486625975127957 









7.174770479372778 









7.361476466191334 









7.753703474824086 









7.556269228775348 









7.730692161329454 









7.92612620386346 









7.534429843657178 









7.386048638985274 









7.525138318685578 









7.606657986533256 









7.401291572706591 









7.472132778417408 









7.786136768170007 









7.694983868614574 









7.788764800925903 









7.693550015264756 









7.596894471371371 









7.407055577352636 









7.433733506212778 









7.573857619773338 









7.4016998722904095 









7.666187947038978 









7.833943191896543 









7.6011595762403585 









7.598406778197313 









7.494269367158257 









7.239006050185222 









7.484961329559862 









7.337447541130169 









7.517572142355838 









7.564529360814325 









7.883522013903841 









8.005943847027936 









8.002879979188036 









7.883614998138317 









7.6097377644916975 









7.62775568724375 









7.644209898505871 









7.429264514478162 









7.362055769551123 









7.578864992958498 









7.572096111835633 









7.762967692382807 









7.616872018701927 









7.416174956195284 









7.504794955182085 









7.6106966888075105 









7.609196105190052 









7.701907319546409 









7.636305335318764 









7.806462643233259 









7.7755660496266295 









7.810671440798099 









7.574580274475985 









7.511519724723743 









7.675466207083954 









7.5303458582665765 









7.2592676353803105 









7.5397508423967565 









7.659303010044149 









7.406891694097296 









7.598986603720178 









7.4946118713051355 









7.525214304678515 









7.489151773188688 









7.497279364988909 









7.490247362715043 









7.6353257214473045 









7.6125320068461875 









7.594318537905173 









7.664971819113734 









7.682048378883703 









7.568049300192267 









7.337998117586771 









7.438789239625801 









7.66161363319946 









7.600728537164659 









7.675552957015979 









7.688958104890043 









7.288228807742835 









7.660258792530243 









7.411344245628959 









7.285598397597127 









7.5010401023646525 









7.645812904784051 









7.695711806927222 









7.430204783423395 









7.745087619500167 









7.923304029545207 









7.87495570045473 









7.531278325975438 









7.703693229258771 









7.901419667271903 









7.752627797493403 









7.65755238488881 









7.618030449017619 









7.505508196141983 









7.477663954274263 









7.518763673042727 









7.560032394766973 









7.644734967035908 









7.797130346652567 









7.665955711272264 









7.917627380114785 









7.8166048837647395 









7.493452075920284 









7.582717651877048 









7.484397748285532 









7.31435782306835 









7.462272526512853 









7.457825320858083 









7.56698707901786 









7.653768350392248 









7.538052273546595 









7.50611513215919 









7.351888053910215 









7.531907171039323 









7.5176915421821 









7.857484264330409 









7.787551235533242 









7.659406712926799 









7.551781660468469 









7.69986548302944 









7.535549852750892 









7.273476282289538 









7.145053418653713 









7.359842221178283 









7.20456411196753 









7.261797598230279 









7.529135775222033 









7.517873281716789 









7.591173981175461 









7.488612505555802 









7.539006425034801 









7.604785505185595 









7.75549869428418 









7.857324679587128 









7.8456789646604825 









7.834716332569224 









7.675800005109538 









7.612421688943737 









7.456312154059199 









7.765119009438372 









7.607749419096558 









7.56996669547