0.7380000000000005 









7.446204626151309 









4.544026577233869 









4.005126761505304 









4.0226783939258475 









4.035452730894773 









4.048331490685084 









4.03344105962266 









3.954262445756662 









3.974941836437137 









4.065769981421697 









4.211582419898072 









4.241885986858146 









3.9097586596161005 









3.6612481830082277 









3.526383355531133 









3.637728912008354 









3.6463120462553977 









3.515841791950127 









3.671088450692078 









3.5716273990379994 









3.2510539506990384 









3.23131408521076 









3.4625946573784017 









3.523155451439151 









3.6176078052333693 









3.5997839806488967 









3.4769708607890033 









3.240317646793541 









3.2504904151668823 









3.1113165199634345 









3.3283890576254 









3.48842138798855 









3.484903682381205 









3.54779037897073 









3.8248265719924865 









3.590269751061946 









3.506093918826895 









3.5952111960966753 









3.7485407363186978 









3.8853086764486315 









3.9953703993712257 









3.9858374740835147 









4.019818007411771 









3.969040417887476 









3.9538649099140595 









3.8820475991289896 









3.921174660279253 









3.9480306579206066 









3.992869439959075 









4.062806845641053 









4.0040767523704766 









3.9367378725561974 









4.019174306758951 









4.027163370408377 









3.998739032555711 









4.024092933010875 









3.950224362565498 









3.9562544675096816 









3.9348594945913464 









3.949097621185194 









3.987991780171011 









3.996495529212966 









4.000313373038084 









4.02952691918481 









3.956543872534384 









3.9531459916375082 









3.9241170185433325 









4.00776258619807 









3.944653293545891 









3.954325099800516 









3.9269015660202062 









3.9689338941382952 









3.9907055444266666 









4.003187758845717 









3.979501362441357 









3.9618771819054515 









3.9496175114939205 









3.970568521255481 









3.958468707141 









4.011095899464505 









3.953996352409408 









3.9669933975089076 









3.9271178190829663 









3.9562249536059526 









4.085889086564945 









4.172847942886715 









3.7235696245926717 









3.527986366978855 









3.547788893122872 









3.5697056518679893 









3.6552940804956577 









3.605518663515349 









3.4265994432806672 









3.4531879435316615 









3.463116951991006 









3.3176849182288684 









3.1489445952007147 









3.1816251891177316 









3.38630183461223 









3.1781164054140647 









2.926627367636753 









2.890807249186453 









2.839406845389334 









3.102908188627692 









3.530844595344208 









3.557579168886236 









3.537806021579037 









3.4474468578636674 









3.762715498201332 









3.646690343374428 









3.458845482505734 









3.5856431069080705 









3.725534181548974 









3.9038080897911622 









3.9590562421169664 









3.9860980791289498 









3.9629818875996374 









3.9743696995774087 









3.8704617257591094 









3.9811663389985488 









3.9976546768467154 









3.951650686048078 









3.9358367056571195 









3.9648960857445057 









3.973878573591201 









3.940857019740659 









3.9293157183093235 









3.9379027459969955 









3.8921499026421316 









3.9366320531331924 









3.983237968494011 









3.964046999828151 









3.9709544805316614 









3.9901633223195585 









3.9104224347442313 









3.8783519833109015 









4.018484966219487 









4.061557513225833 









3.95939999579044 









3.938819648172308 









3.9800378840109896 









3.980837833041701 









4.056336452553621 









4.055226113275545 









3.9774230741274494 









3.98462346518655 









3.962268863669143 









4.016972002009461 









4.088730522765815 









3.997581807530688 









4.004528713202192 









3.9767221713706595 









3.950012917820496 









3.9584419061596443 









3.9858798817787964 









3.94059912699998 









3.920740565759494 









3.9071807391239965 









3.958109017203621 









3.901325708289217 









3.8933557586736978 









3.942234942471952 









3.9424168441222447 









3.910544111183113 









3.914665665214436 









3.922330025300572 









3.9612318422504096 









3.973688530021119 









4.074314959639112 









4.172455524006031 









3.7234347644270107 









3.616974947964429 









3.7332372921526864 









3.6738741710702163 









3.5496746835177215 









3.5480270254408737 









3.5323740581865137 









3.1467871063346244 









3.1562411648584807 









3.262058273797776 









3.1841979762694033 









3.0400927997880767 









3.0164849632805004 









2.6763955813212608 









2.7470666214564847 









2.996009986778768 









3.12768804600168 









2.9669613432262305 









3.2347562316974345 









3.433910635046633 









3.3540418288149687 









3.4992057503840948 









3.8909047159403825 









3.423975768255241 









3.432292371600079 









3.655129966181232 









3.6708693358811924 









3.8298321084665505 









3.8554098722053087 









3.854411085906381 









3.850959396108121 









3.9899490568990914 









3.987004246445291 









4.0064885240481685 









3.9659649359739997 









4.022525704693334 









3.9942628713145916 









3.9215727645658434 









3.9205239991238257 









3.921949419005198 









3.980344937241441 









3.968415068212959 









3.9158448746671084 









3.9265230221333205 









3.9959764221776886 









3.9218679253273265 









3.9511618879553256 









3.930415210922992 









3.9556840556888595 









3.949261541093295 









3.9597052700214617 









3.9147160338998517 









3.9926069326244544 









3.93235525666146 









3.9499388197077505 









4.0129097646218845 









4.046472138893081 









3.9504654567352566 









3.9473946834249367 









3.958779886704119 









3.916628321069853 









3.9708635810805273 









3.9774226505155172 









3.933314862556715 









3.945793281987364 









3.9660411990633255 









3.992850686713813 









3.9958325002777713 









3.972324485550834 









3.9607666611439525 









3.9998567830055967 









3.964821634733715 









4.055577498763084 









4.189481900027524 









3.8259866340430375 









3.7737122228960245 









3.703317864080806 









3.729136224713552 









3.583857490373681 









3.4519747489753643 









3.3210643217167206 









3.364923094431445 









3.401869797402421 









3.3349474340953025 









3.4710097407279417 









3.8047550311956764 









3.825051821669286 









3.7411373112462663 









4.005407915624061 









3.890983429661119 









3.6771203914470223 









3.35378505376426 









3.230453045104561 









3.3382252469206986 









3.5481544514787386 









3.6282464554502405 









3.5795999364821935 









3.4583704677603864 









3.68280548040603 









3.5882662239767167 









3.5395366024355313 









3.731489219156967 









3.8209876784287036 









3.7574790603287873 









3.6809074240180393 









3.7457750373756844 









3.7476165940641306 









3.735705548275417 









3.6454199200609003 









3.720234560454092 









3.741655092755021 









3.72676401029027 









3.7419338014465686 









3.739150382683104 









3.738830002002321 









3.723812814437223 









3.713651911297172 









3.7439451980206995 









3.700701247204873 









3.707073690155508 









3.7353884418548873 









3.7384457432452947 









3.718525773877199 









3.710975374799 









3.7071865354218336 









3.7453150989401536 









3.6621512629318076 









3.6920295889214194 









3.7867556620149445 









