0.2 









0.01688387920277613 









0.018651426576726162 









0.01891368824124566 









0.017361116553508183 









0.018123040113009383 









0.017044668251062 









0.017176671459364246 









0.018518311202213342 









0.018678527258073535 









0.018106700045194397 









0.01920721460121537 









0.01859815344568832 









0.017268884290755716 









0.017776608799942847 









0.018297325954370808 









0.017496186469604737 









0.018796939759847045 









0.01756087549532588 









0.017519781765050084 









0.018086180164191362 









0.017337239200081907 









0.01709465697260773 









0.0173469791749219 









0.017077644164611126 









0.017709423172365513 









0.018332623176651595 









0.01787779882184306 









0.019214865237586275 









0.018286177663157262 









0.019019455766820327 









0.018940611207346268 









0.018956264567797664 









0.01648518946161122 









0.0181346996761574 









0.019168863107720476 









0.01977524912199688 









0.01904721509440503 









0.018019463007529338 









0.017707490215771775 









0.01760187080773159 









0.018063521372051396 









0.018840512578828784 









0.018873648425962602 









0.016532611583014105 









0.01845334340260963 









0.018897101943990722 









0.017766914842164794 









0.016916527926305394 









0.019167555203399776 









0.019232763146485796 









0.017463689119714736 









0.017633602878724463 









0.018019551097799534 









0.017617239899266737 









0.017457476483639024 









0.01867807289824206 









0.018929456261828195 









0.01754932885507586 









0.018076582732745768 









0.019145983062066784 









0.018206695570276453 









0.016847249193744453 









0.019304992903508386 









0.01843104009386691 









0.0188858211185553 









0.01836040532285621 









0.019050128283540538 









0.01752323980763939 









0.01732956991840333 









0.019258037484187474 









0.01821603091640088 









0.01907327515698517 









0.017588936424528974 









0.018007801251837822 









0.018307514195288747 









0.018762310460282212 









0.01652418562078712 









0.017831405054132863 









0.017741160760636802 









0.017384685543931917 









0.018351287313766826 









0.017621809498469535 









0.01820620707897749 









0.01654810757200643 









0.01818211820427789 









0.0180736205475497 









0.018720570851961812 









0.017065981374352585 









0.01715456846135137 









0.01785121575416617 









0.0187902576572161 









0.016580788934816293 









0.01842093076018393 









0.016589276910371393 









0.018711567074757615 









0.017157213606865666 









0.0186726179591929 









0.018288368336516772 









0.017707140555865603 









0.017139502562202112 









0.017788256202037618 









0.01839218955528243 









0.017308028799736752 









0.018329755338449712 









0.017669629505676503 









0.018429182344060463 









0.01718508343944018 









0.018797730940058075 









0.017209974284138355 









0.0176962632568243 









0.01747548369379819 









0.017079225812610135 









0.018255700386760977 









0.018504735982623335 









0.01764247849243196 









0.018800717860015834 









0.017808968133955938 









0.018773172869981022 









0.01679624469194261 









0.018459567581392874 









0.016927113478272734 









0.017791442336464257 









0.016453817729003714 









0.017036730360450246 









0.019081262925528586 









0.018925827756360866 









0.018749911398689877 









0.01818427373840064 









0.019321457542805023 









0.017205941044745533 









0.018166742826149964 









0.016435851926686312 









0.018023961591840942 









0.017541426802642084 









0.017711122404539315 









0.01782001689404455 









0.01644718088455862 









0.017705667963423783 









0.016904274061851396 









0.017805011371872632 









0.017623786747401296 









0.01838697249356249 









0.017638118145199694 









0.017701279053416445 









0.018918656972279617 









0.01845895878986032 









0.017462759574118934 









0.018116790861690824 









0.01759935716221421 









0.017458387166975106 









0.019293121933197092 









0.01644748108393959 









0.019344804389225412 









0.01834934578834738 









0.01803670046001963 









0.017167569099311053 









0.01788670956796009 









0.017395406036166135 









0.01708026400979551 









0.01783346488707186 









0.01906831409400825 









0.017781905626756966 









0.018389893797365484 









0.01758111498740448 









0.019163184618070584 









0.017718399757569003 









0.01880796317752128 









0.017856511868731197 









0.017141355016598123 









0.018712153985756305 









0.01861189982783431 









0.018430198512102047 









0.017354559846826302 









0.018646475135368917 









0.017988705095794665 









0.018241758747163557 









0.018470237428121004 









0.017436801604450596 









0.01771410245417864 









0.019374503861035817 









0.017243871358401847 









0.018596949654370813 









0.01897377464338742 









0.017639814704654123 









0.019790416761083555 









0.018419029658193843 









0.017044580171809712 









0.01722207115309953 









0.018284355466330282 









0.01706837357390085 









0.018575570489447635 









0.018405969152272945 









0.017847041431540245 









0.018134800492520763 









0.018867777584252593 









0.017519278305867886 









0.017535938307666726 









0.01748258569166259 









0.016819269489117092 









0.017642264628926027 









0.017132057315400222 









0.01944507037752826 









0.018250043003116556 









0.017956851942274386 









0.017156444131904442 









0.019496967507439344 









0.016697101019346162 









0.01886670811142442 









0.0174734073320343 









0.018454148643038827 









0.018862274953075832 









0.01744455002493713 









0.017156817923905023 









0.017589014219049015 









0.01846065401065427 









0.018685150850209983 









0.01870832924677939 









0.018477544909904678 









0.018057626204637404 









0.017193032229109315 









0.017478860766876894 









0.017234933177348134 









0.01908831333493273 









0.01766804698722739 









0.017761564772586252 









0.017821806337014023 









0.01763656215603273 









0.01697955747838005 









0.018693072454408703 









0.017882906365551496 









0.01800501384458824 









0.01873689993121814 









0.017606191597205497 









0.01792107264183819 









0.01644266312372028 









0.01851874971378869 









0.018890594650157057 









0.017576753556806785 









0.0194087385886548 









0.017685111276272238 









0.017848463028276557 









0.018453742016925803 









0.01674188949710513 









0.01864648733562404 









0.01876230852833964 









0.01817688094241402 









0.018838856426515165 









0.01663331551660524 









0.01663622406361668 









0.017485787094331476 









0.017035352215512313 









0.01757374796892979 









0.01872851822214726 









0.01866890981977669 









0.0193040255414655 









0.01855437461680899 









0.019338718445466148 









0.018781464851448236 









0.017224701771435508 









0.01725774136690304 









0.01851866316955908 









0.017729127043581545 









0.017491706651988508 









0.017176554656684738 









0.016534033135072866 









0.018773736853043316 









0.017384033215045988 









0.018201612250454732 









0.018480192871861867 









0.018167298941239307 









0.01785019099603205 









0.01848434138534599 









0.017706157079026702 









0.017826832664253993 









0.018896881229432946 









0.01759265592608942 









0.018410771846603495 









0.018362092410398795 









0.01893998192831261 









0.01730872730218845 









0.017478705302171806 









0.017598406775296126 









0.018581870592591015 









0.018610788919293745 









0.0171239913766889 









0.017511186533720025 









0.019029262411073097 









0.01861365676848289 









0.01790693837383903 









0.01913786616206436 









0.01847303494293872 









0.017645491949358605 









0.017605160884978273 









0.017580761214789263 









0.01911495701094416 









0.018992618743550686 









0.01765434340190364 









0.018454539701875126 









0.018378705724898685 









0.018960935485768333 









0.01688452479345955 









0.018039092200394898 









0.018032689218025127 









0.01769597229062598 









0.018597347953847106 









0.016547697989287374 









0.016496221435232966 









0.018065487580793852 









0.017548359252013767 









0.017369263302784287 









0.018628634421605783 









0.018672134625105044 









0.01816298991944011 









0.017931774913256253 









0.0169319027956997 









0.01869200689982108 









0.018038572947969296 









0.017464603143443853 









0.01777161815511883 









0.017658095006675707 









0.01775924003983274 









0.018993445231563506 









0.01690606602142592 









0.017112671181535935 









0.017768145664553498 









0.017541330581867756 









0.01876923089431569 









0.01858373085108555 









0.017510195645429973 









0.01838447278556981 









0.01762066812995801 









0.018341083601457447 









0.018891381715412693 









0.019046883280690954 









0.017764319339455152 









0.017379466466047204 









0.017904816347916613 









0.017465014778623465 









0.017321319334174322 









0.017173280783514946 









0.018691508286725517 









0.01832143598678814 









0.017494357670227306 









0.01695350504346965 









0.01863844271470458 









0.017935587382358925 









0.018354811868191087 









0.017613629059951515 









0.019642689927104925 









0.01846253300513629 









0.018883795230504687 









0.018007193968471197 









0.018350993487515108 









0.018625924352376873 









0.017425221358493666 









0.017480707005794346 









0.019180479568952434 









0.01704950124861735 









0.01862479804802326 









0.017930042553783443 









0.018091366986907192 









0.01920487715128048 









0.01851511997673486 









0.016948532362771947 









0.018449909179536293 









0.0171097042748736 









0.017454682235331646 









0.018189258788642276 









0.01751106245943207 









0.017520405157937118 









0.017789130771993258 









0.01815728846322545 









0.01716428545328405 









0.0182510548227572 









0.018104806784725078 









0.01864275671590966 









0.019260860624018404 









0.01781400207332577 









0.01882911331150129 









0.0188838020355005 









0.018305704886209903 









0.01733011763949522 









0.018055505814979503 









0.01771340041668342 









0.017485291104420493 









0.018144162144242512 









0.017085379607599475 









0.016921347733922468 









0.017493165165955223 









0.017940641999814617 









0.01715981342471652 









0.019097155337732 









0.018616276613003267 









0.01859360801604168 









0.017641568012529557 









0.018660299711459515 









0.018006032171251 









0.017657150973713273 









0.018556482634571873 









0.018436839619759646 









0.016964892180194542 









0.018245603398948592 









0.018456988823717654 









0.017082000089126935 









0.017829862519652424 









0.01820788483555559 









0.017384333195891832 









0.018256157547565197 









0.017834933034026793 









0.018138987355168633 









0.018600933614804367 









0.017691736792684334 









0.01798056151177662 









0.017293677249998557 









0.019140723671503726 









0.016863194107745227 









0.018053491514566564 









0.017960283318515676 









0.01799562004290976 









0.019011162020481098 









0.01806144562156816 









0.019047570770219176 









0.018384498365883933 









0.017274012494154303 









0.018284994362520665 









0.019516063057898433 









0.017888776492489315 









0.018537524990846616 









0.01749188943031009 









0.018551608090349225 









0.01802188708849395 









0.01728348185784153 









0.017520596465784265 









0.019385962397978133 









0.01816369551818079 









0.018144439126046415 









0.017729223934298387 









0.017755808009491142 









0.01908296605476429 









0.018107634585481654 









0.018054394712258337 









0.017516603527393974 









0.01874357866381366 









0.01661988689778477 









0.019646074619708985 









0.01860778182750654 









0.016608811341649744 









0.018774490007263823 









0.016930824403944868 









