0.8580000000000005 









7.861470830238524 









3.8896236130853454 









3.1432322705205697 









2.996946490881921 









2.9696952662563563 









2.9248107938587844 









2.955402544055114 









2.990879779743557 









3.009049328879094 









3.0657128097014223 









2.9546621327666855 









2.9248635107672247 









2.9759901867595255 









2.9378132954700122 









2.8575731333408676 









2.8428194286824398 









2.893353027924252 









2.9726325332822685 









2.9984455971580695 









2.979265234992999 









3.174648084640436 









3.3708376060065297 









3.481831336507593 









3.6814649967618203 









3.9962558173573646 









4.443037543685821 









4.472638030697134 









4.656481937538059 









4.682633823247964 









4.615692716038881 









4.504510586915143 









4.689397062510318 









4.666834852930985 









4.809511508532876 









5.027367126791007 









5.004953396298801 









5.050995943248713 









5.042386763058252 









5.203464836648064 









5.378585175891182 









5.408872994043661 









5.183056136270363 









5.249936696595871 









5.450620948806051 









5.467123371396878 









5.597557208132705 









5.669571666288316 









5.6816420092084545 









5.728997863025627 









5.535773332218241 









5.657399993321898 









5.817144814532047 









5.6295565182817136 









5.606052942628556 









5.750516699451078 









5.7966597812620515 









6.050430994878285 









6.238183537705839 









6.267868785113147 









6.304193396589034 









5.919729438026415 









4.308918424942537 









3.3480469960932715 









3.2300215733990685 









3.190497125326187 









3.237834407535511 









3.195443008390343 









3.160549875894609 









3.0924106502108133 









3.012313973609872 









3.0332961483340024 









3.0801741156746014 









3.0944292215716374 









3.1134460716930956 









3.1452984306860015 









3.127694839382586 









3.1099628296302217 









3.162061248947334 









3.1007582951322683 









3.1149310963485695 









3.0887678981371356 









3.0409529060080667 









3.0606444144313465 









3.2120387806888657 









3.215261561371125 









3.174063468223814 









2.9277816568734822 









3.022331199646843 









3.069971232067846 









3.1312955649129046 









3.1371750646567427 









3.099465144445632 









3.069147852221422 









3.124673005205013 









3.1825352730723044 









3.1330773318232623 









3.102559525577212 









3.1285574447158355 









3.3204529783446657 









3.217472365640409 









3.150842895055555 









3.0985557710137765 









3.0744111033209625 









3.1016809620963834 









3.063163786880902 









3.0006426511197413 









3.0699590880957905 









3.0239870882196676 









3.044009004307796 









2.990442412995295 









2.9087784325977415 









2.851373990492295 









3.0009395995883583 









3.056514148718971 









2.933028445552707 









3.0284579944154157 









3.1247458079342207 









3.1890889813509107 









3.182527038513572 









3.1373346813070624 









3.1768518475935554 









3.116741480242179 









3.0901932222042907 









3.0848099114631897 









3.278815081321653 









3.1415183498368693 









3.1344652736765055 









3.19397616789337 









3.079568049683799 









3.041727955839202 









3.1220159090704955 









3.0650030014884844 









3.0192568375586295 









3.102978536093321 









3.0857925585041692 









2.994071277389229 









3.105483475052844 









3.227327361170898 









3.076472912849778 









3.137634673373262 









3.0830230293142953 









3.081831949424618 









3.0219039263036445 









3.1503957513697904 









3.1418752211394563 









3.0479114926047073 









3.1235486353145996 









3.02512823177411 









3.078881951417771 









3.1958982870218047 









3.18876358593275 









3.116971245625407 









3.133993431814006 









3.0544621561278054 









3.103832341287294 









3.016922034116833 









2.8967601240646594 









3.0125097025352083 









3.080446244627114 









3.183142069084253 









3.089880185233243 









3.096888645014943 









3.034869441424994 









2.9609867888567 









2.7821727485463357 









2.985678206423217 









3.275078068111593 









3.267955179470433 









3.0812414521490874 









3.050228952513623 









3.1957109185076753 









3.3253859369660095 









3.209739174842884 









3.0775115390018573 









3.1006989066629953 









3.098199025084732 









3.1551422392019206 









3.1941321499195285 









3.178765478500121 









3.168504961986132 









3.28822441904484 









3.254522337422283 









3.2153436567706972 









3.1644172181450605 









3.1459570888675454 









3.0930607477357674 









3.0899463116664507 









3.1987001156330095 









3.1104224408504253 









3.004291597482585 









3.0451034451595835 









3.253530257836485 









3.1658650853890222 









3.1144693380698523 









3.0555237810027736 









3.1242862098717126 









3.1804095959688126 









3.1892269517976484 









3.119225671303382 









3.032361806479602 









3.0475557908056756 









3.1198649274084453 









3.151725502963631 









3.1315413851590743 









3.0316539760601757 









2.9575426766665496 









3.1149603277674722 









3.129723513502655 









3.1024960852016803 









3.079853232057072 









3.1758890221439833 









3.210603020846059 









3.2020473967139913 









3.214104214471816 









3.1325696021591147 









3.0892431327885688 









3.0908952096310087 









3.2592058997339457 









3.2819105607628662 









2.9844755530861793 









3.0362430996555956 









3.1496910077444684 









3.1035137275855003 









3.0100228696111584 









3.0596369251294675 









3.136651692101613 









3.182928700443199 









3.2089303555513395 









3.105017115425565 









3.138009499365036 









3.028161157937565 









3.050373968601137 









3.1632095606142987 









3.051298127861776 









3.1424769070135232 









3.055871006117015 









3.034863162166558 









3.1277503859481715 









3.1121956848093757 









3.1739713039585076 









3.0769716091377557 









3.0236960707737603 









3.0486235522131673 









3.0797692133060464 









3.1377818996310873 









3.1423097288605746 









3.196922520242236 









3.0503470949033904 









2.9714690204663254 









3.10162227186421 









3.1575817096343974 









3.185030716245741 









3.1504865853006376 









3.068083616942163 









3.177980307350715 









3.062364252885602 









3.0637036264467095 









3.093555537977561 









3.039896385478474 









3.1454294926941295 









3.1287362105248944 









3.125280962296404 









3.1362303602686383 









3.274118363035624 









3.1951612083232552 









3.0551705155362194 









3.0572854758239383 









3.0900427144533316 









2.958054114997461 









2.917753682776784 









3.0512786383827075 









3.132391745342943 









3.0597958431980667 









2.9719432351705586 









3.1416811289472806 









3.167897425829473 









3.1210104774182366 









3.1725442338438534 









3.1048820903441134 









3.125448030965888 









3.0950121524644048 









3.1314608506824033 









3.101741613969986 









3.1250869880033783 









3.163974580214519 









3.256030786919829 









3.1929180669743475 









3.159849606527283 









3.1128117382255156 









3.0940646702700563 









3.0523193335696197 









3.1451512927581677 









3.1179165906308786 









3.094913537238557 









3.0844064051595548 









3.1012626156313496 









3.1572873985065826 









3.201791602487483 









3.1242244464656364 









3.1225290078692467 









2.9845389232862076 









2.920080013755326 









2.960832860402261 









3.0768645580357066 









3.2490429886562944 









3.273297895683217 









3.2952790171835207 









3.2077407309661967 









3.0309148208846453 









3.0278890365145466 









3.1868769643830106 









3.122734060183458 









2.9544377170599936 









2.987748869587609 









3.000205480810167 









3.1335082869325426 









3.256538369468976 









3.2628894928942533 









3.1706882821847553 









3.0630732624973613 









2.9845595945483554 









3.193197919026451 









3.197732917419927 









3.224328367502404 









3.164074698218699 









3.250761294292656 









3.147946242602252 









3.0056523747003707 









2.988009039257786 









3.102794001809901 









3.1575444935668298 









3.1789920750453446 









3.090358876492607 









3.053496189165739 









2.976649454289527 









3.0041525576365804 









2.965420035575103 









2.9745766009930996 









2.9775368372731434 









3.023664331654801 









3.127395118384403 









3.0164481473323486 









2.9995709940902016 









3.032334419051293 









3.0984679688899623 









3.0971882868396285 









3.1796271277093995 









3.1896363044286553 









3.1616343341649005 









3.1302275301408136 









3.0650673984564367 









3.13899050883122 









3.1951034845035613 









3.173352149747837 









3.051541502960877 









3.0653483070414116 









3.1358656258242603 









3.165709619208635 









3.1976054587652873 









3.188850738326805 









3.1824509762218884 









3.0975223003411116 









3.0300205712673747 









3.114459489381413 









3.0637287715449006 









3.190986940073656 









3.2358329762228135 









3.332660521447623 









3.2654158306440104 









3.2672950841165855 









3.1509372309174304 









3.1289867927193877 









3.148856286102303 









3.2241559702911693 









3.113210702628998 









3.0756142176131025 









3.2228105266154334 









3.2444767556688703 









3.158246239026137 









3.0828313150669837 









3.220408315820556 









3.297839408315431 









3.2634091769770945 









3.0488036962997165 









2.8967259661027414 









2.46587449971717 









2.2521971145520396 









2.208603450817638 









2.2668757645926125 









2.1039382937705966 









2.055846613918252 









2.07334257905347 









2.025280980006106 









1.9977944446854115 









1.9891859832187986 









2.051813934858833 









2.109830826549374 









2.191621773326424 









2.2139750049955156 









2.2231422260529308 









2.165731848289796 









2.104854378956077 









2.159063959300442 









2.2168967974851337 









2.1226146384281606 









2.1038787070113134 









2.0830684154128862 









2.185521017024025 









2.3662398688685315 









2.3240917612561898 









2.2688852982261203 









2.283695423429764 









2.2648023917341127 









2.4286887637915187 









2.335807819245048 









2.2013172507686836 









2.2413530790413896 









2.183875807183108 









2.128999146022649 









2.210295814851266 









2.254793634263907 









2.1181269634601128 









2.0123913577025796 









2.0747330146621406 









2.141397020767149 









2.21509564050774 









2.1713978570512014 









2.122926282502801 









2.112232126553904 









2.1243539602358936 









2.1282511536783666 









2.189126008040403 









2.2500282639310276 









2.258182322973659 









2.2387484941326607 









2.2132033202061288 









2.2229224870253237 









2.1749987390672194 









2.1196076261674355 









2.1167372174210595 









2.197592237615973 









2.1384020531898624 









2.1429742117464032 









2.223905848409037 









2.309921824225866 









2.2974286835149993 









2.259427646057741 









2.2512983190950413 









2.2300461514047205 









2.272202129596442 









2.269148058325446 









2.272170974410923 









2.2645922530801106 









2.2778812409889757 









2.321140654357743 









2.2770108486773752 









2.2793230063596663 









2.2566816878070517 









2.198192975905837 









2.2717707439590678 









2.3799780442936944 









2.5226981851211767 









2.6562340947288057 









2.693475915718247 









2.7506009358124945 









2.7438825253910406 









2.8038652577988272 









2.887872092050168 









3.0908363852987155 









3.1531555595875127 









3.191866367783316 









3.166448318019094 









3.123297871393208 









3.1472235406877647 









3.144413945690721 









3.2194155799918156 









3.3352271413952126 









3.291283571682559 









3.2977314979564856 









3.3357240164149857 









3.371490487450836 









3.350519774090847 









3.2264579884218 









3.2007194664650385 









3.3436193038848625 









3.2909961710995717 









3.226055022871434 









3.2473380381105224 









3.3612637372213365 









3.3939777850997612 









3.3415156204844636 









3.259642061619248 









3.2974544539366843 









3.351178424270705 









3.3465766626049493 









3.4135736870953 









3.4266558412482366 









3.485380792266537 









3.433221049771806 









3.2677760978292576 









2.9425231932443965 









2.303138831342041 









2.101627187941848 









2.1286531144695706 









2.119974010354714 









2.2555488726218003 









2.4904788400250117 









2.6092450705159154 









2.7029809777485334 









2.825085777467596 









2.7973705018928725 









2.7611851173695965 









2.782361650956872 









2.810856396498772 









2.8748823954928366 









2.843881896429747 









2.758499851950236 









2.8417812196960495 









2.9858216351020306 









3.0207935657077885 









2.832852478025869 









2.712581808348309 









2.691362740918078 









2.8013216467329274 









2.739379877252124 









2.7665515009961386 









2.734213490759107 









2.697144376557887 









2.8113593162262154 









2.8454256404103844 









2.849253757166534 









2.877898651566972 









2.863285929209261 









2.739499115932008 









2.7612739370095487 









2.7240132700823927 









2.801748807444805 









2.825748347427123 









2.851336447596015 









2.875703912042176 









2.776721629222609 









2.7136635959430504 









2.74451726135796 









2.7298555358461805 









2.7657797741984473 









2.769964949337453 









2.7389748428238896 









2.7237242867773412 









2.7751917504568815 









2.8361825277683765 









2.870272603534612 









2.893847920577328 









2.866764253790467 









2.8625408680031996 









2.8374588723447607 









2.8308130416864627 









2.775984717627351 









2.8832653514060156 









2.93198671330953 









2.879795971505484 









2.8778132936557714 









2.8346099947674896 









2.7760187439281605 









2.8414943173516387 









2.8989083157683786 









2.809742544004905 









2.823085966999469 









2.8437338425056757 









2.9182463243374768 









2.8332658023564443 









2.849948326456012 









2.87858570445837 









2.8651100377568577 









2.9555809058997697 









2.942158471939968 









2.789885716038412 









2.8046334839563904 









2.8619253996642353 









2.9142177658232176 









2.938481294470309 









2.9290620490707333 









2.7709646555835916 









2.750805137818889 









2.827202986224711 









2.8763173284032524 









2.8722533859412542 









2.974550051488332 









3.013498373340434 









2.8913275515149603 









2.743338979833948 









2.8483212581243698 









2.6698797384327366 









2.769383321162926 









2.8606244268563694 









2.9426840691142946 









2.8202517617607135 









2.79924734831137 









2.9115569424132053 









2.840392284892385 









2.740625799982999 









2.771255634452499 









2.7452830995804494 









2.825238863141495 









2.8444251219850454 









2.887333589556945 









2.8425923610204804 









2.8709592106687465 









2.887232256380244 









2.704940203123862 









2.757131707223947 









2.817435060325977 









2.8368287399847567 









2.9818281273372973 









2.993942150019916 









2.911176259535489 









2.9235553477028646 









2.8255654396679546 









2.800328526745854 









2.722420353101427 









2.6495811602713064 









2.6481864863989437 









2.758735530568804 









2.8192855233791256 









2.836759174219256 









2.876383516275375 









2.949571695152898 









2.899970940974479 









2.8598540741090352 









2.8304072432697076 









2.7737140879522744 









2.879989991331784 









2.913325335558684 









2.8190489369589864 









2.8477015719569305 









2.7813614208880697 









2.8085899183764806 









2.775925097745159 









2.7050850649448903 









2.71511871977415 









2.747421454594386 









2.902738389754856 









2.8350326109030206 









2.8279668261845137 









2.9501104195383077 









2.966727566582725 









2.792890700770186 









2.819526593627749 









2.9450056418757806 









2.873682135974748 









2.869941170869907 









2.818964998407811 









2.8656924746070236 









2.9070199163967616 









2.86608392738117 









2.784035180378602 









2.8946250878692177 









2.817428231076991 









2.7951955131316795 









2.7679497869826557 









2.8949761617964453 









2.9327513419634186 









2.8392860601436403 









2.7759118640313205 









2.870823754685029 









2.8143902942790713 









2.860938671495368 









2.92499323108114 









2.8408207463000092 









2.9637461619549805 









2.922344951434753 









2.8763473455409083 









2.7806162692344745 









2.8665763413701484 









2.8549838023669496 









2.724312678822112 









2.66191200496931 









2.792963152869471 









2.8471649887509782 









2.707781560108483 









2.727961240828339 









2.747513494732064 









2.79792947374712 









2.8748761346741585 









2.8517749264677623 









2.9106941613313375 









2.836590407165125 









2.8537618167572196 









2.7176747003190087 









2.745350798635005 









2.727656547222768 









2.7142967827733098 









2.7576708354172124 









2.905160370204706 









2.8231940724686617 









2.920960433081893 









2.938096318455198 









2.903192196909521 









2.8653410172053078 









2.785502130154504 









2.783873524571618 









2.868667442746278 









2.941992323720256 









2.9216356251362035 









2.858550490391402 









2.8117280920284267 









2.726090237763712 









2.737475461699355 









2.8660528023526237 









2.8192093371131715 









2.79542774280182 









2.931276580834964 









3.0353213478616765 









3.0001525722602933 









3.0025931373210275 









3.020722480737931 









2.958039010032861 









2.827028177881868 









2.82252134960404