0.03 









0.7530239690393865 









0.23686392399995526 









0.14006882511339447 









0.13920070674351948 









0.13547645023875046 









0.13068461274671322 









0.1226817864704856 









0.12715204728274468 









0.11848777870374368 









0.1086494813802465 









0.11365761274867416 









0.11053715553558735 









0.09691670829033458 









0.08191382143471422 









0.07814614975306321 









0.0753613234213918 









0.07588358398677941 









0.0749308533166897 









0.07111077897628333 









0.07411361584960181 









0.06920626631823201 









0.0692773121471821 









0.07071136755914821 









0.0699963376521563 









0.06858846190448246 









0.07279033940860982 









0.06694554397685246 









0.07118915491528241 









0.06911221028400684 









0.06779126917303882 









0.06705079229665727 









0.07065593124089575 









0.07027463484258697 









0.06830850285614685 









0.06781182758085165 









0.06633594450430141 









0.07046140569343717 









0.0766828096573309 









0.083867399775138 









0.0922862369769448 









0.09300524275423513 









0.10154556794316602 









0.10937550581997008 









0.1162134263951544 









0.11860139628205078 









0.10943101402484456 









0.11494012039893312 









0.10439385966600326 









0.10618868224360208 









0.11035882989671958 









0.10388199334987896 









0.11666210755145989 









0.11525151543767938 









0.11159614118893392 









0.11871032606080184 









0.11359582289462866 









0.11136054252894827 









0.11286768419581489 









0.12456909798377454 









0.11900048433926604 









0.10907313842039369 









0.10505190033231858 









0.10468975024323686 









0.10959803839396788 









0.11033746208270971 









0.11516327820423683 









0.10903276150073295 









0.10382811037171889 









0.11325720334037603 









0.11540267467425108 









0.10503952243862621 









0.113720251492083 









0.11055776458466174 









0.11726117435432247 









0.113582283340662 









0.10679780641843006 









0.11450978018354864 









0.10789183390106971 









0.10494987222748542 









0.11533805473447067 









0.12018613140666765 









0.12114655859624107 









0.11256201534895369 









0.11668249069124235 









0.1017159337108499 









0.08334087888320131 









0.07908257954510063 









0.07986455973156632 









0.07687899363055775 









0.06736134349003765 









0.06527889886098094 









0.06939035253789701 









0.06931327526971766 









0.0699570501434632 









0.06806357438303301 









0.0659196857405364 









0.06665394262333614 









0.06545377079525287 









0.06817512495831521 









0.06787747777992124 









0.06276351297950744 









0.0648352579885263 









0.06500408235932804 









0.06911441039308838 









0.07222148363386449 









0.06822799150823515 









0.06492321336454689 









0.06857723221135202 









0.06818304008868434 









0.07335009178376858 









0.08619404812213646 









0.1279861901488417 









0.1562338886388466 









0.15123343123883387 









0.12851019337409353 









0.12248034657366721 









0.1247384448043314 









0.11727940103461186 









0.11664617420119339 









0.11565646223980958 









0.11540963209165893 









0.11288931975652294 









0.11924757205634492 









0.11924116970399645 









0.11853653137698596 









0.11872852897354412 









0.12415230582942194 









0.1168201112859291 









0.12215310562543823 









0.11993814225104422 









0.11477227669439645 









0.11200183141214684 









0.11447793266724976 









0.11291177830369026 









0.11146342990465817 









0.11523216319334087 









0.12361633339674391 









0.12022020794900805 









0.11200835130591179 









0.12668984217980941 









0.12095746996130148 









0.12025127190948712 









0.1192582503944583 









0.118718121678195 









0.12378627421717998 









0.11424631000289315 









0.11527003025053631 









0.11713654441260525 









0.12405776297813459 









0.13058464864275537 









0.11731966471875584 









0.11565392438410954 









0.10989580666155915 









0.11452067504050692 









0.11436449554045502 









0.11957187558838382 









0.11529079883817847 









0.11433674556796938 









0.1295476780832228 









0.12285917634635111 









0.12168515341306403 









0.11133662727192441 









0.09187398948566042 









0.08004740140555035 









0.07731217087174741 









0.07658304087162936 









0.07353887307664532 









0.07019497331790613 









0.07022472684235494 









0.07198318321301547 









0.07497878987313904 









0.07369711585742657 









0.07347106828364097 









0.07078493585560691 









0.07018859206728609 









0.07315804198999501 









0.0770054475725149 









0.07095551163102531 









0.07131004655835088 









0.06990727427023381 









0.06955179019139347 









0.0726141770581827 









0.07286219069988831 









0.07471752726396767 









0.06993289350576003 









0.07174689916018988 









0.07615991186679145 









0.07906971880150343 









0.0848516338312706 









0.09768848278258996 









0.10052165724510762 









0.10145432427873541 









0.10875464712592417 









0.11064756080670275 









0.11414710628530896 









0.11268177682109376 









0.10251298158366105 









0.10277596548314094 









0.10664814302624699 









0.1113237002031414 









0.11568288995567218 









0.11364462639540185 









0.11966727224651509 









0.11574293336711713 









0.11414161223792334 









0.11722237643421277 









0.115719721988352 









0.11064523859743128 









0.11254935144044274 









0.11928647781503486 









0.11434390504276021 









0.11374398604776975 









0.11609797108276808 









0.12412545787516639 









0.12048056254291507 









0.1153376588855557 









0.10749448409980394 









0.11108872189406606 









0.12047420600574402 









0.1166472556819538 









0.1169003570051483 









0.11882796989147977 









0.1241284784307561 









0.11815611096587844 









0.10724965235871443 









0.11322759791502612 









0.11539612486641683 









0.10922619542469433 









0.11439538012345567 









0.11393330406696676 









0.1257543443595645 









0.11444095591105989 









0.11890690638650722 









0.11211582264602196 









0.09753275962000849 









0.0770371974720779 









0.07672341497224855 









0.08015697657748105 









0.0699490700717744 









0.06928064020268113 









0.06925148137562674 









0.0682032364638274 









0.06977800163879909 









0.06764932834399236 









0.0670885870438436 









0.06723926271289411 









0.06837922174045571 









0.0730860047552036 









0.07242149824127957 









0.0712295337728009 









0.07041172064113492 









0.06994507994264246 









0.07865271165788826 









0.07584289578025594 









0.07988252098471278 









0.0762693074136491 









0.0701386828936909 









0.06760047214929238 









0.07228454320908397 









0.07153305383339287 









0.08961718034365898 









0.13441104240515198 









0.15729204135251326 









0.14226658229611186 









0.1250151985755552 









0.11961500053436262 









0.1189746740958903 









0.11855741433397828 









0.12206652031668827 









0.12427581800680365 









0.12293654632496309 









0.1206483569058132 









0.11900763747552198 









0.10877599775520072 









0.11413222445484725 









0.11421936201444338 









0.12082674352916428 









0.1255638058264371 









0.12110058314581024 









0.11867954915674372 









0.11735868959383099 









0.120627375227841 









0.12289157873954938 









0.11454479104390337 









0.11302916097720173 









0.12332725592057384 









0.11691719462687804 









0.11934701353308799 









0.1081214581967865 









0.11314591349171799 









0.12553541145073252 









0.11811906381017276 









0.11503928082857633 









0.12572755134209995 









0.12008543602137675 









0.11653438608992117 









0.12360373945952702 









0.11522008728611113 









0.1083843741529124 









0.11784569728812919 









0.1144647526982083 









0.11905843478025707 









0.11596816787913507 









0.11657902569261164 









0.11337373259975318 









0.11845055446098758 









0.11753726557382865 









0.11499837084550465 









0.12341670109480563 









0.11897131121784911 









0.11397288314019473 









0.12591117211280234 









0.11750454744000945 









0.09303565279020386 









0.09056037058876767 









0.09184736280020667 









0.08399056775896813 









0.07734720115056493 









0.07851954466151417 









0.07777505939429333 









0.07289647210534286 









0.07379354426236497 









0.0756295732220807 









0.07794141732207076 









0.07532565640903541 









0.0740896268024655 









0.07790992277243142 









0.07366049105792845 









0.07248239259264105 









0.07633603308633691 









0.07976211343860745 









0.07600235346698865 









0.08114019900655714 









0.08149818895372303 









0.07843539518177568 









0.07150251505360083 









0.07565092665663604 









0.07383340330944274 









0.08170097634246969 









0.09481155654567328 









0.10218870520362167 









0.1053898970850609 









0.1129018032860103 









0.11316527934342253 









0.107171708598701 









0.10975015562913315 









0.11214232263659642 









0.11901848001933195 









0.1166943979970326 









0.12173778513743559 









0.11488615805223948 









0.11650133857994886 









0.1185551369937267 









0.11242923294097323 









0.11114209008572666 









0.10820251321934393 









0.10878122780072227 









0.10594277763757455 









0.10507049279498225 









0.11302239642450115 









0.11515717796105104 









0.11506654136637838 









0.10302416819831639 









0.11115258483347189 









0.11440485096491525 









0.11817211432819291 









0.11405119930957608 









0.10907490963238134 









0.11522559344702334 









0.11647766442295014 









0.1123826346190187 









0.11594270666413987 









0.10768865087575034 









0.10785400834432865 









0.11217900199578312 









0.10742214821458249 









0.11971280972116252 









0.11535063457990424 









0.1152409397137779 









0.1157647712525985 









0.10971398977417393 









0.11093557967113518 









0.1253397785456652 









0.11798951022689144 









0.10744235362395133 









0.08481625893632438 









0.07425153536274379 









0.07525671482591523 









0.07843959644826935 









0.07779624909418742 









0.07651992658563414 









0.07477345090554816 









0.07389410294141716 









0.07288933722672136 









0.0719496631144468 









0.06947692289331507 









0.07024205534285888 









0.07689803191918104 









0.07690782191316592 









0.07216482569959559 









0.06884217566097534 









0.07634405521812301 









0.07380470944216294 









0.0708956484056298 









0.07342174742124577 









0.07176601231756005 









0.07060611610145283 









0.06802026005503806 









0.06829915224625605 









0.06922498048195404 









0.08946038578469548 









0.13194286804100133 









0.14249025462158335 









0.14319819228528383 









0.12839488203330562 









0.12181731775935602 









0.12136373316755676 









0.12410542897665666 









0.12078031213936506 









0.12836811236326454 









0.1217620864658121 









0.1258145757070775 









0.12594564736452146 









0.1248647600334923 









0.11544786990650485 









0.11507920707427208 









0.12167415208944479 









0.11967458393273325 









0.11513390002802583 









0.11484640121729468 









0.11073099361214285 









0.11399178244323432 









0.11872410983158548 









0.1277871739081615 









0.10977658167806381 









0.10964392140790029 









0.1167307447060732 









0.12473605556301308 









0.11715325268479966 









0.11626505794393699 









0.12091508628833525 









0.1155301696414734 









0.11590137027054175 









0.11782267148117975 









0.1175434904488819 









0.12368606249582856 









0.12450996660537193 









0.12075910418790797 









0.12900587804549396 









0.12900813545627512 









0.12229172466509458 









0.11948954357478786 









0.12124408190660985 









0.12260436514472076 









0.11954303638315417 









0.11973325175001684 









0.12528973151538064 









0.13300160475928582 









0.12460119722473527 









0.11729470668425895 









0.1217351190321808 









0.1304940312498813 









0.13587968750286777 









0.10973104294393848 









0.10600692389002478 









0.12672205452265828 









0.12214829950428922 









0.12941441491800176 









0.1405087388080601 









0.15253863787086347 









0.14747163743190048 









0.15330243416416478 









0.14676792035932046 









0.1624342872006578 









0.16529361238880064 









0.16933695504343083 









0.16186475307867962 









0.16876150917736737 









0.16958645814670947 









0.17093126612193746 









0.18499548646991779 









0.19265412169177554 









0.186461910697771 









0.19019082112592794 









0.16594740201226688 









0.10527135364408931 









0.06884429006078403 









0.06955914408435984 









0.0733504888172459 









0.08357859022670393 









0.09258728764517342 









0.09873552327786372 









0.09990733304766916 









0.10692910998256087 









0.10270367910344584 









0.1077761684381095 









0.10155886631705129 









0.1109417904675162 









0.11001610668273394 









0.11261331801408608 









0.11252723656788437 









0.1141560415810175 









0.1106362617824179 









0.1099068076334297 









0.10985742540796897 









0.11122036071521509 









0.11382294482216367 









0.10809378980551411 









0.1072837229686605 









0.11246906969180537 









0.10765294532735079 









0.1119938498354688 









0.11714009633660935 









0.11281384131442787 









0.11415565650801869 









0.11563927857041106 









0.10840169506562915 









0.10759402033833271 









0.10908679855206675 









0.11668101158904812 









0.11082007675467441 









0.11200168998644171 









0.11651413944892676 









0.11702355329456882 









0.12301771614239021 









0.11357190971213149 









0.10940494445650548 









0.10670376920166938 









0.11373678516241509 









0.11343199230234022 









0.11920627747864115 









0.11483605119784594 









0.11662622619995465 









0.12534744521085145 









0.12004704198879841 









0.091232780676122 









0.08460073668526023 









0.08538775969188633 









0.08538397896857662 









0.08471917437981458 









0.08256129913828356 









0.08535789710977118 









0.09415250023056089 









0.08883184003524137 









0.08069749165703682 









0.08061499242154585 









0.07845990556077899 









0.07510749941691104 









0.0795437241563904 









0.07786031757489063 









0.07923545347212904 









0.0793116515991079 









0.07927377923394183 









0.08261686387419333 









0.08843965055934375 









0.08224301626352733 









0.07922036574220728 









0.06840025114863281 









0.06805774732343733 









0.0746701761991088 









0.09172236361007538 









0.13473890774720576 









0.15033268333553187 









0.14548145105188096 









0.13024657065644094 









0.12197426267168225 









0.11732860595724315 









0.12070007919675856 









0.12175519476661949 









0.12344539110895036 









0.1143807612911868 









0.11073220179636137 









0.11112605709153255 









0.11915587669148353 









0.11975028135442913 









0.12124560429097149 









0.1216552021138776 









0.1204109694738821 









0.12838065935037185 









0.12261810933647062 









0.11410783521189953 









0.12084168232001474 









0.11268024997067172 









0.11580009136016992 









0.11893704192252905 









0.11868691123864676 









0.11600944883721204 









0.1188791598732096 









0.12420635987689772 









0.11660058331588308 









0.11676979963645533 









0.11656974630135515 









0.10935160857762038 









0.1125748648546773 









0.11297794866587005 









0.11482319889810691 









0.11645867469408287 









0.12026901426982899 









0.11893160317942532 









0.11813117095517998 









0.12165042278666484 









0.11853871236847276 









0.11427413124021554 









0.1175405959946452 









0.11871850054914429 









0.11554925119077436 









0.1143032654401189 









0.12308563594041032 









0.1241949297480143 









0.11229633480669433 









0.12429539950737942 









0.19974510991837743 









0.32422191006532813 









0.329507518242899 









0.3813188241310537 









0.5351692486789503 









0.5622422577806299 









0.6342515770026725 









0.6839735821194223 









0.6434618529204115 









0.561485446185325 









0.5742366794208579 









0.6196804733136753 









0.7689886570960824 









0.9614335965042365 









0.9958181796179094 









1.052993935133566 









0.9974303573524367 









1.0422570197092094 









1.127222705937454 









1.1454650742187737 









1.1585355434835634 









1.1864783456302448 









1.2154896897082952 









1.1268603548000011 









0.46340357702455476 









0.08911186257132801 









0.08167505579872451 









0.08867924076228836 









0.0979909693095722 









0.10369937633488738 









0.1067226253319327 









0.11009256908283634 









0.10746566914644974 









0.11040692366035393 









0.11339963205579251 









0.11264692742053371 









0.11576805313865876 









0.11934426506145485 









0.12247876079941661 









0.1148473032325287 









0.11576179387436705 









0.10955207409320446 









0.11266557943802429 









0.11415882743284084 









0.11405766692395425 









0.11901701352958041 









0.11850665407644477 









0.11758641545044153 









0.12061798360268 









0.1111258965851314 









0.10607155300169635 









0.11140320508060515 









0.10781733251540324 









0.11735986626536193 









0.12281027267735857 









0.1187049515134309 









0.1145153897467536 









0.1183609679851688 









0.11494525005619746 









0.12217626557400173 









0.11917769166073958 









0.11402484934596994 









0.11927089111078192 









0.12485928050008972 









0.12244096706751245 









0.120883533957622 









0.11658539346607659 









0.11878856812804447 









0.11965889396738698 









0.11751633581886772 









0.11718286914567037 









0.12129577256350509 









0.15142893130457788 









0.160665698731869 









0.15693994581116322 









0.15333313004506932 









0.163341520870901 









0.18476190921785568 









0.19266033310443928 









0.20251282108583019 









0.20836565016975553 









0.2276229312441718 









0.2194793128223835 









0.1983610987892516 









0.1922391916068681 









0.20804034907930566 









0.21408040687277452 









0.21956777321777232 









0.21591586312869665 









0.2578806240896234 









0.2645541977779318 









0.2550681523801861 









0.2587574517408193 









0.2527418833599201 









0.2409093246312008 









0.2149037136404628 









0.12644005475696862 









0.07907223852843615 









0.07707185444886058 









0.0965108395643935 









0.15179304686197534 









0.15288129833760922 









0.129508578405262 









0.12629266045394627 









0.12319355428277728 









0.1176288574424501 









0.11504562402390592 









0.11745098330132912 









