0.2 









0.00025342148069146 









4.060708778100675e-05 









4.458959644521161e-05 









4.706382788473492e-05 









3.615750826566898e-05 









5.784614218912644e-05 









4.608402077190365e-05 









5.8422305231734965e-05 









3.9410650622729666e-05 









4.110939777668692e-05 









5.046966213247528e-05 









4.005609113282494e-05 









3.928959241725068e-05 









6.216291706771554e-05 









5.153219094712391e-05 









4.957916749006102e-05 









4.566459853732795e-05 









4.592542859690545e-05 









4.292415289733967e-05 









4.307193451340811e-05 









4.5472819108356854e-05 









3.495157703670833e-05 









3.667874482353902e-05 









4.520990060720963e-05 









4.2784345963337984e-05 









4.633362915988026e-05 









4.4815571148761204e-05 









4.408491591807513e-05 









4.6416111210816324e-05 









4.4452673104535855e-05 









4.629334978186657e-05 









5.142969548403783e-05 









5.048375122202707e-05 









5.1834176411196203e-05 









4.101218410555248e-05 









5.699159894694207e-05 









3.4442015839068094e-05 









5.8259639966024034e-05 









4.322574519587508e-05 









3.285989371321934e-05 









3.908818121948262e-05 









4.958438782293198e-05 









4.34545213421633e-05 









5.612409473872576e-05 









3.925019257801193e-05 









6.269487092635407e-05 









4.2867263847891555e-05 









4.3831895904213115e-05 









5.044085145831924e-05 









4.0131464013313456e-05 









5.742187646378709e-05 









5.395578336533791e-05 









5.899418049965107e-05 









4.0640911369550374e-05 









5.688264876330686e-05 









4.43174756020244e-05 









4.077236253226958e-05 









4.8060046421827886e-05 









5.3651156688720414e-05 









3.598819471765479e-05 









3.7378050785448845e-05 









4.684579268425797e-05 









4.9447635817692796e-05 









3.2613180111990725e-05 









5.0244827780557386e-05 









5.3869386247159984e-05 









5.2012406226488865e-05 









4.510254065956274e-05 









4.1566695340299094e-05 









5.3102113510911886e-05 









4.741323508284657e-05 









4.238751262268242e-05 









4.3781626066702766e-05 









3.877175766920615e-05 









4.493371835521113e-05 









4.522576974585617e-05 









4.476535271218667e-05 









4.258480786116444e-05 









5.3349648351888636e-05 









6.140312587184915e-05 









3.678285168697694e-05 









5.040193669499341e-05 









3.883261305025109e-05 









4.50984951898469e-05 









5.8557853669392664e-05 









5.9145614024679996e-05 









3.4619876347661554e-05 









6.494451659684608e-05 









6.03645331933051e-05 









6.045235308048565e-05 









5.415011662629467e-05 









4.5657861134256256e-05 









4.636794631537808e-05 









5.776135385156901e-05 









5.6874433043688044e-05 









3.935734429746762e-05 









4.2677159522768704e-05 









5.531662464498665e-05 









4.568816499950199e-05 









4.275738954690906e-05 









3.8970505523732665e-05 









5.115196875078143e-05 









5.0687611389972027e-05 









4.3817285345248465e-05 









4.8500948095894504e-05 









4.3700680050666447e-05 









5.389327132041442e-05 









5.69964274410201e-05 









4.916041711317156e-05 









5.497054165699497e-05 









5.4681108797378184e-05 









3.4699951552779125e-05 









5.629002954789525e-05 









3.79481754103771e-05 









3.961363900657893e-05 









3.838646584965729e-05 









4.003429399995164e-05 









3.95886384151564e-05 









5.375389354369795e-05 









4.368742131503236e-05 









4.757205856205585e-05 









4.054471860155929e-05 









4.145531829597513e-05 









4.737116424917175e-05 









5.2546137360947427e-05 









6.214744743639822e-05 









3.6273374485755106e-05 









4.417016692732774e-05 









4.745025794909057e-05 









4.4617744528842085e-05 









4.019120840301348e-05 









5.0403525280907955e-05 









4.3283042516115505e-05 









4.9690286832148345e-05 









5.237935416981351e-05 









5.1838606111215485e-05 









4.2627572386126246e-05 









3.286832446125243e-05 









4.710064792514668e-05 









4.277143199169856e-05 









4.990087501016815e-05 









4.254003372379626e-05 









5.2070117617237043e-05 









3.749617278902109e-05 









4.9588818269200086e-05 









5.3249688931775687e-05 









3.60431431104076e-05 









4.268050163130492e-05 









5.5257660924013085e-05 









5.1151794169942914e-05 









6.17680481652068e-05 









4.2728024921103824e-05 









4.102071830658999e-05 









5.0840290709926056e-05 









4.619185037459029e-05 









4.01330675539722e-05 









5.375334826208771e-05 









6.090681747571082e-05 









4.534935020246472e-05 









5.1513668033269035e-05 









4.758435620405038e-05 









3.5925402886584506e-05 









4.800845723946202e-05 









5.4456410801617626e-05 









6.121533141071148e-05 









4.1733566177067565e-05 









5.744839942342258e-05 









5.011748744118225e-05 









3.992809587475715e-05 









5.414101420159569e-05 









3.3437671869549144e-05 









5.83043480039186e-05 









5.5673607548358485e-05 









4.229390005735045e-05 









4.4669816865638433e-05 









4.585073423819157e-05 









4.2157266807408344e-05 









4.20685012911396e-05 









3.879998607802901e-05 









5.340912821521704e-05 









6.283684931621076e-05 









4.1531155183691505e-05 









4.0086667341504094e-05 









5.326050720528434e-05 









4.1237000840551056e-05 









5.28013640396151e-05 









5.029152108302472e-05 









5.374713293770259e-05 









5.3437842517185694e-05 









5.024649367450932e-05 









5.04777110942112e-05 









3.823554268246781e-05 









3.6204897173514856e-05 









4.902039998140419e-05 









4.961285593444486e-05 









4.597976442891057e-05 









5.9982761115076654e-05 









4.165214945527625e-05 









4.638744367516063e-05 









5.183337512769032e-05 









4.621036648937053e-05 









4.4646313734249015e-05 









3.8423901195139057e-05 









5.714038262971752e-05 









4.938848599989977e-05 









5.8568736813868774e-05 









5.488125688624527e-05 









5.310036593063263e-05 









3.285861075472165e-05 









4.915193269698963e-05 









6.231074263184802e-05 









4.329037851444021e-05 









5.767715280733499e-05 









4.781555681045247e-05 









4.62020216939457e-05 









3.601656550347999e-05 









4.213038383600183e-05 









3.4353018028546146e-05 









3.326589913099786e-05 









4.9575385812176205e-05 









4.6976949912073465e-05 









3.724749820300041e-05 









5.9558581811355e-05 









5.032823440779238e-05 









5.141094364652995e-05 









4.543891554929277e-05 









4.28213548049168e-05 









4.8267537854452705e-05 









3.655056893927012e-05 









3.64309448068379e-05 









4.882159286567965e-05 









4.330563958116095e-05 









5.1121907373684165e-05 









5.5441683303997985e-05 









5.307002671661532e-05 









4.811470236252568e-05 









5.51658616723862e-05 









5.1479006865864715e-05 









4.1565984712100874e-05 









5.745154244692937e-05 









5.465871386696503e-05 









4.314219899814261e-05 









4.249759279638362e-05 









4.997786134926828e-05 









4.108029448196126e-05 









5.5288555825243785e-05 









4.778520723413231e-05 









3.19658094159752e-05 









5.2772026702314705e-05 









4.720624816827294e-05 









4.708756826495425e-05 









4.305733727458087e-05 









4.2951063903016765e-05 









4.777677905326713e-05 









5.439712260832574e-05 









3.683994003204097e-05 









4.8806460969378195e-05 









3.23561740073771e-05 









3.536185226093178e-05 









6.167468015826641e-05 









3.4785258931970794e-05 









4.464611939486227e-05 









5.563263964267926e-05 









4.028490927145439e-05 









4.742919168555585e-05 









4.279067716906871e-05 









4.929407956753352e-05 









3.88809030094554e-05 









5.0490082641576185e-05 









6.310750430477497e-05 









5.3686808487991305e-05 









3.8633526510505666e-05 









5.7468041514715615e-05 









3.666270380531332e-05 









4.186939804568784e-05 









3.8500045203482864e-05 









5.5171075305452084e-05 









4.0380793209362074e-05 









4.5047264843838095e-05 









5.8741015580879054e-05 









3.9493133764943725e-05 









3.0649204391102395e-05 









5.066726356792088e-05 









3.78350200354688e-05 









4.1832465322317396e-05 









4.1897100903583424e-05 









4.188205461800441e-05 









3.92411170190969e-05 









5.037293762519709e-05 









4.007705070751497e-05 









3.944338188112688e-05 









5.364355389495136e-05 









5.788760348556203e-05 









3.788406797119403e-05 









3.8911624961256696e-05 









3.71206155670118e-05 









5.49023404097019e-05 









4.129505342371866e-05 









3.652004646060312e-05 









4.7629110904708934e-05 









5.1881268499219264e-05 









5.382137015383753e-05 









5.18255834463502e-05 









4.825991429584173e-05 









5.344986341511167e-05 









4.900846376246623e-05 









4.3912667351196225e-05 









4.396668875619691e-05 









4.543283239935902e-05 









5.450984432651088e-05 









4.077918673400339e-05 









3.2429572817713e-05 









6.496868756173738e-05 









3.848551275591153e-05 









5.040585843761506e-05 









5.393559341283855e-05 









6.073942696227591e-05 









4.5301984157259165e-05 









4.51129848067327e-05 









3.712402800861124e-05 









3.931015420183022e-05 









3.0292268031453942e-05 









4.473376685081246e-05 









4.76683125789971e-05 









5.8306623754567305e-05 









3.676110433237707e-05 









5.2190400413827055e-05 









4.317769401662892e-05 









3.2546424551403144e-05 









5.5754205300831486e-05 









3.428317859202067e-05 









4.89409603102919e-05 









3.7943751654828974e-05 









5.965949458373168e-05 









5.221621912933872e-05 









5.351213512647903e-05 









3.547645816551308e-05 









4.8772492272375586e-05 









3.248743689113109e-05 









5.520780017364961e-05 









3.601435831569299e-05 









4.7088301638377206e-05 









4.7222551071624296e-05 









3.3236697339264e-05 









4.349853854782394e-05 









5.2377156297406255e-05 









4.9874244852237285e-05 









4.490089391457545e-05 









3.9176393807202376e-05 









4.090433897178082e-05 









6.282483371526528e-05 









4.9895777593188796e-05 









4.452807719791355e-05 









5.734000749454312e-05 









4.58815172811697e-05 









5.06332455764636e-05 









4.193964693428075e-05 









4.988276964695741e-05 









5.950203362197551e-05 









5.115634092390332e-05 









5.568551188022086e-05 









4.523113874700202e-05 









6.30270021104831e-05 









3.9212702882072746e-05 









4.365951718342104e-05 









3.368811070794439e-05 









4.4955410910734806e-05 









4.212135973674369e-05 









4.894364923683608e-05 









3.8788676219646314e-05 









4.4228149061007594e-05 









5.562422905107998e-05 









7.036940483866268e-05 









3.908129205168052e-05 









5.6109184264937274e-05 









6.35598677496406e-05 









6.0497761420297046e-05 









5.1779801329615897e-05 









5.538564296885999e-05 









5.223442944626703e-05 









4.4878889797002226e-05 









4.480399354628075e-05 









4.855738196841754e-05 









5.653722454626406e-05 









5.360791736047211e-05 









5.9561760655850855e-05 









4.4141546871644326e-05 









4.6052156138786666e-05 









3.4003415950727156e-05 









5.0801073225226586e-05 









3.745573257701222e-05 









4.3755920684494996e-05 









4.826801505417497e-05 









4.613056315867894e-05 









4.973237960514814e-05 









4.362690913108098e-05 









4.4485825310442686e-05 









5.6854387782921965e-05 









4.9440160703459154e-05 









4.540382207004974e-05 









4.098276153040946e-05 









3.596974849308714e-05 









3.914455831226074e-05 









3.805926917331642e-05 









5.713026746552965e-05 









5.557233715490007e-05 









4.621532924307928e-05 









4.149847368397433e-05 









4.944270411235186e-05 









6.29663508894995e-05 









5.026441040054625e-05 









4.937464070614441e-05 









4.869670329799936e-05 









4.4681890054374686e-05 









5.095911548573068e-05 









5.0933994266425954e-05 









5.06860084284599e-05 









4.8069430002437794e-05 









4.109810606173348e-05 









4.2917214814226956e-05 









5.7158268864825745e-05 









4.0616785649048875e-05 









4.077089151452611e-05 









3.4129706892913865e-05 









4.011077460130654e-05 









3.565079617279731e-05 









4.7727986958108216e-05 









4.845667065536723e-05 









4.151762170926482e-05 









4.529339486765554e-05 









4.537843290250667e-05 









4.0618464647796316e-05 









5.1404484318910915e-05 









4.3933239970517904e-05 









5.136802230988166e-05 









4.4200647688629485e-05 









4.8022431796286534e-05 









6.050578169549919e-05 









4.620381880027788e-05 









4.905426624515225e-05 









3.6925273389515504e-05 









3.939587687209247e-05 









5.295978642562183e-05 









4.354512953907073e-05 









6.0096526210419634e-05 









3.9244353099803905e-05 









6.213131348944167e-05 









4.0576942568160064e-05 









5.179814936288803e-05 









5.643401080997052e-05 









4.8583183990311565e-05 









4.421569383945455e-05 









5.38833131692037e-05 









4.000024205361272e-05 









4.961804108694234e-05 









4.688190520865551e-05 









3.441947111705487e-05 









4.3417269705351e-05 









4.240883713012023e-05 









4.216862569944387e-05 









4.5300574792178714e-05 









4.5949601245937155e-05 









4.325609765731353e-05 









3.6506338309131054e-05 









4.0742798867055376e-05 









4.2515939174157506e-05 









5.807914319759829e-05 









3.9245016103438056e-05 









4.940209629084592e-05 









4.634101751468746e-05 









5.172611946243898e-05 









4.878412199886202e-05 









3.935079032317929e-05 









4.33305197718775e-05 









4.410802944714422e-05 









5.90874784961885e-05 









5.469068138270171e-05 









5.04463393549058e-05 









4.2072600783836884e-05 









5.14804928968181e-05 









4.2693899705875224e-05 









4.4451039910149064e-05 









3.9620988287408165e-05 









3.794575124519638e-05 









3.70574035642225e-05 









4.7846814090330727e-05 









5.034507169357056e-05 









5.311296687472841e-05 









3.677367876216901e-05 









5.178334356839741e-05 









4.90348594902782e-05 









4.185972646690263e-05 









5.0613358027045603e-05 









4.950374582101175e-05 









4.903916250795092e-05 









4.715627710511431e-05 









3.8859859598766044e-05 









4.8026429769721795e-05 









5.5179681124595285e-05 









5.4403141490718624e-05 









4.811486695516966e-05 









3.453015102808795e-05 









5.2189963782478505e-05 









4.1780930205472406e-05 









3.977220640010409e-05 









5.36326235042197e-05 









3.9428870191441666e-05 









3.826422111967792e-05 









5.8940512462103665e-05 









4.460506717085741e-05 









4.7197315176312426e-05 









4.137229276299253e-05 









3.968227993759545e-05 









3.84359567197192e-05 









3.892742377059149e-05 









5.756885635178709e-05 









6.127730659615806e-05 









5.293068166835239e-05 









4.2946902817240826e-05 









5.506824436155527e-05 









5.6833846422180286e-05 









5.05192353451092e-05 









6.411061877495705e-05 









5.5298330467407465e-05 









4.0514954383907324e-05 









5.164327989220283e-05 









5.1721511567022963e-05 









5.437499495036521e-05 









4.225413141103754e-05 









3.6069463961670945e-05 









5.962951982675405e-05 









6.515369104095534e-05 









3.7131946091763086e-05 









4.9583086217024584e-05 









4.85337586856599e-05 









5.863452713402211e-05 









3.7310834854438e-05 









4.2485462942825185e-05 









4.484080953218049e-05 









5.429991826703614e-05 









4.426893726998721e-05 









4.81978943541116e-05 









5.7037092058760784e-05 









6.0251002358696405e-05 









4.329998683270662e-05 









4.2784498380841075e-05 









5.04557234616221e-05 









6.191724145441322e-05 









5.571023249450178e-05 









5.046556738196528e-05 









3.6854397402529975e-05 









4.766106875443422e-05 









4.461006397431896e-05 









5.072960259824182e-05 









4.505157463029705e-05 









3.266380060629301e-05 









6.459667549982203e-05 









5.040668959711574e-05 









6.406944652170561e-05 









4.208445068998808e-05 









4.091174942049776e-05 









3.7194438455052074e-05 









5.253168311413576e-05 









4.1229500552719866e-05 









4.9421871039330006e-05 









4.0096008355797943e-05 









4.5928676390014946e-05 









4.3556712052775555e-05 









4.831366248414876e-05 









4.192127775029116e-05 









5.091591268803299e-05 









3.430946188238699e-05 









5.349832622755568e-05 









5.704437112388379e-05 









4.5727667477483717e-05 









5.6823268715726274e-05 









5.682226429065481e-05 









3.6356146874454794e-05 









5.269885424851993e-05 









5.7121642797886876e-05 









5.6008007486352985e-05 









3.954055526782217e-05 









4.31450186847778e-05 









5.61386196724078e-05 









4.118751733683893e-05 









4.119177510930467e-05 









4.878627738937352e-05 









4.137264016208927e-05 









4.228052861881496e-05 









5.591379009203879e-05 









3.616494101670259e-05 









3.5296103414465456e-05 









5.488495574592991e-05 









3.946891217962228e-05 









4.9872490124890556e-05 









4.095489309858366e-05 









4.394885541260124e-05 









4.700248563751018e-05 









5.316431097173481e-05 









3.995814995856907e-05 









3.531552066149727e-05 









5.5061680469123005e-05 









4.623333047376363e-05 









5.246990171673287e-05 









6.04321242076102e-05 









5.1841565294205116e-05 









6.12304114494192e-05 









6.174735942140817e-05 









5.302141479783275e-05 









4.7092337452663065e-05 









6.168137464691121e-05 









5.565370956227408e-05 









5.565639185193268e-05 









4.579087955751285e-05 









3.9349108454823605e-05 









4.805277475066794e-05 









4.1504718949113237e-05 









4.1763071070305436e-05 









4.161061040274663e-05 









6.757087061367765e-05 









3.569221024833992e-05 









5.3701588417766334e-05 









5.140109904298419e-05 









4.180640416735502e-05 









5.598560461560233e-05 









5.5760860608777325e-05 









4.136277234384803e-05 









3.493697033952584e-05 









5.781600672043853e-05 









4.3431519177040895e-05 









6.188721848488833e-05 









4.2833227511573574e-05 









4.0753917909057405e-05 









4.773521505206184e-05 









4.781834115401097e-05 









4.277298039762372e-05 









5.166608137151782e-05 









5.034083226013783e-05 









3.9453333648612336e-05 









4.785295046694255e-05 









3.9291921176636734e-05 









4.650108224070029e-05 









3.5851971876521284e-05 









3.7578553127039293e-05 









3.898208216658685e-05 









5.8317265103304805e-05 









4.219094664005285e-05 









3.94576513682403e-05 









4.239239984183631e-05 









4.209131225238278e-05 









4.354819171194633e-05 









4.845656641634106e-05 









3.406506402724222e-05 









4.88557769522585e-05 









5.8238154233573227e-05 









5.9350730327612553e-05 









5.348495586521259e-05 









5.0101558849905344e-05 









6.05351586533447e-05 









4.273593641580079e-05 









4.4810779451834246e-05 









4.220770705266103e-05 









3.755703221576991e-05 









4.271678404743352e-05 









4.3658463367141336e-05 









3.8759108864354623e-05 









3.619297878063098e-05 









4.0155554351310194e-05 









3.8636079095093404e-05 









4.210946287257759e-05 









5.5180881584132745e-05 









4.230359257099041e-05 









4.209246708555313e-05 









3.774244927385511e-05 









4.354049214233552e-05 









4.1050824533540737e-05 









4.854575015326136e-05 









4.940426025896178e-05 









5.1945333326987e-05 









3.8873112603134206e-05 









5.3869111643840205e-05 









5.264589638555045e-05 









4.596291640600952e-05 









4.242311434141336e-05 









3.836023204070533e-05 









3.54278907087326e-05 









4.4099575460909094e-05 









4.4817569371344046e-05 









5.80384845791936e-05 









4.9167592204100955e-05 









4.66083428704918e-05 









5.6345949892755494e-05 









4.794078244956359e-05 









4.8405490603912525e-05 









5.774435282850666e-05 









3.3764440502929364e-05 









4.032395682697087e-05 









4.991206426314902e-05 









4.2538220199602155e-05 









6.79689331261443e-05 









4.560912884957084e-05 









6.0408064734622924e-05 









4.559258339540285e-05 









4.0297231326566745e-05 









5.819482614042324e-05 









5.556446361220619e-05 









5.394394689219243e-05 









4.486127946967741e-05 









4.912511065587066e-05 









4.101857466451613e-05 









3.9638903718870234e-05 









5.8154608772982185e-05 









5.224581355870902e-05 









4.043707035826317e-05 









4.327632702980304e-05 









5.183966638046306e-05 









4.7129610003843745e-05 









5.275951247632656e-05 









6.165521740229866e-05 









