0.0 









0.15664696318283192 









0.2340159274318352 









0.2503878292021536 









0.26544132779421054 









0.25745829959395145 









0.26039379904062443 









0.27030579477888267 









0.2748573703220573 









0.25314431037691054 









0.25162247009673666 









0.25975192927649193 









0.3787447961139439 









0.46805103530445213 









0.49799523834639337 









0.5061728837799266 









0.4692795897535154 









0.5214074782165468 









0.5342204460892327 









0.47815098002645406 









0.593892294706681 









0.6358847849502376 









0.5928433139656182 









0.5475562968353518 









0.5498365366632506 









0.4971970349296816 









0.5369452974484663 









0.6062863020879933 









0.6273251186248322 









0.6460558041934935 









0.6506716215210563 









0.5662253363401376 









0.5469470799408805 









0.5553245651803863 









0.48300814076696996 









0.3638619836670519 









0.420938858271212 









0.40075750641565394 









0.37348439225095625 









0.3120213633526372 









0.27547649448581146 









0.25362895497640897 









0.2678632776259889 









0.2720425273384011 









0.2720972269678566 









0.2880176864625801 









0.2852405855556926 









0.286768713474268 









0.28159792298789865 









0.25619362327433837 









0.26740763060863526 









0.2715712541589305 









0.2686830210234111 









0.2637945920246382 









0.25801857826170804 









0.2584605771170389 









0.2651248365860153 









0.28505869132240325 









0.28006551812967073 









0.2882826313332486 









0.26782751428986434 









0.26101301142762673 









0.25784344258716707 









0.2590893259230227 









0.26046914339831867 









0.27112762039545996 









0.2818810852891669 









0.27336625500001804 









0.2703488892089547 









0.2648489928164371 









0.2780439910914662 









0.27473959962802197 









0.2741607139856714 









0.2715487340812228 









0.2682678679704237 









0.2629135490240106 









0.2691569396534231 









0.2713479517265024 









0.2797305908637243 









0.2789316582620618 









0.27669388716745186 









0.27187373518301305 









0.2789668814074493 









0.2857689996332338 









0.2833190618170795 









0.284777725498048 









0.3562030887845373 









0.5142932108750009 









0.4898839427506826 









0.5236038214783023 









0.4784986272279486 









0.4701593725197477 









0.5343536973422531 









0.5462144152791832 









0.554556570166717 









0.5630098769167251 









0.6223292393964989 









0.6824958995868918 









0.5985461418855103 









0.5971164849962916 









0.7354974392500351 









0.7467105768124829 









0.7758979202970439 









0.7389483562316421 









0.5720232877900094 









0.528564780020383 









0.5282318228698206 









0.5638853372506264 









0.519727128999635 









0.3804895199387285 









0.42145861544576035 









0.4215515140491993 









0.37849324651972077 









0.293458402628994 









0.2712489963581602 









0.2663151349385089 









0.2858303206073883 









0.26496961000367036 









0.2771561319425542 









0.27212180851941004 









0.2730949542585533 









0.2752415693015511 









0.27381989662102174 









0.27687818860036484 









0.28025766114978146 









0.2832804281438817 









0.2807294144761569 









0.2899157493302154 









0.2843444564379505 









0.27180503845158177 









0.26953401946508154 









0.25902219020766937 









0.27776656879374495 









0.2707797449307271 









0.2768794495666396 









0.2919144635001972 









0.2721892155386781 









0.2610951734650207 









0.27889014536886564 









0.28001260108037485 









0.27458234111932434 









0.2695910596940668 









0.2560148993454262 









0.265647035999987 









0.27234406661000593 









0.2759235588307586 









0.2635518060858958 









0.2687472108873801 









0.2637286074584211 









0.2553027522262133 









0.26558461753841195 









0.26708607568945275 









0.27159014968088885 









0.28466321101402475 









0.2697364411334839 









0.27641360532403036 









0.2872965179784329 









0.28622104983339236 









0.27838270028569284 









0.27869558263256117 









0.2893267630973864 









0.28769583327342085 









0.28180719090569417 









0.29022606951203483 









0.2827434577575768 









0.2904674185354089 









0.2761626512831117 









0.2746564862706065 









0.26881125489138674 









0.2845933190674865 









0.37805615470358434 









0.49596711831009305 









0.47038988176751184 









0.46706731940864643 









0.5025131339121497 









0.5269194459043758 









0.5234137387358843 









0.6245055723813481 









0.6816212346405066 









0.633824834809582 









0.6371533142597114 









0.6742122136500927 









0.6928438182003571 









0.7721911722177827 









0.855440985182332 









0.7779534598395599 









0.6616540866291908 









0.7146009435683736 









0.7161985801031038 









0.5677444668888901 









0.5964263169548233 









0.5651162501748134 









0.48260782600082547 









0.37986825836396365 









0.483647876821094 









0.390921089011109 









0.3592549893739066 









0.34773615625201293 









0.31154688416738346 









0.3033354642113735 









0.3096847541748137 









0.2883459453039294 









0.27612565047964777 









0.26991818704721704 









0.2684000582896461 









0.27019976214788266 









0.27961439497382434 









0.25423423620646685 









0.2861511046017564 









0.2838319835711762 









0.2763762586320116 









0.27432206031105233 









0.2755183399279689 









0.2983340258910569 









0.27177035129888255 









0.27685472913807196 









0.2880853419750107 









0.2860799824390287 









0.2863814087378029 









0.2747267384877277 









0.2832705703687548 









0.28894527485327715 









0.27589479802560574 









0.27621294492716353 









0.2877029648616796 









0.27197033380190466 









0.2694330137591169 









0.27323881242346443 









0.2903406887512487 









0.27780558826404284 









0.28432595789522846 









0.272149174523135 









0.2680857355916614 









0.27355333621338107 









0.28797014022206874 









0.27852218677290735 









0.26978164615405903 









0.27186461634050607 









0.274688540545073 









0.28983380307515905 









0.26980252044234526 









0.2891064425123716 









0.2733276432261405 









0.28355261192656595 









0.3481074379559027 









0.45298920465574666 









0.43504397501938274 









0.475461376035574 









0.492636996862964 









0.5442739117697301 









0.5875141598510526 









0.6019324845056147 









0.5782389307793198 









0.5760299547846326 









0.5843641482741946 









0.49144785161803006 









0.43398987661065774 









0.48696909744484895 









0.4424608706487434 









0.4229919109639718 









0.45382684797911427 









0.5779923875397255 









0.6301457656636017 









0.6301349237867827 









0.5630007314091744 









0.5091618201848752 









0.518221894599126 









0.5233606718299043 









0.5766457044826498 









0.3707376842946496 









0.4400659715473319 









0.391549177935621 









0.34506149735601716 









0.3260579684072633 









0.3584935298114635 









0.35626604465989936 









0.3408617189783627 









0.33830018042702587 









0.362917451463075 









0.35969925504562095 









0.3421186556171416 









0.3451795604079139 









0.3385067071021854 









0.3363769081066363 









0.3502011993258324 









0.3439694361317321 









0.3580721311058893 









0.33530240985686205 









0.35193303763368733 









0.35825830729256436 









0.35874923472251957 









0.34828586819602464 









0.3579095372937001 









0.3511722428321125 









0.36701150429052354 









0.3401489420434552 









0.35006202498065275 









0.3520059694922875 









0.34123181790099383 









0.31622697506369696 









