0.03 









0.3068901263020274 









0.5170370347741785 









0.5860913938166514 









0.6225655731321961 









0.6260806651022944 









0.6464929352290484 









0.6057816552583988 









0.5952680067951195 









0.5994766926070583 









0.6046004719339376 









0.6368643908018073 









0.6175479209506264 









0.6279368002702284 









0.657867399095455 









0.6623602265774502 









0.6510046436304757 









0.6403587383183381 









0.6056764170048756 









0.6224006364479707 









0.5975169014243231 









0.5834868956323478 









0.6562145950505168 









0.6211044063651247 









0.6356753235050014 









0.5655791547804444 









0.6094178174512153 









0.6159508948997348 









0.6127525497915574 









0.5980846479906483 









0.6300809158513467 









0.625119290086715 









0.6124601636149168 









0.6149178680003465 









0.5881957825078263 









0.5713585021901427 









0.5723554347466671 









0.5894461070696596 









0.590016243365759 









0.5852550364916524 









0.5678917231317814 









0.6053231476609697 









0.5836711210359683 









0.5859340859088104 









0.5922588291321575 









0.5923817323345846 









0.5787753250945 









0.6241836318078993 









0.5967254057597967 









0.5883666503557776 









0.6367644641686594 









0.5590303853501307 









0.5971156333971598 









0.6048475987410887 









0.5965545133534884 









0.5996296003381201 









0.5895945409003341 









0.5455706727805223 









0.5960104226199675 









0.5947379484507909 









0.6084006708672896 









0.5767976263590007 









0.6223509692222513 









0.6220165905126782 









0.6236649858213733 









0.6282290865038918 









0.6002036223608966 









0.6503454627241788 









0.6408193671950493 









0.6686332558139203 









0.680833435123694 









0.6831372248510534 









0.6524246172063528 









0.6667562831113865 









0.6416043732548086 









0.6446246482787621 









0.6492661317318016 









0.6425485459521127 









0.6435465843002831 









0.6477996276126738 









0.653834054242727 









0.6750067539473608 









0.6693472720975365 









0.6506980963669782 









0.6166159685509238 









0.6059050664828469 









0.6833396985341859 









0.7172308011967882 









0.647111521267785 









0.667027473764942 









0.6445446620383364 









0.6375203947404888 









0.6707318777722915 









0.6439924959576712 









0.6315907243113703 









0.6183781109444196 









0.6493415823181258 









0.6682194543460982 









0.6008533423683721 









0.5893636354834418 









0.6311868385685466 









0.6437303163928666 









0.6478289816078493 









0.6705936214493562 









0.6370626977331483 









0.7046629423429129 









0.6771618481739573 









0.6658335737713073 









0.6821115498672717 









0.6867721420528428 









0.6980814924415913 









0.7590293241761412 









0.7183050246009042 









0.6697566508353439 









0.6729894523220532 









0.7175315486159242 









0.6748585588847263 









0.6217226652618925 









0.6399902374245383 









0.6308115381537257 









0.6332946840321557 









0.644812592059757 









0.6421639147548521 









0.6767607583844719 









0.6167055415744299 









0.599151536238492 









0.6721160782633481 









0.615102719509612 









0.6240825126029101 









0.6838392573237395 









0.6414611909078042 









0.6557985218149388 









0.6862590283202001 









0.6374711605585746 









0.6391910593814535 









0.7000268563082728 









0.6681893076935308 









0.630020746227713 









0.6277810212309716 









0.6763909780082247 









0.6609996283118633 









0.6592231163991731 









0.6867014391486612 









0.6547898862585655 









0.6282607423494246 









0.657465216952118 









0.6576754986889758 









0.6612769535614448 









0.6698386571696359 









0.638192050437554 









0.629142530675268 









0.642892159307247 









0.6533490241123932 









0.6644310216947151 









0.6577270962820095 









0.6583594352893417 









0.7163751411970734 









0.734038226906891 









0.6547346817409629 









0.6545915999188427 









0.6158586619222552 









0.6713492219848572 









0.6520015962205099 









0.6950558943812599 









0.7455353532365993 









0.7619461016514493 









0.6382778062430431 









0.5551410623092199 









0.6265240798966182 









0.6652947400070368 









0.6589612197971417 









0.5708032416568595 









0.5990013125419096 









0.6407750035012919 









0.6700868448652496 









0.6382371414643156 









0.6621895009025598 









0.6070177694080351 









0.6363849839566986 









0.6362066514075896 









0.6013919529803703 









0.595363692160607 









0.6049906789511296 









0.6512384018716133 









0.6321593265569567 









0.651065828583959 









0.684824786850453 









0.6195642508039283 









0.6364089368642623 









0.6518702908389811 









0.68725459375614 









0.6227900362423265 









0.6101280510322339 









0.6402453078996813 









0.6727504429106869 









0.6735555926526373 









0.6316840795612059 









0.6156987531151266 









0.6536829449033854 









0.6689248649897566 









0.6901292577524376 









0.6397466075062683 









0.6440075469159289 









0.6441399139736641 









0.6732567506516955 









0.7142196142129458 









0.6817036420498999 









0.6395455896081504 









0.6322153137489182 









0.6843732069279488 









0.6414343049659584 









0.6215299070568918 









0.615932577375733 









0.620114310360412 









0.6031668223353298 









0.6490935322973284 









0.6719084426139255 









0.6323588798448869 









0.5771727998477632 









0.6680883813177709 









0.7064333481128598 









0.6603210999748695 









0.6390585938693788 









0.6728632769771798 









0.6776698991403921 









0.6612613102193196 









0.6368808981855966 









0.6161603763714285 









0.6328856630028878 









0.6441058954755073 









0.6466506339687879 









0.7076141589394519 









0.6317929806426188 









0.6489131626691811 









0.6583436269589253 









0.6662146933349709 









0.6775544572519591 









0.6570515216927335 









0.6508352248305328 









0.6279901396808636 









0.6481891185358853 









0.6755761390118317 









0.6850632734280622 









0.6689656775375792 









0.635955547749931 









0.6543161614760624 









0.6236351820662979 









0.6443112993537449 









0.6939860787194221 









0.6600028701790237 









0.6567023364558859 









0.6324921372486264 









0.6109523197130781 









0.6613028782673234 









0.6523274232277683 









0.6381253925147099 









0.6957592255345599 









0.6383949019835475 









0.6627656155024612 









0.6619109533416481 









0.6261668148917701 









0.6458626212743567 









0.6635590746372244 









0.6079731060352036 









0.6035861213323188 









0.6520207321907099 









0.6752953380711462 









0.6630673670971078 









0.6804258039018223 









0.7279065344389849 









0.6952847345894984 









0.6655315848421177 









0.630134023854064 









0.6926615182672972 









0.6862915011782849 









0.6353150951687663 









0.6457258918346392 









0.6418648622574469 









0.6404492320547237 









0.6733665485459319 









0.6404951053964714 









0.6722278073846817 









0.6195911558183385 









0.6687866662391064 









0.6379837678398961 









0.621109652841133 









0.5989607619226105 









0.6368945460381503 









0.6408889128374964 









0.6633950963096107 









0.661215174443907 









0.6494543927321184 









0.6471284661342431 









0.6543779854054694 









0.660593022628878 









0.6536299507116992 









0.6481908074366758 









0.6234317248646188 









0.645731879039416 









0.646977078578739 









0.6537388527111114 









0.7358784179887949 









0.7083574720326153 









0.6759235645171502 









0.629242066368125 









0.5798468752145477 









0.6013936608403324 









0.5896546322740048 









0.6634194885929199 









0.6827744585902066 









0.6418182277257474 









0.6189890488424429 









0.6969060709107778 









0.6989938032503131 









0.7103430804241735 









0.6599770314552382 









0.6266054827849391 









0.5842975075344061 









0.634967785581539 









0.6494978768700597 









0.7149352668773273 









0.6436583723103785 









0.6139453509658571 









0.6219767004932255 









0.6325839785695291 









0.6035428770423377 









0.6068348586408708 









0.6832132907470434 









0.7043340908940152 









0.6717643199998563 









0.6246356685429266 









0.6256101631985342 









0.6492166702684177 









0.6807020235733684 









0.6803322148978289 









0.688697932413536 









0.6884457285250181 









0.6982136446003324 









0.7101021373665748 









0.7091582166739184 









0.6598315955944758 









0.6654220181520516 









0.6919362672361645 









0.6839440765480815 









0.6639150391700416 









0.6519303762691884 









0.6460848037016408 









0.6225072549502965 









0.6253674227320661 









0.6345537929149244 









0.6375648286380287 









0.6735674320184774 









0.6219852144485862 









0.6038448350854779 









0.6712484702628012 









0.6805882333717237 









0.6485343873351098 









0.6273558481837682 









0.638321926539321 









0.613325982026043 









0.6104665918865914 









0.6447501962749267 









0.6773198706877306 









0.6817599701082322 









0.6521638013887111 









0.648450215682946 









0.6151709804714437 









0.6069559550157807 









0.5706449031652197 









0.6183564092681529 









0.6221949660563256 









0.647015207808739 









0.6335999725258629 









0.6110866719713516 









0.6253078792023838 









0.6557777219425814 









0.6478102293669558 









0.5996694832337393 









0.6151191423409416 









0.6499363715529766 









0.6576101384914632 









0.5994236785473138 









0.5986040572116361 









0.6483831714435385 









0.6962892720548782 









0.8188057979530422 









0.9889012513316305 









1.0532759269132073 









1.0134746648934188 









1.0604269466311385 









1.1408752662586448 









1.1310651307468567 









1.1538445109872262 









1.1631351866730892 









1.199334494147086 









1.1979439437728827 









1.119369401516925 









1.1007897506956223 









1.0380376515927299 









1.0471487447075627 









1.0623211053633332 









1.1128992560787507 









1.1212906163683973 









1.0617580037705687 









1.074022896049121 









1.116759368924558 









1.135313367602788 









1.1137693534399011 









1.022989343033352 









0.9738509789360569 









1.0222245996677624 









1.0151540084425819 









1.0329557883195228 









0.9830488064720935 









0.9386620781416886 









1.013899553758225 









1.0791807323395242 









1.0148004752556017 









1.1209665698810216 









1.0737242938670162 









1.0562423987290865 









1.0396019029361576 









1.1507763766437544 









1.1692308855771945 









1.1201614126156603 









1.087358240928995 









1.0475897707154815 









1.0884774494010672 









1.1337413142415254 









1.1122321069703023 









1.1066018170939098 









1.098484594129922 









1.0478507444646266 









1.0223969677825389 









1.036084731860335 









1.052439256101353 









1.0467052237007421 









1.0573845287906132 









1.101229409475447 









1.1241563565687174 









1.091151399940903 









1.064263753696303 









1.0859060497077344 









1.0785249766409633 









1.0232456543595043 









1.004229971374379 









1.009093598540176 









1.0330845052530844 









1.0476968991752926 









1.021898573644045 









1.0193577739385729 









1.0256701852315493 









1.0235082864856386 









1.0343529562807299 









1.0036345544516432 









1.0075268475035397 









1.0028241984201776 









1.008772505554938 









1.046613871835304 









1.053953156605561 









0.9868476223424133 









1.0246267962076354 









1.0174762047065606 









1.0420360364067658 









1.0590810100353705 









1.0736027586097943 









1.0644459050755248 









1.0411215735261223 









0.9879448282542895 









0.9799435282410444 









0.9814138909438426 









0.9830530229420266 









1.0020663530848097 









1.025687307483913 









1.0073038837858952 









1.0233929421501453 









1.0095688194272385 









0.9985609342086531 









1.0334419201474205 









1.0238758671303594 









1.0069018104605623 









1.0043592818709133 









1.0326930205444993 









1.0727315157611463 









1.0240279719894088 









1.0156055687413243 









1.050834256468861 









1.0661894481446064 









1.0158155213900297 









0.9990285291010219 









1.009946450876828 









1.0317679311184107 









1.0321876186637837 









1.0145052436325352 









1.0340076683373904 









0.9842032647820559 









0.9992008251418071 









0.9718117244011074 









0.9737944376431938 









1.0088637525151694 









1.0563211237362946 









1.0388526524458894 









1.0248435913999294 









1.0415335995900894 









1.0143897860767457 









1.0201097042593275 









0.8766290771630972 









0.8028716514849988 









0.7306747704902473 









0.7264508355547954 









0.6641478786765843 









0.7086749690938647 









0.703958058948227 









0.6913119385489229 









0.680312877286734 









0.6597978876023122 









0.6863625065537854 









0.7080307830949012 









0.6474958126492996 









0.6017337939109948 









0.6506858349903692 









0.6926071154087109 









0.7402840867473703 









0.7124891170073988 









0.6820868111071158 









0.7086356040145666 









0.7120920269666426 









0.7280202069385456 









0.7032802454297405 









0.6619654757728533 









0.6765557879005686 









0.6566445837504047 









0.650103049601341 









0.7074794672546649 









0.6933245841820507 









0.7192168611198847 









0.720958918874687 









0.6760911992710026 









0.6935157658090412 









0.6565359416883214 









0.6674482731807526 









0.707347095801638 









0.7115258059432488 









0.724827247844167 









0.703366416231315 









0.6991874862346065 









0.7032642951322635 









0.7327428101106432 









0.7044695951992688 









0.6815972672430688 









0.6631901282439252 









0.6481561173095867 









0.6418003774930565 









0.6677828713456939 









0.6695155599062246 









0.6818167000693028 









0.6723377844797223 









0.6959378902597535 









0.6092865828436421 









0.6502583777590555 









0.6514060863520564 









0.6677988684238866 









0.6599802882687654 









0.6911400596619953 









0.6640238720434274 









0.6504227227113769 









0.7049637381591559 









0.6639278425080415 









0.6496530183121143 









0.6659218378711211 









0.6623397233844626 









0.6692851873453796 









0.6659590852857169 









0.6576500003282492 









0.5985620126494231 









0.6731243225155944 









0.6916195999547761 









0.6728271891159955 









0.663825617284098 









0.6174585995631069 









0.63905953380852 









0.6545153826649537 









0.7315056327757764 









0.6863944610721495 









0.6878590123828624 









0.6400173775464792 









0.6534939426007605 









0.5948050323014192 









0.6214924661378276 









0.6939999812811821 









0.6697157867501291 









0.6931724523840334 









0.7466580532678191 









0.6654772388891346 









0.647265953110484 









0.6534434805809034 









0.6851686898736037 









0.6501494098963267 









0.6500964118155528 









0.7018311376538742 









0.694074974773529 









0.7205224561502354 









0.6948607568035041 









0.681283802459917 









0.6403495526070286 









0.6416563389355733 









0.6756482877708071 









0.6295675161178532 









0.683850079317578 









0.7408487322336527 









0.6783839499967399 









0.6815122759161663 









0.6468421932219217 









0.6014295992999888 









0.6346231393092429 









0.6200829951515456 









0.663097574088447 









0.6646676788552338 









0.7253718448532386 









0.7477715283535253 









0.759457842370977 









0.7360038729791926 









0.6824713284090627 









0.6806401391731436 









0.6859529795697512 









0.6448463177362849 









0.6187671730192859 









0.6705605660554497 









0.6616974874186247 









0.6994511660908902 









0.6775169615642129 









0.6450454038321467 









0.639098802581021 









0.6819156659767347 









0.6844093220824929 









0.7007996221798376 









0.6830123191368587 









0.7159025636668447 









0.7240147761937261 









0.7194847289190424 









0.6756223118983556 









0.6532257599903835 









0.6855503518130008 









0.6549423949833254 









0.597460154338993 









0.6643504702294551 









0.6821787592308168 









0.6464092666387319 









0.6623755404287138 









0.6488669780925579 









0.6718583474213471 









0.673261930714666 









0.6524669908138625 









0.6381480167274953 









0.6821965677904046 









0.6784142731404496 









0.6573247035734479 









0.6826872660777036 









0.6782994322012461 









0.6788230264382105 









0.6276108160918143 









0.6392796557160665 









0.6851045485369248 









0.6816901948698314 









0.6798360039229479 









0.6917582773188947 









0.6268704030680972 









0.689956996538796 









0.6327082641514952 









0.6098392418288856 









0.652998884044625 









0.6898168276897488 









0.6995269529819973 









0.6317843218925188 









0.6942329902960838 









0.7364070721224731 









0.7342438183198265 









0.6586096154659832 









0.6948733104973153 









0.7374718148639765 









0.7125897121666656 









0.6934032144516001 









0.6891240968017939 









0.6602456095737458 









0.6452698377959581 









0.6537542827765651 









0.666247582121592 









0.6911247388520008 









0.7356985225484315 









0.690174076917444 









0.7240371303807441 









0.7307357545079654 









0.6601994299193301 









0.664803174873541 









0.6678692935329202 









0.6212797048859641 









0.6485278148350291 









0.6610140120275532 









0.6749351814752754 









0.6966421823093861 









0.6752091061801159 









0.6511040268799861 









0.6303573681448305 









0.6556052055052214 









0.66284327432177 









0.7204775543709739 









0.714009307011449 









0.6981543611660866 









0.6642955229098327 









0.6888096151362176 



