0.2 









0.00038889125146854194 









6.528556851479933e-05 









8.71966881854377e-05 









8.0877571513475e-05 









7.595414992405693e-05 









8.035660336911456e-05 









7.783154432696408e-05 









5.8033666474021105e-05 









7.488026771730118e-05 









7.190419458785315e-05 









5.097444972889973e-05 









8.281765318521883e-05 









5.854937975346496e-05 









7.749041814282071e-05 









5.3885747549728225e-05 









5.0666423167249355e-05 









5.477706162074687e-05 









7.083737901704751e-05 









6.665890064052814e-05 









6.099672679621125e-05 









6.201403295575482e-05 









7.761143702645124e-05 









5.9629442997143574e-05 









5.701526106876213e-05 









7.051020438273792e-05 









6.516162934614258e-05 









6.473891871871982e-05 









6.177433823038232e-05 









6.840615908589877e-05 









6.43486092144252e-05 









6.741113044271899e-05 









6.056714047541874e-05 









5.67100470272314e-05 









6.806015917164426e-05 









6.784564162180947e-05 









6.071021568617825e-05 









7.516179497212e-05 









5.6169737772293626e-05 









5.973401949403358e-05 









7.761205993118358e-05 









6.884548702616776e-05 









6.558017686184615e-05 









5.5278386984597506e-05 









6.203577366855793e-05 









5.173141562110388e-05 









6.895906769455325e-05 









5.503775332759095e-05 









7.167371790095262e-05 









7.840577567545852e-05 









5.047335260099066e-05 









7.900153480789655e-05 









6.635900406084585e-05 









5.3958706921141376e-05 









6.9167711210541e-05 









5.2019065147733336e-05 









6.011913132701734e-05 









6.800097557105798e-05 









7.863165046185795e-05 









4.695641632339022e-05 









7.36079621494421e-05 









9.212870531379371e-05 









8.22955936313822e-05 









6.46281440879475e-05 









7.522042837762756e-05 









6.22718251142347e-05 









5.506827815666571e-05 









7.353071717391163e-05 









7.91692987984759e-05 









8.848963214032638e-05 









6.441572252867235e-05 









7.025047513141663e-05 









9.476720378200385e-05 









4.9852588620418455e-05 









8.329030439761386e-05 









7.507373298709548e-05 









8.169834554933131e-05 









5.771080012153617e-05 









6.396024059222777e-05 









5.403574064100036e-05 









5.119553045099758e-05 









7.192699963764809e-05 









5.5431651089160686e-05 









5.4731038213890055e-05 









9.423846149832766e-05 









6.049289354605604e-05 









8.287170407946975e-05 









5.953063080849502e-05 









7.612395331139618e-05 









7.042640390930323e-05 









4.9538568188219347e-05 









4.710261203839944e-05 









5.56471370671077e-05 









4.3889761714975396e-05 









5.997654164295886e-05 









5.135285398793819e-05 









6.797283999656106e-05 









7.491039296809779e-05 









6.641411574938964e-05 









7.00666875982028e-05 









5.517851413130154e-05 









6.005136415329927e-05 









5.535415584646962e-05 









4.733246147634676e-05 









6.273720125996119e-05 









4.459360455245545e-05 









7.982929976473483e-05 









4.665151418997418e-05 









5.030843417817579e-05 









7.440476826779235e-05 









6.187133635718156e-05 









6.163419723749378e-05 









8.153357022194476e-05 









5.399205218900867e-05 









5.54171227820054e-05 









7.087022614884729e-05 









5.457818910666506e-05 









5.688524027033961e-05 









5.181126784435636e-05 









6.750023227219651e-05 









8.560868611511502e-05 









7.149861139558978e-05 









4.767613418015991e-05 









7.902685239330912e-05 









5.878736565642806e-05 









7.306651872756941e-05 









6.3462398716215e-05 









7.610264775718566e-05 









6.687051769440356e-05 









4.8646938647007405e-05 









5.0680938242781925e-05 









5.26316269312546e-05 









6.894882414988465e-05 









6.934933259691467e-05 









7.418236726466905e-05 









6.685469017778068e-05 









6.661498123886766e-05 









6.684377022097841e-05 









7.005317879211207e-05 









6.260704944210341e-05 









7.493197952272208e-05 









5.868174644943563e-05 









7.17332931303833e-05 









6.251426153017319e-05 









6.903774751934129e-05 









9.306663409592699e-05 









5.993124966566975e-05 









6.72567763934602e-05 









9.363561766995068e-05 









5.9285578231344105e-05 









6.138754230725551e-05 









7.666397590411049e-05 









6.601822065857719e-05 









6.452350469389524e-05 









8.378178117159131e-05 









9.282845309777558e-05 









6.329263449427914e-05 









5.2534523055578486e-05 









6.350608669991505e-05 









7.857468838052124e-05 









6.118347306736393e-05 









6.552459970599734e-05 









5.331945755354088e-05 









4.7547412216956205e-05 









7.989393759270274e-05 









5.4850374154264664e-05 









7.606686648663124e-05 









6.425983220792838e-05 









7.744295235180448e-05 









6.357737288323682e-05 









8.471054810986666e-05 









6.062356630042991e-05 









4.877125409664231e-05 









5.921270999765442e-05 









6.181740673223423e-05 









6.42566016062453e-05 









6.047968057140639e-05 









5.877380459354539e-05 









5.429521021962812e-05 









7.533898670634046e-05 









4.1566570273673574e-05 









4.61057558908249e-05 









5.987729098051795e-05 









5.095013234776949e-05 









4.738802298924023e-05 









5.618895072874296e-05 









5.1828698172381364e-05 









7.302117098358896e-05 









6.629595528286311e-05 









7.610824548126154e-05 









6.402232576667858e-05 









4.098209852995635e-05 









8.072965022515178e-05 









7.549760371669541e-05 









5.8844598034086615e-05 









4.755938854934129e-05 









4.870309778518136e-05 









7.36440675197908e-05 









5.9226994045497356e-05 









7.640416539601098e-05 









5.342889519155321e-05 









5.990756697357924e-05 









7.706285137437841e-05 









5.58457732094709e-05 









7.540337111227518e-05 









6.314628994646981e-05 









7.973086562236008e-05 









4.992076293533948e-05 









6.931321252291186e-05 









8.48502568114424e-05 









6.355447234724444e-05 









5.704542684133496e-05 









5.469100840339725e-05 









5.115801695024252e-05 









8.079121317575603e-05 









4.879081191306782e-05 









5.465974776510283e-05 









7.307862509616336e-05 









9.023431262324336e-05 









6.01463049143725e-05 









9.060812953863275e-05 









7.268845781954583e-05 









5.922242197413402e-05 









9.074540750906188e-05 









5.3932540305829426e-05 









6.085788413147911e-05 









6.0773501043474846e-05 









5.739020208084867e-05 









7.294662099257632e-05 









4.765003301219917e-05 









5.833427727795182e-05 









6.900468168612696e-05 









7.753133103476399e-05 









4.959929064498619e-05 









5.057815193869494e-05 









5.386690540851703e-05 









8.296064299609271e-05 









7.413536926927829e-05 









6.026928403684957e-05 









7.35737707701015e-05 









6.600899182357831e-05 









5.76468376020251e-05 









8.201903420907698e-05 









6.603056619362775e-05 









6.869410740561715e-05 









5.096570847728412e-05 









8.043889283291432e-05 









7.560201117415386e-05 









6.575229166144299e-05 









7.272964188617084e-05 









6.336908188279992e-05 









5.565893985821342e-05 









5.2620771965607656e-05 









8.146022914560215e-05 









6.924597495997745e-05 









7.287765397313278e-05 









5.859377615486724e-05 









5.526412825617004e-05 









4.900778437987786e-05 









6.830412414043444e-05 









5.4300900186722884e-05 









6.37314722013164e-05 









7.959541369436194e-05 









7.779358110477364e-05 









6.840137030711643e-05 









5.893717888100912e-05 









7.611098675506796e-05 









8.223179436432912e-05 









5.7011252536643907e-05 









5.639745780110014e-05 









5.015429762756942e-05 









6.518110291983651e-05 









6.962532344451265e-05 









8.179644298409518e-05 









6.499366217858993e-05 









5.644380731277605e-05 









6.584797592410028e-05 









7.926943125858863e-05 









6.151392525425855e-05 









7.13612004155619e-05 









8.067088041769735e-05 









7.301576722525469e-05 









6.465271158575258e-05 









6.384211626470453e-05 









5.9087752697299825e-05 









6.855562425251585e-05 









7.130130797827155e-05 









6.628816691137262e-05 









6.69949669019112e-05 









6.586350269307083e-05 









5.573027784799972e-05 









4.817668307726979e-05 









4.733856384218385e-05 









5.7186603030208536e-05 









8.126150907492629e-05 









7.486312678116889e-05 









6.738405969709081e-05 









7.02143115446828e-05 









7.377600373318635e-05 









6.764685784788242e-05 









