0.2 









0.32715893318528294 









0.13165482124985078 









0.1309861276440928 









0.1289221475600414 









0.12976499109237238 









0.13309776792332353 









0.12561638386995547 









0.12478623081984352 









0.12577862697332526 









0.1402208887639939 









0.1311589089967173 









0.13329498427396394 









0.11866754625823153 









0.11719199332734329 









0.0906610642924651 









0.09049373174288922 









0.06353504099694379 









0.05296221714813934 









0.055232845493694976 









0.0698982239142319 









0.06169434583350137 









0.05528652085162063 









0.05491828338264064 









0.05922178287750743 









0.05404903169138719 









0.05452617007403607 









0.04939549318647193 









0.04847172950869222 









0.0507718513603349 









0.051979975299835564 









0.059351328841628664 









0.059429554870119486 









0.053318887579189 









0.04962921986047325 









0.05427640376524637 









0.05532698663263897 









0.06604095006847417 









0.07204197940940567 









0.07598556545920604 









0.07925164699331563 









0.08376861683389256 









0.08194864686332479 









0.08844997207401839 









0.08223419078032268 









0.07462683932562587 









0.08365880557986968 









0.08813415289473286 









0.08675306235601615 









0.08454151295941124 









0.09645363465724469 









0.08575375910474455 









0.08551398219193669 









0.08093156345086427 









0.08328325536044986 









0.07532597896849214 









0.08340394601723954 









0.0851007573635858 









0.0891528545815646 









0.07470252482111712 









0.0775700455112362 









0.08097255502990987 









0.07302710037626378 









0.07872176606980577 









0.0797111223087066 









0.08141019004313155 









0.08102194257841061 









0.07955299634377197 









0.07972691945105614 









0.08061349594859399 









0.08038308968313457 









0.07436768110547892 









0.07765237075294563 









0.08568353608193713 









0.07885706560560793 









0.08292168198001973 









0.08084511862908929 









0.08173372691498897 









0.07999379253128097 









0.08167734379264396 









0.07652320968077397 









0.08218727095327087 









0.08186453578526155 









0.0867119964343451 









0.07301456355966257 









0.06298652586134945 









0.05836574791006508 









0.06272369573892739 









0.06237230183613302 









0.047795823394452056 









0.04713308438876988 









0.050552584523081985 









0.056716592678180446 









0.05005454547849668 









0.04568307080401329 









0.05156519318318415 









0.04702857200013223 









0.05084583299182627 









0.04295227831647529 









0.05205681491804418 









0.04661629761251381 









0.04953299856514895 









0.04922563809129798 









0.046643945310355726 









0.045459193639232426 









0.05172378531000856 









0.04753744024059439 









0.046318444725047175 









0.05213776645541403 









0.057568185662890264 









0.06111856423465156 









0.09773170339417275 









0.13192561888652343 









0.11957796588522444 









0.12443847726536134 









0.13936849029226211 









0.11804803088228677 









0.13561483803379235 









0.12680333579342934 









0.13698606141856418 









0.12208299308756967 









0.12007934254238278 









0.1256778146093366 









0.12312066785713005 









0.1321223748975543 









0.1283274510047279 









0.12110629303076392 









0.12850108355709614 









0.13276732666345856 









0.13920610884181686 









0.131339332251946 









0.12223016493623717 









0.12733413598689952 









0.12419283174464435 









0.13777744711989343 









0.12835111595962895 









0.12689508590579385 









0.14428082493657418 









0.12440705148288728 









0.1283639801988049 









0.1330272146142853 









0.13397533843136628 









0.12359372801908744 









0.13123151223687607 









0.1212764177998876 









0.11989554879787913 









0.12452037962582588 









0.1283500597375904 









0.1258838807738619 









0.1314684703438952 









0.12161836505632997 









0.124722833455574 









0.13472767743306524 









0.13385825479068575 









0.12452847463376622 









0.1230347288674794 









0.12174544165357651 









0.12863705653476598 









0.12109353684781234 









0.12245955575537676 









0.1158006042067971 









0.13164177824389425 









0.12158208856239779 









0.11541242100124302 









0.0993581212467693 









0.08612938764023584 









0.07339253064122941 









0.06698484121933462 









0.06535573779277926 









0.05572472200079476 









0.05454792485901988 









0.05522887849216183 









0.05325965144358079 









0.05209218018546707 









0.05403321254665487 









0.05578052696194814 









0.04872865127756031 









0.04729551892654321 









0.049568263630348955 









0.04608967059486967 









0.05277756084883881 









0.054665704949128285 









0.05932670596343305 









0.05899631996634005 









0.05386532609614686 









0.05548324587778463 









0.05452280011348578 









0.06097196004311037 









0.07655103767400273 









0.08342476113779727 









0.0861498965880147 









0.0867024757150315 









0.0812363563275301 









0.0862735405016635 









0.08805806553043836 









0.08921558737988194 









0.09130745705091944 









0.08691589547683133 









0.08811730961140696 









0.08568001152936602 









0.09384008319611276 









0.09866837046009701 









0.09598329034518116 









0.10455836710285218 









0.09511980046237167 









0.10002788007251542 









0.09614248943913364 









0.0985707424988505 









0.09784157579189007 









0.10461954460740557 









0.11061887860998011 









0.10371782744024236 









0.10259373278260064 









0.10216859082588883 









0.10244063470113188 









0.10611021915814342 









0.109445060754432 









0.09392694240009983 









0.10078770587932023 









0.10935880035633094 









0.09455106872432004 









0.10253220236220242 









0.11232443029944753 









0.09823277062767428 









0.10376384049710465 









0.11462472784758401 









0.0999873556775317 









0.09568812394608797 









0.09326594052646686 









0.10408043013289103 









0.1070114658412328 









0.10611258175504262 









0.10334448493587947 









0.10710716365859203 









0.10330263089209077 









0.1004528004599175 









0.08197257430174368 









0.06713492351012892 









0.06871672850097872 









0.05612553776632036 









0.05153368595280152 









0.054920754874976344 









0.05374167638332266 









0.05095804814930925 









0.050453484818761385 









0.052136079758621896 









0.05672429352384087 









0.05879758565240713 









0.05379284311620799 









0.04970032271925223 









0.04583339217717577 









0.04782730984454299 









0.04515756950998695 









0.047618205340638944 









0.05391650655438324 









0.052972467806717494 









0.047329921483982546 









0.04866841097334019 









0.056149201841075955 









0.06032920757825897 









0.061388930591654345 









0.09823952216920412 









0.1209959477450541 









0.12221216547303398 









0.11724641071237472 









0.129772732762719 









0.13687071762752828 









0.1273777579507384 









0.12721059205320856 









0.12240138280801868 









0.12918178922072165 









0.13388425157186995 









0.12811607473703288 









0.12641663042282042 









0.12771290006342764 









0.1298493904733673 









0.12347666717040626 









0.12991963269467144 









0.12817942450621528 









0.13228806286332215 









0.13621457129926828 









0.11877428478193039 









0.12559262858407988 









0.1272694201654006 









0.134217178450789 









0.1298909597093264 









0.1220701335193386 









0.12822006841152925 









0.13477741852382671 









0.12904886033454474 









0.12115217115411113 









0.1283020576427259 









0.13740866232652155 









0.141877552169333 









0.12170000080497428 









0.12349616852543993 









0.13718901046202736 









0.12045851755199762 









0.12784713903896652 









0.12591146742370235 









0.13039955048522672 









0.12209556914178252 









0.12476129308453632 









0.13572320147847688 









0.11442192063668075 









0.11623537661327232 









0.1280184626269927 









0.12362455953628465 









0.1225718994855308 









0.13137534805636947 









0.14050004477515515 









0.1445795812596773 









0.13716428774823491 









0.1227687212655461 









0.10184375001118962 









0.07641025167489615 









0.07039709828016469 









0.06666463586445076 









0.07579471549336683 









0.08844221745854808 









0.08286438310734193 









0.0722063920603051 









0.06522901033039666 









0.05861381979389588 









0.05696486463203783 









0.06631026871467874 









0.06501784384554674 









0.05725382833832944 









0.05136865761173112 









0.05845331957721807 









0.05659832392425961 









0.056708327120196605 









0.06295135721063652 









0.05839076269848454 









0.06410083244305693 









0.07020535549326506 









0.05974736986545861 









0.06191162176587234 









0.06139625759674965 









0.05307475929035729 









0.05544741279630208 









0.05847896632832145 









0.05979021819848469 









0.06185717819442127 









0.06087535668772002 









0.0568250237875874 









0.06345014335751106 









0.06190284881532042 









0.07004211167345689 









0.07949334507056668 









0.0892402796544893 









0.08962211580019881 









0.08128811734707286 









0.09248693521985714 









0.09180423307801061 









0.09292980718959953 









0.09926808122480342 









0.1036473669430125 









0.0933206555842899 









0.09840195747712678 









0.09309880330191833 









0.10231590974028784 









0.11407636108223725 









0.09427405225564674 









0.1032051032625441 









0.10090110802578162 









0.09949978064028454 









0.1121620166260203 









0.10687667125568494 









0.10224263757754007 









0.09597357332115292 









0.10786997917908561 









0.10819797120189192 









0.10221958211772184 









0.09950087000854854 









0.10206712909706744 









0.10479665511125458 









0.09379033149091051 









0.10906652326644842 









0.10467977584185206 









0.09764990790120626 









0.11309790173001906 









0.09986535523673848 









0.11662640704767774 









0.10372528678749712 









0.09957793708397408 









0.09392081144233863 









0.10639895216161582 









0.11160771320532092 









0.09705855310454302 









0.10332892331809085 









0.11325121101682752 









0.10029710787238677 









0.1003734228737365 









0.10565224726266847 









0.07732820035573285 









0.05836556587463686 









0.060582527625671886 









0.05600788134437375 









0.06111602072617914 









0.06422762459036521 









0.0571962011761091 









0.05363270947752178 









0.058816380927129736 









0.05931160182015564 









0.055824608990629125 









0.04729542392076307 









0.05184309417145663 









0.05012978545454866 









0.052849811900303564 









0.05206813008559959 









0.048066977378807024 









0.049726842303935925 









0.05937945536115723 









0.057596576777470876 









0.05664014002081847 









0.054461583087074314 









0.0528526573153123 









0.05187853369739622 









0.04765988839944428 









0.05668050881078686 









0.0899573020648674 









0.12446088194219637 









0.11764375084091136 









0.13001370976083512 









0.12396628249362755 









0.126598289642685 









0.12907011368892662 









0.1274235432362158 









0.1258800335185474 









0.13400855569894232 









0.12648613310142798 









0.1359684001720171 









0.13371919412912753 









0.12896535126745284 









0.1281227822173751 









0.13177104255502378 









0.12525450922505943 









0.12862593445869933 









0.12684164164755812 









0.1354027826665316 









0.12115395403565146 









0.13311967097523786 









0.13010657632018713 









0.12030850149555841 









0.1262230964718217 









0.12893309800781605 









0.13120871630777464 









0.12533225481364363 









0.12229725697827637 









0.1362308868031084 









0.12798053446333674 









0.126166212948023 









0.11949673141529714 









0.12211402269400598 









0.12112617107977003 









0.12000868757666291 









0.1257888347469915 









0.13282686737964639 









0.12512997743563012 









0.1252739224053615 









0.13253627372257376 









0.12157280840120598 









0.13338793791982761 









0.12549220946665074 









0.12320662404934052 









0.12532404432239436 









0.12763139577895685 









0.13550492340309378 









0.12221128111998687 









0.1271284738394657 









0.14465808014130507 









0.19787236509084266 









0.2700206111174335 









0.28403988387201795 









0.304536208584656 









0.37048711929547296 









0.3234583691635615 









0.29848775870126537 









0.25937401644364844 









0.21357717323352743 









0.19939391587898414 









0.2205792056228824 









0.2165256418167567 









0.23423328233204993 









0.20020270981178376 









0.2377880525634622 









0.23358346520588402 









0.24588712488079648 









0.2209646008843095 









0.23392164932380555 









0.2611458327820495 









0.27535219598572525 









0.31320622914409 









0.27051921057673234 









0.18634625964989304 









0.08166104524054507 









0.07068784511389194 









0.06774358283879842 









0.08080963156484328 









0.07976237222096919 









0.09003066232764734 









0.09536439031420216 









0.10248822415993841 









0.09998832741061163 









0.09516672089683006 









0.10271479072132489 









0.09766216814263297 









0.10248342821220384 









0.10521032499583806 









0.09587766841892217 









0.10709273597220681 









0.09345540263974506 









0.09193791282895852 









0.10691707702433396 









0.10225842823157777 









0.09402384155795909 









0.10054205164008906 









0.09558500233731237 









0.10150481776757739 









0.09810662183392496 









0.10113026723395949 









0.09171310769931296 









0.09115400803799806 









0.10565421972759137 









0.09696914552444799 









0.09835088074972159 









0.09144839124927641 









0.10053858694612922 









0.10209383686133457 









0.10617872603140704 









0.10327086848340739 









0.10379656447103303 









0.09434500895293994 









0.10270606384155942 









0.09848112179864602 









0.1028388529442798 









0.09822910165638263 









0.1010416626865194 









0.09511509973402525 









0.09734326544178648 









0.10610467164551794 









0.1063061446137814 









0.12487473590551386 









0.13449347231815403 









0.1087786813008784 









0.10197426007293853 









0.10210003717360512 









0.10348999047163311 









0.10167869585984673 









0.0924228171677759 









0.07806683425436128 









0.09202736060304964 









0.08628551219807716 









0.09206894804624526 









0.09689232060530231 









0.09443487394721675 









0.07514351098048715 









0.07432465989415543 









0.07879083487816843 









0.07165475431844257 









0.0815980314571966 









0.08065638667169137 









0.10129345454431744 









0.11727155844023304 









0.10830368932658445 









0.10392817549789013 









0.0687912894067704 









0.062264951477333116 









0.058545302564689865 









0.06384242590273229 









0.09310840707700965 









0.12761426350549232 









0.11924509515203288 









0.13046440613911842 









0.12917053927029537 









0.13108066522058048 









0.12445123667306095 









0.12681386029762542 









0.12899806336634667 









0.12466330193531383 









0.14303748601816774 









0.1374862197380785 









0.11766706487977957 









0.1259623219453515 









0.11629866795883467 









0.13114842321891806 









0.12010988474284359 









0.12089281879762132 









0.12698807261180403 









0.1227179181350955 









0.133742890101501 









0.12486921627469247 









0.12590407542662374 









0.13514547014176792 









0.1312481694028676 









0.1386326001340515 









0.12228263027261918 









0.12267465756188213 









0.11816097277739512 









0.13247430611702898 









0.13268305011745885 









0.133595175869275 









0.13233076375029462 









0.13551688355448754 









0.12861686754828078 









0.12702216770957436 









0.12698164766271625 









0.11612748667203554 









0.12899514593996053 









0.12853327978982607 









0.12244986719134104 









0.11921557403093336 









0.11869761410013066 









0.12680812980937928 









0.1256748319248028 









0.12787240554102094 









0.12343903298585568 









0.12110808780299312 









0.11416151573168402 









0.11418288090960821 









0.17180378873818936 









0.49572484953827445 









0.9056879342350583 









0.9648957013148363 









0.9825236372318569 









0.9912054767817469 









0.9937897972024444 









0.9955967267029218 









0.9965843954529815 









0.9967126640275621 









0.9968086029905793 









0.9969817292785892 









0.9967772747116705 









0.996641965145594 









0.9967025634836526 









0.9974378633964395 









0.9972192817565082 









0.9968192375590397 









0.9967624951369745 









0.9975704365881997 









0.9985408575372501 









0.9987496834443452 









0.9988226149146994 









0.9988769254448742 









0.9979123490649835 









0.9683561301511514 









0.5217474220878964 









0.1543123971907755 









0.13628157719973 









0.13630527178348162 









0.11761154043901881 









0.1392752329201073 









0.12070566506645704 









0.11461432215071798 









0.11374523093921943 









0.11915080272616779 









0.10880249876740572 









0.1137724589031763 









0.11370183520907709 









0.11808230618936119 









0.11573475346874562 









0.10854556196926439 









0.11406271828244197 









0.11406452917599623 









0.11187882212337388 









0.12324941742854667 









0.11105333470062287 









0.11031649202334656 









0.11737657838174864 









0.11820710489575875 









0.1037125901184697 









0.10577440492208637 









0.10618370225506149 









0.10725503676337061 









0.1162165784705764 









0.10761276338048842 









0.11911207070650809 









0.10951882810762754 









0.10783075734404118 









0.10950419921109569 









0.1101010603647101 









0.11491212885592852 









0.11217110716952733 









0.12028313724181157 









0.1154460548159027 









0.11861328629810625 









0.11247608954444308 









0.10916121475390035 









0.1196437581905821 









0.12115564516755584 









0.11153701756097056 









0.11165397213084544 









0.14676510849068075 









0.21902123923026104 









0.24616324200738207 









0.2522863455083883 









0.29177674052181013 









0.29174825468833165 









0.2771822443524875 









0.33887633138857814 









0.4669287674759861 









0.41996351222923406 









0.43221832275436745 









0.42213126791492706 









0.4527715657342678 









0.5192004401629057 









0.6638607228223111 









0.772902762550872 









0.7539401834332855 









0.8229578665557619 









0.8395078412567336 









0.8241506037255659 









0.8689412079463452 









0.9249053692944971 









0.9428325002423498 









0.9593379360241516 









0.9430982372512267 









0.7710137769342116 









0.24696953093195856 









0.12947900148805344 









0.11980179444527005 









0.12509887523404029 









0.14238689489498346 









0.14432526037969085 









0.12516403288296507 









0.1285226030078272 









0.12761286941488212 









0.12825527332324854 









0.15391782148974748 









0.13833458115889463 









0.13635573230078696 









0.136384294446864 









0.13652203470746482 









0.13118446645998189 









0.14156041762104393 









0.14434035825930985 









0.14264400188704673 









0.13632620580841184 









0.1319320800220703 









0.13066752182884628 









0.13336698831777064 









0.1395960545444871 









0.12887497354817667 









0.12777404009147922 









0.12607719942016113 









0.1414499929604176 









0.13806822812532946 









0.12738939924644585 









0.13476876771417987 









