0.8580000000000005 









7.686867154212562 









4.599598993578686 









4.174639437382562 









4.256986550706722 









4.208164204525713 









4.211506480059013 









4.158145131594704 









4.187703169018822 









4.111593360289235 









4.175740454118334 









4.200093706862413 









4.154579027980552 









3.9915346022536986 









3.8423526934780217 









3.594846579317303 









3.3563238633268857 









2.8973393662119777 









2.4237496842541426 









2.360781998985554 









2.607728463806193 









2.597301534183832 









2.431616558330216 









2.325684879203059 









2.3218794961922793 









2.3127746933308533 









2.276168672355173 









2.040893542916909 









2.042495210492472 









2.1171233352138517 









2.1451622502599337 









2.326348687112928 









2.391365357724514 









2.261240988169485 









2.183335412516109 









2.255104006275821 









2.3834440012817577 









2.6791584275771645 









2.9495555318546063 









3.0136717864074236 









3.077207193608653 









3.1089240831609173 









3.2125083867539836 









3.134119052947276 









3.192162650775741 









3.152078763159364 









3.158104798502659 









3.2768953487815247 









3.293473680274183 









3.2559853499715414 









3.467046385071271 









3.4371394166787987 









3.4171516798727555 









3.3080129737592663 









3.1349313393071654 









3.139027106646891 









3.1290516230785452 









3.1763118947316755 









3.2034554797954726 









3.0867325225994593 









3.1547695673324547 









3.1585357645553285 









3.0570345281658073 









3.0757181266702016 









3.161577764425825 









3.1314591492397152 









3.174928503373046 









3.213696603345517 









3.1171769004706045 









3.0304611802598274 









3.080446734559818 









2.972632685131909 









3.0487386694207173 









3.146625627973066 









3.188855826789 









3.15573501533631 









3.173716313694839 









3.144036562023346 









3.1798477878731393 









3.1668128625157776 









3.0946277685985093 









3.083084240301357 









3.172990365860069 









3.2168770177898938 









3.1042101411615537 









2.748180642698395 









2.5431426137938318 









2.6347360149734746 









2.4891692249803072 









2.1817705247306645 









2.02801347585112 









2.1673538733640534 









2.3650315802360975 









2.22933711347681 









2.023488570042157 









2.0144633993831595 









2.0208047517211742 









1.9951802547171988 









1.9825497107841716 









2.018110280251376 









2.0072848292638312 









2.0712410123213716 









2.039171463845955 









1.9845031747464543 









2.011296251642871 









2.0346382476652667 









1.9654624767198925 









1.9544426992103294 









2.1122907852682387 









2.3161102104814133 









2.501500166822293 









3.0667752645391233 









4.017786287234507 









4.154070842835379 









4.135462337919566 









4.195099128869159 









4.147740620074903 









4.095191678143465 









4.183058058079832 









4.221108082003981 









4.185658357749419 









4.105191543055241 









4.160153525451133 









4.163280662640507 









4.206872490792096 









4.184893961741514 









4.129462878709278 









4.113327658479715 









4.198240596884356 









4.187615808976306 









4.1906923038476975 









4.172760457954179 









4.165657562175875 









4.140874939318853 









4.165062163420897 









4.121384476360261 









4.1473311469504965 









4.290250711668825 









4.228588226054963 









4.1802027237191375 









4.184929881612283 









4.171618825710566 









4.125415448588194 









4.151921598500331 









4.164504333083254 









4.159676922927541 









4.143220720274503 









4.19312347802158 









4.2121823747655505 









4.189655405028657 









4.161158874538158 









4.1218726215379595 









4.194541312413271 









4.155221014199115 









4.161667512579133 









4.168749446901704 









4.127681400266783 









4.182767947580298 









4.1661748170968025 









4.140190409278323 









4.063836358847928 









4.190591038362776 









4.229727643180258 









3.9778727703150243 









3.6520462499311486 









3.5001649291353516 









2.9561411382816236 









2.803762191391365 









2.7265491819925853 









2.4765531660304596 









2.3129470453099708 









2.293996503366082 









2.1493060131235393 









2.094726540454702 









2.2141985437050375 









2.20220361932679 









2.165800718390955 









2.0076378665563124 









1.983987831834139 









2.041731339615132 









2.146950798805737 









2.2447671756201917 









2.4417269528026244 









2.4919010898203986 









2.3695215142844988 









2.26128782541637 









2.1972667201216303 









2.439903716240845 









2.795367316153225 









3.0061828936359327 









3.26657603902675 









3.3284202581512004 









3.2043476022523354 









3.2922366661910405 









3.3084803394676388 









3.3780527897421404 









3.408495531270885 









3.374822019338487 









3.306410733192179 









3.3971247279310988 









3.403959000493534 









3.520985567334093 









3.62975798759833 









3.6082178483006335 









3.6164735345355505 









3.561102506472438 









3.5572251352968216 









3.534590375925777 









3.668551077243568 









3.555772871883435 









3.6774590078869034 









3.6430793049433685 









3.681323874362123 









3.7331386036747825 









3.662526972065527 









3.6532152390729102 









3.701877176533416 









3.6024334463844556 









3.6152998972536166 









3.6471195546623996 









3.712223529925148 









3.691417270768385 









3.747876163918933 









3.7049408191207935 









3.721989806342717 









3.7602841429117166 









3.7000146614534346 









3.615224169638068 









3.6560367607224187 









3.631840216157479 









3.6584052467046946 









3.7286024417911294 









3.6959084226624586 









3.674279054367388 









3.6795397357751813 









3.602656909533204 









3.2393785637877723 









2.8833169725605403 









2.779062293267718 









2.4716803201099546 









2.313361039283822 









2.3337781732371026 









2.26245300297338 









2.22773314085313 









2.087845432551798 









2.099640382902073 









2.3187955683541475 









2.4010322660592065 









2.2341072464041694 









2.084739679428263 









1.9911621251099072 









1.9689528540312868 









1.99027935386709 









2.067745866935905 









2.157494123988182 









2.1697914237299725 









2.153411859126499 









2.151331115171651 









2.220448888316224 









2.487522092692082 









2.597568414895006 









3.194348199825321 









4.079340798000924 









4.08083623998486 









4.107480256663983 









4.13486474721711 









4.137731681221898 









4.14448021403317 









4.197415534971191 









4.153725922019927 









4.172554513510126 









4.160632873882237 









4.187997558693067 









4.151917770159606 









4.137975747863739 









4.133124854019339 









4.088272070882293 









4.100646404882762 









4.16723948136437 









4.128343829420798 









4.119753360452424 









4.156859001586116 









4.093953477915025 









4.170926605509523 









4.116081094602673 









4.148612698887825 









4.112192769850471 









4.063324130117386 









4.1706101765667665 









4.187809376135546 









4.152973686880794 









4.112048675844501 









4.188021476451099 









4.199744151848227 









4.13106889118995 









4.112751059285778 









4.165253950106402 









4.07676241059339 









4.120533668160453 









4.11792152037253 









4.097299555479821 









4.106881538204925 









4.147622647923764 









4.098486112490207 









4.0296238287949 









4.138667038739385 









4.146852990618318 









4.127016939704042 









4.0814125201044735 









4.151062241222923 









4.236200915527737 









4.393479119582182 









4.481952023059682 









4.15051894153605 









3.660365293221016 









3.1661755070169555 









2.9992507072120658 









2.705691088196924 









2.8451721983777563 









3.2115410048764326 









3.2756547026051983 









2.9336262526379295 









2.6196913387745497 









2.4953375967575804 









2.5076692654665047 









2.5887546416361693 









2.586747934607674 









2.5508476299716163 









2.408820355893311 









2.390514629986135 









2.439217530041641 









2.447287435816801 









2.514019762854155 









2.503080327021312 









2.635582029152678 









2.722014722700006 









2.6374983915132217 









2.608395504003106 









2.5753679087421544 









2.481106135371939 









2.3681256702164073 









2.406328335225574 









2.566679570387393 









2.6643267598576954 









2.5898358820360494 









2.5620714670833733 









2.3984268907987434 









2.532195482599473 









2.767719679337923 









2.999673356397074 









3.150209482875313 









3.2287918704615595 









3.259675624473249 









3.3610854666268595 









3.4299110049067862 









3.5439120860956863 









3.504936680210665 









3.645462801024881 









3.621974405400936 









3.558120210011714 









3.6066761359991752 









3.6805226006316216 









3.733522321577726 









3.711429401768239 









3.5892622663876894 









3.579654133418738 









3.6386755282088004 









3.727726803287889 









3.7205736573323644 









3.7181737073806254 









3.6101016962028702 









3.6194488808663636 









3.728576119675832 









3.7493876223932165 









3.655908114568368 









3.7122136655765963 









3.7452029980040913 









3.6508304122512265 









3.7466640549943016 









3.730599703876963 









3.7096896155042027 









3.70317893296194 









3.6962642092176425 









3.737065526786803 









3.6900487587481923 









3.703652982931869 









3.6530247630554356 









3.6753779822487145 









3.687013675694151 









3.632118752652887 









3.5996989307612974 









3.6929433026336818 









3.6458597795802548 









3.779671572871175 









3.721093739765192 









3.2530764755965986 









2.663509204245409 









2.407789410722896 









2.4158845616021796 









2.5869241890672803 









2.553879730809345 









2.419423796342366 









2.4074627995246862 









2.437094237843131 









2.441694752419908 









2.351089735479499 









2.1657859705312887 









2.155840718864104 









2.1313378004463703 









2.1815205041471684 









2.206855193259133 









2.1574667369446963 









2.185701100340644 









2.2760218489998363 









2.366723277247127 









2.3821276270558034 









2.299060893402408 









2.165257720146707 









2.052767600736535 









2.1177861059279173 









2.3081284219023974 









2.982709448093645 









4.028919283214283 









4.132693654903147 









4.139000179023761 









4.14167653403933 









4.044900811001334 









4.083541913505269 









4.132582727611355 









4.079486380185164 









4.175644925015994 









4.16182725343884 









4.133845260089311 









4.167192633166186 









4.180769602725567 









4.168956819036234 









4.149509463882015 









4.092891120733625 









4.141384408750829 









4.105071904086824 









4.194551384878027 









4.157296966099586 









4.174705119923947 









4.137650913712409 









4.1040078254396075 









4.0759765829047865 









4.155594053577926 









4.168742214390459 









4.127894988234368 









4.177207344430888 









4.21700354418018 









4.173244051941008 









4.1117102961720775 









4.193280684515188 









4.191942473083428 









4.076084230490827 









4.148285116706822 









4.151956215109779 









4.211041986739216 









4.146107339341732 









4.084583650765525 









4.196845494823927 









4.1608945906689065 









4.183976728162692 









4.146273428979857 









4.167486798924941 









4.168020433034997 









4.156438248561204 









4.194423954745484 









4.200289413757173 









4.196887811833621 









4.442621632839018 









5.179132429736722 









5.8882734183894305 









6.200819016383299 









6.143115701622272 









6.845340057560292 









6.711777558954374 









6.235525405115909 









6.14851973499163 









5.5057650655118024 









5.288066126940224 









5.3724632930183835 









5.457844481378351 









5.485538589189961 









5.38380777287951 









5.521652027030449 









5.703885447947914 









5.683087059440924 









5.60830710248484 









5.562176575925045 









5.917552437652342 









6.125112420024154 









6.230542051619756 









6.217756628285226 









5.413523895824381 









3.6886064897952013 









2.7405505885728707 









2.7972230652464605 









3.0380985660825517 









3.2446127290678755 









3.351249066883503 









3.449508374151997 









3.586041146250729 









3.6250341036600044 









3.6076500035708188 









3.6449446815980617 









3.53934752104652 









3.5443536359726586 









3.653310024858645 









3.6436797273166066 









3.660882390145309 









3.549764762391038 









3.5315841644049835 









3.6327051174500387 









3.5817644830167943 









3.6143196678295713 









3.589928778717109 









3.5472850162021548 









3.58968374125503 









3.5588422151239008 









3.5436203063550074 









3.455930833535416 









3.5253263268252777 









3.577538192668906 









3.5384984087576763 









3.595420574826141 









3.5004871276631713 









3.579714579859498 









3.6283945028009112 









3.611695917134715 









3.596380186235622 









3.6264922103707637 









3.6111618405416093 









3.612526640193512 









3.599343973766815 









3.5893542623612804 









3.6545132340237227 









3.615632177301199 









3.560668161860253 









3.592052567783441 









3.566560162308627 









3.6221938482136156 









3.9054305224601693 









4.250320145044075 









4.0347078950365525 









3.6092775282632057 









3.6200304797561147 









3.6552667861651007 









3.5204482971513875 









3.471872579623915 









3.2005033981892566 









3.2729188406811986 









3.2426254223890156 









3.244934546666577 









3.4035405811224497 









3.414030137621229 









3.1634069784106096 









3.0234491068739797 









3.0035880051199757 









3.0440219804316686 









3.0443033294119943 









3.209959858617411 









3.5406940516136625 









3.9800159006638633 









3.7753892010096504 









3.6544672833303604 









3.13966795580093 









2.543348232128313 









2.3615545415624095 









2.445527968782897 









3.0366851394374637 









3.9995457613161576 









4.1349433115439345 









4.172558131462673 









4.087787580855823 









4.119881169315594 









4.079751085121791 









4.217099748103837 









4.154464294102449 









4.212688474723729 









4.244137171380672 









4.253169120973797 









4.164450414854747 









4.184956263269375 









4.132878449609641 









4.12156261028036 









4.175757489708297 









4.128330464105372 









4.1437663032727 









4.158711473789417 









4.1728177760911445 









4.171484557741446 









4.174770517216622 









4.0854230865439085 









4.114062155125251 









4.207195882990353 









4.1754906152456615 









4.146423295944203 









4.122763138459404 









4.158164049744916 









4.182654032885769 









4.1327405846457195 









4.1547621359305325 









4.195848615890759 









4.249308794536582 









4.191275671525177 









4.134467945598049 









4.077851666138626 









4.124333310998198 









4.174602798924399 









4.207133878930797 









4.156094095217478 









4.065976007607728 









4.121957600711712 









4.160014962794333 









4.150180075361725 









4.1236792184003805 









4.141256632515876 









4.0433336410034935 









4.059743692868452 









4.617901863341517 









6.906550259680967 









11.631882258967929 









14.179941648286635 









15.872566629234004 









17.127175471792082 









18.024564431155447 









18.693425310392467 









19.189296968838676 









19.371900372258935 









19.469973391140368 









19.518927845844193 









19.401400346057745 









19.458956703819997 









19.408079780074953 









19.736678717860094 









19.90290662547886 









19.63840598310553 









19.514539516585955 









19.85072904966129 









20.75804911011776 









21.333792923070305 









21.397353869974502 









21.545845141466888 









20.828985001444554 









16.596241957726043 









9.781825446241719 









5.235030943455031 









4.260809544663193 









4.203412665006664 









4.086047973908928 









4.156419054835149 









4.106574961835023 









3.9767740542083008 









3.9212061667416 









3.900775120065855 









3.854067440568995 









3.854981234930017 









3.997826877066272 









3.9778151268707838 









3.9710641245830294 









3.934964884110843 









3.8534485806611616 









3.8653148493164275 









3.815947243987167 









3.901240021829627 









3.8329068524903596 









3.829514121715953 









3.8559834990981483 









3.8973266387620282 









3.8939648701541016 









3.8419799121368507 









3.7731519576446173 









3.826176542987329 









3.8694607066760165 









3.8891957239269197 









3.8204367115976536 









3.789282754919198 









3.778577171887546 









3.8590329282678018 









3.78129332263758 









3.8794880921106656 









3.817872128490179 









3.8335920643650088 









3.903288272294796 









3.850790031855868 









3.7611846873670736 









3.8213101322385996 









3.8407364690679646 









3.9615002373637407 









3.9758085908150296 









3.9190382180366248 









4.295952639140125 









5.201649192891029 









5.819490078951445 









5.758574423580777 









6.157167631900117 









6.297418310253417 









6.107005634126917 









6.446931901043439 









7.475502165853848 









7.498480205319099 









7.354886709804148 









7.423170866520929 









7.542684937877795 









8.106637802617886 









8.795673207199592 









10.252090275460523 









10.359035828215838 









10.742247827550974 









11.2240310660268 









11.11270875550329 









11.625803872335014 









12.59860404861913 









13.479719755772756 









14.084911955833801 









13.91331018077199 









11.368296179573697 









6.833179820055608 









4.37597134717237 









3.7658876662822114 









4.182304866828383 









4.307350119603986 









4.292426403571858 









4.244233061876594 









4.228068247603035 









4.296248206738503 









4.259444876956365 









4.382576875935776 









4.363385677495523 









4.258958578265456 









4.252770226447801 









4.264784329411845 









4.258850197707285 









4.292692141419015 









4.296662569339905 









4.300929544522964 









4.2599360614313815 









4.352970478187468 









4.324287090132768 









4.266861883313354 









4.332490271313842 









4.240984056703744 









4.219260960070627 









4.254001477200913 









4.278664802464809 









4.292040101965113 









4.265553112937893 









4.301522587984134 









