0.09 









4.359837787642512 









4.439816518049186 









4.378602608812538 









4.7573978967863555 









4.828269268036778 









4.769112961766866 









4.7640389377342265 









4.882165724650173 









4.848927153572999 









4.7916351901576215 









4.89292253390066 









5.165337022831179 









5.595730237573195 









5.882529548456678 









6.566256355432559 









7.107946327605479 









8.535911995166263 









8.937915457288423 









8.618952157737395 









8.078185452542797 









8.716218393620068 









8.928654124033969 









9.076224757984706 









9.033007722239391 









9.122123888201028 









9.687347010998243 









10.238921570220107 









9.8561094097963 









9.72114222895943 









9.273360854673872 









8.857917153962093 









9.169879134010431 









9.301890992479231 









9.406287351667167 









8.888612228161977 









8.161159070151555 









7.475993165457417 









7.114254660477378 









7.015873136045406 









6.96173680056663 









6.775016929512082 









6.93740068356014 









6.932500794281835 









6.864906988228595 









6.841264413680892 









6.67821822467553 









6.480789762179028 









6.71267749366821 









6.2998705899923975 









6.216453934272225 









6.2092508914695435 









6.434451958324622 









6.871739764254404 









6.869101796767091 









6.934971377274063 









6.8879189851540685 









6.73167750644797 









6.970774125017318 









6.849246660544371 









6.805902771366966 









6.890195440102426 









7.179424387034334 









6.899959709910228 









6.9108672569301435 









6.896573549590429 









6.828061517012949 









6.837047763432673 









7.12959332187045 









7.115535567116895 









7.09793133863317 









7.10305315236837 









7.0823457401622205 









6.821975246442117 









6.786657235274303 









6.892686521996179 









6.833309147324156 









7.010730774491993 









6.853317636394118 









6.999010957035646 









7.056396270927184 









6.924276637950629 









6.829470064639831 









6.860715787766624 









7.581783322181195 









8.282075436431455 









8.126924444922132 









8.246701188300683 









8.949573363826428 









9.943094729365033 









9.581186036951646 









8.964000894625121 









8.837003948087517 









9.762899656788491 









10.241787742444744 









9.95019941008056 









10.079695048557037 









10.090001392496177 









10.018327952889019 









10.020553394329985 









9.95379800921663 









9.845251267663306 









10.193269986873934 









10.108428593965556 









9.877375632602853 









10.071992367035453 









10.275472268989851 









9.871803199256973 









9.05487757232081 









8.644775877623623 









7.61571559148111 









4.941679163897753 









4.922893091895735 









4.894229932158385 









4.900852965426749 









4.9402282981225305 









4.913978648057395 









4.966752711580045 









4.873151026073821 









4.8784564890944955 









4.8973297499977635 









4.8390933007813475 









4.751890127895149 









4.871808708668926 









4.816296763954136 









4.909873986358481 









4.98115402050481 









4.960632819666252 









4.915486503705249 









4.927467184429661 









4.742886346933499 









4.882951611178728 









4.903364622112647 









4.893595909923899 









4.87735019621903 









4.830902549294563 









4.822488653505473 









4.680503223962348 









4.873819035446453 









4.87729891161229 









4.9441091345047825 









4.925917614806596 









4.869835636522696 









4.870113637390534 









4.854820506190547 









4.929098354777555 









4.882839612276208 









4.732316048365741 









4.853572224390386 









4.814694416396346 









5.0021366873255015 









4.844225237918563 









4.883926274060596 









4.856813958125 









4.874964457561665 









4.809220526894216 









4.86550188405616 









4.851300991052753 









4.8918727114229235 









4.967020392213329 









4.928987341263437 









4.975373726650875 









5.424136670296207 









6.216326606229988 









6.409428047088539 









7.335546761748297 









8.06023724876163 









8.091705620375961 









8.502760833436383 









9.181616303593477 









9.156673427736687 









9.695360193659239 









10.110277726739984 









9.744747949121589 









9.733647718153257 









9.57249463799772 









10.181981686574414 









10.766662624152994 









10.364456876268118 









10.074083283406901 









9.564790317729534 









9.105368507273969 









8.768046571331412 









9.036055812095427 









9.342134880824224 









9.362392991433339 









8.886225672689012 









8.026141105983585 









7.392856733139088 









6.77441249139877 









6.46126370989575 









6.720512317905217 









6.6175151554852 









6.598665026404119 









6.4525562830353405 









6.323640630726747 









6.330552912934488 









6.530633040201996 









6.358701285713484 









6.363759932222718 









6.230989488246382 









5.845975408390575 









5.97180699675527 









5.885091108201222 









5.925357467918985 









5.97523775307974 









6.056598763457045 









5.758896287216888 









5.937044085852956 









5.794836304955672 









5.654728750256613 









5.739526881974203 









5.6432151367784416 









5.709477350927715 









5.887447719128625 









5.643557349887048 









5.8056918947654195 









5.831121416052702 









5.851770102340937 









5.565929436336864 









5.561024052220429 









5.643903666384929 









5.684410626735567 









5.65595735220541 









5.61230243059082 









5.626080414279945 









5.906457103232143 









5.746084942362752 









5.800837413227107 









5.793527184957989 









5.7008402345509595 









5.644443379229552 









5.8636848544672455 









5.829865093912608 









5.944084678581401 









6.7777447526154395 









7.5498153557951255 









8.053877553225343 









8.349199696722552 









9.19418540064459 









9.047881251427123 









9.187043172394752 









9.275387212334085 









9.77607551800736 









10.02477700990205 









9.457213315715817 









8.723428545599845 









9.258387730651718 









9.652875432691351 









10.19611417098766 









10.281586861914066 









10.303164296544875 









9.934156024150095 









9.585811274119685 









9.553451814259217 









9.586544975511254 









9.582442530510521 









9.308943150044668 









8.638632068644272 









8.179233026466882 









7.336304176704467 









4.782760997273784 









4.908509747948205 









4.94408296304027 









4.910519148591263 









4.9697722674859675 









4.861053252911351 









4.850545000771952 









4.873179710115829 









4.8695197436615985 









4.899416150092753 









4.96407396301625 









4.891706736066232 









4.9260625902104795 









4.956789667499753 









4.961369213326564 









5.021992704905814 









4.9059093185605995 









4.836945464286363 









5.015594143368881 









4.837096415294448 









4.988013017480544 









4.849160592175461 









4.972880392932795 









4.904742268927447 









4.9271203402185515 









4.979209011625983 









4.907798514386751 









4.840619464769791 









4.844382633998124 









4.974083137028028 









4.952517762193901 









4.857344959239436 









4.969400373463598 









4.993513527028498 









4.940046317577882 









5.008261778439103 









4.971422021358631 









4.976302053953403 









4.838591645715129 









4.940542599640253 









4.895836659259182 









4.930175650303001 









5.024910926235823 









4.867900271975674 









4.880480524249254 









4.970506782922775 









5.028307042343095 









4.910849414581995 









4.846371528583325 









4.8196292272414105 









4.9083401060619245 









5.662331709348283 









6.69346059495511 









7.588013910661362 









8.079277049562087 









8.81026780569258 









8.749978760493738 









8.069111081117457 









7.798735151633959 









8.317107412611923 









9.20084485927956 









9.419225791582521 









9.654257256789993 









9.276012093654789 









9.361554477937895 









9.248834185853038 









9.61433523816106 









9.939360367667195 









9.773732137583893 









9.702640047812878 









9.55411725727235 









9.654755052371463 









9.421698071885332 









9.010799433705746 









9.1758266546699 









9.332160384763487 









9.376167337996742 









9.491630889749487 









9.842565072667549 









9.864238781685021 









9.59418177801423 









9.151861778861408 









9.369914021010924 









9.091014213445208 









8.964549308403337 









8.598860079698136 









7.862353612025732 









7.333343582998588 









6.885322708621244 









6.727936357249691 









6.607020098247156 









6.476920847468067 









6.202999139543463 









6.04800119783861 









6.066504396242092 









5.840803850730102 









5.823740128065157 









5.895207930930873 









5.818920233137138 









5.6742508419645254 









5.627614387000158 









5.5934703346200365 









5.836797452177006 









5.889109808496746 









5.82721013398802 









5.72181319414779 









5.684046672272533 









5.685616324709518 









5.804876821893927 









5.867442359445004 









5.657297319896659 









5.530383123163038 









5.681202176540897 









5.701041026983341 









5.638242281742738 









5.74972341689265 









5.628690368074234 









5.60823203288414 









5.64970926413131 









5.671712595840968 









5.624280081042905 









5.722879195213362 









5.739582217103516 









5.611245350491156 









5.762547299942079 









5.715486000997415 









5.660523004873691 









5.756296065348171 









5.93397622440375 









5.649096666923956 









5.646510147517667 









5.686195069173452 









5.919779043488657 









6.788459861693408 









8.161173391566987 









9.02216614283054 









9.2673466262769 









8.757241322367559 









8.80088370412378 









9.232640517477725 









9.147808577021308 









9.268541706370971 









9.154120873313012 









9.342319271605234 









9.825887344588933 









10.010160297434659 









9.9928473373098 









10.084206369277627 









9.909983328119788 









9.892364745316549 









10.119598675876285 









9.796582368790919 









9.299731966703458 









9.348422427787874 









9.255896710496367 









9.90100909754049 









9.845759327133218 









9.688279993562917 









9.166318226030688 









8.06206272362464 









4.905739729504101 









4.945461244060455 









4.937211601755314 









4.9472682366531355 









4.936272203906132 









4.990476959325568 









5.017159806490295 









4.951267793493372 









4.929982367256824 









4.857109689379213 









4.991033936656929 









4.918940332007509 









4.877356719397861 









4.932200802813969 









4.906336911258982 









4.999425733947196 









5.003613700444682 









4.982044182601771 









4.917256806643369 









4.826610325088558 









4.873901992422454 









4.884202244193762 









4.9738107445129085 









4.95873302184455 









5.02229483119241 









4.859060959498922 









4.953957325645897 









4.791379121186058 









4.844937038578626 









4.838419304787833 









4.973926192587658 









4.854561343624361 









4.786539534923132 









4.841682045326752 









4.962121542219906 









4.948375899682727 









4.8337928069743725 









4.848114854585953 









5.039796430588965 









4.931602381265429 









4.881601639959927 









4.8560058246513265 









4.831469038173945 









4.885676246907634 









4.841378308882258 









4.854791818700737 









4.89506754867184 









4.830284010914613 









4.79182509885876 









4.817604039687883 









5.026182440394643 









5.6621093801924 









6.547412162556108 









7.377402690178559 









7.341616791909079 









7.712437138211421 









8.1586756784244 









8.21997483201948 









8.65936801289506 









8.96464198394985 









8.91718871550385 









9.041905717135823 









8.91486183126645 









9.098187425525923 









9.147727798681945 









8.860573473955894 









9.049016250560529 









9.122854350443767 









9.388244774962796 









9.005136623319311 









8.954940034177252 









8.839651282857876 









8.88334006153844 









9.261325997335913 









8.785569600385472 









8.00582784697449 









7.884855968276938 









7.366838500593225 









6.632912860091577 









6.5437792307521425 









6.365654788934655 









6.0726813726347935 









5.8928137747603495 









5.8866131670442305 









5.881814668228629 









6.044871324312294 









6.092282154247722 









5.967552468754381 









5.937183983616077 









5.903002233558565 









6.029131160670757 









6.1133380136549285 









5.990613485407577 









5.900344084074323 









6.014356416336336 









5.95508955083306 









6.132351421813896 









5.95939698637055 









5.955360213282832 









6.118663730472395 









6.146839507182558 









6.126351455534128 









5.9982613151664355 









5.984521534359667 









5.932138638985779 









6.055581950799906 









6.031849835169228 









5.903806640480535 









5.950836385887517 









5.93904775336987 









5.93807895457078 









5.898289073619745 









5.9154834509069865 









5.921546652211875 









6.031697299229344 









5.870919575580972 









5.863817507746006 









5.835162436752722 









6.0157532423011855 









5.966723658866246 









6.037548241858212 









5.838110363557736 









5.904656069668326 









6.396634341763414 









7.70109439506394 









8.108524956140775 









8.129223036221255 









8.62173629118223 









8.689547071761417 









9.404424383776618 









9.435184862360268 









9.341757100720756 









9.661138107015617 









9.189178532099621 









8.836032286628104 









9.40218535741819 









9.937980735153245 









10.120262802385218 









10.016110041892633 









9.944613030901497 









9.624464371774517 









8.96902765185432 









8.150229552086605 









8.104956386833155 









8.710163004721199 









8.931811172915994 









9.268611080309292 









8.846898355799377 









8.795223212210853 









7.821781525170733 









4.876527334651765 









4.949781049690449 









4.918306801369354 









4.94395664693858 









4.949266242260307 









4.923693292262672 









4.898860853812682 









4.827130541283736 









4.81592175076662 









4.789213838500603 









4.762714285900717 









4.8607113776635185 









4.768706421560703 









4.796450897511969 









4.826639830702004 









4.895192882389036 









4.8853231712598335 









4.89786411179157 









4.845643205122692 









4.73278346675165 









4.853226038160509 









4.789301050751848 









4.955943469484677 









4.934064555737813 









4.789231697109176 









4.928242661279606 









4.934081137658356 









4.830257351428798 









4.903524105570625 









4.86669974921585 









4.8340882472362905 









4.898263351193288 









4.883015927546423 









4.849286708756092 









4.79434535983877 









4.793391836140571 









4.948747989192377 









4.888699229369909 









4.883132915155827 









4.86365525021276 









4.78860569329955 









4.888685950960814 









5.009228885870871 









4.986984869263632 









4.912430275287737 









4.886951955478072 









4.7610518251422285 









4.934659519471978 









4.942159801324963 









4.883089808504303 









4.9779968904028395 









5.302496425313447 









5.908458868500289 









5.750521343388792 









5.787063256427088 









5.868486797295802 









6.0272111106631225 









6.020943596953242 









6.556871888786557 









6.563689328743353 









6.686321882433464 









6.849367343857481 









6.92338201708572 









7.149741895251376 









7.002845683325781 









6.6890999822710775 









7.180207663863272 









7.314262927484157 









7.180847066186209 









6.2916210170441715 









5.8907203956298515 









6.3027758601271975 









6.199609082718291 









6.306731101293056 









6.1969835369761155 









5.875959375901221 









5.63625634028888 









5.970773807042391 









5.802788291103448 









5.950511124359255 









5.952827662752631 









5.897625778479885 









6.050715191746272 









6.229273476255027 









6.293382146479151 









6.306693070635645 









6.421207737143325 









6.114690079974723 









6.214586131912451 









6.0883591202056895 









6.0630941673972005 









6.332126835970581 









6.29566933269784 









6.309358880967886 









6.288153241013885 









6.25942875930671 









6.308274480700411 









6.252089205005319 









6.1914155917539695 









6.273318395773012 









6.169050150423014 









6.247339794731832 









6.289552291873404 









6.169164040407023 









6.118649944155625 









6.338994835443305 









6.395282533927411 









6.336694478283533 









6.265386729221002 









6.405371139488263 









6.251813622458102 









6.320414454529661 









6.415653567163705 









6.131702583361208 









6.342482209223903 









6.4026593220827435 









6.255727114242361 









6.308707168786648 









6.1804806106384484 









6.116301623657969 









6.202417154946221 









6.2098587136341985 









6.372870454497436 









7.1717898355873775 









8.31211553486327 









8.558758062749106 









8.727759053725114 









9.285264607360652 









9.196114265739572 









8.587123720507114 









8.530133862413088 









9.064854485669866 









8.966750791615448 









9.164005185173322 









8.915452571788329 









8.615607476895557 









8.021380574916945 









8.04612221004436 









8.055831010931191 









7.701191712788679 









8.129490373243375 









7.946585731244171 









7.424395492761259 









6.6961324688393695 









6.897597674488744 









6.9076814609787105 









6.458614549140892 









6.134995048622903 









6.091212900735674 









5.891447345457546 









3.552735660769469 









4.424313576417482 









4.923601750756925 









4.9621048709133495 









4.817962559865291 









4.805735431697279 









4.839073610802019 









4.804177696037352 









4.71596181821078 









4.922987146550646 









4.834060367627692 









4.8956466647642545 









4.8604390308842405 









4.847334455746349 









4.923122068186356 









4.8597148710195395 









4.883881272803932 









4.744690829907654 









4.774490437114593 









4.885072688184624 









4.87700569054418 









4.8598039436012685 









4.960887551260119 









4.863127808276177 









4.799482965113085 









4.878661650678361 









4.780360375971521 









4.837887431963848 









4.792753403816375 









