0.2 









0.15133966568857538 









0.15749156023577587 









0.16195743636653465 









0.1733180544415849 









0.16412380554891443 









0.18217655904034358 









0.1550820000649964 









0.1824171423663834 









0.16983882404820255 









0.15238744338629834 









0.16299706632715522 









0.21492221282667126 









0.238969066456305 









0.2702104371561791 









0.34524561860911307 









0.4420184697440988 









0.6051143756923308 









0.6316695476672257 









0.5265159522165497 









0.5174102244865317 









0.5936402452859593 









0.6264462179901931 









0.6388130975160683 









0.6424041972247732 









0.6321971935291182 









0.7296922856557102 









0.7195040626280196 









0.6976431114431322 









0.7052860862330244 









0.6157852602939933 









0.6029787874333713 









0.6602766355212069 









0.6833823945856878 









0.6465938933278045 









0.6019346627753731 









0.4949187142697976 









0.4060859321241155 









0.3808815244266802 









0.379661124589155 









0.37972771827883034 









0.3290819846815305 









0.38063421944212916 









0.3755018417017172 









0.36074602336193223 









0.3796862755481383 









0.3439271975962829 









0.3243749190229024 









0.34870669538320676 









0.28844867750671516 









0.31350679623557787 









0.30040613920263937 









0.3120174147834949 









0.3856913117455448 









0.3610421296886166 









0.3699713980481216 









0.3575940881943463 









0.333710143011101 









0.39413542364867293 









0.353018674929219 









0.36587885528898384 









0.3864574045550597 









0.4010328453954499 









0.36879209032292165 









0.3757999444407155 









0.3464061532623448 









0.3489049461199829 









0.37221418389298855 









0.40872759451625224 









0.38686244686884863 









0.42133031084055633 









0.39210693358424614 









0.3783264369281931 









0.3584874401647517 









0.34881992625670133 









0.359756832927863 









0.3682678274398894 









0.3642816070206045 









0.3645927755186035 









0.391253597986688 









0.3893773376630194 









0.3391144505115026 









0.3528515809292218 









0.3744064975866591 









0.48274950475326955 









0.5696576714603248 









0.513180708523997 









0.5433060825226912 









0.6525944639029031 









0.7502856737083865 









0.6789649618790374 









0.5907352052940902 









0.6361240477460068 









0.7201407299548533 









0.7383212900542732 









0.7116942556565391 









0.739395870177225 









0.7434887037082636 









0.7397329023686858 









0.7310267701828903 









0.7218068673374078 









0.7161378978242294 









0.7428382212829125 









0.7489077328666787 









0.7215739887596739 









0.7478153785728984 









0.77385039112015 









0.7078071972046871 









0.6145189643644046 









0.5678190556640961 









0.5159649846319183 









0.18444756509215393 









0.17411484851020909 









0.18783655870934363 









0.17445938967385138 









0.17342606851962547 









0.1849207919856382 









0.17253676568528417 









0.17401041956111551 









0.1761560824191564 









0.17535737024250114 









0.16244249435161984 









0.17177644792063412 









0.17699206360107028 









0.16843909164625626 









0.1769036484445714 









0.1758311176063097 









0.169387771771695 









0.17879525051055262 









0.18722175715507142 









0.1574608878452718 









0.17916909460988273 









0.17379430437158117 









0.183652663403213 









0.16987356124675568 









0.1692643379195603 









0.15578605429042375 









0.16093934570504087 









0.17167488796558034 









0.1771588121819751 









0.17307850117164852 









0.16779148127069204 









0.17460391911020434 









0.16998508348454694 









0.16336388970246646 









0.17630640732026787 









0.16461464470645 









0.15554439311667748 









0.16687202160793152 









0.17069413253108237 









0.18508732508700235 









0.17001243834693813 









0.17596149764750002 









0.16975227954449054 









0.1646854558835817 









0.1688578479772036 









0.170280084736652 









0.1687733700643313 









0.1864929211134323 









0.19081593044033426 









0.18026491755875854 









0.18786141651641866 









0.21917334582829734 









0.3244995360821538 









0.32974936206127536 









0.47026797700148126 









0.5086370172986673 









0.5163102757198778 









0.591885620192218 









0.6554656397068387 









0.6413542884362131 









0.7141962736874583 









0.7508686196127434 









0.6856275927631196 









0.6954927845022879 









0.6873203528976846 









0.7887302694671152 









0.8051359098582362 









0.7674021658980982 









0.7240733966122312 









0.6882498144672228 









0.6144760179091013 









0.6025322713892696 









0.641476615277535 









0.6464702035609178 









0.6576496903842228 









0.5640765321591853 









0.4729863249595538 









0.4111962376642585 









0.3435937826205551 









0.3057638482509068 









0.36554985408106394 









0.3241843173372847 









0.3260449664296524 









0.3158203649401166 









0.30857017710566637 









0.31906878598595273 









0.31456096138135503 









0.2920001175766652 









0.32217985991110254 









0.294945940791425 









0.2471888879832514 









0.2664053087708754 









0.2557654763583621 









0.27669476761156586 









0.262296537954016 









0.273855780681812 









0.22788359899874705 









0.2603013240181734 









0.24627379730079724 









0.2518290220438247 









0.2519242411748197 









0.2429166210560828 









0.2564169612110019 









0.2396481745467775 









0.22858467939149887 









0.2726673996848087 









0.2520407286855798 









0.24837135037537306 









0.2140107816561705 









0.2368477918568221 









0.21794857295385994 









0.2622639021086876 









0.22421615821926938 









0.23359632307090622 









0.23269258687987054 









0.2768277725836873 









0.23233416881263874 









0.24400445719400235 









0.24280819970976544 









0.22360276373326585 









0.250289965378537 









0.2767409904808895 









0.2527777971704046 









0.2776096570036902 









0.37787896584770275 









0.4519279780898836 









0.48743547771352536 









0.5929431936673777 









0.6228582529024403 









0.618286343453343 









0.6585794686372987 









0.6486158893726424 









0.7143929981779376 









0.7345993203097252 









0.6453250059349758 









0.5731128806022248 









0.6719784802765656 









0.7237522831561845 









0.7798158199576763 









0.7738345109399093 









0.7481804615656036 









0.719451638675358 









0.6807059332060794 









0.7056592776391254 









0.6927673449077069 









0.6694454665271875 









0.6649374326406333 









0.5450402807340858 









0.5324194684307699 









0.47730392763663887 









0.16619025181996416 









0.1836311785483259 









0.193099921304896 









0.18989490651905971 









0.1858483509375723 









0.18878508910794822 









0.16466665468062547 









0.17220248389458526 









0.17300421565871515 









0.18071951975547085 









0.18076730005322034 









0.16838053195608366 









0.17519157308503147 









0.1853988703962166 









0.19199561752720887 









0.17650736657449717 









0.16306751752431786 









0.17317951666069317 









0.19012617900667483 









0.17792907259192578 









0.20508075402107678 









0.1681106108158944 









0.19019437207628478 









0.17818235085712475 









0.17855990154611207 









0.16417326481083688 









0.18377404561253163 









0.16794449260203848 









0.1750314401173404 









0.1798635387452781 









0.18440484726932793 









0.173996820226973 









0.17391890092939022 









0.18179606346130844 









0.18718872003712705 









0.1865468041302934 









0.16687539060870915 









0.17873953184703983 









0.1667493350407645 









0.18174238634165912 









0.16782275723876564 









0.1960700405545755 









0.20334897349694092 









0.1593141462593296 









0.17217850689378264 









0.17646220451862066 









0.1884717121049126 









0.17773257636270762 









0.1762566745162426 









0.1643855287737866 









0.17342542658578097 









0.2635819861293266 









0.3602417465492517 









0.48678096428467615 









0.506117537703682 









0.6369546713942411 









0.5757083378094985 









0.4780741915554166 









0.5018045696656325 









0.5660902642905089 









0.6309138954515814 









0.6751926335311301 









0.7037971338123421 









0.6466134698594326 









0.6698243984204962 









0.665123157695564 









0.7147261500264597 









0.7303501194371713 









0.7051597005832118 









0.7048908597230151 









0.6715281232193588 









0.6993423120174218 









0.6381589053500676 









0.6222677442451832 









0.6523262292949463 









0.6575785932922615 









0.6715722518398974 









0.6732759914816631 









0.7225152881634704 









0.721615276931078 









0.6811949631292389 









0.6188857528999716 









0.6756250992099466 









0.5961123654486331 









0.6107658110366303 









0.5543087486389735 









0.4697381408983886 









0.4066438232576992 









0.370232585872036 









0.3557319958390993 









0.34702360423796685 









0.3174545218204905 









0.30574529447040544 









0.26402055123892826 









0.3079557864472712 









0.24209796900087932 









0.25165956270474255 









0.26716870985093666 









0.24901847877975122 









0.24469221358116722 









0.24753168578067689 









0.2321624746537149 









0.27386137603866445 









0.25600214720356085 









0.24346078008009286 









0.23099300036998727 









0.2521488956193429 









0.24214086849942423 









0.23851206567955086 









0.27484150341708435 









0.23305795527915849 









0.22034021461196412 









0.2538330546142133 









0.23684364020123105 









0.22806879533718372 









0.22892682194588648 









0.21815709414457296 









0.2371959061498028 









0.23060568331032216 









0.22711254429618383 









0.23239416360086307 









0.24938644623285547 









0.25622311099394907 









0.21787799256078877 









0.2557897445701329 









0.23928003517628985 









0.24256303197203394 









0.2652847267054296 









0.2681816815313801 









0.23246785692715335 









0.24298276448716083 









0.22633178815348232 









0.2682223225079724 









0.3867974909940508 









0.5470430016722041 









0.6345078817009353 









0.6523399721088525 









0.5714510632680404 









0.5890511659841609 









0.6497996064708292 









0.6469667747020417 









0.6446719996853378 









0.6342994574677592 









0.6636684912532862 









0.7371403959075937 









0.7361730664432418 









0.7425596193089419 









0.7215990648286876 









0.7335535530097357 









0.7416813259771493 









0.7383029850112512 









0.6930719227052431 









0.6558507105605724 









0.6669902688609171 









0.683775952703623 









0.7207043574545093 









0.7277572263576974 









0.6960478723776546 









0.621633955655152 









0.5655574675526962 









0.17540562110126878 









0.18362873679808178 









0.18505793687316646 









0.17603733262248927 









0.18272518238211685 









0.17943172880243186 









0.18237617421109165 









0.17355806701125365 









0.17629099759560304 









0.16784708018703595 









0.18618960183916616 









0.1677904820649276 









0.17065990438284515 









0.1732620132204825 









0.1778285478446529 









0.17497207346874127 









0.17537403333009632 









0.18883168735821054 









0.17585680370948412 









0.16742405044809067 









0.1756272932595184 









0.16814635705202835 









0.18260304801978633 









0.18182994357243085 









0.1814056434913676 









0.1686420583649463 









0.18194344088305953 









0.16954307209232433 









0.16134102928371713 









0.17501541483301786 









0.1956198526682833 









0.16091269420359267 









0.1654217631465016 









0.18710292605320078 









0.1752535255606764 









0.17065635609104107 









0.16505891283101887 









0.17618929470283085 









0.189470909853596 









0.1773697012384396 









0.17109101766412127 









0.16516363737385076 









0.17179032687121315 









0.170697007918215 









0.17456570501682517 









0.18466867215827013 









0.1763507657616982 









0.16440293340933881 









0.16088511194982236 









0.1741965762329104 









0.174636713655894 









0.26888209270517166 









0.3342314514243022 









0.4436830986042877 









0.4054645746176377 









0.49747738641483696 









0.5163548094595489 









0.5353006840598586 









0.57665139511976 









0.6290287778752083 









0.6050529523653001 









0.6073462051378226 









0.6231010386410152 









0.6473936384902066 









0.6341117945960482 









0.5894638758949433 









0.6470226624274245 









0.6323398679384769 









0.6867601558513612 









0.6242483347759724 









0.6159577374289696 









0.5990278864989018 









0.6264417014084587 









0.6571459849894259 









0.5707372310166204 









0.5072611394703108 









0.4862336989205936 









0.3997167665604736 









0.33437607733031505 









0.3199214062274386 









0.30461902018408993 









0.2704883183115826 









0.25065237590308626 









0.260335214844638 









0.24948795145477587 









0.27807525333061 









0.27215588480826347 









0.25444084593739313 









0.2848428746135074 









0.25676634901945194 









0.2688214921665013 









0.2665815495602107 









0.2498831265707513 









0.27182993521917903 









0.2685250802718784 









0.27925516688262686 









0.2980562974976063 









0.25621547778790543 









0.2798168493625429 









0.2961027395577629 









0.2992478698915847 









0.2683509710855748 









0.2547058344810317 









0.2988519382675379 









0.25653559581247154 









0.29461648197661505 









0.2600689367555757 









0.2658621012142689 









0.25459360164236866 









0.2688784699035805 









0.2688927284262497 









0.2684988316042229 









0.2619220138919813 









0.27289603987625155 









0.2865878568662117 









0.2372802732316461 









0.25301042893309367 









0.27057210826802613 









0.2603643507504947 









0.26133297132267913 









0.28833629317022924 









0.2433582223155083 









0.2605675038713312 









0.34346917125180343 









0.4705088484419264 









0.5076026875261115 









0.5139020603983673 









0.5922408147611903 









0.5823468800183228 









0.7123489488115688 









0.6762467795587241 









0.6553207624972283 









0.6920361732825759 









0.6450452622308906 









0.6112153230616182 









0.6871879472354181 









0.7166771334706413 









0.7375978779471298 









0.7186126720113155 









0.7235968242389946 









0.6869069288053471 









0.6003965940168522 









0.4949732828146765 









0.5468100922711099 









0.5649218624049606 









0.654150733798332 









0.638637132581372 









0.5924684330707507 









0.5856971918482274 









0.5262836746533508 









0.17931515793774527 









0.18737813521848465 









0.1719118518723507 









0.19031394640470162 









0.17909449537370342 









0.1857627936221975 









0.18671110566552657 









0.16371055676355606 









0.16440894896466424 









0.16244819519676817 









0.17505475116732105 









0.17988636657934615 









0.16527106894760754 









0.16906078350595094 









0.17353151383144488 









0.16940832406355433 









0.1744581663848865 









0.1764709270532645 









0.1626423583995263 









0.16198931240750236 









0.16666605409856455 









0.17085365809611663 









0.19265937625968155 









0.1867888291369857 









0.16582027070716687 









0.17793206394192407 









0.1784207149427613 









0.16915123492717404 









0.16644460006499917 









0.18753359797068092 









0.16525121602263315 









0.1753751549616335 









0.17722575766624513 









0.18034483034744198 









0.1632962272799074 









0.17770588897596024 









0.18829900769318497 









0.16958746543828512 









0.16334173837789534 









0.16763620987678035 









0.16776404182997673 









0.18703487047074302 









0.1695282174345912 









0.1788054840373746 









0.17637558922189633 









0.17004341060352063 









0.15727565553288103 









0.1858343364226193 









0.1801555114483465 









0.17817999640536308 









0.17165588988355773 









0.22983906466713777 









0.2580091884818996 









0.24267786201742797 









0.23237775586101128 









0.26325235241510403 









0.26292991739460525 









0.29380149852277737 









0.33072980446439265 









0.3234805022233723 









0.34013254522337055 









0.382678385180094 









0.38448489173091094 









0.4118660068097859 









0.35715291208627487 









0.3569349945129119 









0.39356632765711735 









0.43058266204181145 









0.39949464923897404 









0.26258932370303933 









0.2589891618617858 









0.290772434074282 









0.3081294482648252 









0.30055576445547405 









0.2748676068038852 









0.2512744749677116 









0.2112883496264627 









0.2823877076726513 









0.24171464828666994 









0.2762157061298294 









0.24491064482711017 









0.25571686207875965 









0.28655799638115653 









0.3027907236576267 









0.27100298258265 









0.29483428095072084 









0.31560290306819094 









0.2626523810026988 









0.28335651987214727 









0.2711420400304767 









0.29185088414675175 









0.3071416903831247 









0.3055521623505051 









0.32198860496574144 









0.30598926027698903 









0.3292526618436348 









0.3069224054768399 









0.2861206264775079 









0.2863859719752069 









0.28128290805681766 









0.31582418541891943 









0.2988866381921924 









0.28631521657939996 









0.285887936706691 









0.28241121386257495 









0.31027581910206226 









0.335388631157167 









0.32372720127234184 









0.30565814146058073 









0.3226397471915481 









0.29798499378804033 









0.29729817530831304 









0.2897111298420301 









0.2808612632340902 









0.2957360161191445 









0.34038006038919577 









0.2784857362743679 









0.3087820103165123 









0.2746609807377077 









0.30006028264054463 









0.29088691691190427 









0.27942010592290845 









0.3068323053096049 









0.4444459706023093 









0.5491876955986709 









0.570520522449567 









0.6008258628651225 









0.6531223824013503 









0.6302843257060244 









0.5446575096047777 









0.603180425779928 









0.6331884796976566 









0.6364725271006078 









0.6531387459650111 









0.6097950823018019 









0.5521147250858623 









0.47250223196041685 









0.5395079707912804 









0.47107942336317365 









0.490128737095598 









0.5370692682676792 









0.4503089638113391 









0.39844472571795453 









0.3509466630110008 









0.3555099256352904 









0.3497186037435577 









0.30109275974720545 









0.26464925927256555 









0.29198291153158284 









0.29748876131826407 









0.12450083655391049 









0.1523696156608743 









0.18410383323167778 









0.18282110824882924 









0.17344098647213704 









0.1556148131884273 









0.15840842036217367 









0.15237056795663373 









0.17212590984407777 









0.180022464489215 









0.17913308539726402 









0.1824468223607542 









0.18954037592701295 









0.16894943500646267 









0.18048495597041533 









0.17949033425371558 









0.1721128440175242 









0.1651751056064938 









0.16668760272329763 









0.1720507038020344 









0.17288411307326051 









0.18480919575533034 









0.17470926922228772 









0.17138831422220985 









0.17020745059223147 









0.17515729878396685 









0.16567414027058658 









0.1792707321994973 









0.16609322801201365 









