0.03 









0.19554575799690113 









0.25118066238297077 









0.1944649069135977 









0.24529951691094862 









0.2528166949821243 









0.24618112001122036 









0.24849507458617143 









0.2589162251923345 









0.2626442031729192 









0.2507322611043439 









0.25306129319918524 









0.28357396337317275 









0.3376151532036449 









0.3751167668796381 









0.48784199842107556 









0.5562036003324174 









0.812777623353117 









0.9311249385190414 









0.8865924852434375 









0.7615362357145012 









0.8767625365723501 









0.9148524998893599 









0.9508449656627496 









0.9478431817120591 









0.9545860114595667 









1.0124329441649262 









1.1260879136881725 









1.0836850263598823 









1.058937953491175 









0.9976916841077281 









0.9052292618423643 









0.9406235246862182 









0.9861046667098249 









1.016204912979713 









0.9353048252624452 









0.8102525465216058 









0.6830963710752669 









0.5922265582859815 









0.5790461487548021 









0.5793910844381005 









0.5388416082291342 









0.5577962480184872 









0.5380382808346271 









0.53629220628533 









0.5440859280867164 









0.5165795401019172 









0.48380335115928264 









0.516804960729 









0.4646161741774082 









0.43354390164672707 









0.44004055529468245 









0.46661418130486887 









0.5309342885301109 









0.5503793207146762 









0.5591835739620296 









0.5453431529389156 









0.5185031611216067 









0.5420891402212972 









0.5533618511424592 









0.5390769529498477 









0.5483570077583806 









0.6086734595992972 









0.5490722006930283 









0.5549140144088768 









0.539782428574159 









0.5269787292679389 









0.5274015854069211 









0.5983435805496774 









0.602170270058418 









0.5813807970198915 









0.5967938995353228 









0.5797857938254134 









0.5333564170342942 









0.5341628166313178 









0.5521300076373185 









0.5325012521004155 









0.5567046957541372 









0.5355377773850644 









0.5631351182632909 









0.5846549949011485 









0.5484640513187246 









0.535354262421156 









0.5261190729447021 









0.6354427825367567 









0.7960345765012506 









0.7816519864726984 









0.7830637268447226 









0.8911264914864749 









1.0732138195688763 









1.058941195510648 









0.9459907351414992 









0.8838260883923419 









1.0373301217926432 









1.1201959090073637 









1.079572817095257 









1.1177834210761153 









1.1206442216937353 









1.100660909128038 









1.1013621659789536 









1.0948159974967802 









1.051897098363456 









1.1128695011642575 









1.118054789383813 









1.08211606510348 









1.1050872088307293 









1.1385065221964878 









1.1049604033659466 









0.9713795213298736 









0.8788671603374231 









0.7797892668661256 









0.3021928888651568 









0.25991462069368176 









0.26520573777349665 









0.2638091142193853 









0.27378961234079563 









0.26281897124405856 









0.26955028165957245 









0.2498216555471589 









0.25480156904068196 









0.2710025933697522 









0.25197279192772903 









0.2507124867607961 









0.25626473403653033 









0.24949414995538355 









0.26609603567145107 









0.27017785349110246 









0.2687988604700641 









0.26204614479075533 









0.273112475722622 









0.24626729640854564 









0.26170960133148885 









0.2659308212310767 









0.2597774308912846 









0.26579691439003067 









0.2516580419223502 









0.24819687276864463 









0.2334615203222684 









0.25533738078434165 









0.25796249519783465 









0.27346407587127053 









0.2635988297157976 









0.25945719244427107 









0.25803341042413475 









0.2523557950284496 









0.25374310083900214 









0.26166935533796215 









0.24094049835943887 









0.25769277306179544 









0.2516319142972925 









0.28529626854396006 









0.2587930555887942 









0.2599759455945639 









0.25992251781269826 









0.2580236492204322 









0.25279451001446934 









0.25477964981613227 









0.2608154382732572 









0.26060594439136525 









0.2752821170060462 









0.2627776370752139 









0.26623878523338534 









0.3059195580219369 









0.40985943872511005 









0.46151004986246585 









0.6025119869211844 









0.7523090401761159 









0.7586957850563321 









0.8280564220511655 









0.9559103231117491 









0.9629373556562149 









1.0357732245903792 









1.1014993057952265 









1.0668784607646955 









1.0427610338263427 









1.0279731351422745 









1.102615593541707 









1.1922262838069007 









1.1553300936418256 









1.1272087462975124 









1.0368100401098723 









0.9719870550501248 









0.8871954457234963 









0.9205289948920671 









0.9780615805283623 









0.9971621218422744 









0.9475207276666955 









0.7717754999522763 









0.6527406168667107 









0.5507170124024603 









0.4822010441807062 









0.5175180683660872 









0.5114396253309353 









0.49170840240088337 









0.4803507986377424 









0.44132557484381046 









0.44387298303869194 









0.4892932636258307 









0.4615535747706327 









0.46031261943697677 









0.4554882097558543 









0.3839511360053884 









0.39336562140638254 









0.3895701871359822 









0.3910493895612695 









0.4123106742484173 









0.42055443071848 









0.37104067908156035 









0.39432406762615535 









0.3856125406021593 









0.35304726227555916 









0.3697909181768625 









0.3600151647975985 









0.35217342649047967 









0.38710711508185963 









0.3480939017968725 









0.3707747564999556 









0.38308247993168854 









0.38389374840042895 









0.3416008995162844 









0.33767599534374254 









0.3582184285748248 









0.3496320233930708 









0.36530226877692423 









0.33867155546586764 









0.3444131277691052 









0.38614314551624257 









0.37026610289609246 









0.3804548789998833 









0.3683389228831308 









0.3629992271670883 









0.3482997775530253 









0.3841480133219298 









0.38276195731214896 









0.391672627033708 









0.4964380078806878 









0.6209379234690882 









0.7343963243480025 









0.7705489379811064 









0.9490669606423352 









0.9340208277019689 









0.958117718776704 









0.9737886332119388 









1.0398209002232552 









1.1026087388434873 









1.0298050898286828 









0.8862105549052723 









0.9608618005878002 









1.0406458795306013 









1.1206931505934659 









1.1435098866495281 









1.149311257438542 









1.112142116262414 









1.056135314127789 









1.0314865669097038 









1.0319443070975984 









1.032343141812011 









1.000043949956765 









0.8976953429608321 









0.8096478335097486 









0.7262854071486956 









0.2796406220239381 









0.2655097523742865 









0.2686256071121355 









0.26749807416934546 









0.27236108895713396 









0.26279684376434687 









0.2634842206655202 









0.25645018730658653 









0.26073098823069474 









0.2639721293085313 









0.26164762156109933 









0.26364063105802854 









0.26425551057641955 









0.2688111967381225 









0.27384235841660576 









0.28134509470147795 









0.26200644455793515 









0.2540572756153367 









0.28195574027684206 









0.2604703463396399 









0.2749338807232662 









0.26314700052303125 









0.26846414809035396 









0.2641191276197301 









0.2587182262546179 









0.27716015605101185 









0.26132573445968643 









0.24768274400262355 









0.2539673037290156 









0.26341573140494107 









0.2709308970180275 









0.26153476974513373 









0.27768441312910647 









0.26810835845115316 









0.2745604417556001 









0.27690325861479786 









0.27122724790273534 









0.27558586206704216 









0.25478301319177377 









0.27285324886761053 









0.2622389917638605 









0.2628199938169553 









0.28214210504339027 









0.26901955022862684 









0.25891657112327676 









0.2747051145436453 









0.27805755789170794 









0.26762546395951703 









0.2607311200724387 









0.25104423565864853 









0.26225794790720014 









0.3255225734299217 









0.49558529981947347 









0.6522269369076215 









0.7415892418332177 









0.8618114058211189 









0.9140406594088117 









0.7788164993397859 









0.7103803926483871 









0.7771536078341489 









0.952838577776684 









1.0001963665954159 









1.0371119608812076 









0.980516822009209 









0.9899877683055167 









0.966155136912492 









1.017490675911676 









1.0934923818422528 









1.069303693736803 









1.0603244739620943 









1.0275507739087075 









1.03565084221073 









1.0176582001275112 









0.9331219690106547 









0.9305154760513644 









0.9958871300871553 









0.9905127924781958 









1.0129562823036635 









1.048552798327923 









1.0879547581359321 









1.038154274982226 









0.9596200846840794 









0.9863667062593223 









0.9527726991041527 









0.9279336965797006 









0.879061913553948 









0.7491841941542141 









0.6541753167690968 









0.5680233593046699 









0.5257026278864035 









0.5150474405031147 









0.48714890209885214 









0.4427625366756284 









0.41833799496193186 









0.41382430745751597 









0.3884956335813853 









0.37580558703409994 









0.38856094705939265 









0.38348913587206257 









0.36102701365938467 









0.3506352116151069 









0.33830719550544397 









0.3821699949626848 









0.39520047176101186 









0.38064956312553605 









0.36660340652316836 









0.3633731191323908 









0.3541287024612178 









0.37870132782247434 









0.3930950440467262 









0.3600353593474444 









0.3341389869001235 









0.35729786316718043 









0.35730157272093355 









0.3504169580683777 









0.36421429322223264 









0.3538208327594151 









0.35009710062007704 









0.347933524011412 









0.3538047507866607 









0.34568235628708494 









0.36790502926237406 









0.36217611267768884 









0.352080346412034 









0.37016013933820646 









0.3615211558803178 









0.3653183982936451 









0.36056074253136144 









0.39989370835796606 









0.36114605193442334 









0.36355306322282954 









0.36490921088316314 









0.38412723845036606 









0.48499571057563434 









0.7161408312373504 









0.921513817213951 









0.9927397649247591 









0.9066667297184823 









0.8751302861017071 









0.9623731186027166 









0.9562009098198312 









0.9676765395558131 









0.9500586485440049 









0.9811796607873818 









1.0475391911683658 









1.1060329889069673 









1.0893645938430097 









1.115233494691578 









1.0735383584082017 









1.0749598250878685 









1.117041591207684 









1.0740573447445259 









1.0045235269342643 









1.0050484961141533 









0.9698644181952775 









1.0649881444556362 









1.070408393357385 









1.0626435939635588 









0.9739909010263174 









0.8753291883302077 









0.3121125242665919 









0.26636266565174566 









0.2662771490433037 









0.26767590975916955 









0.26382043139060857 









0.2796126366634535 









0.2770974823036001 









0.2739445816897983 









0.2666475930186073 









0.2572348793656443 









0.2758161945990929 









0.2646724077207214 









0.2556555032300661 









0.26780170036718776 









0.2577450377195019 









0.27915792240013276 









0.2765512557445932 









0.27601331257194767 









0.26718423503140226 









0.25794638345787435 









0.2646500122688441 









0.26376589997928696 









0.26586602895746503 









0.27767904894463874 









0.27553288822809596 









0.258643708913083 









0.27324647139526065 









0.2500826253673542 









0.24886747780333598 









0.2453589821748071 









0.2806812791098463 









0.2581786168062337 









0.24780029068340728 









0.256162416334232 









0.2705267720475158 









0.267953519030464 









0.25458976700565 









0.25469505050451424 









0.2851390200582219 









0.2725218884189473 









0.2523901473855767 









0.2519093439230954 









0.24865415097444815 









0.26229615649757915 









0.25099400553989076 









0.25965836079004667 









0.2625686155661758 









0.24843156915696318 









0.25079316356887243 









0.2508458235249542 









0.2765713944239714 









0.325336107412407 









0.4600849093648727 









0.6218803024133461 









0.621856747486329 









0.6666637741812937 









0.7775961468052581 









0.7675231204999524 









0.8521773165179795 









0.9168341488720723 









0.9238601059500967 









0.9501259788526997 









0.9205843599293715 









0.9502908987317661 









0.9767591583545736 









0.9224273869654345 









0.9413164735290767 









0.9576066215683925 









0.994349610656993 









0.947282228086265 









0.9239525935889583 









0.9198577572481067 









0.8948058437091011 









0.9735839893558875 









0.9178063735507483 









0.7662666082290988 









0.7434361581831677 









0.6549749474910125 









0.5312746876302341 









0.49086426046332976 









0.4837719452452913 









0.4240884843199456 









0.3832006137706134 









0.392613799667279 









0.37996098193794015 









0.4096148000320346 









0.4216928974600414 









0.39745069064903504 









0.3920123007334856 









0.38695623647757604 









0.39784848293169833 









0.4245668727557418 









0.4065943686912944 









0.39584221462049624 









0.41208195161320854 









0.40253056955249555 









0.41739900793230283 









0.40808922521537844 









0.38703755121966427 









0.41832483158252176 









0.4308463170724841 









0.42008580780764865 









0.41234346492875745 









0.4061914610431716 









0.40299729781640314 









0.4115404366972855 









0.427626084521775 









0.38896213773952487 









0.3951024750951437 









0.3972002770643136 









0.39059392253663516 









0.3908976569081084 









0.39848149668640725 









0.3891397302301693 









0.42104335923112934 









0.39206609577359186 









0.37773887231608466 









0.3836350061677423 









0.40995296834386546 









0.39745036725600064 









0.41306753319583006 









0.384331427823272 









0.37759167849051545 









0.42455965121550215 









0.6498626307696318 









0.7662272315515807 









0.7661147921934481 









0.8503682633268761 









0.8732218474785082 









0.9742995640326384 









1.0170525664287706 









1.0011790435837826 









1.0418240727386507 









0.9776941059413929 









0.9028194921414949 









0.9857537862775227 









1.062615419764735 









1.1138884428291698 









1.0970726072024986 









1.0882221125199807 









1.0644067909351673 









0.9551224174420193 









0.8078736569583673 









0.7633737456330558 









0.8663666912948309 









0.8982606964918839 









0.9806995754462486 









0.9136633688377148 









0.9059679321970515 









0.8264527040510442 









0.3008340408306331 









0.26817774719474496 









0.27305132253338715 









0.27105254896311987 









0.26782967233959265 









0.26913664549134897 









0.2578071546564309 









0.2541615496566168 









0.24379843575200227 









0.24693763099488994 









0.2385265528046998 









0.2547970455971672 









0.24662594731927026 









0.25647377005859573 









0.2497848002591994 









0.26344238785937635 









0.25824541459221656 









0.26526434659287673 









0.25894186912142053 









0.24888863954700288 









0.25259377450906734 









0.25574014451592825 









0.2742443442035131 









0.27578083060758074 









0.24518160804030933 









0.2624109514737154 









0.2584056596086996 









0.262043756904323 









0.26346048047577203 









0.25604088972568717 









0.26301327622483295 









0.2639527456421024 









0.2615670681352239 









0.25657412087895404 









0.2547325878377447 









0.25014707598820873 









0.27475203342090126 









0.26561173683316996 









0.25307774003852074 









0.2627713183544169 









0.24919333346913403 









0.2603487211426533 









0.27499145711851886 









0.27257941314354095 









0.26462316667696184 









0.26611461306536843 









0.24858749480294673 









0.27009182556923667 









0.27412198037919117 









0.2638735970740906 









0.26546223846301903 









0.2840225373716776 









0.3883259146847082 









0.3735247765564105 









0.3701647532597818 









0.37047024408035095 









0.4137266046569451 









0.39636692919709876 









0.4736906229006508 









0.502681849462852 









0.50558143948171 









0.5343120933759822 









0.5559911176396668 









0.5878087543647257 









0.5845278453191098 









0.5047012821949182 









0.5759320175181168 









0.636233331410651 









0.6062960131736731 









0.4868956960475831 









0.3852993515884379 









0.45890884671064996 









0.44228316006108953 









0.4591647643476148 









0.44048514619952994 









0.384896029405516 









0.35269546836964477 









0.38942870439262306 









0.3737523584884331 









0.3910561844397464 









0.3910548158118826 









0.37684774022160455 









0.4109185788983136 









0.42868800028843523 









0.4460551719175431 









0.4438200863879674 









0.46522604911870497 









0.4184187619519298 









0.42428395926687656 









0.40913811821292884 









0.4091123995757719 









0.4581746039359874 









0.4487583978078558 









0.45433959294926557 









0.45441709039580097 









0.43669394178613474 









0.4512834618106587 









0.4387727916083308 









0.4389807636468667 









0.4405865765701181 









0.43253322705508673 









0.4465530177356385 









0.46099469323865655 









0.4290593909580435 









0.42638680019318626 









0.46010681486564725 









0.4694589880309861 









0.4549886508328945 









0.443951610652783 









0.47122620807283366 









0.44872462244557304 









0.44905369614842927 









0.47171896388881 









0.42397085273167245 









0.4487173024728093 









0.46822483410284604 









0.4497592219083108 









0.44495742045539133 









0.4429654867367156 









0.4075101186409321 









0.4381182848302349 









0.43039390706955544 









0.4397746456444577 









0.551422716122036 









0.7778177328404958 









0.8418300631057676 









0.8836020771417764 









0.9621266059408129 









0.9979437404270743 









0.8754604605099111 









0.8397028579367056 









0.9312341012367346 









0.9286232137728658 









0.9550414358309269 









0.9172117725646299 









0.8801796001919888 









0.771995457652146 









0.7511080416282041 









0.7862277506436773 









0.6907937640036658 









0.7490402925925039 









0.7488598970949694 









0.66577607554293 









0.530790609604991 









0.531005547273115 









0.5362347812480748 









0.4881920645820194 









0.4323680848355715 









0.4113495885184148 









0.4523288355083884 









0.19707468396691802 









0.1950953768994547 









0.26875333524872924 









0.27417951073280294 









0.2566370755813102 









0.24810156532177674 









0.2540247516515129 









0.24924455046845806 









0.2322973074495891 









0.2659072100324108 









0.2544396027976924 









0.2653463293468158 









0.26514706367700946 









0.2593814395317773 









0.2639872876478972 









0.2608266662164373 









0.2624947468616261 









0.24017937256399394 









0.24411798391898692 









0.2630579211939195 









0.26096590927338015 









0.2615200395857992 









0.27130948335542193 









0.2640646517457113 









0.25064455202462027 









0.2650036244589132 









0.25032602106646457 









0.25457395219361917 









0.24085409848586314 









