0.03 









0.7224628693032473 









0.27963411843507063 









0.18778064459858432 









0.20227616025237116 









0.20167165245745436 









0.19435123036251867 









0.19087722310296945 









0.19546338867509513 









0.18698131142355828 









0.19969640842692346 









0.19620475364226622 









0.18950280239609407 









0.1809535751732577 









0.16858183066250468 









0.15555924446976846 









0.1383712302542947 









0.11296312989053572 









0.08868818796341144 









0.08377791092111164 









0.09269267857136795 









0.10060242227430746 









0.08930813080989447 









0.08120061029393405 









0.08354136501795352 









0.08568872270754316 









0.08196304895654877 









0.07185752822895833 









0.0726291113475093 









0.07385628678406284 









0.07366588626804052 









0.08364621299731793 









0.08839077756756 









0.08114592972521203 









0.07842914218804661 









0.08151027309596248 









0.0850635119854134 









0.09520041289839896 









0.11003443620522924 









0.11220421733364459 









0.12001768118510006 









0.11760751515128869 









0.12525915311996846 









0.12231448216325042 









0.1274497951985671 









0.1209881438387335 









0.11537179239714726 









0.12540225638154437 









0.13178986511083718 









0.12449306527047671 









0.1399580586949828 









0.13663529549095552 









0.1377713870582907 









0.12827034441440263 









0.12421240671420518 









0.1204646627444814 









0.12032908137056372 









0.12281691015125226 









0.12424583642014954 









0.1187115732220652 









0.1181916185927355 









0.11915672775076008 









0.11594874901037258 









0.11440158988628991 









0.12191162379353071 









0.12022468467995506 









0.12208457348799166 









0.12493412011488346 









0.122877160785486 









0.115239722229912 









0.11961107052467564 









0.11252704654132835 









0.11451158322471702 









0.12335329124866354 









0.12231616415752623 









0.12286178030691383 









0.12262774169492756 









0.12120369141274884 









0.12533511127792052 









0.12124295706327629 









0.12163963671419581 









0.11507155267564127 









0.12443557108769714 









0.12040668210076519 









0.12077606434449191 









0.10361481543880141 









0.09071426422220003 









0.09708903959932097 









0.09081269958860883 









0.0816682091531137 









0.07276037882340493 









0.07631689424195573 









0.0835405972919023 









0.08024932419373551 









0.07264409768948922 









0.07254752677292417 









0.07292315305649236 









0.07332222703421189 









0.06969677779235037 









0.07339581070378527 









0.07243101284799632 









0.07435152309948681 









0.07279336849961725 









0.07091779077079778 









0.06944573940599193 









0.07305053823443788 









0.07007231020009064 









0.06796448756827195 









0.07526941378092103 









0.08234853949399432 









0.09164872994572042 









0.10604881791588477 









0.1737681171214591 









0.19122273320979846 









0.18683622534046318 









0.2017970921701025 









0.19059188334381547 









0.1829139210471917 









0.195381424057145 









0.20364794976825376 









0.20380157111597214 









0.18247305498128824 









0.1923636917479781 









0.18857706913176914 









0.19493937028547373 









0.19295326013926653 









0.19148387193875213 









0.1867815511290007 









0.2030255294602659 









0.19970204935329094 









0.20112896107847666 









0.18896356458583172 









0.1925725267585783 









0.18950683085665304 









0.19488879524157213 









0.1874813888500313 









0.18459069831234054 









0.2064850378491842 









0.199063333393595 









0.1938476705699005 









0.19441465311520498 









0.19788300698419703 









0.1916906999913164 









0.19055848601839218 









0.19154769278839498 









0.1869085661044787 









0.18969149912945327 









0.19832072390091177 









0.1955805928955287 









0.19411020847136715 









0.1955676926853925 









0.1877361802865091 









0.19633970215304386 









0.18977814429685663 









0.1908875707083584 









0.1933714037516276 









0.18709751486160603 









0.19614527513227345 









0.19273990132143798 









0.18969504192819786 









0.17739969182304643 









0.1857255996967787 









0.1968715658532028 









0.17567038022735115 









0.15461376342937114 









0.1473261898807884 









0.11600215830690681 









0.10325901263036791 









0.10062939534009734 









0.0890218118656572 









0.08092321395371156 









0.08374097235733433 









0.079212998577255 









0.07481736952861015 









0.0804061471712313 









0.08028027719482492 









0.07503229487208758 









0.07316786550553205 









0.07153709010346583 









0.07297562803893451 









0.07411848679807066 









0.07803891664315216 









0.08620814021995762 









0.09446059472121004 









0.08712869375005956 









0.08174567510857605 









0.08079306840494264 









0.08454166086824635 









0.10341068836258613 









0.11309570115718737 









0.12708915790862985 









0.1309364975191478 









0.12628786810688875 









0.1298465601965995 









0.12749465452108796 









0.13500524487391355 









0.13263706218297383 









0.13645303462413658 









0.1262083274496965 









0.13569383865006726 









0.1370117110626225 









0.14422165387707775 









0.1522172536547865 









0.14974124914470302 









0.1499918336322556 









0.14788919665392614 









0.14964062348952603 









0.14329812392436947 









0.15293493797593716 









0.14616700768640617 









0.1549003836432633 









0.15052615731972344 









0.15176626462606146 









0.16189634811463996 









0.1570881769980536 









0.14994443670928143 









0.1561115564406867 









0.1458752147280909 









0.14845581195841717 









0.1506803482479765 









0.1553250993566945 









0.14871212504613546 









0.15552110371722958 









0.1633817905075042 









0.15770576130278022 









0.1616627969106994 









0.155198768609672 









0.14920231021617897 









0.15358726724529825 









0.1453394322230672 









0.15500030536407816 









0.15618913428897785 









0.15588978118509197 









0.1532991165167718 









0.14995759842537473 









0.1530192657518409 









0.13204492217915972 









0.11010613034002083 









0.10361137622827998 









0.09565695312613295 









0.08191826337990621 









0.08370998418451506 









0.07929302558914952 









0.07874397107500763 









0.07610427312607025 









0.07472353518173477 









0.08224296859585023 









0.08626981133314442 









0.08212069554115047 









0.07464688091657902 









0.07123793327227489 









0.07088266763040721 









0.07065871855899783 









0.07251249566363606 









0.07497053053891624 









0.07865680744016983 









0.07598451285558125 









0.0725011158188544 









0.07780403905694884 









0.08862473132107426 









0.09165485375531536 









0.11144343851825214 









0.18491075397267384 









0.18239373036862053 









0.1829876881700787 









0.18932913330855686 









0.19100549522736765 









0.19187071912159392 









0.19323394700937485 









0.18949472601124023 









0.19776243135264088 









0.191063810243433 









0.1937499760293648 









0.1905438879700451 









0.19121968776889148 









0.19261097467824165 









0.18800185476173453 









0.1870903374530119 









0.19542194493061196 









0.19142956164476285 









0.1879315163324309 









0.19064273410137608 









0.18328081350365322 









0.19017075571865086 









0.18924610972082204 









0.19155861148340178 









0.19069670834886016 









0.17707612748628207 









0.19244445624651968 









0.19855671469902364 









0.1915066577743656 









0.18243303050280177 









0.20008169946746834 









0.20103964178464195 









0.18934418712393225 









0.18526048409289725 









0.20078856714890905 









0.18364241722176966 









0.19079412526399234 









0.18653335277323854 









0.18482216888652395 









0.18348105403705353 









0.1859846061709216 









0.1856115060700336 









0.17956306868511918 









0.183454027978218 









0.1887392514585369 









0.1898508282044073 









0.1834512547622486 









0.1890385494016954 









0.2032586854303481 









0.21287430891861298 









0.2182332653080202 









0.19963918026241567 









0.161589177049695 









0.12753131268989087 









0.11538051267601405 









0.10064514917408164 









0.1031330278483527 









0.1216641417291848 









0.13076820940166217 









0.11463137551195411 









0.0990272624067115 









0.08836647235021015 









0.08791365429131319 









0.09285666892424081 









0.0960037295582635 









0.09081166946373848 









0.0836268372389215 









0.08445483254447726 









0.08692420644906157 









0.08677253136125629 









0.0889811563022202 









0.08988997863717338 









0.09324592397167605 









0.09800139165831499 









0.09644943058074526 









0.09499028189101616 









0.09443924969834236 









0.08469223026274433 









0.08235866211427192 









0.0860381949498151 









0.09153347052290735 









0.09580256781560219 









0.09356826478858954 









0.09487842066256619 









0.08995407411313343 









0.09027395661324075 









0.10101875257395565 









0.11286571251708821 









0.12160737320324713 









0.12433797343559282 









0.12500101077222872 









0.13227751755702866 









0.13385778830463899 









0.1424806837733716 









0.14110241657491215 









0.15212020546849017 









0.15289979786094177 









0.14344504450115134 









0.14532926193921278 









0.14864450121764822 









0.162958840957021 









0.1599144208228466 









0.15063964637406327 









0.14585133325639027 









0.1519516102036498 









0.16227348798729588 









0.16236101058834723 









0.16451476836855825 









0.15036468840021341 









0.15304485487629102 









0.16004325471679168 









0.15781014111349562 









0.1503799856347517 









0.16057244722886604 









0.16006714442647976 









0.14876389575383803 









0.1608720793430943 









0.15674024115088153 









0.15569279670628497 









0.15633945727527776 









0.155975622944222 









0.1655552134007292 









0.15972009192539272 









0.15204110214947866 









0.15479376052778998 









0.15567318104906455 









0.15555163807058334 









0.15011787493476897 









0.1485692298896084 









0.1553624169465025 









0.1521190806843385 









0.16034852796607701 









0.15355281000911175 









0.13257387987543778 









0.10145675147728589 









0.08734200622393697 









0.08387904016701049 









0.08988404826637296 









0.0956326596776039 









0.08730642056131742 









0.0857001286687073 









0.08971422923127279 









0.08873545318236589 









0.0856172869681106 









0.07579952845006238 









0.07611728287719813 









0.07544931831464739 









0.07545857501023588 









0.0795670695912743 









0.0754261251771142 









0.0773516732109119 









0.08318714386861399 









0.08737503689189627 









0.0852125534750764 









0.0826604934795624 









0.07916450014258632 









0.07375261178553352 









0.07281179015405827 









0.08002662140908312 









0.10268793970336669 









0.17515509343967528 









0.18821673413445425 









0.19229369546823866 









0.1925229062982391 









0.1829230954286317 









0.18826729478939033 









0.1935624348992006 









0.18710057994146953 









0.19348841865717742 









0.19680716716949664 









0.19228620829980436 









0.19459970620156627 









0.19406963425645735 









0.19298616690347317 









0.1944670092883934 









0.1905395394327547 









0.19295766050355667 









0.1888785473220554 









0.20106732472768032 









0.1900460400941893 









0.19452046261099862 









0.18811923819409604 









0.18684669016908306 









0.18559207716271445 









0.19104682021915398 









0.19542105385772984 









0.1834571720231948 









0.19089476365677716 









0.19351357979397327 









0.19918589815139728 









0.18944479299804237 









0.195674774009782 









0.1979295168971698 









0.17995950887877932 









0.1922618346958887 









0.19120390149997635 









0.19436554072859905 









0.196737645855101 









0.1836821154257349 









0.1975052707083738 









0.18848455583974177 









0.19404106874438942 









0.19684594523608312 









0.19010211770800386 









0.19259125470142519 









0.19146172119443278 









0.1982973195266727 









0.19488974695716194 









0.19559157116698175 









0.2061480532856748 









0.27102915875166483 









0.36946703590739277 









0.43540449698975603 









0.40610037998757265 









0.5161864943629578 









0.5429479746085877 









0.4407954042474494 









0.44273094563478166 









0.34550308561057114 









0.2997998130195236 









0.31573864680915364 









0.32783455381144105 









0.3280201174822458 









0.3214467078761733 









0.3390763011862842 









0.3631911281194827 









0.3612239955213098 









0.3437943411863093 









0.33240320004377244 









0.37651925127839714 









0.4127213275270359 









0.4360467373245425 









0.4514835735083558 









0.3524910556693042 









0.1833247009916742 









0.10540579226374003 









0.10352234786193906 









0.11097713427267454 









0.12314969931689355 









0.13317915751496356 









0.13999235850126043 









0.14840365237823616 









0.1500920643791601 









0.14941564627631282 









0.15307570246236432 









0.1472182937481386 









0.14280219304849742 









0.15375158635804073 









0.15788125038814022 









0.1568197670401293 









0.14663239336344053 









0.14163135533578458 









0.15684747806344462 









0.14951773923917971 









0.15422372880183954 









0.14985612784400523 









0.14526280053617377 









0.14353971669945578 









0.14553278731142663 









0.14941458591613627 









0.13785706153745667 









0.1428217318582534 









0.14361369306782626 









0.14851603330724866 









0.14962706010894938 









0.14173930949052005 









0.14527671438583645 









0.14547201121668532 









0.15350685573679435 









0.1495700176682329 









0.15015901709193338 









0.15308005694594765 









0.1466212918386413 









0.15489352573021184 









0.1517382322391172 









0.14974810080751244 









0.14780863988118365 









0.14537736727472383 









0.15109981986429918 









0.14871674707949495 









0.1559163413756234 









0.16667934499952963 









0.1975799778685742 









0.1893343853416471 









0.1533504886119347 









0.1495638539731905 









0.1563955376221669 









0.14689461772758278 









0.14516627033360432 









0.12416125963857556 









0.1281710361906278 









0.12945593580690432 









0.13178536972441077 









0.13811038910603526 









0.1395423937847453 









0.12441761031129876 









0.11667934050315001 









0.11254954559779536 









0.11624493017642942 









0.11539220694716082 









0.12377388566106788 









0.1406413200013402 









0.17371946458683105 









0.16430817386626523 









0.15511010041951337 









0.12966748286192306 









0.09581981238447056 









0.08578774085609925 









0.0903542015906943 









0.10344830810758529 









0.167350238159735 









0.18797755132848282 









0.19619522865185066 









0.18419396707056465 









0.1903725939899063 









0.181618099378421 









0.20077912383982507 









0.1871060418129905 









0.19575444563810188 









0.19985281293928847 









0.20261995302507751 









0.1869505286098956 









0.19439514729788734 









0.18526637436403195 









0.18672588527094133 









0.19142258900193443 









0.18585952864806632 









0.18924796448057846 









0.1887145762384504 









0.19227356364223622 









0.19167645466063482 









0.1999056557919447 









0.1848494684263758 









0.18840919642319343 









0.19678184611011285 









0.1953236773427013 









0.1919893182756465 









0.18638152438310482 









0.1899942695650003 









0.19555703872532204 









0.19275329387657358 









0.19187465084989577 









0.19621268114870624 









0.21001875132600242 









0.1952291058802672 









0.18750788318834474 









0.1837375617379909 









0.18630890962947952 









0.1948925000630954 









0.19360579900717084 









0.18570380346450127 









0.1796839740995233 









0.18561197721208933 









0.1952547021361325 









0.19346782697471185 









0.18840457071482988 









0.19058479818402552 









0.18091668605375757 









0.17846555970825217 









0.21300562820415192 









0.4444956354008562 









1.1664443586616273 









1.4136832089004772 









1.4652668709537433 









1.4820281304395477 









1.4891481340988024 









1.4925629280293151 









1.494248072461598 









1.4949113538668604 









1.495261527231542 









1.495169464430868 









1.495086666809475 









1.4950898140969273 









1.494995757895632 









1.495617834137037 









1.4961284704200513 









1.4957310726298687 









1.4951800892747447 









1.495765634673959 









1.497201753528865 









1.4980947587207931 









1.4980768687899522 









1.4982587923788353 









1.4979534594484274 









1.483014015341854 









1.166202012333479 









0.39698832352458274 









0.21009823458771495 









0.1966198946011401 









0.1874259069312258 









0.18723514307599845 









0.18981111976211718 









0.17557696165434777 









0.17583219723988874 









0.17209149964676507 









0.16856383213799844 









0.16660601770221323 









0.18047074481112396 









0.17395505999034885 









0.17071097267186078 









0.1770130715572247 









0.16166633784716616 









0.16927315842410526 









0.1652383576726414 









0.1721402486277519 









0.16898231654821186 









0.16353820136668257 









0.1686184143616379 









0.1723583436462101 









0.16433136309122476 









0.17022090371166645 









0.1574830754218346 









0.1580147222067181 









0.16498522906899576 









0.1767092736231403 









0.1687809849417997 









0.16577968006574717 









0.1615361000020333 









0.1697673284083879 









0.16435065964719028 









0.17485999459220586 









0.17423812875204123 









0.16651070417643343 









0.1733830219108693 









0.17536321651682746 









0.16581208301295916 









0.1616339386960544 









0.17250218835050535 









0.1753863894645271 









0.18444284470380115 









0.1694200138990848 









0.1919029783843194 









0.2755519175023887 









0.3657386323175611 









0.365450485388093 









0.4110377339297986 









0.4484430659426432 









0.42499148324657243 









0.45763767717705534 









0.6197079396157438 









0.6539894371625707 









0.6223526710515125 









0.6373531884985275 









0.6464683099386711 









0.7512883880703262 









0.8593240487746026 









1.1056358677586218 









1.156938822499 









1.1737614879164664 









1.2579419956048405 









1.2418948044879163 









1.2788703041034077 









1.3517088732961593 









1.3993597661744734 









1.429430128792247 









1.4300621756956484 









1.3116284873629025 









0.7042526190361578 









0.2401808775128484 









0.16327110760453253 









0.18460679176846703 









0.2083587381239664 









0.20967364706592742 









0.20002088907327764 









0.1939451354952177 









0.20333973897214588 









0.19838191146339018 









0.21340414064250895 









0.2190185834819898 









0.20001196395390392 









0.19639999746257258 









0.2014737275396629 









0.19913264950046464 









0.2068375935706782 









0.20731114125613673 









0.20923039810600627 









0.20172362755421241 









0.20820657706510157 









0.20840881821988733 









0.20700614519601646 









0.21430712634049606 









0.19864305991251105 









0.19362536803073166 









0.19241763554354202 









0.20346798324130794 









0.20640211642906336 









0.19684299864881274 









0.2049448936039437 









