0.2 









0.00027349601206298963 









8.154037774982085e-05 









8.244974011355559e-05 









7.215761945727358e-05 









6.50309402959787e-05 









6.46203898902643e-05 









7.309659403669633e-05 









8.446719209077432e-05 









6.304312628076288e-05 









6.886340256963092e-05 









6.832059098920527e-05 









9.742666165090983e-05 









8.048903398265799e-05 









9.721432420080457e-05 









0.00013361980741892113 









0.0001343417184324112 









0.0003082181074330027 









0.00030735613756991304 









0.0002974827624188171 









0.0002871139118704926 









0.0002386951833520721 









0.00025839063797071797 









0.0003163670800997143 









0.0003500456821045233 









0.0003733579424438955 









0.00038688008508166755 









0.0004530801420068628 









0.00039190173627083353 









0.00041812504908289035 









0.0003673084733917402 









0.00036296754577456525 









0.00030465898532619647 









0.00037685078342222827 









0.00037788858498436596 









0.00022248102083691923 









0.0001985583426780243 









0.0002069591672161429 









0.0001336226478002245 









0.00015488510385354984 









0.00013197168650486035 









0.0001045544133075342 









0.0001352866811439849 









0.00013059748820640332 









0.0001169139668861183 









0.0001305655987014688 









0.00011369375522157562 









9.075870288326182e-05 









0.00011797092384027006 









0.00012674789425263524 









0.00011505050062782035 









0.00012600597569916122 









8.831756200255021e-05 









0.0001795781695093939 









0.00012474039555673057 









0.00014589150412719815 









0.00013058691535156188 









0.00011900440958424792 









0.0001350040230247212 









0.00012570257622734123 









0.00013919256122423137 









0.00013458678192372302 









0.00016129391886033617 









0.00015551968666787123 









0.00011333929785464113 









0.00014690453261804364 









0.00010888793064349035 









0.00012284878241207166 









0.00021313186397702382 









0.00016720698479057958 









0.00012178775570812839 









0.00018627929433946347 









0.00015154564556341905 









0.00011298238725362513 









0.00010884675439797918 









0.00017367651745054557 









0.0001297044583534017 









0.00016109240711747108 









0.00012715009126227533 









0.00019143506635506722 









0.0001067963731317079 









0.00010880571409313311 









0.00011039915213248677 









0.0001107293445539398 









0.00019950644623162924 









0.00023658279795430977 









0.00026016379523586316 









0.00020472883189911022 









0.00024392945963794315 









0.0004383810329292785 









0.000349189368899576 









0.00025945044584736916 









0.00022243584513971385 









0.0004056794092815304 









0.0005528466624785584 









0.0003555900583404427 









0.0005456841763624751 









0.00040281869555628693 









0.0003845441998716149 









0.0005291227061406606 









0.0003784670112046394 









0.0003648051160016452 









0.0003720227568774526 









0.00041679755063563854 









0.0004133760835132919 









0.000571314821219463 









0.00033970543404168404 









0.0003934628913944963 









0.00033371883777446226 









0.0003475271750920531 









0.0002341722764386145 









9.029945716182265e-05 









8.68570406052905e-05 









8.445458054389893e-05 









9.53995945557007e-05 









8.270550567288706e-05 









5.9003887862183436e-05 









9.903258923865869e-05 









7.883824766328768e-05 









9.511018439591267e-05 









6.414933076370195e-05 









7.075335172524517e-05 









7.249736226387799e-05 









6.289444608778535e-05 









6.623496621735048e-05 









8.753895321694335e-05 









6.750595259686182e-05 









7.837782202661213e-05 









8.757181007513161e-05 









0.00010421509267265886 









8.162081984248678e-05 









8.93464401497573e-05 









6.65146830195366e-05 









0.00010652431676172748 









9.175164511011822e-05 









6.944549847044527e-05 









5.963318617041627e-05 









5.8480889033242256e-05 









9.072190474162582e-05 









6.700583584525229e-05 









6.261577012260318e-05 









6.388041535135724e-05 









8.716981680598855e-05 









7.48922952000584e-05 









7.650757860335904e-05 









9.009607395081613e-05 









9.976223962567263e-05 









0.0001001634587917308 









7.60075953098569e-05 









7.063666675380968e-05 









7.007123759634185e-05 









6.370061661040795e-05 









7.339601977693153e-05 









0.00010985224408388572 









8.279886715688412e-05 









8.188609990651081e-05 









5.593441854822644e-05 









8.517103428552981e-05 









7.551451157942036e-05 









8.20981691794249e-05 









9.144033245522061e-05 









6.181538607125627e-05 









0.00011363665537587164 









0.00011198609499929492 









9.628395058576325e-05 









0.00019274004937861058 









0.0002588330261483 









0.00022716827708207216 









0.00023502336043107182 









0.00037091273631354284 









0.00041197087104271875 









0.0005020804442348481 









0.0003897852818932283 









0.00033033328448522036 









0.00036367953488010017 









0.0003750518414130759 









0.00047268206620035443 









0.0006535638328154435 









0.0004134643443367458 









0.0005054917518048975 









0.0003740131218943921 









0.0002571369920296551 









0.00034134102244779893 









0.00026269530348185625 









0.0003244854992254856 









0.0004725041739106455 









0.00027072815084300847 









0.0002438082695014411 









0.00013007329045258107 









0.00011931300318927053 









0.00012143435291894222 









0.00010980485530831183 









0.00015249419663611736 









0.00013471364391334483 









0.00015862525377134594 









0.00013587580709045416 









0.00012700481295536742 









0.00010550729119267631 









0.00011053751872681963 









0.00010300118663486168 









0.00011830849706691906 









0.00011947540436871763 









0.00011250645673279818 









0.00012962106530881455 









0.00012534684242906317 









0.00010011931967067778 









0.00011199406143442039 









8.521223803776621e-05 









0.0001067305316236238 









8.970482177297114e-05 









8.626800869726298e-05 









9.663398962182347e-05 









7.379647678687231e-05 









9.741357688157244e-05 









9.003126787274525e-05 









9.881871767219901e-05 









0.00011435632730349321 









0.00011204761514032807 









8.10081660029211e-05 









0.0001079968483039819 









7.752661346557611e-05 









8.789810583601486e-05 









0.00012011768159457748 









9.017916715333484e-05 









9.40859745053658e-05 









9.801822105618124e-05 









0.00014806564446431905 









7.529141003804605e-05 









0.00011708309590821437 









8.892058852148741e-05 









8.789674459935717e-05 









8.419590145063472e-05 









8.69912348823036e-05 









7.706488525194483e-05 









0.00010776444312336693 









0.00019426568504103767 









0.0002336785753771712 









0.00018227641336309038 









0.00019142687583094327 









0.0003896377230292358 









0.00030216794513884067 









0.0002891059188126964 









0.00031347632815266626 









0.000424918697259371 









0.0004973533353735576 









0.0003256586476950607 









0.00027622102658846466 









0.000285172726239005 









0.00048229533521154005 









0.0005185310100153154 









0.0004339215262264001 









0.0004089806779392631 









0.0005446739767929874 









0.0004045092288176007 









0.0003500829107599244 









0.00040548116265989235 









0.00043704653376571 









0.00032666978429977587 









0.00023981869933123527 









0.0002581112285413254 









0.00016213166675713012 









8.21778719977657e-05 









8.038825259594398e-05 









9.229563130804386e-05 









7.462923024750529e-05 









9.429148846515619e-05 









8.35052202550079e-05 









9.328195445244413e-05 









6.68377568754224e-05 









9.039743747511078e-05 









6.544621979599432e-05 









7.866203995488303e-05 









7.810045240797209e-05 









5.660046317928183e-05 









7.800089271076379e-05 









6.766218475472186e-05 









7.334421978467007e-05 









8.086238087365867e-05 









6.527175354146563e-05 









6.43707712320153e-05 









8.83206488817979e-05 









9.056686573662571e-05 









8.07674090256062e-05 









6.84684008870455e-05 









6.70318757234072e-05 









7.502809031725366e-05 









7.114341087277675e-05 









8.863391345007208e-05 









9.686643988280827e-05 









5.6868068178347345e-05 









8.559332972568146e-05 









9.532246299325413e-05 









8.136758788237566e-05 









7.275391616177974e-05 









8.563400171518556e-05 









9.52301371924568e-05 









9.287985299818703e-05 









7.11579109090809e-05 









8.296257325531725e-05 









9.103792852202912e-05 









8.232577035910686e-05 









9.273748000322074e-05 









8.337385303398281e-05 









7.30934180620748e-05 









6.867038504180869e-05 









8.688447427885866e-05 









7.903518043066976e-05 









8.19389169141341e-05 









7.161490388135508e-05 









7.527679684128171e-05 









6.262635317960441e-05 









0.00010402613243720905 









9.491139842113659e-05 









0.00011791134313336214 









0.00020690081997447367 









0.00030971471496695684 









0.00029962018483139586 









0.0002095552495183224 









0.00017334110972504787 









0.0002157448729608881 









0.00018031134992881374 









0.00035193960249207176 









0.00046046273741359863 









0.0004026489019870914 









0.0003956208894113116 









0.00028075411479230037 









0.00038511243242188265 









0.00045255146453121166 









0.00044309743235245586 









0.00048003044999127124 









0.00040333469460553697 









0.00035296428680269985 









0.0004356215154697259 









0.0003131000250800103 









0.00025355514364047 









0.00027490613955203594 









0.00033546309511772255 









0.0003240022174125438 









0.0003500614515933825 









0.0004713034268546603 









0.000338014697554162 









0.0004069533478629157 









0.00030909243753158807 









0.00047965876549506316 









0.00022415008932366636 









0.0002902262597435564 









0.0001922864364209011 









0.00017611715416388752 









0.00013366076409446946 









0.00016974077016551137 









0.00011261090167201908 









0.00011475503399242356 









0.00010029465050581942 









0.00010817884737681843 









0.00014375917707870858 









7.473310006486283e-05 









0.0001159194496656572 









0.00010167004487474191 









0.00011529838869757503 









0.00012929737542252315 









7.910841222284496e-05 









0.0001292798933735909 









9.5438328999818e-05 









8.955183029650714e-05 









7.926298184151154e-05 









8.066046499930351e-05 









9.338435542098e-05 









0.00011522192615209755 









0.00010299852659031127 









0.00011639735550714512 









0.00013608001051087983 









7.749666737410566e-05 









7.450144266405809e-05 









0.00010831141043453217 









9.960457432352417e-05 









7.501581264631415e-05 









9.943768746400778e-05 









8.061914107774043e-05 









0.00013026342406540967 









0.00010500534644074542 









9.750694678326108e-05 









8.22681962571277e-05 









0.00011776307980917257 









8.977471424953888e-05 









0.00011581773548508266 









7.954487674107692e-05 









0.00010161843597120482 









0.00010030509099711918 









9.405406725498927e-05 









0.00010476935482321854 









7.746768668572339e-05 









9.476246761658762e-05 









8.19743817406114e-05 









8.43113876925281e-05 









0.00013564790362043333 









0.00026197891519825583 









0.0003276648838527391 









0.0003427006579394382 









0.0003272527827912362 









0.0003344319032727635 









0.00028095044438091214 









0.00034317597539169914 









0.00030009383853302793 









0.00034508355696441257 









0.00041252317364994336 









0.0003256491967165146 









0.00047246961913812515 









0.0005432887470189513 









0.0004948714116149735 









0.0003210507813737467 









0.0005529959398073667 









0.0004537718755346574 









0.0005028848012720201 









0.00023690648287977593 









0.00031396099581054623 









0.00032536122826797503 









0.00035265842838909427 









0.00042929226252692425 









0.00034892764352471807 









0.00038110863187277894 









0.0002766725792307848 









8.693144144092233e-05 









9.837372643156379e-05 









8.36038720813158e-05 









6.51742006697937e-05 









7.179917231376527e-05 









7.906976027444171e-05 









8.989764859003858e-05 









6.860044763777075e-05 









7.542342432108803e-05 









5.5283442220710035e-05 









9.293645472241237e-05 









8.842228713361017e-05 









7.361735018659253e-05 









7.770669485509296e-05 









6.549711241579834e-05 









8.663265528214023e-05 









6.745800788911387e-05 









6.710127414649172e-05 









6.705734171036829e-05 









6.240485552935687e-05 









7.259156885289157e-05 









7.837649484553023e-05 









6.394394130354721e-05 









6.887341499031346e-05 









8.929754927676133e-05 









9.96228143241805e-05 









7.38126895869209e-05 









9.353921165571581e-05 









8.647360512280456e-05 









7.487777716402462e-05 









8.420887767327897e-05 









8.107872101896214e-05 









5.9353643025029097e-05 









7.170246818687036e-05 









7.070476194889106e-05 









7.882370706983085e-05 









0.00011401719271142993 









6.499620326733723e-05 









7.901964178426902e-05 









9.23388933100857e-05 









6.397989678528482e-05 









7.488996155642972e-05 









6.990746923561118e-05 









7.499819728156522e-05 









8.555088087341373e-05 









8.953845506361253e-05 









9.110871929307452e-05 









8.301679526606821e-05 









7.870045444282058e-05 









6.592231706830608e-05 









9.271296671029407e-05 









6.752628493450048e-05 









9.971129016389405e-05 









0.00022085571279953668 









0.0001416075148571615 









0.00023507912611761816 









0.00020491101003347655 









0.00020112223809556023 









0.0003161111746715275 









0.0003091092221588769 









0.00029654348063623103 









0.00025352814992733274 









0.00038314560970655845 









0.0002915468318867695 









0.00033969538141394035 









0.0002853193196818933 









0.00031236034828969117 









0.00024174119962738706 









0.0003152871494028162 









0.00039493436719726597 









0.0003348150087115854 









0.0003975701738380716 









0.00028277746338769514 









0.0003058623922982115 









0.0002849865605874388 









0.0002383163615141007 









0.00023191960105573483 









0.0001751977956925577 









0.00011439993311831997 









0.00012116275763007253 









0.0001151603215733982 









0.00013002451085271073 









0.0001037765596835975 









0.00011071345310164835 









9.325391052759697e-05 









0.0001280935029049446 









0.00010550046377536553 









0.00012279212860910583 









0.000104072460868212 









0.00010472292459466772 









0.00010546979470029224 









9.799765141146188e-05 









0.00012969648942756157 









7.762210477607539e-05 









0.00012897860172852825 









0.00013171724487998204 









9.319133725261647e-05 









0.00012299562863176628 









0.00013737611370502872 









0.00012942219181129696 









0.0001306251808683499 









0.00011754162332667114 









9.716033738260473e-05 









0.00010645493270744949 









8.573723846626266e-05 









8.202663582789285e-05 









9.015397691155107e-05 









0.00010509985899669537 









8.805287087673355e-05 









9.046049991089707e-05 









9.795529607811712e-05 









0.00012003311551855807 









7.748487281696095e-05 









7.996461824916722e-05 









0.00012207640825388435 









9.448842360531297e-05 









8.98426807351046e-05 









0.00013305027736793348 









0.00010952792453227184 









0.00011495489170173473 









0.00010810405505940785 









0.0001039838062450241 









9.285794648006518e-05 









9.68697446744155e-05 









0.0002538525777325821 









0.00016506236352239974 









0.00017998341266710333 









0.000239598541822142 









0.0003289153905586684 









0.0002709448134591209 









0.000353237078715118 









0.00037904413990879856 









0.0004828792019200351 









0.00030436241301538955 









0.00036441862101527987 









0.0004165362360966174 









0.0004952342351899325 









0.00034804929359345935 









0.0004488420586788067 









0.0005294011548346488 









0.0004196920172486625 









0.0002821507805868922 









0.00018639141043317578 









0.00025520185643797917 









0.00031715290210242874 









0.00021618110341348567 









0.00035739790814069835 









0.00025536540895324276 









0.0003519924502451875 









0.00022957344672076303 









8.036596878130203e-05 









7.759649237526554e-05 









7.138898099801035e-05 









8.349618794383011e-05 









9.18146589490046e-05 









8.905371323656275e-05 









7.084166789005294e-05 









6.0016459529354757e-05 









8.87175351740506e-05 









8.200787560717226e-05 









6.301865447699163e-05 









8.193744071378946e-05 









5.941267093269053e-05 









7.394623508440946e-05 









6.125774052750241e-05 









9.192025435610698e-05 









8.667404776642126e-05 









7.290274567422613e-05 









5.813045235519268e-05 









7.899697468839547e-05 









6.589159861539355e-05 









8.796859164594537e-05 









8.647220342785346e-05 









6.433124605886826e-05 









8.093164167588153e-05 









9.363078984316874e-05 









6.162150478173305e-05 









0.00010624775155680274 









7.208275790552902e-05 









7.082494629336199e-05 









7.451210689225532e-05 









8.061450445239533e-05 









8.408960310988323e-05 









7.792437301329085e-05 









7.084197324244045e-05 









5.978476128138599e-05 









9.78225831246343e-05 









6.648773717525286e-05 









8.21281121076859e-05 









9.218925181260341e-05 









0.00010983580446957621 









7.19323282815686e-05 









7.741151249400751e-05 









9.696561434675084e-05 









6.676605982440393e-05 









5.903078599205407e-05 









7.944116324173605e-05 









7.961290662446652e-05 









7.393044262038765e-05 









6.400733839936011e-05 









8.336826375226853e-05 









0.00011068818638456018 









0.00011910417977828403 









0.00010108061386318568 









8.228438192653624e-05 









9.556772802520478e-05 









9.343766133000835e-05 









0.0001207019696639908 









0.00011160147130847287 









0.00016036022860477515 









0.00011640268874324642 









0.00018013227644057985 









0.00010210091692906394 









0.00014714084262266254 









0.00011198962330653589 









0.00014065643882675316 









0.0001024223507332865 









0.00014169634856779086 









0.0002013391609086425 









0.00010378390404921242 









0.00011230954821056162 









0.00011597798941647146 









0.00010744882299777329 









0.00011249811461700713 









8.411934342071676e-05 









0.00011103016167606193 









0.00010406031230371775 









0.00014048659931907201 









8.259541129860286e-05 









0.0001098408865858746 









9.702454513402127e-05 









9.997397111161442e-05 









0.000137146554557632 









0.00014671051579029202 









9.254234841675047e-05 









0.00014816782424914687 









0.000125459897901325 









8.801464395395274e-05 









0.00013603743806994153 









9.302409678629466e-05 









0.0001400085307582614 









9.9276041799995e-05 









0.0001235640545064784 









0.00012285414370202504 









9.625741302564558e-05 









0.00015473212411621913 









0.00011754881580588158 









0.00011485291914950692 









0.00010887737755619431 









0.00013092267233879925 









0.00011373045051591769 









0.00010623857263245996 









0.00010732141209351332 









9.132974884712105e-05 









0.00011100831101668763 









0.0001310886138707933 









0.0001607271530727963 









0.00013034116450088575 









0.00010710523217981517 









0.00012792662869881658 









0.00013067531744842922 









9.352846668150852e-05 









0.00010080405916420258 









9.548787188183857e-05 









0.00013126970407492227 









0.00014095571987181516 









0.00011508377663712726 









9.227728682484076e-05 









0.00011101820850135006 









0.00010251834042486848 









0.00012467536107943543 









0.00015632677304435762 









0.00014215116721049683 









0.0001715909052621996 









0.00022101168995981385 









0.00025706777694005714 









0.00032769313406272793 









0.00029592054714540784 









0.00022227736887142684 









0.0002926758184693761 









0.00023748582840414054 









0.00022107651737347144 









0.00035561447395736795 









0.0002908685195578105 









0.0003009514728292847 









0.0003456850033058086 









0.0001574333397725236 









0.0001863886531152985 









0.0002725592702979257 









0.00025464805851177323 









0.00016204615413657525 









0.00018493559837015204 









0.00015431124998915865 









0.00016339455998273377 









0.0001784831484629564 









0.00011379262814673941 









0.00013491278765727732 









0.00012652775229153674 









0.00013536109389865892 









0.00015056123574600964 









4.9299297323265255e-05 









9.632270630494383e-05 









9.355336154199143e-05 









8.988075757754134e-05 









8.660118177120575e-05 









5.23904501485596e-05 









7.023798204279359e-05 









8.399971921543141e-05 









6.881178141904685e-05 









9.46436230154897e-05 









9.032735963783575e-05 









7.341303274926568e-05 









6.759810999030594e-05 









7.254472050526355e-05 









7.280926449398952e-05 









5.5541474803362015e-05 









0.0001051275276557427 









6.081398775607355e-05 









6.069354946662553e-05 









9.659448407699542e-05 









7.908420858709363e-05 









0.00010484305622685709 









8.46376014907527e-05 









8.37353563206166e-05 









7.25881459567063e-05 









7.47184778139359e-05 









8.748235757895551e-05 









7.427179769220476e-05 









6.468242334025042e-05 









