0.2 









0.000351770935987724 









8.74535778477159e-05 









6.861917112714283e-05 









8.524518352073499e-05 









5.866922331354203e-05 









7.5945275369434e-05 









6.604886597831925e-05 









6.784582386359273e-05 









8.149183542062506e-05 









6.0151019672701226e-05 









5.229921766753644e-05 









5.103591827918857e-05 









7.199324709368637e-05 









7.686419869000873e-05 









6.757949815608116e-05 









6.344983054573262e-05 









4.829845095883904e-05 









5.8435122414926725e-05 









5.6998028435190236e-05 









6.146845439194273e-05 









7.347406540555732e-05 









5.79872968563103e-05 









5.460807230496694e-05 









4.9944407644847573e-05 









5.480799934418605e-05 









4.1563395245456794e-05 









3.854927237159277e-05 









5.203555509876571e-05 









5.701698932236184e-05 









7.272085168084637e-05 









4.3492776895302006e-05 









5.678911800742109e-05 









6.553976096862863e-05 









4.8109863034124644e-05 









4.673014141200814e-05 









5.2303833793851634e-05 









4.863864919509411e-05 









4.8969239550617066e-05 









7.738816075661783e-05 









5.414861815990393e-05 









6.899501246396295e-05 









6.445654044241831e-05 









5.327902701766126e-05 









6.616123011643173e-05 









7.189908977817853e-05 









5.236348474851836e-05 









4.2431623764373216e-05 









5.685185667714078e-05 









4.879698302267269e-05 









7.188032490559461e-05 









5.289266724948954e-05 









5.92475772959635e-05 









5.9661190310247863e-05 









7.395206683915778e-05 









6.182520017962141e-05 









6.469149699656988e-05 









5.6582632965747146e-05 









5.765250154679049e-05 









6.319512527521289e-05 









3.924830243809929e-05 









5.8780639784748986e-05 









7.95944267457225e-05 









6.755401903180353e-05 









4.476147886971824e-05 









5.3589496525537636e-05 









5.7588997205922904e-05 









4.133439675947901e-05 









4.906537674064728e-05 









6.45099931289888e-05 









5.425141166244234e-05 









4.710203538494543e-05 









5.273959316607309e-05 









5.5979066520069225e-05 









7.403526161931079e-05 









5.980350598158207e-05 









5.723465349739471e-05 









6.048970690469408e-05 









5.897017988999491e-05 









5.9889661074239236e-05 









4.910672511340942e-05 









6.875666790580956e-05 









5.877095716076297e-05 









7.878552420398e-05 









4.3345090038433875e-05 









5.584419339837577e-05 









5.0128440286997194e-05 









8.516922001002036e-05 









5.102645135972563e-05 









4.635774777151332e-05 









4.038369904483103e-05 









5.861918199340977e-05 









6.967989887645114e-05 









6.108289690073754e-05 









5.869650013226909e-05 









5.246886516081168e-05 









6.673593981416459e-05 









5.2173900332714825e-05 









5.183241797743527e-05 









4.801268063343367e-05 









5.417580907217405e-05 









5.9268341910821056e-05 









5.664496759311462e-05 









4.511293196658828e-05 









4.983511999382985e-05 









4.027990840417455e-05 









4.5338466370237634e-05 









5.035186915936223e-05 









4.795261529349279e-05 









4.9478475681296615e-05 









4.794460429603861e-05 









5.339150455978364e-05 









5.174420898738252e-05 









5.230437131329907e-05 









5.15317642407724e-05 









7.058617744670818e-05 









6.06552267309394e-05 









7.226930124919361e-05 









5.6442393340302454e-05 









5.194915554031713e-05 









7.254374876201848e-05 









6.51979865235456e-05 









6.827325252533195e-05 









6.324332291538245e-05 









6.733153522656344e-05 









8.070299882359073e-05 









7.872809127960453e-05 









7.251877899002542e-05 









6.286543673238886e-05 









0.00010070341577795555 









8.180731362280475e-05 









8.256867756917243e-05 









6.562676517774381e-05 









6.948952422191728e-05 









7.01133166458344e-05 









7.386627008980718e-05 









9.739780146005848e-05 









6.900096510220494e-05 









7.997025449258974e-05 









6.746726114203478e-05 









7.072185214889308e-05 









7.495554453802145e-05 









4.804992493469747e-05 









6.726804337344156e-05 









6.061077211040813e-05 









7.417277953185022e-05 









6.176235616621486e-05 









6.290068572244754e-05 









8.18217240285617e-05 









6.741455612122733e-05 









5.846968720812306e-05 









8.835188078754282e-05 









7.790330673535236e-05 









6.914010757037598e-05 









7.581398042529367e-05 









9.659446441925178e-05 









7.167596195601835e-05 









6.643950459272831e-05 









5.2377187054955554e-05 









5.032369896451989e-05 









7.73097108243392e-05 









8.71196807912876e-05 









6.328078473736109e-05 









5.902687996434824e-05 









5.9623324372559386e-05 









5.164885615689751e-05 









5.020643528930212e-05 









4.288661119976789e-05 









6.480091010345327e-05 









4.851661760662797e-05 









4.794269198798506e-05 









6.411923800633525e-05 









5.697042571603692e-05 









5.518560616107955e-05 









4.5359796079363926e-05 









5.602328060574932e-05 









5.0694432626972034e-05 









5.8667283156759e-05 









6.099657062601392e-05 









7.887105603286614e-05 









4.6316925270026635e-05 









4.13432270802128e-05 









5.86244579894159e-05 









5.513743244260188e-05 









4.422247003430511e-05 









5.8985416972963555e-05 









7.896094804601801e-05 









5.748999660586618e-05 









6.218795436606149e-05 









5.139344905499164e-05 









6.866374208105599e-05 









6.205442350139327e-05 









6.340712231880587e-05 









5.128754403064566e-05 









7.464945215055618e-05 









7.097424061219842e-05 









6.257351784153276e-05 









5.057879353948547e-05 









5.403330395068381e-05 









6.37824469371445e-05 









4.407000645775576e-05 









6.661685131878656e-05 









4.52997926011662e-05 









6.913580099052581e-05 









4.933343327973506e-05 









5.327307410596046e-05 









6.928276002134831e-05 









6.135723962200369e-05 









6.120923561337026e-05 









8.425715986857292e-05 









7.138026648655457e-05 









8.036948974613415e-05 









7.443406966317468e-05 









8.705052647723014e-05 









6.090411306255671e-05 









5.6964644195866313e-05 









4.6913337208689767e-05 









7.445732201959104e-05 









5.207917973212972e-05 









5.631386859357696e-05 









5.7053388484475706e-05 









5.212679137712065e-05 









8.491439015523004e-05 









5.9216080084082856e-05 









6.475969087164389e-05 









4.732560981468305e-05 









6.099468018596665e-05 









5.863188030792019e-05 









5.227104550796357e-05 









5.418286336949157e-05 









6.107398632835386e-05 









8.768381440809635e-05 









7.045131147567039e-05 









4.607688977567398e-05 









6.153585667695877e-05 









8.031678704671316e-05 









5.120808440228236e-05 









5.9551555230745644e-05 









5.812669213514702e-05 









5.7744200072411026e-05 









4.832523574240262e-05 









4.737415502641459e-05 









5.548153254993927e-05 









4.292865455211119e-05 









4.377133213564571e-05 









7.220474683536322e-05 









6.827994563270615e-05 









4.900099411567431e-05 









5.699518741631435e-05 









6.541442860264667e-05 









5.4871724236125414e-05 









5.1135082785434016e-05 









5.422202235447248e-05 









5.9910763561305825e-05 









6.770045414280557e-05 









5.746581483529053e-05 









3.910231200658709e-05 









5.988282154832638e-05 









6.257618277743622e-05 









5.393741276621058e-05 









5.582162927626538e-05 









7.159266492537389e-05 









5.9516037846878664e-05 









9.278204962918522e-05 









5.858344805944466e-05 









7.459733487049912e-05 









5.80594364831029e-05 









6.360239262065053e-05 









8.666677991925613e-05 









6.674236994872593e-05 









8.30227358595838e-05 









6.787821394235587e-05 









4.664068937526243e-05 









6.464340096255706e-05 









7.166614044147749e-05 









6.897835665446939e-05 









6.580170060509967e-05 









8.054407863567702e-05 









8.033991873037516e-05 









6.134434208057367e-05 









5.601493913077782e-05 









7.923025605653707e-05 









7.440592967536717e-05 









7.369522958268555e-05 









7.053102051254322e-05 









6.540810573481708e-05 









8.599851483894193e-05 









5.6393245578394134e-05 









6.013270998835439e-05 









6.26979793447316e-05 









5.51143704334657e-05 









5.151896043848969e-05 









6.487678882287714e-05 









7.243486419240093e-05 









6.82514898483684e-05 









7.043881815330919e-05 









8.040653867029843e-05 









7.392691862717949e-05 









5.019911615094009e-05 









6.581678214055174e-05 









5.586226461700176e-05 









6.53928021079362e-05 









6.093175801201667e-05 









5.975002332682756e-05 









6.418798529688995e-05 









8.074325055080619e-05 









8.544587104977938e-05 









7.365739246905674e-05 









8.627315013467573e-05 









9.001057455491551e-05 









6.681689420668245e-05 









7.930623629387271e-05 









6.960762180816652e-05 









4.877955677589672e-05 









4.886481488186882e-05 









6.214941488751408e-05 









6.531037712066015e-05 









6.591554460462922e-05 









4.299579349753914e-05 









5.762322031077452e-05 









7.171961895239371e-05 









4.081433463737595e-05 









5.251546751581792e-05 









7.237933785325295e-05 









6.15089551239342e-05 









4.647810251909681e-05 









4.431651327843684e-05 









5.975068734986708e-05 









5.892715535691736e-05 









4.1268774580328966e-05 









5.0022984358758204e-05 









5.471459769465224e-05 









5.9366667508747834e-05 









5.299703198976768e-05 









7.9169040158338e-05 









5.745924186655892e-05 









5.467936737168336e-05 









5.6467310218732396e-05 









4.2676799671479096e-05 









5.555867944463153e-05 









4.035389712344343e-05 









7.314757014089929e-05 









6.89684271333182e-05 









5.404205341715759e-05 









6.648360095254949e-05 









4.826277681760375e-05 









6.818850148637993e-05 









4.813734597128188e-05 









4.573757321067191e-05 









5.2208981995889503e-05 









6.014759922777113e-05 









5.850371961044504e-05 









5.988776643266255e-05 









6.054246266678861e-05 









5.1057643159941337e-05 









8.414953785703636e-05 









8.879308482565472e-05 









5.319304993558607e-05 









8.558620813001855e-05 









7.665014825701351e-05 









8.280789552334334e-05 









7.49950588127908e-05 









6.799130102704776e-05 









5.707560780044233e-05 









8.242444063873868e-05 









5.153750109123775e-05 









6.205045791593247e-05 









7.07907871683105e-05 









6.600166961976634e-05 









8.435675460900202e-05 









7.152442052670469e-05 









5.6117485729842014e-05 









7.022887290839104e-05 









6.545308184398145e-05 









6.201536568013738e-05 









5.436463408331669e-05 









6.53329335346133e-05 









5.250227266365403e-05 









6.475097220562921e-05 









7.037249432130883e-05 









6.94154557399334e-05 









8.618140299011278e-05 









5.4772095637506076e-05 









5.93617556764806e-05 









8.90144836426056e-05 









8.181651664424845e-05 









7.331795988762304e-05 









5.903235913878824e-05 









5.778543654181716e-05 









7.126828540045642e-05 









5.919207712883146e-05 









5.727658600703348e-05 









6.296346614264781e-05 









9.065551601567589e-05 









6.293451673357983e-05 









5.7191857333127236e-05 









4.6707449490900066e-05 









4.8939110896789514e-05 









4.294999559046343e-05 









5.5406663663675805e-05 









6.321643808331317e-05 









5.505693705420601e-05 









3.951525415899488e-05 









5.649365170456543e-05 









6.292045645919583e-05 









4.7311994857145186e-05 









4.306717355926932e-05 









6.501261145259532e-05 









5.290905893636623e-05 









5.807757787633884e-05 









4.2648683136278965e-05 









5.492732468960981e-05 









4.979364392252819e-05 









5.7366257874078854e-05 









5.4440973267175024e-05 









5.936223657013026e-05 









4.387589998481656e-05 









5.417895173667264e-05 









5.1476640762987476e-05 









6.990380293859724e-05 









4.7096128209197285e-05 









4.826442369606975e-05 









6.467496022215236e-05 









8.019012497569622e-05 









7.677948653310094e-05 









6.646730664505203e-05 









6.964498298050887e-05 









5.087936147662356e-05 









7.000794846273505e-05 









7.088492823418107e-05 









8.213914477916149e-05 









6.673559300295457e-05 









7.606528083149281e-05 









8.551112985401952e-05 









7.249342202067414e-05 









7.301808220794134e-05 









7.92232002682289e-05 









7.582878631902119e-05 









7.729426344896381e-05 









7.639005883442005e-05 









9.457195118078961e-05 









6.312562812836932e-05 









5.8783018867980355e-05 









6.398059021455938e-05 









8.629893192004677e-05 









5.9704369285473616e-05 









6.884133096353643e-05 









7.753705457487577e-05 









6.239803388863359e-05 









6.519953913793346e-05 









8.335056181562396e-05 









6.566792411633201e-05 









7.856565735786422e-05 









6.945327631248926e-05 









7.360212128258123e-05 









8.076889365535791e-05 









6.24214890655874e-05 









8.671187315679779e-05 









7.653668445783336e-05 









7.942017001207123e-05 









6.249272900050068e-05 









6.281345305019835e-05 









4.8194128169292216e-05 









5.7997562418442846e-05 









7.048847850615357e-05 









6.432522726079249e-05 









0.0001006639691713334 









6.248227997107492e-05 









7.056895196804705e-05 









4.8985786773773416e-05 









9.35457000042537e-05 









8.650742706757143e-05 









8.371749775672178e-05 









8.225813621327339e-05 









9.263836471839793e-05 









0.0001483570998795919 









0.0001713239404819218 









0.00011813002516033864 









0.00015995118856427552 









0.00010649807643851888 









0.00010302220974387131 









6.666158391391698e-05 









9.892596636075157e-05 









9.218662575631776e-05 









9.142623768347796e-05 









8.782519184814911e-05 









0.00010717882279637 









9.784358068699681e-05 









9.831520523547359e-05 









0.00011993206961203516 









7.612612945806984e-05 









0.00010877892936017334 









9.034122985216025e-05 









0.0001028123132557282 









0.00010712195174627194 









7.504578998985638e-05 









8.214666176023244e-05 









7.060175051044724e-05 









5.253199908862024e-05 









6.065302075151225e-05 









4.9970050974857606e-05 









6.599673584702667e-05 









6.261214459914317e-05 









6.710268431193376e-05 









7.953480878674983e-05 









6.0390441342635746e-05 









7.528890698745896e-05 









6.46125169073731e-05 









5.490931414674274e-05 









5.8478787931299516e-05 









6.83615608157306e-05 









6.173549190731626e-05 









6.048370540963117e-05 









7.070055313123036e-05 









5.210766974877577e-05 









7.422238723621538e-05 









6.335791817787428e-05 









8.284842088165919e-05 









8.237544779410836e-05 









6.119489791535956e-05 









7.248294963584114e-05 









7.292744701048467e-05 









5.2533016546822126e-05 









6.346078021086001e-05 









5.0204590719792223e-05 









4.840813212514359e-05 









9.053282159510707e-05 









7.093917841637225e-05 









6.187147989652689e-05 









4.924121159065241e-05 









5.7389552652637184e-05 









5.872387606652835e-05 









7.043337451369623e-05 









6.482969292672563e-05 









5.8526813842386374e-05 









7.189726207561825e-05 









5.5425882503771644e-05 









7.66784439587113e-05 









5.090019292804633e-05 









7.45662738649707e-05 









7.722539148712137e-05 









7.314743282215173e-05 









5.626432560989354e-05 









6.467487888194544e-05 









5.419143830948205e-05 









5.194092838871776e-05 









6.781385465671181e-05 









6.0460207975466087e-05 









5.54690032558602e-05 









5.962444803913223e-05 









5.7098444547534934e-05 









6.545557945382326e-05 









5.377173005511044e-05 









6.54643706573761e-05 









5.86857111971431e-05 









6.653684689708084e-05 









7.324589403201287e-05 









4.669512557866569e-05 









6.109843839417214e-05 









6.977921537808445e-05 









6.760375517327156e-05 









7.139145565310387e-05 









6.987511330492456e-05 









4.7852493142507734e-05 









5.355852338014294e-05 









7.547898512857767e-05 









7.510360568709126e-05 









4.799301955586256e-05 









6.651602239500013e-05 









4.2047570133861514e-05 









6.457410773321953e-05 









6.279526091149945e-05 









6.854373213674663e-05 









6.037758159445601e-05 









6.946066974761775e-05 









7.714958355122025e-05 









7.153932074804123e-05 









6.807833661915522e-05 









6.212193187067344e-05 









7.112657850511577e-05 









6.634109445575899e-05 









6.156706057314177e-05 









7.582378180222838e-05 









8.102579600492691e-05 









6.282064722793462e-05 









6.071447938728134e-05 









7.734681781357157e-05 









6.49792684672316e-05 









5.741994906584329e-05 









5.2606116301664795e-05 









6.172545493085255e-05 









8.500852100082855e-05 









6.171609741123934e-05 









5.724905420332737e-05 









7.279288301048341e-05 









6.787962335599602e-05 









8.225148646030453e-05 









7.803190746682668e-05 









7.122126558469581e-05 









6.858374499670509e-05 









8.116788144171336e-05 









4.891590000708657e-05 









5.605384912040078e-05 









7.137491510947999e-05 









7.240676737348284e-05 









7.50651113710015e-05 









6.800864264754036e-05 









8.083716274668329e-05 









5.682653530045623e-05 









6.584170368125299e-05 









7.772125767609927e-05 









7.847319607164749e-05 









5.915128889927404e-05 









6.416744735679718e-05 









6.923889710250719e-05 









7.504607417531503e-05 









5.9129923055926774e-05 









6.138574882630353e-05 









5.593715597018023e-05 









5.017694798403741e-05 









5.1022167602024206e-05 









5.911834910017395e-05 









0.0001468884464528195 









0.0005911917205669993 









0.000959668868959944 









0.001067752155153647 









0.0007087510203593164 









0.0008438287388373329 









0.0009448174713897715 









0.0009079507728784058 









0.0009278549410740285 









0.0009461964179866742 









0.0010259975604922878 









0.0009053517867521629 









0.0011839740426374313 









0.001284032432078372 









0.0011529838338383471 









0.0009334211445730561 









0.0009914674952187987 









0.0007645110583202858 









0.0009000071881407949 









0.0010245840159739904 









0.0010212478243598528 









0.0010428238626841973 









0.0010866237205621727 









0.0010197961081387485 









0.0006851521218720418 









0.00034618372346779773 









7.284230580324895e-05 









5.70795451154438e-05 









5.9056857782053854e-05 









6.175915240896238e-05 









7.678469191884334e-05 









8.261614277880509e-05 









5.802146346522156e-05 









5.4338055023212177e-05 









6.258772036226687e-05 









6.141333942329286e-05 









8.770955538590076e-05 









8.096687143232902e-05 









4.736757528631122e-05 









6.017582033688119e-05 









8.010439071660653e-05 









5.911403441783051e-05 









5.543557171277642e-05 









5.65797975102683e-05 









8.395456051775987e-05 









6.535323093612912e-05 









6.295288850779008e-05 









8.412425170116905e-05 









7.183580313726507e-05 









7.88425803125642e-05 









6.443466292212331e-05 









6.74396323765427e-05 









6.067703464998864e-05 









8.304946181987525e-05 









6.200033648968035e-05 









6.520578790107954e-05 









6.577404626254238e-05 









6.368647018420873e-05 









8.510118041324954e-05 









7.002646316568718e-05 









5.66572998955139e-05 









7.702870888229822e-05 









5.3365216929733516e-05 









4.9132767574168915e-05 









5.619371753608847e-05 









5.518746149896166e-05 









5.565466345309158e-05 









7.665122101150549e-05 









6.796686218898773e-05 









5.550979174658339e-05 









6.973894325459039e-05 









6.744035737408604e-05 









8.765572214350928e-05 









7.558796199385055e-05 









0.00012004790377449139 









0.00010319150847039956 









0.00011484361700509784 









0.000102544918624117 









0.00012566928274920257 









0.00020127377456866308 









0.00015213041955930564 









0.00014784055713742235 









0.0001322740664649398 









0.00014379732408742357 









0.00016622533682994863 









0.00035853365125151503 









0.0004607051484643466 









0.0004788112974528196 









0.000677138002164211 









0.000519305865631251 









0.0007383667862235643 









0.0006998192440299672 









0.0007062834302676707 









0.0007429904633398001 









0.0009357432516668915 









0.0007220947035953202 









0.0006296248973079292 









0.0001416197123971221 









7.599068732254001e-05 









7.13079716043439e-05 









8.160642779518539e-05 









7.260512856201596e-05 









7.379175629820123e-05 









6.78086859787474e-05 









6.189770226089824e-05 









6.962564214775138e-05 









5.23549040441688e-05 









7.285441801529731e-05 









5.394821093255754e-05 









8.586684592264517e-05 









8.727643623215479e-05 









6.621512623348054e-05 









7.962989991140324e-05 









9.937212860759766e-05 









6.905227227292147e-05 









6.006245208740321e-05 









9.117135540582692e-05 









6.740926565719946e-05 









5.489827333925939e-05 









6.95885385222672e-05 









9.277760503920233e-05 









6.433499750942118e-05 









6.20256731563304e-05 









8.709424267850199e-05 









7.33683271918246e-05 









6.715161751572116e-05 









6.553020060911233e-05 









8.472206253302058e-05 









