-0.03 









5.449195624533224 









6.196450396973181 









5.856908644996616 









7.26770481719329 









7.2829486400601215 









7.135183613279062 









7.164574525005776 









7.238570335283072 









7.253197546225794 









7.00930996631856 









6.294210490955653 









8.166403095384279 









9.629431095245097 









10.038543860624909 









9.967258252276965 









10.199349259236941 









10.07764343883239 









10.056099752235825 









10.392123148904203 









10.818808144459263 









10.951915627959945 









11.207357212208777 









11.12356304067232 









10.795495990559594 









10.798296656198541 









10.77559393165202 









10.897734169275942 









10.654121824448946 









10.698414450850766 









10.148517270597441 









9.736665039441153 









9.721887078520263 









9.836725328785086 









9.59240505167001 









8.296371493401908 









9.679001306643995 









9.546641062636965 









9.427627711209642 









9.295538119506972 









9.13630476291484 









8.999494718747316 









8.28329774998846 









8.3146308412834 









8.020093678617084 









7.8136424230549375 









7.454202481185711 









7.735483589641259 









7.857835251556973 









7.821719273696575 









7.734685327137233 









7.639395736336805 









7.606827331012361 









7.69651966058665 









7.77765962531246 









7.598199125142852 









7.428929625664549 









7.7217678537549075 









7.751609253533029 









7.587561343506712 









7.730096245782794 









7.695210643574827 









7.719901936745794 









7.675690545780236 









7.5647355932392655 









7.695120143042609 









7.811751647483813 









7.781726458079118 









7.789179476948943 









7.614603679714032 









7.626733035848615 









7.755699259693368 









7.731114122560207 









7.524011511219249 









7.633502544301172 









7.940033169755161 









7.687544341443534 









7.55859378644591 









7.606014079699712 









7.730689853743061 









7.707606559941781 









7.691084074652394 









7.572666659168821 









7.658149998922932 









7.605265259341703 









6.773572725091171 









8.112633562724469 









9.024149535790945 









9.050282435244888 









9.553124120602398 









9.572932314566634 









10.183686255496857 









10.22940051569888 









10.145488672856345 









9.965885794478366 









10.21455587868192 









10.446223108382888 









10.94147379531697 









10.803910211731102 









10.891346277874598 









10.412392469127289 









11.197016245476732 









11.436468456064935 









11.121695416967428 









10.767657694874455 









10.940308605206054 









10.97776992254792 









10.800810675926831 









10.266032206018249 









8.499777156494998 









8.692920783812168 









5.684841283829647 









6.300810397984521 









5.667827839438769 









6.948816793517307 









7.227255852982137 









7.105934045481613 









7.1448928130250176 









7.169193170738514 









7.255243036370401 









7.21692606522716 









7.0330968536394725 









7.224742365689434 









7.475105620207013 









7.25973336983072 









7.359640279189478 









7.406690904510955 









7.20349636547868 









7.115592695997418 









7.186288398615242 









