0.0 









0.3306910356802055 









0.0 









0.10705250814032527 









0.08331095386976349 









0.07269805727058501 









0.07687778939036934 









0.07223773796829756 









0.07482537318345203 









0.07843710832727241 









0.07376042155954118 









0.10337357692678406 









0.07778302844697897 









0.052090094931400516 









0.04880605149951352 









0.0493276140950194 









0.04431260497085705 









0.04439377631803606 









0.04628545699577616 









0.050671222275886635 









0.047350328596152236 









0.041711344742747014 









0.042219442973108715 









0.04213364728209929 









0.04269713498077766 









0.04321444094643015 









0.0446328820070946 









0.04571589172483401 









0.04789395780626075 









0.045785459359896065 









0.049652782521210886 









0.04730619492829534 









0.04694946763103404 









0.049561157241098275 









0.1 









0.0713129693333734 









0.053580132650570045 









0.05343806415372208 









0.04823864750687838 









0.04921152488962921 









0.051146971116731714 









0.05048200297044825 









0.05978746105947623 









0.05781259521915352 









0.06540943421567115 









0.06449555696794426 









0.0696049561972732 









0.0722459605860295 









0.06997617348366511 









0.06892600760846107 









0.06900550651829092 









0.0679618133453066 









0.07279649121736823 









0.07077024951626036 









0.06053776207826929 









0.06548022675380817 









0.07070542932259302 









0.06512340011433815 









0.06759852737054897 









0.06914430238571231 









0.07272625561767147 









0.06605093662771194 









0.06893670965936714 









0.06896105438154537 









0.06831583180195686 









0.07180989676446278 









0.06943510190075253 









0.06317915974418634 









0.06205963399101862 









0.07261046283078094 









0.06794453489089516 









0.07205266618973644 









0.07257113597234333 









0.071890284297746 









0.07094138150312845 









0.06735955813374984 









0.06735164998231202 









0.07098544827875627 









0.06942730157831578 









0.07311782644137577 









0.06646007076570212 









0.0658171234389503 









0.06203836821440617 









0.06895615572410141 









0.06820325771976293 









0.09356686147716703 









0.06834165450159332 









0.05275877190740836 









0.05313597748250258 









0.05519813127728164 









0.05006035761380724 









0.049727615166285016 









0.0491712108547271 









0.04744200811446559 









0.050950275182893884 









0.04320972411528362 









0.04734975876534392 









0.04493066734860198 









0.04310413339137305 









0.03995433908431072 









0.045039422939911304 









0.04799143128637406 









0.0429231703666769 









0.04192311035128772 









0.045557025473216384 









0.04598478971208042 









0.04338457124173002 









0.04542319321719339 









0.1 









0.06984663316815297 









0.0 









0.10013683159500299 









0.0 









0.11387848498830164 









0.08247337147460439 









0.07247840432539554 









0.0787837600556398 









0.07422051578266613 









0.0740134406570885 









0.07983060792579139 









0.07919556308228932 









0.07815297417952319 









0.0774824299588934 









0.0704086366573145 









0.07266132888451393 









0.07282242296265194 









0.07396160448047047 









0.07326747643472216 









0.07456232205384024 









0.07144283275046467 









