0.0 









0.29091072722203615 









0.0 









0.3214073000789609 









0.4296893891584831 









0.3915278299750804 









0.3864044241935173 









0.392528758033325 









0.40957271610012913 









0.3975611429020756 









0.0 









0.326611259399223 









0.5985525519416592 









0.7392096012776747 









0.7162643656101333 









0.7402953853808929 









0.7539494499905981 









0.7354777389365204 









0.7565434065983003 









0.779153462057834 









0.8262417741411405 









0.8281262638469385 









0.8277860104383663 









0.8226190581713597 









0.8005231169308906 









0.7960843281134828 









0.8042575454819163 









0.80885080414755 









0.7832679323325241 









0.7905353614903263 









0.740837069549037 









0.7123145264996853 









0.6889315268017266 









0.7364911849687102 









0.1 









0.6015454297508149 









0.687437170698322 









0.6463513185053456 









0.6935004008811902 









0.6459573733932326 









0.631352474403187 









0.5990085706932959 









0.517704769334409 









0.5188121011816101 









0.48415613760203613 









0.453120713238154 









0.43658760943946473 









0.4830248134272468 









0.4595043964622999 









0.4831985183240942 









0.45916589758504756 









0.46196798163849573 









0.4438930838251781 









0.48274587083517817 









0.4512576691218765 









0.41652458512245705 









0.43464837256883665 









0.49702429295884376 









0.46910811780005146 









0.42694067390982854 









0.4790711025327987 









0.4640392588040303 









0.46936627538790143 









0.4426949335881267 









0.4575967010917934 









0.46475609502203696 









0.4780450423590418 









0.5125093730484502 









0.4497086956075963 









0.4925063502600935 









0.45927560456928807 









0.4854500355181848 









0.4604139652755849 









0.4420684839471495 









0.496708682831704 









0.4878142887736965 









0.4390357782871547 









0.44347402698237925 









0.4621878368865445 









0.4792335689727515 









0.480600558263823 









0.44628435632016605 









0.4178695136231724 









0.4896618639667017 









0.0 









0.4281726528267754 









0.5503359361912417 









0.628214629257288 









0.6535995435425915 









0.7086536750406615 









0.6874158306959484 









0.7627124458591035 









0.7656928245604281 









0.7437650641250046 









0.7454436051278265 









0.7550723391355545 









0.7985411262535196 









0.806142013686511 









0.8077914084583713 









0.8080825010656141 









0.7817716818699064 









0.8549053006006875 









0.8425895119940374 









0.8183835816110117 









0.8152712597604186 









0.798855554462086 









0.8210349495946205 









0.8045532550713331 









0.1 









0.6499872115198717 









0.0 









0.3043869716630684 









0.0 









0.3010486428704182 









0.3681006195547978 









0.3982464810694831 









0.3812929594157847 









0.41097279337269255 









0.3894531692978192 









0.39644332882572303 









0.3779591807486845 









0.37710821819170026 









0.42499653387261105 









0.43505893805411416 









0.4177152365241932 









0.42673904527746254 









0.4326523707717781 









0.39993946667155683 









0.39625205417856246 









0.3960794954520124 









