0.7380000000000005 









7.432457642634425 









3.8592850798440343 









3.5502611802546187 









3.331092747238311 









2.959830013965095 









3.0030516953015383 









3.0272989252360105 









3.0077277669204676 









2.973082343713958 









2.9873474096554578 









3.5316911967241227 









3.2148334249518538 









2.4096734478464095 









2.0274707601912354 









2.028622553438545 









1.9837420670384245 









1.9735965895658107 









2.0031873708622685 









1.9622179832472124 









1.9065807341172998 









1.85035048813436 









1.7981534237360488 









1.7966267054530307 









1.8271955149546282 









1.8716070239011642 









1.8698800635794697 









1.843398622008827 









1.8671293673677443 









1.88203395343603 









1.9290916624502068 









1.9998424488205735 









2.0523510716990354 









2.1019847066195347 









2.0780080539046515 









2.7908970244820246 









2.3431360943056765 









2.104202479777801 









2.140518200971741 









2.138116621787578 









2.1919466888456216 









2.220452319117282 









2.388736817550526 









2.505323467634766 









2.566619330034983 









2.6625577470634694 









2.784514689509634 









2.8423820137643148 









2.747778261094578 









2.7416935415153847 









2.732830469299599 









2.7801622857473345 









2.794703082414335 









2.8250932024458653 









2.7202949263360328 









2.7722504514682345 









2.8900342679468998 









2.849049964339234 









2.7298681643769074 









2.774760513522939 









2.860397164696411 









2.7640903817494213 









2.8013476963398847 









2.783789877424754 









2.8450246980067937 









2.8176633740480006 









2.7643774015072764 









2.76254805772846 









2.7030141042936764 









2.7854940102765005 









2.7479151046114443 









2.8072106021791416 









2.7658110720929043 









2.8192191659232657 









2.8674505909712757 









2.7251014710625574 









2.71064584104748 









2.8513741596751028 









2.862291748829701 









2.8228764910994846 









2.7566060418265597 









2.733567248719166 









2.80035065035257 









2.882351941080845 









2.7509268136365637 









3.3368772847611408 









2.950741535203041 









2.465622882418499 









2.300307852024682 









2.230059916324588 









2.101870159282524 









2.069787348055814 









1.975226283881447 









1.9637290033437773 









2.02129453603567 









1.9771097910571491 









1.940439699213095 









1.8708874239139552 









1.8393149095516403 









1.8250348202867057 









1.8828090238270834 









1.8902448783042742 









1.7737712656707358 









1.760661649692625 









1.837888111474706 









1.8302157531856407 









1.8349495329818049 









1.8338939265232435 









1.8936508480923828 









2.7043856656956553 









2.2520465043600533 









3.0901340811509774 









3.3488357986703066 









3.52919284734937 









3.446555493939749 









3.0935422896307645 









3.025338356418687 









3.1048034237324513 









2.982203344925741 









3.0107358642684456 









3.0121838041889113 









3.074071821138788 









3.064417006267992 









2.9485129455354824 









2.926077915557932 









2.951246453103737 









2.950458999075512 









2.947591391124097 









3.0064265069582774 









3.0324836207713104 









