0.2 









0.0002791061929536762 









0.00016507359695924997 









9.904732573647787e-05 









0.00016204272569166138 









0.00011242406333662936 









0.00010471792730809291 









0.00010286935651073002 









0.00016344694033936102 









0.0001523187035667559 









0.00012981391263731495 









0.0001240139575681972 









0.00020300605738465913 









0.00044131992298170205 









0.0003818207810765194 









0.0004980432224500292 









0.0005818122962083796 









0.0004458263836141833 









0.00042713134635484376 









0.0004844712684277887 









0.00048156647826851795 









0.0006073334383510864 









0.0005237177561474363 









0.0007470070144441775 









0.0004040375180624522 









0.0005403505839319597 









0.0005096745177691923 









0.0005023339743072548 









0.0004018291062502322 









0.0004173816406696117 









0.0005535792970747046 









0.0005044803505505656 









0.00043297813702109606 









0.0005172397124498966 









0.0004249328620401974 









0.00023556303719505275 









0.0004345449026545784 









0.00035331889166880035 









0.0003151638562577862 









0.00044642800626565934 









0.00042578006056935894 









0.00026078005453714033 









0.00023416135395542198 









0.0002056777507670484 









0.0002473829051548483 









0.00019370143397339623 









0.00020680824886450206 









0.00022595856755183401 









0.0001648996368601205 









0.00022308078418154805 









0.00019036142448454127 









0.0002049654332495992 









0.00022437595943787156 









0.00019078951291432637 









0.00015784894230684736 









0.00018808298683543981 









0.00016480447938811092 









0.00020284576749013405 









0.00017685081085324773 









0.00017879128963741613 









0.00020624519059754995 









0.00021655867652451262 









0.00018846428986723677 









0.00013321257282601038 









0.0001503839564422734 









0.0002232317367777034 









0.0001712374273135094 









0.00013203773523104943 









0.0001389522538762542 









0.0002208095026563287 









0.0002253247127773582 









0.00021066062401676496 









0.00023226810237075135 









0.0001579409766950325 









0.00017669084675876753 









0.00020426219609142175 









0.00021473953958385536 









0.00017488848463417215 









0.0001930811612904392 









0.0001425323861868554 









0.00023189218414494943 









0.00017883877986053212 









0.00022758622678898966 









0.000226823975936563 









0.00024222075144952898 









0.0001454430909673698 









0.00024205711210058045 









0.0003158843078656944 









0.0002944372484507702 









0.0004840782391564535 









0.00025242699722263665 









0.0004907201550316755 









0.0004904380120994518 









0.00035476600206343337 









0.0004205873853229683 









0.00041171844340209156 









0.0004168100472522826 









0.00047141049400083017 









0.00035977529233142936 









0.0005692569079829251 









0.0005243443704838666 









0.0006378535770642242 









0.00046346882037014343 









0.0005591724524501679 









0.0005771824928910963 









0.0004733485435759896 









0.0005259668996612675 









0.0006249340905631438 









0.0003559646751719585 









0.0002786633997334599 









0.00044725210485297074 









9.738077307831165e-05 









0.00017736092189499827 









8.328564007068816e-05 









0.00015196955880575659 









0.00013943106827951282 









0.00014039610468743048 









0.00015307677832654388 









0.0001443746485446648 









0.00014624417470613993 









0.00013210907239459126 









0.00013350808505515303 









0.00011019355834988523 









0.0001524206673274306 









0.00015919446343025346 









0.00018545531118880127 









0.00019508308127762626 









0.00014053135285551166 









0.00012136196870744689 









0.00012210016567123973 









