0.0 









0.252300937810946 









0.4713205853391717 









0.2931507573294795 









0.5981832498231554 









0.6279126991076679 









0.5801865923580315 









0.5859495172041042 









0.5971719986692977 









0.6118899265246784 









0.5538596160272828 









0.35845532939290364 









0.7039197591686291 









1.0024086994877863 









1.1156117872348283 









1.0873771624875956 









1.1311390400844672 









1.1175387509408992 









1.1004117853944775 









1.137412778925754 









1.191382152359343 









1.2185893232080323 









1.2431430696183552 









1.2469053222334505 









1.2046534766892325 









1.195956114369481 









1.1984580383650951 









1.2073132792792909 









1.189318252977479 









1.1856823573142543 









1.1281776266465455 









1.0697420385835001 









1.0492791981911391 









1.0467838131168905 









0.9956065896233689 









0.6709224714234177 









1.0198205767029727 









1.027642995100268 









1.0082607660167273 









0.9982871463980217 









0.9635469197129741 









0.9615270701630505 









0.8080673550303575 









0.8116475565942772 









0.7633213177275182 









0.720539255645715 









0.6447549052570744 









0.6977671406683223 









0.7207437135008534 









0.7205869790370791 









0.7041650894700006 









0.6787610179321277 









0.6826090879687027 









0.7009095196851872 









0.7215972206285767 









0.6776257994349534 









0.6356527784520216 









0.7025599312422388 









0.7139258127928778 









0.6839758985376145 









0.6868310060035472 









0.7048453076051882 









0.6890606312113867 









0.6859752649272142 









0.6733547576698163 









0.6867627685096656 









0.7202413114269949 









0.6983462563661611 









0.718663710812474 









0.679775908283127 









0.6921194039463314 









0.6958796785588068 









0.7025893238916084 









0.6660546097249664 









0.6774402404646693 









0.7384561321800761 









0.6974963337470594 









0.6580527239011223 









0.6732304691163618 









0.6977227669692548 









0.7061985457641898 









0.6989920379293009 









0.6755872201652573 









0.6682381092911838 









0.6657657878380041 









0.42838487504711753 









0.7366375827967154 









0.9160800472081655 









0.9228448364451615 









1.016077424689086 









1.0416322492196646 









1.095947044498964 









1.127235446467279 









1.120800267007427 









1.0863939897754054 









1.127177983897456 









1.1583641030780205 









1.2092506177656588 









1.2025469569014682 









1.2232870287996993 









1.1563026228920914 









1.2233384254109725 









1.2779308913115008 









1.2567322999249502 









1.1962041321632124 









1.2209964800533586 









1.225952621826821 









1.2089785803918816 









1.0862189120961234 









0.698748594038889 









0.9230382897703455 









0.2799799788541732 









0.4882451182129532 









0.27821015984343295 









0.5341973353543019 









0.6022297091712263 









0.5692197751656547 









0.5751028020145105 









0.5970436608871622 









0.604592998881342 









0.6046866314955005 









0.5736803193998077 









0.5870109421858146 









0.6524211237168889 









0.6062024604821612 









0.6271381873788254 









0.6360807407480886 









0.6047637835554504 









0.5844495429376232 









0.5960227636159208 









