0.2 









0.00034647253086348567 









7.854582845113816e-05 









5.916909017197444e-05 









6.0032629341754285e-05 









4.7536461104696757e-05 









4.4936133985326555e-05 









5.100098328895402e-05 









4.0992962990916226e-05 









6.265795742881809e-05 









6.231274633181606e-05 









4.7636371195558424e-05 









6.088924676243138e-05 









5.121044393129663e-05 









6.41212184564371e-05 









4.614126845967668e-05 









5.5430412380427206e-05 









5.5011702147166905e-05 









5.1348361855075265e-05 









5.0036171115489555e-05 









6.593822396289465e-05 









4.039494394295973e-05 









4.494936445794269e-05 









5.9637086953012416e-05 









5.9573382964918695e-05 









6.499149873815586e-05 









6.505433252950899e-05 









4.751835023993452e-05 









6.300724938574341e-05 









6.916320395691387e-05 









5.9906953518863665e-05 









5.4205315261178e-05 









5.889590386284752e-05 









4.34512802389074e-05 









5.9758692669139405e-05 









6.34375124922462e-05 









5.039899323814399e-05 









5.005592541147008e-05 









3.823326785120012e-05 









6.49102701365811e-05 









4.5407291520206284e-05 









5.23978743112339e-05 









4.752357387613673e-05 









4.218601045712809e-05 









6.653508511138978e-05 









5.468398092327033e-05 









4.3435041193134644e-05 









5.7881210467509886e-05 









6.404845319967127e-05 









5.7846452240372715e-05 









6.672996626447543e-05 









4.823159936807062e-05 









4.5670213174896384e-05 









5.1123888344530686e-05 









5.7251525621007397e-05 









4.22747725970299e-05 









4.096170782116625e-05 









5.643819425524376e-05 









7.284653453046858e-05 









5.8575116663968634e-05 









6.823062247213944e-05 









4.257743775902452e-05 









5.624278893962684e-05 









6.422732644074274e-05 









6.61288509520129e-05 









7.676530756897584e-05 









4.104400795145141e-05 









5.5779807258301515e-05 









6.496526303468258e-05 









7.494734122208841e-05 









6.528278663365019e-05 









6.500376692116905e-05 









6.0056830205696e-05 









6.077032268640898e-05 









6.893470541755265e-05 









5.544805672490486e-05 









5.8616076199173316e-05 









7.08242201393366e-05 









5.369819855353643e-05 









6.894372328866488e-05 









6.931716618051766e-05 









5.181128569338229e-05 









5.039711927897256e-05 









5.791984357815805e-05 









7.226857722259976e-05 









4.596433864145011e-05 









4.55419676080743e-05 









7.197617620253611e-05 









5.1149260411020446e-05 









4.382387038997764e-05 









6.0483970569883527e-05 









6.148228779664152e-05 









5.611562970673953e-05 









5.3587856098018024e-05 









6.029698841866282e-05 









4.493105003698963e-05 









4.922067731948037e-05 









4.379016432983029e-05 









5.36156014590761e-05 









4.14742248983848e-05 









5.353873539605925e-05 









5.760547215646273e-05 









6.289083435911818e-05 









6.126990602287155e-05 









4.721662164830635e-05 









4.119879538152476e-05 









4.571959162837425e-05 









5.035615847244334e-05 









7.577976067083832e-05 









4.254661967145169e-05 









7.275642685778773e-05 









6.291905271725466e-05 









4.9618562701269855e-05 









7.210665901134711e-05 









7.366000549429744e-05 









5.945928392636622e-05 









6.780893897415024e-05 









6.58263619150367e-05 









5.384094478248303e-05 









5.669836885586743e-05 









4.475042076582951e-05 









6.518543012678345e-05 









5.670751974889159e-05 









4.600904238763919e-05 









6.406193127369245e-05 









4.6991697267366103e-05 









8.125649172841708e-05 









4.293564564212229e-05 









6.889484947759136e-05 









4.4526399443024766e-05 









