0.0 









0.6417990111133807 









0.22130230534692752 









0.12264046972876938 









0.13789547186626713 









0.11597872711108764 









0.11074018591979873 









0.11297969774950556 









0.11193061352371485 









0.11003772623452533 









0.11328464219001314 









0.13423199998512433 









0.1328857949466191 









0.09419634918099165 









0.07478473682165336 









0.0710347423934701 









0.07108581544351489 









0.06911026543999563 









0.07362948323759669 









0.0689766866301266 









0.06929189920044408 









0.0652594020424374 









0.06358323387325568 









0.06502949147589275 









0.06499033533625814 









0.0676055830651354 









0.06763862069400965 









0.06605370668496002 









0.06877123309324014 









0.0670397264607439 









0.0685031500111428 









0.07283287019508622 









0.07187810420463868 









0.0735015173815644 









0.0818343827048947 









0.10776778708479788 









0.08873197173347029 









0.07783733618212997 









0.07296470618010886 









0.07594779906237585 









0.07715806891562348 









0.08154894918353017 









0.08380556943785614 









0.08754116593130645 









0.09344599689449831 









0.09268061802042342 









0.10032681573515184 









0.10583788182221629 









0.10425645076702889 









0.10097589798186277 









0.09851774384538839 









0.10200358013887165 









0.10443296007589183 









0.10415652579612902 









0.09777230626974628 









0.10105244229644589 









0.10898247856182144 









0.10634335013841835 









0.10217174046036956 









0.10509444191196343 









0.10717059884844782 









0.10149585061275278 









0.10279199765562852 









0.10407568003479549 









0.10473504083434641 









0.10559816275606626 









0.10522849896358144 









0.0996054967163437 









0.09706545732112677 









0.10087781571375928 









0.10184810922162485 









0.10647241124299676 









0.10469144132883348 









0.10297721171210761 









0.10739646296359451 









0.10452842710374882 









0.10043751645083539 









0.1056163792838811 









0.10888364950751553 









0.10888225186348162 









0.10249626100069079 









0.09900071309285853 









0.10111075879067365 









0.10558531005805463 









0.10820830073942589 









0.12221788466442743 









0.11795309818855039 









0.088570205300779 









0.08105033183914856 









0.08126017192874303 









0.07668971943105976 









0.07482031010650479 









0.0716315267921724 









0.0701168907434426 









0.07422927379257874 









0.07121748109968296 









0.0694940724438483 









0.06766636955144027 









0.06495166505774677 









0.06376635270191783 









0.06712462964959806 









0.07060480249715545 









0.06433380491665659 









0.06296201184135268 









0.06475030652636625 









0.0655611191763551 









0.06504622332268707 









0.06598790646823012 









0.07525181767239889 









0.10284222920639685 









0.07926053166437891 









0.0998873518641334 









0.13145107288334132 









0.12129677176988973 









0.15081627920967577 









0.11884517397472248 









0.11166560647354883 









0.11879642816101646 









0.10906884304064887 









0.1140872351268439 









0.11773812658158733 









0.11911665864870893 









0.11649626647246479 









0.11713357826388823 









0.10657410609036364 









0.11015485456021282 









0.11162114166510106 









0.11231056428408863 









0.11195768423468634 









0.11444115131369312 









