0.2 









0.01915167168333818 









0.016683527579017893 









0.01824153805931796 









0.016718791037831707 









0.01748833534457566 









0.019209412561987674 









0.018900650634835828 









0.01815899109104455 









0.01757460113028414 









0.0171196463155584 









0.016867285518742024 









0.017332062150881566 









0.019673383903897952 









0.017071455160096723 









0.017102035181004366 









0.018323301813774 









0.01933396253712364 









0.018206154064279015 









0.01803296776924862 









0.01838080848735857 









0.018354373755387163 









0.01777180639975047 









0.018005950163005248 









0.019413744968656214 









0.01690612197312321 









0.017785151732598637 









0.018305935611635203 









0.01755402292623085 









0.019127086365405426 









0.016950121865036284 









0.018260045841596458 









0.018182385319249 









0.017347060911092338 









0.018078596773031926 









0.017438071925185372 









0.018312869697219097 









0.018360623079520726 









0.018242446750013637 









0.01715114469984777 









0.018284425308849613 









0.018797314306555922 









0.018389709458546726 









0.01824151918189261 









0.017983145817901558 









0.01925676001959891 









0.01779257615635087 









0.01797488730325688 









0.018580613856835695 









0.017005919350840244 









0.016914960239168907 









0.019265463538942713 









0.017898991916612005 









0.01712919613636125 









0.017602093435540662 









0.017442426312226054 









0.017409123897430365 









0.018043930883608623 









0.019120298452657437 









0.01830137869618001 









0.016908621366728917 









0.017397387639892008 









0.0193258471668102 









0.01709645724194994 









0.01824780429418877 









0.01734744281411084 









0.018682722809563658 









0.018928901206480803 









0.017551358373104523 









0.017035489479047802 









0.018825910399500857 









0.01715920576795689 









0.01816937923054869 









0.017185150393711268 









0.018008308853479288 









0.018972623958684254 









0.016698411211357442 









0.017954790140882044 









0.017423281179308324 









0.018579030454668098 









0.0184553987257062 









0.01738875608311186 









0.018670321914604375 









0.018154022552122354 









0.018604136232932972 









0.01782567249979365 









0.017914387311049513 









0.017055585917735414 









0.01857913602531505 









0.018913982570432027 









0.018121802389586536 









0.017924134042632177 









0.01726806837870936 









0.018528636012098323 









0.017221585129651405 









0.01856251186008702 









0.01756976264328132 









0.01801628637727526 









0.01702829249765362 









0.018097008397105034 









0.01765329461534617 









0.018674639311047236 









0.017583760759814205 









0.019470019913486743 









0.017881841132288172 









0.01784038834714105 









0.01705200708018045 









0.01904689962523222 









0.017088767401992288 









0.01901191375838854 









0.016685655095031816 









0.01706310368942764 









0.017174305877624967 









0.017150949281154154 









0.017017857237360975 









0.01724448178850773 









0.019620194607234638 









0.018029492833566533 









0.019174852472852943 









0.018715230448475298 









0.018762725529466492 









0.017229700028950974 









0.01904374068200268 









0.01907598818590149 









0.018608175056328946 









0.017492414291393095 









0.016899625342660617 









0.018456015027833998 









0.018598194433216773 









0.01674560663190879 









0.018944931503892225 









0.01875821975831097 









0.01790754420042181 









0.019377447508429443 









0.01736225871196931 









0.018512555431661935 









0.01715728257711563 









0.018639591150561435 









0.018449116903347773 









0.016717495036075083 









0.017347571357137086 









0.01861534001816504 









0.01715555207880896 









0.017366444822620182 









0.017312093370681583 









0.017650948434238957 









0.01684502839278683 









0.01887725675238655 









0.01739855808854615 









0.017354642021268393 









0.01710834208082425 









0.01825804832636909 









0.01912904600587321 









0.018178407280696855 









0.017326425063495476 









0.018132401093885375 









0.018379753703479683 









0.01889094603678143 









0.016724626349693225 









0.017700603065975356 









0.017360401266156476 









0.017815738340105074 









0.017357592030079194 









0.018104602215637304 









0.017561349920736935 









0.01830998440000616 









0.017965905320084446 









0.018256500394451182 









0.018247339696592528 









0.017889233457809208 









0.018284795419504368 









0.019271922215803337 









0.01791131378929888 









0.017353980563884583 









0.017513847547005537 









0.017502779833278276 









0.01915210437728606 









0.019433542523769245 









0.017528219052938075 









0.016453731791892356 









0.017752876660695825 









0.017348462976360585 









0.017552578119868146 









0.01781425266997622 









0.018097730690126004 









0.018159901237670896 









0.01722991713074893 









0.017515419266011814 









0.019239263708972297 









0.01723280653153694 









0.018976805773630225 









0.017634382631038285 









0.01782429900840565 









0.01834477804944205 









0.01773435994769549 









0.018780122876730605 









0.01754193622164378 









0.01692818486625591 









0.017352388335561825 









0.017455199308572797 









0.01846698558762923 









0.01749425993431581 









0.01722196022306231 









0.018224927634165954 









0.01861873636713076 









0.018442008646844157 









0.019106242032205893 









0.017479867807126924 









0.017498238061358612 









0.017903836746237224 









0.01720430968779193 









0.01891798626164613 









0.019359027938129228 









0.01742571670294666 









0.017860801155537544 









0.01892702969792323 









0.016967734356219424 









0.017695138742867548 









0.018730813397432808 









0.01741357968371327 









0.018891587760354878 









0.018576207186183136 









0.017266512538504735 









0.017813903020935464 









0.017278582468469167 









0.017384240701522113 









0.018839078115012606 









0.0184436979861411 









0.01818709961307035 









0.018828985954452034 









0.018314249316512293 









0.017925478330404254 









0.018655692007248335 









0.018032719935957595 









0.018565638825395914 









0.016735983226396575 









0.01740980062295206 









0.019384402811391272 









0.018087071448965895 









0.017452620320337106 









0.018726554957988986 









0.019237245525061224 









0.018467479703939957 









0.01787033391615659 









0.017618379719997208 









0.017834951962825467 









0.018000712100697185 









0.018431908142033045 









0.017050873437315626 









0.017143936763920356 









0.018064466552384282 









0.018243237877070065 









0.01798902120328507 









0.017890243603351397 









0.01861006649530366 









0.01779951285717769 









0.017492141662553407 









0.018202132132860933 









0.01746838737264205 









0.017813601314859897 









0.017710210144564066 









0.01821022126560136 









0.017707816135142974 









0.01812492418104726 









0.019314038087538107 









0.018283865730089173 









0.01851818164720704 









0.0188473107573984 









0.018770041212672884 









0.01760403462507852 









0.018214206832985365 









0.01757483369997319 









0.01861547256995623 









0.017744906775758358 









0.019286587143123802 









0.01864375214823741 









0.017281335260026454 









0.017664203088752464 









0.01896573482577448 









0.017180712503441366 









0.018087041372815738 









0.01769263018281442 









0.017536173522198835 









0.017259306620083188 









0.01802367325985408 









0.018425232557858856 









0.01840450057946331 









0.017895421631862647 









0.01921617903205621 









0.016991479813968192 









0.01909521717122766 









0.01880314889497663 









0.018152151884345144 









0.01771543784903443 









0.019465724219697885 









0.017780343147787744 









0.018878382749277278 









0.017157853737023596 









0.017106122608053734 









0.018175265325233093 









0.018011965963858272 









0.017100605275406966 









0.017126993545546837 









0.017832123065710206 









0.018859381756695038 









0.01787254060475901 









0.019387028266364414 









0.017509566527734416 









0.01776597067405297 









0.017436463106490295 









0.01901083514321248 









0.017858672271543013 









0.017225799907430867 









0.018124086585431732 









0.0183654975295099 









0.016957624108312586 









0.017626375155113172 









0.017595613489765405 









0.018387014243567056 









0.018396209691495958 









0.018638642761431103 









0.01679630687738061 









0.017870818414995483 









0.019450373616425272 









0.017889725153223422 









0.01781649733347542 









0.01745468937556706 









0.01780116838888106 









0.018793717683274546 









0.017977731850652774 









0.01701895358854168 









0.018505018153767434 









0.016576807540158753 









0.018031438129385628 









0.01835390640989383 









0.01884351404781292 









0.017505695588690313 









0.017686997970965315 









0.018898059719584484 









0.018365715893696885 









0.01738191655457718 









0.01749368744765542 









0.01786848698994934 









0.018608877782635543 









0.01729558604078022 









0.018250549868392998 









0.019262841894058698 









0.01918175701719905 









0.01701071991956201 









0.017755913384832567 









0.017874706210444125 









0.017387675086087725 









0.017583208119840286 









0.018935732741226924 









0.01750363254358135 









0.017122286464398576 









0.016887503021634342 









0.01779303208280425 









0.016760287835252893 









0.01949551170872401 









0.01843266634064129 









0.018194722157231332 









0.017807259441517398 









0.017393784795920485 









0.019413286794159268 









0.017585029644631236 









0.017394735067074264 









0.017547276221116744 









0.01872154394518237 









0.018583527267798085 









0.018308988506591586 









0.018772055274702357 









0.01743960423703745 









0.018429231939254803 









0.01874316983362666 









0.01856586675237293 









0.017394313363853872 









0.016802862644340624 









0.017966813511844218 









0.017264525400034446 









0.01866688200326988 









0.018824700736270416 









0.019258168241811417 









0.01705757435363382 









0.016726818094947193 









0.017986069230835927 









0.018836135396602775 









0.01832549454426801 









0.01736325192675193 









0.01891589403174878 









0.017955220869133724 









0.017210321829920654 









0.017403958770500667 









0.01754545958840135 









0.01782248953923083 









0.01711951569038199 









0.01738924760552093 









0.017931985740741112 









0.016895398877127817 









0.01748921654811857 









0.01817304561289307 









0.01731754461509419 









0.01789611185987771 









0.017926443385124818 









0.018388421126223964 









0.01902980298285476 









0.01742036231943917 









0.017656149719258406 









0.018610807062386086 









0.018283907078713753 









0.01761450808900305 









0.017951883481815104 









0.017951495108176806 









0.019093008406805986 









0.018438579104690614 









0.017937257012576806 









0.0171493338457823 









0.017606952176037367 









0.018849270288479082 









0.018871719647517174 









0.016978872330945124 









0.01752189726632423 









0.01700311062144 









0.01872897554212525 









0.017509372839607483 









0.018439755706685095 









0.016894712864151132 









0.018626142351054507 









0.018715616606658887 









0.018166507472014055 









0.017540850597198683 









0.019283217006503994 









0.01713483225375475 









0.01897210135310159 









0.018208820374412432 









0.016824650203691144 









0.017525924082062945 









0.01769364136864794 









0.017877382610760904 









0.016950605524329514 









0.018064181335395564 









0.01926976204922211 









0.017585865407759346 









0.01891322167611593 









0.019086612118612255 









0.017927721975058056 









0.016849818657256217 









0.017975396569231875 









0.016406324821268612 









0.01850181894807524 









