0.2 









0.0002505703584170532 









4.9614372047035286e-05 









3.569019421558535e-05 









5.363279399916914e-05 









4.893796710694353e-05 









3.531615462163205e-05 









3.280353036295938e-05 









4.1096636603653514e-05 









4.9555751258531305e-05 









5.682871924945496e-05 









4.89751409320245e-05 









5.0434665723346605e-05 









4.863898528329017e-05 









4.616900644403118e-05 









6.079343548119285e-05 









5.2395312568800855e-05 









5.079493415165424e-05 









5.7100751367276095e-05 









4.806286051018087e-05 









4.386676095926883e-05 









4.3196961490545525e-05 









5.282518573585779e-05 









4.7855239850270784e-05 









3.838379573651222e-05 









4.609706521393854e-05 









5.6323740935425694e-05 









4.699115874640419e-05 









5.107288395564451e-05 









3.728082454918347e-05 









4.868886364194849e-05 









4.321667212325036e-05 









4.0396432038855386e-05 









4.771695553588538e-05 









4.037714981314826e-05 









5.114158285782378e-05 









4.587092165515191e-05 









3.8797284600125545e-05 









3.805765066337242e-05 









5.733210803912267e-05 









3.863715238558087e-05 









5.926003559183197e-05 









6.42890775110878e-05 









3.783519421969196e-05 









3.904863042329539e-05 









4.951837011707656e-05 









4.1478058410002073e-05 









5.53547476499378e-05 









5.4095513831550486e-05 









3.777752399554814e-05 









6.147519709867743e-05 









4.2843605284778445e-05 









4.180041910266772e-05 









3.919314781126044e-05 









6.287054853877882e-05 









5.3223529061386974e-05 









3.952520571450279e-05 









6.358175628197575e-05 









4.788761942052781e-05 









5.288656014573587e-05 









3.5941583653271e-05 









5.4431624669277e-05 









3.5037413431694156e-05 









4.9866578414143594e-05 









5.189770612931464e-05 









5.7285538535751635e-05 









4.531490038490722e-05 









3.8126973641687965e-05 









5.619206511716281e-05 









5.4511227404983645e-05 









6.138230153611128e-05 









4.736216656685125e-05 









4.9606098933692075e-05 









5.5075600091451794e-05 









4.937764008079704e-05 









4.5459598503815856e-05 









4.434439101772912e-05 









4.5817159207615216e-05 









4.071995542899891e-05 









4.558408440218728e-05 









4.566193364378753e-05 









5.9258905626564755e-05 









4.965402358216189e-05 









3.047895447784305e-05 









4.613750945761679e-05 









4.378962854451709e-05 









4.8290197171498936e-05 









4.0863369168781284e-05 









4.959460392504795e-05 









3.769789452585869e-05 









4.908480281930507e-05 









4.0123360183975726e-05 









4.627832478191867e-05 









3.712351794987949e-05 









4.455628984330735e-05 









3.710749848393389e-05 









5.413484903498912e-05 









4.1720870210302906e-05 









4.382987737739269e-05 









3.732626286510086e-05 









3.948480118978387e-05 









5.9997627995018294e-05 









6.012039853370329e-05 









5.8727021762298515e-05 









4.318948906040449e-05 









3.0816356667201176e-05 









5.517513537709525e-05 









4.083917274944759e-05 









4.8061201558407706e-05 









6.240197502260377e-05 









5.4388268973431135e-05 









4.353045575455794e-05 









4.074286060394825e-05 









4.922585350994954e-05 









3.8884424073718255e-05 









4.605927272996997e-05 









4.450578128103796e-05 









5.395115862303605e-05 









4.9733784054762704e-05 









3.5542328381290455e-05 









3.644115025147188e-05 









5.667387278058423e-05 









5.936243537710867e-05 









4.1707624219255196e-05 









5.6162111843366215e-05 









4.238398165091895e-05 









6.16218485459369e-05 









3.9594874464747224e-05 









4.214040893288367e-05 









5.825472728858964e-05 









3.5068849724422264e-05 









4.161246856743019e-05 









4.7325972372846526e-05 









4.604769843885961e-05 









4.5417352666045044e-05 









4.556436049435767e-05 









3.5203163303984317e-05 









5.2117349135505055e-05 









4.1516952926241286e-05 









5.4140953596086515e-05 









5.5263719045713876e-05 









5.455710995246616e-05 









5.56510763756579e-05 









4.315144273286775e-05 









4.922211082070229e-05 









4.592783719576319e-05 









5.4639473579662244e-05 









5.32856627044263e-05 









5.277116925456934e-05 









3.8636531937853006e-05 









3.969567872385813e-05 









5.5360083035256044e-05 









4.1755240500698305e-05 









3.957685452435775e-05 









4.634525799136901e-05 









4.4827397255827175e-05 









4.8653331356052836e-05 









5.404050731435222e-05 









5.16987180125828e-05 









5.4412293093172596e-05 









5.758244837073623e-05 









3.904826183188378e-05 









4.6238439467543614e-05 









5.278139775682063e-05 









4.197251545842751e-05 









5.712903794450517e-05 









5.763042278329583e-05 









3.5825179760709915e-05 









4.079361373604949e-05 









3.467292163376953e-05 









4.266192577070024e-05 









3.953029470922105e-05 









5.768886046721609e-05 









5.940716207531897e-05 









3.806083127145481e-05 









6.322208985760736e-05 









4.769514456028067e-05 









5.3244552184285364e-05 









6.244984797357403e-05 









4.457326842516102e-05 









4.0973959487891905e-05 









5.5845463080561925e-05 









4.139793104235135e-05 









4.9741131898753635e-05 









4.502769440457041e-05 









4.0517033934813366e-05 









4.288415238583944e-05 









4.64876725308679e-05 









3.774446212894207e-05 









4.229573033119577e-05 









4.476810433000706e-05 









5.357098651010861e-05 









4.412331452443852e-05 









3.2788578018572606e-05 









3.835344102485588e-05 









3.642135123597892e-05 









5.840010147492167e-05 









5.4040631414994906e-05 









4.261952256274108e-05 









4.215280536816827e-05 









4.560900516827626e-05 









3.8595195424305975e-05 









4.826475007491298e-05 









4.87856027317939e-05 









4.7609635441966974e-05 









4.196941907366058e-05 









4.248645698390872e-05 









4.370276731688823e-05 









4.450576635697977e-05 









4.509111286743342e-05 









4.5753482923536915e-05 









4.1516846092498574e-05 









3.546933425048169e-05 









4.693479008893657e-05 









4.0893199792222984e-05 









4.037508971842704e-05 









6.478831276213156e-05 









4.112247041718585e-05 









4.494062013191274e-05 









5.348406754704348e-05 









5.119403193724286e-05 









4.6311716660665495e-05 









4.198391701871425e-05 









5.604946004659867e-05 









4.166767684271765e-05 









3.942384465722056e-05 









3.641420480637612e-05 









5.108216284753658e-05 









4.993061024867287e-05 









6.178777462129497e-05 









3.321178340581067e-05 









4.3774616227292384e-05 









4.7598146404889135e-05 









3.91162726657312e-05 









4.020695959744495e-05 









4.2847667230734746e-05 









5.6094549952811205e-05 









5.435562782986586e-05 









4.6374967626410665e-05 









4.5124784140755905e-05 









4.000403833104325e-05 









3.982991834678306e-05 









3.580148676291199e-05 









3.938910851697133e-05 









4.6168545815234395e-05 









4.6662865643917964e-05 









3.7741310787906834e-05 









4.632607992650397e-05 









3.768215661474937e-05 









4.7751336186274644e-05 









5.65310423492831e-05 









5.7796671433151794e-05 









3.2259972948785466e-05 









5.226118065350644e-05 









5.365859842980317e-05 









4.5536795719787566e-05 









4.593042092745716e-05 









4.6815158418412636e-05 









4.688906288210545e-05 









4.399550730054097e-05 









3.98079226992522e-05 









4.4717086243799604e-05 









4.439480870276401e-05 









4.4797683220237904e-05 









5.5294837072830955e-05 









3.845746977557112e-05 









3.4369935318451564e-05 









4.333109927103923e-05 









3.3560381967184035e-05 









4.802405946434447e-05 









6.437421892873143e-05 









5.1091430956277184e-05 









5.721108723230534e-05 









5.80139150329022e-05 









6.291526235530658e-05 









6.0280485351906166e-05 









4.919578515951758e-05 









3.47834103786147e-05 









4.249536052688478e-05 









3.9341789773685925e-05 









3.405327759458472e-05 









5.164079332923247e-05 









4.109113977021431e-05 









5.5524398159904345e-05 









5.511505414008337e-05 









3.602465544269203e-05 









4.296289742658262e-05 









4.052390105418189e-05 









3.9981626422585836e-05 









4.906518916529651e-05 









3.705264118480581e-05 









5.362611443513398e-05 









5.861290643849953e-05 









5.513257112774171e-05 









3.9173440477202434e-05 









4.0391734048505045e-05 









4.653849719080072e-05 









3.4807037823429834e-05 









4.513009950492845e-05 









3.1568129019758724e-05 









4.204476276129468e-05 









5.727892054893296e-05 









5.170018878201091e-05 









4.835841176320586e-05 









3.63678277618183e-05 









4.9172179811393507e-05 









3.416310102577847e-05 









4.4714687830481495e-05 









5.0849041043181156e-05 









4.234826010496019e-05 









3.527811784050063e-05 









4.544202976341911e-05 









4.5671406295094415e-05 









5.0773217476569925e-05 









4.919011457873456e-05 









4.466469374546345e-05 









6.094890529132323e-05 









6.457115361565679e-05 









6.01099934924555e-05 









5.0754185611508425e-05 









3.4271907052262914e-05 









3.496998020335405e-05 









4.061360242685898e-05 









5.8624708432153225e-05 









3.914075246701633e-05 









3.923153652352577e-05 









5.091530921048281e-05 









5.155147068100529e-05 









4.299473150952319e-05 









5.479530197037522e-05 









5.884993916201162e-05 









5.385815005484911e-05 









5.4926548672584473e-05 









5.3508982021494765e-05 









4.613972464378606e-05 









4.7824691703958415e-05 









3.784436459967211e-05 









4.499054717176791e-05 









3.639555383701397e-05 









3.506789801196445e-05 









4.186798113359246e-05 









5.141461066374809e-05 









4.676242365295169e-05 









5.4710876135831456e-05 









5.343383044104105e-05 









3.444868227947865e-05 









3.578654479049106e-05 









4.592855036414535e-05 









6.758806863354336e-05 









5.264467831660008e-05 









3.667280573150745e-05 









3.612737498751603e-05 









3.974591759839088e-05 









3.434448969890838e-05 









4.597367467573405e-05 









4.2925292117327614e-05 









3.8465565870351125e-05 









6.209209914647147e-05 









5.240020458755881e-05 









4.400210639783682e-05 









4.3112723359263964e-05 









5.270686672209076e-05 









4.9497407843158684e-05 









5.048033343769235e-05 









5.87855549263809e-05 









4.6749379908165266e-05 









4.82883060343351e-05 









4.3387068746916454e-05 









4.186631129078381e-05 









4.634716333408864e-05 









5.43656981916974e-05 









4.677255573634201e-05 









5.4253189471722393e-05 









5.972724653444063e-05 









5.990067828825303e-05 









6.378395511220532e-05 









5.0331161861080735e-05 









4.4079171639058715e-05 









4.2165456138667555e-05 









3.661891389380727e-05 









4.7314044238435575e-05 









5.646221105474242e-05 









6.592804305378657e-05 









4.176538039106174e-05 









4.154556547608581e-05 









6.437398712541837e-05 









3.171428759668961e-05 









5.790141198211079e-05 









5.3175953052570326e-05 









3.543256494636341e-05 









4.686016114137134e-05 









5.518059652184682e-05 









4.7214795673319385e-05 









3.954194550493134e-05 









5.811567043315064e-05 









4.917551542798937e-05 









4.488177697943689e-05 









4.963599534127198e-05 









6.023878595370178e-05 









4.1389336353198006e-05 









4.2696575754434166e-05 









4.584780296816645e-05 









5.0621699883860694e-05 









3.91864927284982e-05 









3.8823748297481146e-05 









3.932617925727123e-05 









5.029971450923161e-05 









4.1801347369054855e-05 









3.276281582565199e-05 









5.051655425936028e-05 









3.99741428244991e-05 









3.406878257881702e-05 









4.775420357493503e-05 









5.251840632016999e-05 









4.115291157656907e-05 









4.247473512968909e-05 









6.048746706542489e-05 









4.2961143600189666e-05 









6.326300937176823e-05 









4.430547836806066e-05 









4.617245138746396e-05 









5.1632750156606087e-05 









4.058636773166081e-05 









5.499922269401338e-05 









5.9552509810135915e-05 









4.8891875464022406e-05 









3.786614892746309e-05 









4.414856876199785e-05 









4.7680459894189047e-05 









3.772226961251534e-05 









5.4148910825974787e-05 









3.86807905149056e-05 









4.8812614765821786e-05 









5.956982252400421e-05 









4.4492390499560476e-05 









4.860394684027341e-05 









5.398744141432181e-05 









6.108120089667327e-05 









5.505538683804107e-05 









4.4852036077121444e-05 









4.656195612169713e-05 









4.086931458213278e-05 









5.0922125189555945e-05 









3.837637214962496e-05 









4.498626142565226e-05 









5.463747260203024e-05 









4.060666940694205e-05 









4.832068635635567e-05 









3.693186471740852e-05 









5.458876203965406e-05 









