0.2 









0.35486816480777833 









0.14345922193430016 









0.13417540556308857 









0.1271729751747253 









0.1226823394441368 









0.11702929731893871 









0.13468820971570428 









0.1279235844467992 









0.12671959050157133 









0.13409594371041803 









0.12413270638278862 









0.12382978899514552 









0.12139832549443486 









0.11956802901396466 









0.1313612364351282 









0.12840099192690113 









0.12477382646688541 









0.1352597620734427 









0.12799210797700641 









0.11669936221817304 









0.13274284707331468 









0.12739609983311612 









0.12102858137027446 









0.11253962738237348 









0.11117724702126879 









0.1128488485376238 









0.10779709416534342 









0.10552745222944437 









0.12215562051106033 









0.11356712445662508 









0.12145697982571073 









0.10295654347225265 









0.10851433758503692 









0.11462938336240558 









0.09959508525904888 









0.10725859975474708 









0.11720764522875189 









0.11903603124184584 









0.11306499533128578 









0.11298481925518765 









0.11982513127431037 









0.12618879160905183 









0.1151527710495962 









0.11898404444706161 









0.1189197188934483 









0.11458065612180246 









0.12069067016589849 









0.12488377560802932 









0.11490556110934128 









0.11986378251847939 









0.11664102186584835 









0.11559342633117003 









0.11935814457583033 









0.11930834832836645 









0.11353397901334944 









0.11515329279583658 









0.1156733730696492 









0.11384998325312884 









0.10922891585488576 









0.11143853617975566 









0.12492741627982587 









0.11335515128570661 









0.11905395208207473 









0.11661187559224523 









0.11206720617033208 









0.1261032477873439 









0.11827593852516569 









0.12624464733125512 









0.12824230031047493 









0.11960533364323402 









0.10860018885194318 









0.12274741521561218 









0.12034980930147776 









0.1172797517348349 









0.11847950598066129 









0.12368768004114461 









0.1218813793191905 









0.11849470839393142 









0.11214661947575802 









0.11603188452542035 









0.1169073743942427 









0.11859978072913813 









0.1129741761471296 









0.11717808912674445 









0.11862444734212668 









0.10727358635667397 









0.11589833111121103 









0.10355704012328637 









0.11614233916635906 









0.11265872173038105 









0.12078516840547472 









0.12096443773484497 









0.1179380583404927 









0.12212155701508387 









0.1098402873221383 









0.11235198948228056 









0.10136246682983346 









0.10920325353461258 









0.10075449263664774 









0.10204512009517536 









0.09278625465232593 









0.08107356068285763 









0.08891874693177078 









0.09616908987431978 









0.09935916278819708 









0.10119520007811073 









0.09809639798360005 









0.10100611377400015 









0.11149858867203945 









0.10051157677210826 









0.11545814829912743 









0.13327816241783796 









0.1383797436267583 









0.12626047600195622 









0.13879517571476652 









0.12730434301565752 









0.12490992550496446 









0.122280032481796 









0.1310372996843267 









0.13482924558036619 









0.12510558206602465 









0.12982817303033803 









0.12995774802666943 









0.13181559949007687 









0.1267582055069963 









0.12577260046122876 









0.12581187032393323 









0.12725199427756415 









0.11944726512876132 









0.13134665268287404 









0.1328388583788629 









0.1260658812088623 









0.13748146634623998 









0.13794974149407754 









0.13179012233100876 









0.13064048372860176 









0.13016171560504014 









0.1396831113179352 









0.12308109740869216 









0.12046352597601304 









0.12409245099742706 









0.1261705684670241 









0.13161014965441503 









0.13019484490264233 









0.13261263618504815 









0.1294601563052672 









0.13184999977837858 









0.12924011014658932 









0.1252570925489567 









0.13568937633928538 









0.13608435519251894 









0.1277098253493534 









0.13348415692729848 









0.11785475499847642 









0.1289514432699748 









0.13782126110259302 









0.12504208795366703 









0.13487345119713887 









0.13583034068009914 









0.12463864061698345 









0.13751775264847318 









0.12762636994824242 









0.13636181069462192 









0.13444563922937833 









0.12414709410213906 









0.12777973578179136 









0.1225084147842703 









0.11628568786045732 









0.12311736447684984 









0.10770663814897527 









0.12611491981809295 









0.1286603852112541 









0.13708171341642145 









0.11648859256015243 









0.12197023707716705 









0.11213910872199878 









0.1100379945874915 









0.11461416937997167 









0.12372486632603803 









0.11163765067687131 









0.10410215367423016 









0.11327686868605014 









0.12742007438950925 









0.11368299151265612 









0.09673469799398783 









0.10041684358423175 









0.10879593059516784 









0.10785825010523953 









0.10820144058650465 









0.11875879321238725 









0.11730373816327172 









0.11892135207341593 









0.11676097912253963 









0.12144567706315396 









0.11040679507747583 









0.11493601377544937 









0.11894418558149952 









0.12476331662795984 









0.12194126960935685 









0.12381403638337796 









0.11887805912530301 









0.11147906495910084 









0.11237316041355001 









0.12025571074738899 









0.1252896393170688 









0.11519848729280946 









0.11978152296373237 









0.12145384662260264 









0.12675668786656324 









0.11314249181861019 









0.1153437541455048 









0.1176337681707464 









0.1162080169558117 









0.11587073355896957 









0.12350965377774252 









0.11283729700837458 









0.12602888197020978 









0.12476432034601154 









0.1202517411626856 









0.11551188403140848 









0.11136647210475188 









0.1063446774517756 









0.11511031416923848 









0.11821217570564675 









0.11486892922718436 









0.11118413699215217 









0.12789384470848336 









0.12463273790979582 









0.1154204963280179 









0.11610483068525496 









0.12015692413491798 









0.11700427800254905 









0.12352898565726718 









0.13726388190371935 









0.1155800180012155 









0.12270684979091122 









0.12090945996410207 









0.11646905041618191 









0.10334223192835718 









0.1097141483928076 









0.11755876906244456 









0.10435682799529264 









0.0984817518364029 









0.10505492109866316 









0.10992336659615465 









0.11167326636881028 









0.10479462578761264 









0.11131320661698876 









0.10361594481636588 









0.09387153740365442 









0.09127971629026521 









0.08364788522166361 









0.09946461290002553 









0.1045935717534818 









0.10229122198119298 









0.10412682870900054 









0.0925867604333261 









0.09381331155258543 









0.10248693624622601 









0.11353568842862197 









0.12663754466124943 









0.13104014677675468 









0.1355386318549881 









0.12022929103331023 









0.12362626997538999 









0.13380726320726277 









0.12499483377072629 









0.13527120485459815 









0.12029668955571923 









0.13710438070864941 









0.12729672011890236 









0.13380262762626197 









0.12669944140105174 









0.1313286304783294 









0.13604021552348056 









0.13533252431689258 









0.11910966536538718 









0.1306398154056303 









0.13341782523164297 









0.12741017354586556 









0.12915077379219836 









0.12224058128510815 









0.13036471935794763 









0.1289785467204197 









0.12481258308350955 









0.12370231865069692 









0.1362532619117309 









0.11841648826510891 









0.12435423109219594 









0.13246887104681115 









0.12122702700276722 









0.13420818502647047 









0.1255100098508966 









0.12405347899188941 









0.1269577324086565 









0.14216834489495275 









0.12335602239114452 









0.12361882373208605 









0.12371019491163363 









0.11813010032102797 









0.12819052230325945 









0.1354346120172068 









0.12994413901026422 









0.13083993840754948 









0.1393747547256065 









0.12448082508320857 









0.14062252754961518 









0.12532698575279988 









0.1275298547055727 









0.1300665413276067 









0.1397368553526923 









0.16615341166094347 









0.17169820914010642 









0.17885418124069333 









0.18026054399049957 









0.1822235007427347 









0.17959644040671977 









0.21545563650158261 









0.20925295467032495 









0.2003589331850921 









0.20205972422939336 









0.2174515506405414 









0.21564909292862997 









0.2404318611996649 









0.2587324241405816 









0.2524334634756389 









0.25118120860385 









0.23147561282527462 









0.23748645432147364 









0.21669145321222877 









0.21340499016085035 









0.2299228282443852 









0.21857761116354085 









0.21867505468640674 









0.21343518624823968 









0.21811121806865935 









0.258799563554916 









0.25641698748859776 









0.2649332492671672 









0.28848319666492817 









0.3072942440244792 









0.3235996649687574 









0.37196980130180685 









0.3133375879515963 









0.26236021534753884 









0.1367679308576114 









0.12264982820349124 









0.11830418413805427 









0.11736018537258525 









0.12283004250655619 









0.11478543185883212 









0.11204972749301317 









0.12323836846631828 









0.12612626222501988 









0.12548245021752297 









0.12325141807739128 









0.11165999033023073 









0.11764008384189611 









0.11676840540188882 









0.12136628832807593 









0.1257344861718685 









0.11754283422773004 









0.11498889061805759 









0.11565616823125255 









0.1182645902384307 









0.11903527442605422 









0.11618814601225354 









0.11955166696588708 









0.11164072379696408 









0.11678923757355414 









0.11842889458176303 









0.11015229402393954 









0.12733517121366372 









0.11601568616916265 









0.12050713003305094 









0.11492666523923915 









0.11403737847298717 









0.11341550710583581 









0.11433914382959058 









0.1193940134270062 









0.11468963874193719 









0.10431911078981732 









0.13058227367243241 









0.10777482203751851 









0.11481957044958245 









0.11011520284413348 









0.1259228355228112 









0.1249886188938159 









0.11714983135169348 









0.1226291180242103 









0.12399545069753076 









0.1220367956817218 









0.12468069959544215 









0.13738653784077798 









0.13660403729606768 









0.13722243009752805 









0.14384831271387494 









0.1597536995175842 









0.18291564959807977 









0.1607395177910173 









0.18896743282401796 









0.18052715050037804 









0.1771202036281262 









0.1792207723753939 









0.16797840975190453 









0.15752063616867173 









0.15118478289530005 









0.14056043200873908 









0.14822342583701065 









0.12299045041754941 









0.13601033397511494 









0.12319780831040836 









0.12607814318020383 









0.13507135635075812 









0.13675828984264327 









0.12664162969194526 









0.10471977417202416 









0.10251037735137053 









0.10957262267013615 









0.10010065615699237 









0.11593748823326006 









0.1233562888555281 









0.11937673480111571 









0.12772708728456372 









0.13157583937653383 









0.14006691326404397 









0.13331517361184306 









0.1268848466734497 









0.12693222558367734 









0.1202717311593764 









0.13267105908082427 









0.1258198897459346 









0.13589586335631992 









0.1363648231571608 









0.12405440422973332 









0.13705733110703883 









0.12274663037955978 









0.13126639838364307 









0.1260694650721081 









0.12634018862533217 









0.13101766391098701 









0.11957074837275097 









0.12398815850314202 









0.1269199373653994 









0.1266227153689944 









0.12792162260186588 









0.1259154243574619 









0.12446407261476333 









0.12343185466394344 









0.13901374471242212 









0.12628544607723732 









0.1211185573142231 









0.118739161260872 









0.1170010998648098 









0.13148498513335408 









0.12311182671476631 









0.1335671640729431 









0.12147325978996996 









0.11468112410593292 









0.12350666185767857 









0.13532696516235326 









0.13139925823186963 









0.12684897689852087 









0.1235274275649939 









0.13853485449769493 









0.13082762396463754 









0.11801327823688684 









0.12731083366970025 









0.11962817597837608 









0.12579013054489846 









0.15357189109847955 









0.23878149337080098 









0.46273791396044184 









0.7521474312802348 









0.8992835597316322 









0.9319773304870778 









0.9417410819810152 









0.9593079954532403 









0.9653167910490165 









0.9742400555012114 









0.9820799841655041 









0.9872078640636024 









0.9898402508505435 









0.9896306218394142 









0.9909693021326319 









0.9926214711007812 









0.9934571923543898 









0.9919697077391969 









0.9915748588015585 









0.9918420213756287 









0.9933806752861312 









0.9927556484241481 









0.9920634544607878 









0.9920966272234603 









0.9883373914395043 









0.9147915480718298 









0.42570541861114364 









0.1658063661129466 









0.16278591975239476 









0.1436514290044701 









0.14742914327798376 









0.14949144615862314 









0.14687601168833725 









0.14712037965417557 









0.1513548948162034 









0.14114141000186625 









0.1494770027863773 









0.15258330554809837 









0.1377721424624077 









0.13739728189006148 









0.14281061936166872 









0.1396742381033296 









0.1510684473994724 









0.14716966700846576 









0.13324245256820644 









0.15455779298108968 









0.15333038242666644 









0.13867503476419074 









0.14914495363938235 









0.15624936832097114 









0.15547562170667223 









0.12967741650170855 









0.1375114688676663 









0.1392215301188815 









0.14440452269140908 









0.14159242948899192 









0.1433254103023221 









0.13882783527613674 









0.1410724091106001 









0.13599604525589098 









0.13137090720876443 









0.14242520976587197 









0.16238649392440263 









0.14076459436134842 









0.14415902364867106 









0.14800687392408374 









0.13247244060109137 









0.14048172178953433 









0.14642145950408542 









0.14596635796753255 









0.15563065101481166 









0.1580365382967815 









0.1741472581179203 









0.2182413787176537 









0.31619755491995327 









0.4958628482986346 









0.5978565038190289 









0.6979077658939044 









0.7703977730947535 









0.8242683507709783 









0.854456932993132 









0.8770744447342254 









0.8843606212279007 









0.911644038238466 









0.918073252873616 









0.9125168320326782 









0.9236983279697418 









0.9308718376794289 









0.9345742766788354 









0.9374026441209906 









0.9463187873744754 









0.949287227633437 









0.9469392228541111 









0.9486752088007304 









0.9466726753532215 









0.941275148726654 









0.911126489845993 









0.762741121053655 









0.38480729020805815 









0.2033147334216951 









0.14181432591407467 









0.15609555848890133 









0.1296620266679926 









0.1455373042694097 









0.14550888816505947 









0.15406494686094951 









0.13881648937340868 









0.14003117857976022 









0.13545824942878731 









0.13178445938406835 









0.1392954104972718 









0.12896479742920922 









0.12606605488776157 









0.14460634600294486 









0.15522541132753387 









0.14179038699321278 









0.14389871495109502 









0.149298757915987 









0.13536290315310134 









0.12831975205307633 









0.13720256981018236 









0.14644717967854032 









0.14485330600798663 









0.1414569333351324 









0.13731277301328976 









0.14422429957422564 









0.13936019763673313 









0.14694933167007707 









0.1293162394536957 









0.14211066448224374 









0.1462639631760596 









0.12844521016274119 









0.1415289719732001 









0.14760036999693255 









0.13985966108080333 









0.13833561271871347 









0.1396186622289628 









0.1346128011524672 









0.13738780918456509 









0.1375744684518804 









0.13842005351236436 









0.1408547881702212 









0.13694435575588973 









0.12794183947721333 









0.1421406454222707 









0.14245598905913537 









0.14644861429527975 









0.1413731209619455 









0.1372682428291179 









0.13896930980688543 









0.19564644289226119 









0.6298980350645101 









0.9506644201970917 









0.9877920580400783 









0.9949221745061317 









0.9973052343508708 









0.9983348775671828 









0.9989215685980508 









0.9993459232782513 









0.9995735559062284 









0.9996857004079623 









0.9997605766784103 









0.9997947709303909 









0.9998192021972216 









0.9998493897313911 









0.9998376006235272 









0.9998531480919259 









0.9998605859750791 









0.9998576021381094 









0.9998547063638097 









0.9998766175556817 









0.9998892498755148 









0.999880259264638 









0.9998955844279792 









0.9997880166486319 









0.9974437002707852 









0.9276307805429969 









0.6259718331960756 









0.34276351290126006 









0.23595073048404525 









0.20211047337724783 









0.18117468103475937 









0.1818752956999839 









0.17931106637047795 









0.17499348266274112 









0.18976234009961412 









0.18810944005416236 









0.1870199458855215 









0.1807867597995943 









0.17861761745320417 









0.17533584132527852 









0.18593994858998414 









0.16238464387793292 









0.1906171440935216 









0.18481475200874348 









0.1747730640320125 









0.18603910956420697 









0.17050411448333336 









0.18074773994881174 









0.19993917560818325 









0.16286570638749606 









0.18669610371878 









0.19488439702261579 









0.19966470323340207 









0.18592133823784457 









0.18388445361765973 









0.18807967156055355 









0.19978593622807989 









0.19762853186362817 









0.20449016991170593 









0.19255750571625802 









0.1995679170667276 









0.20946812743859092 









0.21448061702063514 









0.22168937051166332 









0.20793212439011172 









0.2161729886473891 









0.20387452324559535 









0.19490579319173723 









0.2021705187741595 









0.20580417686418606 









0.19379700159604274 









0.2806011704061281 









0.6525484350328438 









0.9274932283452116 









0.9742406922824771 









0.988764566668255 









0.9929585403131236 









0.9954605932067309 









0.9967706870371889 









0.9977806015337556 









0.99852070920398 









0.9988035541080293 









0.9989909695703763 









0.99913088358169 









0.999227287063982 









0.9992283582079703 









0.9993380972182853 









0.9993532226128073 









0.9994453457324233 









0.9994821099677025 









0.9994830200812599 









0.9994889938717582 









0.999486663101159 









0.9994586234781608 









0.9994103247199744 









0.999183115156683 









0.9963457313629012 









0.9744798037149727 









0.8570356271384816 









0.3144551564739505 









0.15779416067787594 









0.1477608562875356 









0.14235415782863786 









0.13702582380926542 









0.14224577519651427 









0.13101387576117468 









0.13023582477595194 









0.13944911986710784 









0.12987506647172622 









0.1382490684808145 









0.13148560456599934 









0.13986164297959588 









0.15105785670950578 









0.14451280919460924 









0.14054740986688435 









0.1394520191204087 









0.14927359205375113 









0.13517878315357484 









0.13544988448851347 









0.1346812706345712 









0.14569682181105703 









0.13583333235846268 









0.15263791150003042 









0.14283345958565524 









0.13481703783317966 









0.14178451764090524 









0.13697130253242532 









0.1283794765002824 









