-0.03 









4.209069354479253 









4.805249232808344 









4.908493179173439 









4.909138930208399 









4.907051974434499 









4.698782406533706 









4.886849178865892 









4.870171113065854 









4.8646461369356215 









4.812165236059201 









4.987192993342402 









5.658395777029465 









6.3007367864604245 









6.3655695671626145 









6.333843823896853 









6.596969447357981 









6.952317568353366 









7.3423916684535175 









7.075953837776039 









7.023606960089499 









6.532848769861674 









6.873863505700443 









7.599497426471717 









7.840593907797256 









7.191967170401624 









7.102177825768149 









7.615882318093913 









7.1750911163626725 









6.768079498505308 









6.291706762417546 









5.724565392014763 









6.250434059279316 









6.827950761227883 









6.745634582637775 









6.0226957178721765 









6.273274059959305 









5.379930336455488 









5.166330286453139 









4.975984493807026 









4.910009949056547 









5.092453145305184 









4.936865932646227 









4.8649319170345775 









5.067757157634149 









4.922908320857835 









4.988750468930318 









5.019358136516909 









4.934621515643835 









4.9593115212270815 









4.942058035475198 









4.89880315875732 









4.980722225329228 









4.969590406104303 









4.9388332194801885 









4.975912833550889 









4.958420677480234 









4.992177272494524 









4.965093595446398 









4.980964830401605 









4.921536423637739 









4.885830138268428 









5.063651236127293 









4.96694975266495 









4.948745862801714 









5.1059224950667685 









5.106277870161426 









5.097121627271817 









5.0629957320690275 









5.027900625293299 









5.072702336151871 









5.006415836996839 









4.928068489949452 









4.878453820569883 









4.919369913147687 









4.985527616820075 









4.990463485763632 









5.025778856835078 









4.916508376738057 









5.02796104845904 









4.9442154486448375 









4.956467422987558 









5.004737599831023 









4.935090924041529 









5.004910967293627 









5.105932736626166 









5.902612408139789 









6.560466932147632 









6.712520563568069 









6.8133270135299275 









6.867102547506572 









7.014918141578284 









7.223910944805131 









6.932928640143485 









6.751302545584354 









6.912076262452313 









7.590173883868897 









7.605389907393763 









7.06067234103785 









6.910668159099996 









7.539364871796239 









7.878488469352879 









7.847629553146085 









8.189847132901361 









7.25674195870119 









6.729468757784179 









6.970527014217175 









6.83945290390741 









6.507396483939329 









5.754350549111113 









6.045423972602264 









6.152145325874402 









5.705393444043208 









5.1254707565532325 









4.966875693081001 









4.962714421504364 









5.073711213542296 









5.135182085523913 









5.002877432980839 









5.11793362078192 









5.143416553223773 









4.9607790335887625 









4.823561033967734 









5.010077614665608 









5.081333618355072 









5.0756098600488535 









4.964631283516322 









4.951018380084395 









4.92243051060243 









5.014184905143274 









4.87895159709053 









4.9318705590149685 









5.03337594257288 









4.951124303064259 









4.970093199652161 









5.148332448900746 









4.98180609838843 









5.05766537169226 









5.014938345763597 









4.9539712658266675 









4.981222784339723 









5.088910649349012 









5.012881811767809 









5.024335258567927 









5.082999425422316 









4.984906034237223 









4.958625278223337 









4.989241706620061 









4.959356809580621 









5.035097319511415 









5.027135129320282 









4.9835391858549265 









4.958655135393296 









5.1166004148125195 









5.107691847289512 









5.0670106680150875 









4.996841645532054 









4.983549373843611 









5.137647397408996 









5.042046374209598 









5.012343658941084 









4.97586801434438 









4.945727688844169 









5.139900951463979 









5.07348707170562 









4.950078046763651 









4.9212809174587555 









5.093682139342019 









4.990802091633672 









5.152144852364773 









5.90492483126229 









6.605187168626094 









6.472680465102492 









6.623076632573573 









7.021322077068348 









7.295190475119961 









7.380219694872827 









7.412285293325398 









7.312031259037026 









7.02470244771432 









7.293899949663183 









7.460409207801391 









7.5334122655186535 









7.727109537742094 









7.772515537554013 









7.676393029000565 









7.887412709938115 









8.390444884559487 









8.579554291892173 









7.5232438460233695 









7.491819489798514 









7.877974278875352 









7.0769168023692925 









6.580057267932264 









6.993219901521772 









6.9283361524280735 









6.191084409326016 









5.546020587975605 









5.191052646527896 









5.03651413197985 









5.069211996710654 









4.988328811406962 









4.942236895518011 









4.923524205700895 









4.923680855788607 









5.040178974020983 









5.012020960912536 









5.047223760968785 









4.993544059858818 









4.946233804766154 









4.985913444475239 









5.067234175517389 









5.093750737788024 









4.963107735059578 









4.897859267188257 









5.038873409019366 









5.106775899485319 









5.022098556204866 









5.114163272201293 









5.133513534500592 









5.226902223808057 









5.073240132746507 









5.00835155052611 









4.972707300733824 









4.986770975397927 









4.9326260907499595 









4.97249405901956 









5.007809065354621 









4.950978715183999 









4.921861912591114 









5.044418930260565 









5.081945920015313 









4.96111796444394 









5.127900012523315 









5.018920469436937 









4.953216351216011 









4.963813333099367 









5.030560056734367 









4.973969619010407 









5.000539351190202 









5.060859331734362 









5.029034937676638 









5.092878949984067 









5.207622536854203 









6.109195167997531 









6.877588556572103 









6.7681437873407075 









6.682321023713371 









7.111430588233409 









7.12364136266835 









7.399464897659489 









7.505428084399072 









7.638454727540125 









8.41162131847772 









8.872980531042243 









9.066894399804678 









8.677937523074545 









8.77063102736109 









8.948227833907879 









8.79718115903754 









8.848500582195497 









8.809481399914683 









8.950883472477779 









8.435753394793968 









7.142130660055507 









6.380797096749006 









6.48164325670165 









7.140217772437466 









6.639896465143278 









6.073274799897788 









6.041197457050183 









5.641092214582383 









5.733567342983359 









5.5123549407178505 









5.029412176344909 









5.052862915801617 









5.061814812314572 









5.103397061541289 









4.925700154358324 









4.933347789991471 









5.140194611819713 









4.967067919443259 









5.011212871813061 









5.074325490719206 









5.158455024778382 









5.091720990712853 









5.204052019803976 









5.0352489244786245 









5.019812163065495 









5.179865267305097 









4.987172102445353 









5.05586251581247 









5.051437829709553 









5.097256875925556 









5.013412816900553 









4.946928191748489 









5.046011910238421 









5.133606011401574 









5.021848239043047 









4.982680480859084 









4.985522784532618 









4.926975331937134 









5.002019640797424 









5.083977244511535 









4.977603230963578 









4.906835646622422 









5.036740612472513 









5.068576974490839 









4.9252725251798 









4.93028704466682 









4.960926360421111 









5.0422238169740785 









5.07927781338064 









4.89813180364267 









5.137574234685888 









5.039791865212764 









4.875880678735576 









5.034129814437201 









4.951678814706322 









4.967605329201126 









5.019425255121866 









5.003519882981728 









5.104714425080315 









5.045575074186326 









4.958686643172773 









4.990285999262842 









4.9106960353524585 









5.0293052635258615 









4.933780066334126 









4.912926358228822 









5.0873463915337505 









5.0567260575926305 









4.8688594990403065 









4.883046704521242 









4.933200206204746 









4.92523251201019 









4.823436140416594 









4.578473085510397 









4.675626869658752 









4.700423192487882 









4.607571370008837 









4.5972710270872215 









4.657754260530396 









4.703736159331993 









4.615613891593264 









4.985650024956731 









5.18812675462491 









5.240947883926506 









5.284156295628441 









4.9815765435179165 









5.359065876573194 









5.217274140983338 









5.52962539781298 









5.8110339841333065 









5.356692552946978 









4.8786556729580175 









4.616240512907434 









4.781555689615826 









4.937760843818934 









4.9279182938895145 









4.965606058606931 









4.865699392256455 









5.038402860170194 









4.913067453982547 









4.961409174428977 









5.009781948262496 









4.965079216840664 









5.082499322914554 









5.011154668932745 









5.046612998825492 









4.9271243679760905 









5.107557751399289 









4.9758732036351905 









5.027917384530521 









5.045925282608993 









5.036197159027806 









4.947503297394603 









4.999532281591827 









4.952282065806601 









5.015846916412401 









5.081256961642178 









4.987730307652032 









5.006772175616753 









4.890953918818423 









4.966241128363866 









5.015191011980446 









5.011495622506489 









5.022474467368791 









4.960655357659957 









4.9884352133874135 









5.07812895939892 









4.997645080454253 









4.867295011778831 









5.030668607992743 









4.976581465586321 









4.916418903406776 









5.1124191480277235 









4.906685084986007 









4.902345947172893 









4.884821923948605 









4.931611121898467 









4.86603344416946 









4.82360913259861 









4.718971976886064 









4.894447471829412 









4.577858706519113 









4.614023634522448 









4.515578047789419 









4.582488832871734 









4.84692191228573 









4.757170463039919 









4.5871601003614595 









4.569940390740105 









4.665538976385315 









4.614544241976422 









4.745628856607478 









4.946430300331326 









5.251033147896598 









5.56155657912575 









5.554332549691751 









5.220118723495776 









5.05973957060298 









5.300018715867742 









5.353332946127682 









5.2782481094574 









5.270958457529601 









5.093600767199476 









5.305482280683022 









5.578287120710523 









5.440218616901583 









5.302581277090966 









4.951966336037854 









4.892776208143844 









5.169590192575968 









5.260910930831773 









5.27029385964552 









5.310931296704052 









5.192245634114435 









5.319884922843671 









5.24286986761476 









5.206892209489823 









5.271801387582834 









5.340519976999352 









5.381104343916966 









5.404255544579295 









5.22565319936396 









5.2055477439182205 









5.277634236118177 









5.264996152570168 









5.231976176517689 









