0.8580000000000005 









7.705414477679646 









4.6537699617733335 









4.188332807641709 









4.233567417935319 









4.161118008562104 









4.143161335370568 









4.167675102479836 









4.212588311282651 









4.183553610327427 









4.189233296741661 









4.131528411215179 









4.118870449572405 









4.15022524087073 









4.071617196542433 









4.0810736626649415 









4.117897401514084 









4.1522748348887735 









4.139946210597998 









4.141869182882473 









4.0579891631094664 









4.097012950556624 









4.223178184051592 









4.140188107757839 









4.0095409738451595 









3.859628964871203 









3.8643915374994426 









3.8628567594905303 









3.8497725246196124 









3.96725939893218 









4.031271957361145 









4.011308146854891 









3.8659399314609466 









3.8355798795317306 









3.886221108511379 









3.6080002372734983 









3.701200588782278 









3.8409761882876303 









3.934174494360684 









3.954956173313848 









3.9388030471507474 









3.9410408440511633 









3.9813954950275194 









3.991487068534599 









3.9582626624800414 









4.001665942999862 









3.939243976588004 









3.9961627417635435 









4.0011336662525645 









3.9475739625861177 









4.010976932771427 









3.98214053295371 









3.9506790331408923 









3.9929418249743494 









3.9732851789221475 









3.961732992661473 









3.98772933065973 









3.917607596334411 









3.925823463607838 









3.9469774756048106 









3.967630442290669 









4.018552994147145 









3.9861615163045117 









4.010950945916951 









4.0018015775401246 









3.9769327778954473 









3.9478650578460655 









3.926968408774851 









3.968302081344919 









4.004924958081431 









3.999494679569381 









3.9564537495551604 









4.0269769452424855 









3.950727185481578 









3.966116224501048 









3.960739868714465 









3.935639214052095 









3.9772937874834957 









4.020499572584347 









3.9740445414948513 









3.932437125899992 









3.9635670759024566 









3.942934088184376 









3.9162225754814557 









3.9665088018102623 









3.9267359953600374 









3.907717480257365 









3.9905211353808623 









3.9418851023447843 









3.9666665566303876 









3.9357069676831307 









3.981688747210718 









3.969633052549786 









3.9543312678592755 









3.9846016592947433 









3.936758540245507 









3.942157254396802 









3.764642573956759 









3.6057834159877165 









3.5678959043911966 









3.5804026717548414 









3.4464590004870534 









3.2391146977680534 









3.3008273784732 









3.5179652830399637 









3.6703119684153642 









3.6535912972826137 









3.4994843724372817 









3.626945218161551 









3.685692352330064 









3.7819866746046467 









3.8901470799230675 









4.143683401113037 









4.1872433998721466 









4.084453798236818 









4.258638066403043 









4.210901144159596 









4.107596934001747 









4.174952753741247 









4.229730195927956 









4.189430867612995 









4.192381504858027 









4.142848253979384 









4.139720948463732 









4.097454731846331 









4.1576611363578015 









4.1634630964774 









4.166822832163276 









4.196229342064561 









4.142741946865601 









4.1493953264420895 









4.180487723212029 









4.208934512765827 









4.1668209250771655 









4.2335863776875 









4.225990661184073 









4.221427548524634 









4.146531780098229 









4.241522403683595 









4.182261490491387 









4.1057888543214665 









4.13353601206329 









4.174310648649258 









4.132037610267082 









4.143345144550257 









4.244109135128227 









4.191769677969987 









4.139417432045259 









4.221154562220125 









4.196277271195957 









4.24754448424684 









4.236782777867711 









4.1677476000310705 









4.197010903145956 









4.148476052919917 









4.211400035788732 









4.212663923661516 









4.089347399180688 









4.209313982506581 









4.207448077964088 









4.154828849136806 









4.237474927034447 









4.209635745682936 









4.182421737331717 









4.251783291278171 









4.239863326258563 









4.123126542281093 









4.067233165589305 









4.029982465722789 









4.009496775462084 









3.8457032932776336 









4.0154644367845425 









4.0716389642410835 









4.151082647033519 









4.065114754848067 









3.991493262761103 









3.85346218985432 









3.810727338897957 









3.8514833320691357 









3.930168337806111 









3.9901254117083016 









3.7877453353484745 









3.9687081010899754 









4.045139355124516 









3.9155925089973063 









3.600764745500267 









3.674452287650913 









3.7837064064991686 









3.846907482140782 









3.9095853661685687 









3.953963256509474 









3.982406788981782 









4.013567891254897 









3.951850063945761 









3.9887800990065325 









3.992145363519724 









3.8876475213206514 









3.909528589947964 









4.0132228444557345 









4.026449786221804 









4.070411096089981 









4.003930139972614 









3.9833821051491443 









3.9461784034859386 









3.958254379732986 









3.9786640761374508 









3.969029893982865 









3.9739345321435984 









3.9796451752834368 









4.023756935346473 









4.03722627853485 









3.9765134834588167 









3.958873252120532 









4.007864915065914 









3.9595556161202556 









4.031330782266125 









3.9912771670968903 









4.045189875885642 









3.9969602137463993 









3.9960442728240553 









3.962996960262128 









3.9903193971810524 









3.9360006825762435 









3.902472432995478 









4.008074874530315 









4.025169211846476 









3.97175773408454 









4.008877317987024 









4.036561355555211 









3.9855224089844232 









3.94174648911375 









3.9690090688498736 









3.984104580216094 









4.053928436712024 









4.1452638708793215 









4.090903506452526 









4.073530188925231 









4.087607348495223 









3.9779481438795172 









3.8095087725956827 









3.7952170046757665 









3.8661851688349884 









3.8437368481968877 









3.708274425805623 









3.835090297717667 









3.8607872188566215 









3.914658355915716 









3.7962221779540495 









3.7281483278826206 









3.759633966024859 









3.5005671591585745 









3.4208579295875605 









3.3229515499535545 









3.4628324793157224 









3.7254732723404094 









3.833190977044621 









3.6926651483625217 









3.5278681731274255 









3.5611178111367647 









3.7165622212644807 









3.8028798836229867 









3.913345847657982 









4.160012218789601 









4.210891427089883 









4.185160261933233 









4.088056440655592 









4.162286995203962 









4.144390806484479 









4.1729177662484584 









4.187808647292402 









4.210996322802281 









4.190355055535698 









4.232592660613277 









4.186452432670144 









4.194021315092073 









4.201856991349435 









4.213968792763685 









4.140979118735203 









4.117342925416804 









4.16050143803198 









4.227898735753702 









4.17027475852453 









4.185680977982434 









4.111271070006304 









4.233306696102267 









4.1570163972766805 









4.155195432615654 









4.229526954925874 









4.162933504142314 









4.179688041375785 









4.149220387366554 









4.17297184075236 









4.196685491923566 









4.2086908980442415 









4.143422887316711 









4.07712616661141 









4.179576428078998 









4.122818143404204 









4.131272177708062 









4.125940814485692 









4.115499267770732 









4.16101555529878 









4.191783876462313 









4.171070217019793 









4.1439437373912416 









4.173084157011744 









4.1785629348814375 









4.203991103172942 









4.179599958216408 









4.190925933700447 









4.167648137669042 









4.331309319746861 









4.561433552145167 









4.78368492305088 









4.924281943196068 









5.01529104830097 









5.025200410279051 









5.139409522556594 









5.227662152579304 









5.430365697678226 









5.348902439780075 









5.239857398953744 









5.3711729997628375 









5.471292639756733 









5.547256131999737 









5.963984363248202 









5.876660124897869 









5.897714623846237 









5.6383417987797415 









5.623980953544463 









5.493247542142915 









5.484053469114324 









5.462963536175114 









5.4370941453868005 









5.500337151216189 









5.339501430594888 









5.411385570693153 









5.758526621860617 









5.9722170146405755 









6.062909851353346 









6.304064149577278 









6.413574646816113 









6.388244168970258 









6.80116600428391 









6.632847728353842 









6.171266262710874 









4.680590074519152 









3.9664544075850907 









3.9721725121633344 









3.996952910760396 









4.0584570094100005 









4.024633828101864 









3.985813433631817 









3.980188541646898 









3.998765038403077 









4.023144417615307 









4.056416772663308 









4.008613625715971 









3.9945764002974014 









3.997308422788222 









4.025840367122123 









4.030771342986702 









3.9831925549179736 









4.043415895384204 









4.003773939817589 









3.9855955540857506 









3.956041351694582 









3.935808886596334 









3.9865912377261115 









4.008747862581343 









3.9776812179593444 









3.9374904114291125 









3.960939539733512 









3.969123820231597 









3.9839897060612466 









4.023739270752723 









3.987631497625985 









3.955899262439612 









3.978428970829785 









3.9315095032063083 









3.9473964857937562 









4.022295162485378 









3.954971276854389 









4.032714976113512 









3.96908501190744 









3.875218824472578 









3.9489616556433416 









4.011746702336897 









4.059876614062475 









3.9763622671754355 









4.0104070508896985 









4.023158913381238 









4.020734010396386 









4.114571620188046 









4.302484616938797 









4.3712817420000505 









4.292785534997968 









4.4219363847265445 









4.566920667201058 









4.787817742286517 









4.872764311883246 









4.89929066596092 









5.045559226707624 









4.954669365371262 









4.933487295503679 









4.925442420470849 









4.7936507794604015 









4.519931194142084 









4.415226418359506 









4.335837009168875 









4.060066342440532 









4.162686957048979 









4.209010946357804 









4.218578470319921 









4.346965154538773 









4.3061126158410135 









4.198820578093626 









3.822615085620429 









3.602340253231665 









3.650995843591054 









3.7095022372735516 









3.819422978616198 









4.153250002349104 









4.149477415519727 









4.171474066381946 









4.1658764845185 









4.179682521398662 









4.148172804824973 









4.200712602638978 









4.157427657119385 









4.0970059070835605 









4.141365242590945 









4.1176238407105314 









4.149605737970353 









4.236131142536013 









4.232943683251403 









4.189471047684804 









4.222146079545286 









4.190011143037772 









4.184987523712608 









4.157131357947681 









4.202597708211033 









4.175535819476138 









4.118392348857535 









4.15177511097408 









4.0916635382552204 









4.147567178471198 









4.129211841036974 









4.18054788611739 









4.142567936258197 









4.218969136565428 









4.215719547463742 









4.202385072625228 









4.096390944041162 









4.1110162048557655 









4.207386520454967 









4.190150199818039 









4.188932141152669 









4.179995858108033 









4.105809017717726 









4.139033330248475 









4.164532852284649 









4.158029948695148 









4.17247249018591 









4.141240713676287 









4.203378534142241 









4.209016987289347 









4.126470954334738 









4.1489180991295385 









4.088899605094805 









4.125340373114358 









4.416010082642254 









5.311951015076915 









7.027094856436634 









9.663381407728453 









11.915997367039001 









13.122196678646187 









13.560320342451458 









14.02189508591159 









14.53819559159533 









15.097597442155367 









15.77409754838068 









16.474640431431204 









16.915995537131185 









17.148898920632888 









17.343242934534864 









17.776681239781105 









17.999696602021462 









17.835046236355232 









17.652034710616096 









17.68137562874941 









17.90319938087159 









17.973395843883335 









17.79929055246426 









17.786697304079148 









17.260680291113793 









14.212036795899417 









8.763107804320656 









5.296749753216175 









4.488129549425205 









4.4820533362440695 









4.525198541516255 









4.570474642571123 









4.484353859827015 









4.515554402402721 









4.556489442475659 









4.452295541075309 









4.583557630749346 









4.550408658536545 









4.446679524120584 









4.426514979108699 









4.455849959160334 









4.452229523473878 









4.491382984565604 









4.472681139649169 









4.378919166478536 









4.464854553347641 









4.463813933961894 









4.4387666069695015 









4.410249563194254 









4.4606686602409145 









4.49907726793916 









4.390802297834414 









4.346280499154691 









4.444096040806929 









4.430675919672275 









4.43547220296665 









4.506027409035874 









4.5020155425879995 









4.53837731043486 









4.419227008944812 









4.368016656775858 









4.405402338701437 









4.522741211308353 









4.512282030242708 









4.438063971447849 









4.467362431044781 









4.4088131422037415 









4.395794040272238 









4.526492267794941 









4.541353345223527 









4.574645524082817 









4.531454736606341 









4.74604808561224 









5.264582133185392 









6.269236225497605 









7.526798525215751 









8.61883937740671 









9.405430395691344 









10.223440831048853 









10.779763636619226 









11.34677088445986 









11.742255363135717 









12.117009184615794 









12.458129054847994 









12.645956780458745 









12.849429670790155 









12.915404296227113 









13.145799440267725 









13.30824659435058 









13.463742819148251 









13.680911186170485 









13.7774250414164 









13.71044762363305 









13.690425266675229 









13.630581486841713 









13.698675314127602 









12.994391362592939 









10.98300843297082 









7.772451345054602 









5.659972453631771 









4.422986658482646 









4.378605345551264 









4.344920390391511 









4.315812817163002 









4.404119162099017 









4.442879697237852 









4.404549780613228 









4.416469332863619 









4.307709195306855 









4.273194656056295 









4.316382437785532 









4.31165017011681 









4.353869668584161 









4.32747095104458 









4.444095981622108 









4.36812359281288 









4.397246374919491 









4.428135476111046 









4.427167485022417 









4.278293924154387 









4.347243372056028 









4.387465174426386 









4.339836538731928 









4.3198073001473105 









4.31562988985205 









4.364029685052423 









4.294299160356019 









4.392824892983919 









4.419513422098082 









4.41664784773012 









4.428771682727408 









4.377394824697923 









4.316478199830147 









4.429004317242235 









4.328766896011292 









4.344067078008171 









4.344354640903221 









4.332417717972106 









4.33852044871545 









4.296143833931956 









4.325466268109761 









4.337691694490074 









4.36718466188332 









4.3033671127614355 









4.321162999072469 









4.318782985699398 









4.376783169073745 









4.362546834524465 









4.320764832079089 









4.248937796180467 









4.86898205492644 









7.877095504837747 









13.045097030178525 









16.236100187305905 









18.242691394223076 









19.578377832438786 









20.555646179991868 









21.47012935431097 









22.417176801068834 









23.36791218494041 









23.94000679049078 









24.452436752052623 









24.90797434573621 









25.267476920908592 









25.477465178267575 









25.50940285982253 









25.656606447556754 









25.74841561682473 









25.776995611970946 









25.65859394493687 









25.934885224863297 









26.227212066023608 









26.251303686956756 









26.195824375698425 









25.515093996308657 









21.51662885016479 









14.86748135846749 









9.961571385096024 









7.107171722794794 









5.661886263263974 









5.2587123362949155 









5.0812284091670525 









5.020428568678289 









4.99507688786978 









4.997702872555941 









5.012442160663198 









4.996060790263706 









5.09035881179341 









5.007014137005479 









4.995723049509781 









4.952157116034485 









4.911260900541308 









4.925878379425685 









5.055194146253516 









5.071873717448672 









5.019699475393428 









4.995751484947946 









4.913196707286344 









4.967393853821323 









5.090661179952246 









4.913922640011846 









4.857220339719651 









5.085462042244341 









5.0404615733024665 









5.14303202665479 









5.074662328636299 









5.02797892974169 









5.238140227820232 









5.155137042086533 









5.1558361127072985 









5.238440851543164 









5.235189439339642 









5.309140697888059 









5.22445550598971 









5.323120142637634 









5.361324412627919 









5.351143100970206 









5.260318632117123 









5.25639130340567 









5.212446744860871 









5.2585807125588095 









5.102921884499371 









5.768491061800308 









8.354537448091705 









12.238743391783267 









14.760960363100164 









16.421142802487257 









17.60942084791373 









18.591943170734872 









19.47388415771996 









20.151147804100386 









20.797430741368373 









21.326728040642188 









21.690412117078576 









21.937437290336987 









22.267330117589967 









22.430271602008442 









22.570384279087435 









22.83905518968218 









22.92236979150342 









22.962102627616797 









23.11800698322099 









23.217998380015498 









23.053155391788106 









23.01464933407716 









23.046673421455758 









22.454357917087652 









20.125352589812593 









16.365913937751312 









12.509597190417242 









7.783684733719725 









4.7785251854396265 









4.5245861397603475 









4.405381542958437 









4.417094817490621 









4.346945033846126 









4.260228577466246 









4.2780314940233986 









4.37774962772241 









4.354787012107611 









4.327103886561757 









4.294481194014981 









4.343498259071807 









4.438545211784242 









4.410321732825582 









4.336706049279746 









4.317444755192307 









4.367792492616945 









4.340611065442212 









4.349397981031827 









4.340291156915869 









4.375454162145871 









4.272249604767584 









4.395245582892079 









4.392691250765223 









4.327936784472812 









4.365083097585902 









4.3450403719148225 









4.272173260924409 









