0.09 









4.383906634816479 









4.343149883896982 









4.4174227293867485 









4.92518469527454 









4.850044838230805 









4.849149551744224 









4.799125656602522 









4.834670039702266 









4.834574800518926 









4.7667409313338664 









4.92080499852836 









4.825802202116466 









4.967119540891546 









4.92196463909448 









4.978324375217426 









4.865467199980787 









4.910374422552768 









4.96876680487712 









4.956326593141002 









4.941759993979582 









4.884466195754775 









4.914608282615046 









5.21594423442963 









5.5060505458236175 









5.5672631246925715 









5.456616745056259 









5.489812753877941 









5.3946167970704675 









5.216008925075571 









5.191505272029864 









5.585997250808015 









5.641685808336035 









5.501895590380451 









5.900384687076145 









5.831726196994208 









5.487816240567308 









5.131547947275183 









5.068516695360512 









5.042763435812369 









4.919841316667826 









4.988445093661713 









4.934949477293844 









4.9619835179084815 









4.988516432269472 









4.984571658353731 









5.0630318847648415 









4.890199795774879 









5.009540383832585 









4.829254898921459 









4.969638931436967 









5.104974698912361 









5.01811280384768 









5.007879621657374 









4.939821812645441 









4.948981872552439 









5.020942890962531 









5.069137266608808 









5.013438675654593 









4.912010323661268 









4.938155346801336 









4.963583285664268 









4.946520733169192 









4.888219185983055 









4.93051484767357 









5.005892331924009 









5.022538079166175 









5.134944616598262 









4.981355901079871 









4.915233126676989 









5.061248713361881 









4.99465917420962 









4.928903173943158 









4.9788701553003065 









5.0354895301440585 









5.025208668886796 









4.973680021087984 









4.952467630582687 









4.919914019133981 









5.006227397577386 









4.909050062793236 









5.064730599747662 









5.0381601764742365 









4.965505431677653 









5.194103882971775 









5.159205082908177 









5.079896482211047 









5.017507062155206 









5.034406569408488 









5.120759817930247 









5.076337268587064 









5.0010173946975485 









5.07976252315287 









5.10918974412924 









5.12944125066842 









5.046495819756903 









5.402444247866106 









5.9220932487927485 









5.92295182310708 









6.077705777657597 









6.289328417351956 









6.770189204146939 









6.570367204765034 









6.267573598450131 









5.922592204570006 









5.806727074896974 









6.120740583476652 









5.990847287645516 









5.685053488178839 









5.356155223312288 









4.876230858264771 









4.561851657385784 









4.836897119492907 









4.917149302988619 









4.837421832859329 









4.841792680073908 









4.969635006718502 









4.841150491023214 









4.8179033612552375 









4.7554100724859225 









4.909546758935176 









4.8286168285123265 









4.932653363878826 









4.9851230097776265 









4.94141502490021 









4.839997450590882 









4.8879205922164015 









4.696035608194145 









4.844750407747366 









4.882501628665114 









4.7551120186891005 









4.735106249482771 









4.9220914020541215 









4.8272961853060155 









4.827648248920982 









4.82203630272297 









4.803168274167927 









4.8684404292794925 









4.809784383834513 









4.903014008204149 









4.8390734014969405 









4.825252753737201 









4.827258412156761 









4.863729255208636 









4.777057305303243 









4.740567574921218 









4.909500125129337 









4.816873078167796 









4.87115319428286 









4.7041165524482595 









4.774179275468896 









4.86455262305446 









4.831668462204028 









4.813772620317269 









4.7237275307260385 









4.834718378059299 









4.841007608479899 









4.843996554878018 









4.8092009678309475 









4.83546544825867 









4.821440644117643 









4.936819287791373 









5.083991640877663 









5.132825464475682 









5.076811077300576 









5.271782416529849 









5.472171643234477 









5.427667698305754 









5.579142507503162 









5.802991869396442 









5.7461861018133735 









5.452021353421109 









5.2884815136047845 









5.307895863246298 









5.632042927773165 









5.911056729146063 









5.978307595055273 









5.900117741392904 









5.940726027595474 









5.630037820739579 









6.044326825551755 









5.77610983410686 









5.4367623380604115 









5.772628600631524 









6.1270197686226835 









6.038758264683684 









5.511475773699737 









5.318173615982663 









5.150334788019171 









5.069773281724524 









4.96627848179004 









4.841229010785278 









4.860608327640623 









4.970515063809855 









4.900709699274374 









5.00445599769215 









5.031490967635627 









4.950173825010948 









5.014042905441909 









4.9843695005440285 









5.008856858842192 









4.872227838719524 









5.0342159327053615 









4.869107436409071 









4.886269498182249 









4.933102538388886 









5.0000161981733235 









5.000366554651517 









5.026256008730919 









4.8994765746268625 









4.945089622996601 









5.036708409734905 









4.91168923173827 









5.020368147893406 









4.977176507496336 









4.9583763395880815 









4.948600256166874 









4.942752279923824 









4.884575608410305 









4.942884303035341 









4.896864048013562 









5.0259841989360865 









5.09924509498776 









4.877511790882107 









4.869754760975567 









4.906808352525536 









4.9207571931807506 









4.877415318323182 









4.96193601519539 









4.990881995640406 









4.993736342426519 









4.921125491979651 









4.983548750448366 









5.019604280933651 









4.951205968667264 









5.0600126092258115 









5.044969468311775 









5.458692748551107 









5.614113473042463 









5.689138644435844 









5.608018078615464 









5.512802031882807 









5.768602085884316 









5.666101551555861 









5.57816905933218 









5.58718302389677 









5.7251556791569245 









5.857050442029443 









5.72383820651669 









6.275896368989098 









6.479949514093217 









6.609653837347411 









6.5726396571901695 









5.958540788083526 









5.747952970767819 









5.7912970739522525 









6.260095593041976 









6.140478299449513 









5.686397989131501 









5.441908125807392 









4.775296623221593 









4.467621915802237 









4.770655305198723 









4.81143334030454 









4.967641792830141 









4.992382871624813 









4.801065060483151 









4.848497192968013 









4.78736221551586 









4.760546341521753 









4.85514671946616 









4.803418705762078 









4.829163612106229 









4.844523547678642 









4.814860085371025 









4.739049644604613 









4.838640447041312 









4.89289275672903 









4.850294689410563 









4.779717758739507 









4.819221955104719 









4.831646094503143 









4.906846165021448 









4.8979990464512815 









4.898073842663676 









4.816151005858178 









4.691153624734449 









4.771589743646108 









4.756266462973574 









4.963900065092303 









4.840269494244922 









4.786007622105223 









4.6720361689223795 









4.752392438480379 









4.88309552027489 









4.919862109043557 









4.915186250683188 









4.923674626312235 









4.92902603757729 









4.865613921663149 









4.885854064252424 









4.77717461813551 









4.877943161981308 









4.860260197122931 









4.873113749007182 









4.891719232399529 









4.9043426190653845 









4.882414169722097 









4.8493715227865595 









4.851106015102502 









4.820458646290873 









4.879153025339935 









4.925765535653669 









4.854786669978201 









4.88188399078256 









5.156857188940408 









5.250070290517373 









5.097039259083957 









5.1684230487021905 









5.320014118548785 









5.663857347885437 









5.673115245723659 









5.512562530916877 









5.549839374858982 









5.438827309020349 









5.546291800791264 









5.788852715363491 









6.041440733705492 









6.166741655864251 









6.260739703093025 









6.345505428470916 









6.205027315367984 









6.328768491504937 









6.29415133403769 









6.405107437484884 









6.428149036133122 









6.083838532176469 









5.94084112722092 









5.895632179917273 









5.6228677652932 









5.757388158682847 









5.749457950135953 









5.561063849413771 









5.553089847537083 









5.5722182261681095 









5.679793406319329 









5.333174416529423 









4.915980789176351 









4.969788081608966 









4.88775316898675 









4.892592994459268 









4.920904557053567 









4.950322607008522 









4.9932140758759616 









4.961618918701036 









4.87988296169439 









4.9545292501718 









4.932453161767088 









4.935071675198677 









5.000607315995756 









4.907040928053425 









4.995085198837978 









4.89129299627381 









4.967408302178076 









5.050603015112986 









4.957630462633726 









5.069812363499349 









5.039010856949585 









4.9290628014619555 









4.987393350045572 









5.069591559791147 









4.976074013876964 









5.105825274755148 









4.9237149527877095 









5.018812779902931 









4.866417883783589 









4.911239184976926 









5.062082366721263 









5.057251325132467 









5.10612053622767 









5.005002576357807 









4.923719228012423 









4.977085190022422 









4.961926299683687 









5.224694715024565 









4.98419564184645 









4.985900824969146 









4.987801075461039 









5.028725735350201 









4.937948188030187 









4.894247898555085 









4.982980288758556 









5.050640249434553 









4.939900515170969 









5.0517595282675325 









5.264974711606661 









5.270550514482282 









5.196623643965113 









5.08145819765821 









5.12088342915941 









5.084531608130338 









4.938497562193952 









4.954388525720781 









5.028511199360141 









5.13953960139009 









5.182759892425059 









5.639513551358808 









5.985235410104935 









6.1118474247670465 









6.31944928058003 









6.5009789673361595 









6.3625890847327335 









6.431102685406615 









6.118496248999531 









6.146095885920461 









6.305293408930442 









6.622124689415154 









6.447997647312342 









6.037970376847234 









5.782076436912118 









5.208164382230628 









4.576511625226289 









4.928516660877559 









4.827465577319 









4.8439351237905734 









4.836759550245625 









4.957502894521563 









4.919342871021247 









4.794566354909763 









4.8517329704911285 









4.927166759320602 









4.885926158540254 









4.8800870053336105 









4.8159519168802305 









4.733179421989997 









4.747173848553434 









4.7435280304859155 









4.73012404348783 









4.806709727435885 









4.852906227155204 









4.809108928665837 









4.802536908990498 









4.8405442955229585 









4.806441635762825 









4.906277903124111 









4.9271970462906 









4.907557333826945 









4.906978196819713 









4.826412881299842 









4.783418598558526 









4.788771878824787 









4.784045939525879 









4.832168274328392 









4.909641649508712 









4.789396333975318 









4.795424575483183 









4.893324224389438 









4.8685153408157245 









4.903891342369018 









4.849819646897103 









4.939139786189002 









4.911956793875475 









4.898606333878183 









4.780032350599746 









4.785467202637393 









4.8336339696717125 









4.819018533582069 









4.91231355864768 









4.951076129834817 









4.93269373847488 









4.789396038010539 









4.905575858418797 









4.971418826555791 









4.810049036901258 









4.674030538269905 









4.656430305748666 









4.580848661304636 









4.688962095069194 









4.636423749411971 









4.5561791773206854 









4.593174101880214 









4.4121601603461205 









4.426041782939225 









4.505771333836232 









4.634101759282312 









4.526439917971955 









4.637401977051988 









4.9516222043736775 









5.316169217950985 









5.440185490633487 









5.363552539345727 









5.200622902990955 









5.526604961121112 









5.628237428312084 









5.407032398545622 









5.239493308903628 









5.179665726121822 









4.9433418300647105 









5.2378758045199225 









5.137297290035546 









5.111647688744665 









4.949399763811196 









4.993200492937127 









4.917508046276196 









4.897261398282497 









4.9730544451707885 









4.828536785667968 









4.9048300868704935 









4.97527954261752 









5.039399962261222 









4.966146560801984 









4.961756784545412 









4.97237401626856 









4.972324348889372 









4.97264184178091 









4.885819712695231 









4.981961430343789 









5.0643903526001415 









5.013955456513467 









4.928180616169736 









4.871389337105115 









4.936132592875133 









5.096984741608125 









5.022022642938738 









4.97634777040023 









5.039678014488002 









4.795021039167305 









4.924635186135995 









4.819039769748361 









4.879565880969452 









5.104791528778267 









4.970375066993466 









5.03009406467616 









4.917100788379442 









4.930096854813216 









4.961452749324136 









4.9432211063033 









4.967260322508933 









4.913006395365864 









4.900988556868748 









4.8268110756509905 









4.901711077889997 









4.905797158822848 









5.060243741487369 









5.042929610282408 









4.96572760421551 









4.945571054618631 









5.060183000737351 









4.820225707591688 









4.858246718370223 









4.750726631827907 









4.693325573126782 









4.731941481646906 









4.650828450391874 









4.626662525126708 









4.598219527968132 









4.7582330005444415 









4.854042682852445 









4.690946047413105 









4.682974624437055 









4.591596061274091 









4.621068043474572 









4.554369824348239 









4.726644033134807 









4.881969499699527 









4.866847921189452 









5.0813680379329735 









5.322231320645329 









4.92115535664317 









4.791092219618336 









4.5373018145982025 









4.445410358857286 









4.822029451534176 









4.959973291397165 









4.77639298471739 









4.757981640912076 









4.76306456801925 









4.725984289338197 









4.848808243445517 









4.9398561026764165 









4.863154131967271 









4.820456858772803 









4.830811135550315 









4.852396060783741 









4.883167778033182 









4.870703230326203 









4.8949777512308215 









4.828756025097562 









4.7013598582361835 









4.846760389976932 









4.792882236566983 









4.901771285599549 









4.854959914014654 









4.870835882250564 









4.815696285212108 









4.8409925880577696 









5.002727660526576 









4.811938913361475 









4.7594234835971205 









4.738286928285762 









4.854002884312204 









4.723184894061015 









4.808672080467841 









4.8208435262000515 









4.763468346284264 









4.8986693637028775 









4.851624113718799 









4.792506025666604 









4.920311999256876 









4.875945577822052 









4.944644661714017 









4.902965482932301 









4.829814717136655 









4.871046886393309 









4.895887705651561 









4.868942420889204 









4.807816944381214 









4.843277383157887 









4.784772152254908 









4.890652768861831 









4.850269294685613 









4.8382818553504725 









4.861357340746356 









4.959941892390992 









4.895057764221482 









4.752188962179682 









4.667151832117347 









4.754075370444173 









4.622475739974951 









4.548714766462524 









4.544546237730435 









4.6374102777793045 









4.7532950094004995 









4.802503753101501 









4.843317116930138 









5.0227353427122186 









5.121167538847698 









5.273403049571755 









5.162890149849965 









5.549779633975322 









5.302654589316437 









5.083017686154638 









5.192841052348458 









5.474731480829467 









5.350031903298542 









5.376485466456757 









5.186696858858087 









4.957958140522813 









4.868035796623762 









5.05649655285533 









5.1685011961477425 









5.161418428876283 









5.394568361527487 









5.146537136424954 









5.210482393631264 









5.313996862582798 









5.183666926251542 









5.079229904708953 









5.13025075338654 









5.182210792156527 









5.260252058131744 









5.47219664264754 









5.288140251226084 









5.146646299555209 









5.178930638418005 









5.2336755640282036 









5.361176882877034 









5.343567841391754 









5.353454452253627 









5.165279391108749 









5.1935646670775295 









5.386592940550182 









5.162464094580189 









5.1202354867568545 









5.10759881243304 









5.128225136892092 









5.172524408711287 









4.984537882986185 









4.924642775669345 









5.018062307759037 









5.0162959663340185 









4.881116882387651 









4.936205314910766 









4.923324422386714 









5.036553037422035 









4.8918844091581 









4.753628371930528 









4.986209265397849 









4.910130057257329 









4.911506743189341 









4.890950573343271 









5.003483736295876 









5.061236740045131 









4.973822227327953 









4.970870202536283 









4.731215401724131 









4.646487038059962 









4.652510486683336 









4.607711467069936 









4.521823989024944 









4.512527100836734 









4.548676958982747 









4.529331954278732 









4.4823213968435995 









4.549224628650538 









4.496439836422028 









4.608883635414341 









4.787658296364289 









4.582288126805996 









4.483074740657446 









4.565459837553441 









4.544426017906184 









4.709545555033193 









5.058065718081538 









5.100024359803179 









5.2324609755415805 









5.293707383934575 









4.993133586354925 









4.815795882708671 









4.583909185967714 









4.164830529327759 









3.351494880475205 









4.3663348735812235 









4.763990388394329 









4.814706719725725 









4.776393698450323 









4.854504650328551 









4.886673970191814 









4.8058966090662265 









4.863091329617974 









4.886568197026575 









4.884125852877839 









4.7981848865342815 









4.823530404484958 









4.7932776874458725 









4.79970981919311 









4.889791903244379 









4.754142911931434 









4.86158807129927 









4.947002599960819 









4.900638564595179 









4.888528358781918 









4.884714586022643 









4.96662385115474 









4.794675836565046 









4.804144720319889 









4.837985144980959 









4.840234045019572 









4.764861293691185 









4.8904347825166266 









