0.7380000000000005 









7.38635311448039 









4.5687934966181505 









3.9639352230014655 









3.9514693009355337 









3.9418794741465413 









4.07977451182138 









4.0667364297414235 









4.001121214979539 









3.983593417293338 









4.011662281009673 









4.081592621411459 









4.192702291373427 









3.8836970311630337 









3.7157427666301333 









3.7447623181145846 









3.7867887974256007 









3.6172772048080892 









3.3887642287369895 









3.2391594936266124 









3.419222557971005 









3.5084334732245437 









3.6361517569757873 









3.372497555363923 









3.057788962269033 









3.1026565947047766 









3.393962564629175 









3.2118718366195536 









3.147363353204534 









3.347696201144919 









3.6590368364870365 









3.979911208657248 









4.21247980487937 









3.9459046004281197 









3.658547385223388 









3.8878925418510355 









3.5166464203454946 









3.565476173670316 









3.83697890700584 









3.911671597721092 









4.010933795624064 









3.9931025772340503 









3.949414783277363 









4.001112293057954 









4.006074447617808 









3.999156743456806 









3.958085279272789 









3.9800742807299936 









3.972670567393964 









4.0015088981570095 









3.961433440803372 









3.995259616906046 









3.9639358405376073 









3.961831423287581 









3.9778593370300004 









4.065086091115877 









4.020769994790218 









3.9895713071391548 









3.9203546097263597 









3.984345160961315 









3.934467491382824 









3.960843660872595 









4.004572572410485 









3.9561902731536445 









3.9918531921880493 









3.9805082494935693 









3.9038116826964786 









3.8793043872337925 









3.9301457689289556 









3.9104318937583 









3.948178319883476 









4.004119935466816 









3.9912236428453003 









3.9671449694966756 









4.016983918633297 









3.9848961543808152 









3.9479190883281596 









4.027190577821841 









3.927122008432282 









3.906338065780207 









3.925383581614492 









4.052569692547907 









3.9970255833546364 









3.952174610203089 









3.9854258760099994 









4.087283280582477 









4.155184839929577 









3.863422781861781 









3.490777807012425 









3.4811149632209095 









3.533337870278971 









3.514754416497688 









3.4058633776277385 









3.3937036362885697 









3.475088469625739 









3.6023363237310564 









3.339362409611789 









3.141223305680522 









3.1818422717792916 









3.502461035785313 









3.4417383197128624 









3.0396927504551754 









3.0219747797993 









2.879632817496677 









2.904113545447042 









3.410431718540861 









3.5795770179977118 









3.4808987951092814 









3.5455927434641574 









3.9241972584406333 









3.688187447305934 









3.556226424494619 









3.584172661086516 









3.779165397024512 









3.9439503630237795 









3.970747338152318 









4.0279830294841075 









3.8852278288356494 









3.923582119475754 









3.8553119976102326 









3.879642841878832 









3.9107068264588096 









4.0730616419301615 









4.049803755243869 









3.9435249814002624 









3.9081972573271124 









3.9487030122284748 









4.028966849634002 









4.057201442081743 









3.9812918878387933 









3.9886079625467667 









4.063606634130811 









4.0074598626516895 









4.023109880899537 









4.009814798035615 









3.959629833689346 









3.9375487575939987 









3.9688401288460775 









3.8960078921873085 









3.938791826347842 









3.955908552791973 









3.9939669812867598 









3.9921381902324646 









3.996346073269374 









3.9275476263868967 









3.967669737622602 









3.9849889053307894 









3.9744919673653847 









3.9843703573780322 









3.905630141934226 









3.971194148450926 









3.920651666431415 









3.95392038387308 









3.9665648833623566 









3.9516048578945067 









3.934855589365666 









3.921983517635171 









4.004107042583266 









3.993762755329045 









3.967431338612466 









3.966247377623365 









3.980291180951462 









4.037107719759583 









3.9527891965950537 









3.894099083753383 









3.9396620462414917 









4.055406895784906 









3.9703686194548355 









3.9356506970039065 









4.139068154924396 









4.10099418502304 









3.68786092968391 









3.598472473781376 









3.7138598877575313 









3.602459300188816 









3.411900302575887 









3.2636204663268504 









3.2010994411945295 









3.2087667845382204 









3.334138332335186 









3.431152765898679 









3.243063854543476 









3.161652468042036 









3.106603600404873 









3.110053716585541 









3.093154449033391 









3.0682157653995716 









2.943568788393814 









2.6803481956133743 









2.8598015609092524 









3.230387437900043 









3.107309893462904 









3.092146520416733 









3.6422989761990747 









3.2340097821409017 









3.0953611988966663 









3.2096150541992303 









3.588066658313739 









3.7672016128976207 









3.878841725720247 









3.9129983007075677 









3.925828251530852 









3.9914405580724064 









4.036336273463194 









4.028214896645936 









3.924851724151381 









3.9436057757767657 









3.987435035174156 









3.9542953736391446 









3.9909370209826807 









3.9855455218113085 









3.9596030993071962 









3.95037872461182 









3.956202872719143 









3.95522404114563 









4.013647612165519 









3.9771048871010874 









4.001119304205709 









3.9672907250883345 









3.9013703022629858 









3.9207524295057508 









3.8851893953389176 









3.8986193850756394 









3.9849840107840717 









4.007849728650523 









4.03798682256399 









4.004105176376052 









4.008573780963081 









3.902625318824388 









4.007519985361144 









3.970638529605873 









3.919049983317893 









3.97681012359412 









3.939296707472558 









3.9302554735363087 









4.011635453546233 









4.013072109310533 









3.90969204162014 









3.9581614546932196 









4.0121798683899375 









3.9382850321396985 









3.9264436381719037 









3.949784744772603 









4.0140672331703655 









4.161132687225262 









3.636813183655133 









3.4176306883709433 









3.526647466535401 









3.489030933655385 









3.396942935289758 









3.290919107617908 









3.186090808269442 









3.182095348252593 









2.9862529973266154 









2.6519270268461046 









2.4922643685196486 









2.5398711387381483 









2.588959247659633 









2.5267624892459923 









2.479495434206705 









2.560214360589745 









2.5636199667939916 









2.494993853682924 









2.5110260816229966 









2.8753130028916227 









3.4931844988075267 









3.808474291241596 









3.607123486901394 









3.4117739277717165 









3.875477774879179 









3.527712408866141 









3.6428969327783185 









3.7051017526166525 









3.6587570564771315 









3.829538250018969 









3.9738495611080906 









3.954723497198039 









3.9301150697349305 









3.9642826474179493 









3.9321252322032096 









3.9802532880808656 









3.894781578986167 









3.9646886501325778 









3.9642527210940917 









3.847257189344612 









3.90136383584546 









3.8734602765911705 









3.9024807155025716 









4.008508347553448 









3.922142119567977 









3.9217599679446447 









3.993764622368983 









3.9489367903226973 









3.9005037153940516 









3.9736540350513128 









4.008894713423763 









3.979921133963658 









3.9210666442718822 









3.8947641132557567 









3.9369547470797053 









3.986549299828239 









3.9831985822018456 









4.056216785548046 









3.9826913665015704 









3.936237862903179 









3.9739365136802 









3.962749560838638 









3.9517609886981 









3.919648563822468 









3.978950984087446 









3.980589155911858 









3.9812352398259514 









3.9205893210695764 









3.9727920174190503 









3.975654286508383 









3.9346452540270755 









3.9746669474456366 









3.9993082593997156 









3.980039459738298 









4.008343235906559 









3.9431285850731657 









3.9704406726287265 









3.9453108053843957 









3.9419211378279537 









3.9387238634225383 









3.930903990422492 









3.993344191019667 









3.957158600808504 









3.9534955541150945 









4.620477787224281 









6.126353862911905 









9.782486844413768 









12.626756658857559 









13.590931410476047 









14.143087668930887 









14.561513428869082 









15.152728435974232 









16.05078088545929 









17.034350940500484 









17.85691010664282 









18.465912706633542 









19.105214290868748 









19.71993638460173 









20.287910587382 









20.669354867972963 









21.074023980840618 









21.214812423959742 









21.42874351632831 









21.502903167696136 









21.79951977924175 









22.027680098092784 









21.845304212197583 









21.412025263825658 









20.819074678871925 









17.806513506472523 









13.503427996083422 









10.709175420292228 









9.031268529728504 









7.226988127526049 









6.292421194648076 









6.046341408797326 









5.988799818014549 









5.861870653075402 









5.684999689207508 









5.699068193606931 









5.605214214373343 









5.543705386714419 









5.566511029455721 









5.453534508621956 









5.537716704238889 









5.510072309106614 









5.638328953273452 









5.553758039341263 









5.498337623937045 









5.562236783635312 









5.629826043314079 









5.5608556859594165 









5.639838084950067 









5.630371711041224 









5.564944798882119 









5.5687352417183815 









5.4860093804835035 









5.555414745560517 









5.557751706320525 









5.605032208241079 









5.621405553119697 









5.547820759620109 









5.558489645374411 









5.54975071640473 









5.521114416594908 









5.46903615765503 









5.480685576209447 









5.679318305520762 









5.626671411498441 









5.5606685020674185 









5.655105109601523 









5.574721061924514 









5.454637177522716 









5.6890876845087455 









5.7400618774795085 









5.61949653681774 









5.568326958697117 









5.672734556025648 









6.880074309457855 









10.888097100387524 









14.675606506441824 









16.938121090216775 









18.342658850276372 









19.48135852096406 









20.126624953516018 









20.45149559459681 









21.020269299231543 









21.598322599361342 









21.87287007740727 









22.012604592010394 









22.2681549290433 









22.585115814217268 









22.64961402263117 









22.570199466108615 









22.393257426291253 









22.513748252135898 









22.83332980513815 









22.913872780681405 









22.9506090688714 









23.03938047870325 









23.107625196749478 









23.24164830259137 









23.372915590841497 









22.638282141834146 









22.220693248552777 









19.33726048078074 









14.084543271172484 









10.370962640894396 









7.548669779138401 









5.724544275564157 









5.468781875299711 









5.368831733854661 









5.480201229732551 









5.524456038510059 









4.247426845270515 









3.828079181073104 









3.998191538274845 









3.8815075729451975 









3.8838851627591406 









3.886286069605035 









3.9106512801087723 









3.9880760383284026 









4.01012728045049 









3.972084775766629 









3.932964154906905 









