0.2 









0.1481819515954172 









0.16186737281138547 









0.16224689932384495 









0.18733874444356002 









0.1716989311195732 









0.1709522670366742 









0.15981946207781278 









0.17173168419814414 









0.1667290753903269 









0.16960404640083204 









0.17798432328258962 









0.17101884107590987 









0.18385093484351586 









0.17262692288209303 









0.18456097467946836 









0.17455423697299266 









0.16829770266389837 









0.18304701655096864 









0.18679114313753664 









0.1801295730348029 









0.17303214432155717 









0.183309032183121 









0.19593275902691096 









0.23016153221233895 









0.2280119937681065 









0.22174540935590725 









0.2168071464190423 









0.20152367944494626 









0.19303450093116475 









0.20538066108493808 









0.23229975250087564 









0.23705322459947414 









0.21224476871170958 









0.26666352841681285 









0.2100998242638028 









0.22215116227657783 









0.18504818261107825 









0.17786179664362353 









0.1762066713185636 









0.1859566439343983 









0.18572243761882312 









0.1752648716825292 









0.1721022729489105 









0.18935488087198757 









0.17706106837715743 









0.1896678510447627 









0.1741978880728249 









0.18798547370171445 









0.1751275079691384 









0.18874736650056767 









0.1782911932106373 









0.1865304077673956 









0.19054534543308596 









0.18139126651652313 









0.16888175841855274 









0.1866030922056065 









0.192809035497054 









0.17091992747218937 









0.1701427942756969 









0.1770894332700182 









0.17860770139674903 









0.17327546043537584 









0.17946383354506934 









0.1833024086944818 









0.16855135007686595 









0.19707163571478936 









0.18596246757018092 









0.17920433099007238 









0.18619593147767538 









0.1895308029017746 









0.1821370458434379 









0.1841214574804867 









0.18249247285347442 









0.19062084192841727 









0.18535999977673195 









0.19591951757592707 









0.17772928344477745 









0.16863016265997685 









0.19265364633689724 









0.18439597284757916 









0.19377810900822648 









0.18417361402013788 









0.18391769418659015 









0.19311175690540694 









0.20453636281905768 









0.17516404716760436 









0.18272949193519294 









0.18536111288772517 









0.2018772522948465 









0.17725790340590086 









0.1945838874101768 









0.18478583993336603 









0.2067335378828825 









0.19275654985166335 









0.1839877343359241 









0.22777830726399945 









0.2757996212500331 









0.25749396153119186 









0.27964671756953907 









0.31835195755187917 









0.34532147268398317 









0.32537349038948926 









0.2765518016124508 









0.2527027823908521 









0.23718965117242669 









0.28807580184638454 









0.25282049369072673 









0.2289738744496937 









0.19724581041641034 









0.21607859500922239 









0.17345150411631083 









0.18362643041584592 









0.18504190712653845 









0.15869848870610048 









0.18076058425392183 









0.18588324218399752 









0.17403608382537483 









0.16723693369578044 









0.1672021905970225 









0.17422623877066445 









0.1674930964278979 









0.18979868089659996 









0.18891373706115938 









0.1712263354239945 









0.1664757136881218 









0.17242764573335087 









0.15719882642555244 









0.1813436696763753 









0.18040957336383318 









0.1660310245352768 









0.15697385227991265 









0.17844681597230783 









0.1750088186996564 









0.15800864884891913 









0.16903790385453077 









0.17731530217730573 









0.16875519113818147 









0.16758511914757873 









0.1810945778733209 









0.17251437959826432 









0.15680333436065064 









0.17355331747495914 









0.16697500885047972 









0.16153715422804055 









0.15966422636639588 









0.18677137422366108 









0.16619264113550727 









0.17225639464739007 









0.15336137793683557 









0.15736183059928072 









0.1804125832389163 









0.1633574827895694 









0.17925965057697946 









0.16249152940100764 









0.17335957203875513 









0.18169286578052396 









0.17210022619362436 









0.18397596718491754 









0.1713516009245334 









0.16469823548093043 









0.18529930913969286 









0.20828338180147216 









0.17950431918366927 









0.19552439574541303 









0.20076151540727144 









0.21606807713844614 









0.2139626589999683 









0.23025862188089885 









0.28212948557779405 









0.24115924282861678 









0.23364710259410595 









0.2076840131525001 









0.20881621522497562 









0.21658577854325078 









0.28461284174254387 









0.2721747262847326 









0.25358087842234567 









0.2503582038841978 









0.23926642243402757 









0.2872254355345256 









0.22358163724037872 









0.2044847801449219 









0.2436880226070017 









0.29045911642447075 









0.2522162755498231 









0.21416725491544772 









0.1997506734581212 









0.18607218597488373 









0.1750131553795141 









0.1749133936550796 









0.18181482062426002 









0.18152113828827715 









0.19129940999331746 









0.1762446180052683 









0.18666825790448946 









0.19442195017903688 









0.17492924820531636 









0.19354034419301322 









0.18378681110468764 









0.1823296591866745 









0.17520305860687196 









0.17799840909982684 









0.16011178544816698 









0.1751742290044368 









0.17647907702045135 









0.18260732378786892 









0.18822933871721956 









0.1781974769890871 









0.18827878655478264 









0.18067256478894153 









0.19865440280178642 









0.18497534601584123 









0.1759876186373096 









0.17424474143415233 









0.18314729550761288 









0.17212144525438453 









0.17636500756233936 









0.16727581112059503 









0.18317485810343773 









0.16282137354410486 









0.19362478503747393 









0.20287354775239871 









0.17886195104378436 









0.17439876447297134 









0.18200683335713175 









0.18006908676007494 









0.1749954764071005 









0.1781131291006044 









0.19345406774348378 









0.19099478610420226 









0.17479445013737757 









0.1738843071501972 









0.1861124004338402 









0.18543859208150526 









0.17849495518213418 









0.18915678967349314 









0.21157185300730919 









0.23773918147507256 









0.21732764473761265 









0.238570390684418 









0.21513486904390255 









0.2429489394836996 









0.21939782438170702 









0.23172088637759822 









0.22734769130990384 









0.2608609533908276 









0.2563654607523277 









0.24971966990680264 









0.30291272600974434 









0.3162039321205522 









0.34252721077515286 









0.3230956592384324 









0.25445151284108514 









0.24288239679039048 









0.25980131503150294 









0.29696274256996225 









0.26694267135227256 









0.2568722807328878 









0.210818066875391 









0.18944560501966334 









0.15402608231749637 









0.15809590065746254 









0.16774833019096183 









0.1808631346626256 









0.1839459457954663 









0.1695000107474786 









0.16850603905119638 









0.1741857781535955 









0.16037493368488728 









0.1781208266181335 









0.16364963438999758 









0.18496774772442065 









0.16321164676028638 









0.18042013440601223 









0.17732072278877958 









0.17988737004251856 









0.17803026354944984 









0.1677288037857605 









0.16375118335760208 









0.1745654719748656 









0.1532688489229751 









0.1987789394634893 









0.18211870185282322 









0.1672050064090694 









0.16145251937553506 









0.16644818079581242 









0.16247247553989852 









0.16062733699503806 









0.19334480320482422 









0.15790424229881578 









0.16600220360643791 









0.1629758424372944 









0.15983431471658538 









0.17546939330091005 









0.17378986211275665 









0.18584254364719185 









0.18813354637858692 









0.1869067467621258 









0.17670602196568347 









0.1626695398772698 









0.16202287208674895 









0.18529145778485334 









0.1943065931934036 









0.1582541731043251 









0.17806234860133602 









0.16990113391298944 









0.17793304928017276 









0.17249022019521337 









0.18170486356911186 









0.17677391493840053 









0.1823118955443984 









0.1764467529091135 









0.16096017724134049 









0.1900193620955913 









0.1998569338090846 









0.20091034413199776 









0.1941840344482547 









0.18924421413051937 









0.22202360612720934 









0.23213402641120284 









0.237152236331915 









0.2217436495819815 









0.238549230916979 









0.21703828815292964 









0.2247588954576498 









0.24940513279413187 









0.28717218523251975 









0.2891429412575993 









0.3219666340659014 









0.3054403348871686 









0.28668038368923576 









0.3117786666686571 









0.29626938094035393 









0.3208115649799769 









0.29892284877103226 









0.26700227231946205 









0.2651357376105466 









0.2463526068344103 









0.24538569422123044 









0.23856093510057064 









0.2446903750053544 









0.21799510214171558 









0.23500985237865923 









0.22462867613206147 









0.22566057169440762 









0.20140081335289528 









0.18984666783019005 









0.18731696263327763 









0.17322435118724916 









0.18169444913015104 









0.17634214666362263 









0.1728058302603805 









0.1794705381598813 









0.1693976732159917 









0.15566400153014862 









0.18258796831981638 









0.19237250301646946 









0.16776341951643975 









0.17127025293852205 









0.1730476196252791 









0.18312294969207715 









0.17391973033054237 









0.19027399436082562 









0.18631409287245015 









0.18498521029196663 









0.20535699992602097 









0.19004138927465386 









0.1745156778567562 









0.17329822045941592 









0.18899228381119193 









0.1937288907020278 









0.2061119661350279 









0.17569917255274367 









0.1701182545133456 









0.1890817319393024 









0.1810229329711347 









0.19163456663118142 









0.1912387877721104 









0.18388248296628779 









0.17776176338030814 









0.18792514807733268 









0.16376630595048303 









0.1892896773369359 









0.21196751558353621 









0.1709123461602053 









0.1721553846732276 









0.18122309301486145 









0.17479832234173717 









0.16338612058120172 









0.16890636709085965 









0.18104972108450007 









0.18524100352095535 









0.17718507045555398 









0.19695327586436956 









0.21009006303186092 









0.20511180251593486 









0.20498209320105626 









0.19542386136534484 









0.1930734758082557 









0.19330275486740492 









0.18124385257479197 









0.1792987063440431 









0.17986066867712142 









0.18838526640676043 









0.20197485964479717 









0.25459845091749744 









0.25479644924460404 









0.2965530375540129 









0.3397207251349912 









0.3106845084034468 









0.28635438791422085 









0.3158149632242495 









0.2812811522124431 









0.2927744576700815 









0.33612204606897844 









0.3626146700987568 









0.2862326050070901 









0.2680358973762611 









0.2458568572424065 









0.229894060407828 









0.16535398422293676 









0.18183686307241936 









0.15764413025426743 









0.1649507009522802 









0.18290609183819936 









0.18975433598457478 









0.15994473970212716 









0.16910391417063148 









0.16845537198273114 









0.1855714566841205 









0.18375262150172278 









0.16575047778929697 









0.17227704566461471 









0.15458905519863353 









0.1713703381778457 









0.1592683880443433 









0.16411284964216927 









0.1585585225255976 









0.1851349780007686 









0.16998135042830964 









0.1570769813019111 









0.16207955289871095 









0.16456432862229547 









0.17221240009628097 









0.17147502599856512 









0.1689884352833998 









0.16853999479956616 









0.16411967440973896 









0.1566082588115785 









0.1632895465284121 









0.16488996456921254 









0.16924271990962614 









0.17864886163242952 









0.15970508042827383 









0.16407244365133777 









0.1799918383131297 









0.16540504299360412 









0.18934982607099804 









0.1609711438168407 









0.18164079927179583 









0.1782855646321559 









0.16267297941106953 









0.168072552506259 









0.16546134796908551 









0.17249295549457322 









0.1709801330233908 









0.17426040013248031 









0.1903972142947051 









0.17672955602416265 









0.16515248855678716 









0.18624698360553701 









0.18093220575589802 









0.17060344561987667 









0.14944421393189977 









0.16247220491681216 









0.15691489062658048 









0.16400171468546104 









0.15827698321940015 









0.14200236267397315 









0.15903865483183427 









0.14185329019038168 









0.13910969841576323 









0.1507675075622486 









0.1659812864017402 









0.14873373864388897 









0.15637253299716491 









0.19246674697476276 









0.2109545115061326 









0.20424042828880626 









0.20248716913769088 









0.19108648255307512 









0.21553818874652542 









0.23082642883528842 









0.21069042229017326 









0.1983899410052507 









0.1944189588134486 









0.17965619013187853 









0.1992735890286248 









0.20275895956478768 









0.1840491476745818 









0.17714308560985145 









0.18360077733384236 









0.17693988358520668 









0.18037503647828812 









0.19017811969864665 









0.15766575694979573 









0.16315893738123743 









0.18029352271762983 









0.18372751153823774 









0.1758430505562269 









0.174357182974368 









0.18962015779772395 









0.1895081325691797 









0.19896983111331296 









0.17060086765353055 









0.19041630044167418 









0.1833602119779329 









0.18618874883725622 









0.1786928097489099 









0.17081213293403197 









0.17010890529528758 









0.18344612168537872 









0.18063919407828166 









0.1853048081771601 









0.19473891029108603 









0.1728121523146502 









0.1664499428122178 









0.16818845040135474 









0.1671866201845929 









0.19006432922350563 









0.1758494280590251 









0.1788135725628234 









0.18635252659461157 









0.1773486748269183 









0.1755379757275632 









0.18047094666937927 









0.18529062445770617 









0.17697581182192818 









0.17394147945298422 









0.15490946914680206 









0.18462282519778667 









0.1691376540762534 









0.19417773219561835 









0.18848616174100946 









0.18100406117485385 









0.187641740367207 









0.18189585157283084 









0.17127720688139242 









0.1828415286285726 









0.16307036493355734 









0.16083629415429077 









0.15865998508943824 









0.14919815819967092 









0.1595659419328975 









0.1600921378115016 









0.163499228914172 









0.1683011869171153 









0.16813037566228867 









0.1619433124950594 









0.15050475344808065 









0.1557560229031344 









0.15756401289913774 









0.1660845790377521 









0.17696513836141087 









0.16955454405113707 









0.20217278257303162 









0.20178848486726036 









0.16734050094709466 









0.17243324366771257 









0.18283487558520595 









0.1618197057254896 









0.1858846291648509 









0.1817705676646409 









0.17617944816886663 









0.17386237292163134 









0.15550780988972074 









0.16073093528620297 









0.18891129833021408 









0.1778757391707909 









0.18764855763542537 









0.18200483217204322 









0.15850631749121125 









0.1601332119270718 









0.17089185488823766 









0.1649628082174842 









0.17527792202293008 









0.17434857390972527 









0.14774197616668705 









0.17275730982135162 









0.16621886332666408 









0.17718632801050085 









0.18010751150846604 









0.16844905567104354 









0.1712560263277107 









0.1726326851373146 









0.17759695240758475 









0.16534754582021832 









0.16047262409602986 









0.1691734927488177 









0.15493741392481425 









0.16490383919136398 









0.1799617843181388 









0.16850518343589355 









0.16868065575887717 









0.16800633838021567 









0.1743932875565623 









0.16689341535303423 









0.16329892178661792 









0.1704024501939904 









0.18010004213927439 









0.18065874118086173 









0.1693177647300495 









0.17657756305808442 









0.16971986545987097 









0.1656281961438087 









0.15856446476489444 









0.156325335123304 









0.17840373211180355 









0.18481594495904738 









0.15706244886837878 









0.1586493596472024 









0.17167285111416414 









0.17509303249384411 









0.17805657649620144 









0.15835196838358473 









0.15417089476131318 









0.17474805134015928 









0.14725817159602583 









0.14431056180251095 









0.14776726852890953 









0.15740499775413844 









0.17001243738200383 









0.16143585432156415 









0.1726940514943042 









0.20017785513765246 









0.19457234471127716 









0.19012040028818727 









0.20194476802429367 









0.24614023837789348 









0.19491857627477535 









0.18681091705983915 









0.208298000299724 









0.23416324554252493 









0.19569926599308762 









0.20390707375504186 









0.19544051357648207 









0.17814753444877557 









0.1682207898644143 









0.19472721417358418 









0.19059673509961994 









0.18639011867881045 









0.22604302686997968 









0.19672621371215576 









0.20017041377573155 









0.20669421506008598 









0.19873428724493541 









0.18781373571428894 









0.19912689460239702 









0.19281558422681083 









0.21260201957236624 









0.2229461154042386 









0.20171143036553912 









0.19529923299232232 









0.19700925976224054 









0.1984434533751671 









0.20491082665839255 









0.21775639931106378 









0.19658752231558158 









0.19077835554184538 









0.20456364087776574 









0.21699845561723763 









0.1983440961010881 









0.19883620078527017 









0.19211745761388244 









0.18567728026875754 









0.19797479790384503 









0.18379880082761016 









0.1680458044456546 









0.19045734857295327 









0.1838383931689977 









0.16569659312050106 









0.1788329121429199 









0.17431661762934603 









0.1743370693739897 









0.16348027542244598 









0.16767527482981825 









0.1873839086799549 









0.16264082653852324 









0.16826380100754668 









0.18017496457301024 









0.20603147643361958 









0.18181704909848007 









0.19001982883368834 









0.16150234152134582 









0.1472992477634188 









0.16425907395799327 









0.16137956281688298 









0.15616467194678657 









0.14243703767471344 









0.1488940416628388 









0.1460082374497113 









0.15273184987342264 









0.14339076509078758 









0.14551044723896828 









0.14928212628474324 









0.15576548813266594 









0.17285202918689238 









0.15046693719253504 









0.14453688267998044 









0.14541145348241408 









0.14750206833286605 









0.16272626863342543 









0.1997340685654692 









0.19010105012302728 









0.19148329688154925 









0.19829270824367884 









0.17818389795873868 









0.1691447795551772 









0.16019686885205495 









0.14591760890838207 









0.13196587168505197 









0.14533694328125302 









0.17107115200835032 









0.17263269740926 









0.16987316505104175 









0.18329724874151332 









0.17916350748780666 









0.17005857975196334 









0.176434434895056 









0.1810104998221599 









0.17558363628062978 









0.1638855316116697 









0.1703024507116107 









0.15938658823574575 









0.17380593364110702 









0.1778328727530083 









0.16131210588348965 









0.17189329297781702 









0.1791962710389153 









0.17439851103349094 









0.183846097617886 









0.17835729617508056 









0.17580851553401955 









0.1677517980996251 









0.1720787144672703 









0.16597433046622678 









0.16485894922560962 









0.17612760027343247 









0.17799083560089124 









