0.2 









0.0003347530174556052 









9.132826639231462e-05 









7.181850451962807e-05 









7.174218115970968e-05 









7.385660303793921e-05 









4.4944966573474466e-05 









5.45810563102302e-05 









7.071038343939306e-05 









6.407062120445531e-05 









5.441039233345045e-05 









6.66736899106798e-05 









7.18563542802026e-05 









6.450639744474722e-05 









6.308397410399443e-05 









6.983746012266144e-05 









5.708649748753447e-05 









6.309871053375804e-05 









5.826634061385293e-05 









5.4209312889613066e-05 









5.281300673700003e-05 









7.640089359300807e-05 









6.54661728355179e-05 









8.29342268532638e-05 









7.777532777388619e-05 









8.10802312459482e-05 









6.082021414158065e-05 









5.612745577626464e-05 









5.4767239260477864e-05 









4.07361195399977e-05 









4.564325674143069e-05 









5.557249448862034e-05 









6.106519231817954e-05 









6.753298395117805e-05 









4.6041612651482695e-05 









7.925974230168581e-05 









5.971609377674481e-05 









5.461281097776962e-05 









6.361292145912824e-05 









8.572093171235691e-05 









6.79396244619043e-05 









5.87801317621281e-05 









7.540750038611597e-05 









6.0220911391870586e-05 









8.908223948716041e-05 









6.753640605561249e-05 









6.255160401347047e-05 









7.49377262909911e-05 









8.057708654933745e-05 









6.707296323828731e-05 









5.441674497332413e-05 









6.749737710439034e-05 









6.769058922903958e-05 









9.206659673665476e-05 









7.52411776729753e-05 









6.492503074593553e-05 









5.9957071884575355e-05 









7.478393939360273e-05 









6.049698088355298e-05 









5.317068390524969e-05 









7.589680570732209e-05 









8.437993432297246e-05 









6.926710273782722e-05 









6.147410807647643e-05 









9.334316138739416e-05 









4.931222531229376e-05 









6.310132327408378e-05 









7.488872319959426e-05 









6.33409171098312e-05 









7.560682595361275e-05 









6.955644780234272e-05 









6.943511064566167e-05 









7.899176596437768e-05 









5.234167414034083e-05 









7.569015792421521e-05 









6.0516105655183985e-05 









5.7564960187876684e-05 









7.649759561961333e-05 









6.52011522721482e-05 









5.777234132196207e-05 









6.300254988711156e-05 









7.657041948961607e-05 









6.068701420768586e-05 









8.356959591830901e-05 









5.906856556903389e-05 









7.241790894136954e-05 









6.021898551876504e-05 









8.429706249774864e-05 









5.511057373592221e-05 









6.106255693265668e-05 









8.177379089128057e-05 









6.0083238739293004e-05 









6.641280283349818e-05 









4.605150259804154e-05 









6.0225029710574746e-05 









5.813587953096964e-05 









7.267376802224003e-05 









8.021441445895856e-05 









4.873484852016739e-05 









6.072776580758809e-05 









5.8373725242538514e-05 









4.4956038602959535e-05 









7.536620140289487e-05 









4.32022682174679e-05 









5.4051112455428895e-05 









6.005415225491871e-05 









5.6167883986148895e-05 









7.066265736655879e-05 









5.1677032008009565e-05 









8.549818598372873e-05 









6.35275548664956e-05 









7.966636475020879e-05 









4.925551794677875e-05 









6.434229444007619e-05 









7.776687640279943e-05 









7.867403701047055e-05 









6.0943039590927856e-05 









4.910664110438971e-05 









5.835375268077196e-05 









7.141221406805113e-05 









5.849235659324849e-05 









6.002759383301096e-05 









6.371387410038318e-05 









6.882999730022832e-05 









6.162266334388193e-05 









6.343837015775258e-05 









5.993429083801762e-05 









5.465918252249005e-05 









6.414506348087544e-05 









5.6484535635139267e-05 









6.78225271324781e-05 









6.141936402829009e-05 









6.823637728764929e-05 









7.126097735629257e-05 









7.45747874681405e-05 









7.720167820932679e-05 









5.446909289247028e-05 









5.893459420998007e-05 









6.668942199505865e-05 









5.714960608426747e-05 









5.310376955155652e-05 









5.581512084714145e-05 









6.175021299631618e-05 









6.215479715988337e-05 









7.520356983215166e-05 









6.9905275528422e-05 









6.364443073224364e-05 









8.681848362610437e-05 









7.941075247312228e-05 









5.81750019616705e-05 









5.1435415734855705e-05 









6.739766581495679e-05 









8.184163543176883e-05 









7.027867596114281e-05 









8.845548523471067e-05 









5.8380903559046594e-05 









6.028273849456933e-05 









5.505375988135059e-05 









6.628477150231102e-05 









6.270993368302183e-05 









5.6763486808759595e-05 









4.3331315550160094e-05 









6.73178313157037e-05 









6.600420249773031e-05 









6.567161473062968e-05 









6.672016919018176e-05 









8.283727926351966e-05 









6.246999089693601e-05 









6.213353715996401e-05 









6.755174118125563e-05 









5.0852817196209275e-05 









6.999535871377415e-05 









5.759915383224362e-05 









7.831826908746537e-05 









5.302138660950992e-05 









6.321178597127252e-05 









5.482889169378977e-05 









7.085398360166177e-05 









7.900161571676347e-05 









7.894586837099424e-05 









8.713474395480325e-05 









8.352109817997251e-05 









5.7179047039787256e-05 









4.5064032571643124e-05 









4.3639391856493265e-05 









6.014211848891324e-05 









7.903219514687599e-05 









5.3540652081918e-05 









5.736422315678866e-05 









6.434898105998766e-05 









6.395414816008856e-05 









6.251718314176789e-05 









6.592389605812582e-05 









5.186567579126736e-05 









5.4174662232157525e-05 









5.390097920893933e-05 









7.071716758961874e-05 









6.5788326232196e-05 









6.0978881699813134e-05 









5.6319852059450584e-05 









7.002917211493866e-05 









6.992453562932346e-05 









5.592006702546367e-05 









6.784181816505109e-05 









8.493964181564694e-05 









5.339280272143217e-05 









8.424979100498994e-05 









5.424971410712684e-05 









4.860391234105636e-05 









7.929804420628411e-05 









6.507195445881686e-05 









8.371120892924832e-05 









7.397797064558764e-05 









6.108332932034539e-05 









7.358623134367078e-05 









6.096594905531235e-05 









8.105593215754283e-05 









9.432952740202286e-05 









5.54736748768059e-05 









8.685613934579884e-05 









7.111180568306169e-05 









7.123659308387031e-05 









7.703228333325366e-05 









7.546339981043124e-05 









8.73978290028957e-05 









7.322038489910423e-05 









8.402216760777933e-05 









7.841852819822205e-05 









6.57153616491457e-05 









7.640608309483806e-05 









4.986586685782249e-05 









6.476384465860195e-05 









6.055659450275092e-05 









6.216299660399592e-05 









6.372273703437781e-05 









5.8227695524491635e-05 









6.920933518393189e-05 









7.365156009889577e-05 









6.715569809616801e-05 









7.449270200725962e-05 









7.265096621590059e-05 









6.148711100184152e-05 









4.903043073336274e-05 









8.353901615815439e-05 









5.9525460753058614e-05 









7.013804843799931e-05 









5.651526243103702e-05 









7.550374162553609e-05 









8.233252221520046e-05 









5.652672581202866e-05 









4.714569808005941e-05 









6.682153737609797e-05 









5.2517049664802746e-05 









8.05566685589209e-05 









5.6119956914078e-05 









6.810043185339295e-05 









4.712372524741265e-05 









4.782936413748601e-05 









5.342398828366837e-05 









6.865584847592041e-05 









4.550242298909886e-05 









4.806210844975088e-05 









6.522749250304725e-05 









6.739147236761234e-05 









6.260147400597657e-05 









6.149012791969911e-05 









4.834460343823833e-05 









8.17076894211465e-05 









7.947035067487572e-05 









5.989719393141078e-05 









4.1621862722844004e-05 









7.758877335700756e-05 









6.8395160877595e-05 









4.5752869883637695e-05 









5.9014639718525577e-05 









5.990633462997252e-05 









7.359768386186634e-05 









4.843881642437743e-05 









6.426598343234823e-05 









6.308542042705176e-05 









7.160471645792816e-05 









8.051747835754395e-05 









6.804958017238181e-05 









7.421329269357037e-05 









6.966518654552862e-05 









6.769551623193103e-05 









7.531995689922106e-05 









6.287202252427675e-05 









7.685215367706133e-05 









7.540677634552208e-05 









5.556932371359115e-05 









5.819005795486566e-05 









8.010935946752511e-05 









5.851810634321128e-05 









7.332679608167407e-05 









7.105710851288446e-05 









7.603811924463018e-05 









6.068655301701843e-05 









5.6484087090611696e-05 









6.796879598009776e-05 









6.53699376920985e-05 









5.4302469059129573e-05 









6.819093828102552e-05 









5.77614242060544e-05 









7.372413298479554e-05 









5.2659539866983175e-05 









5.4871193039421034e-05 









6.087408948596642e-05 









4.723472276016595e-05 









8.637859195361825e-05 









7.203120409512051e-05 









7.619217395430462e-05 









5.716843798306109e-05 









7.810143166447549e-05 









6.127934245561883e-05 









5.6868216260241985e-05 









8.823314433738347e-05 









6.744588542020229e-05 









6.356951493208088e-05 









8.082356823996685e-05 









5.6467419826202475e-05 









6.249832996669993e-05 









7.248308277602483e-05 









8.455529075966273e-05 









7.831488340477927e-05 









4.8286418971819564e-05 









6.0474409655102765e-05 









5.3169085455178475e-05 









5.485050384156567e-05 









6.991987992585236e-05 









0.00013995122390808183 









0.0003776379882755649 









0.0006534434106343523 









0.0006347649258141146 









0.0009609985622602711 









0.0008294291871028624 









0.0010649538574282517 









0.0007649104311601381 









0.000635798343198413 









0.0011215652084700899 









0.001228094441794508 









0.0006197444016340263 









0.0007913956362567795 









0.0009328464270610381 









0.0009182853571363847 









0.0010424757161842627 









0.0008277782663539835 









0.0008992953798114753 









0.0011992567770608426 









0.0010774445148664868 









0.0011087909490054791 









0.0008697876857464443 









0.0006962077072587055 









0.0011059896279688034 









0.0009432342681968461 









0.0006608126225711656 









0.0005519267027151428 









0.0003458546168844393 









0.00018986167069346929 









0.00011696062177877714 









0.00013607924758791414 









0.00013300511725089967 









0.00010482850312141856 









0.00010725757760031029 









0.00011012678275453973 









0.00011185677584168785 









8.155779769190291e-05 









9.082353268077963e-05 









7.888086856792256e-05 









9.669311969512124e-05 









9.59380844509334e-05 









8.575062124891072e-05 









9.02405645145282e-05 









7.231978117315112e-05 









9.846247810515487e-05 









9.744714334455016e-05 









0.00011034647107620649 









8.18603219857395e-05 









0.0001110617470729593 









9.105567370260472e-05 









7.017021195035149e-05 









7.142446462263277e-05 









9.546067787710304e-05 









7.445685844834125e-05 









7.633964501943438e-05 









7.946388911368241e-05 









0.0001129328659389252 









9.453582276872098e-05 









0.00011242755251570532 









0.00010041747218005653 









7.626196005125436e-05 









7.37644813539269e-05 









0.00012058047425720793 









0.00010012744367421058 









0.0001176955291794323 









8.32026759430696e-05 









7.799679926465295e-05 









6.769410046833231e-05 









0.00010545152788705495 









7.744242954354886e-05 









0.00011549613195283728 









7.332058738348054e-05 









8.576125057080248e-05 









0.00016505302607379036 









0.00044554302473222485 









0.0006528586855225172 









0.0007110828715964895 









0.0008680295269074662 









0.0009689855952702995 









0.000941556520387374 









0.0007090318959805371 









0.0008884887093110682 









0.0008898546250867519 









0.0008358146239608568 









0.0011730869870074973 









0.0008402852062373581 









0.000756102271115126 









0.000822854884764881 









0.0008830548058197244 









0.0010664245556999837 









0.0007625272528524404 









0.000997568555753172 









0.0012212274219045895 









0.0008536556735879733 









0.0009074825033794491 









0.0009265691645689409 









0.0011997119804088834 









0.0008721357358061671 









0.0009352931364748991 









0.001080583822080032 









0.0007366724571376875 









0.0006897316819310263 









0.000453453807014338 









0.00017983448579255592 









9.510868463105383e-05 









0.00011064452010332165 









9.442007702657172e-05 









0.00010396331210808433 









8.529767472237047e-05 









7.260912428566602e-05 









8.564651366147751e-05 









5.892334805901725e-05 









8.398343187170844e-05 









9.144698773985717e-05 









6.279487324542059e-05 









5.0578397415821174e-05 









5.9069225782293584e-05 









7.395707679612782e-05 









5.434070792034543e-05 









8.258842379704612e-05 









