0.2 









0.00028127068215035483 









8.060146875006036e-05 









6.551655366910584e-05 









9.920949791738409e-05 









6.805000326207163e-05 









5.6824705558589435e-05 









7.701782160121271e-05 









7.41800926078704e-05 









7.69608151962276e-05 









7.340924481803478e-05 









7.982929731455619e-05 









6.992614679709149e-05 









0.00010964041194879418 









9.134656194296336e-05 









7.827938912424652e-05 









5.983521983684976e-05 









6.351672651796594e-05 









7.566827500624043e-05 









9.953586479580551e-05 









6.370645398564198e-05 









7.66639497615661e-05 









7.788990564420745e-05 









8.545555116331417e-05 









8.684990452998516e-05 









7.300791715534597e-05 









0.00011123060156405091 









8.25999786800002e-05 









9.184276287239093e-05 









7.829178256893245e-05 









6.746544547400329e-05 









9.427155048251525e-05 









6.751208146311856e-05 









0.00010630058066897011 









0.00011874520736708294 









6.718361990698272e-05 









9.095670939943741e-05 









0.00011587988420775882 









7.486764939126168e-05 









6.0994642902780944e-05 









9.24945425330522e-05 









8.332596161624438e-05 









8.005335438214501e-05 









8.117534131868296e-05 









7.093506800043558e-05 









7.553879974372575e-05 









9.908872052210663e-05 









6.821947781795865e-05 









8.706932913685796e-05 









7.216386046003179e-05 









8.618369039146138e-05 









7.190188028036247e-05 









7.542504592905557e-05 









9.425567826597565e-05 









8.33637619573547e-05 









8.918587682581807e-05 









6.404794666346644e-05 









7.99994375786689e-05 









7.678740015256742e-05 









6.58949208519554e-05 









7.605241150854575e-05 









9.957438508074453e-05 









9.598027525513253e-05 









8.867214182742657e-05 









7.994031850211021e-05 









8.408100744169991e-05 









7.606432243923576e-05 









0.00010289713222936269 









7.211194325242029e-05 









9.341740958769261e-05 









7.60048703866993e-05 









7.613248688615991e-05 









7.418695216048178e-05 









7.964110046061151e-05 









7.362227114610488e-05 









6.641581284577072e-05 









7.187414410881795e-05 









8.91284235834275e-05 









7.088774792118535e-05 









7.606559179988633e-05 









9.161258155739838e-05 









8.603046787676911e-05 









8.087804266531976e-05 









9.50031125050419e-05 









0.00010090139387762643 









6.961982163888764e-05 









5.5522549296806365e-05 









5.932888744770904e-05 









0.00011280436580587172 









8.097259816643556e-05 









8.061546401592719e-05 









9.083295715881431e-05 









9.35177626493267e-05 









9.689098354825757e-05 









0.00010453788804209817 









0.00010028333317060076 









9.257435902577612e-05 









0.00012132874879159511 









9.117187946277075e-05 









9.9164300015379e-05 









8.128572491928029e-05 









0.0001508703845616335 









0.00012755522409790438 









0.0001090620231293124 









0.00011060943057445503 









8.442517950540723e-05 









0.0001305265172756526 









0.00010928870374983394 









0.00012483328126268616 









8.980942048654172e-05 









9.455490693399579e-05 









7.291080140369675e-05 









7.005619902225249e-05 









0.00011496182083026881 









8.235587737082299e-05 









6.658703349230148e-05 









0.00011005547957670413 









8.941789630861029e-05 









6.205022029626324e-05 









6.217495347724498e-05 









8.601731342733324e-05 









6.924648574714563e-05 









7.280692985215561e-05 









7.486804043678406e-05 









8.575678779131464e-05 









6.679231154974743e-05 









8.124409305410564e-05 









8.261300551353515e-05 









9.362309823970051e-05 









9.807929297578143e-05 









7.828788237491336e-05 









6.697489715041995e-05 









8.274086511048397e-05 









7.706815475158599e-05 









5.545560928749728e-05 









8.06317320063169e-05 









0.00010322418190531769 









9.979425069208797e-05 









7.606205985294606e-05 









8.211068534685624e-05 









8.361177962895735e-05 









7.795859047216856e-05 









4.9528942459083205e-05 









6.352251616947437e-05 









9.020519769164237e-05 









5.9940505250159865e-05 









9.754761914116152e-05 









7.12455579941591e-05 









7.204582885548116e-05 









7.518707330853304e-05 









7.811781508041344e-05 









0.00010457381060926385 









6.818645775140738e-05 









6.661250750945382e-05 









6.432332821339543e-05 









8.122684075886487e-05 









7.722750065807222e-05 









6.135486885753389e-05 









8.923433166209474e-05 









0.00011015460918499005 









8.25842890366268e-05 









7.885355629076916e-05 









8.482069511523553e-05 









0.00010092070473626162 









0.00010126188158457097 









8.38703085114093e-05 









7.168118924088515e-05 









9.8940473649634e-05 









9.232673966993774e-05 









0.0001401551987237371 









9.018302854911514e-05 









9.503658444351664e-05 









8.118269571222612e-05 









0.00011363212093792554 









0.00010097947260987534 









0.00010743162290930815 









0.00012344652726204577 









0.00010159191675472144 









0.00011203877330101305 









0.0001187497790540962 









0.0001252968803172187 









0.00011935620609230663 









9.50229138458418e-05 









0.00011883481281497023 









0.00012200943649734585 









7.124015559314606e-05 









8.296992956426551e-05 









8.900977327221547e-05 









9.018399517905779e-05 









7.933517424672161e-05 









8.797850682889784e-05 









8.040896580272406e-05 









5.728631422507894e-05 









7.434832394386903e-05 









8.270281149907415e-05 









9.876595468272619e-05 









8.097033491628856e-05 









8.615368662159026e-05 









6.696575676424047e-05 









9.658287395841751e-05 









8.781676558090468e-05 









7.371283069824901e-05 









7.035344317773952e-05 









7.417670880222301e-05 









6.457766618232097e-05 









0.00011267676121799359 









8.750162194104896e-05 









9.17301044416106e-05 









7.961806531040468e-05 









9.263345580527528e-05 









7.332884741112304e-05 









0.00010237942809157046 









8.06694288923091e-05 









8.320679211714944e-05 









9.441131511147858e-05 









8.078177465502242e-05 









6.787247276158829e-05 









6.215504622141292e-05 









8.962474024149037e-05 









7.4664350179981e-05 









8.656202009963741e-05 









5.840761713082637e-05 









7.653301078010079e-05 









8.820576264018814e-05 









0.00010357753588286802 









6.756549576177612e-05 









7.238090279156313e-05 









7.067060145097218e-05 









9.457655853145996e-05 









8.64897323374852e-05 









7.096829447361261e-05 









6.939297693125393e-05 









8.166684869719308e-05 









9.907548763584778e-05 









6.993583824622249e-05 









9.362987593771079e-05 









0.00010765070931550416 









8.685200883410009e-05 









7.908890567174599e-05 









9.720126640699495e-05 









8.032247914259525e-05 









6.79025674014113e-05 









0.00013053551921971034 









9.530066470362309e-05 









0.00012244265820361247 









9.354116053126514e-05 









0.00010631863524093637 









0.00010762673414054873 









0.00010274378132482708 









0.00010098840331866501 









0.00012892496128898777 









0.00012542337834596209 









0.0001262007958518585 









0.00012918780211211564 









6.821710523651694e-05 









0.00013552498664842378 









0.0001150181386867602 









0.00014058216277480645 









9.356675451020175e-05 









6.481012236025593e-05 









6.787251369000823e-05 









0.00010063733994240656 









7.724050560058366e-05 









5.644461509041006e-05 









0.00010212697316495807 









0.00012121107394550388 









8.166623397888899e-05 









6.99850802962232e-05 









6.944679055922111e-05 









7.711436083294407e-05 









7.067852016890489e-05 









6.616738277475921e-05 









7.721298332944807e-05 









7.803374172731743e-05 









8.428057515125918e-05 









9.46158979189302e-05 









0.00010244281614303093 









0.00011064666733521131 









7.90047824159669e-05 









9.537566144659848e-05 









7.479689163060655e-05 









7.708293341273376e-05 









6.532935396838779e-05 









7.405021914060304e-05 









6.739738488992244e-05 









6.465246507639304e-05 









8.549769238926007e-05 









8.66365799433078e-05 









8.729560116317337e-05 









7.387966704150946e-05 









8.321331904939105e-05 









6.399227672192572e-05 









7.005159259627931e-05 









5.5404162237808406e-05 









5.9608492690353944e-05 









9.636470438954104e-05 









6.113931187763525e-05 









9.125931983989677e-05 









9.759715562250882e-05 









8.689351353668422e-05 









6.969653393233926e-05 









7.178144003457075e-05 









7.58442856539011e-05 









9.897681978908158e-05 









7.243604211007717e-05 









8.303190659769522e-05 









5.911512815723608e-05 









8.18080210033671e-05 









7.25324721148689e-05 









8.638433779362904e-05 









7.596561224267925e-05 









6.779922479689275e-05 









6.154834213196255e-05 









7.527316006950555e-05 









9.778963289033306e-05 









0.00012228920877044972 









7.735984760390433e-05 









6.130277163882226e-05 









6.916533218826341e-05 









7.234933938485935e-05 









0.00011001336597482497 









0.00012002723131614707 









8.286301831030367e-05 









0.00010650484890033307 









9.55479653801892e-05 









8.678405522972666e-05 









0.00011467905691053888 









0.00011970172738917618 









0.00012695557748515103 









0.00012732653293886663 









9.405594887398875e-05 









9.520235936553832e-05 









0.00011563626355039948 









0.00011280656921943793 









0.000128113543609713 









9.903003259420875e-05 









0.00013058419458595406 









7.332025817220257e-05 









0.00010393024748687034 









9.24425982912798e-05 









8.92153798440155e-05 









7.959098322624608e-05 









6.948088275808673e-05 









8.574948717549589e-05 









9.533893081654769e-05 









8.613607690458522e-05 









9.10040631391213e-05 









8.686206091818258e-05 









9.690250449462772e-05 









9.26396909395895e-05 









7.543524512730439e-05 









7.23327090663021e-05 









6.778420123526929e-05 









7.158879875164944e-05 









6.860506349449986e-05 









9.270651598913785e-05 









7.320324294346185e-05 









9.480965013048973e-05 









9.284885876820282e-05 









9.977393195657546e-05 









0.00010636661342874456 









7.357607575939633e-05 









6.788793843829377e-05 









7.132281392339379e-05 









8.291344352520387e-05 









8.359939028526893e-05 









7.57262558871135e-05 









8.096449439747578e-05 









8.49255515839179e-05 









8.072993464351618e-05 









0.00010115705386249253 









8.693129687499401e-05 









7.215712989347835e-05 









9.995980624985146e-05 









8.97939855754054e-05 









8.001515372768123e-05 









6.987630685724368e-05 









6.62904210583766e-05 









7.663067594085773e-05 









8.29112668170777e-05 









8.534079047073853e-05 









8.47162356780742e-05 









8.737264322915058e-05 









8.204248890802615e-05 









8.727248075848299e-05 









7.799136741052611e-05 









9.35754739625888e-05 









0.00010479317978565437 









9.316671419687826e-05 









7.98160646231776e-05 









7.776974552069126e-05 









8.707390081356283e-05 









8.616748802208824e-05 









7.39048133085113e-05 









6.792976530788284e-05 









6.806969494562768e-05 









7.410371480189007e-05 









9.7451649458813e-05 









7.52853268425982e-05 









7.530394012890148e-05 









8.505478744865475e-05 









9.703674316282723e-05 









8.38835637598945e-05 









9.679860695359217e-05 









8.124685873359401e-05 









5.8457665277086404e-05 









0.0001256846030900886 









0.00011606021364214083 









9.133539808890069e-05 









0.00012552995827459665 









0.00014531280420112305 









0.00015097100630401361 









0.00012146443906904019 









9.223467653525716e-05 









0.00012434423791773678 









0.00010377972909479697 









0.00016491887956732808 









0.00010398039595179077 









0.00011271049377292299 









7.445410818361073e-05 









9.325567830737702e-05 









5.573574136501329e-05 









7.529641087644722e-05 









7.63359342978723e-05 









7.765221288772751e-05 









7.20520086417463e-05 









6.195579783438521e-05 









8.548567413527039e-05 









7.008076930215631e-05 









7.917540459888769e-05 









6.734508788876315e-05 









5.720462802802982e-05 









9.249324175968651e-05 









5.998269878708899e-05 









5.745321909593826e-05 









8.541936974992812e-05 









6.780947422592018e-05 









9.23561334766802e-05 









9.6743859915002e-05 









6.989414007474383e-05 









9.185255598848609e-05 









8.212039529994102e-05 









7.630485587143145e-05 









0.00011062647121572473 









9.115994926492957e-05 









5.921391958542348e-05 









0.00010299018075024209 









8.23102484088344e-05 









7.989079102116884e-05 









9.790765993870643e-05 









7.997276779101788e-05 









7.465308438328494e-05 









8.647929008589741e-05 









5.947118846397586e-05 









6.288875107447433e-05 









9.222094744754043e-05 









7.681841464780552e-05 









0.00010479233411425046 









6.0031582584522245e-05 









7.13616328153832e-05 









0.00010761080081413184 









8.758595100298998e-05 









7.139437160250888e-05 









8.679511265153672e-05 









7.038542480795694e-05 









7.942102472301877e-05 









6.939219195270598e-05 









6.286728011822056e-05 









6.517833199393705e-05 









7.942721277660251e-05 









8.481507551609627e-05 









7.918451009729827e-05 









7.426549826976819e-05 









7.022177974135825e-05 









7.098658154184993e-05 









6.49608414502784e-05 









5.6959651962279554e-05 









9.899721035520266e-05 









7.328139481796653e-05 









7.040706338351116e-05 









7.143498440872892e-05 









6.685966409220353e-05 









8.384931793714935e-05 









9.44056296323257e-05 









5.294358973255489e-05 









7.468930819152993e-05 









7.69760184786832e-05 









9.333539358295982e-05 









8.342373176866523e-05 









0.00011614904594108198 









8.652650256196312e-05 









7.195985829391002e-05 









8.420675744315789e-05 









0.00012597383550584494 









0.00011112417377081809 









8.02214605727097e-05 









9.094708446534308e-05 









7.257808435976056e-05 









0.00011455071324011178 









7.989094762896057e-05 









9.141156488684312e-05 









9.26345988819012e-05 









8.513757516853289e-05 









6.101831982910195e-05 









6.77869693963922e-05 









7.246520192565186e-05 









6.383750187596377e-05 









6.45208879411538e-05 









8.95273092374047e-05 









7.719846555016941e-05 









8.063430842660483e-05 









7.120884657463715e-05 









0.00011775059423982423 









9.048215647419301e-05 









9.17747319676141e-05 









8.735687141090664e-05 









6.781131084943027e-05 









8.732534174918774e-05 









9.23053373801901e-05 









8.15131214225449e-05 









6.37244646354999e-05 









8.861983728558829e-05 









7.562990733691508e-05 









9.284892849481207e-05 









9.602303271903593e-05 









6.525268228465696e-05 









9.808371196514488e-05 









9.568417948158656e-05 









6.935412417895259e-05 









8.663129367305224e-05 









0.00010156387028770536 









7.41530288043397e-05 









0.00010247476299382326 









5.657140550458406e-05 









8.678887769645728e-05 









6.290577565058432e-05 









9.571307989893131e-05 









8.476099895628489e-05 









6.469794115688536e-05 









5.252166361381515e-05 









7.128256140178637e-05 









9.79248704149577e-05 









6.637311834480588e-05 









9.079605585030085e-05 









0.00011640499406619673 









6.800081019185233e-05 









6.332563766496625e-05 









6.540819580896086e-05 









8.98017004645841e-05 









0.00010787462538906321 









6.478301529731476e-05 









8.479470512875496e-05 









6.863111361977282e-05 









6.673658504741659e-05 









6.3683350280249e-05 









6.626100822951816e-05 









6.813960033348958e-05 









0.00010168145023728341 









6.68815159447944e-05 









6.145567829822098e-05 









5.764529615753226e-05 









5.491239025739877e-05 









7.001972263879067e-05 









7.736487087819672e-05 









0.00010401293909275216 









7.370347903626258e-05 









9.869846329425278e-05 









6.991755149075286e-05 









8.710026005188376e-05 









6.866938705615041e-05 









7.990192357645303e-05 









7.677366619341798e-05 









7.742932789411118e-05 









8.922323524297848e-05 









7.051039883753051e-05 









8.081900742110881e-05 









6.35741465574013e-05 









9.536086835806777e-05 









0.00010692349696605843 









9.182259667580642e-05 









9.471258288562805e-05 









8.36907380176569e-05 









6.223447398807474e-05 









6.861356222308885e-05 









8.842857679670492e-05 









8.758599069196664e-05 









7.738480818469235e-05 









7.846283142039631e-05 









7.833568244034485e-05 









6.069892985179661e-05 









8.44121191484693e-05 









9.919127686866197e-05 









7.194218627855944e-05 









9.500130923160017e-05 









8.46611887463124e-05 









7.030524951894371e-05 









7.564760925057821e-05 









7.118533913742636e-05 









0.0001047059198598269 









8.99467888594697e-05 









6.169643628828102e-05 









8.15097097273728e-05 









8.412100981371724e-05 









6.997983117788551e-05 









8.798323621581611e-05 









8.23834076883327e-05 









9.10639214650846e-05 









6.588279456947222e-05 









9.984387080807632e-05 









9.801330835307866e-05 









6.799169468175517e-05 









8.163706780515575e-05 









8.122741025788597e-05 









8.343902907487498e-05 









8.48876572447241e-05 









8.574310636444798e-05 









6.436025704998862e-05 









7.056331873047728e-05 









6.365339969137045e-05 









6.709814477956838e-05 









9.462919980181996e-05 









6.803976226953992e-05 









8.481490146400509e-05 









7.837951025847145e-05 









6.82513155898387e-05 









6.976436458973284e-05 









8.890724847677788e-05 









6.976434060681968e-05 









7.761590039623414e-05 









5.723948910108613e-05 









0.00010313407055498215 









0.00010743416041926828 









9.101931537325032e-05 









5.542486328778958e-05 









7.631214754108128e-05 









0.00010582981139118774 









9.113457497318705e-05 









0.0001013682580623275 









6.839506811192246e-05 









8.214085983431486e-05 









9.138938866377566e-05 









0.00010857606742556028 









7.860746360358396e-05 









0.00010727116160139809 









8.176378485770024e-05 









7.57313304269084e-05 









7.245861348642586e-05 









8.854680672224383e-05 









7.824768307387497e-05 









9.128851573200148e-05 









5.94411642055837e-05 









8.806277669237469e-05 









9.200927295506424e-05 









7.969384407897261e-05 









8.428971163687224e-05 









8.137651339174765e-05 









7.137482679055949e-05 









9.192435225280411e-05 









0.0001011921749264402 









7.070210422314264e-05 









8.385993642607555e-05 









7.110794196034391e-05 









7.58956217203778e-05 









0.00010410225481048447 









6.615206392325567e-05 









8.897942587908641e-05 









7.491704654631856e-05 









9.156558786546079e-05 









9.863137776057239e-05 









9.430841193528892e-05 









8.877787303042156e-05 









0.00010212245363956468 









7.618523435400092e-05 









7.609288613985553e-05 









7.710526911892508e-05 









8.307415516237908e-05 









8.753236250785525e-05 









5.877655163609564e-05 









8.842172623305445e-05 









6.753352572204017e-05 









7.278691463921136e-05 









6.496009624634671e-05 









7.610595175718266e-05 









6.817597932414653e-05 









7.842735543532062e-05 









8.827658950562913e-05 









7.059032445200656e-05 









6.507447449958537e-05 









5.111591417364957e-05 









6.396557514830664e-05 









9.776452858375098e-05 









0.00011154228599587318 









7.307813059956181e-05 









7.057166284702858e-05 









6.43771820681674e-05 









7.402211337967363e-05 









8.514057427640407e-05 









8.815007420080541e-05 









6.541296557091201e-05 









6.873484465727736e-05 









9.84695273195135e-05 









8.322768120165855e-05 









6.376339542043913e-05 









7.447627682577051e-05 









8.257084917471731e-05 









8.409989274802193e-05 









8.503002545199292e-05 









8.759853197990789e-05 









5.412323852709447e-05 









5.30391313213685e-05 









6.60639278517936e-05 









7.195916325197034e-05 









8.85953410779816e-05 









0.00010753463209765521 









6.571878298335272e-05 









0.00010983761942751015 









0.00010953462058734521 









7.269456154068113e-05 









8.238788499026275e-05 









8.993931363972702e-05 









7.436260755465809e-05 









6.947027801150395e-05 









9.05849900001049e-05 









6.355807108486276e-05 









6.252728113845288e-05 









9.105951977238385e-05 









7.112336421802976e-05 









7.658761869525711e-05 









6.39189508428064e-05 









6.390749087059418e-05 









8.868824889370464e-05 









0.00010048146079961665 









8.59723288419442e-05 









6.679470452490834e-05 









9.58630561547987e-05 









5.549803336705474e-05 









8.270391024475552e-05 









7.345723885800363e-05 









6.008871671646441e-05 









6.48237212293524e-05 









6.121562174375039e-05 









0.0001050637535789779 









5.871204898063211e-05 









9.706359981822592e-05 









7.695115492507509e-05 









8.197893841375452e-05 









7.574849323220936e-05 









6.441312725053442e-05 









7.511054417795563e-05 









6.438490208359895e-05 









