0.03 









0.1984990665310159 









0.2440877901962611 









0.1978056975471014 









0.26813324864266563 









0.24858064854645162 









0.2573075001607245 









0.24790387838841516 









0.25173748250048267 









0.26026005393593693 









0.24155617365990376 









0.270185056656798 









0.25767028637145006 









0.2739403530346841 









0.26666373481202327 









0.28027471979602697 









0.25429710549602114 









0.2686521772595062 









0.27191828118607775 









0.2740259831960506 









0.2785713463287763 









0.2613227111050041 









0.2583032589441918 









0.2957084045411853 









0.328556602003272 









0.3463125555689684 









0.3312482742014849 









0.3359884103061022 









0.3261650953024216 









0.30552226181227865 









0.29057668601367326 









0.33420876517324505 









0.354231360040282 









0.3300109600505003 









0.37061284189177846 









0.3847204961718369 









0.3294534133132278 









0.2978000893116912 









0.2769575008229937 









0.28714107596757676 









0.2727460295747149 









0.28143756117572943 









0.26446763558875463 









0.2623851780624798 









0.2718122541320073 









0.2764893174363117 









0.28405332383903414 









0.2558717177311566 









0.2730217281132973 









0.25691754042796805 









0.26325772571643635 









0.2824845429714785 









0.27466198162018585 









0.2792093249663357 









0.2608750643202081 









0.26558374706418175 









0.2760054890407231 









0.28616804144059976 









0.28099669871903643 









0.2634028772157244 









0.26752226349270986 









0.27081959539455497 









0.2677790025104337 









0.25765401809661836 









0.26620129485425253 









0.281034574583214 









0.28093692570715306 









0.29686521319018294 









0.2722422208971787 









0.26020281278750196 









0.28103495205354295 









0.2822160393930067 









0.2655120745400028 









0.2691718621720625 









0.27941137246154274 









0.27896608015340946 









0.26557097248881845 









0.26533192258027727 









0.26287051584357785 









0.28191559447263137 









0.27055055191763144 









0.28977479058537303 









0.2863247812780512 









0.2745298997671537 









0.2969443832882721 









0.29685274555639346 









0.2890758185620235 









0.276177939687963 









0.27652616304815864 









0.2961849815438551 









0.29185584964085043 









0.2773962216602464 









0.28559466813004686 









0.2868511200548638 









0.2841502791662256 









0.2804618974452994 









0.30695606495662636 









0.38828609625448884 









0.39395008669214665 









0.4074375982394008 









0.4328888203155839 









0.514451717572869 









0.49915387488303575 









0.46197365099977405 









0.40342473978681387 









0.37317900670350423 









0.4060985589377011 









0.4141472985173162 









0.36648518085733595 









0.3271500308380723 









0.32094422502267606 









0.21589523113896275 









0.25100571050166287 









0.26995256319437927 









0.256439897602212 









0.25154132645167404 









0.27113889080378084 









0.25564183210797753 









0.25238537241665737 









0.2495439500702333 









0.25711997702464123 









0.2527893153852087 









0.26819680006403 









0.27655864486846676 









0.2776172625221427 









0.25541116101498773 









0.26348745649384714 









0.2462532820310908 









0.2525841515261006 









0.2668792495342669 









0.2496485617048638 









0.2413138088734064 









0.2648350539139352 









0.2494584781583258 









0.252157610433532 









0.2551813505221531 









0.25453194745801966 









0.2626182457001828 









0.24761896374958325 









0.26669730550652027 









0.25412502230254 









0.2555731213145503 









0.24917094681402754 









0.2624279834252331 









0.24377259549855795 









0.2511728044029717 









0.2641956150537645 









0.2591795786972774 









0.25809177316221965 









0.23863827382240854 









0.24342406105611974 









0.2541174403237168 









0.26011343598281267 









0.24708461701247475 









0.24641070504033957 









0.2539451649605491 









0.26252652583105573 









0.2575142789942288 









0.25178829923230817 









0.26046204881759666 









0.2540852632124763 









0.25480140949027874 









0.28487875207608854 









0.29979603567888546 









0.28826796943705285 









0.3018304687526539 









0.3292145788390621 









0.3273086679526174 









0.3493461179070866 









0.37344086297433227 









0.3754141221221787 









0.3310552265607253 









0.32838116801437867 









0.31411241102575194 









0.343144961157424 









0.37956745574522266 









0.40856252546229505 









0.3941279017951643 









0.3864130076094358 









0.34629422185346653 









0.4027120353805112 









0.3862667419870184 









0.32516835340714983 









0.3507043129063707 









0.41611249251870525 









0.41750692755650476 









0.33484262985171853 









0.3162893605617608 









0.29323067350287924 









0.28470652857963624 









0.2772514457200616 









0.2564845028962861 









0.2610529370796173 









0.2712170476720786 









0.26084080835310197 









0.2810447092204302 









0.28073730991771195 









0.2738445677144377 









0.27383464354028797 









0.27750521655799226 









0.2644822935086569 









0.26508295066902876 









0.27070916916547383 









0.2613900422680697 









0.2626367432654813 









0.2582174255342007 









0.28478895168688545 









0.2726691404282051 









0.2814341858326318 









0.2525111635801799 









0.2609467809778887 









0.27741378848820847 









0.2690132369947888 









0.2745756216162654 









0.2712334575477732 









0.26386405057675816 









0.26522016241444896 









0.25999859480702275 









0.264091169741687 









0.2637844093127558 









0.2617236630320247 









0.27624970311619024 









0.28561959037793566 









0.2737127637378807 









0.256022381306286 









0.2590773627072375 









0.2634400858507341 









0.2510515788069797 









0.26799632210180013 









0.2667455208824751 









0.2759512548344774 









0.26833179773390137 









0.2654166420952634 









0.27851701511410304 









0.2707440395880815 









0.28290360762482303 









0.2733749678065099 









0.319529061912764 









0.3433557544370643 









0.3630199317855278 









0.3549670164755741 









0.33880598332169853 









0.37793398595801014 









0.3594487500441174 









0.3400043522011506 









0.34850574310965016 









0.3521922567536416 









0.3953766808565166 









0.3579290908534639 









0.41233373427335374 









0.47584061033523967 









0.5037763020569618 









0.5207533514264845 









0.4111665659682971 









0.36937447030968856 









0.366306646125614 









0.434733573141018 









0.42124680296906064 









0.3707559935288145 









0.33653705270415335 









0.30354876864737185 









0.2055555997226826 









0.25001667289359314 









0.24233290185564313 









0.28077066140897006 









0.2785812783674969 









0.24852731958644053 









0.2660568352508563 









0.2477281928729092 









0.24856811370054566 









0.2531553781564906 









0.25216429825944986 









0.24995096831135954 









0.25338179869577626 









0.25722280626214805 









0.2479771039885456 









0.26023551224657676 









0.2739187339421042 









0.2584060724811239 









0.24732623672937068 









0.2565554808915798 









0.25296469485046075 









0.26260994522201514 









0.2720306476545208 









0.2584394876653615 









0.2591266456930701 









0.23411643484431802 









0.2545496283569341 









0.24562617736376538 









0.27172340169311227 









0.2566444473538638 









0.25436907593935715 









0.2402676879526101 









0.24564911052253804 









0.26135468203534074 









0.26772980060366763 









0.2645029705344087 









0.2750159808907682 









0.275200034461696 









0.2618239415075243 









0.2633649411595203 









0.2484920355562302 









0.2587815258022875 









0.25715935540421225 









0.26469433048942753 









0.26456154679205157 









0.2584239584925395 









0.25851172593966254 









0.2582042854550374 









0.2536516942641097 









0.25276697233375 









0.262403538317929 









0.2660860972742422 









0.2622734791499477 









0.2664430978713473 









0.2920889572848918 









0.31061696859469007 









0.2872765229579875 









0.29929159266915223 









0.295418291209962 









0.35097026484465266 









0.3562282394990433 









0.3321302084232608 









0.3321010575196209 









0.3248494750616241 









0.3248452860014033 









0.37122868539651227 









0.39762029831614576 









0.4282506734890605 









0.4399486911840362 









0.4635225764767598 









0.43197796011497946 









0.45009333510582583 









0.4413274876253559 









0.46229668359799814 









0.48291008133997676 









0.42623224841661994 









0.3743900437306925 









0.40487725622864784 









0.35549849056548694 









0.37118551939302125 









0.36801033665638905 









0.342628457645976 









0.3320248546050624 









0.35018248536245655 









0.36001694484997177 









0.3341176160996718 









0.26337962142513627 









0.2805292527935996 









0.2616095529214793 









0.26751041026762346 









0.25696404496612796 









0.268493350130654 









0.2754887391813125 









0.2663879689121251 









0.25210521856936097 









0.26267284000875696 









0.2631385689170091 









0.27931666303748426 









0.2719958229012625 









0.26452346896320605 









0.2702952934980951 









0.26404521944003023 









0.26407574326957217 









0.2842065274560568 









0.26860303181244904 









0.28384659420492026 









0.28951818816900377 









0.2641399630947922 









0.2643331536547971 









0.2883673263309481 









0.2795034555037162 









0.29603249470310417 









0.26413794030931553 









0.28543608005883536 









0.26106264967643067 









0.2639910039893765 









0.2896519829271931 









0.27780245884259713 









0.2914783472722524 









0.2840665442520126 









0.25803356308291936 









0.27055010059197054 









0.26142717700107154 









0.3110156711599664 









0.2739744302930861 









0.2685076532291998 









0.26545598618057037 









0.27572682134853116 









0.26831151516850127 









0.2601876218351714 









0.2680109097519806 









0.2785300350105056 









0.271910066979037 









0.27946604124410945 









0.306413925283572 









0.3140199907681951 









0.30060368457045067 









0.28971532591744414 









0.2857470241846111 









0.28553451046485384 









0.2640699839335532 









0.26779193866939843 









0.2779280904808369 









0.2894298285906159 









0.29218108768612366 









0.342702482056653 









0.40094013875517154 









0.4197913818108346 









0.4472057828568788 









0.4909642854568678 









0.4507027111072821 









0.458798203785709 









0.43164459047023007 









0.423152366644042 









0.44426029763640384 









0.4961182692166166 









0.49543511970171145 









0.40654562470126465 









0.3752164272618624 









0.35212373338864283 









0.22710405651509796 









0.2637119657548239 









0.25465943610534125 









0.25582432520145865 









0.2559335476582568 









0.2736108208333936 









0.2664578024664893 









0.24422232849755587 









0.25988131872310133 









0.2697003378313062 









0.26355697714953114 









0.2673766543864214 









0.2494643914430531 









0.2441709669681987 









0.24185265067942466 









0.23807069104037218 









0.24916728209591893 









0.25001277873991756 









0.2555740613738376 









0.2520011979087651 









0.2534895076434329 









0.25043571244500396 









0.253445557297282 









0.263094317378641 









0.2674823474780951 









0.2654827761311888 









0.26028729751980995 









0.2633295714661534 









0.2471631755852831 









0.24764376124866821 









0.2470450575306137 









0.25387338258249736 









0.2676652301199303 









0.2564238587614997 









0.2430363239349979 









0.26332081127986334 









0.25443222084820755 









0.26990245765870835 









0.265788599978196 









0.25833613648870246 









0.26687227024370147 









0.26699333520253576 









0.2486862029640759 









0.2572409625737505 









0.2563775169559443 









0.25375300272963647 









0.26955588728657665 









0.2694008556261335 









0.2714966039207424 









0.2531779198778034 









0.26240645713596605 









0.2749426194221505 









0.2517924188075115 









0.23879977293082835 









0.23163550901330052 









0.23379552899422848 









0.23875276071393978 









0.23532050782208355 









0.2300438371169541 









0.23660200174047197 









0.2157823746886143 









0.21533474390561017 









0.21725682114703337 









0.24101740973914465 









0.2257347590132459 









0.2271112889754287 









0.2600065509495221 









0.30873526290400094 









0.33056223114690786 









0.31275234105360455 









0.29370757524263796 









0.32487653164108676 









0.34861206734038575 









0.325132283970783 









0.29671042364340156 









0.3048612666911512 









0.2597836888816587 









0.2925433486359991 









0.29617681431104265 









0.2897951261262385 









0.26945851393791403 









0.2680109613942631 









0.2726303860775322 









0.25727848356225375 









0.2779257014188579 









0.251991375945847 









0.25409589453088516 









0.2718394889852131 









0.27695719432057314 









0.27436176280285157 









0.26769439262878414 









0.27233688027485725 









0.2688629578061391 









0.27268433439389206 









0.2732314100251935 









0.2724883162858738 









0.28154200147156727 









0.28041674552306317 









0.26302443174159157 









0.2609600390496583 









0.2620833879494928 









0.2925409994159114 









0.2738838445188556 









0.2712375088755288 









0.28159605501560553 









0.2616579191338797 









0.25947787216057555 









0.252829978783395 









0.25549123915678174 









0.2903080373036802 









0.2709941729842892 









0.2744148286461572 









0.2591943442251165 









0.2659535147422027 









0.2679368992185843 









0.2647030149227348 









0.2767057740986611 









0.26734893021447664 









0.25594246200874754 









0.24387531282032843 









0.25618519089046793 









0.2641867034054183 









0.28656557019496937 









0.283214045140033 









0.273051114985574 









0.26370633752907874 









0.28237557663035173 









0.2631550338098324 









0.2632176245996355 









0.2510454273517845 









0.2436725704680041 









0.2386235335803068 









0.23523672049128141 









0.23133168014519925 









0.22465630364529263 









0.2504963060107731 









0.2613903182251151 









0.2411336395507856 









0.24606838794189223 









0.24132665282748075 









0.23639829916284275 









0.23000977153255475 









0.2427564694415325 









0.2573297018379024 









0.2510529126130125 









0.275258795351196 









0.3092741481416198 









0.2813851583939209 









0.24764730987700811 









0.25861677885419226 









0.2027581291322888 









0.25350873590681394 









0.2748464576832427 









0.25113190652292183 









0.25513599150003125 









0.24716269442478656 









0.23639637032539418 









0.25073828547590565 









0.27263943919437433 









0.2613932622845688 









0.2605679359889813 









0.2522330653586457 









0.25498401636199275 









0.25216725931122785 









0.2585883117443567 









0.2620474551555911 









0.25975546210993966 









0.2366272522560154 









0.25791025057234074 









0.2522175831445426 









0.2526225497638582 









0.2645919451528152 









0.26602226643773 









0.2530152532340273 









0.25376653304785646 









0.2795880917938171 









0.25637897054486275 









0.2524678229102441 









0.23956539643445215 









0.2507968874723806 









0.23884423674850294 









0.25513277556283803 









0.2517825032607655 









0.2449674264914783 









0.26405244389275107 









0.2584521110059995 









0.25455082105502286 









0.26760824077359735 









0.25649060988062955 









0.2767311653654589 









0.26439191286607905 









0.26030964449937977 









0.26380746969564334 









0.2642069979295385 









0.2579287187955912 









0.2516676490104131 









0.2526733956706709 









0.24456833851906126 









0.27303884781487747 









0.2671675119341675 









0.24949132426342216 









0.2531475328242641 









0.2698822024753244 









0.2558386977102642 









0.24497913793289908 









0.2404752817434588 









0.2418137314869595 









0.2409485758892359 









0.2250162771045999 









0.2260400840040604 









0.24137178320104935 









0.2433799915645522 









0.24749433622226602 









0.25964552375307853 









0.27915428475561943 









0.2926720244288502 









0.3041529527556116 









0.29270123877139703 









0.3295960026517329 









0.33036406507510196 









0.28069136019480956 









0.2861712349894582 









0.33105238430994577 









0.3164383118653246 









0.3085930776412611 









0.306253260937376 









0.27631590355530244 









0.25775111823899266 









0.2763054034768433 









0.2907829331682531 









0.2876447697739975 









0.33105666055124344 









0.293835960379098 









0.29704738574791245 









0.3164092178370148 









0.29819990194488555 









0.2895571325917594 









0.2856428316873556 









0.2985719665150024 









0.3084745188475942 









0.33476353054667096 









0.3202882207029978 









0.293090714415119 









0.29321512889854595 









0.30000578855469084 









0.31724382367142084 









0.3119789841934343 









0.32257983414943386 









0.29719992346383695 









0.30003861458257075 









0.3265098703033103 









0.30334408986563566 









0.2907427445283844 









0.2864379644259513 









0.2885002458859732 









0.3038392143925058 









0.28172003498765147 









0.2677174364979841 









0.2798114024546344 









0.27489009501291906 









0.25634146218515286 









0.26375028421773455 









0.2581405482316294 









0.2803362816246124 









0.2552594250467717 









0.24388281154099017 









0.2668856591393979 









0.2626132275631062 









0.2657739851997752 









0.25886938218814115 









0.28064789128378725 









0.2824359636620277 









0.26778210849144723 









0.2836671724934699 









0.24181001678716116 









0.23289955256314854 









0.24113599144323092 









0.22929802404452826 









0.22198699030265645 









0.21840713901891134 









0.22332270162987303 









0.2226107645253642 









0.21851399718533238 









0.22693264146772524 









0.22206987189918778 









0.22514506720062138 









0.2460764083625959 









0.2307576635282708 









0.2247792099057087 









0.2231924561105622 









0.22918989086942002 









0.2299471568861246 









0.27237023495372553 









0.28901484041029063 









0.29394304398923377 









0.31069048957274337 









0.28590329517174906 









0.2592424030041904 









0.23815171694336434 









0.2258482103528467 









0.1573427217030584 









0.18423757511476838 









0.24630926292355784 









0.24843556020110838 









0.25086601264994135 









0.25607216071157224 









0.2647452970633322 









0.2557486993824252 









0.2566363423359327 









0.2675040076177906 









0.2615532098516919 









0.251730256463079 









0.2505859059003852 









0.25272504841409255 









0.2541198546519105 









0.2630198354887503 









0.24932708263027298 









0.25801252345865033 









0.26942204724302327 









0.26017421706792054 









0.27279906890730554 









0.25954884957589974 









0.2726720748736908 









0.2503406725339909 









0.24922645318715286 









0.25650943020427575 









0.2502842098227526 









0.25052504802618963 









0.26620011134888105 









