0.0 









0.15671789137128514 









0.251805922788282 









0.26647519523747015 









0.26019435586340245 









0.26527853298202736 









0.2372110662146762 









0.2543426723840744 









0.25399042432356583 









0.25728049227144795 









0.2669011217783454 









0.26613974753986225 









0.33595593709097404 









0.43481158246091034 









0.4547153255828848 









0.4548472639412717 









0.4764283426952817 









0.5551452381803061 









0.619217421881543 









0.5950118526550732 









0.5712130409388299 









0.4928890036556969 









0.5280717607342059 









0.6515211919520844 









0.7193337442631006 









0.6228940555265695 









0.5641941917082278 









0.6766037292052298 









0.6165479620505833 









0.5355933688627282 









0.4645857335451654 









0.3769719813669034 









0.4211492551495508 









0.5174906572217222 









0.5198508214824297 









0.35689268398161283 









0.46119278413614384 









0.33938647043086856 









0.287750880196219 









0.27345445223954695 









0.2571882609775571 









0.2933221516088559 









0.27796160379605966 









0.26137319644769424 









0.27623695470484194 









0.265559627449695 









0.27269760791257414 









0.2734815202706824 









0.2645849343131413 









0.26644772506738246 









0.26418693471841415 









0.2657558408129198 









0.2709387425657775 









0.2703864825980829 









0.2727190820904005 









0.26172901336327103 









0.26966601787954075 









0.27151773128912704 









0.27257527841253765 









0.27196166865789023 









0.25797064891705235 









0.25632031460801696 









0.28041421462816696 









0.2701763416627058 









0.271803857477704 









0.29256805512469947 









0.2914196422068663 









0.2875499580261307 









0.2788017767015463 









0.2830278607947107 









0.28232557560808563 









0.2696839090318104 









0.2673869003056422 









0.2572122082745179 









0.25937940944850996 









0.28069273803462036 









0.27233899507820275 









0.2733288658180397 









0.26516977129513897 









0.2825455316074396 









0.26817227863901466 









0.26683309229506996 









0.2820615980419807 









0.2662179211024441 









0.2691727588755886 









0.2814989219498095 









0.356614781611444 









0.4785461621883424 









0.5272382623582665 









0.5282994768398735 









0.5376244863781567 









0.5530902141685634 









0.6163587151994918 









0.5668915549535414 









0.5320779103740669 









0.5331465866994376 









0.669013436923789 









0.6801639827085917 









0.5911090318853199 









0.5382345504321301 









0.6386800371152684 









0.7259526292895413 









0.7230282099149272 









0.8011371357146784 









0.6470193257501275 









0.5281758096829281 









0.5564424192345394 









0.5415956178610346 









0.4802661495733648 









0.3250643952259271 









0.40034220732151765 









0.4177861220057975 









0.3787819897705035 









0.296667518478964 









0.2691955602918684 









0.2644635049746325 









0.28736649984309864 









0.3023650404228698 









0.269197422630393 









0.2881844628404695 









0.3029496741703277 









0.26959330389179 









0.24433701999540883 









0.26799535257402596 









0.28372931470067825 









0.2860728288111586 









0.27385046303665406 









0.25783164241593404 









0.2576950835113874 









0.27181723717346834 









0.2592355292851066 









0.25441770953096615 









0.2800612788132089 









0.2684886859148945 









0.2644802786535971 









0.290630155930409 









0.27492568987947186 









0.2763862812148177 









0.2864835977615063 









0.2716346905288916 









0.2723816062682147 









0.27776620567463495 









0.2780509390848999 









0.270277983354435 









0.2812437226540214 









0.2700386605590929 









0.26173289331848554 









0.27389503079132643 









0.2795823726489258 









0.2827884515401417 









0.28016717872131425 









0.2828066942211121 









0.2650416848811837 









0.29060091111493885 









0.28715265739539464 









0.2848094514445052 









0.26145297688075664 









0.2709747733707688 









0.28117031239220447 









0.27468701931344564 









0.27587005197504844 









0.2683861061996057 









0.26796261572324837 









0.2884919640542619 









0.28658368271132206 









0.2650256906276373 









0.2622599657142638 









0.2822821576657725 









0.27937172776394464 









0.2894366299029307 









0.37539429786591577 









0.48673100357875443 









0.4886902241748127 









0.470779452074013 









0.5504105111128141 









0.6126439428289925 









0.630024946389386 









0.6426299746025503 









0.6243292235025079 









0.5708163806068781 









0.6028141571540825 









0.6466005476463133 









0.6525133265982179 









0.6842929885594191 









0.6972402988014722 









0.6831132342093925 









0.7312036839616457 









0.7910818817498623 









0.8707130941237996 









0.6834865965144449 









0.6425589709408248 









0.7299664846104222 









0.5844939897545464 









0.4377839595193447 









0.558202623597847 









0.5710725154989781 









0.4589758747832898 









0.3528233386846677 









0.3122581159494246 









0.28153318050108306 









0.2832739123342201 









0.26640833817571513 









0.26590237217660206 









0.2606590189823149 









0.2587331825388599 









0.2787493050735687 









0.2764620276037881 









0.2826249936698593 









0.28141714723399236 









0.26598497002053373 









0.27488081191822106 









0.28143715489136767 









0.2837865024258743 









0.27809891064551456 









0.25883836413171857 









0.2760094696503249 









0.2879551452693842 









0.2713698223453042 









0.29294299597156825 









0.29151687887343614 









0.30055293329331806 









0.29308287583742965 









0.2726400013745181 









0.2736137876319091 









0.2674252252954584 









0.2587556026599831 









0.2691708320710254 









0.2735694253084635 









0.269694056544941 









0.2622327195930936 









0.2784224261734181 









0.2800566628859516 









0.2766259751241748 









0.2881718590247021 









0.27009353257092356 









0.2665054444626866 









0.2736251378487986 









0.28246775584798334 









0.2736516462458434 









0.27362040518178254 









0.2831869158519152 









0.2769799202377392 









0.2880172468822436 









0.2917206615817681 









0.38919048616988217 









0.5458459499465644 









0.5320559065721195 









0.500565108579335 









0.5663175813313328 









0.5747697101414735 









0.644326434667441 









0.6490413084614649 









0.664379893227577 









0.8089319446974061 









0.8952462239736969 









0.9451204638551067 









0.8771297739260419 









0.8981953234483404 









0.9179669082314068 









0.9126385185423481 









0.8945627803887642 









0.9097047037101468 









0.9219872224157761 









0.8663501153187587 









0.6434970679686948 









0.47151219305306696 









0.46871481156306527 









0.5752499199287798 









0.5115680468625842 









0.3675302121255658 









0.4279819154749016 









0.35121378557075106 









0.36932883130544525 









0.3444359914167539 









0.28334733391708045 









0.2748529704165529 









0.27289793482580077 









0.2925569062855029 









0.2624753206249197 









0.26213849250294274 









0.29016698936994423 









0.27778368520598135 









0.280127640453919 









0.27352458126532275 









0.303359745899356 









0.28413223622744044 









0.3085177014433966 









0.2821241141902712 









0.2658246354513889 









0.3130030731579269 









0.27153774818041515 









0.28534940585871565 









0.27617587302576607 









0.28597533372473805 









0.2807531561704482 









0.2581722213286533 









0.27555762495287106 









0.2937792711414612 









0.2835215140604314 









0.271027312043883 









0.27395354568169944 









0.2528825696634277 









0.26866962358332047 









0.28109930408780615 









0.2650105519062382 









0.26835899856390877 









0.27551433238830075 









0.29284581669916115 









0.27395329264446555 









0.2667067018367539 









0.2695954142438935 









0.28454035876986083 









0.2821476618753456 









0.26175002919337514 









0.2901226775055282 









0.27778807913766035 









0.2618715983681787 









0.27355208052380414 









0.25664351611273617 









0.2620506209353156 









0.2772459404719189 









0.27540510845659455 









0.29291414613694 









0.28027416542320904 









0.27401598131639476 









0.27176316575175913 









0.26503365534177786 









0.2738390792002853 









0.24837969102270097 









0.21920063831923636 









0.2853143702347446 









0.27506548833233163 









0.260214333174721 









0.2662530019483276 









0.26338069314158546 









0.2749697236169917 









0.25749960367566527 









0.22911124522931042 









0.23727244138488468 









0.2495888021674808 









0.23085252654970992 









0.22562074743686605 









0.23412883871989867 









0.24281638123298144 









0.22980151420686587 









0.2565402897831461 









0.29893529964446874 









0.2898654460134729 









0.3111674626531558 









0.2622327205749923 









0.3207152300190721 









0.2952571900643841 









0.32503992091272255 









0.34515974748944633 









0.33022644898281545 









0.2695354936408779 









0.2376034879091605 









0.24893460647372248 









0.26573380012206665 









0.26455877954819135 









0.26573903657412046 









0.2678062460138781 









0.2763373871594435 









0.2550330468465856 









0.26983046145721507 









0.27222054188089184 









0.271945721588636 









0.2907929335840337 









0.2781706076080085 









0.28054235401930927 









0.26872544420717565 









0.2894472906028693 









0.2702641220162867 









0.28489186683265866 









0.2765048605353201 









0.277465076896803 









0.26566109608473204 









0.2757590301036895 









0.2753994759045614 









0.2736852442609766 









0.28251237395651724 









0.26933795190813936 









0.2868009539999477 









0.26086168571129736 









0.26333918066085754 









0.27467139873316665 









0.272449165417698 









0.27375233150145944 









0.27587431316586447 









0.2660725163254521 









0.2882131928363067 









0.27346382604930336 









0.25391858818430746 









0.2756125092731564 









0.27295552328570655 









0.25935568112209517 









0.28444877565772775 









0.26195231790808077 









0.26037315262351535 









0.264571767081485 









0.2648729666301857 









0.25931204291815607 









0.23324945911394446 









0.2162303348355012 









0.25807867438574367 









0.22674907447878762 









0.23366138454723442 









0.21874428761616857 









0.22999773434259121 









0.2555986538831318 









0.25749738156837565 









0.23308631166641705 









0.23148337339309769 









0.23652559487317698 









0.2364270065330441 









0.2433513276683815 









0.26318652556036204 









0.29465593982396576 









0.34865325782242473 









0.3485615789286768 









0.3081399839616461 









0.28438159703711174 









0.30411219694127956 









0.31750348601506473 









0.3038458193157312 









0.3057937825384469 









0.28419844254587245 









0.30211161443995554 









0.3297261749470488 









0.2881490559340813 









0.313144889047033 









0.2748934231688569 









0.26782550049396037 









0.28741089494056454 









0.3072436458284613 









0.3040916579876325 









0.3085604483496831 









0.29128439680921 









0.3134198780457171 









0.30361207877430757 









0.2916725851463227 









0.3040657169362612 









0.3346846937527942 









0.32050426349822303 









0.3377662395776252 









0.3029420940388184 









0.29865559311731876 









0.3007144559051448 









0.3087380732964451 









0.3020653629070045 









