0.03 









0.7318376333940309 









0.2855981163802705 









0.193437595005985 









0.20125156720699128 









0.18988437688229035 









0.18875550561066026 









0.19073758790570539 









0.19698443385157396 









0.1928756609842152 









0.19544360800678756 









0.18129795009861205 









0.1894560907106143 









0.1941575840755743 









0.18291012625685127 









0.18156926836762824 









0.18843237540572133 









0.19103053776837206 









0.19017679468345478 









0.19056400629531342 









0.17682629804899241 









0.18635331888139578 









0.2019585009203576 









0.19765980757860008 









0.17830268301600521 









0.1652377034418707 









0.168074498452968 









0.16773232560156892 









0.16292923287633568 









0.17280374819375752 









0.18141397032962636 









0.1823614190789767 









0.17191160874930012 









0.1603985141418353 









0.1734170313375124 









0.15173098585283434 









0.15324445632521186 









0.16524050055557243 









0.1764572355963897 









0.17494497617114177 









0.17181468510129028 









0.1711863899774676 









0.1815936391279546 









0.17754498770538593 









0.17163197544165915 









0.18889353327850422 









0.1699860121495239 









0.18263732817469244 









0.17841725209280182 









0.1717965991539721 









0.17366576448154503 









0.18142652109841245 









0.1734058465983836 









0.1824245624962079 









0.17488447873397084 









0.17461571767285997 









0.175712366529226 









0.17189211818371167 









0.17784828508312422 









0.17343672535945 









0.17225809965257563 









0.1841391547057926 









0.178154717632908 









0.18063575013977232 









0.17397560372510196 









0.17930738983365346 









0.1730601877325864 









0.17765637520725694 









0.17979211950430304 









0.18064075025127846 









0.1805727199048268 









0.17655547765120497 









0.1831060075348752 









0.17091792307401624 









0.17543067142729607 









0.18172666781506394 









0.17001246538441708 









0.18222840350960928 









0.18171912091966846 









0.17922861924157912 









0.17254498746094168 









0.1745152483799235 









0.17092604079416895 









0.16878112482326085 









0.18002519643456658 









0.1772226983373371 









0.173321255708067 









0.17777948989770878 









0.16967749259565226 









0.17233606115749286 









0.1748999279168294 









0.17741480251016428 









0.17778599639496304 









0.17396357206579088 









0.18056210521936908 









0.17452505373707386 









0.1715194820321636 









0.16238117251632408 









0.15235072759596913 









0.14501098243701993 









0.15128439967979176 









0.14900315324315233 









0.1283799542813975 









0.12956787325714977 









0.14456667900281076 









0.1549021104197928 









0.1496850284611558 









0.1442854623690595 









0.1516575984510506 









0.1526101182001289 









0.1566311112040546 









0.16312644694153197 









0.1880933599647738 









0.19955371154313892 









0.18683330195991885 









0.19940892141954933 









0.20181457857018578 









0.1884233686254364 









0.19107874423959942 









0.19949817672746256 









0.19833501948677207 









0.20182618686625423 









0.18668324066184153 









0.19564405590465803 









0.18575064794173396 









0.19705899398492294 









0.19580041265899756 









0.1959043250296356 









0.19541170362981222 









0.18776912372609064 









0.18901328242976248 









0.1908749742750843 









0.20063305264757733 









0.19079693449678808 









0.2025768747345576 









0.19949072490159694 









0.19967314854374926 









0.19401457532874092 









0.20062693300029208 









0.19949536235322815 









0.1831798821942975 









0.18612449846033938 









0.18867963081297434 









0.19201212452365868 









0.1885286327066387 









0.2055886799683059 









0.1962198321675478 









0.19014263722102911 









0.19836049997420793 









0.1947349262820307 









0.19915610084992663 









0.2018190180464141 









0.19608297027460064 









0.19727863063460455 









0.18819505571896814 









0.19288401404076186 









0.19992045523534338 









0.18303447217919064 









0.19738368033155526 









0.1992670038886874 









0.19659656806683695 









0.19808786386827182 









0.1914922374882517 









0.1936143559317496 









0.20206519819889543 









0.19992477639686485 









0.18338133258187164 









0.1881810783316585 









0.17950857307843293 









0.18598872692925056 









0.16730590681456026 









0.18035292858444213 









0.18520388925579073 









0.1915413761786367 









0.18700605954608554 









0.17687357745921795 









0.17510835908076755 









0.16511677490522325 









0.16638662760673567 









0.17267890869210256 









0.18202878206742917 









0.1612983076856101 









0.17194060846451842 









0.180940778042147 









0.17695768358231403 









0.15579544535716264 









0.15340113336776326 









0.16071443615272027 









0.16291677289548054 









0.17313244619883075 









0.17367590747805742 









0.17700616863242552 









0.17781180878247377 









0.16803405479005423 









0.17844698339127088 









0.1789290115151817 









0.16623930863503664 









0.17217843138286776 









0.18512528872417955 









0.18548363837719353 









0.19006457854565234 









0.18156072595678957 









0.17932427854573332 









0.1709109442984677 









0.17188667419012152 









0.1745800352610295 









0.18010030598200324 









0.17881614214636418 









0.18349844435376217 









0.17961139708659615 









0.1819337991134035 









0.1761468355550182 









0.17388291413374096 









0.18122018512103302 









0.1737301551002152 









0.18085516574088797 









0.17380975868218085 









0.18193637262897439 









0.1804640817386299 









0.1785347498567704 









0.17677572249267642 









0.17851543288940383 









0.17533560803928272 









0.1651500899076898 









0.17787289470859619 









0.17802040515636688 









0.17619258916371627 









0.17633681847467883 









0.18779513444157325 









0.17687850590933013 









0.16935570681771978 









0.17689499328824818 









0.17796025370331114 









0.18235798329112846 









0.19419004473295268 









0.1878880479917092 









0.18222264509326724 









0.1919032539162877 









0.17986195588422021 









0.16229086468360235 









0.1612431471530787 









0.17100168102072263 









0.1668053847113379 









0.1488264377428592 









0.16171078510210274 









0.16958899806353633 









0.1754929520653309 









0.1685155712401865 









0.1552774180449688 









0.15933316704519526 









0.1426708157213276 









0.13931830330580677 









0.13263337022121632 









0.13662392867407872 









0.15401839625864056 









0.16161903431817973 









0.15812419645924938 









0.14580247154181133 









0.1401073197490513 









0.16002021090810647 









0.16008873870775697 









0.1704116577107547 









0.187354144330468 









0.19211425294113305 









0.19499905666193545 









0.18491034445804483 









0.19218615610193843 









0.19334910165856004 









0.19643419383760025 









0.19425943629655146 









0.19525013318581208 









0.198958087724251 









0.20029819090406287 









0.1911532409859555 









0.1941497254841557 









0.19528806971965043 









0.200356843415685 









0.19199013693490305 









0.1846998339914965 









0.1906731874502424 









0.2048704747127017 









0.19213492926674916 









0.19255360632367857 









0.1858884455104816 









0.20502604703740038 









0.18909942402278243 









0.1833151774918118 









0.20068869416519894 









0.18618624637434625 









0.19277609699175977 









0.19253030481836794 









0.1895618663543665 









0.19291592662984008 









0.19747481506256298 









0.1823580906392995 









0.17850355794701944 









0.19461833371297035 









0.19138316869373956 









0.19148212790669766 









0.18535755609439752 









0.18427665389387524 









0.18639621876862 









0.19375606021947378 









0.19800860066616746 









0.1893146386137976 









0.19511960294292416 









0.19637882333390733 









0.20026243748032008 









0.1982971978674794 









0.1956363957780088 









0.19051650076949805 









0.19711236403903093 









0.22213149604233384 









0.2483438468849098 









0.2625128386808588 









0.2728225800184591 









0.2760455164520886 









0.28911129734041824 









0.2980305680698997 









0.3158533867042739 









0.3149367846915698 









0.2980982440839314 









0.3135074850646916 









0.3335315654519841 









0.3313008502724052 









0.39717706170248684 









0.3841339939520886 









0.39318554432979436 









0.3527300573219696 









0.35944320158318477 









0.3411424416879769 









0.3323970881205564 









0.3241651121580999 









0.3244427104961084 









0.334833317296253 









0.31838615765850525 









0.314341214304393 









0.3517641246595741 









0.39250786901348617 









0.38977559108113385 









0.4404518118511763 









0.46808197978391497 









0.45471516243449533 









0.527488656616776 









0.5036738240894169 









0.45933985697059093 









0.27502199390334003 









0.18166759917853662 









0.1767196138718901 









0.17392955667663587 









0.18612476695380323 









0.18128523473402186 









0.18109714875512728 









0.1768855451105399 









0.17930579373254435 









0.1798122511807685 









0.18885934865883025 









0.1807904479934616 









0.17904258148791058 









0.1820050778974986 









0.17909936976158541 









0.18554471837453246 









0.17940981641796114 









0.18336499650676683 









0.18370781529150965 









0.17853577499460385 









0.17162072599390135 









0.1773706738614788 









0.17695901313023477 









0.17871648117540206 









0.17486273606737518 









0.16985706514099438 









0.17952614680850706 









0.17777252650927117 









0.17931939630845264 









0.17852197617835366 









0.1798404084411321 









0.17349985485919747 









0.17696250383804207 









0.1720787619640521 









0.17194768258037194 









0.18175864643797413 









0.1700799133204111 









0.18134228275894043 









0.1798293077142859 









0.16771109134452897 









0.17328654260521945 









0.17717883824923253 









0.1908204024991694 









0.1773004525752786 









0.1780625258337623 









0.18559166881063283 









0.18014635645851765 









0.18150242645425152 









0.19939545069657558 









0.214513003635478 









0.2049513288963673 









0.21734595999781564 









0.2244088899696685 









0.2468344427725845 









0.26486175086750335 









0.2628179540822407 









0.28537924022538763 









0.26787726234081805 









0.2694827389586981 









0.2694247604894925 









0.2555102623285467 









0.23050493682404485 









0.21910878310477308 









0.20879728578159285 









0.19241933659226168 









0.19657095386768553 









0.194928864538657 









0.1951020692547341 









0.2062685286362477 









0.20734166852303149 









0.20298253155985316 









0.17215924929088594 









0.15478707165146666 









0.1568790011648779 









0.15676070136112524 









0.15812239830025843 









0.18726681845053822 









0.1903219839617074 









0.1888632762927895 









0.18580056974845405 









0.194120569841363 









0.19533822983654944 









0.19662686444324856 









0.19093686263641219 









0.1813032777118925 









0.188594442201759 









0.190238642953156 









0.18888933800139296 









0.20385609598060653 









0.1974836520116376 









0.1929987028476458 









0.19593114006751 









0.1940794023242864 









0.19287387938529643 









0.18719134698948195 









0.19836345361917973 









0.18610783687579474 









0.18117860659967844 









0.19075068902531167 









0.1853797920047301 









0.19285063146818543 









0.18973884112526845 









0.19918784258493927 









0.18712306077608118 









0.19979293795305053 









0.1966407495519595 









0.19690856615611915 









0.1794569131364094 









0.1807038297351006 









0.19587638278705177 









0.1970849281233286 









0.19097935709765654 









0.19676377468463094 









0.18535834587945615 









0.18896742675548125 









0.1912835745270853 









0.19713885632176392 









0.1911064528537801 









0.18694852053597374 









0.19637267592651328 









0.19736072651718606 









0.1895114556841122 









0.19004371075959706 









0.18747606911997466 









0.18702725835254347 









0.20104326108354673 









0.2878106150410808 









0.5038678215892304 









0.9565342745983332 









1.2707530528859854 









1.386442589996146 









1.407081249547839 









1.424753517965462 









1.4425134670038824 









1.456247189554296 









1.4678435212294503 









1.47783717672009 









1.48207816247714 









1.4843140567279605 









1.4853923823355724 









1.487830093294855 









1.4899318696546786 









1.489048160421311 









1.488054259257651 









1.4880705472961413 









1.4891315917139885 









1.4899541624657724 









1.4893277474310838 









1.4884056348283388 









1.4870679921562973 









1.4477172486457406 









1.0232414164211427 









0.3799591577203732 









0.22550731597779075 









0.22602027943198214 









0.22749078688419014 









0.2348512302833785 









0.22461718504854683 









0.21649015970824817 









0.2281566302037815 









0.21601830340747347 









0.234504767131072 









0.23758672417742918 









0.21997156535539694 









0.21675274444246165 









0.21640419997276686 









0.213607127676815 









0.22642092166468952 









0.22354798865689868 









0.20971868111378208 









0.22077199611277284 









0.2226043179663544 









0.22559342780089764 









0.21089519836769172 









0.22084593675998562 









0.22613738123933358 









0.2093424340552085 









0.20281150931555403 









0.220262113598748 









0.2176055644883907 









0.21594184766778657 









0.22087165445778317 









0.2158018349755209 









0.22304898655716143 









0.2077750681980548 









0.20486009734070978 









0.206882375324366 









0.2282842539552614 









0.2277408230702495 









0.21265186151232887 









0.22086496803072275 









0.21186160515539437 









0.20931723711967093 









0.22682079181631182 









0.22652133836258836 









0.23110197327829704 









0.22997519638677655 









0.24045561897431908 









0.282703677315899 









0.40886549227422797 









0.6184609231023127 









0.8317610728207702 









0.9762966588667459 









1.1057402033535362 









1.1851707010810917 









1.2571974312266256 









1.2916361971628392 









1.326701927097516 









1.348260655923477 









1.3644223181797765 









1.3764067952710233 









1.3770941631063187 









1.391665934089664 









1.3981962596706063 









1.4055392832475813 









1.4152367123039176 









1.4215068281221273 









1.4213241457658568 









1.4172385780022667 









1.416124931072324 









1.419486014987964 









1.3957791677314475 









1.2679178167719793 









0.8195013359948474 









0.398805994291688 









0.23559548059803784 









0.21055813327453024 









0.20989457536033493 









0.20355733663728415 









0.22203715174925662 









0.22596058632076638 









0.20730592735864778 









0.21630568358992797 









0.20688207583725332 









0.20104522462885657 









0.19998526653666712 









0.19962355171603144 









0.20387380946512373 









0.1970383253469762 









0.22599266667372703 









0.2153640971731698 









0.21489136475029594 









0.21963688370125295 









0.21588709968501688 









0.1981548967869418 









0.2045570891102182 









0.21402033641981044 









0.2116658791360392 









0.20535419460101942 









0.19929404104661375 









0.21863151547356194 









0.20343350451666598 









0.2139860211699938 









0.2116971829687689 









0.2177239435172005 









0.2169253967628611 









0.2089684543392334 









0.19801479383435705 









0.22002840674329405 









0.21202722261149737 









0.20678701407412656 









0.2043424745339215 









0.2036615947370986 









0.20195874324622 









0.20789278170458542 









0.2075502495741733 









0.2100484215680528 









0.21473674285910707 









0.20749887344398293 









0.20196555761018048 









0.20396061014837044 









0.20839551230734343 









0.2094582428519021 









0.20865483282408995 









0.1966829623623768 









0.23481011648486122 









0.5867925525158971 









1.2886599011150626 









1.4653934060945455 









1.4887441491979174 









1.4947729288032476 









1.4968692596951272 









1.4980517477830921 









1.498733552900973 









1.4992474322536489 









1.4994535525477408 









1.4995722052870326 









1.4996596659793182 









1.499732781180164 









1.4997556385282733 









1.4997710250271246 









1.499776381276244 









1.4997817116719665 









1.4997991595655222 









1.4997835799340216 









1.4997924189709855 









1.4998289126454802 









1.4998297950721753 









1.4998295806349655 









1.4997983170744822 









1.498584564321873 









1.4605165894806007 









1.1668590806512253 









0.6693507895324295 









0.38598002273139187 









0.3080738843292867 









0.2840166843776327 









0.2805082512929392 









0.27192124679915747 









0.2736347412533749 









0.272590978044906 









0.27024410309885777 









0.2843089518280259 









0.27337202135480704 









0.2711321329622301 









0.2729361778011088 









0.2725384894889482 









0.25919488841362764 









0.2811396318851088 









0.2855389171477462 









0.27738627332442367 









0.2713867869267851 









0.2659202651305474 









0.2711359535958315 









0.29367247951065784 









0.27103868793945546 









0.2513928510969016 









0.28052253097635926 









0.27981629904989735 









0.29683546302230795 









0.28318759451302233 









0.2746251799418195 









0.3079320254699554 









0.2849016194249172 









0.296630742284608 









0.299942120612795 









0.29702052151604685 









0.318477973928042 









0.31115086760334776 









0.31851315343767655 









0.31555061980318955 









0.31661412514364784 









0.30974747928142493 









0.30525758158530053 









0.29556053096777096 









0.3129831068466972 









0.2891081832207507 









0.33815133344389864 









0.698050668998827 









1.2544107465234904 









1.4362475400438 









1.4736697760819404 









1.4859620582151118 









1.4918168115621468 









1.494656034629124 









1.4963380647013795 









1.4972986782704303 









1.4979619826112343 









1.4983287448070235 









1.4985941421236697 









1.4987707386056788 









1.498845961902341 









1.498971931388124 









1.499091388644183 









1.4991246704995471 









1.4991633493168421 









1.4991968629063295 









1.4992509278933492 









1.499190249178595 









1.4991768937466228 









1.4991922026870508 









1.4989807621084572 









1.4970784595977722 









1.4812692261243616 









1.3821375881512568 









0.8947197994327523 









0.2948742454430819 









0.2292301907952545 









0.2181358298719585 









0.21852551274430135 









0.20159995170313055 









0.19623991240831787 









0.19684180537005697 









0.2118260953070958 









0.208512734808958 









0.20877221719309455 









0.20272631663774154 









0.2039165588945108 









0.22045636981801484 









0.21558323209029168 









0.2069662234322524 









0.20396478885412964 









0.2095594165636679 









0.20922028955429428 









0.20696674074789143 









0.21034636096900486 









0.21745501771820766 









0.20425872302193265 









0.21538923529859905 









0.21551976606867237 









0.20613089588508768 









0.21193410986263841 









0.20716665796853712 









0.1934816712936984 









