0.2 









0.3299351682926096 









0.1396293767560281 









0.1359723914429017 









0.13373080710024965 









0.1388677605140013 









0.12057818195009057 









0.13516956485175952 









0.137491874478289 









0.12129922429556081 









0.13956398144479323 









0.13560049170181288 









0.1267238019997312 









0.11051019542120265 









0.10481147313061835 









0.09247903172893021 









0.09409744387675324 









0.06627370876862973 









0.06679226125185347 









0.06429658702348172 









0.061975217078443307 









0.05403081067751159 









0.05579306015202626 









0.050203435622279684 









0.05228882630318195 









0.05529748879364306 









0.05669484179397846 









0.05238088965308067 









0.04753251202984263 









0.04783178232353733 









0.048027912675802586 









0.050227744718382414 









0.05036498566979132 









0.046338844785066224 









0.04963673844209905 









0.05350694822507081 









0.052827349581593755 









0.05591880946757275 









0.05845529343371887 









0.06344945513324443 









0.07145090181534612 









0.06600509423809066 









0.07071323624287024 









0.07732460143566391 









0.07709955839228097 









0.08367059631259371 









0.08404452904316276 









0.0951462112343938 









0.09104413635311762 









0.09518010228409793 









0.09235095878559167 









0.08773299768090093 









0.09051375019908779 









0.08645795720444135 









0.10191820453632569 









0.08903806469092426 









0.09381709503799812 









0.09278563632893101 









0.09692629700183475 









0.09375744806866629 









0.0977120207074447 









0.08613881498588719 









0.10245876889629721 









0.08999602369151631 









0.09239209566559942 









0.09547725158582113 









0.09421374371223673 









0.10215977619285734 









0.10490602493243364 









0.10735173160252123 









0.11230910912858535 









0.10741295283942455 









0.09648823589161933 









0.10201475500787476 









0.10225963605051477 









0.09742686829346672 









0.10118469264438663 









0.09754359304867775 









0.09361991851660192 









0.09245649797996153 









0.10348708345031737 









0.10676984880202961 









0.10500642387785941 









0.11795359766576974 









0.10381790286053405 









0.0759243436120614 









0.06601688916002468 









0.06854096360224274 









0.06445760396244166 









0.05814754468285982 









0.04832907843402091 









0.05764136720415697 









0.06236547147573454 









0.04769092933434442 









0.04491132374827783 









0.048708877991542415 









0.05080481272909283 









0.045418321606115815 









0.043504699361727905 









0.05329261957248127 









0.050418121206193225 









0.048140967734147375 









0.05097496240483715 









0.05432998211781772 









0.05323359528540628 









0.0485318130016554 









0.0494164712416566 









0.05266160107453263 









0.05082619416776624 









0.06455771432332166 









0.06367419712572754 









0.09559213773274648 









0.13937112598457202 









0.132300840974693 









0.12644805831131212 









0.13000822466384387 









0.12605425470037318 









0.13202896532096664 









0.12310670113700412 









0.12246283249499962 









0.12246824575286315 









0.12955671388872053 









0.12536727700273664 









0.1318609117174658 









0.12440239976319739 









0.1370486400659641 









0.12342904278943856 









0.1250685563888551 









0.13352052006058518 









0.12448077895262538 









0.12731517707605544 









0.12631530423226428 









0.12405776704472055 









0.13253747696935186 









0.11851112816272416 









0.12142653345126173 









0.13066355904625526 









0.12338369746364983 









0.12623796628991008 









0.12708033034442417 









0.13244690822318034 









0.1288049860215903 









0.12342333948293732 









0.12121450760811167 









0.12177609187410487 









0.12008850286826553 









0.1251681448203632 









0.12484232546381635 









0.14157724852227008 









0.12481919502985384 









0.1267442202389021 









0.12187248138060554 









0.12643709010679513 









0.12300105939182747 









0.1274395097768408 









0.12770343264719408 









0.1237095970931342 









0.13023021524645467 









0.13185158055400978 









0.13457980729356891 









0.1171464765864634 









0.13082474181744624 









0.13198716274455508 









0.12773828472203788 









0.11769804457553522 









0.10838800388563939 









0.09167769913733634 









0.07199937925990915 









0.06241464895769986 









0.07476355366996801 









0.06431639676474404 









0.0610703474886741 









0.05609259352756725 









0.05459499275115233 









0.055279065746257 









0.056027760602402124 









0.056677509509111657 









0.052797748504030476 









0.048349773579951724 









0.04666422770055767 









0.050635977239942925 









0.05583239348097077 









0.0504586548689442 









0.0533337355181159 









0.051966944078939065 









0.04853081669900373 









0.049302551910431716 









0.04979985991432439 









0.055780197601917283 









0.05865542224846558 









0.06793587593697872 









0.06841269336546016 









0.07168834125246301 









0.08102042258198267 









0.0697230700677483 









0.07435205850199544 









0.08121180813779803 









0.0771878478402758 









0.07190671846536534 









0.06825595916612066 









0.07682767441717142 









0.0787223464468138 









0.07722997235708778 









0.07359789277003262 









0.07531234705882364 









0.08215468748063133 









0.07448360293391086 









0.08131434264599514 









0.08164098836788025 









0.08067949706237998 









0.0810596869791198 









0.08540515263287149 









0.08650654269661455 









0.07673458174208642 









0.08067454681912735 









0.07934233072911887 









0.09088772710599435 









0.08558885581261838 









0.08591193963516422 









0.08462638064969039 









0.09226215170679948 









0.08689079421419883 









0.09258361727267875 









0.09353765924516479 









0.09441705559940572 









0.09474976112500857 









0.0868561533130798 









0.08828405667621514 









0.09186241570741266 









0.08952301153106465 









0.09182198686068285 









0.08266074485585617 









0.082978109867728 









0.09063899116262725 









0.07548670111675033 









0.06702706273765863 









0.060010750385852296 









0.06592544842519442 









0.06711003877490113 









0.06403756224292377 









0.05561599935421316 









0.06051642081628428 









0.057450131589554115 









0.05695140811359577 









0.051057765528465096 









0.05317629542832521 









0.05092504284162989 









0.0556136903189859 









0.05245954910542061 









0.05155406225285819 









0.05226574177806528 









0.049508127356609005 









0.050819724793318574 









0.04790273187665657 









0.05205294900411483 









0.05100448137034626 









0.047828109461541625 









0.04784824981181253 









0.04614504710369757 









0.053309800978953215 









0.06215512096922347 









0.09877699534489028 









0.12754779089282742 









0.12428697995741328 









0.13416047005680748 









0.12824871145725905 









0.12402226952061805 









0.11876512040739223 









0.1283211141252449 









0.1373994605285106 









0.11946926905264296 









0.12918033220135514 









0.1377024578288529 









0.12462653336437536 









0.12939872268933897 









0.12421504681445653 









0.1372812455843243 









0.12335736959896708 









0.13339378469068716 









0.12758460009949263 









0.12150548873315094 









0.12678344374146436 









0.12218629932430436 









0.12675303082674566 









0.12908284633261485 









0.13241556057050757 









0.12749674356578528 









0.12404067716253578 









0.13202187613361033 









0.12689454203035047 









0.12624705044407086 









0.1201316413227578 









0.13195712721028557 









0.12274335779403861 









0.1360403294612156 









0.12251349870507829 









0.1360967141844218 









0.12656746419046866 









0.12172099920773452 









0.1214746204900285 









0.12388866615427094 









0.12375179444435455 









0.12854904066987224 









0.13008329424351278 









0.12144413076887942 









0.13170933992920886 









0.1378520356861383 









0.12734952300507085 









0.13417786527769476 









0.1405785199074439 









0.13040029250027518 









0.1455134617626086 









0.1701376258483528 









0.15279426791014805 









0.12037611001152411 









0.12841431405951909 









0.1145223248865893 









0.10753737879811079 









0.10077708750171865 









0.09327632600305158 









0.08878327666904233 









0.08546438884798789 









0.07920780327414284 









0.08095347963415214 









0.06939057705739504 









0.06574220278931137 









0.06497973989978684 









0.08206857268770282 









0.07646391856336546 









0.08508578444424499 









0.0703468323647827 









0.07838803004942806 









0.08399744343832015 









0.08267153641598161 









0.0758058822300268 









0.06354225758814147 









0.05029210826682558 









0.04942245960508325 









0.060871881361312996 









0.056620200974652556 









0.0676842158814357 









0.06785643164858438 









0.071620224802833 









0.06811811797768758 









0.07586055975356004 









0.07063212252085223 









0.07190757219743407 









0.07761223745795742 









0.07670790865852323 









0.07929656728027695 









0.08509429579440628 









0.08620935714044907 









0.08468349102035724 









0.08596190295973652 









0.07775090327315926 









0.08300483311747812 









0.07748368020076413 









0.08419074765111913 









0.08357950131587094 









0.08125779924053994 









0.08499342154041957 









0.08588818302621519 









0.08449563590478745 









0.08804746404737887 









0.08239595282754848 









0.09002562061652608 









0.08961306546400077 









0.08202876313296126 









0.08138400477187535 









0.08524229260539129 









0.08500037801354894 









0.08333657630989147 









0.0813483815139256 









0.08778985017618249 









0.0893445664918764 









0.08726402610194275 









0.09579011762601165 









0.08305102956845906 









0.09105295549108659 









0.08968026651023796 









0.09323766016280438 









0.08673042937597426 









0.08704455032328492 









0.0975165264420198 









0.08916957782460996 









0.06337626983040412 









0.05370179330774965 









0.055003514611095 









0.06641063539623168 









0.0705811122853886 









0.0694382870871697 









0.05974405823288136 









0.058221481580076916 









0.05250518647473046 









0.055539155281597016 









0.050252092914179376 









0.04858421436813619 









0.049489475743138014 









0.05333480555627093 









0.047405498317264566 









0.050525210145594614 









0.05230000491285698 









0.04862558416774494 









0.052742829944637276 









0.05569615969526212 









0.05203350316395887 









0.05143486167226309 









0.04745844737046259 









0.04638701930753547 









0.04448001257356427 









0.04445796032574259 









0.0820127531110234 









0.12469158370824307 









0.13294478530138587 









0.12352191918587278 









0.12913141838738074 









0.13772123454445248 









0.12189480446262346 









0.12412927429428922 









0.127559562980969 









0.13207814327425338 









0.13041980363996603 









0.12125823881532344 









0.1270718990618905 









0.11792014692912281 









0.14342137951829248 









0.13447833903822484 









0.128660877173224 









0.1302493164552398 









0.12254542743123319 









0.13825219478954964 









0.13223489497354363 









0.12845393542764183 









0.12538158949561445 









0.1372427403360999 









0.12974623276049668 









0.12444244990426989 









0.12230565898747872 









0.13122094700778214 









0.13278707557976388 









0.1365159304813386 









0.13034503095542418 









0.1253308555270954 









0.1343434221865214 









0.11587401962860736 









0.13091106889288226 









0.12218220335715796 









0.1273028317194666 









0.13227961359737997 









0.1292243000711264 









0.12850319118036208 









0.12209340972177185 









0.1272582712118483 









0.12309327550276007 









0.1315370227407457 









0.11438660563062567 









0.11632340125644794 









0.12466042682973644 









0.11789618824148454 









0.13055845371197422 









0.13644571694605845 









0.1472391147969092 









0.23289008520615412 









0.3503175808604883 









0.52664613615913 









0.618485047007042 









0.618600247560585 









0.4058392502738051 









0.3338082566535525 









0.3165964050177743 









0.31102415421251517 









0.27579327351597316 









0.23841199735667146 









0.21864714369945326 









0.19570067660401563 









0.23162490254598977 









0.2122270354892724 









0.23806652578110357 









0.2871483858753362 









0.3138456031350343 









0.39570426240453105 









0.45039584627188683 









0.4188727996700812 









0.43983907398896405 









0.49428559224439206 









0.43376776579279724 









0.10619741726721399 









0.07696500286888795 









0.08099539527134397 









0.07719099879513538 









0.08590976363765776 









0.07938829559007635 









0.09291044400337797 









0.09196996016747666 









0.09205660677688896 









0.08850567283424057 









0.09615615708764608 









0.09361671323017676 









0.08784274340199176 









0.09187250241724242 









0.09329283752284664 









0.0898394966710544 









0.08890252622024732 









0.09538659416426895 









0.09485992352791599 









0.08810517440720367 









0.09524573506120765 









0.1061689930970019 









0.10470131020576352 









0.09714974811070262 









0.09355154277413136 









0.1026283313382978 









0.10802332827591338 









0.09962880937388906 









0.09436534110705716 









0.10560169673109461 









0.10351228822174172 









0.10802244994109034 









0.10205703389750016 









0.09770907012309965 









0.10315447920488408 









0.1117811571615258 









0.10658924700217581 









0.1038774121672411 









0.09254107908228393 









0.09349485399656782 









0.10420179038460053 









0.09373560908866606 









0.1009765258904785 









0.10565117377137505 









0.10291250690756573 









0.107546871212242 









0.10685237118978505 









0.1126797231589792 









0.13297774495771048 









0.11578243104867583 









0.09740704126079983 









0.1031624288811833 









0.08365054863951113 









0.08620682506035532 









0.09624788855014746 









0.08906088910037543 









0.07695504617748838 









0.08216436258341107 









0.08323830787257312 









0.07911675655169467 









0.07049861136597879 









0.06944859778473156 









0.07084163774789329 









0.07192757083396366 









0.07073671057302747 









0.08015136317926562 









0.0683307306541215 









0.08398801034912179 









0.08369666290155277 









0.07418012336068709 









0.07027706211496695 









0.06486378489938756 









0.05243965805281675 









0.05624538958352619 









0.05513447753287165 









0.09057463027743068 









0.13561826143396916 









0.13648848578967032 









0.12680774798869193 









0.13527787431585775 









0.14352680247163463 









0.12400252248369698 









0.13066472654858224 









0.12657440667967523 









0.1253826060716667 









0.12503171889850215 









0.13282626887148885 









0.11957981951285018 









0.12395462008854961 









0.11954831948837476 









0.12774657005052542 









0.13020252434608748 









0.12339944669186788 









0.1334016252312214 









0.13062916707276745 









0.13414747414775063 









0.1334181784046389 









0.13041597152595796 









0.13058465644007633 









0.12355832496298924 









0.1325039802292285 









0.13043631647108372 









0.12243970804818677 









0.12736407203087247 









0.12593291382606742 









0.13215186666099382 









0.12625781285662713 









0.13061045044727382 









0.1290399466650068 









0.12868430302505646 









0.12860780278825187 









0.1301990756461485 









0.12980349715428213 









0.13175086921039753 









0.1185988351586099 









0.12405676782724931 









0.131872683540679 









0.1324192853538465 









0.12205337094029108 









0.12822744637992406 









0.13042238316995347 









0.13252972953850395 









0.1363657973399816 









0.1399369663113194 









0.12743813227534156 









0.1769049611167578 









0.5646954524436973 









0.9158862671074952 









0.9760720511805423 









0.9882882942731741 









0.9927216181385368 









0.9943877155952341 









0.9955332252166122 









0.9961113537751698 









0.9969537658518193 









0.9974508452215389 









0.9978829386939028 









0.9978851031032994 









0.9979355949624402 









0.9976316181938443 









0.997093173385458 









0.9974932703529384 









0.9973753441037654 









0.997425393566217 









0.997828337920831 









0.9982319502493022 









0.9983739098115413 









0.9985878849852037 









0.9985649392110463 









0.9970598098392949 









0.9594166997233611 









0.35009056889606255 









0.12662769428843357 









0.11146283406361099 









0.1069203723790911 









0.11194963105196123 









0.11991226652989882 









0.11557020317384158 









0.12348705727789414 









0.12627544528831294 









0.12728810877202137 









0.1257596715794434 









0.12313225099859967 









0.12698775901978973 









0.13447790415358138 









0.13145387145162535 









0.11886294275683981 









0.12053936944780401 









0.13256011368308715 









0.14031143312529307 









0.13130575034490216 









0.12867367578875544 









0.1333121887824891 









0.1314511857972135 









0.13392773584463205 









0.13483352853891867 









0.12278469006690709 









0.12866102194925283 









0.13384001178637817 









0.1311101149922836 









0.13257634384776223 









0.13273373605404704 









0.1274257288142861 









0.1438711834576048 









0.12444085077443463 









0.12070100369265915 









0.12805217311744554 









0.1311171817170485 









0.12697875189721658 









0.1345295339645336 









0.13102470519502882 









0.12368470594537775 









0.13643749052945603 









0.12269251490534991 









0.12893387906446968 









0.1402338235797721 









0.12288561544928872 









0.19212077434413133 









0.3325632301181124 









0.4190638989843806 









0.5351262436457518 









0.635180551456192 









0.7015399955181972 









0.7864948741985962 









0.8150816308073572 









0.8895823994484322 









0.9174284995427431 









0.9182609946709444 









0.8985832885517622 









0.8930667411496908 









0.9248235855947585 









0.9390115134341517 









0.9329225467062151 









0.9415457728405476 









0.9492706945787025 









0.9595943898969734 









0.9695238391694558 









0.9787209209229573 









0.9838858766788379 









0.9833986954934255 









0.9818694215569646 









0.9667307985413726 









0.8586153441754419 









0.30036399645047235 









0.14475505042006137 









0.11174371801202486 









0.14759668839151358 









0.13067535819048132 









0.14950366790421654 









0.13749829420543724 









0.13608511414269792 









0.1296666149137965 









0.13168851172391877 









0.13179487233044845 









