0.8580000000000005 









7.595263328699112 









4.569895503304637 









4.188125763094554 









4.228811304619547 









4.190804183567526 









4.104059780776456 









4.181966447953163 









4.191955312503357 









4.133353911519029 









4.168285655355532 









4.227928669678611 









4.07992648053784 









3.9655159411155654 









3.678659057433631 









3.6042249850986434 









3.3542806236013103 









2.8092234334243056 









2.6418805820108062 









2.7126204721567126 









2.579776414167379 









2.2650392718109487 









2.2396358158547516 









2.17403669062786 









2.1054958821539107 









2.177307225828961 









2.2319296713830625 









2.195441630097838 









2.073768749699711 









2.065219117300488 









2.093753049791031 









2.1678628296030245 









2.1374094166064643 









2.1248908268890982 









2.0416983066587346 









2.088660763235585 









2.1966367852871382 









2.3458669741719804 









2.4271366024001177 









2.577867019728887 









2.7681091736748074 









2.799808977544988 









2.8275887948547176 









2.9015034644767703 









3.009033534411725 









3.0457383313867807 









3.104212878899326 









3.388956146064049 









3.404698895678007 









3.3673742161516573 









3.4673596551730936 









3.4468603038494128 









3.4419235152680856 









3.478044600713097 









3.5865448124344166 









3.4359606867409673 









3.355657682975323 









3.3900389814204375 









3.471128270962857 









3.5308996485065482 









3.4717501101756807 









3.479909932306546 









3.5016479225701858 









3.4730271656753513 









3.358830438165083 









3.438714066189369 









3.5720228926727664 









3.531180691745426 









3.727215156060936 









3.7713310604557835 









3.718253762006296 









3.650085197566398 









3.665186241768164 









3.668770034619775 









3.69235930647921 









3.684453939932894 









3.7062628236151127 









3.6121315531270293 









3.6052694014962032 









3.5843734016897755 









3.6349919694746133 









3.7144191211946236 









3.749929227938481 









3.7316974588832283 









3.61207461214928 









3.1674380381904643 









2.847905631951341 









2.726926622087157 









2.6119604455656904 









2.4616107381615535 









2.190129683218321 









2.3373344277658994 









2.4177777217432164 









2.1371231811381683 









2.0195802236749483 









2.002745552871744 









2.0305802531901738 









1.9746979082406035 









1.9964720031690604 









2.0979351477313073 









2.092271178732954 









2.0521880411443587 









2.1570378276139714 









2.257800486447586 









2.23643458967865 









2.1695865089176336 









2.091950286089616 









2.1031040664069565 









2.2234972482993562 









2.466332028907177 









2.630215419091427 









3.1958579669382656 









4.029329095490505 









4.1969029459661975 









4.200848959881069 









4.190306928001388 









4.227634708568948 









4.196266160109466 









4.094686023452191 









4.122148445583218 









4.146861493078497 









4.163658622657403 









4.130649914224531 









4.184383741283164 









4.11882284745606 









4.170814860402959 









4.140905357574388 









4.166094978667112 









4.203428454544971 









4.168301777392246 









4.181345012963071 









4.171774478546803 









4.1282370894029725 









4.165990232308418 









4.101758528039028 









4.16034551251631 









4.168404327491712 









4.160115165667942 









4.12792572648355 









4.16791213111719 









4.151992310751603 









4.172196554259289 









4.123832291333139 









4.107974860536053 









4.14151065958606 









4.1355739415591986 









4.1533894544132215 









4.155131242240141 









4.206587899842155 









4.159504331185623 









4.1711934804827315 









4.176925435917493 









4.084395985293087 









4.121124775135258 









4.11203368383187 









4.1762264636611555 









4.1607138395697945 









4.163276724366195 









4.125373120128527 









4.11123648042875 









4.1174599634511875 









4.220613376666635 









4.25825016256955 









4.196495304842058 









4.052976008219726 









3.872967092621599 









3.5510949144883104 









3.0499373102196228 









2.636481986184359 









2.851494544538021 









2.801912646049813 









2.5901696967252628 









2.4226713108713627 









2.2136532379610667 









2.2677952592530977 









2.3600026201017217 









2.3484046921162816 









2.2670714319873007 









2.14979279182084 









2.006116918856519 









2.0726508526109493 









2.283927040526182 









2.23821116620962 









2.2287764540489867 









2.169708058209781 









2.0815877406705026 









2.110339573353635 









2.2335411686562385 









2.372810517197304 









2.4910716634641066 









2.700050409851475 









2.9006872041651226 









2.925634219766736 









3.032500207222348 









2.932220588451295 









2.9330477165383844 









3.032850358142851 









3.0102670879189204 









2.953046023649071 









2.9295995101266725 









2.9873222044887244 









3.0460953466811156 









3.0796328693748323 









2.936908673596348 









2.9612402319664612 









3.038212487513273 









2.969284459610945 









3.037463104770059 









3.09568801346537 









3.1741955277503457 









3.1478560572093355 









3.2265238714221622 









3.22912960690117 









3.169313180029365 









3.2556861500680987 









3.2402533723116886 









3.3522455826375177 









3.317673881196192 









3.232729601651091 









3.2178601328710927 









3.3040879219836152 









3.256340420947911 









3.359313845900882 









3.3509583375180014 









3.3831207999295754 









3.459144899168245 









3.4022774181031807 









3.414810556290217 









3.381797690093609 









3.380100740290829 









3.3279251632055735 









3.313751889454855 









3.295091870987888 









3.4538261004139246 









3.218158437991942 









2.739400280460975 









2.5646205968004834 









2.6223271571110436 









2.6446155590514193 









2.5846095785302903 









2.450225695148881 









2.3714309926942754 









2.413127826474375 









2.3996600040722766 









2.337812358456386 









2.277483873252492 









2.2734171530072875 









2.281968193107609 









2.1861418403232373 









2.079470365422346 









2.093732910483574 









2.152888670543028 









2.094748170123081 









2.142186122925032 









2.1580211410487564 









2.1353337714378617 









2.0327547722233064 









1.9987184018553503 









1.996305717512971 









2.083190892514149 









2.3902151894915415 









3.111368842706929 









4.0091220869483735 









4.1201229602276745 









4.242216207871314 









4.19275780521956 









4.1843354210880666 









4.11960995343756 









4.103883062389951 









4.174347504745769 









4.12024042107541 









4.13027158141789 









4.165462252760184 









4.161609140925999 









4.105944034964035 









4.049544562832966 









4.202179659524171 









4.165277851876705 









4.171643024883472 









4.1101269718984215 









4.162273882174387 









4.155558687408638 









4.12225158449394 









4.199766007023781 









4.229647711156451 









4.183715187278494 









4.185488521075063 









4.197365779626866 









4.151484119083342 









4.168392598888857 









4.128024882695492 









4.0894861567307945 









4.212496984290332 









4.195740669051795 









4.1539036799330855 









4.170396140319788 









4.1396702475483025 









4.142051171154003 









4.133658356581727 









4.119864654310956 









4.136519993115854 









4.1235237786268035 









4.178669755011673 









4.164982654794374 









4.127980031749925 









4.201724057389087 









4.252845548142288 









4.164600770470047 









4.153048090871131 









4.232247135547383 









4.183936298275554 









4.3075047712294126 









4.655827441094656 









4.680993725453493 









4.219077071132587 









4.042598765793533 









4.008879739721341 









3.7509984891088304 









3.6993464423537468 









3.6424491326526653 









3.421181805142451 









3.282736790069092 









3.2792238525719615 









3.044320217968382 









2.84078414569265 









2.7543148722434814 









2.7680418827592734 









2.90220301415665 









2.8863208479573026 









3.098561755164523 









3.05597462308035 









3.0366063982822604 









3.355109937254022 









3.2622715910828552 









3.0374291057021288 









2.718586108076095 









2.2583343570935703 









2.1460914035791285 









2.317430891572694 









2.4831822908302534 









2.5774523070938975 









2.695927246782824 









2.7297144023538364 









2.868080078973136 









2.962041518523119 









2.9860135345082526 









2.950873745996279 









3.0313084057424686 









2.9489590412950255 









3.0976855191098083 









3.1920837500573644 









3.193882191818963 









3.1046607242745767 









3.1459939943056576 









3.1203835347884796 









3.174001191749369 









3.093918193061591 









3.129278746627387 









3.034484811383121 









3.0867179340502746 









3.1282332462583944 









3.197778370429231 









3.324582291567327 









3.318103284294034 









3.217356196839784 









3.2843344486122485 









3.2568025652786465 









3.101883810500585 









3.1567999302100107 









3.2590054476812087 









3.1755123192393064 









3.1718176640609608 









3.2485087342988983 









3.275583054236432 









3.2767682056569494 









3.3010283390963497 









3.4307294251774683 









3.402412782237942 









3.265680826233377 









3.29646667072483 









3.386945521832791 









3.359706299988983 









3.324821353951888 









3.432173520932026 









3.375623339093461 









2.7710006693235063 









2.4302829760115845 









2.4594959397572116 









2.523416435979054 









2.707675062241212 









2.73621262138822 









2.559903648658177 









2.36811743816021 









2.2880651282886504 









2.3409920782399074 









2.1761479810996134 









2.114250868929545 









2.1370169740644434 









2.1665883648661737 









2.0850367162658747 









2.108261634128994 









2.1399193956785467 









2.096464308144557 









2.1620071788275013 









2.2057065565936 









2.246089847790297 









2.1760531739628615 









2.0355952071382153 









1.9279297811120235 









1.9410387128697064 









2.002790338567033 









2.69221420297637 









3.955951230203649 









4.175531707345433 









4.190583258864827 









4.181550036665286 









4.222968667277913 









4.126214156580722 









4.110178528634746 









4.127563534201591 









4.221513250472211 









4.188646142184512 









4.163866955391547 









4.15349285746671 









4.116307970314038 









4.273630325323047 









4.217844751835754 









4.212694259194302 









4.196841963928467 









4.163350027246362 









4.187723864174923 









4.224557817570607 









4.1758321325093535 









4.148792507871248 









4.224601537990392 









4.16548460838341 









4.132705167594862 









4.155020259664357 









4.157104279137683 









4.16421412670743 









4.117921988837213 









4.190853404208951 









4.112246063264517 









4.201439582919337 









4.1092650591034205 









4.1570555576625345 









4.188205481756043 









4.19900660026942 









4.230693030240121 









4.208447910263951 









4.239934338999283 









4.165487121883316 









4.177143883462318 









4.091177845032038 









4.104015496399658 









4.12273857292181 









4.097167172247789 









4.172455933132358 









4.147422076703411 









4.210217770403529 









4.243307424587949 









4.391053726320282 









5.277680898059925 









6.57602141914077 









7.781192945826706 









8.829054062493466 









9.03729683966976 









7.71119433889872 









6.751501250978925 









6.465010971974347 









6.359993810671804 









6.198880405239955 









5.846632803817134 









5.613463384679303 









5.318026794242234 









5.5010091102821335 









5.542395080951024 









5.604807767970806 









5.930554785318277 









6.48911369288416 









6.961386324403344 









7.45454407784793 









7.469819369588538 









7.509627842072831 









7.626035380951487 









7.843562912141961 









4.697645056723441 









3.0186380769905523 









3.0207432079117806 









3.0536014796737754 









3.228870481483073 









3.2453561478628155 









3.2706464985550654 









3.4178074551965536 









3.4319948442062462 









3.399862954198958 









3.351542178623685 









3.332565043473995 









3.383484927518512 









3.3684202720638905 









3.394859550593253 









3.417500736897478 









3.416705099069172 









3.469622553674287 









3.4199530412459986 









3.389283719380934 









3.5000196374926555 









3.658548011959976 









3.759300419822689 









3.6421013146714754 









3.494745974779003 









3.6344549640955113 









3.709463520205222 









3.630570751257591 









3.635167905170107 









3.6248440687907078 









3.6731464009869415 









3.7308431639422714 









3.7232855806668312 









3.586882995101615 









3.5947815061372417 









3.7113196806388196 









3.7296122130207174 









3.658554850478081 









3.5939369345129135 









3.5183292635369137 









3.6225513219490537 









3.6602362531473855 









3.6883665431105106 









3.771823444270144 









3.7204527493455557 









3.7075851206762462 









3.6973715824254607 









3.925940803365056 









4.176592587169863 









4.163263319668131 









3.6486265233121298 









3.681938073260325 









3.46344908993272 









3.274697932102999 









3.3934967547471477 









3.364439155723898 









3.1072910181280067 









3.0927699464383376 









3.095745297320812 









2.9929381052629602 









2.935907180590723 









2.834389902498387 









2.8096948631182634 









2.8555972133181102 









2.9175794741710406 









2.9891289442922893 









2.9388806599758013 









3.0246103872599397 









3.053786147485399 









2.985948778916308 









2.9323476040740624 









2.7477128299675795 









2.2587568768047412 









2.23284963205662 









2.2765602369874136 









2.8917412212262996 









3.9568425262978466 









4.174435980132508 









4.197790006839553 









4.200276658826031 









4.285121033417282 









4.2243775210825625 









4.165944202955374 









4.152151947011317 









4.172309968707956 









4.21048002319857 









4.180137461341979 









4.160199654058586 









4.133911955761706 









4.112608241552862 









4.191429534775351 









4.148752281590792 









4.118396912695469 









4.1646927757121395 









4.158115262727472 









4.174073963780442 









4.22611035723699 









4.22685471210797 









4.21793681554063 









4.111391202534771 









4.176059428518428 









4.151604505130593 









4.090641180957007 









4.115487241869706 









4.12982447923397 









4.15849645312916 









4.147937070899491 









4.135887189351578 









4.231729936142099 









4.18093781764406 









4.167648702025052 









4.102005467674873 









4.147189959665235 









4.179009612153146 









4.124234269766788 









4.125952738377357 









4.223114594003168 









4.226808400554789 









4.140150954528432 









4.189523519088555 









4.157936051049427 









4.202219978374796 









4.163998527888609 









4.138451517231569 









4.186122891444961 









4.6608370566841035 









7.335319335690132 









12.02646430812263 









14.70092537632033 









16.687268598964664 









17.673117174410958 









18.21075182813116 









18.721239114560028 









19.015254476781006 









19.34297186824514 









19.883902995665682 









20.282208576308882 









20.364630115096617 









20.290636477334836 









20.17151936528375 









19.692937503026556 









19.848491730846106 









19.866723439930716 









19.92052549166521 









20.121957111910465 









20.390783300250153 









20.83556497264501 









21.148867334890202 









21.149203703371622 









20.348117492494225 









16.09794388802568 









8.543338348995585 









4.497850582278796 









3.9605655155327373 









3.903641242326979 









3.9192265836511484 









3.9920568950367623 









4.004332433160903 









4.066866065274049 









4.043635338028619 









4.0062028665056335 









4.1133680839986235 









4.1405363012839285 









4.1779375688749445 









4.2800081463919994 









4.230733188271517 









4.150540635304486 









4.153736242434853 









4.14553056838287 









4.272269550233727 









4.187338084467648 









4.161121367165469 









4.133609720971905 









4.15479976785174 









4.156087048337453 









4.206661796273232 









4.144416712662438 









4.142585365833395 









4.15664637786403 









4.175024664876775 









4.221850293293013 









4.185470532862857 









4.2042065249098135 









4.248180710135865 









4.1906445290415775 









4.073103252911976 









4.142353491633028 









4.143034781233299 









4.121423262878381 









4.231028811308647 









4.2222171920273714 









4.252393646940114 









4.275776558859348 









4.1579961439685915 









4.216431266077336 









4.250734577390125 









4.196517707119948 









4.7246640431180404 









6.0526384651232705 









7.196063708059774 









7.947765990716283 









8.903692094364901 









9.503648529338474 









10.375413345005683 









10.930904264562813 









11.88567746637685 









12.634654330058359 









12.942486816916821 









12.51838686371359 









12.217428469076294 









12.66691641124659 









13.379403273621936 









13.295484915188394 









13.554643600043839 









13.736774106101617 









14.131194369444751 









14.915299687831917 









15.47124873285175 









16.003936784431332 









16.09964592239514 









15.874343464092508 









15.275396866378276 









12.669027806834594 









7.78857840977318 









4.629111610590917 









3.879398733377233 









4.288114444506421 









4.321327273583144 









4.314472547575669 









4.329423549486807 









4.255296792342453 









4.2436069834925805 









4.258432812403563 









4.279790815683905 









