0.2 









0.15989752343628605 









0.15679929312025329 









0.16234129754345689 









0.16969045725254361 









0.18889210611337595 









0.17055551087759793 









0.18220754277129841 









0.18157456708710729 









0.1609241830133522 









0.16827339634315436 









0.18789754509713052 









0.19805371983851772 









0.26701496413603815 









0.2819327382132776 









0.34150093872936227 









0.4779085880831663 









0.5335874395020515 









0.49707290543947236 









0.5345012314965953 









0.6571402074814918 









0.6525636655397069 









0.6706436874325878 









0.7233420013287323 









0.6794239663256613 









0.6631335471453067 









0.6589634050724293 









0.7188956395792925 









0.7364431528629739 









0.7036453084158794 









0.6802736942836434 









0.6809200705183207 









0.7041512131953289 









0.7480154696703281 









0.7289993423113511 









0.6514288970931481 









0.6059739386934424 









0.5888347895955283 









0.5053666737237985 









0.4795877963968641 









0.4420966421394905 









0.4545294973426097 









0.4386633224989188 









0.39858866931250236 









0.40934661427756514 









0.4089557184514703 









0.28430733281228104 









0.29832496938553343 









0.32625697171402734 









0.27712949915148277 









0.2887376561200945 









0.29260607145674317 









0.2846754706901875 









0.2637919794307725 









0.30343702046136795 









0.3211183220288442 









0.32674804496810383 









0.2916135771435727 









0.26964155210590646 









0.2907102284822288 









0.28697321349890503 









0.29354487875181856 









0.30195107946791766 









0.3245753677878861 









0.30225091441837676 









0.2616689236531705 









0.2840236997655148 









0.22933641064898258 









0.21681536282296265 









0.2298689480962653 









0.25772897429704267 









0.23235841892029413 









0.24043375273769602 









0.2438470607331712 









0.23644624180752777 









0.2321837444206591 









0.2521891668874491 









0.2557440501768372 









0.25156324621130255 









0.2557031893498083 









0.23916964164016383 









0.23532928110452367 









0.253869512230193 









0.26214322481196084 









0.3681157832035021 









0.44556833586563743 









0.47387768922826456 









0.5416380345190479 









0.5251266917590491 









0.6603421853436955 









0.6018804519786356 









0.569219734621819 









0.6875123395898044 









0.729404406123894 









0.7435528101611086 









0.7317454783647435 









0.7509646750817951 









0.7331301232305949 









0.6916008196957395 









0.7064523634497373 









0.715158951884914 









0.6859051323608225 









0.6367374200966176 









0.649396104441577 









0.6697146934373184 









0.7060224016526975 









0.7088267473112524 









0.656460865068643 









0.5625561692656583 









0.5260209431199039 









0.46292530244368596 









0.18141207591879344 









0.14949777669707848 









0.1602795090838134 









0.1730588660597171 









0.15793091472445125 









0.17215578042750784 









0.1900454936612231 









0.17338381352233856 









0.1671451759459352 









0.16155682862261075 









0.18184667547323596 









0.1682237798357641 









0.18212121609307155 









0.16500460472359316 









0.17105711842645366 









0.15707382653611646 









0.16644136441749122 









0.1724353157803789 









0.15732023715410393 









0.167275413012339 









0.1854553685962801 









0.17656670219950305 









0.17616862586033072 









0.1794854439004498 









0.17113933811296886 









0.17454159122641155 









0.1765297144298641 









0.17381870228407145 









0.18092464712240763 









0.16289571212944765 









0.17390923197402436 









0.16918210462984512 









0.1758830466650435 









0.1713973994668122 









0.16552666690725654 









0.17420850343509214 









0.16022070891310414 









0.1846021583440618 









0.171739916844209 









0.17871900896637832 









0.18417486536707223 









0.18012918167461367 









0.18803259762440633 









0.16536831557663711 









0.16059931312079986 









0.16979911041021906 









0.18456079103729325 









0.1844734332021133 









0.17719032404385754 









0.17536796998802387 









0.18122950483515038 









0.2080678869440452 









0.23271857986764277 









0.2618752130988054 









0.30335563857738884 









0.423034706831753 









0.5799355155899761 









0.4888863722874753 









0.4900460781129454 









0.5669456171709991 









0.6157115096647837 









0.6971702486075045 









0.6803467774713776 









0.6220939876578278 









0.639996222821148 









0.6676289213422713 









0.7111746939745371 









0.7842132359138323 









0.7749982385004099 









0.6390054005959779 









0.690717164603222 









0.6824922310212969 









0.7122245090988873 









0.7291380817935944 









0.6995666214483999 









0.6398903395493387 









0.5800332910191057 









0.569814185411374 









0.5135397111409234 









0.41034013545578996 









0.43194702007147534 









0.40532433986581545 









0.4295676827873828 









0.43887920470802927 









0.3972303085218754 









0.4021150809068524 









0.43100701832420474 









0.40074461330651967 









0.4151906275194481 









0.3852737169090916 









0.36016631518300646 









0.43173078450284036 









0.423165988808511 









0.397091664021058 









0.4097558656047594 









0.39870335797253237 









0.3611168467329168 









0.3660686834723434 









0.37635061080746496 









0.3422220653323186 









0.3687816080721153 









0.3728773553281976 









0.3421819761495892 









0.3216466798555815 









0.3220605726345868 









0.3312886239005206 









0.3726432757667085 









0.3509516105130262 









0.34470619525644486 









0.36237631616701826 









0.29584742125327224 









0.31658169736710917 









0.3117898535029172 









0.29745251597772926 









0.3102306753290436 









0.31694636739089344 









0.3204054103915033 









0.28257637929497637 









0.3343349275196237 









0.3278074505577041 









0.34308355530437284 









0.2991323757368425 









0.3696657419983055 









0.514653679482638 









0.5306187669146134 









0.5363558958805008 









0.5324210650981607 









0.5525889680239338 









0.5733465664456687 









0.6422897957385643 









0.5810655839615548 









0.5948707778284958 









0.6201041730753072 









0.6563810780473796 









0.6540749449835797 









0.6334450722489319 









0.6661316223457798 









0.7091914393218928 









0.7074977225556904 









0.6836739506875259 









0.7179741899379044 









0.6891676765058117 









0.6771269168286447 









0.6839136124203979 









0.7518088691430116 









0.7408341256336113 









0.7282559330197096 









0.7176057899348058 









0.5845393409951004 









0.5090563475075202 









0.1611808887628116 









0.17085475843739828 









0.15685812666352955 









0.17037180093302867 









0.1563949406013055 









0.18770301353925478 









0.17073779037688275 









0.17723186378311245 









0.1827836961924068 









0.1658117210275304 









0.16660440554692846 









0.16691561781794279 









0.1898116325932718 









0.18057500309482466 









0.15307336186637813 









0.17385072047527564 









0.17105917758473407 









0.18046102713427864 









0.17546736515873668 









0.16656478129512986 









0.17684246243766097 









0.1687113001522022 









0.1489624016095353 









0.17484979794630975 









0.17505559968146245 









0.14824526661013154 









0.17284256565075698 









0.1681224133509296 









0.1705349431452759 









0.1740893279996233 









0.1639338944396787 









0.1526590052614159 









0.1890715573903266 









0.167015782762941 









0.19211272077295471 









0.18106976209306389 









0.19513214154849548 









0.16665619133003498 









0.17599086077574916 









0.18124727227315973 









0.17068969777182147 









0.16591459731019753 









0.18261612569679633 









0.16106530076031417 









0.1657582515248924 









0.16683577705328895 









0.1931289980579407 









0.16108525015331443 









0.17343087542240648 









0.15829182054178498 









0.1674305441450713 









0.2076536900268267 









0.28963374175724366 









0.33000795083751433 









0.32986875977951025 









0.4416473863024003 









0.4569312067296538 









0.4635782965994131 









0.5170621995724325 









0.5529117602791851 









0.5500349106238855 









0.6081398124243262 









0.6668522475757781 









0.6909543764389222 









0.6920211439786458 









0.656880669390169 









0.6856149401682458 









0.6252954679498914 









0.6114006519920065 









0.6339692298761042 









0.4893112905577832 









0.5735749870745053 









0.6356777488661005 









0.6766517862342549 









0.6732937762363647 









0.681439545701616 









0.6217090236816161 









0.549068047450959 









0.5267794778595938 









0.48507494579372645 









0.4889469153353029 









0.4494093061406801 









0.4221426724404804 









0.3897640762393103 









0.4222555160594753 









0.38730960136768305 









0.41938289525220873 









0.36515355287453577 









0.3669217354748087 









0.34466630863342457 









0.3697350413029786 









0.35901920693742495 









0.37005166924946103 









0.3528303321045637 









0.38620071955426055 









0.338914901171605 









0.38992907858149717 









0.3766319118220961 









0.3551862200308654 









0.3626206472070078 









0.3455196319267649 









0.33623902145673157 









0.3559735036126297 









0.33984211997666325 









0.3455892734875284 









0.4020481243020514 









0.36988852624151436 









0.3615781047880064 









0.34736351899232787 









0.3638026285573812 









0.33773027490066293 









0.32925163388964895 









0.3398999852755611 









0.337007640098431 









0.2861774962595526 









0.2964281587279126 









0.3598649055167415 









0.3396971437387173 









0.3056846515790851 









0.31027381315935854 









0.3251765908208557 









0.33464621765414626 









0.34025554309960815 









0.500685139484254 









0.6281464335805785 









0.6241977795474483 









0.6108729369450288 









0.5690251634588325 









0.5490739131732876 









0.6213316490707665 









0.674442058906146 









0.7080749582180453 









0.6350298223198603 









0.7544701746253752 









0.7592865677777804 









0.7328681617041695 









0.7104895603984149 









0.777235239506371 









0.7622331740031412 









0.7402127496922939 









0.7847760233483447 









0.7288178443819024 









0.7206609621046911 









0.6881991413753317 









0.7355016805506127 









0.7522771968066126 









0.7691795376279749 









0.7652442825401463 









0.7404425599098348 









0.7055403682985841 









0.17781620843277962 









0.15113210344153938 









0.17700727331041222 









0.17114000016193753 









0.16355012794056661 









0.1691962081726529 









0.18785290590493756 









0.17313243687119761 









0.16565539845805666 









0.1723670878086843 









0.16337286516905186 









0.18004128461017038 









0.1734472749925841 









0.16293305724000906 









0.17477360844651602 









0.1695722251557103 









0.15648690446349722 









0.16340101329958093 









0.17158507822098434 









0.18120099785566146 









0.1616400353898489 









0.1790400171563705 









0.1795947596906231 









0.17505394550710512 









0.19253760641768652 









0.17532282873444932 









0.16438450535218382 









0.17246517116029259 









0.19309188221297222 









0.16511215087737788 









0.17979864644256174 









0.158749563559352 









0.1814765179147152 









0.15646158229466087 









0.17804417134641487 









0.16050783406508606 









0.16599741270291513 









0.16947372948154227 









0.17291903979712456 









0.1636960454284703 









0.16750040939020622 









0.17959278535872228 









0.19013522112775713 









0.18054971888478666 









0.17249078448171 









0.1644259492658181 









0.1735233878819023 









0.16131695839828747 









0.16374946491365167 









0.17321811446184324 









0.17790985362984188 









0.20987901479062512 









0.2949086923097919 









0.3113730909125083 









0.35121256490791575 









0.5533585196572791 









0.5694384443355294 









0.5930943014690627 









0.6119379521759865 









0.6282788237001422 









0.6820277780767419 









0.713716741738872 









0.7634493316273858 









0.718174155688933 









0.7089330245053594 









0.7185817278105915 









0.6670985582085607 









0.6146902959231153 









0.5607975214930934 









0.548559579414855 









0.5581973767577291 









0.5535911403874967 









0.5638935706297925 









0.5095239362700057 









0.4840182001153154 









0.42944300021043535 









0.4100537825834669 









0.4029398651027011 









0.36570364453414284 









0.34569802131246363 









0.33473999136108024 









0.3155808653915311 









0.3057073924906736 









0.3146532642136656 









0.3270925646388455 









0.3331506288137178 









0.33458231189519266 









0.31991394684421015 









0.3215106450676358 









0.3250581293487177 









0.3272668941478094 









0.3242083190159857 









0.3027039169321081 









0.3264618071125366 









0.2849612049817263 









0.25295640580003403 









0.23683235453548046 









0.26254875666749766 









0.3027371528348201 









0.26956309218935026 









0.24523215890643837 









0.2730566558093811 









0.25369114095543893 









0.28036090526462454 









0.2621240278098298 









0.24481872918894015 









0.24824563541300654 









0.2673101406285816 









0.2672362943990457 









0.24872979502780254 









0.2733712294026167 









0.2613936634582033 









0.29149592141444924 









0.27620954966118083 









0.26282786646289225 









0.2615805317622532 









0.2546878859330466 









0.2383805014566322 









0.23520190191398843 









0.2713375370179292 









0.2603967391602173 









0.2492859413812992 









0.25919782471394276 









0.33042457851956464 









0.48746832275692764 









0.48358580798909345 









0.5653985470297653 









0.6576418183997623 









0.6321994478923778 









0.6176939100071406 









0.7136692702898207 









0.7094146764600838 









0.7322819141358112 









0.7475973785966471 









0.7708376392820897 









0.8019464676240005 









0.807777395103151 









0.819627270829123 









0.7875434554901974 









0.741062720055099 









0.7674182107523937 









0.7404288632075007 









0.7221979324915325 









0.7534998568639755 









0.7853496152672124 









0.760632988829432 









0.7442115444466069 









0.6680007665301275 









0.6421073262752475 









0.6212667808555177 









0.18624567207586945 









0.15211381296508097 









0.15857523865950357 









0.16576061350761384 









0.16753358613828295 









0.1777849207072636 









0.17118483011399754 









0.1657812636723147 









0.1670871632008484 









0.1602081602029401 









0.17550382936181574 









0.1741452812495553 









0.17111335518306725 









0.1738171652460978 









0.17123372557392752 









0.17606914229859655 









0.18683163255750462 









0.17429034742709193 









0.1609822824046936 









0.17661603609309345 









0.17547177733077374 









0.15886776400497984 









0.1674114199661377 









0.1737178751493812 









0.18115178618330047 









0.18288799911680054 









0.17492063755936876 









0.17649222676407506 









0.17643586145020462 









0.1831777237425647 









0.17967198362396336 









0.1749179892841632 









0.1682913938529817 









0.17037971775739172 









0.1865202111737561 









0.17940722683012383 









0.16432492268058274 









0.16502622330659178 









0.1721499116630278 









0.18214009682621043 









0.14745565899594792 









0.16430707361242775 









0.17753874677437415 









0.1755107388307075 









0.1596697161268008 









0.1802893444500903 









0.17220081033853765 









0.17629143773769376 









0.17976756381009756 









0.17410834416933946 









0.1673173599197093 









0.21605393956808172 









0.19108252569301296 









0.17751769043604498 









0.21214303507042176 









0.24151431170039672 









0.2837353101696587 









0.28273503216717455 









0.29003673260721685 









0.2624340882343573 









0.2820687218694088 









0.29734770458732107 









0.3148380727929262 









0.31881640211544837 









0.41979726081890434 









0.37979364997751885 









0.41503277672993644 









0.39197026369544596 









0.36427980807577387 









0.3258507056275307 









0.2972834860521887 









0.29980450070875947 









0.32522603091279034 









0.32560139327291204 









0.29896521979308577 









0.31262367603543073 









0.2725871760504829 









0.2952168233066389 









0.3101300952482675 









0.27443777488955334 









0.2690128986662055 









0.25938291036041417 









0.2485071183066 









0.26606497080835995 









0.2738537559080742 









0.2369491042351137 









0.24951827987406835 









0.25244931031585716 









0.22236395158422617 









0.2373901860685241 









0.2335293957179581 









0.2513287628467575 









0.25718927123843727 









0.20785851978351852 









0.23656933060895252 









0.24718021794723344 









0.2650014974341396 









0.23235961198530808 









0.24875696819936682 









0.2209072750482589 









0.2476507082575695 









0.2284781800580689 









0.23735812810499585 









0.25158963605279167 









0.2369846867810462 









0.22909165715184338 









0.2318913473774237 









0.2162610309408407 









0.2514854659808697 









0.2615590210298768 









0.23001794457938496 









0.22846026310396342 









0.25738892866408103 









0.21902629980838761 









0.23142379644749556 









0.23916606154898498 









0.2313655079336503 









0.25142538129080194 









0.25045826403104404 









0.21938653100109223 









0.2551341980734539 









0.2321987014027894 









0.2477947922107932 









0.35119959396795186 









0.4596040265057139 









0.4562533028880391 









0.4764512473042599 









0.46501702776676124 









0.4492186389437587 









0.360934756542983 









0.3682703819988965 









0.3828705856048705 









0.4933860527861512 









0.5255544305302244 









0.46610338072352897 









0.3843523041398932 









0.46042779444704696 









0.407913849488421 









0.4324301613620928 









0.4299795930042896 









0.3587114080568461 









0.34704465120265865 









0.3161981722337764 









0.3290975363056151 









0.3819623960573466 









0.3812790079627127 









0.3295248410919379 









0.28210133519197506 









0.27947070629394033 









0.2911040240321671 









0.1163172803161767 









0.16596892490119858 









0.16619404298662868 









0.16098396536510717 









0.1679348018080748 









0.17077156304620522 









0.16884821672355974 









0.1701431331156374 









0.1612453064577267 









