0.09 









4.377463030426377 









4.390700497778463 









4.450485948602187 









4.833688819254994 









4.900695396562951 









4.842617923641998 









4.797483009322406 









4.813134790815611 









4.8066021502498515 









4.776220329267054 









4.983336249964905 









5.130255252938638 









5.832646563731918 









6.199674070639625 









6.4098922484300065 









7.347105219943431 









8.311145666106825 









8.106543908659297 









8.009303575258887 









8.980773683111508 









9.34340133845081 









9.326485526302127 









9.791189983973497 









9.59422740864327 









9.304457137419718 









9.291609450407925 









9.949869505666218 









9.994087372866753 









9.843142488865562 









9.718367223508801 









9.593759665211605 









9.84543352997059 









10.02459538440627 









9.998551001616919 









9.325523340285617 









9.007804663852765 









8.581359532009904 









8.322873318966858 









7.880216668185636 









7.582710714161115 









7.537495661179572 









7.518851209963463 









7.246571056440735 









7.151966224493384 









7.095729972047976 









6.436029011915696 









6.3651677886243325 









6.4561339231957735 









6.250333112691419 









6.204214503295026 









6.170841063427435 









6.266529937424409 









6.056932413841554 









6.1627562938291485 









6.34153350872565 









6.334509281910383 









6.273881804059383 









6.052327684490259 









6.132106833961935 









6.1687603868440535 









6.233315514005258 









6.099623092860116 









6.3901220708697 









6.397050931465621 









5.979413929272226 









6.032816128376158 









5.842422880846167 









5.5690006654978195 









5.5132192663861295 









5.754010809069205 









5.733038906292903 









5.595631312025371 









5.679778197912176 









5.647247853475848 









5.649403995489302 









5.637576752981834 









5.844841913638241 









5.8423184014620375 









5.825735018615137 









5.719544833903924 









5.67666750788173 









5.812480934929141 









5.831681448744567 









6.595766227696422 









7.573138422328588 









7.749124594890305 









8.100870671798916 









8.313846276284524 









9.191627591486123 









9.090352771656594 









8.561747772678698 









9.085373316715225 









9.933977639046079 









10.086062287554261 









9.948197018549129 









10.080794104345552 









10.11887992621425 









9.764911381112501 









9.521247323116695 









9.880959666441754 









9.589786583370842 









9.136121496527524 









9.076661051258524 









9.37706358581272 









9.641930349617766 









9.838802211462605 









9.40381775044518 









8.697333103652284 









8.235365115870954 









7.346966177072578 









4.413554998585891 









4.0093786103154105 









4.514197549099671 









4.834439419167644 









4.68156779612333 









4.823717387862435 









4.9836111847825135 









4.811068712593423 









4.786677426631712 









4.803218244860773 









4.897062357406475 









4.918565247577476 









4.822272659599748 









4.943859378845447 









4.816103683517004 









4.832636654464302 









4.760436981573201 









4.869503950830097 









4.821907786128325 









4.7464617245410565 









4.88492043836537 









4.886579690007568 









4.9427007016698665 









4.922589243053857 









4.811758407617395 









4.8524427989834376 









4.972329084870158 









4.859204705964878 









4.871655012597292 









4.780776738226566 









4.9482355243468215 









4.899143497423408 









4.893161008978985 









4.874869162780241 









4.8599442856498705 









4.828555763262705 









4.79698465906729 









4.7983116199548865 









4.861557167544431 









4.823908883782475 









4.92086057381268 









5.00120759434484 









4.904122766736174 









4.866254703829239 









4.734760557180484 









4.824979589062838 









4.893200583012349 









4.979674746784741 









4.917588966277789 









4.855988026197467 









4.931806287404432 









5.194924976296968 









5.4466205994235874 









5.751114131206241 









6.294905004064371 









7.115321998241173 









8.322445995629584 









8.084852822332351 









7.849168347620216 









8.420304801063851 









8.787135965402811 









9.415940057825608 









9.60165953776567 









9.194118631857474 









9.179096273164154 









9.312951485757027 









9.795935516009795 









10.23596038772842 









10.5354437444509 









9.525178821336905 









9.4669914503677 









9.543909576179102 









9.694467548203406 









10.05448605740126 









9.763042973654835 









9.245176620961047 









8.878635155321481 









8.44220476446026 









8.121056574713124 









7.533683093103398 









7.455601857713433 









7.2375134391556095 









7.274996870567368 









7.483903686596131 









7.125840477271144 









7.2810317114290095 









7.3184766682166185 









7.35219573607885 









7.3617391988761165 









7.188033981860048 









7.084131069214882 









7.255761558279593 









7.275897292522733 









7.172656572087231 









7.158743094258562 









7.161208627692778 









7.045783193966065 









6.929811442466141 









6.9761885528070895 









6.8188779640407295 









6.747835820571926 









6.855012299305871 









6.6964793189276115 









6.634475071472779 









6.674875504618591 









6.55840676755546 









6.771065346474762 









6.8283783095561 









6.683315310049311 









6.70873526190185 









6.491555878737536 









6.4554363554449825 









6.481128468958924 









6.39243698749394 









6.331853082611149 









6.405781709821959 









6.420619258071707 









6.408825736900462 









6.650361191872829 









6.5177524292036155 









6.584800080012919 









6.420174615088538 









6.6707799197797035 









7.788170668836326 









8.291536394913111 









8.367937987202396 









8.14254111770641 









8.17992832680359 









8.633801904180975 









8.936678768601164 









8.857360119404353 









8.840517564997114 









8.845476197404592 









9.241459803036038 









9.168590836440233 









9.174800219773148 









9.379523557481827 









9.727232436598168 









10.052285419733229 









9.65502096615287 









9.754487971400746 









9.728054228433272 









9.615518019308384 









9.712270275160671 









9.969889835197725 









10.1030954641246 









10.091552423722282 









9.793717725482091 









9.105405837254041 









7.710146191796292 









4.412138735940197 









4.159404845875066 









4.434839811986733 









4.798107458107508 









4.747182379012067 









4.8133434276640905 









4.926030038332339 









4.870552499210966 









4.935502466038354 









4.824203152616503 









4.8656699063456115 









4.784795449001595 









4.859789516180115 









4.945370565903417 









4.825747828604207 









4.848447142232716 









4.866026807389804 









4.792440549692926 









4.895646008105406 









4.835600334284264 









4.890497497325556 









4.835063750701677 









4.727060730474571 









4.84367220516863 









4.822644467978153 









4.6949170076435305 









4.826203500230498 









4.825426323122018 









4.849400873162087 









4.834226140830764 









4.836691510516811 









4.726414173031513 









4.863135187284952 









4.8660951774026175 









4.846177884868893 









4.793417477668999 









4.892520744438852 









4.7697171100484965 









4.761435634358068 









4.900180216628924 









4.870547377390434 









4.737184941692329 









4.956859814717879 









4.780165785122523 









4.888800590618565 









4.890649691698494 









4.90429352181279 









4.7216210428616785 









4.716681276067169 









4.750934295502839 









4.963160302145284 









5.0823026699963725 









5.950256456946014 









6.534139407010952 









6.644019730820073 









7.356105508863925 









7.578758610398865 









7.6675618938590935 









8.028776528162862 









8.446282517925221 









8.442484294257763 









8.649846495959446 









9.380078558642547 









9.716651604583223 









9.601147887053402 









9.386512908905024 









9.323682412991365 









9.171928667593408 









8.78278554522119 









9.093635402742098 









8.33978175679297 









8.562545441698195 









8.801486555622484 









9.438571866535202 









9.41839619723642 









9.435380573273479 









9.138039692900563 









8.392052144657969 









8.34501171422261 









7.974302293259003 









7.95273159592079 









7.640036619442189 









7.406712494711108 









7.285884224292861 









7.343137007821145 









7.224240697175523 









7.224465734859704 









7.1931997640558585 









6.709915509641309 









6.7981905738495 









6.898844099294062 









6.937552803618445 









6.870238798161029 









6.925361103902456 









6.91396700915443 









6.976674076936944 









7.027404479269045 









6.993405610796229 









6.916832011756084 









6.949507977814808 









6.658144510285961 









6.57424570016096 









6.734096003531455 









6.801446122364043 









6.61137666323417 









6.963596122958439 









6.901154770481113 









6.8109205840494536 









6.7427105544316275 









7.01588904415789 









6.645195023854366 









6.682925590637741 









6.577738677575703 









6.596943575733442 









6.338635981882549 









6.321614260211993 









6.56691889419182 









6.637009252455039 









6.411195757986828 









6.360089359344365 









6.567605325231258 









6.524786055865181 









6.655528691428009 









7.8577004459153965 









8.991586356220012 









9.045346106585196 









8.942081151302606 









8.64517355165806 









8.289314056505047 









8.688797819842616 









9.173042670954834 









9.578593020482584 









9.41745402261696 









9.952014067870095 









10.241477950584143 









10.14462996142975 









9.966817210371364 









10.301540580059358 









10.391508546958699 









10.194040447988316 









10.43045400451373 









10.142610266161276 









9.963636995203213 









9.784652552981367 









9.877430489870724 









10.147583057672655 









10.331556821621808 









10.363635390443223 









10.045445928588597 









9.247056921345084 









4.7081783776883075 









4.084579111329611 









4.485634635383416 









4.884115176052762 









4.794304562409494 









4.8076089873244845 









4.8661420423474535 









4.926541077496007 









4.820573195509065 









4.8341427104292 









4.7806632817658885 









4.893086036918567 









4.809157809123723 









4.874557476498055 









4.7391933995518 









4.859000293068424 









4.832148686714511 









4.748081413172405 









4.793278783855331 









4.869247574215643 









4.7494301304825015 









4.9869711450429595 









4.8607453456325835 









4.969320232378554 









4.915127781285137 









4.912059930254742 









4.849440596752839 









4.925691495734131 









4.8985872523034635 









4.890202270203901 









4.865109498633328 









4.788042165112995 









4.872022467216188 









4.821369887873978 









4.840407652581882 









4.822495927425409 









4.744356789101253 









4.846979205429753 









4.791575044511784 









4.817726789029984 









4.791249097716511 









4.891811207019994 









4.916381350954894 









4.833947754428011 









4.835094567328243 









4.791877317708107 









4.834853712600614 









4.800437564660427 









4.810946927599787 









4.797405894428852 









5.013390449991403 









5.336714325504686 









6.042767679527442 









6.45303522569227 









6.670069697180381 









7.968119585851115 









8.607049681571867 









8.802212060043662 









9.042647392208764 









8.97660451022844 









9.3746146868932 









9.693100469963383 









10.152475706737194 









10.092636716374358 









9.771002255154057 









9.780026505693172 









9.556030815139854 









8.954042903796312 









8.651879406449487 









8.36615720212781 









8.476347687990733 









8.33483736678336 









8.659172622266286 









8.071359645771551 









7.872482309084493 









7.537920510974637 









7.370992911805946 









7.2265399447473335 









7.015777370366541 









6.867275991474921 









6.758783603873394 









6.607476502429834 









6.518321017749801 









6.434653192636716 









6.550923528670569 









6.68585766712197 









6.557989297830982 









6.466860675801878 









6.490037439538934 









6.401665609654343 









6.489102201815515 









6.36637542937734 









6.4265027563655055 









6.438290582932305 









6.263525956448431 









5.935008262858594 









5.843671864222907 









5.807698789694565 









6.095569057048652 









6.0559920005444186 









5.891799208274034 









5.980994028802203 









5.929389827319976 









6.019642973782831 









5.973627329384623 









5.781643428701462 









5.784797911288773 









5.920145300478578 









6.074653063574423 









5.800811787886091 









5.945737984103068 









5.927316299168616 









5.9653042750113805 









6.178293632392778 









6.031134734267729 









5.829505163142235 









5.836871836089343 









5.742730867658033 









5.830503316518694 









5.840948047440179 









5.914781408217526 









5.828307159436936 









5.928500855106362 









6.384073084034807 









7.519104463106514 









7.892323074009736 









8.327064993718686 









9.180361544505281 









9.145679569072104 









8.99042247772631 









9.66505744838806 









10.051042277975075 









9.824359063889029 









10.080610283106319 









10.42389324153148 









10.704562490044795 









11.054174572850895 









10.864631637266902 









10.608032202670314 









10.277556438783044 









10.336659195922179 









10.172194067312171 









10.09013795167113 









10.099057484456917 









10.462742087296297 









10.54074592485704 









10.289470872767836 









9.465521083942253 









9.141773970522944 









8.517466324830847 









4.639014727089283 









4.055762150836665 









4.4071135240601915 









4.906855870574756 









4.8048796211906195 









4.784326097629616 









4.8485496773929615 









4.90738963665435 









4.877380292107844 









4.794883439972268 









4.855363536876821 









4.808559711909626 









4.755944000143001 









4.9738038960025595 









4.8542614925514 









4.820512750187042 









4.88743946265139 









4.8941003495039785 









4.772551285782091 









4.808674018529251 









4.90133623997369 









4.781836345297704 









4.800419835777368 









4.872145496864295 









4.849552571009134 









4.855128667018191 









4.90446241287244 









4.913033984894947 









4.891625201744832 









4.83141451584792 









4.893138061937176 









4.9520003985234515 









4.8790343036225465 









4.833251932124385 









4.8328118669962805 









4.928342120831095 









4.910695843124936 









4.7960149890805495 









4.881279528510473 









4.80797682698998 









4.806804623013945 









4.748072300833782 









4.780154822228291 









4.886307061747762 









4.795297423831566 









4.932116905115446 









4.800327548637238 









4.92440335594959 









4.939080046392083 









4.871750801787281 









4.862668192159217 









5.1528167956243855 









5.262759376036846 









5.075191243618338 









5.308624526758495 









5.698780312063058 









5.881738923672822 









6.025601507625343 









6.260806624421467 









6.0877710901231366 









6.056517989346522 









6.209918280589981 









6.301161346883035 









6.456899953757475 









7.112444778789097 









7.221887246588958 









7.19012277625505 









7.18915069984719 









7.007185942148765 









6.69840694393895 









6.304875637464696 









6.165826658071644 









6.399701809372108 









6.51181582449127 









6.38363115352886 









6.421399318493735 









6.132589696637639 









6.347457153670975 









6.389655269645275 









6.211924026465666 









6.218955279348151 









5.990624068504467 









5.977887839602805 









5.933591169264117 









5.939824742966069 









5.898154877741392 









5.615659369288506 









5.717891148042937 









5.591998119908181 









5.498976292285684 









5.762089445674303 









5.702475458128253 









5.712463690105217 









5.602838964780449 









5.585773984597959 









5.687364777756069 









5.856636904046296 









5.693447664602847 









5.796504363286622 









5.699217731952803 









5.678872636169584 









5.711857800232595 









5.767550005054845 









5.715099141675449 









5.707456233833562 









5.670765343317171 









5.608252487446338 









5.690769832709873 









5.702404637258241 









5.805630132327169 









5.686669928314524 









5.6589671987741115 









5.724733795855837 









5.647578194153974 









5.671001506995565 









5.5800799843170275 









5.641860528853395 









5.602663458302731 









5.707383133718701 









5.615697725096787 









5.6685278553685245 









5.573238810408591 









5.626589355888013 









6.403121030662567 









7.4460856013399335 









7.665633063459179 









8.018486171003428 









7.697644248479772 









7.571583556190069 









7.080679249979343 









6.936336179997027 









6.956190270864422 









7.705126924537233 









8.143343019686345 









7.839951399180441 









7.278418745179778 









7.401133880132577 









7.440369467978865 









7.47371899234774 









7.4393226687631415 









6.885890813577104 









6.802672780472276 









6.539198603443323 









6.528990248007475 









6.929973083025512 









7.139528497862997 









6.655105054202471 









6.0560781473943 









6.159327278308875 









5.797532053789931 









3.5298640090569027 









4.391520974535608 









4.8151958150558665 









4.859837625544699 









4.879225021170177 









4.795775239874489 









4.8307430239139295 









4.850255889709908 









4.765614224285955 









