0.03 









0.7003754048112559 









0.27270835791652964 









0.19790249976158783 









0.20083413760735874 









0.1977682815278058 









0.18488192406592305 









0.1968907216764766 









0.20242906545439515 









0.19140832906630992 









0.18952730221449382 









0.1973403046836024 









0.18116570625250564 









0.17481510731441227 









0.1576545350753833 









0.1523888821210577 









0.14065439496132637 









0.10825706162009574 









0.09834966393004328 









0.0964329830570468 









0.10204306150900062 









0.08147847916114598 









0.08113033260437391 









0.07962792740306461 









0.07581599864782214 









0.07717018293023806 









0.07925685292327994 









0.08019628202050774 









0.0736739715650461 









0.07535437168562314 









0.07187546075333223 









0.07903006625137016 









0.07611072424347319 









0.07567662197500477 









0.07314990911565583 









0.07157038558789727 









0.07441472110818019 









0.08307940830880302 









0.08792612193517163 









0.0902899171364655 









0.10570557676863711 









0.10136050871543799 









0.10204356878019283 









0.10849709830234078 









0.11336947825576463 









0.11899122572868429 









0.11464487221658079 









0.1352974795244798 









0.13969890833142534 









0.13570949654910933 









0.13962338371866104 









0.13754828840939784 









0.13699420831220493 









0.1374185458084586 









0.14781109991504385 









0.14136143021389186 









0.13466524021351464 









0.136627016347214 









0.13942020812175848 









0.14544250203015405 









0.13962874223846072 









0.13964512823849975 









0.13761601726240208 









0.14253313490044156 









0.13762333535694962 









0.13493146513898188 









0.14689867338065915 









0.14287025296917208 









0.16143954652975429 









0.1610766367412283 









0.1620629994175015 









0.1572616256457755 









0.1506968756798176 









0.15143071194905228 









0.1531390553159538 









0.15324871555274447 









0.15642580706137457 









0.14760205114747416 









0.14797276182519112 









0.1425397508214425 









0.1507448849928537 









0.15784139982881262 









0.1635187972036105 









0.1632955841944722 









0.15532360136327672 









0.13259958485909415 









0.10651078214930317 









0.09929532482882467 









0.09710210020509018 









0.09003650976591929 









0.07601404770337726 









0.08067830023233685 









0.08944257311054686 









0.07724361444075176 









0.06994684901818679 









0.06981716044878053 









0.0715179540879372 









0.0712012143392095 









0.0702180290715026 









0.07343919515448179 









0.07720333903358251 









0.07357579542173216 









0.07492727929899316 









0.0824453964313369 









0.0798781629393348 









0.07708070729801182 









0.07623364274822608 









0.07555350222003267 









0.07739942150212024 









0.08927580753716097 









0.09657660081578467 









0.1171465856399462 









0.16994341643201566 









0.19301100510907995 









0.1884599371875678 









0.19461465405536638 









0.19555524487562526 









0.19997706384819938 









0.1857478134889724 









0.1839991237592656 









0.19314525426364612 









0.19249061498909034 









0.1949683620835064 









0.19653960503870038 









0.19040961109598614 









0.19773395008369918 









0.18928759145745563 









0.18702794498133074 









0.19615475669023502 









0.19282617381164494 









0.19310475324709936 









0.19056287059981347 









0.19131452388663678 









0.19858814067820452 









0.1852767478416573 









0.19045038838831582 









0.19464061536119573 









0.19920306127840595 









0.18679424008760395 









0.19071153957080544 









0.18943379006064148 









0.19312762236993775 









0.18939467631058665 









0.18641180210881014 









0.18727002898972717 









0.19045021486821467 









0.18800110747819226 









0.192271903906012 









0.19980269000000764 









0.19187100218390024 









0.19181336287449677 









0.19645970231019944 









0.1898101624626168 









0.19038215476212655 









0.1881732698919596 









0.19500800002193383 









0.18818736888289403 









0.19253244246980505 









0.18981990971276688 









0.19168676943192117 









0.18749281702976628 









0.1953999820164144 









0.198762670491694 









0.2006920803229957 









0.18461369747230075 









0.1666722864121081 









0.14972482127008085 









0.1190886952630849 









0.09526036962831683 









0.10689788678798248 









0.10419621901071198 









0.09697903181471426 









0.08900966376100562 









0.07657645637532184 









0.08170970603096178 









0.08322708513708275 









0.08393609087896159 









0.08182646512001292 









0.07947370599593392 









0.07110353225110069 









0.07398599864032072 









0.08121221299825185 









0.08020383587062435 









0.08029376496084403 









0.08030992090690701 









0.077101324261399 









0.07516307019814716 









0.07910411589231305 









0.08272946100419162 









0.09054142991762029 









0.09595031721026626 









0.10631307859948036 









0.10626283705452616 









0.1155100883383716 









0.11275916806377838 









0.10890886017201858 









0.12123229307930296 









0.12054180105722125 









0.11032365436642615 









0.10826839045635876 









0.1163229087222723 









0.11638524645732144 









0.1178729062607477 









0.11315790957636443 









0.10965309316698232 









0.11635601907198498 









0.1126346928831461 









0.11727751775428419 









0.11595035427721286 









0.1273932110407585 









0.12216383792631992 









0.12644146872053913 









0.12699577842553159 









0.11886724048404904 









0.12767802605429068 









0.1242378065041145 









0.13376038526300812 









0.13321383389244354 









0.13213604443967017 









0.1259252701181663 









0.13519480743799603 









0.12918895399434063 









0.13097811170017282 









0.13240747138177408 









0.13699433329818395 









0.14621685911735527 









0.13631701569179136 









0.13694262920135816 









0.14145492127504142 









0.13399783187263473 









0.13557917903638075 









0.1316209745014108 









0.12618355908323386 









0.13675949627887257 









0.1331322004605496 









0.10613856497298373 









0.09191774267713572 









0.09620226293738357 









0.09600210529868679 









0.10018001679925122 









0.0886415124775692 









0.08846102622605732 









0.08788380756045261 









0.08654370272048174 









0.08395702493888746 









0.07992573027779387 









0.0818220925200931 









0.08075153712948083 









0.08024112029308386 









0.07645983207897981 









0.07390903231490653 









0.07544723373908314 









0.07525588915570099 









0.07896164524370375 









0.0791996783238989 









0.07797880371911396 









0.07319187700141669 









0.07254023727594124 









0.07145622798453065 









0.07286326761223896 









0.0833427067556614 









0.11015562259825425 









0.16620180548882446 









0.1844478915371412 









0.1979071541588473 









0.1973260585477315 









0.19321653155920981 









0.1871726056619531 









0.18321929771516393 









0.1972836551641375 









0.18481459079441603 









0.1843639076623324 









0.1961971696684263 









0.18676456737810235 









0.18873378264513385 









0.17840048351146381 









0.19523640547827859 









0.19388367590295802 









0.18811130378199806 









0.18366736595279742 









0.19275511150902933 









0.18737954736299728 









0.19061043079985907 









0.1941719090843239 









0.196192117906377 









0.19440393300703088 









0.1919478393758405 









0.19134019318914106 









0.18718616356054946 









0.19123508832444827 









0.19196344886795463 









0.18265673771612248 









0.19534786035027837 









0.1946400991169638 









0.19951904380123192 









0.19311154892327442 









0.18942763761095463 









0.18824127208653338 









0.19351224394910732 









0.18597693572215684 









0.189776456749205 









0.19044707011702058 









0.18923699789333515 









0.19344231553532037 









0.18965243382566302 









0.19411053582566692 









0.20799042355052913 









0.19803484344206 









0.19136783824186412 









0.19961773028971194 









0.19182849167965224 









0.19726341099529596 









0.23712801057695523 









0.251595200832974 









0.2066411506392003 









0.18712837825760328 









0.18505868261815347 









0.16573820366929348 









0.15778315221173184 









0.1538988823575634 









0.13869648802659074 









0.1301089678435995 









0.1316266601445476 









0.11987891897553893 









0.10914476973863073 









0.10130195577590884 









0.10035094251132094 









0.11068270415941675 









0.11210554910049056 









0.11603430873177666 









0.11561664379145371 









0.10981390128856847 









0.13304853188887228 









0.1284284798385787 









0.11821838227371771 









0.1025976293974069 









0.0837526597321436 









0.07578157820954629 









0.0810374596066441 









0.08842383000479466 









0.09313487137754801 









0.09951699685700065 









0.1006085905475034 









0.10240406334207447 









0.11384605579422283 









0.1135657600219869 









0.10778874484327103 









0.11315219236686537 









0.11304942292458182 









0.11522304073568121 









0.12401798524366126 









0.12950150751115702 









0.12026219966915638 









0.12151592623530175 









0.1183215375111937 









0.12552307556455525 









0.12005172472689911 









0.12131547377011961 









0.11601876929081212 









0.11708710302649786 









0.11948149137378213 









0.12099346264472832 









0.1309949198227214 









0.131901935960743 









0.12881391655734425 









0.12644733844553177 









0.13232923664802834 









0.12266502957036012 









0.12404575569625836 









0.12954151930975996 









0.12707710741841427 









0.1220207629191882 









0.1269499669891674 









0.12688263047641785 









0.13014806713418203 









0.128949525578501 









0.13385858362852107 









0.13489569010816124 









0.12888854602274605 









0.13113650444337285 









0.1344753043820605 









0.135707997217096 









0.13713660462181876 









0.13917439049796723 









0.14264016565217366 









0.11115435868807477 









0.09041711933944963 









0.08735542837056129 









0.09240519611618014 









0.09621937945987863 









0.102793007857603 









0.094990592534483 









0.08886896722613315 









0.08274810757982796 









0.0832311865197621 









0.07940648144234436 









0.07297688482302278 









0.07424166460140394 









0.07785075651328706 









0.07420843275166432 









0.07479828283959818 









0.07718759649347981 









0.07501259044431742 









0.07820499997654361 









0.07911968805087868 









0.08033981734149317 









0.07633906874683434 









0.07149943951925555 









0.06875492674857 









0.06947982250627709 









0.07012482656943896 









0.08710983816644616 









0.16758251968611645 









0.1914077545859813 









0.1913378391897877 









0.1973232763783171 









0.20131523806838328 









0.18555574150844845 









0.18593306966861112 









0.18827542815051956 









0.19791552705478596 









0.2005720632142947 









0.1886200799757274 









0.18906499684576294 









0.18667150621735498 









0.20187905278299006 









0.20080203888520007 









0.20028032107887564 









0.1953417062818149 









0.18766000416597559 









0.19392655633348718 









0.20293875435838485 









0.1978672181708129 









0.19126204949889017 









0.20075719996188413 









0.19125357976497903 









0.19238662705063678 









0.19057192773703263 









0.1899306145463241 









0.1909397028860132 









0.19196064928772996 









0.19412633672805843 









0.1812145970271949 









0.1986054020737263 









0.18636928542314277 









0.19060662994541824 









0.19708320219082323 









0.19564645295836947 









0.20258842090047346 









0.19376150523051558 









0.2026248350577117 









0.19154511767569432 









0.19241969903399098 









0.18146639280019422 









0.18394852241156442 









0.1861026617305397 









0.1789470275703432 









0.18924737553884546 









0.1868753019286146 









0.19353467397633933 









0.1948828799222162 









0.1988100058781164 









0.283272885509952 









0.45851979563543654 









0.6766884345906529 









0.8831160662276437 









0.9466501658916907 









0.7619066544539458 









0.546490200066094 









0.491106506932265 









0.4648000678691184 









0.4359021962136433 









0.3799738021109755 









0.35403967342505155 









0.316184829635284 









0.3296770899584434 









0.33143455156488305 









0.34774673079238544 









0.38422273039609967 









0.4629814230339395 









0.5390747608284076 









0.6430548425630903 









0.6532098405783394 









0.6591861254308945 









0.6625255854284613 









0.7592968244686432 









0.351120191906328 









0.12149505604799567 









0.116540269577031 









0.11550156457199848 









0.12762465323706015 









0.1268132565729927 









0.12532302597139605 









0.1354836419805712 









0.13962442626452642 









0.1383310756832749 









0.1344794122574681 









0.136764122551546 









0.13747225354825524 









0.1337382039775861 









0.13141096902603328 









0.1405973525439152 









0.13813048155514543 









0.14690152887728525 









0.13890050808442236 









0.13603222779748927 









0.13747383225770332 









0.15219590648415499 









0.16395963724919668 









0.15188840112184898 









0.13732612123904325 









0.14970997027821475 









0.15845265766539685 









0.1511032156726369 









0.1493713337630588 









0.1530833503192491 









0.1547331556907231 









0.1571416532555057 









0.15903812768518982 









0.14761206362934093 









0.14657104987642974 









0.15968239199215345 









0.16512570454013498 









0.15377904622826574 









0.15416108061144237 









0.13878438086843192 









0.14704669402079495 









0.1516716277694422 









0.1483144869491081 









0.16251839835417028 









0.15765163304146906 









0.16112359298284532 









0.15574772748665056 









0.1690759816780903 









0.1910902256725247 









0.20092688106665177 









0.15715568183621562 









0.15190087050618398 









0.13942987629249073 









0.12914312674145625 









0.13863044514062675 









0.13536784243718328 









0.12485066782012656 









0.12169894120262316 









0.12247619422823733 









0.11555742355877402 









0.11596973974629529 









0.10751961901653075 









0.10391395610332002 









0.10901620899191394 









0.10951641930957613 









0.11453805862763666 









0.11096081429715002 









0.11534192703613651 









0.11698381923119454 









0.11408998151704532 









0.11393349123998175 









0.10497677677668711 









0.08568567775403964 









0.08083737979786289 









0.08417073621693916 









0.09993319808767723 









0.16734022423904257 









0.19187729859347707 









0.19865548367787503 









0.19808582838887573 









0.20668568007516777 









0.20270839561500056 









0.193335958452147 









0.1882049904352885 









0.18965357855374584 









0.19782793504743124 









0.19520602099802742 









0.19367468968224316 









0.18525180375599623 









0.18619574472990685 









0.19663916070432666 









0.18933611299227912 









0.19387640070576406 









0.1957382255089003 









0.19286362914991584 









0.19675788152897733 









0.20596575778599657 









0.1976434872141561 









0.19915610061173897 









0.1856002907345029 









0.19264685200936232 









0.1929902151171096 









0.1844760121586571 









0.19196008207241483 









0.18412140618742945 









0.19331237237169055 









0.1948020044304536 









0.1870837446669724 









0.20395333569659577 









0.19072862118132272 









0.1983495083749229 









0.19193331917572973 









0.19365855759941955 









0.19586495987235875 









0.18491292621639244 









0.18666777187598885 









0.1943503966605261 









0.19991794197337392 









0.19374896803988906 









0.19645271341740284 









0.19132845745902197 









0.19765509824242355 









0.19315115436135066 









0.19232310484090087 









0.20145312874178326 









0.21999802123272974 









0.5006654581688905 









1.2237577881531494 









1.4321508471641322 









1.476684728725259 









1.4869556725978748 









1.490277512127009 









1.4924136564130812 









1.4939024828439247 









1.4946480791764079 









1.4957001933324117 









1.4966541896978214 









1.4968536810784758 









1.4967741162908743 









1.496693525853388 









1.4958536199976966 









1.4957056506522233 









1.4961184819530675 









1.4960976675485373 









1.4964482107578683 









1.4968978814216067 









1.4973246056850213 









1.4979149536194065 









1.497880877944449 









1.4972277763115258 









1.4784436642050993 









1.0109526748199984 









0.2748812338777166 









0.17686877835560916 









0.1711779490465023 









0.17029580381945492 









0.1732589904732101 









0.1773188698529351 









0.18612612173941995 









0.18221856846426038 









0.18115839513490095 









0.18424646951927942 









0.18966540080383681 









0.19191279041569628 









0.20049906570347142 









0.20203304083637566 









0.1844788721337269 









0.19212795545981998 









0.18888118322922234 









0.2042043160476743 









0.1950574004424206 









0.18971341083218202 









0.18908684771048326 









0.19286284010198976 









0.19839726489165985 









0.1972741415072144 









0.195571070462078 









0.1907885381620773 









0.18833418308490865 









0.19821531851537866 









0.19978002143628631 









0.19178980480800373 









0.199876147901375 









0.20211553197851345 









0.19485913688362583 









0.18353577808503352 









0.18830948893003838 









0.18793827598468582 









0.18467699501345455 









0.20360081194355736 









0.20027098559046436 









0.20001875444047026 









0.20469738289137562 









0.1921024470280024 









0.1957262352646582 









0.2031042678358798 









0.19862324605427956 









0.2297174445402017 









0.38335314744254634 









0.5681676920884293 









0.6985737086478595 









0.8991003132735984 









1.0007169262931073 









1.130158306166764 









1.2025721570682149 









1.2890466709568023 









1.3553864961299438 









1.3818545481342566 









1.3579576819396328 









1.3362898890559847 









1.357729250134964 









1.3997633275606298 









1.4012375649394537 









1.4090391064406347 









1.417804260789906 









1.4284257543888432 









1.4507475430585828 









1.461491647754829 









1.4721442352282064 









1.474656063073641 









1.4729511669513862 









1.466059744621369 









1.39239149181306 









0.8740966706227953 









0.27426412556971463 









0.17681054865646428 









0.2041051479849651 









0.20681936991809796 









0.21113005329995724 









0.21159201194547464 









0.19898463657451484 









0.20082127039934963 









0.19809035679139075 









0.20800821086099358 









