0.03 









0.20637376472233118 









0.24175600187462193 









0.19562170758117492 









0.25385774198801464 









0.2648505061171005 









0.2617528905718712 









0.2577162377889687 









0.26364957053941407 









0.25612126187843526 









0.2463145329659856 









0.26655936910936967 









0.2806798627112473 









0.35987536943828347 









0.43341404306453357 









0.45200439023203764 









0.5969465739094214 









0.7934361776449443 









0.7753185969199978 









0.7463152329399793 









0.9036908396751936 









0.987387576553931 









0.9924685800453881 









1.0534879430272115 









1.0479843715935317 









0.996065547447939 









0.9848524825303255 









1.0657077836257727 









1.085781599442943 









1.0862679834310434 









1.0619170586440239 









1.0319067752983144 









1.0587212225011111 









1.0779870213850198 









1.1085835690177424 









1.0007133304797287 









0.9521666143241616 









0.8662694016571213 









0.8326500943367606 









0.7387450455465574 









0.6814126367933085 









0.6837896794327505 









0.6651442499839408 









0.6144631731946554 









0.6060969119341434 









0.5883538292394377 









0.4954294089070888 









0.4558887779694876 









0.4812653206282522 









0.44438495187462557 









0.44508498335211694 









0.433593444285612 









0.4409885771581699 









0.4094405786411578 









0.41641910170202906 









0.46387372027109786 









0.4635529385881536 









0.45264167798134747 









0.412310689002403 









0.4214815145183085 









0.4262278683724402 









0.44326505685157747 









0.4105796226106522 









0.4631919408843666 









0.4733530613825499 









0.4055507906171423 









0.4104934563683086 









0.3872253622080381 









0.3339866271892832 









0.3299378390020255 









0.3710393073772813 









0.3657058580840663 









0.34549310042670883 









0.35912259833210447 









0.3574292731545767 









0.3577165956148959 









0.3554394727729402 









0.3894059950753293 









0.38472131726526554 









0.37754759647895547 









0.36984543985835355 









0.3571935513558512 









0.3726891039226479 









0.3707728041076967 









0.4580701582070957 









0.6454595377154585 









0.6967735506165459 









0.7568827289015705 









0.793842317922427 









0.9317313308342139 









0.9723677538771276 









0.8660078793191504 









0.9199200766500203 









1.0702626078765065 









1.0916378077162263 









1.088319205325514 









1.0940746195637583 









1.128841363533142 









1.0689238109642916 









1.0291658086104414 









1.069359200061239 









1.0606600015473129 









0.9704522623406773 









0.9572352929095369 









0.9790080757782633 









1.0302922981966394 









1.0598508378504812 









1.0241023983311415 









0.8943818264310633 









0.8076468154028621 









0.7392761443738609 









0.286816494574299 









0.18939042420608174 









0.20789928310948239 









0.2417495495769696 









0.24226349060172264 









0.2527491969788745 









0.275110832439059 









0.261978397434892 









0.25491412589086027 









0.2564336563880106 









0.2636776549430609 









0.27461808509848834 









0.24878748713204926 









0.26640847590164934 









0.25133772719921244 









0.25422746590889417 









0.2404448057807763 









0.2664925366077326 









0.24608215645484613 









0.24101149051958076 









0.2591624860298339 









0.2622500748602382 









0.26740702599090255 









0.27036608387529887 









0.25522594053418496 









0.25628290327174524 









0.2791922027891863 









0.2613486436060714 









0.25763295066764735 









0.24471996946231314 









0.26577651035891803 









0.27186597743700847 









0.2696333243935932 









0.2567028929015718 









0.26121723529383684 









0.2528094378619172 









0.25594190867638766 









0.255079154785949 









0.2582359318473264 









0.260194048603013 









0.271399505664836 









0.28517160394660557 









0.2699558919986186 









0.2764556629427678 









0.2365951618353136 









0.25040474464847473 









0.26401632333943786 









0.2799285659665792 









0.27358400346572403 









0.26597616118729095 









0.2638055612025093 









0.2929371146829527 









0.32409735971499964 









0.3568218152981806 









0.4226198421790871 









0.5527012074325276 









0.7792747053904098 









0.7846900254805538 









0.7158077115575379 









0.8021794295736293 









0.8783764589643652 









0.9834753336263538 









1.0441464440726496 









0.9743728591980163 









0.9589231642326027 









0.9738836640773932 









1.0559751509024098 









1.1161640514926798 









1.1771291379821203 









1.0430618735425583 









0.9981326783780933 









1.0267557771314075 









1.0313924765803741 









1.0987408442224014 









1.0855028442999566 









0.9848818483597221 









0.9284484188351682 









0.8456609630347921 









0.7957585285304656 









0.6678085535993721 









0.6390058203087098 









0.61277532462525 









0.6079704137750579 









0.6522677483553496 









0.5996990885438993 









0.6035950206079479 









0.6252379962399349 









0.6229551397442735 









0.6472037893906626 









0.598223434453255 









0.57306945068428 









0.6061834053186247 









0.6263390603678888 









0.5956992795229874 









0.5992502905797386 









0.6066224090091481 









0.5736797899479474 









0.5551189613684581 









0.5599713379039302 









0.5416298472499498 









0.5192958315663778 









0.5357593414241897 









0.5196773784056741 









0.49641039065289916 









0.4981799028018772 









0.48426916987057134 









0.5282589488745696 









0.5407682636397894 









0.509571927939285 









0.5168392298264491 









0.4754719121667843 









0.4647026194452264 









0.4715487064141415 









0.46431662421218206 









0.44879499534443507 









0.45493797274663916 









0.4669113616120303 









0.4683828620612599 









0.48884092441228566 









0.4945810202122657 









0.4932579797602298 









0.4749649147300659 









0.4800983077447527 









0.6663625452157624 









0.8045922946736461 









0.8191008991892346 









0.7900755478784174 









0.7759300535375635 









0.8707930867671304 









0.9096217956417373 









0.9028728539461914 









0.9052868964538955 









0.8996782882643007 









0.9673319965085653 









0.9590294639633582 









0.960232421078721 









0.9753774658137954 









1.050885862036197 









1.100620092791914 









1.0488189706650284 









1.0477173437988698 









1.0571194306886176 









1.0352434237078671 









1.0437726834940229 









1.0903109509009934 









1.1096598000654072 









1.116200037808915 









1.0864129909408604 









0.9940390041175445 









0.8161497795382958 









0.2870674480095289 









0.2079577254825609 









0.19687584269230834 









0.25128621118291333 









0.25503440144237743 









0.25619070279393896 









0.26936860282722463 









0.2572769258545922 









0.2790345152478059 









0.25858276717545026 









0.2541649471004639 









0.2564721079809652 









0.26226404741952153 









0.2749672579095233 









0.2555394142725928 









0.2615104931225803 









0.260997082181162 









0.24935986421383247 









0.2621145092787386 









0.2551391833134519 









0.2631500295479815 









0.25855077216941563 









0.24091102846321633 









0.25261354965547295 









0.24907627288995576 









0.238799958964755 









0.25244924196207624 









0.25424700451486615 









0.2610438784321366 









0.2636309688653228 









0.255878445650179 









0.23872645788241495 









0.25494931736652443 









0.2649120120012493 









0.26000610198815527 









0.24991283016043572 









0.2652507217416855 









0.25586518407916004 









0.257701941759214 









0.2645086088000819 









0.26059088233969147 









0.24542560767405588 









0.2709878632072553 









0.2555549315456774 









0.258456291598246 









0.26135235943250257 









0.26950446914735166 









0.2514166603865823 









0.241012579561371 









0.24586391186241477 









0.2697143166201919 









0.270174318895142 









0.3671766133040067 









0.47325517711161846 









0.4992012452046187 









0.5991141820615815 









0.6586139720305498 









0.6775069483956295 









0.7507874989104849 









0.8266301966582829 









0.8257595498504575 









0.8682415977920271 









0.9745153101033469 









1.0466868382314933 









1.0300534321913548 









1.0103177657905733 









0.9887090947089743 









0.9886911024537823 









0.8904683416483281 









0.9456062869650911 









0.82220487634459 









0.8288100594639762 









0.8687786053594997 









0.9997635831023223 









0.997804027098008 









1.0164392776952704 









0.9840076790571364 









0.8556090178696034 









0.8191338466900374 









0.7429488885815739 









0.7424509692352971 









0.6934601790813407 









0.6305209401191693 









0.6301783634856267 









0.6218487836904127 









0.6045922563521292 









0.6107845317789097 









0.6210461831052181 









0.5290039502913225 









0.5398541498435884 









0.5563651420453012 









0.5573285362642778 









0.5440887869393974 









0.5646796810639976 









0.5466141558431281 









0.5787647093992925 









0.567067981691667 









0.5678626673620923 









0.5489762877588963 









0.5573937823202633 









0.5006281777219761 









0.4899724863443197 









0.5094721611751372 









0.529848809540954 









0.4909045316709922 









0.5541517000185685 









0.5631260225747116 









0.5410328582736518 









0.5112269518063128 









0.5788888426034804 









0.5012388019562406 









0.5013833518025742 









0.4995295781667709 









0.504295362409405 









0.4561976910453931 









0.44670162756492626 









0.4905302959656532 









0.5172068624960213 









0.4719752305052034 









0.4626122981662396 









0.4950187213074724 









0.49355417485652747 









0.498604388532952 









0.6553245585153206 









0.8996699009802167 









0.940301912777086 









0.9250664003038322 









0.8924030708512113 









0.7932121853577242 









0.8570080730557523 









0.9497371952373851 









1.0289975670882747 









1.0062649463915532 









1.0566528687562797 









1.1202411738673994 









1.12761831089365 









1.0994120894235497 









1.1230552357048376 









1.1539058711825416 









1.1342510020976593 









1.1560413554911086 









1.1173229665021904 









1.0999532964106615 









1.0676397636638113 









1.0672538079321994 









1.1075098317102148 









1.1459948252628593 









1.1516394311379947 









1.1228999336969232 









1.0826565421174228 









0.35579355163186444 









0.2012213911382742 









0.20332901234245457 









0.26264820123843424 









0.2547099233896864 









0.2544434088892273 









0.26393401208934236 









0.2754608616860714 









0.2519904571410213 









0.25785611925006 









0.24554217465583575 









0.2616031980271793 









0.2552763600727235 









0.2638342635600424 









0.2371477952770675 









0.2536776835421139 









0.25332784480714676 









0.244384139892752 









0.2535668821760463 









0.2544290951178403 









0.24543236455669637 









0.2711925287687952 









0.25784283392455815 









0.2652166997689811 









0.26855462423734955 









0.2659135631448298 









0.25923459591991094 









0.2603067817108631 









0.26797663567300006 









0.27512279091194625 









0.259733195872445 









0.24458321023820245 









0.2534783201379133 









0.2639575641819202 









0.2540788192569392 









0.25182075577415813 









0.24919716145898682 









0.24957561983341572 









0.24776898981659007 









0.2535224049360281 









0.2484337305515142 









0.26054066821980937 









0.27108081306258347 









0.2667066249288456 









0.25656210419760245 









0.25505551494610756 









0.25338212704893903 









0.2571514104103954 









0.246606429881905 









0.24467692806781477 









0.2763278640169209 









0.30244592769292983 









0.38765494697201563 









0.4614050926518221 









0.49412068258048714 









0.7079937903449108 









0.8470491546654051 









0.8780255062319702 









0.9251187669409483 









0.9374646147845654 









0.9703701716356818 









1.0207673178530245 









1.1159535228366122 









1.1215734681993343 









1.062770591953763 









1.0606034594823373 









1.0443128468804304 









0.9349656852929258 









0.8856274420701156 









0.8286727953162898 









0.8423220007663402 









0.8245023429390342 









0.8852722553452264 









0.7700390481179401 









0.7265305277603143 









0.6926760286599521 









0.6327480345271111 









0.6171399258353468 









0.5778997705209555 









0.5363873133038765 









0.5296389729400899 









0.5017528110135012 









0.47504345097464395 









0.467317725434788 









0.491377146083361 









0.5167000072305556 









0.4924361559333996 









0.4805677779818722 









0.4873817593160781 









0.4593180326267093 









0.4816297087999564 









0.46742393670917237 









0.45913568277962497 









0.4734101563571306 









0.46547404207418247 









0.3953818936590432 









0.3749031163345913 









0.377490309534781 









0.4158067264978468 









0.42134930728360465 









0.3782906734002677 









0.3944168933082831 









0.39128924663263104 









0.4099795648517878 









0.4003426497230862 









0.3760367650453713 









0.37838008839948717 









0.38357476914781885 









0.4260481563618549 









0.3724939097385337 









0.3903872849433418 









0.40186339244951225 









0.3996536522620166 









0.42822233301788953 









0.4154229793800404 









0.3905523905456404 









0.3741778316109706 









0.35801189893264584 









0.36934538822211677 









0.37908755217809914 









0.3903542992628215 









0.3719957564666299 









0.38280233811479575 









0.43903235576034394 









0.6218349361251567 









0.7274169072980823 









0.7931919461685947 









0.9398607233429355 









0.9705040275001791 









0.922706640939541 









1.0148702333509123 









1.0950661148611602 









1.0814008279829703 









1.0982524805767577 









1.1490711843981856 









1.1779520698603325 









1.2354604757431742 









1.2144436743756222 









1.1969933664906665 









1.1364786671463372 









1.1388791436158285 









1.137382886912016 









1.1101144692180474 









1.0994683038713455 









1.151253272067805 









1.169962201471128 









1.1524796767089756 









1.0393629479163837 









0.9626034378995936 









0.9560403092868597 









0.3359751813625189 









0.19933671781466963 









0.19231062912842975 









0.2642655041267508 









0.25253149318149476 









0.2529908624048709 









0.2559860814219635 









0.26253938704328816 









0.26303414685598114 









0.25217957546566777 









0.264441431733568 









0.25264823431345734 









0.2482496044507686 









0.2695013625808019 









0.25730820071228777 









0.263282449452777 









0.261438497269463 









0.2674841095016838 









0.24865928550924407 









0.2548947777382734 









0.26427962659201004 









0.24749737153937884 









0.24532672921915433 









0.26227647728983117 









0.26193055154431744 









0.2660048626188564 









0.2665049509075138 









0.270828862502826 









0.2639509369402364 









0.25286869613767865 









0.2613808789360231 









0.26948102968316584 









0.2582793532410839 









0.2503064670137438 









0.25640752587195764 









0.27488569892206943 









0.26161523462409964 









0.2583352785671358 









0.2637655262238033 









0.252838720467651 









0.25292092851133946 









0.23919211132467189 









0.24863420895568206 









0.2650193670094887 









0.2453000506190371 









0.26022255255274057 









0.2520389964660291 









0.27201558586573366 









0.26505416938240195 









0.2674437640570971 









0.2510358886858828 









0.2792739635356131 









0.3021791157895793 









0.2841188261488712 









0.3034155424203798 









0.35548413328752376 









0.38543290098463256 









0.41362575102265375 









0.4340049342507391 









0.4261509373619601 









0.409097469985346 









0.4282836933737303 









0.45126873765405306 









0.45683972353743996 









0.58062868393283 









0.6233366222781561 









0.5905920884474657 









0.6138249799998394 









0.569759093511073 









0.5447147041635192 









0.46319625618129356 









0.4192569834183786 









0.4577360560506806 









0.4799238544433609 









0.47331908508976345 









0.45989853479016873 









0.4239420118295777 









0.4490006157184255 









0.44853793820806453 









0.4436235306338321 









0.4311238448405914 









0.399831451391636 









0.4099080105983408 









0.388301767288448 









0.3993457936719735 









0.39343063083304874 









0.3481246970429409 









0.36878764352044163 









0.3342354282250023 









0.32801287625108405 









0.3685679409873664 









0.35649264913292217 









0.3687239376347878 









0.348928903360427 









0.3366647426772741 









0.3589173283789155 









0.37368919730645733 









0.3516832653442266 









0.37840755952907446 









0.3660867127098578 









0.355895896870257 









0.3609568965724026 









0.36900215186587554 









0.3706279833607761 









0.3681178172050629 









0.3540458835883613 









0.34150087297302767 









0.3586016544975983 









0.35256802132320714 









0.3748983381354267 









0.36089631749564277 









0.3561098612734975 









0.3647146823973464 









0.35070169245684946 









0.35518754389581975 









0.347640843413549 









0.34321796529641246 









0.34338233097139437 









0.36715862938507254 









0.34363702853226713 









0.3522866523001837 









0.3443724970610205 









0.3403850565415062 









0.43843870003706964 









0.61950623959642 









0.6798856625611996 









0.742250638870976 









0.6984051059321511 









0.6818278418321302 









0.6104448121311098 









0.5522494003109171 









0.5480333273491172 









0.6544177799688065 









0.7666441936253781 









0.7561537760114168 









0.6289392401899342 









0.6368192090295789 









0.6565749928267198 









0.6433884370246248 









0.6609767792206207 









0.5484886987557595 









0.5328118808258672 









0.4878084268987295 









0.48593541081640723 









0.5391472998444287 









0.5995220235018808 









0.5227879258267804 









0.4305572430770821 









0.43310519137772974 









0.43046861854477736 









0.19189162652170721 









0.189119233082949 









0.25115939752875377 









0.25241329414872904 









0.2654789163346765 









0.24319359804066762 









0.263720806029083 









0.25853213388765073 









0.24067901690760943 









