0.2 









0.00026668990987795046 









5.9215319130875515e-05 









6.352825716605961e-05 









8.21954252842489e-05 









0.00011415898253235117 









8.515466415303138e-05 









7.221715699448552e-05 









8.271153327539754e-05 









8.768668809882076e-05 









6.340393045927086e-05 









0.00011262827652378397 









9.072614846540272e-05 









8.784601552341099e-05 









8.453075117590077e-05 









0.00017039268479442397 









0.0001771641934553853 









0.00029997315669088724 









0.0002213093785376526 









0.00016248294240335073 









0.00024233119398244494 









0.00032631283618918575 









0.0003397728397223845 









0.00046413351617798836 









0.00043121261597433707 









0.00035988721148722355 









0.0003717523383936442 









0.00034829747457845907 









0.0003120325588022384 









0.0003413278620108199 









0.0004253948904644194 









0.0004271613143680839 









0.0003949070725946689 









0.00035435944396613117 









0.00036883394743868615 









0.00045435978111784536 









0.00036310972356042996 









0.000260378253786451 









0.00023117664523095486 









0.00022862730909462562 









0.00017462053605920292 









0.00021917186150502912 









0.0001493782694355228 









0.00015987596474007884 









0.00012759484207729404 









0.0001642251057201133 









9.897353162417912e-05 









0.00010437058415305872 









0.00013881524958550496 









9.733417414639522e-05 









0.00012439684577047973 









0.00013370579724353851 









0.00010576767621426513 









0.0001002306059667518 









9.128888367139787e-05 









0.00010688035218193819 









0.00013558701768948201 









0.00011510792613311545 









0.00010437574396902628 









0.0001067909337401853 









8.275833685016947e-05 









0.00011374475594653379 









9.30021164974439e-05 









0.00015101157402743571 









9.365087423262078e-05 









0.00010687844662388907 









0.00011347472370051415 









0.00010747893157905615 









7.82179505199821e-05 









9.647071537753518e-05 









9.614370111672395e-05 









7.473828370595624e-05 









7.469208706683341e-05 









0.00011151114257582068 









8.218205855088569e-05 









9.769980389615776e-05 









9.798162886541189e-05 









8.9968988711613e-05 









0.0001107411705206396 









7.490595649602751e-05 









0.00010601660872550518 









8.717827108282627e-05 









7.73192360922011e-05 









0.00010570171812333728 









0.00010922587198288007 









0.0001904880270104298 









0.00022516173301610136 









0.0002595321399232132 









0.00017967469392583623 









0.00028139632634317644 









0.0003134876558160677 









0.00020962831690789473 









0.00033762353766599197 









0.00046139585322804466 









0.0004367238271724887 









0.0005083718090576114 









0.0003611049913320703 









0.000442470959660127 









0.0002752221279763877 









0.00033499923366528254 









0.0004534270786839875 









0.0005262123795020976 









0.00034470009167087285 









0.00037735544338070797 









0.0003108715658679571 









0.0004029156822845445 









0.00030368325382011945 









0.00030180864183912144 









0.00031261453938849905 









0.0002692575833296753 









0.00021744581516082044 









7.648621605900081e-05 









7.818022788511617e-05 









8.041810489359721e-05 









8.371273757272276e-05 









6.686451021373742e-05 









6.537268134641102e-05 









8.74009784244957e-05 









0.00010301540873813579 









7.263020548623733e-05 









8.237420066666777e-05 









6.819657124091415e-05 









9.28609095898758e-05 









7.108630045208649e-05 









8.071451048024999e-05 









6.16985748011908e-05 









9.673789049520506e-05 









0.00010148169685280766 









0.00010363140050346683 









8.872911887923791e-05 









7.333618615613985e-05 









9.2597029245766e-05 









7.69623197902589e-05 









8.559686970563914e-05 









0.00010075017643562092 









7.177478520816754e-05 









6.637659971535149e-05 









6.931569426478726e-05 









6.525148371066579e-05 









5.818054145453829e-05 









6.414546542389462e-05 









6.741978222107911e-05 









9.303380721060789e-05 









5.40559016612495e-05 









6.70414443872016e-05 









8.252926556515434e-05 









6.888646927914052e-05 









6.085051965552521e-05 









8.52556128537238e-05 









8.357387028389655e-05 









9.399888059925248e-05 









7.860228229074031e-05 









5.742767188950507e-05 









7.501555972878228e-05 









7.813810129773423e-05 









9.090731478330615e-05 









7.500985964444627e-05 









7.879953495171232e-05 









5.7744970980035546e-05 









8.612069266730285e-05 









6.142636917711006e-05 









0.0001029160464076887 









6.741315333454718e-05 









7.353919683177851e-05 









8.8691774454841e-05 









9.552263335157935e-05 









0.00018836599188625715 









0.00029386127301856313 









0.00023404424388420557 









0.0002603935077824176 









0.0002595548293605748 









0.0002931935908293069 









0.00027225822654630726 









0.000416558951233342 









0.0002680164683210064 









0.0003396151789560081 









0.000385295733801 









0.0004216393078160495 









0.00047231303240222416 









0.00041528003586688425 









0.00041347380278250446 









0.00046970775685215845 









0.00033996882367705767 









0.00026929026254453455 









0.00041788877590663576 









0.0003686678870155099 









0.0003469504195448732 









0.00019819265302715365 









0.00017065039838736 









0.00028462333745475513 









0.00017082520606750263 









0.00014348922950528273 









0.00017225179796257205 









0.00019616365984313468 









0.0001757003163633365 









0.0001677024767746484 









0.00019617821594107522 









0.00021025986276613633 









0.00018533035464628295 









0.00013238743983161945 









0.000186068085174591 









0.0001494683185031958 









0.00016241119919989714 









0.0001407566762932115 









0.0001791588885924172 









0.00013055477462330377 









0.000168838554770723 









0.00014693471667467185 









0.00013857539437883614 









0.00012237123582073685 









0.00010818012660185752 









0.00010549268054143459 









0.00011521847265281903 









0.00017951548344095818 









0.0001270070756654154 









0.00011711694226770625 









0.0001359998206608858 









0.00011670650018741731 









0.00016624718801894293 









0.0001641487791379767 









0.00011056769397178642 









0.00010589768237593499 









0.0001270884227152718 









0.0001226338138227983 









0.00015600482217109412 









8.19643760660522e-05 









0.0001377583892405576 









0.00015391852375069967 









0.00014209009906088538 









0.00010647274460071313 









0.00012564744210420513 









0.00012402432487028492 









8.850783934482304e-05 









0.00016229682360028875 









0.00016891330448715313 









0.00021627856406022066 









0.00022822076475463647 









0.00022647953360628592 









0.0002210308640650493 









0.0002509507772772493 









0.00041352467327907124 









0.00031223056140520237 









0.0002938250097591315 









0.0003525992648111951 









0.00032968266102690084 









0.00027587041788532346 









0.0004307878684719557 









0.0003987794341486835 









0.0005069382501244551 









0.00039482971804679517 









0.00028892411146836977 









0.00032205875444941 









0.0005562599970101701 









0.0003666538032902078 









0.00033565223508255637 









0.0005514354953222243 









0.00047328772856721705 









0.00046096722245773036 









0.00044576916580351083 









0.0003395088094533295 









0.00028320797390969535 









8.579981856334e-05 









5.550357923396292e-05 









8.38570618172241e-05 









7.527773762509735e-05 









5.8123664225553654e-05 









7.042641746469573e-05 









6.274426563871272e-05 









7.642541146228075e-05 









8.987665419146648e-05 









8.19525707937876e-05 









6.662387416451045e-05 









7.245428399148572e-05 









7.452663884810979e-05 









6.894792713912256e-05 









5.798837998567804e-05 









6.34700051579518e-05 









9.766368294542873e-05 









8.989923571865998e-05 









8.674000086553719e-05 









9.777910966815779e-05 









7.664882498445736e-05 









0.00010023608600718893 









8.466108313711756e-05 









7.773622553097363e-05 









7.157067361151449e-05 









7.808675731337302e-05 









6.449030099548944e-05 









6.471684321497043e-05 









8.120691123171046e-05 









8.199624439774056e-05 









9.431144252025777e-05 









6.67463558467599e-05 









7.09101828875599e-05 









7.347155449103298e-05 









8.621390087514785e-05 









8.850461430201794e-05 









6.303178927554443e-05 









6.925920714834403e-05 









7.227419190701467e-05 









8.877397750006223e-05 









7.030181046723648e-05 









6.310547344023084e-05 









0.00010128411923869424 









7.55027994854029e-05 









9.027164207762671e-05 









7.902672689197291e-05 









9.630352628812219e-05 









7.284615373516934e-05 









0.00010743165141992071 









7.581966058059108e-05 









8.700251165340816e-05 









7.046829017240828e-05 









0.0001361520676656187 









0.00012037545720936334 









0.000133538701208268 









0.00022903730175120093 









0.00014386385403363842 









0.00013447639601966153 









0.00029817413780406873 









0.000275286862182189 









0.0001826867215125855 









0.00030692491308109736 









0.00041208068254323027 









0.00042800636103816945 









0.00040614464756135674 









0.0003297310954931636 









0.00036297197247930993 









0.00022508654407381326 









0.0003691009510401536 









0.0003158603854727807 









0.00024153959122928114 









0.00023227690646776897 









0.00025431993242453074 









0.00040359976665885444 









0.00033176340331303325 









0.0003783820057183941 









0.0003518724583070601 









0.00023945231751194325 









0.0003018426017901191 









0.00023949909052868178 









0.00016582880516762422 









0.00015594036188235208 









0.00016424955731094153 









0.0001512070348543443 









0.00017777801180453483 









0.00016574276174635087 









0.000221120953595819 









0.00016871585164627035 









0.0001306800620161735 









0.00013193366086115043 









0.00016741870211737456 









0.00014878376553013206 









0.00013240745170279964 









0.00012996256048181256 









0.0001488645219244853 









0.000146081552007183 









0.00020534212361086242 









0.000198309025842144 









0.00017155051969361434 









9.670811683283519e-05 









0.00010641005936461054 









0.00015355545612313507 









0.00012110624749161068 









0.00011412747656325727 









0.00015012703612039775 









0.0001344644440480479 









0.00016427973080655604 









0.00013090800608119425 









0.00011768473414478279 









0.00015496762056428702 









0.00011953783514046868 









0.00012625326933981916 









0.000106471130436604 









0.00017935925219555 









0.00012759890708132873 









0.00012584402396749667 









0.0001314643246401786 









0.00011364512165190082 









0.00011594376542050259 









9.934652527504394e-05 









0.00015511055273620804 









0.00013950573712942992 









0.000134431256190873 









0.00022915960179520605 









0.0002944711420366792 









0.0002027615611055175 









0.0002501716542496334 









0.00025126567800056636 









0.00029461340197165756 









0.0002149405974055836 









0.0004230192756963092 









0.00037513211939099137 









0.0002603434594100755 









0.0004198428468561655 









0.0003633496093018758 









0.0004441484737026304 









0.00044591385192698353 









0.0004962269257997315 









0.0004840189495890663 









0.0005495214214965101 









0.00048060263058854916 









0.0003360807858451571 









0.0005160692057675001 









0.00041420378516379285 









0.0004261366872608701 









0.0005737225693092072 









0.0005631244110769745 









0.00032460159196413764 









0.0005756825706034495 









0.0005167569374393177 









7.851402152953182e-05 









6.336030436054967e-05 









6.81514309578817e-05 









8.031574604953963e-05 









7.254136951147035e-05 









7.129802077766964e-05 









6.799977720139482e-05 









7.605830242360598e-05 









5.754108762015775e-05 









8.415032917598042e-05 









8.450564124896608e-05 









0.00010406883489353814 









6.999171422409434e-05 









7.898703408557983e-05 









9.842030575863766e-05 









6.637319473015992e-05 









8.905202826390277e-05 









8.707061347256456e-05 









6.461930364107348e-05 









9.311212607965385e-05 









9.382255231116993e-05 









6.429356720661082e-05 









9.519757093227875e-05 









7.523424792483239e-05 









8.369682691794766e-05 









0.00010166072220723537 









7.166260501879772e-05 









8.635050931774182e-05 









9.187132847516036e-05 









8.395533807696142e-05 









6.223796113954826e-05 









8.823735668660556e-05 









6.149075735717492e-05 









8.274630344343424e-05 









7.372579949924108e-05 









0.00010445088664782408 









7.834428149666294e-05 









6.743727757380218e-05 









7.514163134418322e-05 









5.8152411516155836e-05 









8.438217515796979e-05 









8.811848571434869e-05 









7.433862737050314e-05 









9.853536710306284e-05 









8.913675731632783e-05 









7.378145880091943e-05 









8.111172541859599e-05 









7.11886202986037e-05 









8.011230553017426e-05 









9.872904459867917e-05 









7.079179717474135e-05 









9.150635294859117e-05 









0.00010869837806120903 









0.00011805345902042246 









0.00016145674392748242 









0.00028319830187023705 









0.0002145871116119787 









0.00024642101181109033 









0.00026083540492331185 









0.0003183612642671318 









0.00036007957036923016 









0.0003738282663613865 









0.0003961136074838779 









0.0004098682133877601 









0.0003756278740793832 









0.00033681454894973273 









0.000434560487170879 









0.0003120521415057605 









0.00022121067751911048 









0.0001957371281594465 









0.0002447942647610773 









0.00022356723919394263 









0.00021329930091606612 









0.00015589836670068508 









0.0002580870714740636 









0.00017037231112189196 









0.00018017291544467515 









0.0001328659969134869 









0.00016974869108733626 









0.00012276023113320318 









0.00011668311945497519 









9.983709602869379e-05 









0.00010795945066595039 









0.00010238341726966394 









0.00014494793148911163 









0.00012596532612610986 









0.00016954930776867078 









0.00013188193531480817 









0.00012900906377451683 









0.00011371116841795616 









0.00012931972246873032 









8.822977336714578e-05 









9.68931006218824e-05 









0.00010584399199699287 









0.00010799496513145732 









0.00012813688957276267 









7.132753091811958e-05 









8.873587743773558e-05 









0.00013003739242436107 









0.00013138817308389392 









0.0001374962500351248 









9.37868160827821e-05 









9.434212496571108e-05 









0.00012669613542641578 









8.243033848867538e-05 









0.00010975450889221397 









9.275691002081333e-05 









7.606154321265101e-05 









9.45370421494973e-05 









8.734586148335642e-05 









7.749280782096829e-05 









0.0001085728955280079 









0.00012302068961941287 









0.00010342177012161136 









8.842089619529751e-05 









0.0001312822240263914 









0.00012027255187851786 









0.000112581142932809 









6.884934121553375e-05 









8.980062567512265e-05 









9.164900115587467e-05 









8.596751776352616e-05 









9.182076779352931e-05 









0.00014117509201676498 









0.0001435723989811304 









0.00017500600904747356 









0.00022141308658057382 









0.00033113875142955587 









0.00036506096041080986 









0.0002450418623036781 









0.0004630362457313594 









0.0005009939882176315 









0.0004031002344113225 









0.0003560815638965281 









0.0005181617068603269 









0.0005694394246707321 









0.00045113547111241337 









0.0006530310032773171 









0.000358778626602695 









0.0005735966545609423 









0.0005335588400147665 









0.0004816913177463592 









0.0004136977041923394 









0.0005257459930851959 









0.0005865808776145256 









0.0006200888306736032 









0.000350196908764694 









0.0004197485425982122 









0.00027492609212428616 









0.00039051407859353013 









0.00011068043744523622 









5.526014776624528e-05 









7.574643917085164e-05 









6.327836168747214e-05 









9.981040473696593e-05 









8.420507506843115e-05 









8.231209872144903e-05 









7.367665942949387e-05 









8.903825477286586e-05 









7.273990319779783e-05 









9.35367910576566e-05 









8.858430631431346e-05 









7.802360450472587e-05 









7.387345182647775e-05 









8.884150832103285e-05 









0.00010077700171356127 









7.273440707156493e-05 









9.272748970434895e-05 









6.170611789157955e-05 









8.061388345067031e-05 









7.484282244565069e-05 









6.372983737447641e-05 









6.816703953580364e-05 









0.00011225300710384331 









8.16748762727264e-05 









8.532462961853576e-05 









9.277646822450327e-05 









8.337994444310497e-05 









6.313870805791328e-05 









7.904751964862741e-05 









7.505320673782502e-05 









0.00010048638079519532 









0.00010243698750198178 









8.058318756221447e-05 









7.181159965646e-05 









6.25331452221958e-05 









7.029253216363896e-05 









8.684335300642998e-05 









6.089530527050845e-05 









8.009796942542919e-05 









8.24652959321031e-05 









5.372285651873126e-05 









6.723991262650627e-05 









6.30863944847891e-05 









7.272139032971536e-05 









9.162374148220977e-05 









9.694861390786727e-05 









0.00011258993372644808 









6.55672974579367e-05 









6.723234404811882e-05 









5.607604598464682e-05 









0.00010180727360610921 









0.00010303364485397782 









8.261472360617409e-05 









0.00012347559457270404 









9.838490245147704e-05 









0.0001259719998440694 









0.00014448478578710233 









0.00011731132077603589 









0.00013694765956236545 









0.00011572940481426687 









0.00012379109730793883 









0.0001436818172179657 









0.00010565603242162214 









0.00011433122033414057 









0.00010813870915694096 









0.00015397977340334874 









0.00019631552452611722 









0.00010804330219305241 









0.00011604385554071989 









0.00014220779012499661 









0.000131602907004414 









0.00013684360066961327 









0.00013849388389340004 









0.00011554066668488774 









9.358138858749441e-05 









9.91319995848323e-05 









0.00010748367946731408 









0.00010615082031321157 









0.00010372280603953055 









0.00010720386714028163 









6.657155483739277e-05 









0.0001227369053467368 









9.561610626131493e-05 









0.000106562666628612 









0.00010398888154178939 









0.00010877653540401113 









9.984569147083186e-05 









0.000116669293185524 









8.830991489439149e-05 









9.029476379741273e-05 









0.00013469524864317432 









0.0001423848775603424 









9.357721971874442e-05 









8.31021070484131e-05 









0.00012993811424585577 









0.00011917495461164843 









7.967198563365807e-05 









0.00011724281662866501 









9.397431015771381e-05 









9.994559880256482e-05 









9.83567656728629e-05 









0.00010235735132591008 









9.80756127849365e-05 









0.00012743800596867663 









9.053864318150524e-05 









0.000127927737273349 









0.0001039657900412869 









0.00010107804889699184 









0.00011325737082316787 









0.00011208278478220615 









0.00010690233238036886 









9.574526769689084e-05 









0.00010899700362401062 









9.68653553263888e-05 









0.00010456186907278751 









0.0001105261993936252 









0.00010740474620459194 









0.0001237772535080456 









0.0001014256898331798 









7.8811843218744e-05 









0.00011678803469058899 









0.00011090648967331455 









0.000120977486884442 









0.00025540803137822293 









0.0002548701539348273 









0.0001679534772029301 









0.00015107007173692787 









0.00018726170666166813 









0.00014415882570968018 









0.00015550151681640337 









0.00011988148903147082 









0.00013944636844052437 









0.00022604257243822695 









0.00021922260892352996 









0.00014345807148010412 









0.00016925405896513112 









0.000137644150204042 









0.00017499825952838245 









0.0001495774872475944 









0.00010600074852463916 









0.00013635741925976738 









0.0001319360128029735 









0.0001443921114657363 









0.00016647308844889766 









0.00014427664708049104 









0.00013342831974801214 









0.00010301927427149248 









0.0001392847953068998 









0.00014972523151360548 









4.7669983469407475e-05 









7.07450537195632e-05 









5.8602986194062597e-05 









9.600324193285794e-05 









9.041055052149915e-05 









9.358213894478081e-05 









7.588889444434093e-05 









7.495728792010709e-05 









7.763182022049991e-05 









