0.2 









0.00035284597856906856 









7.390628850531617e-05 









8.728407796299627e-05 









6.730730693888784e-05 









7.81577660747874e-05 









7.057115712659284e-05 









8.43826147618468e-05 









7.328027698833592e-05 









9.650067904911949e-05 









6.308772758294835e-05 









6.55307218145908e-05 









6.107030339697446e-05 









6.815978519047358e-05 









4.741946629389855e-05 









5.900536732637288e-05 









7.951204695884472e-05 









6.371390884397727e-05 









4.9092428631741696e-05 









4.934544706681087e-05 









5.3378942169642654e-05 









3.954216008143885e-05 









5.7021275650947145e-05 









4.7475915333447034e-05 









5.191597932111245e-05 









4.6092532301076554e-05 









5.298156350950289e-05 









4.8054770889552155e-05 









6.285505527658846e-05 









6.287806379736015e-05 









4.1415649878450955e-05 









5.059590414307536e-05 









4.586380660722414e-05 









4.1811373330771066e-05 









5.137302795396523e-05 









5.868308152481044e-05 









5.887969081198665e-05 









6.961229353041976e-05 









5.903584123727686e-05 









5.8677631598888554e-05 









4.782253464300078e-05 









5.391625778794894e-05 









6.171125079628721e-05 









5.9087983591230516e-05 









5.3400107726460467e-05 









5.7817910521276525e-05 









4.986332089101795e-05 









5.94020304053191e-05 









8.356272075559458e-05 









6.68976625842316e-05 









5.082245065001147e-05 









7.0169723180523e-05 









5.474447266423142e-05 









8.549790358585769e-05 









7.400294656565832e-05 









6.108154221329593e-05 









6.241488042013722e-05 









7.560666163165567e-05 









7.635997330799027e-05 









7.898514923101476e-05 









5.230487170221321e-05 









7.627850252955653e-05 









5.761934238406215e-05 









7.012139315559616e-05 









8.063872756680072e-05 









7.386045191573464e-05 









7.999174562367e-05 









6.106642541026413e-05 









5.474221637223584e-05 









6.394728921222875e-05 









7.719611689088664e-05 









5.226702578890438e-05 









5.8781599997605505e-05 









5.7898016498262575e-05 









4.843788373480143e-05 









5.078390420586839e-05 









7.506990884318579e-05 









6.922310058726517e-05 









5.6048468866683633e-05 









6.553421495796745e-05 









5.183054541392928e-05 









5.698706267600152e-05 









6.734898434245778e-05 









7.198832742459033e-05 









5.948304899903789e-05 









5.060819682993122e-05 









5.626211475754354e-05 









5.121005372266435e-05 









6.261003632193122e-05 









5.322709685187357e-05 









6.434150894714956e-05 









6.11380331904615e-05 









6.804198546074298e-05 









5.795977968636756e-05 









5.4747300314742166e-05 









6.025568640582798e-05 









4.9302245607746445e-05 









4.948773477942629e-05 









4.554478826147947e-05 









5.626379287159695e-05 









6.216909062092188e-05 









6.24571262932152e-05 









5.295515529877003e-05 









6.0250970251823994e-05 









5.3787284902796144e-05 









6.474428715258867e-05 









5.317036812978957e-05 









4.3747356229364935e-05 









5.088186040005211e-05 









4.569693720348396e-05 









6.875281129890088e-05 









5.683147914054695e-05 









6.73174780649797e-05 









7.303738885338601e-05 









7.352271607805454e-05 









5.753498316022459e-05 









5.7768377506476254e-05 









5.342885579371857e-05 









8.086738904061848e-05 









8.238081967724477e-05 









6.690176525189171e-05 









8.445304666686417e-05 









6.36773596404599e-05 









5.9958299752676074e-05 









6.917656371527986e-05 









7.885333747067177e-05 









6.938155436677695e-05 









7.456559086755725e-05 









7.934765086352732e-05 









7.70720775646521e-05 









5.738407643238305e-05 









6.934687959734244e-05 









7.222940092196533e-05 









6.153191595718262e-05 









7.671556781574673e-05 









8.255583140557104e-05 









5.783008848361334e-05 









7.636862554630052e-05 









7.211255332939218e-05 









6.24160973991616e-05 









7.491883788514139e-05 









6.716938526876143e-05 









7.342262490051567e-05 









7.698299023164426e-05 









5.493321854102371e-05 









6.283023042452104e-05 









5.778573656285074e-05 









6.918829755665643e-05 









8.299726626990019e-05 









5.762111113995374e-05 









6.623863753793332e-05 









8.363569287843504e-05 









5.969691507175091e-05 









8.348594562953135e-05 









9.018610530593074e-05 









5.416116164555183e-05 









7.091877568430668e-05 









7.265344409377965e-05 









6.245939860214948e-05 









6.398694583708086e-05 









4.51974200048318e-05 









7.381307319606956e-05 









8.462071641248564e-05 









7.289874071931347e-05 









4.73763341610814e-05 









8.500207311613596e-05 









5.1739564596488973e-05 









5.0538569451561395e-05 









5.1339269521488126e-05 









7.655914386003282e-05 









6.182080960029509e-05 









4.322924048697857e-05 









6.584572669031294e-05 









4.323552160897433e-05 









4.758625571720803e-05 









7.317808934848632e-05 









4.5661896538767944e-05 









4.43720515244749e-05 









5.573877690402713e-05 









7.193153579914919e-05 









6.0140017761668753e-05 









5.243149463101415e-05 









6.060759700966966e-05 









6.29675048952343e-05 









5.198478488946528e-05 









4.387220177700159e-05 









4.4956964575638134e-05 









6.237627001650345e-05 









5.495541445940764e-05 









5.75235957658441e-05 









5.076279518419699e-05 









6.5758262269202e-05 









6.771188862809391e-05 









5.5256085869933953e-05 









7.388889874543843e-05 









7.418405979963438e-05 









5.289624074470771e-05 









7.2179276999667e-05 









5.2456438402805134e-05 









6.357288138406317e-05 









7.053696890541977e-05 









5.9210358361457856e-05 









5.1879277791682475e-05 









5.373097413954217e-05 









8.574488051058533e-05 









4.673604077747876e-05 









4.369100598512855e-05 









5.1218010597225405e-05 









6.157880044763061e-05 









6.655413466848096e-05 









7.0143435619363e-05 









4.9984681638326446e-05 









5.795812221746275e-05 









6.823558896284694e-05 









5.1235711458491736e-05 









6.569379535202306e-05 









4.864852996367705e-05 









5.7510568458600196e-05 









4.6258349084443294e-05 









5.769635083787256e-05 









6.936710341845005e-05 









6.871145821871135e-05 









6.332891826275216e-05 









6.205102503388182e-05 









4.7526813110212494e-05 









5.034625059878394e-05 









6.136912810981399e-05 









4.836675915792946e-05 









6.041159392260522e-05 









5.616368634797154e-05 









6.461796154741452e-05 









6.81169582638634e-05 









4.1666924659322137e-05 









6.088236696196657e-05 









5.0260377461726544e-05 









4.8296303870255116e-05 









5.207607425079314e-05 









5.5371744442302e-05 









7.140246895878815e-05 









5.94727979851752e-05 









6.515199036320602e-05 









4.991948835949791e-05 









4.5957788735113294e-05 









5.970317298151711e-05 









4.183292234271276e-05 









5.855506275125669e-05 









5.692688706743623e-05 









6.820635740938674e-05 









5.53527189615743e-05 









4.024699753938662e-05 









7.257295193151977e-05 









5.0194691003484386e-05 









5.530389199629319e-05 









4.6585054933002295e-05 









4.817899043161697e-05 









6.882423680543639e-05 









5.044388532540234e-05 









6.0897927528747584e-05 









4.199881393317148e-05 









5.556435261604114e-05 









4.886853583927242e-05 









5.429114811600931e-05 









6.25622648209355e-05 









4.991517938656721e-05 









7.924998766171946e-05 









5.104775054752371e-05 









7.307071165411371e-05 









8.376304374685883e-05 









6.838513918590349e-05 









5.6268815235558514e-05 









5.819354380478735e-05 









7.721333976117485e-05 









7.284282426247619e-05 









7.310087924556865e-05 









7.44272074746513e-05 









8.511234895412304e-05 









5.7623898146022304e-05 









6.418038620952093e-05 









5.177026428580418e-05 









5.559552774786791e-05 









5.292411439858399e-05 









9.221085482396288e-05 









5.716775455310196e-05 









6.620713755574625e-05 









8.635462021532814e-05 









6.124611476717954e-05 









5.466627630323811e-05 









6.384815050446377e-05 









7.071369837013325e-05 









6.103754497497921e-05 









7.084872855525994e-05 









5.479676107903611e-05 









7.717149643937847e-05 









6.179489231225489e-05 









8.249813989933712e-05 









7.370741761045588e-05 









7.191602645378969e-05 









6.219256650035927e-05 









5.3272386689310835e-05 









7.850803867221642e-05 









5.271236717324628e-05 









4.898580006341073e-05 









6.445228409277286e-05 









6.082111707882344e-05 









6.068817463100711e-05 









7.083909304856647e-05 









8.946594968703818e-05 









6.18529553786619e-05 









8.915921447963954e-05 









7.415211452838267e-05 









8.594873412055135e-05 









6.100928007311758e-05 









6.105373904918054e-05 









6.98151896893224e-05 









5.907796146587856e-05 









6.632464697876135e-05 









7.153998151056672e-05 









6.062267741925154e-05 









6.137895288265763e-05 









6.826172966021096e-05 









6.924656911323724e-05 









5.812636081064741e-05 









4.489469141513023e-05 









5.425764969728235e-05 









4.676342552476079e-05 









5.8843383474499034e-05 









5.013633281183545e-05 









7.572019801505001e-05 









6.743564282494497e-05 









6.05353423320283e-05 









6.401859685658377e-05 









5.353347004191841e-05 









6.756807216844864e-05 









6.169891056128851e-05 









4.906762151069372e-05 









5.850649683567801e-05 









5.701977259644388e-05 









5.813846618736831e-05 









5.158060997210149e-05 









5.809616453900462e-05 









4.7420216004217635e-05 









4.2943405162075235e-05 









5.993909631052294e-05 









6.207368026056722e-05 









5.298263394844596e-05 









5.4637469403937424e-05 









5.710714224465085e-05 









6.673076189145007e-05 









7.489674898049417e-05 









5.937346853215012e-05 









4.761843911525363e-05 









5.7295239803574885e-05 









5.83102129706361e-05 









6.107204011554804e-05 









5.317560998283791e-05 









5.1271388933229967e-05 









5.869049936629168e-05 









6.681796601455594e-05 









5.749622908068112e-05 









5.780807136263718e-05 









7.192056850631378e-05 









5.08531078027868e-05 









7.463476093766934e-05 









8.724434944573402e-05 









6.643669148092264e-05 









6.666472492635985e-05 









7.307364630388627e-05 









6.633825262973813e-05 









6.057293830710635e-05 









5.273347817751825e-05 









4.4909271000192705e-05 









6.255731077498233e-05 









6.781704354855463e-05 









5.128189693774521e-05 









6.298572056913452e-05 









7.249968966571691e-05 









7.514919047840838e-05 









5.349430094305872e-05 









8.021500641849347e-05 









5.585509845459127e-05 









6.324091176036968e-05 









6.907743676336375e-05 









7.072769432572662e-05 









5.696643293137153e-05 









5.626660654316085e-05 









5.641896038606025e-05 









5.062352596693573e-05 









5.6975442348708175e-05 









6.77420346116582e-05 









7.78721031980715e-05 









6.178071655588923e-05 









6.5936785404232e-05 









6.084813594993142e-05 









6.7397470694531e-05 









5.5410896652252236e-05 









6.185411906191183e-05 









5.8135127638492574e-05 









6.947828531240653e-05 









6.364469746240668e-05 









4.070832384977157e-05 









4.402417328656856e-05 









5.9118281236231744e-05 









4.3138973532991356e-05 









6.232145567429779e-05 









5.5799745404772194e-05 









4.432420090012099e-05 









5.306337774326308e-05 









5.8648217374375225e-05 









5.284770437814258e-05 









4.533093177888005e-05 









4.9883977845264846e-05 









5.956430299738871e-05 









6.852247709585582e-05 









5.9665128832844104e-05 









7.562503554312326e-05 









6.8393289898383e-05 









5.336976686514061e-05 









6.65834442965267e-05 









8.382848424336105e-05 









6.0053036467897254e-05 









7.151506006891444e-05 









5.87672813249369e-05 









6.188483199013016e-05 









6.723558782562263e-05 









7.482291125356308e-05 









5.994500092580236e-05 









7.036316256523442e-05 









7.565287660935326e-05 









6.418442688618632e-05 









7.319341219578426e-05 









9.244253389267427e-05 









5.725670957232264e-05 









7.256299533470174e-05 









7.966603656561388e-05 









8.07828823910325e-05 









8.820190093009007e-05 









7.813655475279668e-05 









5.639594225527468e-05 









7.114813025628895e-05 









5.747137128752456e-05 









5.7698785676373585e-05 









6.490365271303393e-05 









4.6534670491648e-05 









7.18787563550383e-05 









7.547234372285981e-05 









7.126962939430155e-05 









5.95511056692495e-05 









9.97556000808261e-05 









8.02998902157442e-05 









7.707037517108308e-05 









6.636530005547868e-05 









6.005807281286431e-05 









8.215536548150255e-05 









6.855989798659623e-05 









8.07846428188609e-05 









5.554048496031947e-05 









5.714317283292593e-05 









7.317752686947109e-05 









9.957211298229212e-05 









7.802902937123569e-05 









7.251404378119074e-05 









6.902335640228756e-05 









8.70457606162915e-05 









0.00012559898401377006 









0.00019620584821312834 









0.0002538956085971504 









0.00038318639291133486 









0.0001711925058355382 









0.00011665205291387804 









0.00013404602317041624 









0.00010730113995531506 









9.964103920138083e-05 









0.00012142993230003049 









9.088663399292393e-05 









8.957092727332656e-05 









9.567906777713468e-05 









6.950401133546858e-05 









0.00011257614630803558 









9.210851511385712e-05 









0.00010814262484675909 









0.00012687561484997392 









0.00015548344578219928 









0.0001483867191326693 









0.00020720428600076255 









0.0001642750281086044 









0.00017506590823495764 









7.857510711097848e-05 









5.26910211105996e-05 









5.901404262518772e-05 









5.3271500430348336e-05 









4.568737142441672e-05 









7.5383383410536e-05 









4.510570723623894e-05 









5.4949838667813885e-05 









6.398045138068047e-05 









7.277003944322623e-05 









6.29290707366472e-05 









5.0995330491972767e-05 









5.619286474545345e-05 









5.901985267970425e-05 









5.520997666213373e-05 









7.593789162397803e-05 









5.81625652551758e-05 









5.254198443077798e-05 









5.76415247526709e-05 









6.940273243919745e-05 









4.655208887130933e-05 









8.08238219737395e-05 









4.940569970266299e-05 









7.789618648208576e-05 









8.240571634224753e-05 









4.633875011581125e-05 









5.878385809698253e-05 









7.651584788554847e-05 









5.454109944778813e-05 









5.0067573413771916e-05 









5.428925145037433e-05 









5.845063479739768e-05 









5.622654193189133e-05 









5.356796412240874e-05 









7.628060829158939e-05 









5.629180671138163e-05 









6.548840694923448e-05 









7.53753851599645e-05 









5.754811847368727e-05 









6.1365786370819e-05 









5.2490892339833095e-05 









7.884082550378521e-05 









8.019559502730519e-05 









6.233921099813098e-05 









7.33834842433393e-05 









6.451196588797468e-05 









6.637441148036085e-05 









6.47389106771189e-05 









5.9759547344946e-05 









7.756830162189115e-05 









6.543795509169099e-05 









7.049015898432639e-05 









7.135404370971066e-05 









7.197354736727408e-05 









6.552818085539162e-05 









8.216466617577518e-05 









5.5824603382792745e-05 









4.3464407083261376e-05 









7.971189052599173e-05 









7.629256901402975e-05 









8.164428041781816e-05 









4.888966456912317e-05 









5.810050105725294e-05 









6.866259208854086e-05 









4.2992633647641164e-05 









6.590871573976283e-05 









5.6579683253734726e-05 









6.000901019483861e-05 









6.938400252505479e-05 









5.946133824054414e-05 









5.153645770849143e-05 









6.0467993946520055e-05 









6.770046188064814e-05 









4.889275942176077e-05 









5.9775519946807075e-05 









5.823387927235183e-05 









6.54240990186618e-05 









5.925451999032264e-05 









6.860928897086122e-05 









8.565233278035034e-05 









6.827974659665497e-05 









5.7220546147579714e-05 









8.737102592136438e-05 









8.19541822607246e-05 









6.983019990465536e-05 









7.764027412667153e-05 









6.752660890905408e-05 









6.683947083996076e-05 









8.042207395270629e-05 









5.656725103443107e-05 









7.275450345514516e-05 









7.118279035916016e-05 









7.812135251487133e-05 









9.009597543781369e-05 









5.4872416820949595e-05 









5.0355733763429406e-05 









7.359159351015234e-05 









8.704551962816789e-05 









6.323977112267664e-05 









4.751465377470793e-05 









5.0053715398697174e-05 









8.41318875243062e-05 









9.653628299924035e-05 









5.228605449596298e-05 









7.170517545194001e-05 









5.983303272555101e-05 









9.209285391268531e-05 









6.37107186779855e-05 









7.83013540004895e-05 









7.312709342839499e-05 









8.924653690842101e-05 









9.445698391364693e-05 









6.728978940075455e-05 









6.408944890488844e-05 









7.868671528728541e-05 









5.791650741280445e-05 









5.73228966321751e-05 









6.80265176211833e-05 









8.972673554213942e-05 









6.269158784806017e-05 









7.949767272966046e-05 









6.246445313314134e-05 









5.286106925519738e-05 









9.094375413242568e-05 









7.854247478174699e-05 









5.621405469710873e-05 









0.00018551575826577425 









0.0005651910087708454 









0.000812453417256485 









0.0007695352227727206 









0.0007497565544779148 









0.0009638155846531125 









0.0011781870001766693 









0.0011100168992359976 









0.001099236284920451 









0.0009600690537344825 









0.000970368129272566 









0.0011248269081721193 









0.0011817097987332375 









0.0007367924033650203 









0.0010976837116737559 









0.0007911897082712809 









0.0007503495471466487 









0.0009276478452920356 









0.0009248801174824353 









0.0011951503463810314 









0.0011317570822070612 









0.0011269267269361561 









0.0008523565722019359 









0.0011870885110626935 









0.0008120548940975358 









0.0002045081283550514 









7.835022754513454e-05 









6.119302716729563e-05 









5.720281454165067e-05 









7.892955396181242e-05 









6.4793914231284e-05 









5.1431780412879586e-05 









5.553980796666173e-05 









9.266484014257975e-05 









6.296316391639166e-05 









8.448272600939595e-05 









5.40847438749543e-05 









7.349834588010142e-05 









5.4937610282165324e-05 









5.8240202005397176e-05 









6.347063411472594e-05 









6.14154344940517e-05 









6.536640433431443e-05 









6.430110744753739e-05 









6.37394632467223e-05 









7.89678865466376e-05 









5.943858475746923e-05 









7.299611497527656e-05 









6.884177637527127e-05 









8.539087950645914e-05 









6.375998221219294e-05 









7.698755898694496e-05 









6.258757713145591e-05 









7.405814653795044e-05 









7.078142221835285e-05 









5.265056182964389e-05 









6.011390084175178e-05 









5.8853634744950096e-05 









6.888482177698647e-05 









5.959667368653277e-05 









7.034127875376651e-05 









6.754688913047554e-05 









7.391702767926763e-05 









6.741768387183746e-05 









7.554456736791527e-05 









5.650316943722111e-05 









7.107077854382897e-05 









6.271196455853363e-05 









8.530859435196321e-05 









6.322999988512096e-05 









5.625061271845173e-05 









8.75383260049557e-05 









8.9104264930457e-05 









0.00018507289403739955 









0.00020044639468737166 









0.00031623778183691197 









0.00036948701415636244 









0.00047223965910183133 









0.0005306965178497852 









0.0005030849503000248 









0.000803697225875133 









0.0009993236508494775 









0.0006893481837681396 









0.0006829153027912414 









0.0005868619745156055 









0.0008496733001781283 









0.0006028364302206132 









0.0007003474431025404 









0.0006357309683649117 









0.000745978305387876 









0.0009885107581922771 









0.0009396243988591775 









0.0008320956532714408 









0.0008124382616660543 









0.0008584718636045676 









0.0010174314957361397 









0.0008929047938746967 









0.00019335430150165764 









6.671776803879184e-05 









7.857288969609187e-05 









6.332949983990409e-05 









7.792741279268837e-05 









6.666204856280773e-05 









8.890209539680238e-05 









7.406521262231783e-05 









6.204681903553062e-05 









8.749657109489859e-05 









8.957378509759283e-05 









