0.8580000000000005 









7.722088228044343 









4.513806687237046 









4.082733881276637 









4.138239026547347 









4.154985647745412 









4.149968793256612 









4.193403906137813 









4.11870886256835 









4.169552708551215 









4.160003882935991 









4.160499239174214 









4.126324698866649 









3.8871116459424844 









3.6222022304352435 









3.434501276591735 









3.24371216430785 









2.8569371608199488 









2.375891920203347 









2.334913539724282 









2.3941040680631267 









2.2759100994635855 









2.205602601172731 









2.1822679980518984 









2.2166855626791584 









2.1981165282624717 









2.2166610278309706 









2.1576190470873016 









2.05406345737313 









2.0671252125604327 









2.1888982761043527 









2.451940878089733 









2.507067615423894 









2.327700017306136 









2.2179176374114977 









2.310610653832567 









2.285836661913268 









2.2647381774250714 









2.3653966955818357 









2.7072257950271297 









3.152791493647154 









3.3328422393091506 









3.3764944292085852 









3.2968621207763324 









3.2865109793320473 









3.252712087329753 









3.271448227353911 









3.302219705815571 









3.2253252255038474 









3.321890286517242 









3.3935694808449504 









3.5509478037271065 









3.6269895777414694 









3.6942669301966684 









3.675481062282322 









3.6750989840183443 









3.688247772481362 









3.7464504815923196 









3.6683318200303736 









3.6442348131724405 









3.7238186166041505 









3.710298573324759 









3.707210371527528 









3.689570591587915 









3.732716984993299 









3.8012803598050238 









3.7439184376451164 









3.732764995521413 









3.7141423406209166 









3.728449833464305 









3.748821904647901 









3.74750402320602 









3.6816451770897953 









3.6541109258786024 









3.602016306036152 









3.6943467579814153 









3.6616828204690437 









3.771901901155745 









3.6586868138320643 









3.6637296065905285 









3.693767179016211 









3.706285604206426 









3.6563534679920937 









3.631662986389016 









3.566034655725627 









3.283899123378568 









2.8280733399334648 









2.6956889221196736 









2.8159329380498757 









2.6830950084796834 









2.611208875510526 









2.613302662168931 









2.6053405076427083 









2.450119381507479 









2.3583575674212773 









2.220964988727263 









2.2319258563014794 









2.1950350183353513 









2.205032362247516 









2.1942503070418065 









2.1211348774383443 









2.159349849481662 









2.2064569784435943 









2.371716021580433 









2.515204373332606 









2.5806585971403897 









2.3335808000158274 









2.172054704408384 









2.2517164284558255 









2.4769296008343296 









2.592950921434684 









3.264949515984409 









4.060341755168092 









4.185797677143976 









4.225100147181172 









4.160781037836392 









4.132740907683339 









4.20145400139764 









4.1965047279817576 









4.208132754676187 









4.208292171262042 









4.193927486214899 









4.153822229714337 









4.127701661139412 









4.135763355618921 









4.193492071123711 









4.1648774830084685 









4.174017556284648 









4.159293025192117 









4.224788461625403 









4.2363813052504815 









4.110863504495565 









4.190862818986668 









4.100874887699347 









4.136735562680937 









4.091703685500066 









4.120210111886649 









4.159849141365023 









4.246981470017456 









4.131418512061332 









4.200740317365518 









4.188133988245937 









4.145798560506195 









4.165877369397605 









4.213731869082633 









4.095202076285556 









4.214878181663343 









4.183923856813033 









4.207534487953771 









4.1738938764779725 









4.178062688602217 









4.186559476862393 









4.153313288626189 









4.159714485339252 









4.144439968506731 









4.100177528173632 









4.130981852438552 









4.195018600793989 









4.184339482468999 









4.147651287439993 









4.06522241618142 









4.1850391660120705 









4.217750386974675 









4.060809773497186 









3.8279243471787616 









3.4055347918797603 









3.237449031421593 









3.091028884443817 









3.0253890163241164 









2.8829772387014123 









2.729920075124929 









2.593758484517458 









2.4022179774063597 









2.2423803640691813 









2.2018111320168647 









2.240680717682302 









2.229037413419039 









2.0896210754806486 









1.989181116373345 









2.1330480376662613 









2.2213579899092744 









2.275870705216289 









2.2121407089888696 









2.156554606567647 









2.0515439592627773 









2.1052331564613076 









2.132126562810299 









2.259709584191066 









2.3977412960361666 









2.6291139537497648 









2.652157325581289 









2.900678020996864 









3.0763981088507153 









3.010290563945442 









3.0809195914934366 









3.1633947814989027 









3.1775616270182447 









3.1836862341649996 









3.1910876246478015 









3.384896721186953 









3.243645930945708 









3.218872114022589 









3.088161277063338 









3.0661184112499553 









2.998495725900763 









3.0814565628863795 









3.1805224727350105 









3.1248135518526277 









3.19549005675429 









3.3437439814391534 









3.3244765676342234 









3.371166751917166 









3.467796858571965 









3.5293986864878626 









3.521008018536133 









3.5094144458155165 









3.6366196710224643 









3.60731378312336 









3.657345662224972 









3.758513425970633 









3.721423847979255 









3.6862932914640454 









3.6199907975843955 









3.6130203562859453 









3.7062280733718804 









3.759636980862455 









3.6343614160762847 









3.6503819750880324 









3.761575478763423 









3.7587450588603004 









3.716044309910326 









3.706629046454766 









3.6067949549581733 









3.761538526312517 









3.755206092068369 









3.2774869339076558 









3.009386115076417 









2.935501154400723 









2.744175272324385 









2.761022925997458 









2.8555168511900897 









2.9911001740741088 









2.8260450755922784 









2.7357161383017483 









2.5631537489583534 









2.3727352544129583 









2.3026372826701613 









2.278347666702159 









2.2766913865778484 









2.181798144257561 









2.0204488943051593 









2.027241987739962 









2.1949485433284273 









2.2834577003850125 









2.3954881950425855 









2.4388057238940526 









2.291020716157849 









2.3010403626490445 









2.3802326204808253 









2.5695475407488995 









2.7319939748994098 









3.258385851126306 









4.077868859178396 









4.124507863524233 









4.112158000248707 









4.160212014689627 









4.141620495767156 









4.16845405490439 









4.206820351000533 









4.192865044837488 









4.172281642100772 









4.185477800998322 









4.1952643658271995 









4.20113188944801 









4.132375007218014 









4.167263967189947 









4.192780344332887 









4.184534464525281 









4.1580852457187145 









4.175351813225486 









4.2242798067187675 









4.150976433107982 









4.215654585105832 









4.204490621695826 









4.170889985290061 









4.162932357153511 









4.20795524473194 









4.209174043346259 









4.186175548357145 









4.08253827559575 









4.132460435417234 









4.106096439369866 









4.141187748452896 









4.182565438829068 









4.16439151770456 









4.171163724700931 









4.162058415612394 









4.145961256596444 









4.140026506587949 









4.218811766966996 









4.188690907255384 









4.185984401512678 









4.201497209253116 









4.168837804839945 









4.200916603553628 









4.164215204431181 









4.1502642152217275 









4.117866008522801 









4.211659342021409 









4.17875561267733 









4.092922588033936 









4.268667032959696 









4.541309673703167 









4.505441243695642 









4.385738351570587 









4.361527406098809 









3.9418039162239533 









3.609615811609479 









3.363166724933935 









3.4309734500483153 









3.3450421561546544 









3.0214107865132553 









2.813981546340397 









2.7160326835260973 









2.786700725719896 









2.872787188972519 









2.8514281260229826 









2.5886274138038994 









2.5755165009270145 









2.5629826276614462 









2.496659404542216 









2.6631607038151386 









2.8185688677501743 









2.8051904596840096 









2.638164880784124 









2.4155345434069715 









2.271190535401089 









2.518567290475434 









2.988178752196392 









3.36148550874313 









3.622532504488147 









3.660633971539167 









3.6303639977401465 









3.6413693071404305 









3.6076877406295953 









3.6313753261598687 









3.557596914270799 









3.5203690023939105 









3.53728590648404 









3.512111449729798 









3.563569915191397 









3.652918336224827 









3.5545983864874224 









3.592873838010448 









3.626835225804842 









3.5695991660995805 









3.630272657676495 









3.555711633518923 









3.5344581773309507 









3.6301036942501317 









3.5487451736254307 









3.536547919223176 









3.6446567017052542 









3.5920897537291894 









3.6281450733949896 









3.564436657094183 









3.57757412351404 









3.6024105778721487 









3.6386965225549135 









3.5729338705783964 









3.5471459109747654 









3.562769808181404 









3.6355958860997317 









3.6914847486481097 









3.681787099908847 









3.6489974683229485 









3.5445375853994445 









3.592785687652011 









3.6068864853557727 









3.6719448791769036 









3.6763697909188724 









3.684864527299119 









3.7111597585084066 









3.829514996680918 









3.8486368769743686 









3.3895503041127544 









2.7141573949622133 









2.6354867749782533 









2.839567253733678 









2.721154875101793 









2.543579703796167 









2.5519459878443076 









2.4466142253878886 









2.305192061196535 









2.259610589372168 









2.3182587158455705 









2.336271451257055 









2.418806808417598 









2.3279746110296595 









2.2280235024938095 









2.12038583027478 









2.11431133942957 









2.1620334024217724 









2.209570840871446 









2.294051638923755 









2.282682248783573 









2.2507052569109978 









2.1506444289551245 









2.2013073751416097 









2.289982898286755 









2.349358388207377 









2.959009165438277 









3.9635097809378665 









4.163177478663485 









4.229365549074666 









4.167302569289901 









4.17281834653503 









4.188531769049426 









4.149717915483132 









4.189633792346089 









4.105661005277637 









4.1756170055733834 









4.200390022714188 









4.148597122115276 









4.142756166586355 









4.146196067268316 









4.135858110909213 









4.15203363643704 









4.159673486856227 









4.168978141065613 









4.120031780291386 









4.2094865294562975 









4.1436698295096255 









4.155770659063662 









4.288247988828919 









4.197687874516883 









4.180526829495058 









4.218129684188342 









4.132120203555733 









4.124094718540438 









4.118301543492839 









4.097930307825821 









4.1453934830508175 









4.161335448558229 









4.187699882400404 









4.189606075936417 









4.120125219966084 









4.141962344039579 









4.12730191902106 









4.140078918880011 









4.196841272251312 









4.186160930667787 









4.194773758192787 









4.097647052012458 









4.10805251525659 









4.159249528362769 









4.097060966991856 









4.127409360459767 









4.1291389491127655 









4.2080318314683804 









4.255282930341511 









4.469731545437108 









5.297648806888262 









6.24258801851154 









7.058096068334952 









8.070052994007156 









8.50309728178662 









8.678283684459469 









8.777272911764165 









8.617767292428633 









8.438837581838932 









8.576758974492702 









8.346524427421446 









7.771534116498068 









7.210555989638666 









7.940291232192735 









8.626847248163612 









8.05862300851812 









6.66698201299055 









6.315873485786419 









6.273034930487924 









6.765940590565178 









8.148508184658871 









9.0985704475492 









9.33276154173001 









7.986104178622301 









4.865083726376739 









3.2720779833773843 









3.3798914867603767 









3.3502624134092587 









3.503548546030681 









3.5019537702074395 









3.535432496355193 









3.5197775443443278 









3.477916740785705 









3.516291166890717 









3.4924357071568997 









3.4717685514711207 









3.4340639563590885 









3.5552723609189454 









3.568870050994964 









3.5183439761956015 









3.536296962790504 









3.486700803952879 









3.433778584467507 









3.5131113800191787 









3.5866325671048007 









3.476828227320314 









3.497896338779073 









3.5229633705753485 









3.6025436795731642 









3.545795930122402 









3.4427697024312383 









3.4594657661169386 









3.4584288417033777 









3.5584204107691404 









3.5211175443415206 









3.51643842779341 









3.588801259110533 









3.559899381048795 









3.4893261346526514 









3.5903005094223355 









3.5351908947801256 









3.543047735972064 









3.5016528284228894 









3.45732024233368 









3.415770127820945 









3.42982637099858 









3.550538792385457 









3.605260253707096 









3.640814688154078 









3.5656680026060474 









3.571071007723589 









3.6883500101718045 









3.9906569769098317 









4.188670642022994 









4.007319196073862 









4.01206579165962 









3.9347096119343035 









3.6767550861136686 









3.4496571547695116 









3.4007769743097147 









3.4107054283878147 









3.558507540619099 









3.491274792680187 









3.232213789609744 









2.9932319675706087 









2.897766235737188 









2.8235994789496437 









2.780297132364227 









2.931179959882551 









3.111863469001599 









3.103853604355716 









3.0431938177821456 









3.0702134431265136 









3.0472194505851036 









2.899495844986417 









2.6760168268688687 









2.149083137179977 









2.0986019032307697 









2.3113907293903644 









2.9663049288259145 









4.05346463220072 









4.185682191134986 









4.2312014016681125 









4.209208707964474 









4.177707010022579 









4.105212898108763 









4.141351920575586 









4.190884558931805 









4.180276533039416 









4.236231164474771 









4.277246527198233 









4.211484746524349 









4.186924384142856 









4.189697149672658 









4.188059077257116 









4.156046918649081 









4.18240840735215 









4.143107209674564 









4.099698100260682 









4.223806058134292 









4.186983520052709 









4.1378179696959965 









4.157341835910934 









4.1075674541465705 









4.135137138601454 









4.179247134953194 









4.181835426499645 









4.1770404543613 









4.105876749223917 









4.172261487647991 









4.189326768725829 









4.196559810854333 









4.1884245474204524 









4.201267374111036 









4.169765203109869 









4.163347055795026 









4.191295697542657 









4.141508784356162 









4.236056975991567 









4.190339563207836 









4.213484519436725 









4.1439365845571805 









4.150770517965035 









4.139512075524272 









4.161810379746694 









4.232709977990322 









4.188184757269613 









4.191563893186386 









4.087431327040666 









4.5332146580114765 









6.848265531114914 









10.925807663978343 









13.525877136256877 









15.554568531861582 









17.08665422344559 









17.755123269443143 









18.433978429087457 









19.402540465465876 









19.606976315852503 









19.59259010746723 









19.80727268753329 









19.70902805703827 









19.630842533840582 









19.924030550178536 









20.45721128768257 









20.70305755345574 









20.56406557830564 









20.626829117962846 









20.91356885041121 









21.45163592308124 









21.699657644747038 









21.568487804529813 









21.449275973463095 









20.70921957424153 









16.116718557669074 









8.866309337487545 









4.744262351320616 









4.134134472304584 









3.919711226055214 









4.008789860394846 









4.192082802197526 









4.185181745033896 









4.085894692955801 









4.125797494017712 









4.0947253341715495 









4.062081411746654 









4.176414463279513 









4.173457453541737 









4.239647164362001 









4.208940050300214 









4.243503474209742 









4.205115772053949 









4.134960903931774 









4.168436438724561 









4.235126943125384 









4.1892355660270555 









4.2487565614479985 









4.1831253757944 









4.157658494910552 









4.124164659584534 









4.083258873757159 









4.147504031376161 









4.176002446071284 









4.137927683885658 









4.204313556039467 









4.218157803306963 









4.158380421802662 









4.112286002458927 









4.141710344802558 









4.226573343476483 









4.227558543199357 









4.237786454586078 









4.210570856647586 









4.192802549821548 









4.2079912302794895 









4.2045841381458535 









4.045897084497986 









4.132493464866146 









4.099844316596367 









4.261757160935933 









4.185391644363394 









4.636632528883786 









5.906641743670413 









7.428235327054641 









8.044555034578291 









8.51680351504227 









8.674377049687896 









8.721608874351109 









8.82195091817614 









9.270677647296772 









9.812405790453326 









10.594080889907321 









11.698457969613777 









12.291983544192725 









12.618557277303713 









12.439583962352845 









12.487542508504275 









12.820427349110247 









13.20382322482739 









13.213217830438756 









13.11226800619995 









13.898663198548943 









14.279078931548975 









14.412766706221952 









14.218063437519074 









13.542568333383493 









10.476948118170078 









5.557087312774407 









3.859709039129414 









3.546622672611258 









4.117733522964279 









4.209181284869182 









4.205630010566194 









4.2019178650110796 









4.2251826083570005 









4.216109240533354 









4.302173680637914 









4.274893992431529 









