0.2 









0.32636102874056366 









0.13106401346920832 









0.12067391206092115 









0.11725003830235144 









0.1336486671539013 









0.1219993477641394 









0.12580044485953717 









0.11926682063185987 









0.12956017531866482 









0.13397481464416733 









0.12440101291976499 









0.13147655952195553 









0.10294921997821564 









0.10032481176765579 









0.09076681207630113 









0.07636334550599713 









0.06560614010454034 









0.058103201328009065 









0.05609314681743297 









0.05765441080450247 









0.05360079570234755 









0.05330767015739313 









0.05390837176922547 









0.049831007390459064 









0.05421202826391615 









0.0517071708993557 









0.04992247841985127 









0.04813067899921038 









0.048813436071127245 









0.053925340480855566 









0.05732059078372799 









0.05768426017911983 









0.055247038143763076 









0.051400054298193235 









0.05686331458326521 









0.05542227365583568 









0.0558964855440032 









0.058006119401394045 









0.07191084600977195 









0.08563105404353699 









0.08307418170210581 









0.08540891025224415 









0.08803041142146031 









0.08820678718290069 









0.0818235900312218 









0.09088241560004942 









0.08729396076495974 









0.08311335368557415 









0.09125566032632748 









0.09596388938571515 









0.09608545756320264 









0.10480116669747416 









0.1036649015666336 









0.10374749232376651 









0.09651940524398384 









0.10672588041572287 









0.10691236519098898 









0.1038079981609343 









0.10142156371512996 









0.10919832768454815 









0.10228990885918025 









0.10316470205988573 









0.10562270420478406 









0.1118941710269902 









0.10281215971743572 









0.10284538571774243 









0.11508253411737707 









0.10111813569884245 









0.10946946586723541 









0.10885913862778687 









0.10440026929088625 









0.10215698791620456 









0.09530688183553007 









0.10136135156147394 









0.10826203436783663 









0.10095515850055714 









0.11143769528206551 









0.1009915025751295 









0.1009007163002999 









0.10215711108129269 









0.10958300402858034 









0.10414272717608315 









0.1005246989638289 









0.09646746996840659 









0.08190381614500314 









0.07050819332123726 









0.07040891034880378 









0.06960614583983613 









0.06885759848330275 









0.06802551227161155 









0.06075781236130917 









0.06051422139207548 









0.05446524637425626 









0.05315084290951852 









0.05317516566265688 









0.05106208394488139 









0.048404693480457464 









0.05164930463728677 









0.04967845302553901 









0.05003663736524181 









0.049593463803350904 









0.053685170887118536 









0.05413460525331931 









0.06033517776528628 









0.06521779717866143 









0.05556731409135818 









0.04885891585329645 









0.050805663112545085 









0.061615330348017264 









0.06192241921838382 









0.10398560836836146 









0.12926860095795928 









0.13557524778795538 









0.13529052971207395 









0.12489873953290422 









0.11708599772965755 









0.1303955415254452 









0.1374235281636162 









0.13203540650517082 









0.11917764822958546 









0.12880005744043166 









0.11984776606214465 









0.12383505858154661 









0.12669391080970438 









0.13680230353095663 









0.11697886124312361 









0.12934368438993998 









0.12917514659824034 









0.1440062856937483 









0.12534355927655705 









0.12896246774184494 









0.12739638455744356 









0.13072036400212356 









0.12153293808976585 









0.12482675602059934 









0.12478417383096096 









0.13791602113633836 









0.1286875918294291 









0.12737630845289183 









0.124586112000028 









0.12320563694797868 









0.12962456001419642 









0.12757717713585795 









0.12759825919651896 









0.12616704933594408 









0.1341284895586879 









0.12836517677452658 









0.12585021144287706 









0.1251916015709288 









0.1344760161251804 









0.13264523764466335 









0.12819062221304023 









0.1333886256405259 









0.13395671245037788 









0.12128881483997797 









0.12290947864624319 









0.12337804078694356 









0.12819275914529654 









0.12042705337472918 









0.1274477593392935 









0.13293893380218863 









0.12900538699781888 









0.12069649741809654 









0.11435515611413567 









0.08202571326246763 









0.0848368973000499 









0.0759962765051185 









0.07995522539767021 









0.0719082042767446 









0.06516052302377923 









0.060123100732401534 









0.05707480011493441 









0.05844395570569991 









0.05053749335616567 









0.05185881278006099 









0.051324747882317355 









0.04623756062801046 









0.04660169606572055 









0.05066288048260854 









0.048916178278627875 









0.05452793265119438 









0.05037788992993783 









0.04783664280223883 









0.048342060211689505 









0.05161474768093381 









0.05126774871470595 









0.052412254604969 









0.05903583907344485 









0.06439447259826478 









0.06152438578544032 









0.08019555828462896 









0.07775971063867576 









0.0815696127959451 









0.08035650769230858 









0.07928642007606199 









0.08015808930005516 









0.07902409515597786 









0.08999164423137138 









0.09262899502259471 









0.07968423357795024 









0.08408015864116611 









0.07693227412869401 









0.08572961234614362 









0.07859021900509114 









0.08201875987268378 









0.08274434511858075 









0.07338292307536456 









0.08091371298380702 









0.08883860152296294 









0.09045815226894705 









0.09574815056115832 









0.09551752209155012 









0.09442219662206239 









0.09111742502294082 









0.0955724759279871 









0.1006227086334203 









0.10118401389064306 









0.10818731390495498 









0.10585757348365415 









0.10140093355786295 









0.10527354387515442 









0.10213242044618183 









0.09756930707452702 









0.10924479332838283 









0.10443641788878626 









0.10003269575289978 









0.09944049594243687 









0.10668681928863735 









0.10570592502671738 









0.1028634388783997 









0.09546798875234433 









0.09788099093873373 









0.11094139193797574 









0.1001134868631211 









0.07689504449905452 









0.07347518843922815 









0.07217319542783743 









0.06472781438396445 









0.06915446268413228 









0.0793326444598032 









0.07241715250611884 









0.06847487463065122 









0.06417289077259578 









0.060400413903253805 









0.054008849604138515 









0.05574270654544326 









0.05754848105491593 









0.057037816530234854 









0.05301162046889202 









0.050256674099813145 









0.04940683498468071 









0.0496728230030149 









0.05438053168741649 









0.061806337584694046 









0.05760675282833119 









0.056533914009041966 









0.05484102602658155 









0.05972603162873989 









0.06235270799506203 









0.06602834702907062 









0.10845396188638781 









0.13295145893124538 









0.13498831510000173 









0.11612423900166201 









0.12641787274269756 









0.1212276670474009 









0.12576042665866347 









0.13137980612459702 









0.123058936366734 









0.12482898172600809 









0.135796570368456 









0.14211622450037525 









0.12426262551143862 









0.12265023034072056 









0.1291591466780514 









0.1296645693634206 









0.1271762789843442 









0.12368387906179178 









0.12742129793223608 









0.13245857012319173 









0.12799527447808898 









0.13486827732681117 









0.13090195791364537 









0.1294151546097686 









0.1343520706978178 









0.12555171583550612 









0.11906811828754321 









0.1283198519671802 









0.11197517942983823 









0.12826708357318467 









0.1315852724792716 









0.1263464429833121 









0.13790764501004302 









0.1265971529293231 









0.12483955660956457 









0.13279290952343065 









0.12801541926137724 









0.13040384502397373 









0.13187060185612398 









0.1379935557602972 









0.12679081277913062 









0.13585432187688362 









0.12285852243429318 









0.12787402974198792 









0.12546309895974264 









0.1367186897452963 









0.12493078904014662 









0.12782085573606472 









0.12509281532123848 









0.12069373392971317 









0.13343203673118667 









0.14590261712726824 









0.14186382750549065 









0.13994312912425566 









0.13289944428449318 









0.11080375404504922 









0.09322665561424129 









0.08984633941710027 









0.09152285943946092 









0.08416884494856032 









0.0781357807891226 









0.07639461341432383 









0.06155004488072099 









0.07137392782542135 









0.07299967065590764 









0.06762987540306307 









0.06024185127790914 









0.0643880077582547 









0.06118362278740251 









0.059844832077136895 









0.06495532243946621 









0.06735386526340012 









0.06494299582924298 









0.06255896946675343 









0.05885473691766848 









0.05937615223365086 









0.06063535228214599 









0.07473010375875278 









0.09364853247132388 









0.10900006588544384 









0.10481222964206485 









0.09891300475775935 









0.09481822555476654 









0.10565498503822374 









0.1011610806433387 









0.09257701797832613 









0.0984512576777643 









0.09795233948810125 









0.09435440275123502 









0.09482223410434068 









0.09910298102729637 









0.09371247588756544 









0.10389174311048273 









0.09929544262808968 









0.0966110393390094 









0.10680585680684676 









0.0940408921486941 









0.09726446599571288 









0.0971758759871761 









0.09874735890158613 









0.09649461139947921 









0.1106186872428087 









0.10602279059236411 









0.10335520161149915 









0.09506090116972482 









0.09539024279190102 









0.09788605560315021 









0.10027717516256521 









0.09633705401956236 









0.10090527905731042 









0.09799584416151999 









0.10743178749307336 









0.10622397775656 









0.10775446450029272 









0.09880029024740761 









0.09794210166210882 









0.09975593553564029 









0.10131824425581842 









0.105565835750255 









0.09984181135806958 









0.11292896990350061 









0.10950192623911748 









0.11165195178372761 









0.11051895609035904 









0.08005607318271604 









0.06125221234881708 









0.06224057378683822 









0.0764222281796855 









0.06228734412414433 









0.056922443156590154 









0.059833180926645524 









0.06101677849551376 









0.0536351908857266 









0.057562064984979296 









0.058144464748171296 









0.05327682352495057 









0.05985451998297796 









0.05253261963532195 









0.05044992378171488 









0.050009051086646966 









0.0533178598129323 









0.052803872727022264 









0.053708478577215155 









0.05841541221256037 









0.05279902375276187 









0.05637147681206783 









0.05117505693456573 









0.05677372432856534 









0.05285769001468388 









0.052514462456465946 









0.09813367193549027 









0.11276038582236524 









0.13213376017778394 









0.12770975844767568 









0.13142650513234705 









0.12734119463161092 









0.13615952861701391 









0.12776553115800388 









0.11950739929222093 









0.12075629956930342 









0.1248860608540428 









0.13077139349964262 









0.12157098478237599 









0.12438230877445416 









0.12130195655895445 









0.12868174285095568 









0.12421708594559529 









0.13223816900304225 









0.1293071020006915 









0.12674300379797904 









0.13410847290262412 









0.1192296121124191 









0.13193215068932562 









0.135473561181047 









0.13126043874185625 









0.13349509386047534 









0.13727393477249583 









0.12112266668302417 









0.12823017023242228 









0.12454688861380714 









0.12533598271369215 









0.13265529702730527 









0.13052294118244556 









0.13473100901494245 









0.125665488896376 









0.12737861331795877 









0.12898229144019507 









0.12256285171638596 









0.12024168088470316 









0.13307932652678772 









0.1299040277796913 









0.12927703752003852 









0.12311855681609168 









0.1218545960330063 









0.12780873778314697 









0.12248006918459511 









0.11935618794531383 









0.12255471193013154 









0.12215455050977728 









0.13974289522035044 









0.15455970828700444 









0.21337989091267784 









0.3212265828158972 









0.38595382648149706 









0.5437988559630562 









0.5573461910880763 









0.5835154050955346 









0.5863539153361867 









0.5800854222144711 









0.5458149447069495 









0.5665996729757392 









0.5115672912273695 









0.45465115018369906 









0.38293561277117244 









0.5447020699451919 









0.5820224640068992 









0.4860354421188819 









0.30400376203034085 









0.3063896371897331 









0.2844189811813113 









0.38357769798257896 









0.5518954943528125 









0.6547012735317064 









0.632787654740913 









0.41479846223656874 









0.12592508472473293 









0.08333862441631212 









0.08849495064783888 









0.09568994378851634 









0.1014682449955533 









0.10080586895512306 









0.09846358851271131 









0.0922490645477574 









0.09659038650217291 









0.09418087829233421 









0.0976059454642515 









0.09097843825151028 









0.093153162372123 









0.0966793522680377 









0.10601858727454222 









0.09276772772480113 









0.0930606296071014 









0.09123691035904823 









0.09981853385344742 









0.10369644265891159 









0.10453124692199128 









0.0921575463868157 









0.08646579303384783 









0.10201867533359257 









0.10101984517991944 









0.09579192497552455 









0.09422145242560065 









0.09553675668424247 









0.09351746385883497 









0.10026572283016066 









0.09185112573107843 









0.10318331037651826 









0.10078011995192904 









0.09275722693743677 









0.09492993886227935 









0.0975672613114183 









0.09316749432742374 









0.09967345087010161 









0.08877840765267178 









0.09692817736187295 









0.0904646250554595 









0.09167726492509404 









0.10299239473043326 









0.0973230691539537 









0.09908856012395459 









0.09562176512583148 









0.10019005023724231 









0.10675806325411301 









0.1183163339475018 









0.12930634610367545 









0.1144793726232902 









0.12319338930901266 









0.11225266645906876 









0.10272738423963132 









0.09240766305589347 









0.09092307931383717 









0.10230091234439355 









0.10041871043689916 









0.09164320998643466 









0.08391558619656925 









0.0774719639841531 









0.07108011757622879 









0.06591398951056303 









0.06519045143765886 









0.07880510658287042 









0.08444782625420233 









0.07387229562660289 









0.07548746988804875 









0.08361950937729346 









0.07695817251477195 









0.06990724143184263 









0.06631086900821662 









0.05064219454840225 









0.049793193195303724 









0.05730406432316605 









0.09721763058188496 









0.1253076099175408 









0.1311383498754999 









0.13414322118168653 









0.12761508112870706 









0.1249401668894189 









0.12451954376801885 









0.13579219874931497 









0.13826951626007744 









0.12361360224074366 









0.13958211186666397 









0.14022035258997495 









0.12227937926668477 









0.1355394832147523 









0.1297109761322443 









0.1260749973561695 









0.1273892973038283 









0.13469248741704276 









0.13025372571691707 









0.12043391429970589 









0.1423992398499932 









0.1232632553604864 









0.12828193133106247 









0.13478656067523326 









0.12566108746729207 









0.13765913783753259 









0.13102622662672447 









0.1385994903983387 









0.1252133570701388 









0.12998289925024162 









0.13428278030504315 









0.13096559958516002 









0.12175805541721209 









0.13190378328218794 









0.1328774431899553 









0.1263509336047075 









0.1238375316237172 









0.12581355260257202 









0.13201141323292953 









0.13124705005216153 









0.13213502463956345 









0.1347401472661391 









0.125586458990417 









0.13037373833144017 









0.13092324113821174 









0.12414575465904681 









0.13405830629403326 









0.1253216346659689 









0.13719965827424674 









0.12307196639774899 









0.16828040975458614 









0.47708143213437854 









0.8620518991237902 









0.9516507358371502 









0.9818579493655981 









0.9906074879724971 









0.9930492703615437 









0.9951942123746453 









0.996941653556776 









0.997042977966347 









0.996805940918915 









0.9972302300055845 









0.9970595210344788 









0.9969827407552017 









0.9974859384069527 









0.998068035379625 









0.9982082793071133 









0.9982483079027515 









0.9982697857769702 









0.9984267806292811 









0.998936319452832 









0.9988357760102338 









0.9989088524337391 









0.9988235218812094 









0.9976177056170188 









0.9577528495825547 









0.39725007322161043 









0.1479233527094564 









0.11909617064732872 









0.11319265445815294 









0.11598883034765048 









0.12844849151473797 









0.12881714966385388 









0.12111074064082517 









0.1281346058674011 









0.1239199707920019 









0.1226089020182834 









0.13767611531811802 









0.13527647154126296 









0.13462277852237564 









0.14081573411330423 









0.13725223215032561 









0.13548072451163595 









0.13207665060290458 









0.12984170891707453 









0.12820132947668317 









0.11916352164786906 









0.1354103715395159 









0.1259390985984683 









0.12520760297365946 









0.13049130734297326 









0.1276076073777373 









0.12928704284726478 









0.12455605049133794 









0.12164859675294562 









0.13842139231883174 









0.13986320241460182 









0.1310389244248613 









0.12142276399674383 









0.13415387921269756 









0.1323005602453234 









0.12548099519053035 









0.13029616070165811 









0.12861814439626673 









0.13702985819146957 









0.12331643692591343 









0.12499014998099212 









0.1131788615165655 









0.12647347809903348 









0.12405205937959979 









0.14269531496043816 









0.12286472624073726 









0.18377582460281547 









0.3112315972898886 









0.4734647475874512 









0.5247974124606019 









0.571141204490749 









0.5961172515281544 









0.5533054813383758 









0.6151517179599942 









0.6624354716317709 









0.7274825867402226 









0.8178252085941977 









0.8712600194657656 









0.907559619893464 









0.9095385859269793 









0.9059331304491913 









0.8984917016816201 









0.9214489992644186 









0.9378447851397956 









0.9227518694213841 









0.9328771755446763 









0.9528112376731585 









0.9594549399152239 









0.9619747394478781 









0.9540972980971578 









0.9246453863011846 









0.6492199562619029 









0.16093196203282922 









0.11265475830184853 









0.11175947803260579 









0.1191656268005489 









0.12415528337264534 









0.13040483880106568 









0.1271666925034988 









0.1275996977505694 









0.1405016605720365 









0.12912984783231907 









0.13934505419934498 









