0.09 









4.442699675653227 









4.4547307456670975 









4.503796752318216 









4.831895917453571 









4.824785778599761 









4.876743946896582 









4.739863253402582 









4.850309922859146 









4.788003761891662 









4.935488068700122 









4.835330033586166 









5.265379532105938 









5.921168941960535 









6.321311344073126 









6.7270607962025215 









7.297779745097764 









8.649807091783238 









9.132620723393215 









8.810474364729643 









8.971061166631499 









9.435611184248117 









9.515587035540454 









9.477078792507243 









9.278823948049428 









9.491724649942245 









9.396637936532862 









9.948558758625701 









10.013419193566921 









9.775519289279712 









8.951163571143637 









8.394145356363635 









8.882104706456863 









9.31856379395117 









9.234207764437103 









8.90248427113003 









9.084894273994744 









8.774578888859923 









8.21434501204937 









7.180393532688599 









6.549946322087162 









6.403323793726965 









6.508798003876844 









6.633030184579322 









6.5608233074773 









6.654621005823129 









6.562658592044316 









6.655193894835082 









6.535543621259565 









6.42493066986426 









6.033847499061535 









5.8086145338180515 









5.815505996484451 









5.673830599110843 









5.676046236126209 









5.706622384384051 









5.606656447556445 









5.633971505336453 









5.796471695199597 









5.7470048989308715 









5.711395373583002 









5.739314341945686 









5.718938638177176 









5.726568240417869 









5.603653255853052 









5.5532107896364735 









5.721372647236078 









5.822779537836527 









5.692044932609562 









5.69928525577685 









5.597934041781548 









5.710238665128294 









5.701869512460784 









5.780092725886879 









5.704744727557345 









5.689417456072531 









5.508395563388419 









5.696914652152457 









5.675120098412589 









5.640066371633428 









5.629923436243716 









5.851246006485456 









5.826842058973562 









5.948918268736528 









6.377813395074838 









7.417524168130734 









8.042399206273618 









7.80446092238922 









7.741297471538305 









8.204103509529652 









8.209962868771072 









8.035609624413874 









8.447733763510838 









8.717475806986135 









9.15807192564861 









9.242431672099467 









9.304435951428882 









9.295072328260355 









9.334352985306822 









9.500974866744428 









9.554463940476872 









9.346101714953639 









8.990082468977516 









8.537126905052734 









8.276282034908066 









8.637721517524401 









9.323071903383877 









9.379643624995992 









8.50887804139022 









8.149759588679565 









7.104571201034208 









4.2454033099159885 









4.072169917239531 









4.430789746086123 









4.8751963396717555 









4.857582236553447 









4.773708799746879 









4.852344033815866 









4.837982752427477 









4.765976878329124 









4.786853854690738 









4.80861677805115 









4.900044733916397 









4.840076624491376 









4.812257869778489 









4.861582758326523 









4.8326721865006155 









4.747944799038319 









4.816047732708576 









4.737257617765142 









4.864693023451289 









4.797383657247672 









4.876038808038292 









4.912640482951757 









4.946996707590749 









4.931960760327246 









4.909811436372703 









4.741989621398774 









4.888189929006002 









4.803403390607951 









4.8334191706584475 









4.86544085184423 









4.867284837591652 









4.8326228272378025 









4.947676467447677 









4.808994297796115 









4.78682106484774 









4.826241397225088 









4.84924775779969 









4.920387656344858 









4.839867911797438 









4.852107432688243 









4.888752461179601 









4.895056076111811 









4.866586990898254 









4.8664595462585485 









4.756311631663608 









4.772522471778237 









4.85833496842834 









4.85485528530076 









4.886759728979183 









4.986714498728202 









5.276591179832156 









6.007876095784422 









6.542168075183717 









7.043588152125 









7.351212830286807 









7.637077555832828 









7.820896945059734 









8.073421489981587 









8.408007536897678 









8.831383893532703 









9.488247188455464 









9.643875816575912 









9.515476951071507 









9.39691203980741 









9.786175013288267 









10.59928908575503 









10.098095642531474 









9.647751915018695 









9.332930851287001 









9.486716268077743 









9.77688412319039 









10.018520658051171 









10.187089535614486 









9.463242971001224 









9.307286371869262 









8.82924134191171 









8.166085322624706 









7.858505740626994 









7.704792179929697 









7.154957470959523 









7.229910669717026 









7.0587457324295855 









6.99328566419612 









6.781363434227679 









6.84851517348058 









6.87711116253375 









6.546723374078054 









6.646457841522 









6.814804031085458 









6.853015992576649 









7.158094792642861 









7.112279255075744 









7.102178774992264 









6.921070433857001 









6.89645972268941 









6.901137352407354 









6.537462958875816 









6.519804973445157 









6.584086252581996 









6.291890100609842 









6.243953980959366 









6.023665415662465 









6.142866786708755 









5.949177305060562 









5.832019996484175 









5.912859615286482 









5.653708555320536 









5.568031783400739 









5.659933403324455 









5.812227202960818 









5.777479130598921 









5.593710947987639 









5.525564846758387 









5.660844005812498 









5.849241880686272 









5.618886988025494 









5.583457789385343 









5.655896995104215 









5.689649990360606 









5.771835854346267 









5.755811007808573 









5.68274119767138 









6.452112501589549 









7.4445306403464855 









7.409336996070239 









7.8159162677645115 









7.872312542504383 









7.866137420452738 









7.573835905985098 









7.699021144551129 









7.96285179938775 









8.4301430751609 









8.741093378337501 









9.112326701484237 









9.183084766182272 









9.211689162358962 









9.394781858587978 









10.00289520047694 









10.217786803562701 









9.701199905973606 









9.228756930439529 









8.857928193811487 









8.696541007114824 









9.082970906596465 









9.015189293390916 









8.944679903738795 









8.352537831153493 









7.982459271697457 









7.107554092704023 









4.390165665928667 









4.123585201883739 









4.541708813118175 









4.860341068021687 









4.8905838159219375 









4.840248342767618 









4.73469956226984 









4.846263722473372 









4.916309066165141 









4.827342878142121 









4.943897760186372 









4.906423226936271 









4.913660474715409 









4.820949305347508 









4.728057636829366 









4.779128935115537 









4.8271006507899665 









4.925691018513758 









4.800934983210939 









4.874349419358942 









4.827313981803766 









4.818842154988181 









4.8294785447468085 









4.914094893136795 









4.808955712542075 









4.834671685261923 









4.703972529036548 









4.888396051152 









4.916234577475331 









4.8681606303683145 









4.9312842512075195 









4.843896873508656 









4.784404694186018 









4.830881517838028 









4.858587364987641 









4.8796989488108995 









4.9989095187562675 









4.832289068541788 









4.811413327082166 









4.923781443066229 









4.816291443155057 









4.8342352249145435 









4.861891111142766 









4.8278505868285215 









4.861848990605064 









4.875367517594753 









4.8838657848157006 









4.865346089544268 









4.942938629668458 









4.908495085724742 









4.885348458401906 









5.295886942308615 









5.560453585833183 









5.921832515355849 









6.52062619098742 









7.215263219871846 









7.592099870309117 









7.858040015706972 









7.848965899800816 









8.463649368881935 









8.960571501704816 









9.19996969965602 









9.323060994323331 









9.108326994934002 









9.046515241556694 









9.629194518285157 









10.13023627249497 









10.002832100459772 









10.060030318857724 









10.015069263912347 









9.211352792324334 









9.158976423981509 









9.608723332080082 









10.042319589243016 









9.498681482896655 









8.780765155028927 









7.527083859609639 









6.508341962848165 









6.028145987033742 









5.854434458853748 









5.883301630246428 









5.824553879161125 









5.862845196410742 









5.983990802837276 









5.982585555066433 









6.020002863268152 









6.069216358957901 









6.081381776804171 









6.008540393317924 









5.818238077284644 









5.890283092466668 









5.980113709314378 









5.800362008476366 









6.008337721697891 









5.840724748854489 









5.963323277112248 









5.991261601969342 









5.919703057420542 









5.997179463843349 









5.995012203553623 









5.962956461227483 









5.986071652385799 









5.944710778822026 









5.925634034263931 









6.031507354028807 









5.95961621249187 









5.851606262759065 









5.85657203036561 









6.0177190370326885 









6.070513241867273 









5.874415955705897 









5.801669181761916 









5.775182844910306 









5.750804918597948 









5.985956733148902 









5.950308218694393 









5.9114170713923855 









5.717118685698226 









5.757619123382766 









5.601677570140016 









5.612952696196637 









5.700759724663594 









5.767611472976217 









6.506640859622447 









7.929718065019519 









8.679623642424062 









8.202086014789597 









8.26442359132156 









8.719900710679742 









8.844437788974412 









8.998554564885708 









9.382198570077945 









9.546973065434267 









9.429291867073056 









9.349252137713089 









9.213312284162543 









9.312038419575144 









9.455552167496778 









10.185641083740949 









10.246788877469593 









10.092279074735067 









9.866215043668786 









9.619697589099212 









9.520028157894403 









9.643321274446377 









9.906825167325955 









9.5410627589345 









9.08070652587272 









8.772609804813435 









8.149011914173439 









4.6499668466218385 









4.132898909619453 









4.360351143412633 









4.7844342353138245 









4.8715176152807595 









4.856576248574895 









4.931228945146571 









4.828311938642238 









4.879844101649277 









4.843000363285575 









4.846907058861821 









4.893963236915027 









4.858482614154088 









4.881928475854387 









4.817931031715817 









4.902219204523894 









4.927802051653461 









4.882046380342229 









4.869985267603402 









4.93198519935204 









4.8976536691447885 









4.875169020511652 









4.761530786284755 









4.862394008125924 









4.878235808011421 









4.8228306992464125 









4.787251387741781 









4.859073606883225 









4.867640649160954 









5.001936525370091 









4.801510250633487 









4.916169659453908 









4.873686107379076 









4.774653783278701 









4.763477727366923 









4.89133356071647 









4.7582805827397925 









4.909711265406051 









4.870627527246202 









4.790673394547276 









4.758900190075965 









4.933312281566183 









4.91356710798659 









4.758045967806119 









4.907891630684259 









4.9092239375515225 









4.850883477343251 









4.8268447516393245 









4.767725310059329 









4.806262696092944 









4.8243928461520085 









5.38683856834367 









6.295692959719037 









6.240309216619448 









6.806331700995725 









7.044234354691318 









7.2828460304189395 









7.495087643183951 









7.716870679254924 









7.796108861964175 









7.984070355219215 









8.326861101180967 









8.745200340683834 









8.306560273750003 









8.101866036511936 









8.436129129508961 









9.325285866757703 









9.552272827025782 









9.43471521503321 









9.177492478674063 









8.039654564198635 









7.6875646697189834 









7.7115621689313425 









8.306187970809768 









7.982397563343784 









7.140511046416574 









6.689824806890495 









6.5014853797485195 









6.3644813493260415 









6.276180904270694 









6.284920244798661 









6.094061572782272 









6.317730245001794 









6.25511433514546 









6.2473054051790635 









6.346041184366564 









6.4008197718941835 









6.282338657913466 









6.145948806012224 









6.106709137088202 









6.280787792946192 









6.203141853827243 









6.430032318501663 









6.429443855686449 









6.073847789022844 









6.2570603607978 









6.121991918921266 









6.251070941690111 









6.097781728109771 









6.165500466553398 









6.387369358446306 









6.490361943715835 









6.3845582402512955 









6.210415644152033 









6.068145065778516 









6.284264321923022 









6.0454943522458695 









6.0957710118847075 









6.271602498742764 









6.090266312443142 









6.092251016970059 









6.188340848122006 









6.165086712219608 









6.343896390048843 









6.443468645063009 









6.337365156447446 









6.351348451709146 









6.131718361309841 









6.066743724722695 









6.050312005859483 









6.2151631493003565 









6.320810796847524 









6.277947779246843 









6.435999399674481 









7.121383247068383 









7.61585411125583 









7.74035596357781 









8.227840913745961 









8.889425093078325 









9.080583528814357 









9.178782359105055 









8.700612379184472 









8.873176957255247 









9.29342006807537 









10.185828282711766 









10.587231800965005 









10.932192167081672 









11.280880796529273 









10.68808815709078 









10.070753399190016 









9.892508121535366 









10.20822470846335 









10.131583192863092 









10.057702720840316 









10.446684896765806 









10.994940792769054 









10.901245180683754 









10.21164499966554 









9.253033621772586 









8.130150210867008 









4.5152087217372445 









4.071422860088746 









4.446808339224106 









4.873590972670082 









4.86566892586044 









4.904260466530116 









4.8860815532869175 









4.802182770856055 









4.821111455845425 









4.831136109918235 









4.7503080939459865 









4.875573210483856 









4.819598618975043 









4.8153274666059644 









4.794742266595949 









4.800213355543717 









4.800404984671503 









4.785708799566968 









4.824440715595411 









4.8763684666828295 









4.7768531344402 









4.8117241731073115 









4.772687475483958 









4.87689705018389 









4.964327693726706 









4.863706684882319 









4.760408049752959 









4.78958594201578 









4.795404368169155 









4.812349174055421 









4.843507213076131 









4.815256224354825 









4.791980884017517 









4.779303880080357 









4.945459483823434 









4.894539300612488 









4.700537079868221 









4.872395778951496 









4.797841166565905 









4.887560698180126 









4.765816734652172 









4.808135894405379 









4.827541980786247 









4.89790311794816 









4.928519014765234 









4.774483306345994 









4.865776074615469 









4.78163026260649 









4.856861997402699 









4.917394402939947 









4.99941068443846 









5.399671897900749 









6.10710326127958 









5.778831461363403 









5.499481213360651 









5.78704604844474 









6.2979920063640655 









5.845559816131116 









6.004705559007141 









6.678542409490419 









6.5463469151881695 









6.850853808765156 









7.123589038856519 









7.205023505925193 









6.690701601025687 









6.515924047618015 









6.842704692088746 









6.858235058277505 









6.6612156780703495 









5.842806300958069 









5.698577743609738 









6.249419923912072 









6.503210622630807 









6.441002214389133 









6.2875164316025405 









6.012115901130168 









5.89818290739067 









6.006557143887774 









6.105443235072723 









6.148625487831945 









5.770793491863048 









5.764156378348649 









5.830672914447652 









5.789525986608471 









5.7458485036181015 









5.887677294902559 









5.724261945454207 









5.642595742030846 









5.629406864030525 









5.588042974507445 









5.628522310357921 









5.749288844202843 









5.712259854779157 









5.813690554377568 









5.739046303463773 









5.680441111596964 









5.651618456833403 









5.7047424319258315 









5.605674992371097 









5.754154534508431 









5.766781613091828 









5.705867564325415 









5.707855715383902 









5.656355784923842 









5.597030868824263 









5.712420749180417 









5.6950008416518045 









5.838951999484959 









5.658207498756326 









5.538615246691366 









5.639732127673624 









5.591190410504629 









5.6060159985896965 









5.627684899569465 









5.658983731852703 









5.5886598848008315 









5.794335658490162 









5.7438464200493 









5.796609829551598 









5.552402744154079 









5.655658284425177 









5.703913612452884 









5.682913552791089 









6.3702039537802815 









7.4149814072609415 









7.603561691714431 









8.191191119708494 









8.181141943856405 









8.476919246006492 









8.376135859194676 









8.290537268270212 









8.33760677094921 









7.55785561418516 









7.419999079996788 









7.209486372269107 









7.784117873804694 









7.8334808402447935 









7.700576479541412 









7.530223920942846 









7.553158010995015 









7.882860092042688 









7.376129061844667 









7.079146818927912 









7.101435701720002 









7.518428304308905 









7.763519368805525 









7.668824929454651 









6.659166902032008 









6.752756936136728 









6.51674701288586 









3.6323671082415148 









4.478990591485562 









4.92282923211934 









4.8768573024513575 









4.842133751305322 









4.924018969706152 









4.724293775955909 









4.766774892642458 









4.939113443890721 









