0.2 









0.16858697646432003 









0.1756383877240228 









0.15649945236082202 









0.17722670502502713 









0.1617675552286491 









0.1681267097196979 









0.16317001301426565 









0.15945727962306966 









0.16304215361410035 









0.17675279499973073 









0.1714896683315076 









0.21543256380958883 









0.2635422252006009 









0.3112201905972515 









0.362284469163625 









0.42872685336236993 









0.6246381263582379 









0.6392481840306742 









0.5829177606869382 









0.6387235534961071 









0.6798007925661106 









0.69211346085568 









0.6751878277380134 









0.6755685182700454 









0.6650408896530033 









0.6845390859591856 









0.7396879090756189 









0.7224340145197861 









0.6804872753835451 









0.5761451608588974 









0.5429947072523663 









0.6257873532867091 









0.6846358083125283 









0.6106076358553323 









0.6173328158392303 









0.6256852026857966 









0.5959262870459578 









0.48367412595073145 









0.3755350668514894 









0.3139613568289362 









0.2945233373379976 









0.3286346834829966 









0.343204693570783 









0.3334972689649047 









0.3383112058029084 









0.3351622020917219 









0.3339031594952634 









0.32030304969189727 









0.3171934112393294 









0.285815911608671 









0.24607209371084296 









0.2574110741447071 









0.2290352921073016 









0.25105900401523706 









0.23340579572570497 









0.2309557334673623 









0.23334972931974257 









0.2496472361673605 









0.2362589436537059 









0.2333046190766065 









0.23596233198368582 









0.2524784383651614 









0.2339687116013864 









0.21800135393389788 









0.21981938143092994 









0.2529243652207898 









0.2390922433031879 









0.2246326594671007 









0.23938418098352096 









0.21135675986430444 









0.23434224047334992 









0.24163077342565115 









0.2622857553610694 









0.22925333419035407 









0.23236762725329818 









0.2249670933053749 









0.2656317895824343 









0.23147910464142518 









0.22823838580917133 









0.2446596574198224 









0.25701218894186184 









0.25029149007224705 









0.2688535733569496 









0.32269357246144426 









0.45270426850602796 









0.5062125145837573 









0.442175810296323 









0.502348568133194 









0.5244739532555465 









0.5334416346647832 









0.515644500866616 









0.570789965338315 









0.5930339086824207 









0.6603831330752701 









0.6299164002262797 









0.645736486217791 









0.639724849861582 









0.6502572119601678 









0.7034598361860168 









0.6931354044046334 









0.6620161588674306 









0.5787221385143742 









0.5504134443794072 









0.5322624706299179 









0.6065592384428928 









0.6655723769275774 









0.6406463809850742 









0.5567864981176701 









0.5290880168907803 









0.4149402672076848 









0.1518857654101861 









0.153320985428834 









0.1566487113931645 









0.16866618685161167 









0.16813123345836783 









0.1627410585115045 









0.17356472927207223 









0.1676913246278426 









0.1543398543517125 









0.16324337733117997 









0.16995934717707706 









0.1635030782485916 









0.17830470953222363 









0.1731105375514279 









0.17577987817406143 









0.16212064675798532 









0.1713649306116875 









0.1683419211665803 









0.1648727343872988 









0.18772249376549244 









0.16126386508777485 









0.1888214080611968 









0.17658180897999357 









0.17617350638116264 









0.17746264092527492 









0.1737604543542264 









0.1573927269944781 









0.1845472878416154 









0.16637339954835156 









0.17198104408635623 









0.1641163124148386 









0.18651690785971373 









0.16695138095430934 









0.1958347744635595 









0.15639799242600916 









0.1703255903081398 









0.15880157076705453 









0.17085651010480765 









0.1777021036693126 









0.1700926277758688 









0.17439466674607934 









0.16890634280542938 









0.16978031058710757 









0.16893260697635895 









0.17932807492116826 









0.15936256454213804 









0.15415181853933319 









0.17306034661765346 









0.17450984034254047 









0.1704298637872639 









0.1770781351650563 









0.20891876744598348 









0.2606181516687038 









0.36018792704216324 









0.3697754409852375 









0.4370144902868808 









0.4487475537430604 









0.48053533232234236 









0.5278893853606998 









0.5554807144163367 









0.6051753261508037 









0.6871308678711474 









0.7049819807567724 









0.6771431008557011 









0.6809583367074488 









0.7371944049219379 









0.8060971182287294 









0.710594051821301 









0.687383706430115 









0.6628047399434798 









0.705849740363954 









0.7108576281567649 









0.7449896079400139 









0.7209328498206096 









0.6816663548391708 









0.6230800723589502 









0.597554414922701 









0.5191522433264537 









0.5023289038102369 









0.4205711442489698 









0.38742134488932933 









0.39925629355224435 









0.38198924557178177 









0.3801874903237704 









0.3494342460319489 









0.338875341691791 









0.365740166216974 









0.3055056014098833 









0.3408686933337755 









0.3599883740765742 









0.392939306252455 









0.40524187554195235 









0.41172794385892586 









0.3942695217374006 









0.3650289080128901 









0.35972314571236413 









0.35552920067726546 









0.3186488956265823 









0.3337051989006646 









0.3360619149366887 









0.3086758505016237 









0.2820451060978222 









0.26781298486884075 









0.2850031054899636 









0.255680382317606 









0.2504506144316321 









0.25725744155346353 









0.21806264583780754 









0.21264678707080475 









0.24221905433897256 









0.25573444527575767 









0.24574822825799353 









0.2251904292182576 









0.2292933058461045 









0.24277698477023046 









0.25285493363093636 









0.22711592134188174 









0.22269722802381134 









0.22454553851213604 









0.23047216292901834 









0.2549136907317316 









0.24935369312505706 









0.24707221252681172 









0.33565431935291323 









0.4231694940379285 









0.43251302704828176 









0.4954556325673018 









0.4657626509864427 









0.4695412778615057 









0.4169107433810749 









0.4570393073920885 









0.4865839500603233 









0.5582642457767825 









0.6157299990078419 









0.6179115152434425 









0.6509918433431165 









0.6400142909759039 









0.6790806954684665 









0.7510281047161012 









0.7347810643332462 









0.6568546941512008 









0.65116198658981 









0.6104207970250131 









0.5703791710345015 









0.6372831723946932 









0.6221345354799548 









0.5940255229238698 









0.5458634052061511 









0.49839645197235294 









0.4328978129444727 









0.17051621537716927 









0.17322664660123205 









0.17103482072370152 









0.1691024349766106 









0.18332660771528395 









0.164313153836381 









0.16415528209467506 









0.17883193309083661 









0.17438691969856024 









0.17225408413249393 









0.17557892697168853 









0.17482489014195365 









0.17939184768382171 









0.17121834103094746 









0.16810547223872738 









0.1688681228157609 









0.16885396292382987 









0.17739255851271146 









0.1750666161665042 









0.18369788277516064 









0.15941759514991466 









0.18026877958512466 









0.17491117404408857 









0.17558330144506473 









0.16997051594322424 









0.15865145489594204 









0.16171454159338017 









0.1855256363218652 









0.1690003919318454 









0.18077062255176268 









0.1849557599807449 









0.16542597261059366 









0.17261687460417832 









0.16880222157448382 









0.1675379514715526 









0.16200791287940397 









0.18180798711566165 









0.16505456715030453 









0.172849886955013 









0.18083219881349477 









0.16168639493626108 









0.16806206737123486 









0.1788654611666115 









0.17592068220331272 









0.18753267670954332 









0.1778935683601331 









0.16475278469806254 









0.18553748902973866 









0.1821476302100951 









0.17942535373526364 









0.1720462360580656 









0.21862397678168788 









0.2262387154672022 









0.2553368348852111 









0.3544901314946202 









0.42248663176693 









0.47407169306427355 









0.47060229356254496 









0.47508354170919864 









0.5631474998070041 









0.6599476882514277 









0.6455576168669801 









0.6363265422821174 









0.6349264495860372 









0.6315937408000529 









0.7134806550272516 









0.7352397488970108 









0.7308116803081615 









0.7519246587150165 









0.7213145732179448 









0.6578653406812887 









0.6466714362926249 









0.6980910886333458 









0.7493612776093419 









0.6623709076030628 









0.5624642278050505 









0.42987132283692764 









0.29979339448888376 









0.2600400414494713 









0.247740310540407 









0.24751353855335884 









0.2507342580132582 









0.255698969844182 









0.25393002952928734 









0.2707998707797654 









0.27229377829528056 









0.27242826006816806 









0.29916827196734674 









0.25217161395994725 









0.24872205790979918 









0.26561519607440465 









0.2682406668588064 









0.23975126923412918 









0.27156397002889965 









0.2715998791467438 









0.25562190094141735 









0.2861326436870073 









0.24624164764503528 









0.2663535002121377 









0.27912186799822714 









0.25388108847167634 









0.2770459890955451 









0.256285902447617 









0.2622200764374524 









0.266984927592379 









0.25583042830843516 









0.2640122052764984 









0.26348832281249934 









0.27934923458784455 









0.2699428882206715 









0.2532552126717669 









0.23174356057996748 









0.25308377358648787 









0.2598620347873465 









0.2728185769205463 









0.25785533299080543 









0.2692998083949544 









0.24161019528507952 









0.23843351752635356 









0.2278854529945475 









0.24310053365684944 









0.23722681772689014 









0.2657449289790165 









0.33150489578953735 









0.5478483423629033 









0.5819225381211451 









0.4973475510629154 









0.5448430603398537 









0.6085470928615502 









0.588648896777545 









0.6448344701467688 









0.6904134097493948 









0.6924039269229345 









0.6643791006856441 









0.6806197113971912 









0.6501193551799264 









0.6757833365314516 









0.691344682319123 









0.762483666522767 









0.7659283340596849 









0.7291903954140248 









0.7204561512649141 









0.6949282903474407 









0.6789695960845531 









0.6900848040009615 









0.7101791198257448 









0.66113369778416 









0.6264856161918372 









0.5900244700413628 









0.567721199178024 









0.19013748876401826 









0.15213945217138633 









0.15708445915744457 









0.16914412867910542 









0.167022335530325 









0.17501628033119868 









0.17632040326414428 









0.16269717933922231 









0.16886569854982317 









0.1645506688705687 









0.17844577824214503 









0.18935028137468443 









0.18620615953055675 









0.16635447813071752 









0.1645657776121175 









0.16410599006718746 









0.17848664244388251 









0.18223546816945047 









0.1783727029374366 









0.16310950689142595 









0.19341308140699476 









0.178275506723087 









0.15914893056164442 









0.16339575964192105 









0.16885548470907985 









0.16279529018466427 









0.17258156653323697 









0.180411539770643 









0.18321170892889888 









0.19140924808695414 









0.1623927013264228 









0.17907993632102068 









0.1775662292261235 









0.17135339741482353 









0.1664852785178902 









0.18871462031040875 









0.1766704958086368 









0.16850852851149395 









0.16965405320590685 









0.16787157547598308 









0.15928195582609045 









0.1875832791792204 









0.17303219213702797 









0.14887181831008361 









0.18940531836110064 









0.17391026302547724 









0.17509535660174957 









0.1716364264549488 









0.1572595337388224 









0.16752860550480736 









0.16773472283359192 









0.24151507075729783 









0.3009454113303206 









0.2962104298970429 









0.38320085990039776 









0.3850302823310029 









0.4074568978477482 









0.41295715950758816 









0.4652694414353781 









0.49043713301652186 









0.520309984791792 









0.5720651698720987 









0.571161885150774 









0.49432985674929375 









0.5044725255309219 









0.5976370811821462 









0.6909062462213084 









0.676535867694255 









0.6533718257426363 









0.6135838284561389 









0.48156230443797965 









0.4624300956358089 









0.46470304253363565 









0.529776986093478 









0.4642529459886844 









0.39065488227530093 









0.3335376903839365 









0.3447676384231687 









0.2711694272897535 









0.303478650646815 









0.30158087390654087 









0.287174165582589 









0.29599235809139784 









0.2920109452725259 









0.29998128113226197 









0.30122903360878184 









0.30006060711251614 









0.27984535773652186 









0.2952835523107992 









0.30078248387241935 









0.2801448847361092 









0.29156390258470655 









0.30894494546478624 









0.308508180300166 









0.26927608633419553 









0.31469260252270015 









0.26399750821977097 









0.30445879837797996 









0.2791366666435624 









0.305320338666484 









0.2972159783151175 









0.3041075100563161 









0.30935906008638 









0.2790702487122089 









0.286987038940961 









0.30984065693803925 









0.24944875934718658 









0.2765898938771836 









0.30401138649614745 









0.2652845222587526 









0.28752523685786413 









0.3027458530610396 









0.27935466051697366 









0.29455731022883636 









0.3369919741153938 









0.2910761788355174 









0.2967479860836062 









0.29005983739411606 









0.2863401351364584 









0.2765311012188476 









0.2862740993674435 









0.30690838728722974 









0.296346271814965 









0.32213580726709923 









0.41387851800637254 









0.44740533530518206 









0.48578750337524146 









0.5333941981829794 









0.6351122515809176 









0.6202340170898799 









0.6602269965143485 









0.5828286431407159 









0.6202423440557729 









0.6744738751344492 









0.7591766149583568 









0.787122771549851 









0.8135717519845478 









0.8415758861905936 









0.7644713626589288 









0.724900727227336 









0.7234089232743683 









0.7513066257512742 









0.7551788110879085 









0.7368391513771444 









0.805460596364079 









0.808068773275417 









0.8073758714703423 









0.7124015032551604 









0.6343998220044835 









0.5781547292240548 









0.17878171707895285 









0.16184247512211922 









0.15441207531704465 









0.1693930893721346 









0.17205205883160982 









0.17642169600295132 









0.17184318092999057 









0.17660646194102742 









0.16215237052690096 









0.17133816391299103 









0.17799266120939602 









0.17111007102014605 









0.17956861436251093 









0.16641177389415396 









0.152318723151183 









0.1779185741834651 









0.16127933805180872 









0.17298296322467258 









0.16913802953839036 









0.1625492332008463 









0.1745953322693043 









0.15397648361120742 









0.16395240281255002 









0.17745769375752585 









0.1886283575699581 









0.16433893317767928 









0.16324035608728263 









0.1615607931721026 









0.16329686081060413 









0.17295194258992655 









0.16914731867370544 









0.17079833080153325 









0.16843568193580283 









0.1743840310770585 









0.17059288963700908 









0.169807286590194 









0.15683697422481063 









0.19473324035050463 









0.16015408257596897 









0.17042506011185649 









0.16910408618870515 









0.17495777037230373 









0.1812387237906717 









0.18341209559676236 









0.18297031712633505 









0.1512361718471537 









0.1687006672979347 









0.16706736624551352 









0.16787662563346026 









0.17041142090804234 









0.1748830824484797 









0.23166694964718137 









0.25376741593247354 









0.2556826449936729 









0.2183100788584278 









0.28161432688800575 









0.3061557203900026 









0.25446454523882744 









0.2857574194093029 









0.34321672065528647 









0.3153907924879087 









0.3590737326663491 









0.3947734942335005 









0.37409043537573955 









0.3323113561343194 









0.31879731029858627 









0.3826536517124961 









0.36441540103946884 









0.32801068204945455 









0.2438804413167525 









0.2223431650184325 









0.297694092402406 









0.33557494495344625 









0.3051123064008352 









0.2910354481483234 









0.2639291777036258 









0.24026242324803176 









0.2710424162712397 









0.2971494239232427 









0.26383376803178266 









0.23277238495577557 









0.23664015578530972 









0.25922209124641504 









0.241858397476369 









0.24954547065706081 









0.260194826925942 









0.23899659045048577 









0.25009345613442735 









0.22668993164475254 









0.23852612390527883 









0.2416348499205397 









0.2384076380258514 









0.26321754230805744 









0.24967297388211523 









0.23962010203490794 









0.24973046612292424 









0.21542316154157176 









0.24098195838578365 









0.23251645805151838 









0.24851913092007266 









0.25843465648335023 









0.24708049952486774 









0.2367201134916887 









0.24340985164811418 









0.23044210711459057 









0.22297238911573244 









0.24264158473654782 









0.2568041316794157 









0.25332632897455587 









0.2156263320179139 









0.2238636196652563 









0.2093246204249416 









0.22408196008026582 









0.24300667124574543 









0.23508175340428955 









0.22051861347221846 









0.2553811916620943 









0.2429998993967477 









0.2561289405531302 









0.21668997847245355 









0.2530613590274833 









0.2295930690924474 









0.25401321258301585 









0.33919534272333424 









0.46469321463930313 









0.4658640395961323 









0.5311214165829221 









0.5211397249579588 









0.5631967413688557 









0.5683962324720933 









0.551660081438383 









0.5308449864446301 









0.42478407377903266 









0.4165069221423803 









0.415192953484062 









0.46661427192214266 









0.49074162629165774 









0.44463670237558417 









0.45208694312787934 









0.44495255326054506 









0.4907090195458902 









0.3919954858077167 









0.4004162941071384 









0.4083033338870382 









0.48377189060902615 









0.45997002429519174 









0.43300485106937275 









0.32253842034638863 









0.38490337865860635 









0.3625360784880143 









0.13775215239147054 









0.17054603728897366 









0.18732644916855784 









0.1665516386548967 









0.17445169383778947 









0.18059760053424606 









0.14990859669422346 









0.18274306039063526 









0.17777105818384403 









