0.03 









0.20834891903308955 









0.2515528257285183 









0.19942655257030636 









0.2539810291108059 









0.2578568868558189 









0.25799907126665644 









0.24418033006679982 









0.2632534616455142 









0.2421748820869664 









0.27407251251497783 









0.26001905200985526 









0.27961787718808045 









0.3861470744913571 









0.44439932704517093 









0.5082427342253537 









0.5835358285019738 









0.8232455272321018 









0.9457300257006401 









0.9034163727280433 









0.9236962564777682 









1.0065497294613701 









1.0074942947433811 









1.0276951909718113 









0.9864603073791532 









1.0151926598115224 









1.003251907777698 









1.0696852095815697 









1.0983393651117999 









1.0706497920093245 









0.9560974208174651 









0.8301715612347771 









0.8838243074065333 









0.9814008320591867 









0.9914797991813321 









0.9114070484803743 









0.9423125175706603 









0.9126615018268591 









0.8156443644518111 









0.6333099407915967 









0.48739353067218827 









0.46538899856563315 









0.4769947676277884 









0.5074527888911946 









0.4916201834558989 









0.5160193136787912 









0.49592445579129274 









0.5206087707376649 









0.4857005923858781 









0.48489820538019884 









0.42476453556887916 









0.38357456074466395 









0.38028766774053274 









0.36484245463321674 









0.3558777326212873 









0.3598369327666625 









0.3510796867468319 









0.35588597789640786 









0.3774835132896895 









0.373059831179738 









0.3496701268047551 









0.3699755171860906 









0.3678274482272298 









0.3738546410340258 









0.34079460193817374 









0.3356342608062256 









0.3597894572652948 









0.3664154809135689 









0.3618599274878462 









0.3561785303826059 









0.34331733388660757 









0.3542723085590005 









0.3591520087721958 









0.37575921298061826 









0.3627970997467546 









0.36775499528234606 









0.3323994605708493 









0.36678523245346356 









0.3664564924633583 









0.354575554149567 









0.3402393273999007 









0.37992885833894774 









0.38254830497238407 









0.40325941528776 









0.4351288439456475 









0.6005710451801262 









0.7531750731695922 









0.7197978541845591 









0.6891256703023457 









0.7856342893457776 









0.7855858495759523 









0.754588036088514 









0.8205801030485932 









0.8738769381024796 









0.9335220965301438 









0.969092133931276 









0.976104545221903 









0.9835923345752063 









0.9728065649791492 









1.0015711935796228 









1.0346793740421492 









1.0049386249908865 









0.9513215065690157 









0.8589712022880883 









0.7948190586224161 









0.8404197355444547 









0.9692669310603713 









1.0140325491053686 









0.8763012907202362 









0.8012066228594475 









0.7098623819926829 









0.25596518302361493 









0.1894550040209146 









0.19828175155037703 









0.2579569486580161 









0.2661130780833152 









0.24783950854311398 









0.2552324161233188 









0.253734702956796 









0.24342455566840204 









0.25035822887358716 









0.25437179729838155 









0.2638006502541359 









0.2618951409089605 









0.2569043066842376 









0.25757967629862194 









0.2682816111126898 









0.2473567010441114 









0.2561337229631964 









0.24197315745156492 









0.26108606816612856 









0.2489294033243109 









0.25678568945509606 









0.27142804323092895 









0.26796278453718686 









0.2651687316271271 









0.26736522193019546 









0.24544156925196267 









0.26389564496504503 









0.2534057892135633 









0.24932831311249065 









0.2709542785090656 









0.26210997986323814 









0.25784408933284764 









0.2687813680590778 









0.25611078502417006 









0.2456384838535661 









0.25757599862363206 









0.2562588169984534 









0.26198911685321324 









0.2621091566207881 









0.2557756448856028 









0.26220297026800077 









0.26357369404662845 









0.25766439228663923 









0.271954419137076 









0.24436828511110326 









0.24882135362424726 









0.254293592397019 









0.26071306169225344 









0.2646560868631936 









0.26932345782878586 









0.29043191793359285 









0.37690194398737176 









0.47245404393987733 









0.5633224447339418 









0.6128965905938744 









0.6693845091515349 









0.701014699304662 









0.7575132507215341 









0.8172148954597965 









0.8694478612627696 









0.9900138185832448 









1.0386018024393726 









1.0319851024286264 









1.0135796698447932 









1.0506565847561735 









1.1657566968176682 









1.1296587530380584 









1.0584454463588004 









1.0014715867078914 









1.0066423248689587 









1.0584863286432578 









1.0814835960332445 









1.1410182394415638 









1.0261642494289005 









1.0013852272371135 









0.9158125303491396 









0.8149357432398117 









0.7314284709575871 









0.7302341548292479 









0.5950149894970165 









0.6043440737657427 









0.5829626479815336 









0.5749799083621653 









0.5369988102241553 









0.532199425785411 









0.5514463298672985 









0.4884276191451501 









0.48267645019252825 









0.5327554261589464 









0.5385848284275677 









0.6051813458427326 









0.5942573279836053 









0.5960653083986561 









0.5573897616607634 









0.5373677501954146 









0.5586884852011361 









0.48524034519145076 









0.48216412382907226 









0.4969455848531146 









0.4573072691708586 









0.4483315025424288 









0.3973400586592757 









0.4173344018369288 









0.40178075386881035 









0.38985806683604346 









0.3944816627244791 









0.3538893921444557 









0.339341786163004 









0.34899225546085094 









0.378194357260253 









0.38259432309775854 









0.34839579665799686 









0.3305754832560431 









0.34949314665540887 









0.3793533022030598 









0.35044752791533795 









0.3431098773032769 









0.3561959828596265 









0.3538359659243856 









0.3701196968548581 









0.3767313498773332 









0.3538246103977646 









0.4385601161685173 









0.6324809075148701 









0.643119543978189 









0.7064161483783995 









0.7325237477114797 









0.7148999889693319 









0.6677493298993478 









0.6721123855518282 









0.7234567925642938 









0.7877963929364438 









0.8645508762787922 









0.9449732791246896 









0.9487267474039808 









0.9672267035936088 









0.9925395415436927 









1.079374851296258 









1.1369771935226316 









1.0757807608563057 









0.9732543349692424 









0.9306192412193935 









0.8925945287129817 









0.9263785688888478 









0.9551627711301244 









0.9308985002367643 









0.838370107057643 









0.7551236346445193 









0.6883514394380047 









0.26977204324202037 









0.2110596944453945 









0.20339571773652415 









0.27054829880079334 









0.26337196432215015 









0.2684726678188637 









0.24268488600533925 









0.2568124138976829 









0.26255518717032544 









0.2577357908561221 









0.26457329584135225 









0.2656487020900218 









0.2647846174640088 









0.25803323998354705 









0.25086076497696075 









0.24243021270891268 









0.25251928979398575 









0.27119019215550166 









0.25490290824433387 









0.2661997624237663 









0.2564858703906714 









0.25546412200464746 









0.2531350249408551 









0.26958477790582625 









0.2529333899275858 









0.2612411322339584 









0.23431130015940596 









0.2631116159207975 









0.26468005061705824 









0.2635189638983704 









0.2700351150941525 









0.2578785487071986 









0.25096737902740884 









0.2554562192112482 









0.25124407893632905 









0.26694052864495715 









0.27122928071256386 









0.254107917965786 









0.24991989418689312 









0.265266190463614 









0.24679715607088426 









0.25258871559383594 









0.2534883024190964 









0.25743064830664714 









0.25893640586616307 









0.25802198281742206 









0.2631627809695322 









0.25548247524682516 









0.26884014995162364 









0.27110897036460607 









0.25994646278617334 









0.29085147985984605 









0.3371751394636245 









0.374707197222263 









0.44935666454370365 









0.5924380068569881 









0.6600774955584051 









0.7252588537178075 









0.7016264900794051 









0.8115610025249032 









0.896271368604785 









0.9637305985640351 









0.9820481372439398 









0.9409868503368043 









0.9343667271866357 









1.0073229422107364 









1.1137682481149171 









1.0861084523004185 









1.1004515377064397 









1.117140677123044 









0.997641255493784 









0.9629316297535268 









1.0186424829182488 









1.099204863798489 









1.0467374500930386 









0.91374376036753 









0.715420452270793 









0.5242297589701292 









0.4149160116400077 









0.3754202354507711 









0.37833827774037465 









0.37802090611001327 









0.3843958256746542 









0.3921386870872945 









0.3988206234259019 









0.4091473977220153 









0.4151787332008773 









0.4210586716769011 









0.40622406457811483 









0.38293817872776703 









0.37688047314984663 









0.39987923302090783 









0.37425302437604857 









0.40126588911348765 









0.37881023391853325 









0.3984071120717584 









0.40468449370258586 









0.39408043237573576 









0.40086037664504315 









0.4056213971719558 









0.3988879925937462 









0.3977809096122421 









0.3921319976607398 









0.39315026128760744 









0.4078200273155341 









0.3918518845139802 









0.38263197909041524 









0.3928519720020484 









0.40492980729650463 









0.41128088543467944 









0.3940238262669742 









0.37828180552195917 









0.36421082117440146 









0.3687480647380602 









0.3996031433350594 









0.3853230312341621 









0.4060782512514107 









0.3674846222591725 









0.36881088799563 









0.3512275437077039 









0.3510385809972989 









0.35882960800430186 









0.36411484199447536 









0.4490892097950634 









0.6829870911291538 









0.8546324843017371 









0.8093544644033149 









0.7851416230926392 









0.8688191418116348 









0.9086461874930909 









0.916169120793231 









0.9836775410906524 









1.0322516596239326 









1.025506599627898 









1.0042975843253676 









0.9772106614881761 









0.970322165757374 









1.012717029591701 









1.1031244489810985 









1.142171262283572 









1.1202905428202148 









1.0866326045414174 









1.0449681211551016 









1.0283416715341094 









1.050459652130368 









1.0713404761882928 









1.0401612638254407 









0.9548105984417291 









0.9001086664074303 









0.8835584258772693 









0.3297521812752815 









0.21159451820210717 









0.1887434661445761 









0.2521947077954376 









0.25982684048090254 









0.2560879009885884 









0.2677724282201168 









0.2548225345650543 









0.2586404418900034 









0.25507749973491917 









0.2546930284663464 









0.25977424366683366 









0.26421138510887243 









0.26862155375401264 









0.25339248762525957 









0.2645403088972745 









0.2643758532685471 









0.25913810857883535 









0.25370138689074007 









0.2621351945365227 









0.2575488711506953 









0.2657335837646595 









0.2528193463534674 









0.2528451973589329 









0.26106515785528994 









0.2519365068062613 









0.25202457693396285 









0.2623021055680818 









0.2633009041354332 









0.27961674210791954 









0.25435304798765584 









0.26478907674600527 









0.26251273665422203 









0.24851884133306987 









0.25192885306358653 









0.2646950357605529 









0.24815975542145383 









0.26780268298874027 









0.257694100006824 









0.2456121661660551 









0.24905070938417975 









0.26375288883770603 









0.2734939967378666 









0.25242752581581157 









0.2637779680488857 









0.2693183201212416 









0.25275362558106756 









0.25666794082229705 









0.24374656713207637 









0.24797961994271905 









0.2541930017127715 









0.2985812352675264 









0.44317671000297354 









0.43638859632822347 









0.5171803262669301 









0.5723287862005582 









0.5965806830994649 









0.6597103823683562 









0.6851863129439599 









0.7129755218388818 









0.7432277475665173 









0.7934083097862067 









0.8946307364256323 









0.8242758573740488 









0.7493163829862534 









0.8072364929608059 









0.9504416723657507 









1.0315901437282844 









1.001901894095401 









0.9858346725973915 









0.7807161947508526 









0.7017134393725188 









0.6881166042305001 









0.8105432501306391 









0.7737741847894107 









0.6119874249303956 









0.5232348530317515 









0.5019935450356212 









0.4799858577993005 









0.44540361628579556 









0.4438762487114887 









0.4143250937228749 









0.4626609737204105 









0.4365330113944533 









0.44360465726421083 









0.45344417625481986 









0.47185672994541494 









0.44831543907764704 









0.42056057686022513 









0.42330255412864015 









0.44322256884452854 









0.424631400873813 









0.4637942455836845 









0.4726714907075551 









0.42341421639764837 









0.429951853712775 









0.4327931086434795 









0.4374917827340828 









0.41853740255339317 









0.4216772094655412 









0.45766691401472087 









0.478298921911631 









0.4599946066498804 









0.4480385061206762 









0.41303827163380485 









0.448016851223366 









0.4183092401995973 









0.4135167282474363 









0.4429859511589801 









0.40921382121729516 









0.4161396285107036 









0.4345390388843694 









0.42974796005640975 









0.447402244459147 









0.47288159422091586 









0.47371138047808276 









0.4646987240808172 









0.41724615574812146 









0.41845854076176725 









0.4027317089138414 









0.43757505703867844 









0.44454110335210273 









0.45055036363732476 









0.46297842746843726 









0.5570224907437211 









0.6841440140272916 









0.6875705173065737 









0.790759337506431 









0.8854003916443653 









0.947081036505537 









0.9606568475753029 









0.9091408341964722 









0.9153610335017356 









0.9669612129144357 









1.0897228515126658 









1.1688732258316514 









1.2118232887429272 









1.2613604850206965 









1.2038661911607493 









1.1177321678602283 









1.0703426587341365 









1.1127580521187903 









1.117037061643503 









1.105660152586852 









1.1476825169676346 









1.2267464629272882 









1.21780533365508 









1.14869757218823 









1.000816947931006 









0.8740903606669431 









0.31261971763700674 









0.19749504595216694 









0.19661869912518815 









0.253412526405299 









0.26094369751937707 









0.2626712404701549 









0.26394901993135717 









0.24528492656473008 









0.25483923404136194 









0.25541581802494684 









0.24651556732341992 









0.2619503445248047 









0.25461949406217066 









0.251954180726809 









0.24604774404804844 









0.2517242836327834 









0.25211469984281043 









0.24472516900493735 









0.25783196534209957 









0.26239222436123777 









0.24818918049567784 









0.25199181646247065 









0.24764884755964475 









0.2673266789830032 









0.27694408557034167 









0.25879013648949706 









0.24936027557933813 









0.25057222411935876 









0.2488278700399136 









0.25853698480765175 









0.2579815226495139 









0.24807194400191113 









0.2554526003276548 









0.24994555689039344 









0.25997922040752813 









0.26198782051830266 









0.23683935940923195 









0.2571188287752184 









0.2600633741889766 









0.2574940654423289 









0.24814534255256998 









0.2539835715925019 









0.2614591396911481 









0.27031784332298275 









0.2768312923400378 









0.2521932640894096 









0.2584594298188998 









0.24478445217365338 









0.25592086962114674 









0.26639575896392875 









0.27992833493837027 









0.3037908479403339 









0.41189495198436277 









0.3631162952564024 









0.3501639810498287 









0.36515933922713706 









0.4554013734034538 









0.3866858567530791 









0.3848417642793361 









0.49457414341753786 









0.5001438681741249 









0.5218675600455992 









0.5762630441531643 









0.6184408825844141 









0.529295249115431 









0.4851771603676699 









0.5232978522785104 









0.5531529818010523 









0.520123965959131 









0.4077134256945132 









0.3527636893195727 









0.42508738086131476 









0.4750939092881439 









0.4672264639817658 









0.4466985187439272 









0.4183995769275024 









0.38424325437328316 









0.40041541280647175 









0.4227998416585506 









0.4406442399455309 









0.3851688457555771 









0.36810430484556916 









0.3789631838326278 









0.37954205539368197 









0.36682450081220763 









0.38718278048579946 









0.38042080581829113 









0.3607114825157819 









0.3384289309187409 









0.3405643767177766 









0.3562134893578053 









0.3635255024722616 









0.3578617008767324 









0.3855543098542968 









0.3557330003676885 









0.35617420811266526 









0.3551425293228371 









0.3563145798497537 









0.3446698536498604 









0.3674280790854579 









0.3871709326327172 









0.3733436915792693 









0.361129150718543 









0.36114189591074014 









0.34799275406278524 









0.3650757868185711 









0.3562589643606231 









0.3836873888761081 









0.3598102831308708 









0.3334499981731155 









0.34901693936000355 









0.3370437194476451 









0.34202547192438265 









0.3529557186622709 









0.3504053232975018 









0.34270407525714336 









0.37483330930228176 









0.3776630866661509 









0.3781511020117766 









0.3539012961282161 









0.3493613481989457 









0.36376659045747156 









0.3598823324790591 









0.44395356391522073 









0.6096711827048843 









0.6692112589781444 









0.7728275894524748 









0.7774565894357031 









0.8304803902899708 









0.8299143110761187 









0.8040931995318057 









0.8301699484578946 









0.6828101909308133 









0.6530419515823539 









0.5945591840149068 









0.7054391327348618 









0.7152588095066785 









0.6965069728851524 









0.6523615294053572 









0.6586240526701922 









0.7250228733562303 









0.6589842887113418 









0.5953085849524417 









0.5875661801506823 









0.6443490143765468 









0.7204154841086112 









0.7189043943061124 









0.5426081225586871 









0.5105262134812 









0.5722477535333064 









0.21723412035971768 









0.20271695620225794 









0.26231426414355 









0.25421442155808643 









0.2513707456370178 









0.2686294124902773 









0.24442489460036826 









0.2402703194732732 









0.26545888516372546 









