0.2 









0.00026907205632481084 









7.3129523320132e-05 









7.248253310742478e-05 









6.819669381833953e-05 









8.755613331327727e-05 









0.00010826729152325307 









6.899503692508736e-05 









7.742014535059834e-05 









6.336558833957687e-05 









6.907513134111854e-05 









7.576646754984401e-05 









7.670473528894262e-05 









0.00012793658961098492 









0.00014170935445334887 









0.00014805813313687987 









0.0001553418650588181 









0.0003101224853581386 









0.000308238949977096 









0.00031621106841583273 









0.00025732725383489533 









0.00044119826947517954 









0.0003793707594360573 









0.0003955073317038061 









0.00034693696039078117 









0.00030072257804635396 









0.00032094558201858106 









0.0005797812820156328 









0.0005574305024963594 









0.00032679303126305375 









0.0002385028778012467 









0.00019091114701213284 









0.00030394821799373554 









0.0002701911402537998 









0.0003381529356865252 









0.00034712594323019273 









0.00031818789285798746 









0.0002922750110088732 









0.00024208451501207123 









0.00010925517058126809 









9.27428509754202e-05 









0.00013189610616827285 









0.00012446304180722083 









0.00014708295667084333 









0.00013128756387392282 









0.0001430173753056911 









9.877448877340166e-05 









0.00012317367019749447 









0.00012898603358625743 









0.00014766510171751693 









0.0001341643281176679 









7.924997380207344e-05 









0.0001017302657448126 









0.00012133967824268261 









9.79155325341544e-05 









9.867359576933204e-05 









9.568138465080808e-05 









8.088197005346083e-05 









0.00012474407376903844 









0.000122955434429985 









7.784124098163214e-05 









7.062969448878292e-05 









9.04898016551297e-05 









0.00010082273559269795 









6.945976080471891e-05 









0.00010496252189623698 









9.74990154056622e-05 









6.55059490698238e-05 









8.586716149075272e-05 









8.031687603510067e-05 









9.606053693564486e-05 









0.00011279903313574285 









9.585202713341119e-05 









7.751063047761904e-05 









7.665878235497673e-05 









0.00010624699762697516 









8.668934127578355e-05 









9.01308100272303e-05 









9.833416846877213e-05 









9.922191457410676e-05 









0.00010287580800596282 









8.806944472662789e-05 









7.63276104876891e-05 









0.00010955365646930841 









8.875371528203242e-05 









0.00021612740114710087 









0.00020997411220427572 









0.0001803929716172825 









0.00013248057304955508 









0.0002033579029239279 









0.00024168326249722494 









0.0002194326156283304 









0.0002079804520118953 









0.00020688663839367653 









0.00030980113954970416 









0.0003674805480548346 









0.00038438395350192853 









0.0004104575195154884 









0.0003094921996077929 









0.00034733327440313294 









0.0003295531655318462 









0.00027103750460015394 









0.0002898714072427808 









0.00024162295367767222 









0.00016961689427680054 









0.00028844033620642934 









0.0003129692088034109 









0.0002694635628047622 









0.00021965473744272674 









0.00018157022911196956 









0.00019133900819664175 









7.662726231671892e-05 









5.901605407613971e-05 









7.058538986851333e-05 









5.7368600307109574e-05 









9.204787310962179e-05 









7.234887169659825e-05 









6.591462742658473e-05 









8.979164083165598e-05 









7.895644757004085e-05 









7.251108001434268e-05 









9.135208038887804e-05 









4.9485356011694223e-05 









7.263251825067254e-05 









6.749838644787027e-05 









9.454667463148185e-05 









6.221467351119367e-05 









0.00010148628678524567 









6.881414802719247e-05 









8.114549732816213e-05 









9.448119410195637e-05 









8.290530597117801e-05 









8.28375027117016e-05 









5.734768359704847e-05 









6.86811311816776e-05 









9.709891312623968e-05 









7.307958165224636e-05 









8.248506216425392e-05 









5.865599404278608e-05 









5.625449823658028e-05 









8.456646030063249e-05 









7.135941396416428e-05 









9.514854149968052e-05 









6.196682370872557e-05 









7.543362627567929e-05 









6.66138494569788e-05 









5.4217382723096555e-05 









6.98005991456259e-05 









7.908539007190715e-05 









6.386170855005063e-05 









8.993337936065497e-05 









5.8422277076209894e-05 









7.109727638175353e-05 









8.085705574066031e-05 









6.0990133456917145e-05 









0.00010215030802122963 









8.67582247102009e-05 









6.964356034670496e-05 









6.025498786756406e-05 









5.623549612721224e-05 









6.327454100472605e-05 









0.0001102809815211542 









6.73350728593945e-05 









9.806268966056298e-05 









0.0001075449144199078 









0.00014364503183173302 









0.00015941118140489911 









0.00018113987323579864 









0.0002649057055706445 









0.00019569266542542588 









0.00033772443862009 









0.00033317901737625014 









0.0004871126672964587 









0.0003516136853293212 









0.00031406072296715864 









0.0003988277330865027 









0.0004657726775487738 









0.0005240516432881493 









0.00044960263187336115 









0.00039237785247162857 









0.00035559497767453084 









0.00028553894108045163 









0.0003985918003947304 









0.00039119334855193744 









0.0004350809817502304 









0.0003792077164816115 









0.0003232820664804 









0.00029638664711145713 









0.00016967595298961527 









0.0001687061183083198 









0.00020493313816705302 









0.00014623154802464002 









0.0001894670383436092 









0.0001195347210743201 









0.0001459339581032378 









0.00014973804389011957 









0.00017136662427678342 









0.00014902989960727795 









0.00012585633216060076 









0.00017418093381981094 









0.00011434835672427405 









0.00014356414300936634 









0.00015361267303668066 









0.00021275229287589172 









0.00019452823634075146 









0.0001106920412204102 









0.00011626732066702305 









0.000141258932584454 









0.00015174230573278293 









0.0001373359298313443 









0.00014397221397616732 









9.337688621238384e-05 









9.279320942241457e-05 









9.454099477136421e-05 









9.802967673344487e-05 









0.0001254719039531976 









0.00010480243780635644 









9.681851046971064e-05 









9.53377959460327e-05 









7.75606803789603e-05 









8.543097575955978e-05 









0.00011696874709496281 









7.204620388899982e-05 









9.025288670068082e-05 









0.00010440858513671421 









0.00011125771027322155 









9.168274832659177e-05 









6.818974840006186e-05 









0.00010364511382658871 









0.00010831881676866563 









0.00010562705489409017 









8.197995744065376e-05 









0.00010170712622748485 









9.006376049694253e-05 









0.00010618585512537847 









0.00013223051017977492 









0.00019182956368127404 









0.0001916251915989453 









0.00015942470781259816 









0.00019631068360358056 









0.00015718585196214434 









0.00019184504233960242 









0.00021535760491928454 









0.0001955729216153338 









0.0002665085031952867 









0.0003376226829251213 









0.00027933925487499164 









0.00023766444086996747 









0.00034925703890310237 









0.0004069569286348715 









0.0004812209826795176 









0.00047605747342930704 









0.0002740803393972904 









0.00024379162715766327 









0.00023059048278463716 









0.00032796055133936606 









0.00029834578565428294 









0.0003138411427489992 









0.00023829795927634624 









0.00020738832578281796 









0.00023490746370728743 









0.00010140043957916175 









9.042205562674482e-05 









8.355536760984154e-05 









9.287349575454716e-05 









9.275043025120213e-05 









8.749384767394232e-05 









7.904818240957656e-05 









8.912401975398376e-05 









0.00010566185913600195 









6.500522351845872e-05 









9.899914676611455e-05 









8.454103111431356e-05 









9.039067418362587e-05 









6.423522430397696e-05 









7.120485717933832e-05 









5.855496370100821e-05 









9.987017799920883e-05 









0.00011634136103212499 









7.29218762914075e-05 









7.077227563120816e-05 









6.55346916002008e-05 









8.746900723085066e-05 









7.537582622373331e-05 









8.812271229485516e-05 









9.199362500338036e-05 









7.059604333605557e-05 









8.091556743887085e-05 









7.776457364488506e-05 









7.971393727970536e-05 









8.071889268314645e-05 









6.584537600452724e-05 









8.347215041946477e-05 









7.465735764386456e-05 









6.0831328372286543e-05 









7.520338656226105e-05 









6.867647353198906e-05 









6.330018672745833e-05 









5.058948556886261e-05 









6.587371778121631e-05 









7.069697909730546e-05 









8.289558423877652e-05 









9.570274322566807e-05 









7.670232001210189e-05 









5.783697914664504e-05 









6.82312187742386e-05 









0.0001009854197192685 









0.00010302594318021326 









9.566028030137311e-05 









8.506921982277189e-05 









6.286063895204346e-05 









7.252186564320057e-05 









0.00010101067148034066 









7.11757013545516e-05 









7.692459126346814e-05 









0.00015552688457488124 









0.00017273294409236688 









0.00020988997059806372 









0.000221310540747895 









0.00022539379211391098 









0.00027151891030304583 









0.00036456921327379774 









0.00029269303801827116 









0.00034171931143980736 









0.00032657945757632906 









0.0003415702268652262 









0.00031284699375193895 









0.00043149987478432734 









0.0003152870671468194 









0.0003734665451305359 









0.000511693922480818 









0.0004484483304821443 









0.0003080234156748126 









0.00048688694149681607 









0.0004622385420176121 









0.0003298662750314098 









0.0003401832890412192 









0.00014938123077429586 









0.00011219733163277412 









8.575500489193687e-05 









0.00012481651291870795 









9.234807832049288e-05 









0.0001068700606401254 









0.00010266128138462804 









7.433896862717926e-05 









8.490731158777544e-05 









0.00012622075466344626 









0.00014337749752817538 









8.165789061898146e-05 









0.00013085167324988919 









9.620332219325092e-05 









7.420080638184475e-05 









0.000103383195939001 









8.818125047502945e-05 









0.00012664619019464013 









0.0001068358095629642 









9.409634380714608e-05 









8.412458297626601e-05 









7.403952660426935e-05 









9.013473414549295e-05 









8.34398581762125e-05 









8.222276250122019e-05 









9.777645609825505e-05 









0.00011466205822843571 









0.00010828661799098536 









0.00012519224737300326 









7.840963647499268e-05 









8.726989611650379e-05 









0.00010796393077093622 









0.0001032423299035094 









8.393113855198407e-05 









9.104228847548872e-05 









9.65601696072381e-05 









8.826692394684442e-05 









0.000131888274614078 









0.00011040992673544612 









8.697116889194952e-05 









0.00011891982955537886 









8.979610831254028e-05 









0.00010238980207305775 









8.74595220548793e-05 









0.00011469151110905989 









9.137642948536614e-05 









9.659472075104116e-05 









0.00010465136557755159 









0.00014299946516512464 









0.0002773720640188199 









0.00018833624778829714 









0.0002876010319106557 









0.00020103733141694848 









0.00027359611686145554 









0.00021399332513560106 









0.0004414704560222388 









0.00035051484670884557 









0.0003080361349108773 









0.0004044400286800096 









0.00027763782471508546 









0.0004535773849801746 









0.0002669599034123263 









0.0003359491351113339 









0.00047507471377480676 









0.00041328647794460665 









0.0003823981889000528 









0.00045484453931218295 









0.00038281784968036977 









0.0003697495436146012 









0.0004736414835853184 









0.0002885247504098048 









0.0003153385587814061 









0.00028625883918723615 









0.0002658966885447371 









9.793232130978567e-05 









6.284508295000397e-05 









6.889784221817738e-05 









8.298210918235197e-05 









0.00010626142661542177 









0.00010497774441739697 









5.437718676095422e-05 









8.090653710567547e-05 









7.831099671572272e-05 









6.703257672253838e-05 









7.036034169383037e-05 









6.983306768396238e-05 









0.00011211841981117816 









7.309763258630713e-05 









8.073826632129847e-05 









9.992970395630462e-05 









8.776197184381989e-05 









9.179747167482988e-05 









8.213514448879468e-05 









7.935501101378103e-05 









7.233542594089936e-05 









0.00010290315700093494 









7.725102850901958e-05 









7.278908335011588e-05 









7.999696100309489e-05 









5.9207537953860105e-05 









5.7460010918157426e-05 









9.172142855963484e-05 









7.017374397175769e-05 









8.060037287003856e-05 









8.648960751549324e-05 









8.108331770199093e-05 









8.040041351150157e-05 









0.00010320466588824545 









8.909186088134946e-05 









8.367594039686219e-05 









8.141615407050202e-05 









8.106545700198379e-05 









7.111889761415106e-05 









9.581627010286066e-05 









7.259474081651155e-05 









7.677646633509398e-05 









8.442964223209917e-05 









7.533588509298672e-05 









8.909924182930626e-05 









7.533094542253973e-05 









9.62989820649992e-05 









9.61398267961661e-05 









8.18694940826881e-05 









6.512543829288945e-05 









9.248927494317248e-05 









9.876225108187758e-05 









0.00014563281829820662 









0.00015504539136942483 









0.00011696945475930912 









0.00014720047356443048 









0.0001857530081167199 









0.00012698686282681582 









0.00023914477229831197 









0.0001929586537452248 









0.00027525178391058977 









0.0001967552156384722 









0.0003216020958026261 









0.0002618532973205343 









0.00018616182089081193 









0.00019535981585669604 









0.0003138193953668508 









0.00026798727877966295 









0.0004233487270739358 









0.0002709265177533809 









0.00017816264797508645 









0.0001518224310345408 









0.0001499596670771635 









0.00031977114041502493 









0.00019007875889165773 









0.0001812876142982071 









0.00014180720079266535 









0.00012577176180265684 









0.0001060246461130129 









0.00014392539069335754 









0.00010477342698567168 









0.00011071937126974496 









0.00012040513884510204 









0.00010519780868782172 









0.00011248885155626181 









7.947428849314777e-05 









0.00012969567226425388 









8.462852958361919e-05 









0.00012623900390237535 









0.00014412518114323864 









0.00012445340307397145 









0.00010124592002124038 









0.0001256442023879051 









0.00015254117594492846 









0.00010579627644015531 









9.918649727718142e-05 









0.00010323863885370528 









0.0001250270836664778 









8.739813755655743e-05 









0.00010574709095899312 









0.00012972118748404664 









0.00010272071396174172 









0.00010274265960245001 









0.00010626592676574165 









8.566239125753576e-05 









0.00011566978563324865 









0.00011751350537656969 









0.00011881241261358817 









0.00010921383583583074 









0.00010086462117945187 









0.0001388839898571104 









0.00014130722365923774 









0.00011010115025402773 









8.984576052015916e-05 









0.00013556197161816543 









9.591176612698028e-05 









0.00011314456998064707 









0.00013571946708046775 









8.840665774521258e-05 









0.00010156413712094503 









0.00011385561215926241 









0.00015572061814454023 









0.00015986537537545124 









0.00014669074147629624 









0.0001619507719135557 









0.00023983685557357444 









0.00017074251877771492 









0.0002506990097662653 









0.0002360939991332141 









0.0002530057643510271 









0.0003253777086817878 









0.00029977775193265263 









0.00024392536607460328 









0.0003593373955556419 









0.0003590085994910054 









0.0005370195029600066 









0.0005554064014802933 









0.0006435644622639033 









0.0005885409524665677 









0.000495427103148116 









0.00038884745597676714 









0.0005045151431818203 









0.00042698426336492887 









0.0004438925767614129 









0.0005254959788369724 









0.000673295869325114 









0.0006432788970163448 









0.0003513525410354176 









0.00038512776956421257 









0.0002491926274107791 









7.508598235304501e-05 









7.721249641625908e-05 









9.689944448040547e-05 









6.029152773550532e-05 









7.683040405193948e-05 









7.737647998998908e-05 









9.59423704486093e-05 









8.103356571332138e-05 









6.581312255089021e-05 









8.630907388205698e-05 









6.060708929086952e-05 









9.900231108115427e-05 









8.622883094336158e-05 









6.413861428212945e-05 









9.246681913732812e-05 









0.0001046466890127005 









7.985391974463658e-05 









8.423849386512356e-05 









8.804529924457691e-05 









7.980360502344662e-05 









8.283471008362e-05 









9.073791239390057e-05 









5.9819393166074924e-05 









8.97847013508913e-05 









6.80451278355381e-05 









7.051371962978204e-05 









9.279814246607358e-05 









6.462921368176927e-05 









0.00010213873860697988 









7.911476723716883e-05 









8.786217048922493e-05 









7.257869998419292e-05 









7.97691892317721e-05 









9.446265757450691e-05 









8.83823932874173e-05 









5.6772484146987926e-05 









8.274163265663644e-05 









9.248729864984602e-05 









8.70057597231377e-05 









6.860813215685437e-05 









7.567941594473505e-05 









7.027867529788126e-05 









6.29931816891571e-05 









8.404132947527684e-05 









6.52347134365317e-05 









7.04326561441268e-05 









7.506839865696412e-05 









0.00010113026999406541 









9.472602355029943e-05 









0.00011513411118205555 









7.116111795797922e-05 









9.905426071701153e-05 









0.00015083171153497122 









0.00010422385394853255 









7.484259679796697e-05 









9.416394309911516e-05 









0.00016186503707472927 









8.445058731499871e-05 









0.00012866897230225246 









0.00011687067316179425 









0.00010135222879439521 









0.000117819684538847 









0.00014635999733505085 









0.00020507607049020048 









0.00012027617336140009 









9.137818679797762e-05 









0.00012732422315357993 









0.00012571357060218037 









0.0001561520532845919 









0.00010425405972181101 









7.94030638468312e-05 









0.00012205475681470968 









9.945308096091408e-05 









0.00011846887702901475 









0.00011015007999947446 









0.00013374322072620562 









0.00012629011735163604 









0.00010609291373663677 









0.00010317899586410627 









7.659285941126249e-05 









0.00011470834546443392 









0.00010289129486570529 









0.0001324674473634029 









8.906271857680439e-05 









0.00011690763990213181 









9.170693324085557e-05 









0.00011525747376612882 









7.795538438969322e-05 









7.881745298179028e-05 









0.00012158614308318752 









0.00010068779672707697 









0.00010950993180723586 









8.78292496953101e-05 









8.515692792638037e-05 









8.82578764507959e-05 









0.00011723524740701778 









6.933117016563449e-05 









0.00011515572797741415 









7.77378297396849e-05 









6.438873788624474e-05 









0.00010773149098336336 









0.0001016095457176136 









0.00010241609729965052 









8.952386664246468e-05 









0.00010532587233971468 









9.262507734166904e-05 









9.004734423702917e-05 









0.0001129253611662957 









0.00011732267320045812 









7.541977067929129e-05 









7.928733030970503e-05 









9.09563275198171e-05 









9.229529661373598e-05 









0.00010157360008833343 









0.00010873072444825263 









8.097966125180128e-05 









8.000377777839652e-05 









0.0001270775400828759 









8.959781606405118e-05 









8.366252977000705e-05 









0.00011187088255868188 









0.00013245582006781042 









0.00011626617539958723 









0.00010179623755956683 









0.00017534568601695134 









0.00016269446366574692 









0.0002597342747089331 









0.00018280002729678403 









0.00022235630838092333 









0.00022768995148775485 









0.0002772591984258418 









0.00023051102398386118 









0.00014511488811441183 









0.00015479364357885565 









0.00014852201389815227 









0.000182845489706967 









0.0002121303564580645 









0.00023407865976327234 









0.00022278363208422898 









0.0002010669412999462 









0.00016989892297406163 









0.00016452941205095204 









0.00015091149964754967 









0.000198659775853747 









0.00023923021171252728 









0.00021254427222649027 









0.0001970967665638867 









0.0001388410306928615 









0.00011587050526461236 









0.00017824015006258972 









8.934103861235981e-05 









8.332356558707988e-05 









9.735006905820583e-05 









8.425105801037424e-05 









6.644174566424499e-05 









8.220890796113707e-05 









7.499465412061636e-05 









5.507815641242641e-05 









8.922033103331219e-05 









