0.2 









0.0003651342541334281 









7.349831524092331e-05 









7.947397285085165e-05 









6.898169083289436e-05 









7.033210925383516e-05 









8.176170373810451e-05 









6.360537951450976e-05 









7.67140374300987e-05 









7.255106808401483e-05 









5.2328888226815054e-05 









7.639083110303879e-05 









6.756028464749984e-05 









6.715734777953187e-05 









7.398689268227641e-05 









5.959877513649325e-05 









5.905627899979629e-05 









6.671343092858476e-05 









4.8942757377750644e-05 









6.200172961894761e-05 









5.67661038485127e-05 









4.829449446607377e-05 









6.486638138574238e-05 









5.187020805819581e-05 









5.030185485720323e-05 









6.042385896487789e-05 









5.809336147639309e-05 









4.765963447770937e-05 









6.151117557535189e-05 









4.980911996835878e-05 









6.845566332983467e-05 









5.461225394151364e-05 









5.7580238213637e-05 









5.43228463862064e-05 









6.141477436762501e-05 









5.220025350805227e-05 









4.865580900688168e-05 









4.764084489562133e-05 









6.252802983142307e-05 









5.032101135632073e-05 









5.707679326363605e-05 









4.142274696410615e-05 









4.765532267302894e-05 









6.468381181314385e-05 









7.198365808600764e-05 









6.447719526008607e-05 









5.417966449892005e-05 









7.083467223452337e-05 









7.68737017641258e-05 









6.74613933046232e-05 









6.995306117697475e-05 









6.052267875304873e-05 









7.695512067937795e-05 









7.280628762364889e-05 









6.12403622341412e-05 









6.709168379332787e-05 









7.612427179998228e-05 









6.882688932158833e-05 









4.883780432188978e-05 









8.856018648228424e-05 









7.086200094210222e-05 









6.056549640734338e-05 









5.767019872911459e-05 









6.949243813693971e-05 









7.245480442879838e-05 









9.478629436038291e-05 









5.9110847044773076e-05 









7.29817764573357e-05 









6.136441234328018e-05 









6.221604815996925e-05 









7.207265894802194e-05 









6.961161945979777e-05 









6.966592997675586e-05 









6.869787381308651e-05 









6.717563937942856e-05 









8.48482902186724e-05 









5.797271388690911e-05 









9.480194745105201e-05 









8.658711526085669e-05 









7.830050788239962e-05 









5.868581500978699e-05 









6.367605401819587e-05 









6.289410035770373e-05 









5.372824297466975e-05 









6.880418348652282e-05 









4.408918910873245e-05 









5.182189105043095e-05 









5.1143927327760914e-05 









5.972783583800899e-05 









6.706452469610401e-05 









4.9117615180236603e-05 









5.527336497143063e-05 









5.4861743558677915e-05 









5.0221871045038e-05 









7.156558461583401e-05 









5.264276343571928e-05 









4.717809645694093e-05 









5.384536826777288e-05 









5.572342893935096e-05 









6.088232739003906e-05 









5.739198215525626e-05 









4.6889101612886045e-05 









5.329710729520282e-05 









4.2536265093506026e-05 









4.4131984136597324e-05 









4.6020552842067626e-05 









5.364929540265526e-05 









5.689511616815934e-05 









7.238737155768819e-05 









4.08971179433924e-05 









5.415258590889095e-05 









6.050495515867124e-05 









7.410726698867981e-05 









7.149911405248866e-05 









7.84536630285075e-05 









5.7184312669312445e-05 









6.871133270844597e-05 









7.553193105710196e-05 









7.263045819000497e-05 









7.655906298644486e-05 









7.599001448319552e-05 









6.516697498667228e-05 









5.5240473450169836e-05 









7.007770984525195e-05 









7.813752298691656e-05 









9.02256083442011e-05 









8.466212412403361e-05 









7.402551920783724e-05 









8.94950063785462e-05 









7.321368647193464e-05 









6.806279766257979e-05 









9.055397972454251e-05 









7.021581428335477e-05 









5.1944372065896826e-05 









8.358864410038251e-05 









4.841618522490576e-05 









5.873215028547146e-05 









7.381797779992003e-05 









6.502516411015305e-05 









7.749688035910939e-05 









7.502115181524148e-05 









7.052548113714341e-05 









7.115247434582268e-05 









8.994808951090345e-05 









6.027915263102702e-05 









5.514865232725068e-05 









6.491404618659953e-05 









6.969758161672111e-05 









7.644634448418274e-05 









6.684623810309432e-05 









5.7115971131259824e-05 









8.35706411871034e-05 









5.7580958603401086e-05 









5.3978352700434726e-05 









5.887278171358411e-05 









5.040813907640922e-05 









6.104790173036532e-05 









6.840796211843273e-05 









8.9987520481051e-05 









6.307649815199358e-05 









8.305368751979704e-05 









6.12562901795784e-05 









7.571421510808037e-05 









7.673156108686437e-05 









5.0402493927056885e-05 









7.012087177088336e-05 









5.041851924673884e-05 









7.788484264845561e-05 









5.3631999256967226e-05 









5.692112110747253e-05 









6.218696050015993e-05 









6.057346169587048e-05 









4.631059048267706e-05 









6.609018462084174e-05 









4.876433854364069e-05 









5.6898636585192826e-05 









6.600393249547943e-05 









4.706300018366685e-05 









6.451231564672276e-05 









5.718736677232526e-05 









4.373370384261674e-05 









5.7203605883921675e-05 









5.025222993859625e-05 









6.926346086280628e-05 









7.077287676662257e-05 









6.232174000741514e-05 









5.081628741747443e-05 









4.971197491079364e-05 









7.092725027417101e-05 









7.974566020816866e-05 









5.82351636035041e-05 









5.075082266628565e-05 









4.974671919296128e-05 









5.751613049590744e-05 









7.476073137151405e-05 









5.101447579626703e-05 









5.2467058277600164e-05 









5.5176283404117016e-05 









6.862605290194844e-05 









5.5608925160252945e-05 









5.698371215128764e-05 









7.258821695349952e-05 









7.271880492991563e-05 









4.3444166241502456e-05 









5.2317679830949836e-05 









4.2289239365950835e-05 









6.603557817951383e-05 









4.8949768101855254e-05 









4.4649561971710295e-05 









7.524428286681818e-05 









5.271036555920776e-05 









5.722676268863921e-05 









7.910636163665344e-05 









5.110165288109536e-05 









5.902834746772876e-05 









6.306254351836431e-05 









7.09371269359548e-05 









6.22215759775879e-05 









5.929105502229251e-05 









5.4816363094541574e-05 









5.6165238256961945e-05 









6.247682498919044e-05 









8.688310979414829e-05 









6.731358058240757e-05 









8.484581365121081e-05 









7.369484257276499e-05 









6.545469405782236e-05 









5.5705502231611594e-05 









5.627149644851621e-05 









6.443631138785053e-05 









5.226177066222396e-05 









6.105806792128242e-05 









5.7425819624029576e-05 









6.609687329288935e-05 









5.905603882132911e-05 









6.208426392721953e-05 









5.9102701600655093e-05 









6.259257035934416e-05 









6.0402576444334684e-05 









5.726446450809038e-05 









4.976807060539863e-05 









6.226586693026723e-05 









6.532884531874695e-05 









6.725338572455057e-05 









4.321132954207161e-05 









4.136818252281693e-05 









4.949879324698548e-05 









5.5924511962692016e-05 









3.948832309353707e-05 









5.777481411099531e-05 









3.949875125759435e-05 









5.062265277474958e-05 









5.291725556511553e-05 









5.446593880869391e-05 









5.305340736717578e-05 









6.367908167653656e-05 









5.270265692462502e-05 









3.9548147519146904e-05 









6.40110394410532e-05 









4.512263649019047e-05 









6.136579484476078e-05 









6.131723393751908e-05 









6.374083257043978e-05 









8.138570600539567e-05 









6.388759803670208e-05 









7.192382058777214e-05 









6.292528050095134e-05 









6.876766428769716e-05 









8.502091544489122e-05 









6.989124043823615e-05 









7.676723783555802e-05 









9.011586454302535e-05 









5.364766863126407e-05 









6.601134245261543e-05 









7.019841818771073e-05 









5.514734747491507e-05 









7.212219672552149e-05 









6.780073072222781e-05 









7.531299152481997e-05 









5.9661862105970444e-05 









6.656380427821497e-05 









6.277628474699085e-05 









7.504163226717205e-05 









8.492522147403683e-05 









5.2667741768483424e-05 









6.45866987394363e-05 









7.126936486181163e-05 









6.58883620077015e-05 









6.444799979624788e-05 









7.341526423996681e-05 









6.14495528553287e-05 









7.978590943455408e-05 









6.292525769169518e-05 









6.404627586595183e-05 









7.320623721710627e-05 









9.358560687596656e-05 









5.9434149094060246e-05 









5.393831952676326e-05 









6.478966314382812e-05 









8.901474529767175e-05 









6.768488537142625e-05 









7.967134270809579e-05 









6.593816463603895e-05 









5.384584382446413e-05 









8.180746890583568e-05 









8.779518537532652e-05 









6.8331408670206e-05 









6.462859607299141e-05 









8.617749625157976e-05 









8.011910164116826e-05 









8.153516302432268e-05 









4.694703952715426e-05 









7.681728246993172e-05 









8.566919428495967e-05 









8.755470904237029e-05 









8.489331369805622e-05 









6.82141746364184e-05 









4.9594770606393583e-05 









7.471125102318089e-05 









5.082990156822678e-05 









8.113369889105852e-05 









6.946566900371712e-05 









5.168416484218646e-05 









5.670266429070338e-05 









5.3795806737701174e-05 









5.308874383946782e-05 









5.678690322652388e-05 









4.5985128163010465e-05 









5.436515913010723e-05 









6.332070498981515e-05 









6.294499665260392e-05 









6.115064759394453e-05 









5.710199736393229e-05 









7.60805275952785e-05 









5.315367172746124e-05 









6.659655209582081e-05 









7.065383107336264e-05 









4.92854867026344e-05 









4.195731958315074e-05 









8.197172215791042e-05 









6.206789041537663e-05 









5.429725982087972e-05 









6.000782351221614e-05 









8.161993495269392e-05 









5.711251378517508e-05 









5.226438285205376e-05 









5.58177224736948e-05 









6.462306646848344e-05 









6.763880178594869e-05 









5.787732478148063e-05 









5.210723718651338e-05 









5.974874903982456e-05 









7.04139145341428e-05 









6.99877077123356e-05 









4.699569489184281e-05 









5.651730590576098e-05 









7.289858378668866e-05 









7.947919003831201e-05 









6.139710078472129e-05 









6.627995547052451e-05 









7.245324407221488e-05 









4.960112881983605e-05 









6.88288625555876e-05 









8.141632918287441e-05 









5.563237712681473e-05 









7.710280669952885e-05 









6.552346739260586e-05 









7.453406708834297e-05 









6.856719660248365e-05 









6.614785914548678e-05 









6.180476677105054e-05 









4.6119662774772886e-05 









5.5565244255864626e-05 









6.842260603750657e-05 









7.684045774567099e-05 









6.1695139956521e-05 









8.003854001872523e-05 









4.410428506120281e-05 









5.9829908866278935e-05 









7.316129144704467e-05 









5.637723094587618e-05 









7.151554362566023e-05 









5.4928992053624836e-05 









6.691880585276837e-05 









6.2964491232027e-05 









7.900498674141436e-05 









6.442096634656596e-05 









5.154526875335499e-05 









8.034927777597888e-05 









5.532266647941648e-05 









5.660872498100767e-05 









3.8892747006068256e-05 









6.094466109313554e-05 









5.852870659924283e-05 









6.665970204007809e-05 









5.454525971717517e-05 









4.6290771045878253e-05 









5.354405563007257e-05 









7.372038510711362e-05 









4.24555835953671e-05 









5.401199803600428e-05 









6.0232865043154534e-05 









5.192150932858747e-05 









5.4082032773503016e-05 









6.458653848408178e-05 









4.8173449818856684e-05 









5.233219202009714e-05 









6.307257207896894e-05 









6.663206571928552e-05 









4.611653913182525e-05 









5.0025763361614415e-05 









5.6349478824107655e-05 









8.187381911503396e-05 









6.974874077153185e-05 









9.385463303688109e-05 









6.10823387110513e-05 









5.555742572803983e-05 









6.62979731892572e-05 









6.092493002577374e-05 









7.561364122453973e-05 









6.50221124537566e-05 









8.453348916866193e-05 









7.60981825782224e-05 









5.735870874578674e-05 









6.178815718225838e-05 









7.781824108489969e-05 









6.606077306320354e-05 









5.522788577368161e-05 









5.7954607819698335e-05 









5.539588550692219e-05 









5.470576035941297e-05 









7.462588871572925e-05 









6.695296547969437e-05 









5.759474566983545e-05 









7.692921885545914e-05 









6.991724319270443e-05 









8.629172792137256e-05 









7.107258811954311e-05 









6.647106752896595e-05 









6.87656020767316e-05 









6.954664302095766e-05 









6.769279285054073e-05 









8.965384743726105e-05 









7.003745554594861e-05 









9.472096850313365e-05 









7.471725988594439e-05 









5.423771109162015e-05 









7.772269772248188e-05 









8.154791274969787e-05 









5.539073474216099e-05 









7.187949223561644e-05 









8.068799603284067e-05 









8.834157128727649e-05 









9.046235778297911e-05 









5.0166367410202685e-05 









5.4817303572979296e-05 









8.832168927050371e-05 









7.754420687640557e-05 









5.7825891014733406e-05 









8.46021947029628e-05 









7.694366883107106e-05 









6.620093808909426e-05 









8.082806892448269e-05 









0.00011034646905569763 









0.0001598222896078794 









0.0002092995573329988 









0.0002047630392571817 









0.0003850444082175203 









0.0003159279281192735 









0.0002471500243374086 









0.00023007812503777743 









0.00027071295601579213 









0.0003018705609320869 









0.00022279334327266013 









0.0001462088970106752 









0.0002421871743461544 









0.00023777784547063805 









0.0003204980378988244 









9.484326015097086e-05 









0.00010032547548258268 









0.00014547985080322294 









0.00015938377514741484 









0.0002802518899373796 









0.00034479859551479064 









0.0003507324602468515 









0.00024777087916621977 









5.488037249906683e-05 









7.139787155951752e-05 









6.209424791865366e-05 









5.45524181377606e-05 









5.262928794354722e-05 









6.399638038332705e-05 









5.886592525487013e-05 









7.759472608014645e-05 









8.061330881688257e-05 









6.551918571981414e-05 









5.688230330325071e-05 









4.858221667702011e-05 









7.423035041243156e-05 









6.330148886513112e-05 









7.73514330775307e-05 









6.26682063417648e-05 









6.623576960502163e-05 









5.669110011286493e-05 









6.494761990549942e-05 









6.512890653696217e-05 









7.836975272175208e-05 









8.018130146769491e-05 









5.443770110424562e-05 









6.595957218880076e-05 









8.15428140776379e-05 









8.300829544166864e-05 









6.867638846172855e-05 









6.333587057791454e-05 









5.608292283762266e-05 









6.849206006762673e-05 









5.060374460796222e-05 









6.573882217014083e-05 









4.44179512158904e-05 









5.6633028147569485e-05 









8.116255140338274e-05 









5.451224027711967e-05 









5.861034557489245e-05 









6.686236824901033e-05 









6.845625428938014e-05 









6.340281302046241e-05 









6.740205766468454e-05 









5.299675282292102e-05 









5.1059161626917274e-05 









4.715373876010787e-05 









5.537053623000454e-05 









8.140124608920098e-05 









7.188651938532907e-05 









5.5895989387488854e-05 









7.144630856122124e-05 









9.000627629131569e-05 









8.134287895224899e-05 









7.053624406193107e-05 









8.160207505542052e-05 









6.637951817477011e-05 









5.4195275152597476e-05 









6.172587637390428e-05 









7.144061784953494e-05 









4.823546350967472e-05 









7.270761352724426e-05 









5.9596823236194156e-05 









4.4706038139456927e-05 









7.111441324043148e-05 









5.454318232697106e-05 









4.576884990106829e-05 









5.43478793939448e-05 









6.810756610012278e-05 









6.023061399497727e-05 









6.147963810939395e-05 









5.744310640132795e-05 









7.30506330121074e-05 









4.0697637691647155e-05 









5.874438276198376e-05 









5.7528255963214134e-05 









4.671364416106788e-05 









7.109847991099524e-05 









8.61045740912095e-05 









6.779601069694563e-05 









8.11026269740753e-05 









6.064665931195108e-05 









5.1198445894657054e-05 









7.95788311755738e-05 









6.457972047212477e-05 









7.660794577038492e-05 









6.782838310424543e-05 









0.00010148273937820454 









7.485891741486321e-05 









6.190392793343249e-05 









6.348951274971105e-05 









8.566978199738443e-05 









8.2666157425534e-05 









5.397800642552453e-05 









5.761812761981348e-05 









7.790773313109347e-05 









6.529406995344743e-05 









6.915558039822365e-05 









6.928487629135471e-05 









7.207652882829096e-05 









6.182813473084735e-05 









6.764977245434688e-05 









8.022006240736668e-05 









6.110287138426651e-05 









5.965881462462049e-05 









8.321275903499289e-05 









5.625064142972499e-05 









5.2512484481831235e-05 









8.007651732448709e-05 









8.053026584902677e-05 









4.915903640599191e-05 









6.398889161879691e-05 









7.983156834895776e-05 









5.962418504672508e-05 









8.708314692729624e-05 









6.163037472610875e-05 









8.460108137734869e-05 









7.767470187396589e-05 









6.2550834233336e-05 









7.197993249533484e-05 









7.545504861352124e-05 









7.939948936274831e-05 









7.04142462430289e-05 









5.632918597349186e-05 









5.580652005052448e-05 









8.270077020129948e-05 









6.823601078609256e-05 









5.672378910056177e-05 









7.149822230055348e-05 









0.00017540125206818864 









0.00039023674253255126 









0.0006754732581793813 









0.0009326274451986826 









0.0009570241282337269 









0.0008457024036644173 









0.0008991521626681334 









0.0007926220959762582 









0.0010209265596665333 









0.0008209721441794044 









0.0011081658161750548 









0.0008844234130599054 









0.0010295066000040873 









0.0006620523765708219 









0.000964513487640335 









0.0012888612571124998 









0.0008423800409759501 









0.0010923066545984318 









0.0009929659908690107 









0.0010133183377217657 









0.0009749072548572539 









0.001259512796187757 









0.0009419858050835182 









0.0008319602322107717 









0.0009896895829130026 









0.00026733344730458673 









9.494539496558057e-05 









6.634477841610233e-05 









8.652517568571777e-05 









5.424415833693871e-05 









6.466282988134841e-05 









6.871628272349403e-05 









6.129121700742018e-05 









5.5031324737761714e-05 









5.2785916587977044e-05 









6.186868296345559e-05 









5.347128310983278e-05 









6.402702445617778e-05 









6.833050018130774e-05 









4.986879293011156e-05 









8.525768147275828e-05 









5.939836003169628e-05 









7.530263257966509e-05 









5.021643891810136e-05 









6.647155246978709e-05 









5.713624893196027e-05 









6.431757919830127e-05 









6.30965931387202e-05 









6.969832987932607e-05 









6.234089197625088e-05 









5.206738388990767e-05 









7.010878845918798e-05 









5.820521291243477e-05 









6.978458905136111e-05 









6.112593045332135e-05 









8.731789930366759e-05 









5.750457055213898e-05 









7.626156449397669e-05 









6.189078838433689e-05 









5.144406904767955e-05 









8.914553486364387e-05 









9.037184338955185e-05 









6.289785019294189e-05 









7.605062002507226e-05 









9.129805314213024e-05 









7.809197127435539e-05 









8.834630656692907e-05 









8.676445980302009e-05 









7.391901798931266e-05 









7.206521993980177e-05 









6.386030523601539e-05 









8.782881682702792e-05 









0.00012217945416522527 









0.00021165940730448937 









0.0002679259265190199 









0.0002093586562247916 









0.00023405215252724355 









0.0003230520324557404 









0.0003052084156129595 









0.0003010842890133593 









0.00046400049597356864 









0.00047401566740958717 









0.0005101690401746584 









0.0006728199187280347 









0.0008604377824074816 









0.0007109938274793505 









0.0009546205256905722 









0.0007051814119336861 









0.0007964835847967207 









0.0006576970847788177 









0.0010634679718086858 









0.0007897993093235617 









0.0011981670978877803 









0.0010269081719796042 









0.0006783568174754633 









0.0006518482586866509 









0.00047265540860442123 









9.984108004062678e-05 









5.975131692824109e-05 









6.487516067128404e-05 









7.958792705644068e-05 









6.708503721212655e-05 









6.610559952798851e-05 









7.176579802978277e-05 









5.9344525168720624e-05 









6.602606715613643e-05 









6.189351466865509e-05 









7.852768512929445e-05 









