0.03 









0.728988125899567 









0.26166920030504065 









0.18088893893931104 









0.1813014952030168 









0.19165735633511072 









0.18796649346568514 









0.19658416972792966 









0.1893409336194671 









0.19385591298242766 









0.19514427764822814 









0.19347011029891892 









0.18820338862190583 









0.17161936889403331 









0.14875154629836113 









0.1409732766984983 









0.1272700001514159 









0.10920496676793018 









0.08891778378417935 









0.08277734490008239 









0.08737742873774529 









0.08445607147937402 









0.0802366852159051 









0.07949125127000517 









0.07872484717016578 









0.07882095489273103 









0.0797070899743413 









0.07746886791006592 









0.07557908407033727 









0.07509206486703181 









0.07771710944472482 









0.08696488711096266 









0.08944959305707174 









0.08503116929177179 









0.07846594022364754 









0.08262256665612437 









0.0811696966620258 









0.08138557751474895 









0.08344351163840731 









0.09608700024092723 









0.11762874864817559 









0.1308533168513266 









0.1317849239283873 









0.13225719445015746 









0.13319200651722282 









0.12590340602777522 









0.13106400836365192 









0.1321351181889227 









0.11989631786537908 









0.13437011430563908 









0.1352775655064608 









0.14495207077875638 









0.15085521962202217 









0.1621230048368774 









0.15112129540688174 









0.15445217884704504 









0.14980141002841116 









0.15944226800793598 









0.15767320192449294 









0.15378918151991108 









0.16296815910839618 









0.15710538075932434 









0.15774891808229574 









0.15648223832824276 









0.1623617666017751 









0.16319164723410015 









0.15395202566288801 









0.16453652531774027 









0.1594387602749378 









0.15956931391094148 









0.16258330104481664 









0.1589481244090979 









0.15574298359646765 









0.1513401424398385 









0.14493791254376998 









0.15770395780803612 









0.15019845103409535 









0.1640152971245296 









0.15979662228636263 









0.15485390521814385 









0.1504737089364164 









0.16158776399719477 









0.15820267136780763 









0.15594921597110803 









0.1472367029030534 









0.13256774763188034 









0.11059316987119715 









0.10246745460831166 









0.10403917639574597 









0.10041263251069842 









0.10088821511729104 









0.09253898460658111 









0.0935761346107476 









0.08778775194956076 









0.08519743315872602 









0.0785819612084136 









0.07971103331061094 









0.07783046064143403 









0.07536710051524342 









0.07701084488582385 









0.07576894426936137 









0.07658224605568792 









0.07910729592196453 









0.08237938695384145 









0.09017321813765841 









0.09734353003671908 









0.08550029830101183 









0.0794599620393453 









0.07728777867130356 









0.08631149702283089 









0.09034084660850604 









0.11729536670167555 









0.16952767724930673 









0.19279104419234475 









0.20492020374532705 









0.19502193213746155 









0.1833600280072788 









0.1937573441340108 









0.19407766252659575 









0.1973151472632585 









0.19345277529090882 









0.194653449932533 









0.1928700609998831 









0.19131088377426583 









0.1881186219777495 









0.19568141397935046 









0.1933408788813493 









0.1881339328122678 









0.19068546682032333 









0.20141107106392117 









0.2023412908087705 









0.1842766946978059 









0.1935888023597498 









0.18748094094582257 









0.19182178736566022 









0.1829477155701568 









0.18316194337425015 









0.19003310736135243 









0.20449678157546938 









0.1899474567733836 









0.1984695733396488 









0.19539148344017912 









0.1909624112509721 









0.19454137779621355 









0.20003782256016592 









0.18163191958890285 









0.19166140655628958 









0.19097014711844695 









0.1958649052447265 









0.1950974511917938 









0.19810765615803816 









0.19706597591377228 









0.19088775619066384 









0.19231474366749896 









0.19095672425675814 









0.1811737657254535 









0.1843190569767222 









0.18961345860020082 









0.1910961773222412 









0.1910458775380287 









0.17916896664458215 









0.1906215669503242 









0.19891224204966373 









0.19253842947513117 









0.17484967452838868 









0.14657293990984394 









0.12730095606636277 









0.12553240881240788 









0.11848847932292744 









0.10920316462915669 









0.1012056597179244 









0.09376128377806667 









0.08744855164737234 









0.08283922250973251 









0.07947450673097574 









0.07756869036069408 









0.08145792781133057 









0.07656355362129252 









0.0713091384418823 









0.07464887281831817 









0.07645363646398216 









0.0794648169502503 









0.07785392930526192 









0.07630512011989155 









0.07268942453498496 









0.07460934037950799 









0.07542321890830611 









0.07962378595489428 









0.08288583922664547 









0.09414701727820525 









0.09586313247198126 









0.10762854633314431 









0.12262793151750212 









0.11301407396548423 









0.12246251998550416 









0.12430154596485353 









0.12227010992760179 









0.12536407145124762 









0.12289033448328016 









0.1366020849177729 









0.1291475984462367 









0.12704750855490154 









0.12011846003305912 









0.11976137766177948 









0.11563765221730883 









0.11606177522200345 









0.12510583216876497 









0.11824671984090597 









0.11974419713276954 









0.1327637048771584 









0.13420171610265144 









0.136180985666317 









0.14706927377068432 









0.14427518231800693 









0.1415058455550907 









0.13988874669755016 









0.15413878896548464 









0.15024187343855588 









0.15820823974945336 









0.15983345513131259 









0.15536375288916568 









0.1569781974488976 









0.14887513529202298 









0.14722868181352253 









0.15307025582942174 









0.16089537272583854 









0.15223439602456154 









0.15163386160430706 









0.15784981758062758 









0.1616969397401778 









0.15642314794840967 









0.15919284595874136 









0.14870805855452496 









0.1602023838224248 









0.1624905820900379 









0.13556196834490566 









0.11335686561940832 









0.1127268949115622 









0.10105853464515889 









0.09833329097345632 









0.10690774061641722 









0.11886440081071724 









0.1058695894067544 









0.10119658057249792 









0.0975361765483113 









0.08840604289914299 









0.08040702572547039 









0.08007370323080179 









0.0844110914343292 









0.08206458893847202 









0.07463425848691026 









0.07019697118429144 









0.07631211722212176 









0.08162288673395232 









0.088413687272399 









0.09200032928551032 









0.08298267826432801 









0.08427258050065009 









0.086504594488425 









0.09342595508372611 









0.09894716081321459 









0.11914532666299417 









0.18625815923816857 









0.1895745534033122 









0.184663445946663 









0.1870001727061267 









0.19411864664107803 









0.19224533194215884 









0.19416514063592627 









0.19639861825375343 









0.19272149351077555 









0.19044456873872903 









0.19754318977721902 









0.20003740386915078 









0.18756062021936465 









0.1909093093857298 









0.19608755715123058 









0.19999783277134375 









0.1916308350097174 









0.19528450108166898 









0.20151042592492713 









0.19327235445499863 









0.19779011899501464 









0.2010963886115088 









0.19163637565597375 









0.1920593677782457 









0.19426147853985007 









0.1919878191946903 









0.1917688182261221 









0.18170340213505765 









0.18321318696292876 









0.1842989210671608 









0.19198050791046276 









0.19608907548527058 









0.19062783108618378 









0.19074846716202432 









0.1969781804034661 









0.19177400692774957 









0.18547722428174518 









0.20068117367157695 









0.20163354378785106 









0.19742680093182513 









0.1929677146991162 









0.1916796950137827 









0.19699428618426632 









0.19081022651261215 









0.19542439144471266 









0.18746932808023242 









0.1984218664492943 









0.19517497397614525 









0.1842457700596423 









0.19547204313843952 









0.22345028321595356 









0.22718696872848443 









0.21209952388318504 









0.21317474694770625 









0.1795823303593608 









0.15288419032525102 









0.13625413770392433 









0.13662338419859382 









0.13977659813930665 









0.11628254176787343 









0.10883582590786006 









0.09784285616524407 









0.10239037671628229 









0.10873795227837037 









0.10758820420879107 









0.09740252556239239 









0.09578105666472711 









0.09160837093557744 









0.09030088246897358 









0.09726611890130021 









0.09970970640307948 









0.10551865066248003 









0.09942862426691874 









0.0911261583922945 









0.08299040001343448 









0.0884205577141013 









0.10563054736696038 









0.1277641943413403 









0.15388195722765868 









0.1550466900264325 









0.1505724699902177 









0.15150941330864054 









0.1515938302071456 









0.15656263938003345 









0.1487248568886358 









0.14751658931325615 









0.14773498255958686 









0.1434721926423452 









0.14397709305165127 









0.14953349815671343 









0.14194697519246832 









0.14678118870659146 









0.15290009514860087 









0.14557304981898364 









0.15665187516093196 









0.14636677747529733 









0.14607839660390007 









0.15273571798346466 









0.14684456340040253 









0.14289755245728836 









0.1593015797063266 









0.15605450286489025 









0.1525546725697662 









0.14512107379006467 









0.14589271280967905 









0.1478630058365782 









0.15500842448888952 









0.1464778016039479 









0.14651751437798302 









0.14677926996340948 









0.1537749188171752 









0.1565682302296258 









0.1560894270496648 









0.159910153028412 









0.1480495392739863 









0.1470279939834583 









0.15059808540886305 









0.15386089740509618 









0.15606638000215775 









0.1548428618959542 









0.1545753793164982 









0.16713691421246862 









0.1683793969678197 









0.14318024818322161 









0.10371416494044755 









0.09344689232748515 









0.10523502731523875 









0.10415598237282131 









0.09205013850888451 









0.0919682004950289 









0.09240076671426843 









0.08427776612271512 









0.08034784621542287 









0.08261395062139398 









0.08288247074047048 









0.08715734700475905 









0.08152958597263892 









0.0774401497721845 









0.07727932293062226 









0.07553082900248353 









0.07491650004465829 









0.07600096687695186 









0.08168561424167844 









0.0851283567918102 









0.07990027636502939 









0.07663182238924614 









0.08056631238377285 









0.08010302809854067 









0.08208699289607513 









0.10554574127226427 









0.16529509479128213 









0.1866335710605324 









0.2013884434401138 









0.19536819504370942 









0.1915372022547004 









0.19477111541944925 









0.19368780502737304 









0.19020946961059804 









0.17991662480224363 









0.19174924794384596 









0.1963236547341631 









0.18822766403453145 









0.19309786636376075 









0.18862952230880978 









0.18482302946671755 









0.18957602742029794 









0.19496993362117168 









0.19494400471073142 









0.1859798926962483 









0.197120690615772 









0.19240939431258836 









0.1885466189995508 









0.21153204722549573 









0.1963893347940373 









0.19565175669231666 









0.20298931572461942 









0.18610376583849375 









0.18544785253862217 









0.19293880450975504 









0.18349119443397724 









0.1874549136410704 









0.19420912349203606 









0.19346245389063038 









0.19537653247058812 









0.1841244329690263 









0.18965895909613137 









0.18606820967718876 









0.18632488623372062 









0.1991153066316948 









0.19658049812590075 









0.1997431433393675 









0.18478484971284914 









0.1852474170267862 









0.18640859419316927 









0.18557913000734588 









0.18528284056362904 









0.18330695273536482 









0.2003673026074966 









0.20409086049437478 









0.21283705638513564 









0.28362058975830867 









0.41270420892562476 









0.5426887729815458 









0.7149664382025445 









0.8360289517349703 









0.8585340893594687 









0.9076951677430249 









0.8595258903130708 









0.8324114923109566 









0.8622080045698669 









0.8234041227057414 









0.7288948621552392 









0.6000891824638044 









0.7024770258401617 









0.8594523774393478 









0.802739680659774 









0.5477421210090128 









0.46058654766317964 









0.4407039419594361 









0.4937622866773879 









0.7162174253656556 









0.9162850556763595 









0.9996470118961461 









0.8265987032129277 









0.35051592942883214 









0.13561137670428602 









0.1393100590118439 









0.1350978337115163 









0.14225229335194087 









0.14120006294450665 









0.14483261708681727 









0.1464863252186929 









0.14147018087628796 









0.14099644924119803 









0.14109477071919088 









0.1428487113460764 









0.13361762198793833 









0.1480046598947919 









0.14617776428786128 









0.14527618102500425 









0.14517740510425628 









0.14139959537533672 









0.14128705213657428 









0.15036614909852836 









0.15177787863061887 









0.14205891126826115 









0.13811976040750457 









0.1422414927756839 









0.15154590815834654 









0.14986878941965262 









0.14169092035548694 









0.13931480963147272 









0.13999194096148318 









0.1437731216110361 









0.1446074431147989 









0.14248350516444835 









0.14639983516205976 









0.15046751350911858 









0.1397299182920622 









0.15098663415405406 









0.14117548887840795 









0.14513414638459501 









0.14046951410842465 









0.1390054509721098 









0.142330792496133 









0.1367246710386618 









0.14699441456777942 









0.14712966991931828 









0.15393713733304684 









0.14942087548715616 









0.1488601074911919 









0.15342153361913913 









0.17109773110462315 









0.1901556947852472 









0.18277163821461379 









0.18530554584531042 









0.18151709146444225 









0.1533369667203806 









0.14562705074495533 









0.13458800305300975 









0.13831060941622378 









0.14720957625798742 









0.1464914588544308 









0.13089294771198387 









0.11651559571262489 









0.11021397883994821 









0.10935014284877143 









0.09872875637289466 









0.10609444939774414 









0.11853088382995682 









0.11992045722864966 









0.11379975978051077 









0.11703479668430788 









0.11547047046516949 









0.10975230244562195 









0.10086964789720468 









0.0826648368007025 









0.0751040565445809 









0.07950785258446127 









0.10182095146259611 









0.1761861727597583 









0.19253375806194295 









0.19855708196406258 









0.19911244087735291 









0.19640052140146602 









0.18526200039234816 









0.18774797146697567 









0.20190263619432244 









0.19144882673427582 









0.20128257683447334 









0.21228595782861515 









0.2020712180762851 









0.19591308215226788 









0.19085377110738927 









0.18899441226752706 









0.19220415524992182 









0.18716197037182472 









0.19241766414845168 









0.18456116765070035 









0.19573917303408545 









0.19805154608878933 









0.18303497681001196 









0.18906152806286614 









0.19123241821871304 









0.19006134735623956 









0.1959419201086019 









0.19614483525801446 









0.195191693636738 









0.1868264556159011 









0.1964582199061558 









0.19691149455950208 









0.1890629277904151 









0.18986631284517771 









0.19558404752173175 









0.1921441171633229 









0.19034218876378775 









0.19195722295698972 









0.19548424953723814 









0.19975270622569002 









0.1964370228196299 









0.19876157846580933 









0.18767815484622402 









0.19524858503696474 









0.1955152080955468 









0.19705238172001407 









0.20114277599051736 









0.195089916162861 









0.1929659630487667 









0.18542944016805696 









0.2055172739546959 









0.4438922152813286 









1.09204341941874 









1.3828056899501469 









1.4583576426733993 









1.4819459431291149 









1.4883648682842276 









1.4910536759149058 









1.4943974909677855 









1.4955745901736788 









1.4953068374534468 









1.4957541843958482 









1.4957831930760066 









1.4954710501927289 









1.4958729677938483 









1.4968506217865594 









1.4973875902349878 









1.497181771561332 









1.497344083232757 









1.4974792193534494 









1.4980934600383295 









1.498371978218561 









1.498300371898777 









1.4982744919560382 









1.4976961571664482 









1.4789952409696754 









1.0575590203081715 









0.31112592237045295 









0.19655258185745936 









0.17497715933092756 









0.17951673499779527 









0.19246743611653033 









0.1961281690017711 









0.19059580253877434 









0.18852176394094475 









0.18635935380372057 









0.1887996180656076 









0.19280952848999577 









0.1904043720996958 









0.19706601423495584 









0.20087277367338913 









0.20670862990146271 









0.20351383893451527 









0.19184231898078458 









0.19435246551247565 









0.1963142083207185 









0.19534761313470358 









0.1960416426950995 









0.1933123085390195 









0.18963280110080677 









0.18838221417611198 









0.19032669165962668 









0.19478163725321157 









0.19675130893564524 









0.18544232287970175 









0.1990189652010982 









0.20475071090912533 









0.19637930230418446 









0.18727739230307314 









0.1838907037376728 









0.1997186692654664 









0.1975546686510976 









0.19495504105103278 









0.19602358486491628 









0.1985408876954457 









0.19965258425326618 









0.1953832044365997 









0.17720469401781702 









0.1870533114260323 









0.1908597287629996 









0.20192672054183672 









0.19624089392921892 









0.21859111258923636 









0.35528790404923083 









0.5984670842414453 









0.7378967498601888 









0.826776132712259 









0.8694858494797288 









0.8753609368434372 









0.8828638856520591 









0.9656950791334928 









1.0649655436407992 









1.15878872968304 









1.2779136119121919 









1.3350069402313112 









1.366871203867741 









1.3540134559496533 









1.3529409609914682 









1.3668679922461262 









1.3923934621849683 









1.3954595568553505 









1.3878809159974774 









1.416818257867618 









1.437321197819634 









1.4393305181892884 









1.4370560682205453 









1.4195274875025627 









1.2306353944339408 









0.49329619305731964 









0.18679714957291643 









0.1454717085871528 









0.17599805730723347 









0.18770900466662768 









0.19359633040169938 









0.19481920006198147 









0.19419324977217572 









0.19186394903396123 









0.19849929221606608 









0.20161918069877938 









