0.2 









0.3008984673371826 









0.3715172156809944 









0.34987221045955263 









0.3799769401539839 









0.39419373168511246 









0.4334146588180055 









0.43364233660185203 









0.3849838149177315 









0.40301084191109676 









0.4053316586554293 









0.41580845355284257 









0.42541701505956353 









0.5870820813307778 









0.5897627756695447 









0.6031269929632447 









0.6113909837466005 









0.6145451662910231 









0.6550184287341088 









0.6374160803481579 









0.6765012628815417 









0.6651656397717174 









0.6922100080925713 









0.6013254121012244 









0.5154224940011302 









0.46301237265910705 









0.47789482101897535 









0.5459327979061008 









0.5687061018371617 









0.475173231818228 









0.4348036240533085 









0.4625015773408502 









0.5919622318506486 









0.5720265645157949 









0.5047060397755381 









0.4624070374715883 









0.3820226111073529 









0.34689677637139194 









0.39009173720431023 









0.3840383104349338 









0.36681434795152457 









0.3671471124732755 









0.40078593073994123 









0.37640978474920395 









0.3924672027656826 









0.4404370246796184 









0.416468541235128 









0.40920601205356966 









0.3856123938215252 









0.39418821362718515 









0.438129594830013 









0.48031531233605534 









0.4118826919030387 









0.3543954480054088 









0.3834258819352979 









0.39167714673175413 









0.3783451905571557 









0.4082057981600139 









0.4296501919975989 









0.4076069402644017 









0.39922922162432695 









0.4003930057144625 









0.42382395365964654 









0.3965311833953359 









0.4132177113715425 









0.37591480094667773 









0.3664913130159274 









0.4075014827361083 









0.3924211474876509 









0.39775289631295613 









0.37996759937159236 









0.38937840702094306 









0.3454871310916524 









0.4105658270538173 









0.44407853189429225 









0.42693491970983843 









0.39240485603332287 









0.42364699302889053 









0.4173351733970645 









0.43228663050591565 









0.4394166240306685 









0.43631344565797636 









0.41413127784281933 









0.45096063571793243 









0.5609610036881616 









0.6991549195018979 









0.6796454542065037 









0.7160078988494424 









0.6572539092723371 









0.7296059761746534 









0.6883635247886857 









0.7552876026716129 









0.6968910666458445 









0.6768189293089666 









0.7505212785636302 









0.7684658470727229 









0.789646081759185 









0.7208954607925224 









0.7391327578532718 









0.7514430887766506 









0.7297243661855247 









0.7336582451079166 









0.7428501457871699 









0.6979667360055828 









0.7363521664217174 









0.7556322876508907 









0.7687793798249105 









0.7479332298304041 









0.7044772723721225 









0.615969671124151 









0.5629832440789881 









0.36409379559659155 









0.3227738013405842 









0.30749885084042583 









0.364988830795392 









0.4311690212288263 









0.39921938058128326 









0.4288740278928801 









0.4309092473944983 









0.3992289776707414 









0.3866227970578825 









0.37894002162120277 









0.3981674149242824 









0.37715745768047937 









0.39600324885776406 









0.40257725028848623 









0.37318297311181203 









0.3909260693350934 









0.3926260882700768 









0.40266442063312685 









0.3618855809707432 









0.3840413677612311 









0.41141983028142426 









0.42453832382834494 









0.4133460730596218 









0.4163222696264255 









0.39288406162066425 









0.4187647839065195 









0.39602693545001355 









0.41473715029118285 









0.389930750399926 









0.40459369532380585 









0.4526791664230061 









0.41809464999507134 









0.37278937704208637 









0.40217413515591827 









0.4071832135157634 









0.43011519894759154 









0.4387464654304688 









0.3990813839899889 









0.38809859291568105 









0.4393049137440038 









0.43495375021110333 









0.406509099635452 









0.4226378745703502 









0.3865373548949439 









0.41699130798547 









0.41386671693449417 









0.43816846363066997 









0.3892041141920241 









0.434611852515822 









0.42850497580679897 









0.42762367559851777 









0.5204056187386372 









0.5849268568568844 









0.6113521677167595 









0.6313088128713368 









0.6512763879115582 









0.6309769909563724 









0.6378602560378025 









0.6878371779819439 









0.6380925632468006 









0.6092117590193729 









0.5819736713723421 









0.6794499615660151 









0.6884799574670629 









0.6416392749158699 









0.7152409095747634 









0.7590375458039675 









0.7790917128711157 









0.7346065571268217 









0.7201393395863163 









0.6728360900569845 









0.7035790952550545 









0.6776269769590078 









0.65111929641646 









0.5699814944100594 









0.4489144619232238 









0.37801707146416275 









0.3856243950053163 









0.4124065963489256 









0.43548755539578926 









0.391266518882845 









0.39468376087724355 









0.37744839276501396 









0.39466843830585163 









0.4137301741525936 









0.393275211932538 









0.4123434755339166 









0.3866311833101313 









0.4033204533528313 









0.415459542877912 









0.43322831760161773 









0.4160028085498502 









0.39661630891782945 









0.3910982299388682 









0.436862502045289 









0.4152097473975874 









0.4392890518715814 









0.4720280133521706 









0.4281026796189088 









0.388232406849269 









0.3530492357140138 









0.411083672689715 









0.44690721077745843 









0.3961554970241599 









0.3973556349029697 









0.39011302070609677 









0.36351668213086286 









0.39168256069464225 









0.40418772786095486 









0.39737985808567877 









0.44507161679623963 









0.42912704721684874 









0.46130071721313254 









0.4238235916506522 









0.4097999382878788 









0.39547764992517376 









0.4194129069382385 









0.3988260748985708 









0.40842087402498994 









0.3961189930450208 









0.3625420874283038 









0.393416578719468 









0.4588782804263274 









0.44917636618919465 









0.4784595811577603 









0.5161883231851754 









0.5199415515755963 









0.5744254622665284 









0.5592858407091081 









0.5581883585660097 









0.5910165341846105 









0.6175593192394029 









0.6593995671335071 









0.5994301167171364 









0.5477336973974749 









0.6128871302168066 









0.6371997340901745 









0.5752271484304516 









0.588028786779621 









0.6126537682511631 









0.6028578679661023 









0.5975637477524887 









0.6314952704641181 









0.5771426129924722 









0.6610127433603381 









0.6896759797212149 









0.6204904487042391 









0.5845320439059999 









0.6192007998696477 









0.33524501771349513 









0.33483236576415687 









0.31623850656593855 









0.396271121267189 









0.3870954379957052 









0.4065001747603023 









0.40665269422367895 









0.36861387211238833 









0.3608565649917792 









0.4020597735794927 









0.41745800158281265 









0.4054467956744255 









0.41542723486721234 









0.4055001767826042 









0.3857268912339331 









0.38170643236136875 









0.41744277481377023 









0.37918104496496496 









0.40474705757034823 









0.3988456097888854 









0.37781486737561726 









0.3820629425297516 









0.3841318897795368 









0.4170891363124112 









0.4041734052582337 









0.43489042986407894 









0.42791761423532454 









0.4526639695190741 









0.4186615186479422 









0.3976954920302309 









0.4400065738381379 









0.4375578942956827 









0.39043349068424926 









0.3808910756154147 









0.3816050684748362 









0.3881072060982303 









0.392116217710368 









0.3844858137169289 









0.4196532248721848 









0.400149810860281 









0.3669182679432599 









0.4382665743966767 









0.4190805069075013 









0.36390266459230586 









0.4016729717480072 









0.37735609570429823 









0.3881433364868501 









0.43956990998212153 









0.4158382226025805 









0.3926990089716017 









0.4146685412951206 









0.4736235700553084 









0.571072670098236 









0.5848835045348046 









0.6308141680721899 









0.7372760963655466 









0.7890381087165073 









0.7373307103110548 









0.7446064952094991 









0.7704321701769732 









0.7640324409737309 









0.7986236483862437 









0.7934152738526838 









0.7779809884160047 









0.7756427234074931 









0.7634193726570389 









0.8002337598473416 









0.7632821655800075 









0.7692205686785487 









0.6753554262736896 









0.6619712999129324 









0.7278487761864203 









0.775108872693452 









0.7142421536842359 









0.7033445478668237 









0.6441216185751313 









0.5787374291939418 









0.4997932423098087 









0.4283611119639957 









0.40886298755695705 









0.40534480535943374 









0.4219156811230203 









0.4023650756369097 









0.39655164489956 









0.4474036725673455 









0.397465631092339 









0.41611791243640744 









0.4426530482244089 









0.39228933198097665 









0.42218663977804055 









0.3888417482983305 









0.3916434293573894 









0.3960462690990382 









0.43202231916677314 









0.4083713540926655 









0.38250608011777065 









0.4248912252335163 









0.44016906488436736 









0.44665143157154835 









0.4387379521704754 









0.38026248237376425 









0.379247564831244 









0.4294141518253377 









0.3917861359261975 









0.45931930348771266 









0.4592747257059444 









0.4397162524304769 









0.384481365987691 









0.3679783519419577 









0.39616907274781155 









0.41097866275198136 









0.36888263671371857 









0.39091653158902767 









0.4069711105441827 









0.39686180234960755 









0.4011727178260255 









0.37088873175265924 









0.405868454278205 









0.37503673034907625 









0.4285525022026825 









0.43992028257209814 









0.4160530154862282 









0.3987343360780605 









0.5368973568547624 









0.6993099360519228 









0.6578898038097073 









0.6777747280936124 









0.6401132491750058 









0.6885499787385558 









0.6757410043718185 









0.7977725638800424 









0.8130406819532708 









0.7886293192619425 









0.7494543688269053 









0.7899578246667379 









0.7822045274224529 









0.7196238109609645 









0.7504719650387838 









0.7799891590303819 









0.7579262166361898 









0.7142208556970004 









0.744944584078404 









0.7401334462270935 









0.7337203422877925 









0.7446732852769106 









0.736278458589289 









0.7054778493658393 









0.710407792507108 









0.6538111260484083 









0.6183314270564768 









0.39590930804283886 









0.32766072225647613 









0.3102966045741798 









0.35977653074059934 









0.4067498138946578 









0.3918370950418347 









0.42533059157875913 









0.3844873330408203 









0.4095683416845164 









0.41566609445258806 









0.4257172410009894 









0.4083425697308283 









0.410692681149325 









0.4136737663658393 









0.4063116162399484 









0.3768582927027906 









0.35867387882564383 









0.37884759717361927 









0.3998416433120246 









0.3795674113113151 









0.3950705311335079 









0.40945013496406896 









0.36532165295813607 









0.41972216991159017 









0.3901239695067789 









0.4211995930724401 









0.4167554148097065 









0.40068631358283546 









0.38248730597119085 









0.3922402660570731 









0.3931623994523671 









0.379957025558873 









0.42583681394916184 









0.40598780696087716 









0.41869212669539807 









0.3803147288323897 









0.38344885109586646 









0.38329233640617 









0.4231583130379698 









0.39573201766886534 









0.40048966958714227 









0.3981039683817745 









0.40223869239852084 









0.3968987312132809 









0.39284289208306555 









0.479784749339313 









0.3957223726328193 









0.4119002552493633 









0.3877007090040934 









0.4029013857909496 









0.40646887218876604 









0.4195797056838069 









0.47049746191518815 









0.4046505833303994 









0.41210716965113064 









0.42355192194867014 









0.4043294381917488 









0.35964442527827195 









0.3540268466757756 









0.3781932071709122 









0.3571417607365149 









0.33789297466027374 









0.3111667009575795 









0.31138826112195134 









0.318026725521823 









0.2923796904008563 









0.31733160137520267 









0.31143564054175576 









0.2924457459010883 









0.2867246817550867 









0.28569491337521696 









0.2886771447531925 









0.29840203727327125 









0.31198778163165386 









0.2950125586816804 









0.29717350228483996 









0.35355507931591545 









0.3747873149765304 









0.39199128547747464 









0.4275380751554715 









0.4063501177393455 









0.3877415660189003 









0.3944022260999387 









0.395010393054372 









0.38173074556575537 









0.37367507317850335 









0.398902910894699 









0.3555551671152024 









0.37708738470488856 









0.38511860792153807 









0.40491657443123985 









0.4129905109765385 









0.4005623137513904 









0.38519771186336027 









0.40758984479458427 









0.41860313160207635 









0.41745881098368326 









0.44540171189516065 









0.41865918559588206 









0.44735070513759545 









0.41902803926075594 









0.4115150394388344 









0.4383337352843372 









0.41068011591666354 









0.4233885748193216 









0.3905555539491662 









0.3778644834999876 









0.3891443900598286 









0.39984767781664804 









0.4147502815884907 









0.4390849150780577 









0.4218782180699632 









0.4143710436971103 









0.4057707912952705 









0.387927933093828 









0.4138732232152801 









0.43521040738697286 









0.40567726032075335 









0.36925671342584565 









0.4177879361357518 









0.45024578571363416 









0.4294045527310821 









0.4185966855233888 









0.3805882100046276 









0.405475509474195 









0.41726651978047713 









0.4322895548493104 









0.38277997146145737 









0.4018493889773322 









0.3828710121615885 









0.3940501040483552 









0.39669700394820134 









0.40884253663029124 









0.42780216699209556 









0.43070536144575466 









0.40258631756560964 









0.39064965119206885 









0.4226836225872059 









0.4736886096155194 









0.40884964117999034 









0.4143923751016518 









0.39062427190934595 









0.400875226480026 









0.3846240374989838 









0.3818346815249682 









0.3785581024617969 









0.37976019600778443 









0.4283918736055973 









0.3914556717747253 









0.4137256867188551 









0.3177974970878471 









0.34707466095307526 









0.3394496680741623 









0.36812581048610016 









0.35954920332277696 









0.38096564477811073 









0.4162864573163421 









0.43764505050429303 









0.3905477563621631 









0.37659792961769023 









0.3772653723526724 









0.4254222068832648 









0.3975932035618939 









0.4221617792581368 









0.39955245120118604 









0.3863776310916045 









0.41812410380276355 









0.3985683528436753 









0.38443327818491585 









0.39247108143888404 









0.40888354143720795 









0.3920186728240056 









0.3679928203901188 









0.4359105555245697 









0.4808437567240681 









0.3943677098854356 









0.375235334220302 









0.4644780058999388 









0.3972472928973415 









0.36883672457404315 









0.37008255863125183 









0.4288742785439889 









0.402586594253744 









0.36387052803038394 









0.3874385819392838 









0.3824154812129154 









0.41504624298399867 









0.4295969373641937 









0.3910564298187351 









0.38374074506172656 









0.3928103091374543 









0.36647287071792733 









0.409717317252944 









0.37221054056001324 









0.40596779407077055 









0.3506370762961889 









0.38926384663219055 









0.3892218083132783 









0.381951773691692 









0.44433938619232394 









0.39871434736928846 









0.38584411202406055 









0.3831852334169599 









0.39713874816387806 









0.37601188283796616 









0.40191535929414907 









0.42180404661357324 









0.40022844468720664 









0.45795171341872787 









0.4626986234308892 









0.41206310238975946 









0.4455980541836939 









0.42310310129467943 









0.4164926168664642 









0.4310965319610581 









0.3958404761508374 









0.45223435571208015 









0.4374949726769908 









0.40838943997060795 









0.41601833896513135 









0.39634417544765355 









0.43286859374213976 









0.40452359791237036 









0.3867295631072424 









0.40118833076295346 









0.39430085681000304 









0.42272546900355695 









0.4016475048295075 









0.410104671317243 









0.4599434554555055 









0.4211605017029875 









0.39519129752229754 









0.42525411610768005 









0.40678339688898146 









0.4130191902450281 









0.4143352415577355 









0.39222759889699094 









0.40975748986382077 









0.40943894012458915 









0.3948789233063401 









0.3624253128996867 









0.39284140624329067 









0.3949082094800408 









0.40848328083653873 









0.42278962727539204 









0.41039228954985496 









0.3720687951358553 









0.3831718596126974 









0.37938097071578447 









0.38208114235552676 









0.42604148738817166 









0.4204454756420103 









0.3541656252472366 









0.38573697461715445 









0.3661167031318482 









0.45072698142574075 









0.4041382673858942 









0.3883111775170418 









0.3994761723006435 









0.38717244115112026 









0.3721130336918061 









0.3954816972748276 









0.3882545504672644 









0.4525865975647116 









0.40542732761817507 









0.4033855348794345 









0.4121023284577321 









0.4140250053663993 









0.34837544915076146 









0.3980212612003716 









0.4065723787586749 









0.4017570033332882 









0.39579583471281027 









0.37852531482809015 









0.40645622840018203 









0.36283227224867065 









0.4019609353335131 









0.4155934350794695 









0.4006134597477475 









0.37571836859475344 









0.3786845552660375 









0.34645150154594695 









0.40070738259471866 









0.3717598900134516 









0.43736657996971395 









0.4100234635867799 









0.4264747056244972 









0.39424209591177733 









0.3995840101714364 









0.45216150898560453 









0.42911617901239313 









0.4018738238556654 









0.39915870735481795 









0.4397405498174076 









0.38979961275288055 









0.35438756867722654 









0.4057462741205252 









0.414391330464817 









0.41577944896898733 









0.3883539437908273 









0.20470834825767054 









0.3013699280146374 









0.3563692940737615 









0.424115637874693 









0.3650332344050482 









0.4354645348519889 









0.42148589150621874 









0.41734388117107757 









0.40015223255073373 









