0.09 









5.677063627524765 









6.394156539859726 









6.263515685516807 









6.93527633969004 









7.2008398158805775 









7.428038199679295 









7.405265118475531 









7.162533918516793 









6.975491596629933 









7.226240696755879 









7.371004092030902 









7.398232981093467 









8.370312248902344 









8.84436577371446 









8.731453826578962 









8.85295851431827 









8.964825194874756 









9.142673644752465 









9.135636593843241 









9.328654873106414 









9.383952561189012 









9.410052608893073 









9.221376539828173 









8.364396483388287 









7.736620877997982 









7.881855498152993 









8.246805483601738 









8.404230748980646 









8.046280224439382 









7.538240663503008 









7.5957708845335 









8.377117827473993 









8.703857988441879 









8.14221771697036 









7.7137259076021465 









7.4030495363939 









6.8668766150215905 









6.899414891008334 









7.159125340254772 









7.053865782967838 









7.125287250941877 









7.16270294957852 









7.173250185039617 









7.147085943821102 









7.403063199509966 









7.395829111750949 









7.256718003301238 









7.240709238169118 









7.219407132578467 









7.425707874742611 









7.676463704770025 









7.4280468066565195 









7.100327712736885 









7.026535346385648 









7.08248875347843 









7.027261965196603 









6.981581064535338 









7.330078149904733 









7.4424458963086755 









7.216574454176224 









7.278378169352737 









7.307027073600028 









7.2728593388289084 









7.2453232711255176 









7.118247509059772 









6.963523092763896 









7.161637713988751 









7.209659960291851 









7.159180788298281 









7.159262029044646 









7.093433494788532 









7.016533940296234 









7.065644560235722 









7.466596445449611 









7.176705669888064 









7.212711165847391 









7.383098476884838 









7.439249284326137 









7.452024773794525 









7.464561594485755 









7.431927390426535 









7.249241253575752 









7.415776142132677 









8.157762296642142 









9.53581358112588 









9.588487121945672 









9.745258605846038 









9.457961477928336 









9.633309770450813 









9.76370539844498 









10.080536966793439 









10.003113891990127 









9.428712599476412 









10.16240510862562 









10.448370978877348 









10.545274756290604 









10.187170012099735 









9.912806295592091 









10.144610943131605 









10.037043180797847 









9.979000453773786 









9.970937497222778 









9.694180478774811 









9.902666787232597 









10.240695895185926 









10.301926895927993 









10.175040778750756 









9.931101090448223 









9.347694968221079 









8.21396402068459 









6.036956311828982 









5.5979666815013855 









5.943098336680696 









6.8944368861328655 









7.362359912984564 









7.366280780704559 









7.245586930799571 









7.412755997709815 









7.119445226764655 









7.084817520236312 









7.082153174958467 









7.167408886134709 









7.1142711276347885 









7.127271476681123 









7.072083721470076 









7.165081657479039 









7.045052834697024 









7.085243907842443 









7.227159091100353 









7.087788971463989 









7.049886388205813 









7.048148973673646 









7.376983708238154 









7.433134543158266 









7.385854294061483 









7.1557343265698075 









7.380709849125226 









7.232390966911282 









7.3319039570077225 









7.144070952721077 









7.232872939820008 









7.45471027629884 









7.452118627662921 









7.100002300802403 









7.316284546018496 









7.189621571851567 









7.2447164867443155 









7.317479973064563 









7.323223465937232 









7.2503417711794675 









7.396134919808233 









7.3068279057245995 









7.342200155244892 









7.332410919382825 









7.278878079032564 









7.302222278645293 









7.2089344230754 









7.315777453588535 









7.235723033240819 









7.343496002769414 









7.348357921523136 









7.4655131707512465 









7.907816304326503 









8.671932473338197 









8.924062184171254 









9.055353681297586 









9.207519962032613 









9.202233280391502 









9.169649079736057 









9.42209679885488 









9.393765981708686 









9.019618595855777 









8.80100328805235 









9.245774779166918 









9.601749393976933 









9.22046102160717 









9.727741469679362 









10.305498358734601 









10.567287820800711 









10.26285953977449 









9.774433626633423 









9.596574321671476 









9.624927447191887 









9.734628192685868 









9.187228799665665 









8.693692932408775 









7.802774117358336 









7.236790816994956 









7.134036184602732 









7.244134371922669 









7.253767686402729 









7.1272894513342075 









7.274582781217948 









7.183228953880578 









7.123081316249582 









7.378568579856751 









7.204310819347737 









7.18259279853723 









7.251033174538141 









7.147441521016612 









7.37894016478259 









7.353857344092428 









7.243379299661424 









7.20933501509181 









7.143789643588982 









7.3816521834677316 









7.307491996019682 









7.305245646466165 









7.589284458545723 









7.348242056010761 









7.103683748800299 









7.0214216921606685 









7.207778307691357 









7.454612306998605 









7.258530102742184 









7.301668707021518 









7.140421387950068 









7.016160303855669 









7.102439305269954 









7.19050818199716 









7.180468577323648 









7.383135888810784 









7.381238760553798 









7.517576599277511 









7.560625090389555 









7.225210891913178 









7.240733338147434 









7.330488438468777 









7.266417758265879 









7.160216744981311 









7.173597991206817 









6.943421921672514 









7.182295935479042 









7.552172991467121 









7.7550872644299025 









7.571881126494477 









8.10573656323335 









8.198427532822672 









8.443506487966676 









8.439167827194863 









8.430846748659414 









8.520595757530016 









8.779089284733818 









9.153265850739247 









8.863335213041777 









8.42076698722097 









8.775986887648585 









9.044600024096395 









8.792260276010298 









8.50996775417056 









8.827072279477813 









8.891609870689402 









8.798491315087183 









8.888698751042124 









8.852343088987267 









9.086771628772233 









9.469494768612277 









9.255410480114026 









8.869526793802157 









8.472949704901533 









6.092715584289306 









5.598758868570486 









6.015718189196897 









6.979022145946703 









7.219071990770434 









7.18007936546066 









7.2121698042927145 









7.05130607684578 









6.855981272855771 









7.086189462137507 









7.208124673138688 









7.246407705531636 









7.10645873790029 









7.343014488936286 









7.299398561494162 









7.1262117472900535 









7.256526677513987 









7.091183980666632 









7.168026268922434 









7.275856599434967 









7.105820035838367 









7.051150814462432 









7.0892950980150395 









7.297055046356658 









7.2492802119306985 









7.344016025498753 









7.351838745190427 









7.596432722572279 









7.272926976548616 









7.155266387000953 









7.3831123505852805 









7.41827009892359 









7.158305699376342 









7.052871155208995 









7.10146609982865 









6.97701004229281 









7.104731946382087 









7.061960751275399 









7.278453395880838 









7.233700953974406 









6.877330731432047 









7.219114899591822 









7.416113937558778 









7.103177284540077 









7.02137449403309 









7.209697739043668 









6.986678032630786 









7.351402093217455 









7.272724260171997 









7.354619415663508 









7.1669075230438315 









7.53279713014297 









8.196419234887932 









8.688726976509392 









9.037525526453521 









9.726684052678076 









10.48655606244216 









10.081343152885433 









10.148457198339896 









10.502211096154786 









10.389194496119462 









10.736377628852559 









10.867731906853278 









10.646503122826616 









10.31654618593741 









10.266082476681605 









10.728332354977358 









10.278868764308552 









10.36404623946994 









9.673528828791556 









9.414706105794476 









9.679319172352432 









10.27645058956864 









10.0253484469512 









9.776035802070876 









9.309024261650528 









8.758731314960762 









8.235621012383607 









7.412496534773287 









7.434061026422014 









7.105337004206284 









7.257827416391658 









7.4156734923712 









7.390513110038976 









7.228791134064535 









7.385365786611506 









7.3525771551560055 









7.344133469072529 









7.350252213241835 









7.252665298183929 









7.207474000832685 









7.170355891094911 









7.0814278860484015 









7.35404310520281 









7.202457747395239 









7.059603221912066 









7.27134756525017 









7.391136325320586 









7.453103466666451 









7.481758447228726 









7.122630550236651 









7.007898517930211 









7.300179474534783 









7.250596945037032 









7.302550274966009 









7.472795723351798 









7.438818169125991 









7.291468900291847 









7.072896408874186 









7.179472689810847 









7.257690367034054 









7.065861729448567 









6.9997334568771885 









7.221525107238943 









7.2290460991307 









7.17520398655263 









7.115760016344261 









7.12335866121416 









7.227476940972975 









7.2613379608773645 









7.436445215568133 









7.27638400812117 









7.206036862532602 









7.96386056144099 









9.570593733942472 









9.374248353316528 









9.489592655389647 









9.227855591551036 









9.547900969860812 









9.563149464184743 









10.30313611507393 









10.871045917506873 









10.61498099979186 









10.14623601396687 









10.557941079367131 









10.613521880299068 









10.043217992284882 









10.075228350057653 









10.444571414166807 









10.151002069847744 









9.810627386382865 









9.935878195259454 









10.158168541810321 









9.98061069584579 









10.29737682426011 









10.4051444799672 









9.854521749697957 









9.707472960289078 









9.413080310501927 









8.418057596666053 









6.119460272470471 









5.5934463803504295 









5.955968057360105 









6.7694673265973115 









7.063586498442968 









7.261969802023786 









7.336342257163707 









7.189630355798569 









7.255132325929177 









7.151993117616402 









7.311199049918751 









7.356705144949465 









7.340551169976047 









7.325543049914953 









7.369635644712625 









7.009275339306233 









7.007035357594378 









6.998437421074072 









7.1553076679691925 









6.954983312088025 









7.251284967405034 









7.388514041368183 









7.064427403786542 









7.189681889696153 









7.2816269847910675 









7.246759852632954 









7.356389845350575 









7.3256849093652745 









7.079115461504216 









7.217044617281345 









7.182598404220443 









7.01847474176781 









7.33792283560981 









7.277063436451381 









7.15359225204374 









7.15258932987049 









6.953413410043648 









7.053607212810341 









7.317370738360325 









7.344671683030114 









7.231781662233509 









7.167130923477847 









7.237084169544775 









7.215731563817145 









7.1272153023145215 









7.486243476809924 









7.406748128759486 









7.324289426210868 









7.19848660570129 









7.198115131946017 









7.317809040704972 









7.183282579753984 









7.415106295613049 









7.303694601332099 









7.328297862551865 









7.2621349807854205 









7.328360938653376 









6.9536079441013365 









6.858974909032143 









6.865250009931695 









6.549570126760414 









6.609635820553906 









6.512121044609703 









6.358690240649049 









6.444507369694863 









6.4213162272208475 









6.3077327173137725 









6.374649752883564 









6.341333782410556 









6.332183559341487 









6.178207656420208 









6.181932582741814 









6.240904026698165 









6.389736487679102 









6.265629186480027 









6.337577100991522 









6.555336419918915 









6.928460116415166 









7.135427533965776 









7.1340481344643205 









7.340453816821558 









7.1419482166511195 









7.291261244954105 









7.087054065389419 









7.027433914901704 









7.054413058528304 









7.099649841926605 









7.009556731104943 









7.107698085282256 









7.24190524391942 









7.205303391120247 









7.212040378551974 









7.282704228830548 









7.137221070919561 









7.160145047146649 









7.339871322137948 









7.20928841730588 









7.315102714751844 









7.378728422674254 









7.50011165217129 









7.201259745049262 









7.1673889618201105 









7.4931261613457885 









7.286335565862764 









7.309285642395673 









7.19442115599405 









6.974123531929638 









6.930113699155673 









7.2135266753451495 









7.198569241183353 









7.460774077336698 









7.395894836413479 









7.2621645201993035 









7.282307146359461 









7.130689822037038 









7.261615909280452 









7.353100037856123 









7.439866004936774 









7.05006144659756 









7.075249514370787 









7.433727555184647 









7.366623355705099 









7.3825144406826055 









7.181216315837756 









7.309417338481394 









7.214516710870868 









7.372524667212994 









7.13234159967139 









7.267324457111067 









7.169374402608671 









7.083050421033757 









7.0681050064111375 









7.354495718292428 









7.447093184553602 









7.316221001469029 









7.35935992730957 









7.104080247957342 









7.280088163608539 









7.714011235552903 









7.3525402400535995 









7.183871150457778 









7.199657521106197 









7.182371255382894 









7.328873252718104 









7.068795828811578 









6.996988712619129 









7.0368143031420995 









7.307137584365053 









7.242123917015895 









6.640855898887537 









5.755348707838505 









5.6662223823314735 









6.0673921350668385 









6.883388114158719 









6.894618988037949 









7.023543087199816 









7.314727737101609 









7.360788498149417 









7.113639861721734 









7.006685384025492 









6.972283772016721 









7.297519729700416 









7.249734929137255 









7.3048991459858 









7.2557958250959915 









7.095109354338893 









7.261550400341718 









7.1690158784239895 









7.265343467758842 









7.240428814637138 









7.298871515305011 









7.131593755799576 









7.021775112841411 









7.2830700477885815 









7.586320561633352 









7.565963506372416 









7.173171994709124 









7.580835088701419 









7.414843420139373 









7.093502417849086 









6.9735782730842875 









7.324528296311205 









7.300594003146929 









7.005042022627244 









6.99737921821188 









7.023077081224786 









7.216175396617383 









7.273642035223028 









7.370091167551476 









7.058897048987333 









7.125630582384137 









7.08849395237183 









7.18016715457738 









7.112826527618965 









7.130387437915398 









7.091173518208776 









7.116246013839859 









7.04897279907226 









7.09309768775997 









7.254642382041724 









7.284832308377641 









7.066318573616987 









6.926696968478853 









7.18549450116257 









7.106139759221163 









7.262939557515176 









7.300949913635128 









7.221822969879293 









7.496451208430441 









7.633281104804292 









7.392530168112316 









7.5173702292053255 









7.33207052440046 









7.344474038207788 









7.402583600679148 









7.293350353839539 









7.438733832154075 









7.48971784016956 









7.332067142776598 









7.353006526575684 









7.150147930345924 









7.326846772598558 









7.2379123236592635 









7.062259165574041 









7.196133144935151 









7.207425699016348 









7.214587221564694 









7.172996534078009 









7.147910720412283 









7.5043208518645805 









7.457257778043447 









7.16886227711085 









7.3053629859680465 









7.293721092053292 









7.23270316147253 









7.2725596667650985 









7.248073208479139 









7.168154265231938 









7.269259081193671 









7.101258603259002 









7.110168232421347 









7.074115283278103 









7.198909616255594 









7.155587774914373 









7.287825111073337 









7.328190175220284 









7.056153152146372 









6.974910268254699 









7.080927647331913 









7.110346452304551 









7.266505305152944 









7.217097330116965 









7.022757939960029 









6.8965326054765645 









7.045877433764292 









7.306012637867944 









7.334540609381024 









7.152660630082595 









7.175264313030203 









7.242042194593131 









7.033752256160075 









7.196649494257513 









7.123973514196132 









7.318679021920548 









7.25365160452307 









7.167032903129679 









7.3176534705862615 









7.375486497352727 









6.977525847762206 









7.096863505797778 









7.228936699635902 









7.220397730071991 









7.195787561102325 









7.005472642473836 









7.257281643628177 









7.111563018700421 









7.123641319844795 









7.26143110175773 









7.2923064828842294 









7.0835492041013275 









7.130230459749019 









6.9068404654617055 









7.081861746043989 









7.013309233584552 









7.308369703150544 









7.358495462547548 









7.2692136389127535 









7.327352932178073 









7.1720658575958645 









7.446319462378288 









7.456834118475396 









7.192579195061385 









7.067762749876792 









7.479498466374087 









7.212541133610583 









7.026855103708386 









7.08844833994053 









7.308977592519702 









7.236212758749254 









6.783098872996191 









4.505632002226251 









5.8334172385465255 









6.811445703601628 









7.249850335080854 









7.048224001936241 









7.254870318078419 









7.352845016682809 









7.338242101267466 









7.2082770042841275 









