0.8580000000000005 









7.55939421802885 









3.9332310561317105 









3.4172010747436303 









3.3899022976509974 









3.2154290971547574 









3.062070035590631 









2.9797265302062437 









2.9793931936725966 









3.21521087910564 









3.14642591456539 









3.3871831937235157 









4.4390841373002825 









6.180613704806831 









7.16325748036966 









8.188983879907038 









9.346286812540416 









10.006980115017178 









10.205363334089741 









10.42356374321647 









10.737842490974879 









10.89959486628715 









11.098898745013079 









11.087838778010694 









11.761568683794925 









13.127760673838164 









14.456634525268127 









14.893698579878649 









14.8475474527808 









14.85716126705438 









15.40939926903682 









15.98265411414132 









16.178201341927274 









15.625791816152935 









15.589239515400596 









15.271887277763048 









11.320871124018968 









4.654967429459018 









3.5562078655536675 









3.325668136815421 









3.3188829775261537 









3.309084569674822 









3.3442915994906706 









3.222293065433628 









3.234900501345659 









3.214263071195553 









3.0979325718889066 









3.1850786175465036 









3.2019065161841462 









3.2451366060008593 









3.1762642369596668 









3.0510463835165447 









2.951914223260819 









3.1291289239386764 









3.342758844471448 









3.308459817240656 









3.297372876844685 









3.3753322210985974 









3.2903937733743547 









3.0623980650964144 









3.1323558715344184 









3.1544107254864544 









3.221969998768052 









3.1436817688706564 









3.185317010925522 









3.2045325446305992 









3.3611321136114736 









3.3291630488863895 









3.253965161675143 









3.261815007899034 









3.218404213231545 









3.2807918440418242 









3.271303735391221 









3.3798683204078954 









3.224469000359495 









3.15509987235381 









3.193900587418627 









3.159929272224664 









3.091688307351271 









3.0529999488561463 









3.0814383185072827 









3.067346914749794 









3.115241325058264 









3.4626845342214683 









3.9849033279121175 









4.089576648842424 









4.105967834314767 









4.51392123060902 









4.923521391865801 









5.4250654552322874 









5.441758094012438 









5.456734797074727 









5.2523326108860315 









5.647240152628629 









5.93779846992262 









5.8236662134656845 









5.65493095533891 









5.702315384368422 









5.996838011390684 









6.210009948087167 









6.085740093179754 









6.125422576300968 









6.1559958417106015 









6.154879755492845 









6.417920547568132 









6.306434015112593 









5.94060497371457 









5.490752814061771 









3.507421182486383 









2.285956371185753 









2.426649090644428 









2.8689196303583877 









3.4228628037204674 









3.6171160247070566 









3.444963975009054 









3.194356619475011 









2.9928060143307893 









3.098086306543239 









3.0032610327414115 









3.04002951593466 









3.1327127292556063 









3.1673767295169517 









3.167275639667119 









3.1080373670475696 









3.1416290887204026 









3.1397192610620253 









3.1416220319706762 









3.1584757282639484 









3.1618833733450398 









3.1121836343336367 









3.1438402575155 









3.1738442501365256 









3.1549168018429463 









3.095870117488749 









2.963538170249917 









2.983929430162993 









3.0438840256375244 









3.098497229770259 









3.000917973056027 









3.080784061387815 









3.0625670464752215 









3.08663879162572 









3.0453630764921362 









2.934681162159212 









3.036355093677859 









3.1538360347080325 









3.0941102878424944 









3.0530749797123233 









3.052384843035946 









3.0051957501450604 









3.08566118230183 









3.0604794912763267 









2.998290514484903 









2.9753641495038847 









3.079333987943093 









3.0190047009747536 









3.0665010254653016 









3.0642854414257945 









3.070747604232 









3.001833037304166 









3.0969955566730607 









3.069927322156576 









3.048924358087652 









3.0369465838923495 









2.7051314274591713 









2.513957848695532 









2.433426033274116 









2.3823392231971554 









2.3634720219692573 









2.3546894649610786 









2.356229265892 









2.243900721659261 









2.326187167754906 









2.4028104425242347 









2.4440696154182984 









2.248880164599653 









2.235690458517095 









2.3096957378334375 









2.133491700509229 









2.0555303730489882 









1.9853094734301076 









2.1020858653864045 









2.1608246582579875 









2.22919318397289 









2.157568893314265 









2.1578965736587317 









2.2569345740223343 









2.4927301164876443 









2.814511667501892 









3.0095474970642924 









3.0218563357778887 









2.932690546058498 









2.9837038980122594 









3.0176045140532777 









3.0255940776707106 









3.054857774482668 









2.9710293451498777 









2.96692748796136 









3.003834625375571 









2.9566614185973297 









3.0014347340024647 









2.958986111973669 









2.952213157037319 









2.9504570430003234 









2.9807894475778194 









3.0145818859098026 









3.0098381685496087 









2.892118055017696 









2.9690943543511374 









2.8885547038086723 









2.8250767846290743 









2.9790451551062516 









3.066774187047046 









3.1279947016750618 









2.9784658361126377 









2.885021431594686 









2.9931445547592093 









2.9963227920831526 









2.995739686613182 









3.097240110295065 









3.062233711568636 









3.0176761182393985 









2.9982297415690935 









2.921883869854609 









2.9403393580373693 









2.783306994567884 









2.8991352284977316 









2.920882749517644 









2.983890433957289 









2.947045685040178 









3.0307508334789732 









3.0285984442371334 









3.0749768227162217 









3.1990239300250662 









3.0733610128453472 









2.8822433858042356 









2.9408451151981456 









2.8177495860072743 









2.6664990948468326 









2.6282732475609545 









2.4961827170989794 









2.5549266010728484 









2.5610335114863663 









2.479078489042802 









2.353091232613979 









2.3260555184555947 









2.4234564633846545 









2.508198878778821 









2.36323732375646 









2.3478516930156763 









2.459174750856403 









2.4726106884006356 









2.3555759939361645 









2.362233701593537 









2.4037197316467758 









2.3431211255045357 









2.421240824100179 









2.217747496073839 









2.112350442563797 









2.268406332725312 









2.344812781155637 









2.7084383828195024 









3.4827269200881856 









3.6123566212182174 









3.4883559843232295 









3.151750939126721 









3.091055040779276 









3.0805088612417544 









3.121986770242684 









3.231347588131664 









3.2574738389892532 









3.144949043973617 









3.0689625404597884 









3.108741505780145 









3.0793419739917605 









3.030306312306237 









3.0747163420034638 









3.0985941569123687 









3.1047284434538187 









3.1422844536730077 









3.056685728484784 









3.06137405989574 









3.184951384908036 









3.1706676159994593 









3.092165387475217 









3.03635953749873 









3.0727571108432103 









3.0135937935282024 









2.967717009115563 









2.9404859037524367 









3.063654664765867 









3.0591966691496384 









2.975919165201606 









3.005783467017131 









3.1209357369655337 









3.1461852494689753 









3.1681565044935858 









3.179782179061199 









3.131606418245095 









3.1245373688275166 









2.985076399688805 









3.1415116856490903 









3.221903056581846 









2.9889902358183607 









3.027181750940252 









3.2037366504556317 









3.1024826073491196 









3.115182618829142 









3.089703863155663 









3.000478961339339 









3.018700127049441 









3.1711705551575298 









3.2737979580802508 









3.1021033627771817 









2.8187241807125263 









2.667078351199416 









2.5239041377574303 









2.2962662208585796 









2.1558572365532322 









2.283778970451209 









2.272537916493887 









2.2037359601989324 









2.221252692433707 









2.1534744319836343 









2.171193814883797 









2.24019984260737 









2.240780923693683 









2.243824707993545 









2.221762953173372 









2.278997136024204 









2.2938865518925993 









2.485623272859665 









2.511875290269279 









2.3885629879921124 









2.2717886394106985 









2.232778207621961 









2.1097520591707584 









2.258115977159172 









2.4068797987492743 









2.698823094941246 









2.896781410876394 









3.0077652068672807 









3.0253172062908673 









2.9346369406143937 









2.893265719334916 









3.026965652359388 









2.9303894282217913 









2.9176926524807016 









2.9233840046082924 









2.8945361954218183 









2.972533601162995 









2.9339985712689267 









3.0443996131071915 









3.050614298149266 









3.005009066910402 









2.925830692842907 









3.0303353354896228 









3.0527534580990565 









2.9506353320847007 









2.896526207121832 









2.8518237796623964 









2.9421511217416216 









3.089560332062514 









3.02148779267279 









2.9192445696758256 









3.0581728460371806 









2.8983047082620343 









2.8579186910910908 









2.8948771709350916 









2.966436935103927 









3.0352510122603893 









3.0022072118527157 









2.9705948066347174 









3.069092023601025 









3.0570016627656025 









3.022988716032872 









3.007838359607911 









3.019671142465976 









3.0819499420939103 









2.9974091989743195 









3.0802484377310115 









2.934240446175274 









2.947912335002137 









3.074405188808052 









3.150809668421503 









2.627061018378037 









2.265536007107528 









2.2789189310302085 









2.283635482909121 









2.3619861655707384 









2.2907763640318306 









2.261359353196975 









2.0255858674943203 









1.9985314272762156 









2.0804885162823865 









2.1180933466260137 









2.039633743633571 









2.0732649365400584 









2.157790542821887 









2.1120750994594584 









2.074509089897381 









2.1536193022280155 









2.232336182607003 









2.1548824714979045 









2.1385378249849314 









2.158184183766032 









2.092873955753034 









2.056196637010883 









2.0705614850938576 









2.107224017939133 









2.236184761488962 









2.7500937192405144 









3.4169431349595363 









3.5779255932627905 









3.5070228076390046 









3.3036778353302285 









3.090711069888468 









3.064928479781718 









3.018592107187588 









3.0672893967404975 









3.051915789269045 









3.089990146761573 









2.9773177665910517 









2.9925103874665524 









3.0454246516645767 









3.0125005639586186 









3.115920867900921 









3.1755845723286864 









3.2524865151728255 









3.1431685046791715 









3.170262637410341 









3.155187736412996 









3.0115886066343327 









3.0222713858493404 









3.1739765603091485 









3.063272195447083 









3.066622228698151 









2.9809860473685723 









2.9830414563389698 









3.058043452066029 









3.1337953132354937 









3.079570785660913 









3.1827731414536986 









3.113410150566424 









3.005992610432303 









3.086526128671403 









3.078354233449017 









3.186085648303905 









3.2054849799691016 









3.130094741837229 









2.9850788561189283 









3.035353533217559 









3.1315777154181967 









3.1547735484170563 









3.1132205102542807 









3.122010154109557 









3.0736842511592593 









2.914343682933584 









3.0020786295992012 









3.044153978544068 









3.1173544200212047 









3.280297950390157 









3.6942654590662625 









4.216091629448189 









4.837072864034303 









5.695487605477852 









6.474501062788172 









7.258301411912069 









8.229328677833138 









9.727741897251732 









10.660783934530794 









10.998360294705812 









11.463649770092271 









11.682565456349451 









11.97846916006295 









12.525371362084952 









12.730126364549628 









13.156398272754226 









13.513816668530419 









13.617338029083216 









13.889377469494914 









14.155744677339078 









14.349302716533147 









14.422860661879794 









14.47822562150349 









13.847409574521333 









10.616933364914587 









5.072625298282005 









3.527638353433165 









3.333541329288346 









3.290378305602926 









3.1859640998215286 









3.168282288452093 









3.1960104235132456 









3.196492314444193 









3.2727146696240217 









3.3049371010329023 









3.289534696156993 









3.2199119637182836 









3.288941177958736 









3.205837966310037 









3.1617813597637623 









3.195094489068365 









3.1708632595716524 









3.1369750391911575 









3.2178666326678473 









3.1247459497048995 









3.14078415990036 









3.1739506374036055 









3.0861952131166546 









3.0855019375671535 









3.0546336763615014 









3.1750127700323096 









3.0964733343023814 









3.0555110236392866 









3.1298649781542385 









3.1079450322121294 









3.2557611927564203 









3.3553228353374784 









3.286181009218895 









3.2294283406329147 









3.1044939092815054 









3.0684246235235864 









3.1306587677007025 









3.1736988579110594 









3.1678983077013516 









3.191573324084831 









3.108891033161954 









3.006449535078055 









3.141840505391865 









3.282150782776318 









3.1354301447550887 









3.041834641784303 









3.1958783671194086 









3.6251702295555064 









3.9636534196498037 









4.309747460829018 









4.646691227590501 









4.624339665830344 









4.9009420161406485 









4.972203651078844 









5.204976680361975 









5.376157764868794 









5.328858286830878 









5.1150422861422555 









4.995129656365689 









5.028908473586886 









5.2652709515600735 









5.495257065449725 









5.204163684702852 









4.816302690956891 









5.256970466048897 









5.357605306849237 









5.677432578737227 









5.821275901120632 









5.894399184280436 









6.359739235045432 









5.974731000474768 









4.266619941474996 









3.2918143603989556 









3.2707457186790965 









3.287944673141119 









3.5503153531774 









3.598463015883206 









3.432850784264264 









3.2206760624314352 









3.2111922116635188 









3.1567010934229147 









3.022885774528476 









3.0245495130539743 









3.1525677731037667 









3.2028033147003376 









3.1169662719539444 









3.038417491712858 









3.0359940569303934 









3.0438745245068546 









3.128006043910001 









3.101918372111145 









3.07382418699912 









3.0935140398898433 









3.1197541407943126 









3.0757955122622507 









3.10137231891476 









3.1095205050028336 









3.176849240878007 









2.983485575023632 









2.8334385140682445 









2.9831712991416217 









3.07295224079135 









2.8899810937806034 









3.0513675248278846 









3.203826407368898 









3.1396614324388583 









3.007245822401256 









3.0760946491378225 









3.169143846056147 









3.196643238352294 









3.1494614646797547 









3.0920057627543285 









2.9899794064270435 









3.119960313350469 









3.190291808135354 









3.1539783930653567 









3.155861329514538 









3.0868913324770673 









3.120261392094314 









3.0681311038768904 









3.165777890234531 









3.145512565273842 









3.1098659211869135 









3.1424617670479433 









3.0172811322062163 









3.092437767886562 









3.2024632784950278 









3.1954637739775924 









3.1337168722309685 









3.1229607043597487 









3.094929147545804 









3.0276312493501782 









3.022286314029377 









2.9104061397687873 









2.902218315107676 









3.0372743581680526 









2.9847100014186823 









3.034173646158137 









3.031133785813482 









2.984361263935034 









3.0369756292933325 









2.9312909600203514 









2.995708991177341 









3.0128312078510064 









3.040145825478397 









3.057326506699716 









3.0240706262230455 









3.115948665521281 









3.1072933355036625 









3.0036863213761706 









3.000813981451335 









3.0085124168157518 









3.051330609827164 









2.9683983474729727 









2.8555282660032586 









2.919892339162505 









2.982425363939811 









2.9685616875137266 









2.979051563293479 









3.001765907924206 









2.932159236443578 









3.0179076254350377 









3.0142045644808775 









2.969782095216628 









2.988483567438373 









3.0916206023314867 









3.0211583899794054 









3.0175889042752853 









2.9604299478781098 









2.9328731039563376 









3.0029237503599786 









3.1311117941487714 









3.1204116613955173 









3.0744065407173515 









3.023782427015213 









2.96366394702556 









3.032500177263063 









3.181664075811664 









3.0945329515804776 









3.0977233803140303 









2.917438376452732 









2.965290272359395 









3.0405294268999117 









2.9937637980141476 









3.022270716660819 









3.06074263305578 









3.0480719418651345 









3.092160362856131 









2.9604061804726385 









3.022733965124494 









3.021403342654759 









2.9209350695905396 









3.003389545988973 









3.143888892691593 









3.015468461996548 









3.017758086093175 









3.0400548193546237 









3.0345687045944203 









3.0679701596584925 









3.0273555093924776 









3.105069411851525 









3.0421998757319173 









2.9416622302946065 









3.0104463677406392 









3.1009135968574872 









3.0956688101025267 









3.164840580054032 









3.0929277631589134 









3.1003139772580086 









2.9286375083218394 









2.994504726308592 









2.94811599927695 









3.048251350409697 









2.9855536411824666 









2.8508129151095054 









2.985987581247982 









3.042933398834816 









2.993121705490418 









2.934305582937259 









3.0493987605752393 









3.106535619464726 









2.9979648056557386 









2.9609594907648478 









2.95699987736739 









3.266574569490283 









3.9084494594457597 









3.564627622119118 









3.3035731329969495 









3.102124154711351 









3.1770089141674696 









2.9834652731485107 









3.0103158858241597 









3.0374431676518623 









