0.2 









0.3300768586614921 









0.09886937070653384 









0.10165442241961059 









0.09121249207579823 









0.08838975089203563 









0.07822579423282988 









0.07647667340673533 









0.08323535705088489 









0.08559963133713507 









0.07839488586193727 









0.09992189915992722 









0.17649187735748434 









0.3310638062453468 









0.43924194468577105 









0.5511689970716676 









0.694651414062528 









0.7224528597963391 









0.7768696455222615 









0.7639774007657946 









0.809699860924035 









0.8177492576534602 









0.8208121615356039 









0.8323191901660554 









0.8828419043812883 









0.9412089235051617 









0.9668772063989448 









0.9680386585629897 









0.9697483116784333 









0.9695984552634254 









0.978402522266598 









0.9836372594622169 









0.9818886399685502 









0.976576451040625 









0.9790470794109559 









0.9670705137505969 









0.6742004879675503 









0.10135439658610695 









0.0991708099705591 









0.08816330016508937 









0.08709257950577197 









0.09190907950096586 









0.08999607153227868 









0.0839535349746578 









0.0827474675361731 









0.08042445408644402 









0.07738292508401937 









0.07789704897023789 









0.08505371143558396 









0.0876239107661482 









0.08532838247557425 









0.07271407313922952 









0.07654350163884044 









0.08844740321132541 









0.09057177667931782 









0.08774643524983049 









0.08331740037000823 









0.09190261193476604 









0.08271097716385742 









0.0791233863876146 









0.07965459470136384 









0.0765924510758372 









0.0859423863871231 









0.08329192540969517 









0.08232127574115615 









0.08341072875219245 









0.08756107970656848 









0.08885192135617578 









0.08843349368728412 









0.08095450158172438 









0.08468170532154269 









0.08766853260731534 









0.08928605378157292 









0.09217281070974534 









0.08035764881619362 









0.08227121561589307 









0.07465769574254877 









0.07760535480404662 









0.08325495877847258 









0.08005694143146747 









0.07981274708306746 









0.08221424270178015 









0.07903752979847883 









0.10376904711103732 









0.13725473970283408 









0.12338516663098384 









0.13292588620992574 









0.1507394712648543 









0.190671212652533 









0.23114293773261724 









0.2149702523064172 









0.21796949540501276 









0.2102854715043908 









0.25617397694222066 









0.25014431701738415 









0.23486796116239936 









0.23421781878722392 









0.2467153927148885 









0.2874036008909423 









0.2969348163839141 









0.27008096343825577 









0.29676412070439495 









0.27100686471460217 









0.28053686462862426 









0.3181668030948188 









0.2928534202997891 









0.27048191317395653 









0.19551775906284607 









0.0756065793906192 









0.05264644764908373 









0.061984192449544485 









0.08230809007102466 









0.09393690595416587 









0.11125140809175232 









0.08295386138338996 









0.08070509331844747 









0.0790779862096222 









0.07761387742367853 









0.07065952798452729 









0.07863964388783175 









0.08324271617384237 









0.08590944318913477 









0.0755901753892114 









0.07395801886560442 









0.08472329579120871 









0.08037536569541266 









0.08337989094311635 









0.08508771523881578 









0.07560690646936204 









0.07631243233665325 









0.0839708949414716 









0.07797914264595043 









0.08005070183133721 









0.07640724539300307 









0.08112735222659898 









0.06964908711053505 









0.08047937225193275 









0.07639669084636833 









0.07422921132958117 









0.07834018811748933 









0.08013526416391081 









0.08218959243977159 









0.0766058134291903 









0.07646557255233115 









0.08012290621649107 









0.08323157992334139 









0.07845814397513487 









0.07823520167829842 









0.08464719782596163 









0.07022483756512962 









0.0802109873621899 









0.07578031047970674 









0.08218912938966483 









0.07691391856481689 









0.08014334976000975 









0.07931127794803894 









0.075871073030822 









0.08410521367436023 









0.07983465441142718 









0.07841742732122545 









0.0797254050249106 









0.08022507148801747 









0.07385555565544169 









0.07917272807295736 









0.06554550048674757 









0.057906794106473 









0.05930622224405943 









0.05479034300649728 









0.05908340638307065 









0.05804755426700847 









0.05581307454188375 









0.05475155629208725 









0.05454833562156025 









0.05939315297179776 









0.055187506078085605 









0.053316033601922566 









0.05354965609482745 









0.05683946580130888 









0.049972385955204195 









0.04839411115393353 









0.046631101516073144 









0.05286469122088814 









0.0531278799252415 









0.050860491902200246 









0.04696713093872307 









0.052183623420079026 









0.056079516818242525 









0.06707136444022252 









0.06962461504039258 









0.0761236259897147 









0.08365613180594941 









0.07600065788935595 









0.07344259481870731 









0.07495829432520179 









0.08011656458860175 









0.07632835853448647 









0.07122540630338967 









0.0782198266476386 









0.08232936444117878 









0.0690900942995342 









0.07804914436856351 









0.07497807628828743 









0.0773827996942294 









0.07519660612287518 









0.08252307442892357 









0.07745224364581735 









0.07745358436306422 









0.07325018402899056 









0.07629110048627451 









0.06822788675903063 









0.07483624540562162 









0.07288285689312435 









0.07457446989166629 









0.07496992552406738 









0.0729697755448471 









0.06942545759224128 









0.07688796889211394 









0.07947539426211567 









0.07351239257870462 









0.08362531796868569 









0.07828706400266056 









0.08100510711772677 









0.07121248779980094 









0.07319973031358556 









0.07587838138697899 









0.0660775337522048 









0.07390733721892852 









0.07337947523700082 









0.07538198741359123 









0.0725612188948197 









0.07739647467711382 









0.07989145404335525 









0.07992480879831418 









0.08402543089051934 









0.079014982489779 









0.06863086553069031 









0.0769392637619565 









0.07033835805410323 









0.06458532375634851 









0.06104116465436427 









0.05597221727926461 









0.05829474246141164 









0.06156798955093072 









0.06011122892003637 









0.055840361021822785 









0.05752477265818336 









0.05914386322787256 









0.05760739752747848 









0.054031295773314156 









0.05675920731834716 









0.057294683525126205 









0.06140293218568522 









0.0562811039096799 









0.05643785572728237 









0.05753719585612156 









0.06074935875945281 









0.05573493730187025 









0.04834362301311697 









0.04890368284751073 









0.05720955579716191 









0.05650333455011772 









0.07563599066361631 









0.09621080219182013 









0.10246120647759352 









0.0956943842919766 









0.07333421213339511 









0.0826219936745197 









0.07589419353361468 









0.0772036751297383 









0.09224327526969023 









0.08243229811102269 









0.08279231831114059 









0.0791494844319523 









0.07934939026047438 









0.07134302218483682 









0.08110085031903493 









0.0775892819132911 









0.07839325827794777 









0.08002945035266193 









0.07800512393064524 









0.0767185269460475 









0.07906315336579461 









0.0821632902223757 









0.07837124039592075 









0.07948635951067992 









0.07607925471212008 









0.07612650177824871 









0.0728552723008306 









0.07379369273384215 









0.0791266970077085 









0.0837263560554216 









0.07747458745816355 









0.06893706015347255 









0.0785536173759388 









0.08345297761151968 









0.08199266010531209 









0.07845600336969244 









0.0880261636075168 









0.08431751832518904 









0.07186298749461408 









0.07571237153617681 









0.08882410514870315 









0.08130889425865993 









0.08155632465833623 









0.08291185173379817 









0.08024704842627507 









0.07908848780488231 









0.08323246161443712 









0.07062227258028105 









0.0745529160889597 









0.07413936331940732 









0.08178465051524185 









0.08553885482818224 









0.07892789522035584 









0.06453177768404471 









0.059541915839909504 









0.05939059095204234 









0.051682722867684716 









0.050922235953226334 









0.051868736336422486 









0.05415262059953345 









0.049670370405784564 









0.05450158888066865 









0.05409632484791621 









0.0532393661394977 









0.05153202721993476 









0.05108798504944863 









0.05255845204644537 









0.05661214603083886 









0.052554478938533586 









0.05659540038639861 









0.05839416129628018 









0.061276415998756655 









0.05364937920140131 









0.05277615486616928 









0.048528557179727184 









0.05306922855997512 









0.05312963518599835 









0.058965979996152294 









0.06658956838137911 









0.07143121081905379 









0.07586410503127458 









0.08140243557163246 









0.07105103528136705 









0.07107832652296862 









0.07608492581781347 









0.07446130660914296 









0.06877968631945308 









0.07825482518765454 









0.07219117131324593 









0.07361211804274755 









0.07127477168885213 









0.07902649030770319 









0.0805182382314055 









0.0706017556631348 









0.07175701361827043 









0.07283287506645214 









0.08163700902752072 









0.07314136106580879 









0.07637365768794996 









0.06483167060042727 









0.07388673934370557 









0.07917238495468229 









0.07456108446305137 









0.0745263828217817 









0.08326523766482513 









0.06889043134562894 









0.07036795132995893 









0.07014267541707639 









0.07089681740701596 









0.06969894496874679 









0.0731354229338968 









0.0724967730041384 









0.07671680041135692 









0.07924399624623418 









0.07601344090938392 









0.07334759114411826 









0.08012712548137052 









0.07487249529254929 









0.07376241150563431 









0.08286515973497337 









0.07417430424342916 









0.0733165704862947 









0.07700143197083588 









0.07892863157172153 









0.06290143538698473 









0.054608827670456404 









0.053293635819230106 









0.05121555310444256 









0.05945592356961939 









0.05846435185873619 









0.05208173194978913 









0.043733022523668785 









0.05139414845417599 









0.04793991440670489 









0.049762686491476145 









0.04700839234991883 









0.053432987975823916 









0.05306743883904444 









0.050381753837924925 









0.05151840191547481 









0.05341649048936184 









0.05067903943712049 









0.05077656963304283 









0.048688817368823814 









0.05207016928202418 









0.04844894398447366 









0.05078747907296134 









0.04961336481429643 









0.0552318578676359 









0.05800127378944621 









0.07400571701626837 









0.09699497006088931 









0.10519431978375575 









0.09521764355820214 









0.0806954759383289 









0.07832367838118291 









0.08435999651611244 









0.07466200796837794 









0.07308750305958978 









0.08003711819212753 









0.07869145320747616 









0.07474974246165801 









0.07597498045905637 









0.07542589255798354 









0.07608973276973612 









0.07936314342400613 









0.07856098664247549 









0.0918252171042838 









0.07565307018513354 









0.08778798009949719 









0.07979526443822321 









0.07253705375857605 









0.07472246074518102 









0.08316331158352439 









0.07888279467424364 









0.07658543209586705 









0.0762044793395445 









0.07101772891175567 









0.07576793944729651 









0.07970995215164524 









0.0756743438985567 









0.08359414026787967 









0.07991675971289479 









0.07288078142382286 









0.08412967727458588 









0.08203404769172915 









0.0811406512953172 









0.08201089037243631 









0.07947321984332968 









0.07598948218459896 









0.08027709629461859 









0.0874886382356467 









0.08138161065966873 









0.07584554067404808 









0.07763103986394587 









0.07367348408742602 









0.07125341393059173 









0.07245296021160591 









0.07879502216921863 









0.08461857214586205 









0.08705562264465941 









0.11232208637496709 









0.1443813564161861 









0.1759859118898125 









0.258791668552312 









0.3448920139737303 









0.4054023774615033 









0.5833506509595909 









0.7336189537054254 









0.7908191755832565 









0.8230430234303512 









0.8426408775371445 









0.863044987655101 









0.8873731975983647 









0.9109784417327146 









0.9213599515276261 









0.9341349092616608 









0.9407311996611909 









0.9433830869837725 









0.9532558008827609 









0.960927074613449 









0.960123747050469 









0.9628582931361223 









0.9619565692687249 









0.9330863432465392 









0.6437954017693164 









0.1223388050297861 









0.09929486505388432 









0.08414427846149558 









0.09146496028307444 









0.07670620757210006 









0.08573295339869164 









0.08297885818471756 









0.08287572015523034 









0.0895323631769448 









0.08823986208478143 









0.08176381095596916 









0.08487782721850565 









0.08811578687379087 









0.08029198129748646 









0.07791005906537574 









0.0915215354217499 









0.081848373901197 









0.07311966219250578 









0.08523017978250652 









0.07411324085393958 









0.08403112358054503 









0.0754362917402042 









0.07704682858202433 









0.07359131304990064 









0.0753575427411631 









0.08402483862811297 









0.08438095202654966 









0.0755242576422773 









0.08181561581538446 









0.085250563881873 









0.09135648110999756 









0.08916349417956332 









0.08689666302850409 









0.08233025156578196 









0.08248846728109334 









0.07786811566336446 









0.07683294832084511 









0.08266282733123281 









0.08319911541028427 









0.0801506305360919 









0.08226628807271266 









0.07487638505436456 









0.08127458924356036 









0.08584742990406571 









0.08437864768456976 









0.07940576378767805 









0.08191506020981153 









0.10212717552654957 









0.11454949727935056 









0.1455451755024251 









0.1645735327760946 









0.15796393501442352 









0.1806635304121471 









0.1889193238303728 









0.1975834469269551 









0.20925332101682115 









0.20063037918846743 









0.18684792168803555 









0.18444199894387145 









0.19567582985616522 









0.21240713705912173 









0.21558956556063524 









0.18971024670696202 









0.1719202391732471 









0.21600112774664837 









0.20488092385242163 









0.24361682024246956 









0.23932757134609706 









0.2870186585361212 









0.32146673830571065 









0.23167117362422568 









0.11128294738167467 









0.07981602112320349 









0.08885434489647914 









0.09326709418169137 









0.10168252934025834 









0.11182347650389149 









0.08920546764814519 









0.07883839103465298 









0.08668834224756969 









0.08070473288766586 









0.0779648458241686 









0.0804320125952774 









0.07797889433346133 









0.08004833837922935 









0.07937403717579174 









0.07202388869923909 









0.07311290742658622 









0.08508646104322022 









0.08419746815674634 









0.07342507738103511 









0.0824855289732438 









0.07585749249078136 









0.08423302648413512 









0.075954227212902 









0.07593392407608904 









0.07881781632427418 









0.08328475945320832 









0.07360298002602975 









0.06460147938677367 









0.0748530485324801 









0.07726167683224772 









0.07223531155598167 









0.07952662442568047 









0.08219167297267921 









0.07810951584458466 









0.07083593410142795 









0.0816268328524557 









0.08118492813040717 









0.08734725462333343 









0.0767357586372364 









0.07647927192049911 









0.07223456440041115 









0.08464664099258212 









0.08995843434861651 









0.0871647670987415 









0.07751054466029672 









0.08253111728350793 









0.07767320212847309 









0.07148732777681324 









0.07726072619302668 









0.08303437989978951 









0.0747965113903705 









0.07894416905604962 









0.07667092261147476 









0.07984735386215411 









0.08040624821105138 









0.08234376153663922 









0.08003692603309095 









0.08289304371747887 









0.08041483980849667 









0.07419668782764319 









0.07496464420243057 









0.07701202250514447 









0.07081977814348661 









0.0760497959232545 









0.08200695179962487 









0.07988140128500906 









0.07329303103881804 









0.0778689264838375 









0.07277216256149788 









0.0724485950882918 









0.07628369552965206 









0.07142333553731472 









0.08177138437600519 









0.07154399460070891 









0.07309069575777359 









0.08365502464142753 









0.07780133522841408 









0.07756207376532429 









0.07811549400908738 









0.0724476077887606 









0.0780626482311598 









0.07109186801971447 









0.07633710571453671 









0.07102190295128995 









0.07723540790227897 









0.07540124575397897 









0.07356987296184148 









0.07689530291150057 









0.06605369166476219 









0.07572085736741674 









0.07090002940677267 









0.07259436572645939 









0.07336557244523981 









0.0858004266597983 









0.07060996247301157 









0.07489150521163733 









0.06968613301757035 









0.07549907028419235 









0.07979103276420053 









0.08566657114009056 









0.08615569894523552 









0.07387802150834084 









0.07435093075205704 









0.07087287903362968 









0.08117450443329181 









0.08990895007719568 









0.07251387117436874 









0.07974245365439578 









0.07424314507255261 









0.07136249713221898 









0.0827348760669932 









0.07832528911163286 









0.07687494452707791 









0.07668947878858001 









0.08048365029384294 









0.08442025494503823 









0.07337529947344981 









0.07607683814756923 









0.07461754622331196 









0.07509389922449072 









0.08293938329808945 









0.08349927364527837 









0.07306909475313883 









0.07657121359189399 









0.08172027481932465 









0.07578376946560506 









0.0778506774324636 









0.07747788879164993 









0.08047218539361746 









0.07417300640221071 









0.07898765685691653 









0.07782982953832375 









0.08221049754752828 









0.07505944278897565 









0.0805616649186118 









0.08446902630485896 









0.07571592974223482 









0.07445111913552138 









0.07835375519136567 









0.07626193317626281 









0.08165872849347586 









0.07098089962581093 









0.06933969446764393 









0.07511708147397061 









0.08039217902637505 









0.0745241824374433 









0.07646739409299355 









0.07581640508078807 









0.07924365663366503 









0.07211099947886573 









0.07308564609827901 









0.06764737475959345 









0.10191255027546264 









0.11705482752655252 









0.08945358466982212 









0.08415048119940344 









0.08266545550523045 









0.0820991975525242 









0.0700712139970863 









0.07413038363159506 









0.08027808570938372 









