0.03 









0.716834979908847 









0.23128657961486565 









0.13733795623861755 









0.14322278545757294 









0.13402941816747915 









0.12223783776852852 









0.11309979691482122 









0.11649589060083551 









0.12905168945516698 









0.12249457310447534 









0.13506154942712204 









0.19426314869571953 









0.39193365105238076 









0.5705591950317985 









0.7371192724910235 









0.9565873625627592 









1.08800458580098 









1.1165432286961001 









1.149675352865378 









1.193124673313688 









1.2188409743662927 









1.2340602990203888 









1.2319355099757123 









1.2824237195512158 









1.3724778175174284 









1.435666446987787 









1.4536400896884067 









1.451508423183096 









1.4526489306233423 









1.4605505090277249 









1.4714611932618915 









1.4744853036991166 









1.4680449488237166 









1.464875612944026 









1.4641013614238854 









1.314372942863183 









0.39964909800348425 









0.15565451199890534 









0.1342010735574101 









0.1322988855635667 









0.1330832670202428 









0.13741718633188285 









0.129611932379798 









0.12477939608773735 









0.1275546489928408 









0.11801214389206806 









0.11967061593505406 









0.12283619342893022 









0.12695860133334866 









0.1290287067618115 









0.11698792129826178 









0.11108078716523216 









0.11922506501493768 









0.12983510003435855 









0.1303490173646816 









0.13367676411812235 









0.137700645050929 









0.13316751180253825 









0.11574078733574929 









0.12205872995038149 









0.11737338511476686 









0.12580684038077022 









0.12320266846285066 









0.12246338373162437 









0.12651293371605504 









0.13465564853439194 









0.13239505210342517 









0.12938539463016602 









0.12726502066456888 









0.12272017096490816 









0.12954741756959115 









0.12792874112129188 









0.13407442469936967 









0.13015294947132555 









0.11901087751064902 









0.12053098147902586 









0.11998374507474989 









0.11716565396497808 









0.1157454070620627 









0.12319882172787591 









0.11520711693713438 









0.12056697862891695 









0.13366028817773096 









0.17686686125021814 









0.18890239988158217 









0.18322003182737925 









0.2111791483677372 









0.2614264263255318 









0.31506540728652066 









0.33545420760292527 









0.33208773347740933 









0.3041151026441747 









0.3410758467196423 









0.38727815075371247 









0.38119182738941704 









0.3512805858458111 









0.3552594516786537 









0.3938815632797059 









0.4408405463950906 









0.41766845507916406 









0.41730519824499546 









0.42312277899176254 









0.4131589643314801 









0.45600361521961774 









0.4586821465862188 









0.38922824380580734 









0.36437667007171104 









0.18060006198468959 









0.08474277377669241 









0.08473790753734893 









0.10514652021878115 









0.1310790885115477 









0.15203275205819494 









0.14369169810241772 









0.12862389110389688 









0.11507197671777866 









0.122730850328209 









0.11633353015051853 









0.11818726048629746 









0.12266031393989181 









0.12562829068698747 









0.12367164615888006 









0.11521360206284313 









0.12085892166769156 









0.12308061765287513 









0.11960104209702237 









0.12602529102132806 









0.12116233673203977 









0.12009411996422605 









0.12012328589218804 









0.12490792122802657 









0.12466516217921901 









0.12033179128726627 









0.11377440362501683 









0.11209917053479769 









0.11067096245055208 









0.11776072753578626 









0.11079705589694239 









0.11599358748445264 









0.1163473334217065 









0.11944341394542954 









0.11511021378526097 









0.11258405108589459 









0.1153480540775045 









0.12463562580048516 









0.11666148912783081 









0.11921536215024464 









0.1195181795952099 









0.11268144621705997 









0.11873597279623012 









0.11641880788827846 









0.11532379481924072 









0.1141064173767641 









0.12042216841212847 









0.11843184859735117 









0.11644496523284938 









0.11870097382508445 









0.11755176713348375 









0.1133426581582641 









0.11916255755086853 









0.11791618704725343 









0.11707363419754493 









0.11650445822395808 









0.10208595810068151 









0.09222745329292487 









0.08661717619058347 









0.08671666569272898 









0.0875282154028986 









0.08524188132659608 









0.08783685385459786 









0.08414464066936306 









0.08181452960769829 









0.0865175996300002 









0.0916981422284824 









0.08247242868139368 









0.07864087011816426 









0.08457043139896558 









0.07901666108387431 









0.07716957468744591 









0.06863312891161369 









0.07450533936638051 









0.07787325918155619 









0.08086301699739433 









0.07379441583793532 









0.07483591844356835 









0.08141702185090882 









0.08903186963906076 









0.10185709134588113 









0.11102709820147548 









0.11664874143444481 









0.10977203811322302 









0.11263591264797737 









0.11519261530900896 









0.11692929366038528 









0.11772970924491914 









0.11162450817566252 









0.11102820923243618 









0.11329438000242655 









0.10869315489051626 









0.11215700445109722 









0.10977864832091828 









0.11257578337979435 









0.11420390266013515 









0.11609512236269497 









0.11588035978768327 









0.11917112125726682 









0.10745378854519691 









0.11463376595899952 









0.10829790120392616 









0.10326792298701463 









0.11159890481301676 









0.11534979248087236 









0.11862307314644993 









0.11109151976560808 









0.10652639571878422 









0.11404037083559902 









0.11501857017442345 









0.11396513016783258 









0.11959795247796266 









0.12176083018399442 









0.11676458310860376 









0.116663335942359 









0.11222692853006437 









0.11422736504264065 









0.10515123011584958 









0.10578542996457609 









0.10665398551926766 









0.11207784262931811 









0.11141595145743663 









0.11253849679679881 









0.11283961219557954 









0.11481895173637807 









0.12811930610362166 









0.12227290738862386 









0.11044674168811378 









0.11164985690476065 









0.10888740249122018 









0.10089205650301389 









0.09712407225564146 









0.08844169807741771 









0.09247373467719491 









0.0947417055205671 









0.09249508004381422 









0.08353542372501115 









0.08723644513638819 









0.08427278963769595 









0.09082955643277119 









0.0858949003365891 









0.08331114054768571 









0.08395670003825596 









0.09280789218657917 









0.08539293878154403 









0.08147065864269705 









0.08671212386124458 









0.08354531690284886 









0.08570741320235063 









0.08105545046978696 









0.07331716247059113 









0.08062419787296915 









0.0829410052227244 









0.09091259789927268 









0.13455112559570875 









0.14980275150388317 









0.1499951039933285 









0.12329875810296222 









0.11727165133752276 









0.12057952871638182 









0.11900071942288638 









0.12413345868183509 









0.12832775348539247 









0.12305060943066193 









0.11500398244067206 









0.11843496864274747 









0.1196608255431248 









0.11643491113719984 









0.11800328078984683 









0.11780841985990241 









0.12069169621009919 









0.12071795818654549 









0.11277596230949445 









0.1174262648594061 









0.12604105283921296 









0.1241148028430754 









0.11954397218517177 









0.11386601790174232 









0.11864571512487894 









0.11546325921687713 









0.11179796864510683 









0.11236261871620203 









0.11507692802233861 









0.1167667327934472 









0.11382049293436484 









0.11161412342942562 









0.12098585514098677 









0.1247675396277825 









0.12095682374884031 









0.124450310495448 









0.12018311165130081 









0.12219357239124123 









0.1080259444549199 









0.11728083050045505 









0.12926224130165118 









0.11526332705043434 









0.11543511591194969 









0.12500343194902472 









0.12046302028257573 









0.11851339496632096 









0.11792765809749302 









0.11196701670698976 









0.11116900283745453 









0.11791000231100035 









0.1298128901306605 









0.12197325900880146 









0.11058586798203696 









0.09701474410246994 









0.09513669109821579 









0.08600759271531505 









0.0749519445166638 









0.07763244369561549 









0.0827652853705237 









0.07883483820912796 









0.08161424185640333 









0.07815374360281598 









0.07779247521540382 









0.08012493218664986 









0.07802952934962878 









0.08293190377375959 









0.08214335287602026 









0.08323175316327593 









0.08008728916361998 









0.08915582162083018 









0.08929669939716331 









0.0890134414012308 









0.07942404377194863 









0.08231337697889106 









0.07247109430727615 









0.08189450788216343 









0.08561919243184382 









0.09614848106196605 









0.10576311006539846 









0.1122054504072961 









0.11486842155368514 









0.11178669435866322 









0.10952906517034981 









0.11507842324956344 









0.11639812605296584 









0.10357938964674676 









0.11238351861231433 









0.10967866312561385 









0.11104099498269135 









0.11077714457111301 









0.11682990166174076 









0.11554743326290223 









0.11609071426103694 









0.1052966895077693 









0.1135766491665418 









0.1184416629713013 









0.11365562655589705 









0.10843039341815751 









0.10689822847491876 









0.11025565505879532 









0.11445895166409811 









0.11432725456335853 









0.10560592426739657 









0.11785409287754965 









0.11180173546274376 









0.10503127165560605 









0.1058724032331117 









0.10932501562513415 









0.11070107290074127 









0.11086259942679787 









0.10727203386291123 









0.11571927013974388 









0.1174125365483199 









0.1168697311511811 









0.11462216544758184 









0.11395313598086246 









0.11672659946755909 









0.1117672407595989 









0.11747621765201868 









0.11263523309554681 









0.11106664039217633 









0.112399161846302 









0.12357241939975723 









0.1017289209504427 









0.08378923280515663 









0.08067906590948933 









0.07858112972962193 









0.08277783779086036 









0.08342005878395364 









0.08457769271507758 









0.07151220242452944 









0.07132763531118072 









0.07210106513013359 









0.07503805980977026 









0.07260379036233432 









0.0764927550575491 









0.07492599964715273 









0.07746956918231508 









0.07569483406208134 









0.07747775050433173 









0.07822725060308121 









0.08029878400853178 









0.07651725690435278 









0.07605618403635356 









0.07593343685703936 









0.073520104388027 









0.07326035480165052 









0.07689795410903391 









0.07959392796223574 









0.09442683031666484 









0.13313590112415322 









0.14181447712747314 









0.14634070606733116 









0.13149669962308155 









0.11702736571490935 









0.12164612842822066 









0.11502906082930185 









0.11338589556379633 









0.11567171017287586 









0.12059361971343646 









0.11115879656197511 









0.11013680184721608 









0.11367794962065844 









0.11393457099578087 









0.1184949536505403 









0.1225805098600395 









0.12875139597758034 









0.1247474080151914 









0.12458942821425992 









0.12687234970957445 









0.11278886276038066 









0.11095312486252287 









0.12623863779565958 









0.12046640947781655 









0.1157611569583498 









0.1137565573131907 









0.11226017046849024 









0.11331575923363368 









0.12160457750838197 









0.11741648286271708 









0.12558696321579568 









0.12288346367248446 









0.11166711241823318 









0.11747843770370232 









0.11718850956312463 









0.12327909313383242 









0.12551123818536253 









0.12419847655910778 









0.11327868203342897 









0.11754203924845168 









0.12513382511591925 









0.12346910875590748 









0.11861979156500196 









0.1238813705216547 









0.11549058631175599 









0.10963863684234754 









0.10902027391865432 









0.1176445045278835 









0.11901581259960471 









0.12816883634190293 









0.15059728433140662 









0.1872388789123657 









0.23957101886684015 









0.3408068848139005 









0.4472207903191465 









0.5900749081104887 









0.7359505775103258 









1.0055903998341638 









1.172500269299893 









1.2148447573122383 









1.2637174190903435 









1.2957965939721183 









1.3109735650406193 









1.3511030737971 









1.3697002865612555 









1.390261450343802 









1.4061867216325834 









1.4134942433989082 









1.4210300672481646 









1.4323806225779188 









1.4421891643522513 









1.4425727206157717 









1.4436467207138266 









1.4315480987764162 









1.2462101267430596 









0.4389263324387042 









0.15205463065085817 









0.13382245642041896 









0.12984183653186582 









0.12900154373094713 









0.12124308067445555 









0.12822279017534374 









0.12140318366389741 









0.12517537633178044 









0.13535317295496974 









0.12997251737615878 









0.12496740036353574 









0.13176682264377315 









0.12347349644059451 









0.11981830577775499 









0.12440945970868925 









0.12567907206303564 









0.12070327309380764 









0.12185009472648181 









0.12037926055484278 









0.12011017978972355 









0.12324133793158232 









0.11852842009819022 









0.1176554069623621 









0.11157279684847043 









0.12000709304380514 









0.12358472492583361 









0.1198769593774991 









0.12265840592680935 









0.11945421236567527 









0.12850204904928075 









0.1354883414463252 









0.12942835861074645 









0.1260275498274174 









0.12160549509862675 









0.1189562544398916 









0.11717922758300363 









0.12356941743287006 









0.1259889289097858 









0.12635639852936925 









0.11943484904063137 









0.11167218630732521 









0.11724657730429036 









0.12801127080885674 









0.12161608915647261 









0.11648421458894391 









0.11609467284568808 









0.14893515495180887 









0.17082617676628722 









0.19493592017355818 









0.23879020609007237 









0.22908537209781527 









0.26157155280299266 









0.26986724809719953 









0.2926286533600241 









0.31849025587293656 









0.31808902485155016 









0.29175190317276306 









0.2745804454728293 









0.2798302201467735 









0.2984970285857537 









0.33535748286319866 









0.3187690492896176 









0.2496650973605336 









0.2956053965688774 









0.3138787310982948 









0.34818281414860636 









0.3820243325225882 









0.38204501787477074 









0.4492332984756982 









0.43196061125672675 









0.23621621533289558 









0.1395473502478542 









0.12872588527889195 









0.12848031337315036 









0.14320865858056214 









0.15283783427774858 









0.15053570733028207 









0.12833176513054645 









0.12780776173520164 









0.12736475707012063 









0.11392756938529748 









0.11310925334008233 









0.12281086097229266 









0.12657091967578923 









0.12179169971301387 









0.11770100801919958 









0.11502657855807433 









0.11763403189960785 









0.12259002529649259 









0.11825788204747192 









0.11825412353434722 









0.11879259121004807 









0.12329537609651957 









0.11617210435139551 









0.12091424902273891 









0.11938655175596452 









0.12592660487520155 









0.11771910139043165 









0.10689167010560112 









0.10928466076054552 









0.11878221151904511 









0.10643159933020747 









0.11361897680245224 









0.12431132963327318 









0.12150817266422637 









0.11430569392491835 









0.11488815085895057 









0.12139793922720356 









0.12352479476258622 









0.12223760508486982 









0.11733077095420318 









0.1112843339556992 









0.1155429095018448 









0.12881349806497774 









0.12502252702452243 









0.1232397685448866 









0.11980959440437249 









0.12172587474817213 









0.11661150106384581 









0.12025700315646255 









0.12553256692746492 









0.12222408168195825 









0.11840597104510897 









0.11650583506958319 









0.12044317205992938 









0.12264082837231396 









0.12726420197887253 









0.12103017869608874 









0.11859306473550003 









0.12125260648968013 









0.11516978763463168 









0.1128457883603183 









0.11095475574220545 









0.10901600433382842 









0.11716143695843154 









0.1138207393821264 









0.1181865038760985 









0.11778446563782753 









0.1163174285998035 









0.11568669226698262 









0.11007113528934787 









0.11281634457940144 









0.1123106923551167 









0.1120457426260768 









0.11525528353760685 









0.1155525902474187 









0.12108355456722289 









0.12040305770110665 









0.11227782362716988 









0.11440422423752361 









0.11432687534048314 









0.11709855150406044 









0.11713195807190471 









0.10842050136457625 









0.1098574289745665 









0.11031337613867524 









0.11538318104732703 









0.1113723250427348 









0.11555369556239313 









0.10819338741468039 









0.11477282110111182 









0.11675655370962912 









0.11096438211319086 









0.11055517490797247 









0.1158714704779061 









0.11548885832477448 









0.11443244976766544 









0.10887570494779972 









0.11073927786625302 









0.11293031133051229 









0.12521555204300486 









0.12274123442855864 









0.11546809100656079 









0.11312668532954151 









0.1087995830808735 









0.11655212172730224 









0.12494921529381137 









0.12032777450354727 









0.11980977412321027 









0.10837489445219407 









0.1132787507178723 









0.11767980966387644 









0.11747220014374374 









0.11512945603677602 









0.11854602020202047 









0.12082733393894134 









0.12079705053737695 









0.11216834903878817 









0.1175982992946399 









0.12005501371208194 









0.10916160972164321 









0.11440358393921227 









0.12288898354333551 









0.11408356773963683 









0.11489051725669645 









0.11775630497870143 









0.11476767366142736 









0.11844410384531752 









0.11883456753870585 









0.11954894853947867 









0.1178018965997939 









0.11492469327093095 









0.10969799773765618 









0.12152425384417 









0.11553395190571716 









0.12189473827783565 









0.12224265345043488 









0.11820653103757198 









0.11101365402815985 









0.11207600092052532 









0.11516287558925603 









0.11635139273703825 









0.1095647111820246 









0.10390905774006627 









0.11336580512784063 









0.11155935121384403 









0.11549222192191155 









0.10748522534057936 









0.11391577584629532 









0.1165557560580733 









0.11232894339923512 









0.1091246784211174 









0.11275466569293575 









0.12100180193855713 









0.16888244014357606 









0.15697953176100324 









0.13291829002398936 









0.12221167312898826 









0.12545756093864552 









0.11186949671344845 









0.11281873618871269 









0.116300554576642 









