0.03 









0.31109698406143715 









0.5206812461481084 









0.4104325694852267 









0.5374797473264042 









0.5960707068996575 









0.6424648378244624 









0.6550045784547495 









0.6062947137239699 









0.5530631085889366 









0.6044040746663382 









0.627367710369134 









0.6205868191846421 









0.7770035389074392 









0.9077204868973598 









0.8901039304699024 









0.8992802944255607 









0.9291200343754146 









0.9497768453604442 









0.9531460428429881 









0.9863245801539942 









1.001233149068863 









0.9990519028642336 









0.9988896324220852 









0.8374279906805506 









0.7085851137624241 









0.7233654189815938 









0.7859664842341908 









0.8112258056446384 









0.7883589888826934 









0.6842628283494299 









0.6585377616816538 









0.779972610370137 









0.8893476473519604 









0.8104227401791156 









0.699454290128738 









0.672636996146929 









0.5469606969636339 









0.5305318982794398 









0.5896916516736586 









0.5709864029503434 









0.5818626404476329 









0.5821602461301635 









0.6122481886847894 









0.5908201350993408 









0.6353517801630699 









0.6392446456305374 









0.6062209293995634 









0.6016879653338412 









0.6025284774891343 









0.6402621908498994 









0.6980596983174555 









0.6659543841751238 









0.5882121205375417 









0.5570278822960688 









0.5740707561516019 









0.5605472900462772 









0.5613000605528754 









0.6271970444916748 









0.6594493640768039 









0.6118746682708577 









0.6115897028144377 









0.6260227249893008 









0.6184335922971038 









0.6261417465478231 









0.5885616324498463 









0.5483953821060569 









0.5859771426050461 









0.6048637679094926 









0.6009482859087949 









0.575666560255601 









0.5780076366194167 









0.5769471315162576 









0.5625226729943862 









0.6442298477407168 









0.5971682898440885 









0.6087598922098725 









0.6402166979877748 









0.6478363828880178 









0.6576074956706779 









0.6619191860239736 









0.6555017536301841 









0.6182566124029865 









0.6293585444521883 









0.7371030611410162 









0.9922205389160917 









1.031380692086896 









1.0510118186555184 









1.0367648705955688 









1.020800516604874 









1.0635871394481033 









1.101415874692828 









1.1032021243068988 









1.001972770554095 









1.0983030437853638 









1.1448309404687176 









1.1694109793596847 









1.1288971664496934 









1.0837759763195727 









1.109969816880636 









1.108652555066294 









1.0933617208517674 









1.1033950428471355 









1.0478113303743968 









1.0697807456746686 









1.1135958346732515 









1.1420704855264026 









1.1129444368279695 









1.093619662929864 









1.0006407575332399 









0.8907750558770583 









0.47995737611695455 









0.38797415635316446 









0.3604223121776301 









0.5502219648207924 









0.6202485515693029 









0.6368408224960292 









0.6081867209849732 









0.6556294469376599 









0.595487379353898 









0.5814016363403773 









0.5918001312616861 









0.5747798787697997 









0.5812589008569606 









0.5961410788212207 









0.5782422324393578 









0.5949166401143174 









0.5702548693232184 









0.5824946173646667 









0.6020567683055734 









0.5689738495519137 









0.5815720913554097 









0.5703615253225298 









0.6411111963694183 









0.6481926754435456 









0.6407970537574725 









0.5838055561123334 









0.6235955778073202 









0.6138445055685466 









0.6128355415996986 









0.6003422511724977 









0.6036252492145899 









0.6474787688893443 









0.6607627545959431 









0.5891294713338626 









0.6027299185900661 









0.6042352953381119 









0.6190366411649748 









0.624456620349832 









0.6236348388177934 









0.6089389950011437 









0.6390633880586783 









0.6366042538591404 









0.6405798340300701 









0.6154693806142659 









0.6263369526252359 









0.6147237958996736 









0.6046694094761111 









0.6216998688310876 









0.6151585329553315 









0.6268393323328765 









0.6289152390756121 









0.6430889136258032 









0.7012975819124884 









0.8522278497364527 









0.9003569525261695 









0.9390053062727229 









0.9605306140104282 









0.9647251483522244 









0.9565063689945382 









0.9952229738045745 









1.0109060775498544 









0.9512351830038461 









0.9073001138655401 









0.9471582408257876 









1.0435180109613362 









0.975552381572532 









1.0250959658806316 









1.1245507366942444 









1.1597930652044228 









1.1444944301037472 









1.0679350552705527 









1.0486583233922722 









1.0308774134015795 









1.059876246508369 









0.9950645772990943 









0.9135250122895267 









0.7479873670627498 









0.6304584779881564 









0.586457394025814 









0.6033821193489299 









0.6146605847669498 









0.5860694167797768 









0.6160370791335846 









0.5909084866328175 









0.5865744635039646 









0.6352829381204584 









0.5978885844611217 









0.6043730347090313 









0.6144070774260257 









0.5941679815621523 









0.641051988961048 









0.6243252203358237 









0.6246628896972101 









0.6043194516953541 









0.5980479481233534 









0.633190815671468 









0.6274168665090355 









0.6222384583792699 









0.6756073568609406 









0.6535867150845733 









0.585580732822457 









0.5695538723614393 









0.580908159574528 









0.6444740715197131 









0.6249142303533118 









0.6151535251643079 









0.5946930810550454 









0.575935192759618 









0.5830520508041015 









0.5866564527485723 









0.6000826771950728 









0.6364229459003137 









0.6367782241269557 









0.6619095722727008 









0.6928004543537071 









0.6207039879419947 









0.6137552668360395 









0.6257597198891351 









0.6136732208720921 









0.5806096151265571 









0.5880320537516679 









0.5456850568063866 









0.5844416419525441 









0.6589532375245425 









0.7042797708341691 









0.6568428266803059 









0.7576752270918842 









0.7873705911269878 









0.8308266666304819 









0.8377359841033061 









0.8255125722177924 









0.8283628734899168 









0.9003176844091804 









0.9503432484845159 









0.9251737320055504 









0.8433913944152972 









0.8695460328296435 









0.9356605411977759 









0.9003097003540101 









0.842713562945708 









0.8925914133276147 









0.9245708585263938 









0.9073639817480026 









0.9178915971695123 









0.9135004230705001 









0.9232871209364659 









1.0125938577264495 









1.0021362577563004 









0.8888538716749792 









0.9159519965849212 









0.49655251504715525 









0.37174637787212345 









0.37372687928230336 









0.5376683432771018 









0.6143716889260861 









0.5898025579085415 









0.6113187389326812 









0.5861113038554082 









0.5341612152143399 









0.5778314209266482 









0.5935968402891665 









0.599711225376562 









0.5831995597781354 









0.6281015793858012 









0.6193010456100945 









0.5990250377218684 









0.6054971670891817 









0.5874444025103891 









0.6011557519112796 









0.6145954128237948 









0.5992574664776524 









0.559010738837584 









0.5740788354941517 









0.6118810948242654 









0.6153526356909761 









0.6303599317851856 









0.6289804128608376 









0.6792572071846545 









0.6292341528081082 









0.5979236483600462 









0.6388193731239852 









0.651429762271977 









0.6018498409586982 









0.5847950735009539 









0.592051076213316 









0.5481962069990127 









0.5805866171100782 









0.5723950350113972 









0.6220268169016201 









0.6256105385413963 









0.5467353973492614 









0.5927895127164508 









0.6420047785114367 









0.5952135103790204 









0.5611831537589036 









0.6115349681202785 









0.571508173389734 









0.6347482406885392 









0.6246349386998378 









0.6289140245254969 









0.5888506511642052 









0.6609233925116811 









0.762960412757929 









0.8791242604127322 









0.9235988546048013 









1.0294867659153941 









1.1511531377068263 









1.1345985544560815 









1.1127245777221841 









1.150583043351925 









1.1549224655307653 









1.1882833592374318 









1.2083015650333577 









1.187454049278789 









1.1457336764036605 









1.1398432831970495 









1.1802881578584419 









1.1375378300025165 









1.1471802065381718 









1.065260289115065 









1.0008177363974815 









1.029196350334994 









1.1263605326071604 









1.1161430765691 









1.0654240508919335 









0.997414514221697 









0.9054467123681234 









0.832680460193915 









0.6538760396921104 









0.6450553232706355 









0.5840231221211449 









0.6017165238269474 









0.6537233304197321 









0.6316726919821041 









0.6062693925783291 









0.6444783727463553 









0.632451999685866 









0.6407066380403317 









0.6325791365646073 









0.608519742176699 









0.6105066019151006 









0.5900453523293429 









0.5757977153495355 









0.6333538372650972 









0.6088430440063006 









0.578615941255153 









0.6106774144250183 









0.6468582005143372 









0.6497641183627154 









0.6676811633934077 









0.5942106946950225 









0.5574452922826634 









0.6210010999191742 









0.6152232547453902 









0.6062600565417409 









0.6585632109674325 









0.6600057843593287 









0.6245146440072106 









0.5963792976656256 









0.5950342905778025 









0.6130225568181497 









0.5849962902655728 









0.5587131601444937 









0.589024664418536 









0.6070832106554479 









0.5944399692344606 









0.5928473012685131 









0.5839393447666608 









0.6091263859037933 









0.5943108394755521 









0.6427379884343559 









0.6208349097677386 









0.5947935904047628 









0.6908062815460785 









0.9849994522728962 









1.0128171919805704 









1.0196937806137145 









0.9799477814805284 









1.0105486526004832 









1.0252286194554412 









1.0992334588596082 









1.220080514808199 









1.1845693229227119 









1.1224235209670514 









1.1592811839111326 









1.1854215909375032 









1.1298642974722835 









1.0969632171689887 









1.1692215852621486 









1.1318373794576482 









1.0824685643945775 









1.0730264874153967 









1.116873320213178 









1.0910253528147074 









1.117945843406205 









1.1589346938112695 









1.074305137789864 









1.0659691353988505 









1.0190058250722274 









0.9333486949709426 









0.5063796462450585 









0.38686046993031253 









0.36521175584154275 









0.5167032491774689 









0.5579710575216479 









0.6124325308254439 









0.6321247130062722 









0.6064132455954466 









0.6109356845415768 









0.5938406185716831 









0.6232288832210505 









0.6436059510919486 









0.6182737384039699 









0.6122380594981012 









0.6436135228311086 









0.5797284142334134 









0.5557863334503842 









0.5613606156915133 









0.5961595847923068 









0.5583071239400117 









0.6084131938824309 









0.6418332348883524 









0.5824629313828651 









0.5917514116078082 









0.6119916922361269 









0.6158022777611641 









0.648434447671711 









0.6382221629194376 









0.5860536702447224 









0.6023672031483978 









0.6045909893051761 









0.5515262536353968 









0.636664121922182 









0.6201843712384629 









0.5959882900988525 









0.5928853362337647 









0.551859720843931 









0.572880546889157 









0.6194407269567446 









0.6333338147388805 









0.6031206060872785 









0.5938801107294217 









0.5967427041968978 









0.5983391350851627 









0.5918929665796621 









0.6432531645914589 









0.6518472728769232 









0.6237415875191888 









0.6057697993114832 









0.5925496447163326 









0.6247166440566783 









0.6060581291199394 









0.630445176882212 









0.6325410652913374 









0.6246454628096849 









0.6035097337503224 









0.6356111627834582 









0.5522084340289231 









0.5340174514900541 









0.5510949486416593 









0.4990840300214661 









0.50743469899853 









0.4876258613463239 









0.46617338142711884 









0.4753780939272895 









0.4712240306431309 









0.4446836732863149 









0.46527448761077583 









0.46249749272035406 









0.456349971305701 









0.42061586003449514 









0.43359786611292417 









0.4401651755142381 









0.47065460866457887 









0.4489383597396682 









0.45875018575005083 









0.4694237217932857 









0.5460215721543156 









0.5848178397150315 









0.5902838786599112 









0.6329661732666045 









0.5905044457910078 









0.6223398992885312 









0.582038074997304 









0.5615857523992834 









0.5781090294021155 









0.5858702943173413 









0.5733014647694527 









0.5803875675844904 









0.60394193080565 









0.6076261111953006 









0.5943803880210379 









0.6166363802456313 









0.6006266465537407 









0.5973706961715632 









0.6331282761673943 









0.599823001842257 









0.626970688207092 









0.6326103561983396 









0.6579002424966062 









0.6199894025834947 









0.6067329402035779 









0.6619521745493845 









0.6288039635162737 









0.6262552827308021 









0.6165666612549482 









0.5604046039774667 









0.5423755699997079 









0.5967250057593692 









0.5970465889269494 









0.6544795355510548 









0.6386836319779128 









0.6131950474605127 









0.610273170169473 









0.6035151432496454 









0.6119764087750231 









0.6390104423699592 









0.6641629583762085 









0.575713168736196 









0.5717744915355957 









0.6433082385924245 









0.6443566267199247 









0.6466114052364564 









0.6002723010587969 









0.6056806168565014 









0.5995915852066599 









0.6451662460518136 









0.6017676234207796 









0.6114484056707459 









0.6033033705237529 









0.5848932429454804 









0.5721974319924761 









0.625538381481491 









0.6462794606065748 









0.637346270750665 









0.633289140942703 









0.5795437324977154 









0.6054579206471007 









0.7133407293831172 









0.645480957150335 









0.6156052500096254 









0.598880652780285 









0.5888695268502117 









0.6334153046376227 









0.5792304704045256 









0.574844739744431 









0.5748673175911768 









0.6164988542146514 









0.6045438654029383 









0.5933325677895853 









0.40936855503997227 









0.39353133849798805 









0.37158155531201253 









0.5469586028212285 









0.5473101580487602 









0.5735606360979788 









0.6100109892708062 









0.6504646605755252 









0.5936335175090176 









0.5678390462095254 









0.54840013307876 









0.601445075260089 









0.6185468107084883 









0.6339789189432444 









0.6093692252497325 









0.580004194707106 









0.6124021208235448 









0.5974946031035822 









0.6057373700367362 









0.6038109568460821 









0.612206145056104 









0.5918541572822777 









0.577617247710686 









0.6113217774259677 









0.6742048653280149 









0.6943734869049613 









0.6036160046710468 









0.6570337144303124 









0.6586887576846188 









0.5714571398158763 









0.5574629532939571 









0.6187554383359641 









0.6234664514826351 









0.5730790455423134 









0.5681356882505103 









0.5562367429049919 









0.60247874037893 









0.6068799144628261 









0.6382222538023555 









0.5664288894801224 









0.5873291356344053 









0.5679659031816346 









0.6043343014075063 









0.587443184016431 









0.6025577488764521 









0.5848036012251504 









0.5717975869438594 









0.592292566621852 









0.5930908975888552 









0.60200841534647 









0.623005070530077 









0.5831411406143607 









0.5462653164408334 









0.5838897430141367 









0.5901081881595645 









0.5964034240631432 









0.6226365986966479 









0.6074510247802993 









0.6478822639529126 









0.6733681849154375 









0.6458034453719972 









0.6556711851480652 









0.6300108965299852 









0.6213291580265845 









0.6430774499100363 









0.6346592707694664 









0.6470931190235595 









0.6674116416810549 









0.6142548965063722 









0.6271386519715199 









0.5943642749800444 









0.6383781943878519 









0.6142955804096599 









0.5812851827640483 









0.6011703946238101 









0.594227044460817 









0.6106767952592365 









0.5990841993913448 









0.5825155879889226 









0.6661799194134527 









0.6549598757944882 









0.6014535515755765 









0.6268175415240531 









0.612401909641979 









0.612831857449496 









0.6077732721657692 









0.6204352885829327 









0.6010694732011768 









0.6050925698104092 









0.5951050926063867 









0.5899538770717622 









0.5601330724709486 









0.6126874782475573 









0.6009105681053712 









0.6224797417104775 









0.6256189441868639 









0.5807063921889968 









0.5561223171390551 









0.5692597931526434 









0.5755327131122354 









0.6150399394775419 









0.6073523326971277 









0.5771918428558115 









0.5360606242313884 









0.5712431862576893 









0.6102466560455063 









0.6374732849893965 









0.6069853388547332 









0.5902206364187722 









0.6103782422808913 









0.5672351948056552 









0.6042697621132911 









0.5719218011770194 









0.6146306413344466 









0.6188216088632732 









0.5971510890641957 









0.609181019569618 









0.63934262943853 









0.557248712782546 









0.579247997873614 









0.5999081187490415 









0.6054053036563416 









0.6079122448340433 









0.5696147051796501 









0.60380519406551 









0.5954564819664643 









0.5825895858273346 









0.6130130250020102 









0.6319679100243923 









0.5725055271188574 









0.5893011846579792 









0.5458377111185411 









0.5688307163519657 









0.5623323354728369 









0.6112582930439396 









0.6399289886938183 









0.6137950780178103 









0.6393186266447202 









0.5882823095771844 









0.6347782212948337 









0.661251638285813 









0.5881732798947475 









0.5844568766841233 









0.6568768522668625 









0.6041250486828376 









0.5698210053586614 









0.5758235556579293 









0.6251859501192797 









0.6119053099636398 









0.6204006466445038 









0.282006198875012 









0.32757253355788973 









0.5182701950797245 









0.5813146585281674 









0.5766334238726647 









0.6005926896588988 









0.6366699520369536 









0.6262925524305702 









0.6067623707707539 









