0.2 









0.00029029804386314915 









0.0001700666726185044 









0.00010938423306868197 









0.00012787121664989133 









0.00014020646869686084 









0.0001296811887931368 









0.00015797635196738153 









0.00016533247531176106 









0.00013751477772212976 









0.00021007368232556507 









0.00019861941547790152 









0.00021956998397601094 









0.00023256443805112846 









0.0003184391420451795 









0.00023700580891202443 









0.00024580975473037774 









0.00041037645219149275 









0.0003349511552599506 









0.00022276816692293297 









0.0002462038319671293 









0.00033024925458240736 









0.0003050072231474796 









0.0002737145276700036 









0.0003085940462697531 









0.0002394915504615015 









0.00023714677087262177 









0.0002899274009148961 









0.0002327025009786041 









0.00023419983981443342 









0.0001718185823162007 









0.0001682521193203106 









0.00021618242280841598 









0.00027744128902074057 









0.0002640796986997462 









0.00018694231272363182 









0.00012250596806550321 









0.00013926046475263353 









0.00016178375666913518 









0.0001458335721068313 









0.00015374025915092598 









0.00012138789935752513 









0.0001909299609434186 









0.00014420286743940737 









0.00014145221963095706 









0.00017114054708270522 









0.00020761042966855676 









0.0001435067554106119 









0.00011799241490367577 









0.00013020906654608911 









0.00015131385361429018 









0.00014512436379671498 









0.00013201475970663426 









0.00012889232298769608 









0.0001235137796589249 









0.00012227653216613643 









0.00013834835399830978 









0.0001270924272045336 









0.00019271131328281316 









0.00017915054586767654 









0.00018002859710134248 









0.0001291377245608598 









0.00018708667723696176 









0.00018696456944219708 









0.00020155057529541265 









0.00016157014118076032 









0.00017147599511839473 









0.0001416520871781228 









0.00017289604440246426 









0.0001753592386236915 









0.00019573146953552508 









0.00013749163903727508 









0.00017174625970316172 









0.00014911150673512945 









0.00018186756966924645 









0.00011743553858787668 









0.00014880217451043365 









0.00021516872303731991 









0.00014646644442552968 









0.00019008376354654155 









0.0002453914391288897 









0.00012722709688195484 









0.00011183068946949368 









0.00015425534557512904 









0.00026715705766102446 









0.0002858746904119778 









0.0004394220019714204 









0.0003774000672469018 









0.0003986899459201707 









0.0003840229037478713 









0.00036815300701361367 









0.00040884327913416765 









0.00040734776534208535 









0.00046177870386216455 









0.0004273887555044843 









0.000635172655439917 









0.0004014052478758353 









0.0004223998118292416 









0.00047667909787800153 









0.00031984157129839126 









0.00042157176118762815 









0.0003045989539691429 









0.0003513290241726595 









0.00046882896584837845 









0.00036136656285509766 









0.00037951146776524735 









0.000548610207343601 









0.0003629884591640482 









0.0003765155685555306 









0.0003475341190136413 









0.00034752115354860704 









0.00019260133343205322 









9.476890030868959e-05 









9.704819921726059e-05 









0.00016438901330805363 









0.0001421019634026506 









0.00018741578541913996 









0.00015268418010399784 









0.00016833918053569183 









0.000143483654169177 









0.00010889888043795701 









0.0001198942672923155 









0.00012141151734991782 









0.00012499879902524546 









0.000162814652029967 









0.0001243516820115456 









0.00017270754035557872 









0.00017647848458466112 









0.00015284638223602754 









0.0002141651313670818 









0.00012688129205871792 









0.00018895869813767658 









0.00016559727559701452 









0.00016195597491309267 









0.0001583742307595696 









0.0001575382783742414 









0.00018823959953509104 









0.00013260534903481347 









0.00013574348173216454 









0.00017208521371678008 









0.00017131837200570624 









0.00013602002274458046 









0.00018100354898916254 









0.0002310326102087468 









0.00012605614091922243 









0.00016417135792465949 









0.00013215630742287475 









0.00015233391660053012 









0.00018672477119394354 









0.00021342694325032384 









0.00015154636211576393 









0.00016193413357342218 









0.0001758063473299757 









0.00016328932058451404 









0.000167114345448218 









0.00017480284623608226 









0.0001556444862225254 









0.00017785885857630497 









0.00013152043773026142 









0.00014717576892926893 









0.00020559020278422557 









0.00014881379669572282 









0.00021927425773421826 









0.00021001923995240423 









0.00028578748922682086 









0.00025975178676541336 









0.00028318314683543693 









0.0003518278699410522 









0.0002686811408386359 









0.00027654884157706286 









0.0004727878573891738 









0.0003583657644705298 









0.0003043881304800224 









0.00030846131357270795 









0.00030196397039184797 









0.0003997248811213145 









0.00034130703178512304 









0.00044610128559517817 









0.00045197586064670085 









0.000548493095492172 









0.00043500162310662486 









0.0004970382033732308 









0.00043091977077114 









0.0003650240922684411 









0.0004694396147263629 









0.00040014075272091284 









0.00024453350368721136 









0.00021591310564539454 









0.00012247347616853419 









0.00018383885160653794 









0.0001294549565249887 









0.00015045786920226968 









0.00017589361720975752 









0.00017488349784487858 









0.00017373593653827044 









0.00011116864582848351 









0.00014318467258250567 









0.00018312249320586225 









0.00014974445904452038 









0.00013228372687930994 









0.0001356457434373879 









0.0001456660701850797 









0.00017877031702245958 









0.0001487742247027146 









0.0001306451247027831 









0.00017538557511928207 









0.0001425278398471381 









0.0001989090227868555 









0.00011989127988035161 









0.0001378064983247842 









0.00023727761049939438 









0.0001386965410554157 









0.0001696898029279547 









0.00020380730245721056 









0.00017728694935318604 









0.00011904410854868376 









0.00020085931411274675 









0.00020183940840212558 









0.00014156561746050568 









0.00011790048868174591 









0.00016800219455167118 









0.00014458953753468558 









0.00019073582057792845 









0.0001443720389006361 









0.0001928952070781354 









0.00019019534773351667 









0.0001674774587902516 









0.00013241486650234158 









0.00014965082025201527 









0.0001364920899460335 









0.0001733770989516666 









0.00012906184184098335 









0.00016150826008456327 









0.00018842927039038998 









0.00021441172329395052 









0.00019769130072539072 









0.00025300940413881855 









0.00017551740427471874 









0.00017859017977735713 









0.00023478476673036679 









0.0002449424621398076 









0.00020490096716733918 









0.00022293057945384562 









0.00030242915482572115 









0.0003095247486703395 









0.0003200448509514706 









0.0002484902426642243 









0.0002653146432534338 









0.00041722714532873445 









0.00022039180069188629 









0.0002547608548646777 









0.0003099682778706862 









0.00021305915385043603 









0.0003395952286532894 









0.000358549962606174 









0.00023078376535032346 









0.00040914120593167776 









0.00030144505155381223 









0.00029496592860199934 









0.0002610869235343701 









0.00025902396909520165 









0.00011610598585878596 









8.797127013802586e-05 









0.00010577297062773445 









0.00010241539748325015 









0.00013421947105525433 









0.00012037427182947333 









0.00015738442581102673 









0.00012543515280022505 









0.00013989415406047087 









0.0001710611474249891 









0.00011677192140805506 









0.00013174020311811947 









0.00011885446322092697 









0.00014560577355663974 









0.00018159337680745118 









0.00018390998174835454 









0.00017333122077188839 









0.00018972594028427282 









0.00016146053169491196 









0.00013319981946233747 









0.00016940554488988768 









0.0001406927498625301 









0.00013144407382424737 









0.00015967106165770188 









0.00020019230152975437 









0.00022717121874770262 









0.0001762521257515459 









0.00022767789613983494 









0.0001942244632884201 









0.00013968155698014875 









0.00018546813219393868 









0.00012737835609033716 









0.0001734744815396633 









0.00020134824337013889 









0.00013805234587007745 









0.00016292707821918085 









0.00014902081013578797 









0.0001658642609221533 









0.00013744263608937414 









0.00012048203515995094 









0.0001579381985435574 









0.00020306704536757637 









0.00021449272704496733 









0.00013492572786978822 









0.00014713551323973953 









0.000151307370802039 









0.00015769097197784775 









0.00022167756916367817 









0.00019558068728700795 









0.0002147203783666088 









0.0001260651965062472 









0.00015357568307635563 









0.00020460684101014935 









0.0002838758491429691 









0.00031724893219979 









0.0003997699132294445 









0.0004130045307183043 









0.00043721117441462474 









0.0004655921866993012 









0.0005181280126175234 









0.0003337247636884902 









0.0004850346999052254 









0.00043453866121413856 









0.0004582239969788649 









0.0005811959668079971 









0.0003868862177775456 









0.00046448239643217106 









0.0005888539282284535 









0.0006016169406006932 









0.00034584576472680565 









0.00031098615326382716 









0.0003472020048628815 









0.0005384281042295766 









0.00036411910542445973 









0.00037153169251214613 









0.0003014055840762251 









0.0002840831828562702 









0.0002446127558297114 









0.00021053538027230396 









0.00013532589265737767 









0.00018314907117546544 









0.0001858828078728028 









0.00015074103112980037 









0.00016275170406665438 









0.00016230601962261373 









0.0001545876172037559 









0.0001421454580512213 









0.00013832787970726105 









0.00014881678722875947 









0.00011838679356222898 









0.00018177494404467744 









0.00015218530230378175 









0.0001593308662769954 









0.00015719159525993075 









0.000201965418719111 









0.00012648453634402573 









0.00017703113998441522 









0.00019164542326561472 









0.00017389787942665596 









0.00013483049455475404 









0.0001613385569306509 









0.00018460146794662774 









0.0001877531744354576 









0.0001907032516484683 









0.00015268428559012137 









0.00011845351361983941 









0.00022151408259721376 









0.00013404425656615292 









0.00011520750309261388 









0.0001920388294587738 









0.00017382476600575643 









0.00015280089053047884 









0.00014328814836146102 









0.00012950985489353057 









0.00014759971779375065 









0.0001618440019672442 









0.00014366121100468264 









0.00019738866956307182 









0.00020777312091766468 









0.00012864276938107333 









0.00016223098648212068 









0.0001771755852220346 









0.0001857794880626804 









0.0002268912295837085 









0.00037099923856691953 









0.0002705350967850791 









0.0004182412618008621 









0.00023808346874104974 









0.0005026978115675619 









0.00029825850723786844 









0.0004949348689911525 









0.0005670798562216084 









0.0004515442185766133 









0.0003843821442536054 









0.0005907153468944476 









0.00037692635132552854 









0.0004753987096657823 









0.0004012462832435077 









0.0005464085153802442 









0.00047395189333286777 









0.0003733322981991342 









0.0004194858172782026 









0.0003430049101964189 









0.000497389663408093 









0.0004436839155834026 









0.0005074821753135967 









0.0003460043444372372 









0.0004523910463951768 









0.0004457039522734553 









0.0002362046235710418 









0.00014766846192475455 









0.00011226666141554226 









0.00013959372789144745 









0.0001413663147808525 









0.00020014694212714724 









0.0001374009880185401 









0.0001521705761497892 









0.00010942964061302094 









0.00013200784110553812 









0.00015694613572533918 









0.0001138837405520248 









0.0001201443623324536 









0.0001370038868921011 









0.0001584112229317524 









0.0001698993605000396 









0.00014365412423193247 









0.00011435719809071813 









0.00010650119236373284 









0.0001846340246093942 









0.00014819592550290326 









0.00012146588997908499 









0.00015194954321976552 









0.0001656455526569571 









0.00016163173995571343 









0.0001332208556092418 









0.0002111709345947962 









0.0002239045895359024 









0.00019427969028874603 









0.0001664517238659466 









0.00015956532258521805 









0.0002061580535825864 









0.00011281117803248222 









0.00013354512806673495 









0.0001732146778909376 









0.00021678610511553716 









0.00015787296826746323 









0.00012538048735225466 









0.00011066805309086798 









0.0001454719743658993 









0.00017311051237202727 









0.00017090849479018536 









0.00013983522611251572 









0.00014234493340354096 









0.00014847403300373115 









0.00015161994057870094 









0.00019891978316397783 









0.00021801372008676216 









0.00018008064663591004 









0.0001789420583266119 









0.00021037582481120225 









0.00012121792349624278 









0.0001692882089260656 









0.0001780536321689059 









0.00016060156649649578 









0.00015170358557576298 









0.00016323180230208738 









0.0002010996307302025 









0.00013620874620181897 









0.00015736078430469305 









0.0001476955560648754 









0.00016793685989693126 









0.00012071973571489114 









0.00011842087597614589 









0.00011727041883001157 









0.00016931893291514496 









0.0001472208854064011 









0.00012088231858554801 









0.0001098937247140388 









0.0001452952373629641 









0.00011082725576444782 









0.00010027190602475831 









0.00010753762744434392 









0.00010098334804055343 









0.0001127493751059095 









0.00014260841754440553 









0.0001402448952515821 









0.00012696700085381796 









0.0001406178070693567 









0.00014202535348783042 









0.00017910463329040725 









0.00015906626521762244 









0.00015427659795884337 









0.00019054392962706708 









0.0001290246114264765 









0.0001683404733845583 









0.00012990109855128 









0.00014370024540360827 









0.00010723163271558135 









0.0001316963069561806 









0.00012025762791309852 









0.0001470962826170338 









0.00014675538911175113 









0.00018122088852028158 









0.00013307874576254047 









0.0001643766217404646 









0.00016966842229640524 









0.00020414404665170628 









0.00021690637501133714 









0.00018845574681473893 









0.00020226604399214922 









0.0002039797223783654 









0.00013480080139978605 









0.00016507883972115235 









0.00014074669057880768 









0.000202319440101215 









0.00014457254797885027 









0.000136164065366171 









0.00017794244475376197 









0.00014815814507773857 









0.00022298189397413823 









0.00014543193270808352 









0.00016479713799021 









0.00017190527928643426 









0.00015906896435893705 









0.00012575651989018562 









0.00014329725525154215 









0.00013208619876143183 









0.0002014599143599685 









0.0001617416980109024 









0.0001828443066281744 









0.00017066761746276958 









0.0001241034057293552 









0.00019352236227851007 









0.0001801625007013963 









0.0001948036228142366 









0.00014165910226564567 









0.000177556732778649 









0.0001428943471184145 









0.0001549340485579727 









0.00016528941455236666 









0.0001566234372168729 









0.00012941188949869162 









0.00018526998723924083 









0.00019376893855282647 









0.0001387595265663338 









0.00013378322754416334 









0.0001313417890114013 









0.00016182180283490184 









0.00014404847548336435 









0.00017988810939147942 









0.00016338400035329208 









0.00014875271067772922 









0.00012540633699947056 









0.00019891159452430882 









0.000137710038325998 









0.00015779235404877936 









0.00010825777620462497 









0.00023722452072734147 









0.00016682295991434106 









0.0001890756847429251 









0.00012218598226209658 









0.00011160899516024805 









0.00011360937099503146 









0.00013011225799920245 









0.0001559876584850684 









0.00015215067127060105 









0.00018722540945257228 









0.00016242265979892105 









0.0001619293305777905 









0.00015268309182140896 









0.00012885704082999034 









0.00013261681925997432 









0.0001623882727894914 









0.00018876409438975037 









0.00017530692856349152 









0.00018411311863920316 









0.0001726270125537844 









0.00019155127053214902 









0.0001283968703660117 









0.00011857275567188833 









0.00015479283592107287 









0.00013387360325560835 









0.00011111312230805315 









0.00013352049029707842 









0.000217459232092842 









0.00020515041513732043 









0.00014187414018989927 









0.00017415571201603018 









0.00012367588908424797 









0.00017339062914102968 









0.00018446551777030756 









0.00016843846854143729 









0.00016342226635483455 









0.0001552536901523614 









0.00010903766361500692 









0.00020438133736305785 









0.0001323215571864959 









0.0001561749203257908 









0.00017671431713457236 









0.0001687802273757712 









0.00014280345979439325 









9.568456919904227e-05 









0.0001301481185266281 









0.0001543167484339374 









0.00019172461776553745 









0.0001280678878060191 









0.0001361152840494372 









0.00014930850701950707 









0.00018135167912353904 









0.00018968637903778355 









0.0001243635146180276 









0.00011745014255609137 









0.00016468041538592276 









0.00012734489691784804 









0.00011683588739920702 









0.0001769347392851113 









0.00013594681429628845 









0.00015056011840428946 









0.00018036263039948188 









0.00018764445457111946 









0.00013823989376837055 









0.00019165472272024113 









0.0001827875500542018 









0.00013749423205138483 









0.0001392713294746587 









0.00016056293029974238 









0.00020509272770211748 









0.00018900977158286473 









0.00021699119382441288 









0.0001359757037826554 









0.00017257723850183846 









0.0001713402858445761 









0.00014250868042768169 









0.00015162749826673597 









0.00017527194864552727 









0.00016550873250292133 









0.00014010353211578642 









0.00021722044910381036 









0.00018165651820432812 









0.00016703198372665856 









0.00014405592530385638 









0.0001824731510266942 









0.00015119913134077 









0.00015006203469046948 









0.00020865213498135187 









0.00019513096013928764 









0.00017779599102443243 









0.00017936410551028248 









0.00018958667848253266 









0.0001439490388333868 









0.00016571920011470702 









0.00012174591295390836 









0.0001541605983862289 









0.0001787133889049221 









0.0001862191344406831 









0.00011379225780398341 









0.0001393668824920365 









0.00015975194922494585 









0.00017300610530361242 









0.0001362413741256548 









0.000213524330282115 









0.00016286545147171127 









0.00015621003585565584 









0.00010198502849050818 









0.0001481376127039587 









0.00013926878995402847 









0.00017978946659503878 









0.0001422421211562149 









0.00018033565853894207 









0.00016713531474720584 









0.00016288229782340005 









0.0001416672935660154 









0.00013063043081245333 









0.0002214691283366547 









0.0002053763332454812 









0.00016361793717441453 









0.00021895341290111483 









0.0001633128288389037 









0.00012970377114021278 









0.00016063176346339003 









0.00017367833721937428 









0.00019369225316782332 









0.00017695622603450134 









0.00017487363022046536 









0.0001289596627681037 









0.0001589377775449346 









0.0001508816418049873 









0.00016376646814471942 









0.00017327650304606123 









0.0001198322319882773 









0.00016600128593032546 









0.00016927668805663315 









0.0002153634226654958 









0.00013734207936102463 









0.00017016378533203115 









0.00020481724426367907 









0.00019512173358768856 









0.00015714148477399405 









0.00016977447222334677 









0.0001703992816429201 









0.00018062129023168548 









0.0001039367738408285 









0.00017383921034172886 









0.00021146473822375978 









0.00012906316486276028 









0.00014849848797718172 









0.0001440686656311697 









0.00017268296696323017 









0.00011543353816305157 









0.00018895965312862585 









9.888229619797036e-05 









9.935981800708813e-05 









0.00013694601764172894 









0.0001550934308419815 









0.0001163695398870798 









0.00012006272697092485 









0.0001432535946102953 









0.0001951354184804809 









0.00014430037697581277 









