0.2 









0.0003966888165660196 









6.02959558856574e-05 









8.605486118065836e-05 









7.757542788428452e-05 









6.543754161216671e-05 









5.3980131747054626e-05 









6.58155515271026e-05 









6.331120862636928e-05 









6.474006310240176e-05 









5.835206328045042e-05 









7.580424615520709e-05 









6.407060065835929e-05 









0.00010067660703121019 









0.00015022152615100983 









0.00023371106236378926 









0.0002774758643808835 









0.0005188176474259786 









0.0005363260535308721 









0.000588641070638457 









0.0005637633594451779 









0.0004833792041942077 









0.0005177859031186385 









0.0005519785314419402 









0.0006995175940400463 









0.000755106147805631 









0.0006974963020302168 









0.0007933240299528362 









0.0006909012794495213 









0.0010298145681318777 









0.0011007005688924588 









0.0007570373573499796 









0.0008945245947795302 









0.0007299117806851222 









0.0007852493255821265 









0.0010412948770485715 









0.0005077839447600251 









7.799688769906458e-05 









6.835308924927518e-05 









6.804110139953698e-05 









6.0515496226799864e-05 









5.567326630683384e-05 









4.609743042293509e-05 









5.4880693230832726e-05 









6.233190086413448e-05 









6.484000104451792e-05 









8.478994669133935e-05 









6.281604085322246e-05 









8.301962939381072e-05 









6.341682405586787e-05 









4.8391089318742735e-05 









4.107688162585974e-05 









7.599809309115085e-05 









6.380594662810143e-05 









7.434689558727804e-05 









6.158617357699547e-05 









6.864765882233406e-05 









7.14963200383338e-05 









6.69713394445222e-05 









5.519353780242392e-05 









6.67243254748892e-05 









5.9368033672575685e-05 









5.8394159736751804e-05 









6.0499146611947115e-05 









4.52042064581929e-05 









6.892231378536018e-05 









6.695347888660563e-05 









4.858967454337871e-05 









5.440126299567966e-05 









7.673966785207742e-05 









5.493331724475201e-05 









5.23033146389371e-05 









4.3676896196230786e-05 









5.418639436799659e-05 









6.885235204258846e-05 









5.2156792478571243e-05 









5.281124792641188e-05 









4.643754145007293e-05 









5.613333844264374e-05 









5.7320732535136106e-05 









6.51062877927532e-05 









5.571829894557898e-05 









5.62134749746523e-05 









5.631567304180387e-05 









5.982470558545999e-05 









7.712166696608351e-05 









5.576904711576847e-05 









8.00289663916261e-05 









7.212870620965418e-05 









7.276203957808764e-05 









0.00012157530523271702 









0.00010229578743215288 









9.365133835237573e-05 









8.34521941936028e-05 









8.609585332775636e-05 









0.00013630221559139677 









0.000108640473574379 









0.00011982456660048163 









8.956977979960313e-05 









0.00010020192429533973 









0.00010515922300787597 









9.236100054618382e-05 









9.929675523411737e-05 









9.122825622296337e-05 









0.0001093067301374047 









0.00012672463636297546 









0.0001106129685664448 









7.821894513853862e-05 









4.278718662158305e-05 









4.465413172449424e-05 









6.624975655737531e-05 









4.4241745334505566e-05 









5.97063149905957e-05 









5.269253120989244e-05 









6.648430038152988e-05 









4.928227673211194e-05 









4.606972566323692e-05 









7.334225438653015e-05 









4.2350539339341484e-05 









4.660863971244247e-05 









5.580232037370647e-05 









5.5740927774892155e-05 









7.292462408691558e-05 









5.0746650707716515e-05 









6.327604170433661e-05 









6.219891918588365e-05 









4.920831143573605e-05 









6.864222497398605e-05 









6.253607889426395e-05 









4.025142387357572e-05 









5.972643023888612e-05 









5.360367777208175e-05 









6.917735725796837e-05 









6.489281559876755e-05 









5.372741387534491e-05 









5.4628922266091736e-05 









6.749454377356592e-05 









5.7854547674655544e-05 









6.413000088378322e-05 









4.901735314362745e-05 









6.400987146053765e-05 









6.523503300574617e-05 









6.853938909299448e-05 









4.483758571962126e-05 









6.287516985317513e-05 









5.6667137008580396e-05 









4.603454745043953e-05 









5.275300687332286e-05 









5.7749861725409466e-05 









5.014869182040583e-05 









7.161999973758117e-05 









5.579929693018827e-05 









7.841816471295144e-05 









7.039020800144194e-05 









6.211702636352497e-05 









7.354075654084557e-05 









5.937641461559609e-05 









4.625025014322714e-05 









5.9209787087090675e-05 









5.1792457391965335e-05 









5.271040782146491e-05 









6.438714657893462e-05 









7.099847128614715e-05 









6.220475232000912e-05 









4.761592060151648e-05 









4.7514114143083514e-05 









6.831395684434862e-05 









6.322468726924832e-05 









5.527525647977125e-05 









4.636552561259536e-05 









5.093911502574e-05 









4.653497593530518e-05 









5.6788408596884936e-05 









6.709660196885495e-05 









6.7845842876864e-05 









6.403207678298438e-05 









5.139574315503632e-05 









7.162402317566227e-05 









4.856036579516624e-05 









5.799885067539918e-05 









6.53394285270507e-05 









7.405035854559551e-05 









7.666052638621226e-05 









5.7395810925618365e-05 









6.191466581484456e-05 









7.052122891132478e-05 









6.787705825285221e-05 









7.056420989550455e-05 









5.108381578292368e-05 









6.925350855058212e-05 









8.259062508116032e-05 









6.702850652028769e-05 









6.677779313321778e-05 









6.203575008236121e-05 









7.554315229338883e-05 









5.195389441392359e-05 









5.0045566901452484e-05 









7.951598064473382e-05 









5.57306899100275e-05 









5.237063381700379e-05 









6.899516940028425e-05 









6.908819585573281e-05 









4.28368544290481e-05 









6.318199853672289e-05 









6.437379728002458e-05 









4.134187636430431e-05 









5.691084483550954e-05 









4.750848238017033e-05 









5.437253242661487e-05 









7.062845755454882e-05 









4.707744563078548e-05 









5.337976607442715e-05 









6.236133429781416e-05 









7.42489157291098e-05 









4.420583249335435e-05 









6.96395889536728e-05 









7.601876407478523e-05 









5.990122954067166e-05 









5.652013644448372e-05 









7.22053212836039e-05 









7.745280562635186e-05 









7.091777306777336e-05 









6.575174138176205e-05 









5.4194583881582064e-05 









7.106061844930781e-05 









5.160926433122404e-05 









4.51878193416463e-05 









6.20443290431513e-05 









6.730607389068943e-05 









4.3197143059648044e-05 









5.1934486477372825e-05 









5.014135967243409e-05 









5.091626739868457e-05 









4.559561292032105e-05 









6.56819758693902e-05 









4.3626364347615025e-05 









4.393092693630031e-05 









5.7660538111306586e-05 









5.147346169987439e-05 









8.10075651605244e-05 









5.7784875914958655e-05 









6.209927743467627e-05 









6.866273035323423e-05 









5.601865595564977e-05 









6.41150341857012e-05 









7.09962792381776e-05 









6.076152727089068e-05 









6.4191466671507e-05 









6.734202404174561e-05 









6.148381143869679e-05 









5.32387321738587e-05 









6.90001989612854e-05 









7.44922362742271e-05 









6.229723749149002e-05 









5.721254820760143e-05 









4.3468770210680686e-05 









5.230670199778126e-05 









5.88442890923233e-05 









4.5998055232793676e-05 









5.0958779769241475e-05 









5.017117713962191e-05 









5.951862724265424e-05 









7.198146012174865e-05 









7.572874431351141e-05 









6.856538569491683e-05 









5.033800892958605e-05 









5.3660815518702845e-05 









6.2386503959225e-05 









4.932183748418881e-05 









6.113078039907793e-05 









5.1341894246906934e-05 









6.774851794281065e-05 









6.47459755849809e-05 









6.89161687703327e-05 









6.384631866716061e-05 









5.2800102128971264e-05 









6.312511745428011e-05 









7.578395633711351e-05 









5.572339710544309e-05 









5.350182803118739e-05 









5.5770461997763e-05 









4.447650416173916e-05 









6.152148910292259e-05 









6.0064213960078936e-05 









6.658852090792677e-05 









6.884304879994262e-05 









6.958394393578693e-05 









5.884641528082624e-05 









6.980065528811862e-05 









5.903745286571231e-05 









7.453420137553052e-05 









4.451309730061738e-05 









6.842904113513431e-05 









5.746052792592343e-05 









7.166104823121814e-05 









5.642491041867658e-05 









6.716420159791201e-05 









5.250390568945193e-05 









7.132755171531811e-05 









5.905853199033445e-05 









6.167601662813309e-05 









5.330321899976219e-05 









6.332791197171951e-05 









7.478809480799669e-05 









4.8031193202392074e-05 









7.901222861131629e-05 









5.433461928296418e-05 









5.215654361701305e-05 









7.674320200555709e-05 









4.927762767358442e-05 









6.405484162959685e-05 









5.0716408682679055e-05 









5.848061590191502e-05 









6.233999365204298e-05 









5.8655239586972284e-05 









5.347790957978713e-05 









5.5618762626440394e-05 









5.164687245443567e-05 









4.869772976921716e-05 









5.457530391811264e-05 









5.0242713555856124e-05 









5.485047631026818e-05 









5.2476467955888764e-05 









5.115848508643547e-05 









4.217048667336306e-05 









5.116125174967538e-05 









4.259655271065708e-05 









5.715515775405424e-05 









5.907638309476611e-05 









5.864132621629825e-05 









4.066788555049675e-05 









6.75105837740409e-05 









4.680070089676437e-05 









5.291321659836159e-05 









4.9332843450316454e-05 









4.3212594350648916e-05 









5.8961998036979416e-05 









7.239981371872194e-05 









4.907724661520942e-05 









5.134157315965787e-05 









4.38824469914209e-05 









7.666825125424243e-05 









6.53449300260552e-05 









4.571664229296807e-05 









4.711213454300457e-05 









6.732258446418032e-05 









6.889645147454644e-05 









6.473019821009124e-05 









7.641157580168346e-05 









4.9050453415626984e-05 









5.4276585071613736e-05 









5.143871764294143e-05 









6.654545688589623e-05 









5.572646210497645e-05 









4.072817827608581e-05 









4.210486812953004e-05 









7.594855909720034e-05 









6.14481988317457e-05 









5.855727817507545e-05 









6.690313535476373e-05 









5.920908655733511e-05 









7.791600788947689e-05 









5.854169786112666e-05 









5.278811353723419e-05 









5.06910000608957e-05 









5.503939735969948e-05 









7.449921056789383e-05 









5.931976856564284e-05 









6.253417594759655e-05 









5.645988739183999e-05 









5.953442030368518e-05 









4.644065648581952e-05 









5.545521419139444e-05 









4.902336774729632e-05 









6.589271223979759e-05 









6.993611562586925e-05 









6.639473414893724e-05 









8.189847542650614e-05 









5.399626404867128e-05 









7.114553914079285e-05 









4.3428842988531985e-05 









4.57224838927838e-05 









4.8172368326611804e-05 









7.506489905816011e-05 









5.8881118688671976e-05 









5.793842465522352e-05 









4.490019665687519e-05 









6.32446193334957e-05 









4.784225749733577e-05 









5.6481434487252766e-05 









5.161644666888155e-05 









6.562996801043554e-05 









6.377105132344399e-05 









3.8070704936691356e-05 









6.951881645473004e-05 









3.862506456550235e-05 









6.177624842071426e-05 









5.19280882653153e-05 









5.3309658323044665e-05 









5.119905919313257e-05 









6.0756314701680045e-05 









7.288096481196747e-05 









6.00170225281082e-05 









6.913481821696896e-05 









5.465159688074865e-05 









6.033921876700254e-05 









5.175249585966632e-05 









4.678432100130297e-05 









5.699651800994281e-05 









7.365929253418247e-05 









4.540511669485124e-05 









5.563299075451991e-05 









5.668108896987152e-05 









6.327487142636444e-05 









5.945436432885421e-05 









7.688455039428246e-05 









7.374695466890984e-05 









7.786663549399033e-05 









7.651685066739858e-05 









4.2385925471703174e-05 









6.719793198202526e-05 









5.945652573485587e-05 









6.416628919774172e-05 









5.5002710523715526e-05 









6.312761829238786e-05 









5.90791073338421e-05 









5.330571131274899e-05 









7.846440083364927e-05 









5.965789181582277e-05 









6.341514602954692e-05 









5.259397128997876e-05 









7.450071325598246e-05 









6.63851327140382e-05 









4.6499554441645213e-05 









5.6041664265046764e-05 









6.450415275005667e-05 









5.127997949286526e-05 









6.552032745439483e-05 









5.3090703683222235e-05 









7.690498289008737e-05 









5.447497453702542e-05 









3.931647576212218e-05 









4.263733903056167e-05 









5.9456726368829405e-05 









6.67608854075028e-05 









6.920301790094049e-05 









6.983622936555223e-05 









6.589805978421488e-05 









6.654845289706387e-05 









7.313470817157475e-05 









6.879136805731013e-05 









6.895583305604729e-05 









6.940759534070052e-05 









5.9541032025556765e-05 









6.518654221720296e-05 









4.527060737007205e-05 









7.483039129477387e-05 









5.624938776170061e-05 









4.782862325603583e-05 









7.208246872712026e-05 









4.8406776866427264e-05 









8.18315366941974e-05 









6.753303976811666e-05 









8.417132992575468e-05 









6.535801588176457e-05 









7.030058816139158e-05 









0.00011933373927250324 









0.00012536016686833694 









0.00023094400757891597 









0.00027447838387166095 









0.0005951256906039676 









0.00044408999097655195 









0.0006765961676620202 









0.0005018684980365707 









0.0007146988448206149 









0.0007786012877620285 









0.0006674435384732918 









0.0009405104480102692 









0.0005321246599524527 









0.0007230579133102695 









0.0008013356940716059 









0.000699910153867738 









0.0009981797702802854 









0.0008430061590434469 









0.0008399365543095112 









0.0008517175712194939 









0.00040591453415485105 









8.816476100728372e-05 









6.108898663391176e-05 









7.281108359071458e-05 









5.558993578584279e-05 









6.307811010646918e-05 









5.574001689551627e-05 









7.46577426725895e-05 









5.010196378982696e-05 









4.8496657031744743e-05 









5.026827344912734e-05 









6.804601321552223e-05 









5.848760505074957e-05 









5.492701976842168e-05 









6.670794697937851e-05 









7.933852247834255e-05 









5.7874646631255237e-05 









6.11444097764751e-05 









7.102545242517287e-05 









4.8142333421505474e-05 









5.072563095280908e-05 









5.124820946866447e-05 









6.418662880902743e-05 









6.301922467148048e-05 









5.883621003952627e-05 









5.110454866911759e-05 









5.400604431843876e-05 









6.334111420895795e-05 









5.182099470651067e-05 









6.110634714061539e-05 









5.69373559235986e-05 









7.323024157534691e-05 









5.105878877974733e-05 









6.696000262234575e-05 









6.763348749889095e-05 









7.070958794654626e-05 









5.0332987124247094e-05 









7.350822847528271e-05 









7.116151933014435e-05 









6.149596466516733e-05 









5.9273400323632974e-05 









6.026522647882146e-05 









5.752241819568064e-05 









7.34998230607403e-05 









5.0345424251819446e-05 









4.980993279765556e-05 









6.470388537848805e-05 









7.242961605307449e-05 









5.8175500262545545e-05 









4.6297262350961194e-05 









5.9718576412445674e-05 









8.68201721456862e-05 









6.773169506823157e-05 









9.826288341438474e-05 









8.005735737888341e-05 









0.00011072096775168075 









0.00010162765192658592 









7.618354154593787e-05 









7.585358627888925e-05 









7.17831679944473e-05 









7.622716104929383e-05 









8.959909509344338e-05 









9.026209371609743e-05 









8.019813286083713e-05 









5.6726303842193876e-05 









0.0001103968280934429 









8.604029256961506e-05 









0.00012951980252274073 









0.00010349738382177477 









0.00012858031590290468 









0.00010524442353368939 









9.271718897020624e-05 









7.189900175019989e-05 









6.462321186027152e-05 









6.480840303378646e-05 









6.861623721788029e-05 









5.54477690658175e-05 









6.118361389445744e-05 









6.170732708779328e-05 









5.4115071289235846e-05 









5.522889113754037e-05 









4.888633496001341e-05 









5.698027025909495e-05 









6.84051132017766e-05 









6.0124522156287076e-05 









5.816365969146345e-05 









6.636777173821443e-05 









4.988779646492726e-05 









5.652108219962308e-05 









7.297789571502237e-05 









6.472277886650717e-05 









5.301376836250169e-05 









4.9049605836317946e-05 









4.644877170016551e-05 









7.381084762353279e-05 









4.634526631082263e-05 









7.128185345292687e-05 









8.127993723203407e-05 









6.014717523830974e-05 









5.412173842181388e-05 









5.040951796740851e-05 









5.973287892148395e-05 









7.348499938189949e-05 









5.082951483493263e-05 









5.1075265453107684e-05 









5.1316921171740715e-05 









4.481685974348695e-05 









4.514706494491248e-05 









6.907693541955314e-05 









4.9300029705034404e-05 









5.658402428728197e-05 









5.883098611610328e-05 









5.7528322355980114e-05 









5.809258793969957e-05 









6.817780312048493e-05 









5.511670056818439e-05 









5.66870692064424e-05 









6.57063367057037e-05 









4.614536229756429e-05 









6.0343641035579614e-05 









6.120529608886519e-05 









5.105763591822408e-05 









4.933304122084017e-05 









6.128615275491105e-05 









5.959856367335157e-05 









6.273685497300586e-05 









6.704328490860398e-05 









6.0346760429516225e-05 









4.6920510144417505e-05 









6.691188449565094e-05 









7.309836454284004e-05 









5.256456722595213e-05 









5.59717404730308e-05 









6.781029173909023e-05 









7.489381231979859e-05 









5.53159530931409e-05 









6.692118292238159e-05 









5.155904495599462e-05 









5.231725060653214e-05 









4.830889920049821e-05 









5.358712007377544e-05 









5.1864987706551466e-05 









5.95845168624373e-05 









7.358216555061406e-05 









6.488177313727247e-05 









5.574309825512017e-05 









5.9662292291931394e-05 









7.751326367411195e-05 









5.839207714606451e-05 









6.393197031828714e-05 









6.050629005995998e-05 









5.972871677881185e-05 









5.4980259288959836e-05 









7.091692599902713e-05 









5.60225938866489e-05 









5.791156015712887e-05 









4.06890275790437e-05 









4.5425933788548214e-05 









7.728205900077103e-05 









7.372571325429737e-05 









7.516554918407346e-05 









6.845898573034948e-05 









4.7166613808085524e-05 









6.0368868119597654e-05 









7.625780104075582e-05 









5.304310558468343e-05 









4.632179285462598e-05 









4.879948512480901e-05 









4.0998995274353014e-05 









7.252095610099283e-05 









6.142744340560612e-05 









4.475366280806487e-05 









4.840392993356052e-05 









7.132180666797126e-05 









7.578679023014095e-05 









6.20838871503509e-05 









7.166493455475126e-05 









7.10486165812819e-05 









6.314687282145667e-05 









6.550242647962893e-05 









5.0834719490844393e-05 









6.279961864938147e-05 









5.287129492408468e-05 









6.0805535083621154e-05 









6.382577203063904e-05 









5.4189810050114143e-05 









7.653797104618021e-05 









6.4683528642416e-05 









6.12772950201634e-05 









7.393555033887873e-05 









5.7981498706047676e-05 









4.974201604064815e-05 









6.05702524868838e-05 









5.823723220737682e-05 









4.713661930448621e-05 









5.2270747710519625e-05 









8.109337993275135e-05 









5.113826386157373e-05 









5.261862877460418e-05 









6.12144885335683e-05 









4.4266944917557325e-05 









6.461865595569013e-05 









6.357425897427849e-05 









5.248307470655728e-05 









6.23384566509484e-05 









4.418937084136991e-05 









5.453586967498256e-05 









7.64894114244395e-05 









7.96594435122651e-05 









7.479023933074151e-05 









7.02318293108275e-05 









5.975358917293708e-05 









7.251611803820232e-05 









5.9054124276322395e-05 









7.192917428567988e-05 









5.44258191045896e-05 









5.504727617601762e-05 









5.907221868995263e-05 









5.518823435856648e-05 









4.918384647982992e-05 









6.665923192230185e-05 









8.324464505651651e-05 









5.626134430233792e-05 









5.2970677564299416e-05 









6.317511989869653e-05 









4.374529788888311e-05 









6.39296080390069e-05 









6.544184919623854e-05 









6.119151725598227e-05 









5.653206263861384e-05 









5.785385827905837e-05 









4.679821609764997e-05 









5.522640805816671e-05 









6.050790572337432e-05 









