0.2 









0.14043604249355074 









0.17396203579220906 









0.15296560679167273 









0.1588854988749602 









0.17015605643720694 









0.17776667121230344 









0.17808262886194776 









0.1869429074154343 









0.169961539833191 









0.164533201359272 









0.18682226450297257 









0.19983915392361784 









0.2401414293383375 









0.2443825236039625 









0.28116233207992325 









0.33296868890847686 









0.37016022375269575 









0.45237360315748093 









0.5523606643126341 









0.6144682932227505 









0.6327709175079608 









0.6299520451298461 









0.5885184168739144 









0.5513063293488132 









0.6216642992313484 









0.6092544134083473 









0.6728772821979592 









0.7145381045096988 









0.6449132367924344 









0.6072491336496484 









0.6263717235737054 









0.6495779931491612 









0.7068562028122618 









0.6220982843788493 









0.618814428972335 









0.5319460405295375 









0.4376007990301335 









0.3758819947624197 









0.28692839962216155 









0.2651180859183082 









0.2511754239939267 









0.29013935583598954 









0.25604529752811866 









0.26647940835266337 









0.2607585155420541 









0.28470032290645964 









0.26072830703652516 









0.2523239855339987 









0.2387874803900017 









0.2759818600114454 









0.2540818348872198 









0.2512057706256975 









0.30768145200524144 









0.26655469444461716 









0.2558228287161156 









0.2653060505135193 









0.2707917409470141 









0.27814623570234664 









0.2804275436817605 









0.27612960308473855 









0.2725428160984466 









0.25717446867819366 









0.2609181984502069 









0.24636252673617393 









0.24867104175455002 









0.23723371797616008 









0.2465073541764705 









0.24000664781721928 









0.2490357493281236 









0.2690688812083256 









0.23557893763124532 









0.2543035828314491 









0.24194295176539196 









0.26531398112855964 









0.2585124809880138 









0.24420834803362967 









0.2380882120385656 









0.2456940779442205 









0.2585657105570699 









0.26741652566874696 









0.24125255078535285 









0.24654341391190793 









0.2443668039769246 









0.2939573250813917 









0.38751831923815294 









0.5018307063421388 









0.5190565413228472 









0.43201264334529765 









0.6077976413906339 









0.6733309194664794 









0.6479171187889823 









0.5578274005031298 









0.5643690548849201 









0.567242255448853 









0.697078256328465 









0.6564802779540171 









0.6094197059355513 









0.6440034184476986 









0.7279216912025223 









0.7021322648345759 









0.6803815033668197 









0.6758234624600445 









0.6244933540813296 









0.6341078189717757 









0.67150279889016 









0.6130431110336816 









0.6430543139492844 









0.6162041648303829 









0.5094273991048255 









0.42879104032147575 









0.16161861246795278 









0.16117978786285558 









0.14692110943408626 









0.1811060564458592 









0.1686828151909084 









0.17717979195344707 









0.17443724104948694 









0.1908837545653265 









0.16727549446327455 









0.16464774750977568 









0.1938361396380088 









0.18054832798597867 









0.17719402647323296 









0.19270462891756407 









0.18662808145522844 









0.163036474461146 









0.18103254766184212 









0.18533565936098828 









0.15755410443704324 









0.1768543164062252 









0.17139287884930773 









0.16362378482529488 









0.17543397061716698 









0.1777855934145992 









0.16935503513698674 









0.15641218777893667 









0.15671816554767665 









0.1755017863299565 









0.15951019341903266 









0.1731771891737141 









0.17658427284471448 









0.1662850203298885 









0.16508288770084595 









0.17399149502139177 









0.1694438438339657 









0.1606751325581009 









0.17068552889277622 









0.1812837447464477 









0.16986738034767696 









0.17480560845076407 









0.1542886126308916 









0.16806915553676963 









0.1668259332887302 









0.17274821334385249 









0.16993422668451919 









0.1595396927333585 









0.1662600802655943 









0.16086134412867142 









0.1689064808547291 









0.15801567203842798 









0.16362438316185623 









0.20676821836075465 









0.25950987613461013 









0.2562764634462885 









0.3350032681506654 









0.40764139576372505 









0.565134957759468 









0.5976272907270378 









0.5803077675297628 









0.6522923071043359 









0.7145749566953185 









0.6871625545036188 









0.6773311181391474 









0.6003992389934109 









0.614060656462174 









0.6058793030067129 









0.5356945047864246 









0.5668508133648669 









0.6715731118456445 









0.5697780650192558 









0.5258726127415276 









0.6232687734555726 









0.6757501695339387 









0.7314342725048207 









0.7133694459066076 









0.5983002783338853 









0.4812567088192541 









0.4575789928366911 









0.4008547254006181 









0.40334918153838756 









0.4046140317227257 









0.3746493671140324 









0.35983096182942126 









0.340649717722887 









0.35332296967143473 









0.37422769780579673 









0.34555454504599914 









0.3497978153527641 









0.34593653778981903 









0.39157684244963675 









0.35757327020686136 









0.37487633690666144 









0.3307732349533534 









0.307040032929348 









0.30817783257485865 









0.3263628858739207 









0.318169424708321 









0.3424864085783713 









0.29829988007738173 









0.33545456259810413 









0.30284806220003746 









0.31312893393024066 









0.32038679610454224 









0.3330080776466173 









0.3095958057749119 









0.31741738303269207 









0.29653921231984515 









0.2991679832732284 









0.33652178885142825 









0.3370020888518981 









0.315870090812192 









0.3153508625412511 









0.31958027523747856 









0.311755598960903 









0.31024948150516607 









0.3367432260603823 









0.35278447075084457 









0.300913199186236 









0.27561788647822233 









0.28697100259960207 









0.2805773936496466 









0.31607835609012613 









0.37375958445324875 









0.5077671705111853 









0.6092143632032945 









0.5863855193493135 









0.5624702898182756 









0.5110330515444559 









0.5236424572324936 









0.5798567619502433 









0.6030561289042391 









0.6475894581756513 









0.6194714421418901 









0.613393660410188 









0.6306323016271367 









0.7238465440759835 









0.758075055523011 









0.7168872032624278 









0.7342090901289677 









0.7236287469576076 









0.7653449491482653 









0.6971528515064684 









0.6935975999221813 









0.6751801471113166 









0.6907905799756473 









0.7081729969908948 









0.6569318097719461 









0.6106529996046645 









0.5564891758078874 









0.5246757444545829 









0.16862412423624662 









0.15947757268931967 









0.15411111040523184 









0.17791859497188872 









0.1731688262141579 









0.17385962045962292 









0.15925639006602144 









0.16671814494349657 









0.1621850151270977 









0.17326427491840363 









0.1819530076179146 









0.151290019663533 









0.16216885165489023 









0.1745736042752685 









0.16668249357634402 









0.16169326841856513 









0.18380478893205066 









0.16921740347733757 









0.16471576286295558 









0.15987976226069534 









0.1632910507225887 









0.15969611094626987 









0.15701242663852433 









0.17381772181617372 









0.18477429962853859 









0.16845014796170332 









0.16716066400739227 









0.17715688571104016 









0.17043285689273913 









0.16680460997942087 









0.17147622316844768 









0.18096462182391893 









0.16261595684100932 









0.1722477129294641 









0.16470038472883933 









0.1785469940349953 









0.17107961480022352 









0.18931027681645557 









0.16104018786197394 









0.16415756490374314 









0.16228813968868255 









0.1746213436002378 









0.19620321090777365 









0.17495307825983625 









0.17392218507404808 









0.1579686446256634 









0.18522322690546758 









0.16421671706113622 









0.18604692768009123 









0.18503136118448857 









0.18137873650727646 









0.2281736726348643 









0.27230012188224817 









0.2689093693142908 









0.3752651229648584 









0.5944719636911109 









0.6032218626584093 









0.5498519558337069 









0.4891146659649045 









0.5366354432631537 









0.5596451178084475 









0.5579703448774058 









0.596681051710723 









0.5392154976794301 









0.5774172113065148 









0.5736366183849996 









0.6558422721163853 









0.6967458621647795 









0.672279079114802 









0.5367882056602153 









0.5857165097373978 









0.6464890590429702 









0.6751771013894279 









0.6690336605445044 









0.6578962915805453 









0.581380574273727 









0.4890493930991107 









0.4390182525259994 









0.4032575471815505 









0.37395283725873335 









0.3638856027321351 









0.3569921623723752 









0.32805046796433224 









0.30505116540251065 









0.2858883786552525 









0.2710580368107499 









0.279215859152953 









0.26778510372708125 









0.3040589241704188 









0.28550966863710453 









0.31204445292470684 









0.29214682056638736 









0.2815110407299602 









0.2788309210419987 









0.31501206004218973 









0.26367666837872605 









0.2850677094674233 









0.29305676468008157 









0.3208777906737672 









0.3015264420514072 









0.2847604274969569 









0.30718339443089016 









0.3141628391957739 









0.3004501460223432 









0.2957571908908282 









0.3017872920972072 









0.2959477988880541 









0.27981554578372203 









0.30872926391848693 









0.2945767341193919 









0.3001854194013772 









0.30234471706107535 









0.2648112889263504 









0.31898424876872955 









0.29423811962606844 









0.30228325278095364 









0.29944771291819894 









0.28956994289041194 









0.3103960701613274 









0.3048974731376495 









0.2963787497370196 









0.30852658754755236 









0.29646313437471045 









0.4431493594363513 









0.5122227278463519 









0.5527754971062593 









0.4666783481451776 









0.5024018851122632 









0.6857915104970129 









0.6443583482439479 









0.6654511337158789 









0.7024598721358126 









0.735867949437913 









0.7719704286904178 









0.7667398877167102 









0.7491680976104782 









0.7368478742926388 









0.76323786034922 









0.7538143748926016 









0.7263024219155059 









0.7261986365001086 









0.6867713160428497 









0.7267807311389538 









0.7126092932712105 









0.7478903528392227 









0.7491195771860384 









0.7285482824299916 









0.6439723679218328 









0.6131333631399831 









0.5586551391698227 









0.16467878557848123 









0.16473140778211023 









0.16381002034287753 









0.17331520099035885 









0.1814944352456051 









0.17034517741819977 









0.16993475152721288 









0.1767525033869447 









0.17851945286071463 









0.1760195085771727 









0.17334601102080988 









0.16590091164630943 









0.16447884654097744 









0.1720067000399738 









0.1720094362460159 









0.19003381964009386 









0.15843930555513663 









0.1660857996329691 









0.17096350786011313 









0.1854505220785079 









0.16001245611185053 









0.18129318840517356 









0.17712706094728495 









0.16388088538056167 









0.1590617477244025 









0.17132550660610446 









0.1621868302175921 









0.15593537061694207 









0.15926233547596347 









0.17463568256536938 









0.16866255690571824 









0.1731578738594471 









0.170518297120685 









0.18026379320293517 









0.16525775013121652 









0.17421789334224191 









0.16492829448186136 









0.1704148702445911 









0.17044899410879794 









0.1930699847959896 









0.17131263510495343 









0.15886938912003143 









0.1676809973956943 









0.18106298123127948 









0.1782194123719646 









0.17337797256587156 









0.18002320915476666 









0.17304750275477476 









0.17650124108414417 









0.16273693503126258 









0.1890072324691954 









0.22769806263671954 









0.3204205446210634 









0.3184168210489099 









0.32704594554914984 









0.42752154422844446 









0.5085198382240634 









0.4846043211125071 









0.4768122098970343 









0.5178867917706568 









0.5573533801592538 









0.5750102996452867 









0.5933837141413187 









0.6382838499043524 









0.6144783907623783 









0.6935018678377002 









0.7725126322258153 









0.6845211984984788 









0.6300245135009102 









0.5966116778193178 









0.5746502489146155 









0.5133099719427989 









0.5409186215234473 









0.5552162140776651 









0.5172748165201326 









0.49355323085480995 









0.4471523860403312 









0.46170106339504735 









0.42109006360562695 









0.3439750409099369 









0.32374481803735067 









0.3151804550149865 









0.30467966948623143 









0.27315333843736783 









0.2972585703310181 









0.28495902605755485 









0.26152261316250885 









0.2832019116959634 









0.2667892524469483 









0.24909518298975158 









0.2705240872843818 









0.282816155568648 









0.26501316225464555 









0.262091182813009 









0.24463051310425876 









0.2359929770270272 









0.2393606380467464 









0.2432624838904351 









0.2544656026301812 









0.22674214062839776 









0.24109325240628593 









0.26270888253118807 









0.2675085987827487 









0.2924372790629024 









0.25683692877609865 









0.2525768048593635 









0.2734025680408849 









0.24357124402956523 









0.23675760007028923 









0.24640219130358998 









0.2622126367848094 









0.23654759822447247 









0.26395270687353994 









0.24461463192822433 









0.22474762902469014 









0.23274191019063672 









0.2279761459614661 









0.2388994807772042 









0.24646128617978802 









0.23136016140569532 









0.25802002535024215 









0.2686967858873931 









0.246381832614666 









0.3378395693557519 









0.4760932297263437 









0.5151237807442253 









0.5071090534668028 









0.6011985359259773 









0.6084787674817544 









0.6199988678491065 









0.5779568432418432 









0.5128693692759076 









0.5454645718796474 









0.6690679374050825 









0.7548173873173039 









0.7917860910621566 









0.8099538519982598 









0.79617717140779 









0.8165629073968721 









0.8048155222386812 









0.786039163537613 









0.768799587742053 









0.7294754828586523 









0.7455598908045495 









0.6629297718176422 









0.731516569193249 









0.7496519067691212 









0.7230990026848145 









0.6991606785231033 









0.6652303915956606 









0.1846781753050485 









0.14350336762982197 









0.15430989056954034 









0.1802330389445666 









0.16756311379934824 









0.1707641279854642 









0.1829996621634638 









0.17452417538033085 









0.1652635430892227 









0.18299761666885123 









0.16554981313333814 









0.16247595861463454 









0.155996894809818 









0.17631624867813225 









0.1847030225024556 









0.17765907750088622 









0.16464913189395056 









0.18167928910992864 









0.170083271893222 









0.16262830135141593 









0.1607549129682349 









0.1767075352128578 









0.1658554587686323 









0.14800759788446666 









0.17642893132255338 









0.17059993793717776 









0.17746499390565995 









0.17864269168802788 









0.17980993648079613 









0.17813262104070116 









0.15896002912122417 









0.1543052199373167 









0.1703239613417431 









0.15270443869480074 









0.18117412696214202 









0.18135159875298346 









0.17489990921256632 









0.16534211306350027 









0.1807570830709336 









0.17704827912219132 









0.16904735589385517 









0.17518387112274875 









0.1617273979196468 









0.17447026575642016 









0.17876384166072956 









0.17755450210104973 









0.17075171654682203 









0.16807237770967967 









0.17061522820771358 









0.1627760065187023 









0.18123798616072553 









0.19774745851261566 









0.25733639319289375 









0.24437417303453496 









0.255822838008077 









0.25319127297370575 









0.32215315516857607 









0.3675017869218767 









0.37788871140745883 









0.4059744429017595 









0.36528203001314075 









0.39825188440044434 









0.4039943578066647 









0.3801422605493081 









0.30556446257073977 









0.3571584592697776 









0.40038606660757947 









0.38906589527862095 









0.3278285505518921 









0.2564939076135617 









0.2604433174959538 









0.31087898182520046 









0.3638782514854039 









0.3525783968987585 









0.3156267714695457 









0.24403936813763966 









0.2553820367469931 









0.2982669522951894 









0.2914213512127334 









0.27109591501546937 









0.29285733986898543 









0.22508731051145087 









0.23726968516170432 









0.2221309668164716 









0.23849799179865158 









0.23884663179909082 









0.23261314341746092 









0.23420312209545735 









0.2598402793563135 









0.22497650269802122 









0.23289970171489344 









0.2501586414970507 









0.24959580024574327 









0.24983624807314778 









0.23215924900807045 









0.2556446485757512 









0.22526372275835466 









0.21322752025954825 









0.24117703358688794 









0.2583033624228298 









0.22285570077141054 









0.2198607388676238 









0.23544358741722107 









0.2591441920697175 









0.2193163764704021 









0.21915838011107874 









0.23353631417459375 









0.22986024491335502 









0.2500631732316444 









0.24518511730618953 









0.2305526471042148 









0.24857782787539895 









0.22760280914863917 









0.25604294483015044 









0.25511836656475495 









0.24308384132702324 









0.23671954356268873 









0.22725833813052718 









0.2352464582158672 









0.22872160160017557 









0.24673294893191816 









0.2286787335235131 









0.23867296332032234 









0.29107326441127096 









0.41072823988918405 









0.4624766705034391 









0.4563976830645524 









0.42108504892287074 









0.41363049449611583 









0.3655887685695227 









0.3660740114312473 









0.3913879393634364 









0.4223929411048539 









0.4520516038892241 









0.45971262281001113 









0.3805652982113634 









0.3466594009404528 









0.3530762479617003 









0.37383458459351204 









0.37765129528327224 









0.35793474748696996 









0.2580874895300186 









0.2777802329236028 









0.29609050661332126 









0.3094765038600657 









0.33495786226386254 









0.31342281488289786 









0.23374803600077906 









0.2831543873940804 









0.30828486532528526 









0.13022789609103824 









0.1444645064052754 









0.16965469099727049 









0.1722363700079253 









0.17487521908799186 









0.17783543832154586 









0.15937139583485666 









0.16637477578080556 









0.16799217718288434 









