0.09 









4.283647404821464 









4.4154889725481565 









4.432485602827752 









4.725292975393322 









4.906094801664566 









4.864305985050793 









4.87096127094579 









4.830489500210736 









4.875546272761917 









4.778772988428393 









4.898218536663138 









5.159023681288331 









5.553763114064891 









5.788062569211361 









6.14157744012694 









6.5745242269565916 









6.949189958602455 









7.423131460199713 









8.181705667984119 









8.729438629588671 









8.896788647461122 









8.974105788945122 









8.6827179885848 









8.59763354408754 









8.87319520560563 









8.785285573296404 









9.36179317847074 









9.82337969228532 









9.592548307764082 









8.791974680872055 









9.080051449280969 









9.057970795577399 









9.587562175622704 









9.085062607905156 









8.823061999854469 









8.452696807686552 









7.690601634620308 









6.99025816817407 









6.293972548602288 









6.133126922033576 









5.938728061753551 









5.9031632989924665 









5.90744657559418 









6.001497511390785 









5.941956764449942 









6.101865303517967 









6.035039293109029 









5.978470203493942 









5.752237152681594 









5.949525042034489 









6.0169586249428955 









5.903016493735243 









6.175272978252941 









6.171670692287191 









5.975494898918497 









5.9850050300608855 









5.986802658009498 









6.017738765805628 









5.997946338971012 









5.913791438465479 









5.95737450411051 









5.919812476058617 









5.949329404480714 









5.875538473284008 









5.739954718100235 









5.72915503041718 









5.702409522997005 









5.695297903721522 









5.689817337304221 









5.670044577799459 









5.7764028016389295 









5.649761704114669 









5.793411429433633 









5.757594502224341 









5.800284438286326 









5.755905072859826 









5.759876554012758 









5.779561256609367 









5.836410055462461 









5.917958255638415 









5.767577445915146 









5.804572208702258 









5.733961550649992 









6.206853001515107 









6.966609091155635 









7.805142202324251 









8.284170285538828 









7.611526940175611 









8.358574036423065 









9.295053487145724 









9.440500223635985 









8.751946588541216 









8.511584323421959 









8.508930038123522 









9.411736280782295 









9.551879883319005 









9.12260213520428 









9.1440577289152 









9.738278422818489 









9.761822676623057 









9.705379726795192 









9.457029364253227 









9.116265723809398 









9.049578813243304 









9.362692787948646 









9.008772692083861 









9.290870955698768 









9.041688685833668 









8.475545178696118 









7.1542960659988415 









4.374879621815049 









4.041098112975688 









4.354085007384143 









4.797661164961347 









4.832719177556548 









4.945967669380248 









4.918844802725855 









4.960403496528283 









4.9129806539621175 









4.832326448172778 









4.938091991449013 









4.865793683744514 









4.905805568239742 









5.053917026419982 









4.9878231560813875 









4.889610117860576 









4.832561588362505 









4.980751387062721 









4.832551158764459 









4.906570385414838 









4.8187675498199605 









4.8890545901303275 









4.783482685750299 









4.890967225073678 









4.858906864876743 









4.766318973716829 









4.729654924728754 









4.810621953516636 









4.8225710114866835 









4.843601287272051 









4.806156631311149 









4.903830909758068 









4.771293944504943 









4.862316190630803 









4.856504792566519 









4.788312964558392 









4.845144535344764 









4.9293294731981305 









4.86478602102207 









4.880738455843123 









4.79842754982426 









4.792247852287841 









4.752486322992853 









4.8176647668550325 









4.930014879085106 









4.784793722871737 









4.912808214977009 









4.860182782357558 









4.8498415874913645 









4.897578184966704 









4.786800816451671 









5.201122054132901 









5.845952656212944 









5.9295378207109275 









6.396268639348838 









7.03827345688683 









8.260108161197472 









8.74994646687694 









8.543752447902294 









8.88448391843247 









9.61304193406408 









9.744684114327764 









9.431032178487344 









9.052970966882116 









8.926038174520906 









9.057121211963965 









8.427486276147746 









8.592699536113457 









9.220285820013006 









8.929217138445235 









8.146624536802449 









8.835205221059539 









9.16679581724748 









9.911940798680435 









9.96647303295291 









9.12282020942752 









7.938072876386824 









7.681606182183866 









7.2201575545927446 









6.952956122424323 









6.999771269751861 









6.934216346188678 









6.8387928690948145 









6.7482742963522995 









6.869351259415218 









6.862250218683374 









6.839411334754281 









6.7625903413029125 









6.7773365289732475 









6.991199673507664 









6.8953966285256305 









6.8882625430111215 









6.837993784623501 









6.566856675448503 









6.374880709615728 









6.392967430103542 









6.3565656405184034 









6.519633273673424 









6.395700129412866 









6.57193303975002 









6.42012088927006 









6.448105829499958 









6.452194128868614 









6.658023833374111 









6.471824889460029 









6.529755673031447 









6.425540902161271 









6.5090660713536925 









6.439524029380597 









6.556426750147215 









6.491013645951267 









6.543256559824907 









6.597528982168434 









6.4618450890459265 









6.474732579362251 









6.515867348955757 









6.664872849816407 









6.447017883414656 









6.3454338696098045 









6.315838394315187 









6.136231871480508 









6.449510524928356 









6.784632005453578 









7.8692938615030705 









8.621267938432686 









8.559528038481172 









8.586942846383195 









8.176187573544276 









8.100580308848674 









8.579340941309665 









8.546926993021454 









9.045909495314906 









8.930693735663215 









9.03602259684867 









9.05288901353477 









9.620074552553689 









10.223686857665014 









9.937977025281015 









10.02381657688319 









10.00333081078193 









10.160816491580075 









9.893913121620656 









9.68889573679468 









9.622346464975054 









9.669423541566575 









9.689092514402788 









9.417943804633216 









8.989986418123674 









8.593199542134322 









7.921745191162465 









4.450251689304627 









4.069927292901928 









4.42778266569225 









4.754618028959 









4.824279878914754 









4.913535628800126 









4.800727887679494 









4.826341313635909 









4.774319432297554 









4.836016207314467 









4.878992323983785 









4.760686103257149 









4.85351347718831 









4.8883870333249195 









4.820804623231828 









4.689559182634903 









4.863850629149733 









4.922594692482519 









4.953873077565812 









4.827251103779888 









4.823896425302784 









4.7643777586543665 









4.8230870711417415 









4.840592386859247 









4.905599214184246 









4.869767743849653 









4.798718333694193 









4.9287809499817055 









4.924137156622812 









4.786123881915287 









4.882131827252315 









4.8193655735525995 









4.829151492884671 









4.822668209160179 









4.788419621817506 









4.868360635521931 









4.802898412078232 









4.9784370604217365 









4.85782418543358 









4.826353931863729 









4.834947916522649 









4.796941909493689 









4.9349081478665235 









4.977322212327213 









4.872735229985807 









4.76799891394401 









4.817942446205166 









4.754481938913835 









4.879219862749909 









4.852907424645915 









4.966540952107004 









5.290423015896594 









6.108482491933689 









6.034856347375434 









6.697337317693739 









8.168498284620371 









9.086215914961594 









8.706116344464576 









8.064737416978353 









8.222982560965825 









8.402629665502372 









8.569748376084137 









8.71947522282278 









8.41071597756554 









8.603813349365742 









8.5992365323941 









9.245395480437779 









9.540328064542052 









9.590060909671571 









8.720571365051354 









8.520183557084286 









9.09595637494639 









9.42214853043135 









9.315178081138406 









9.634566991528658 









8.9143682497712 









8.169086556530717 









7.615644640083906 









7.271228289725107 









6.946191058470865 









6.9631365598653625 









6.829852933100755 









6.842970029159468 









6.353036910613391 









6.189145990795165 









6.111212961770165 









6.267217806832673 









6.150033549998229 









6.2391928087133 









6.328346003071641 









6.2905499313650495 









6.308686852646337 









6.216978974679592 









6.156832926844371 









6.301377483605567 









6.070478683319425 









6.182063738679946 









6.297207459750106 









6.405024763898682 









6.304943266694925 









6.195222220376485 









6.319593683679001 









6.404522343112153 









6.331345295556599 









6.192421397555643 









6.204823900048191 









6.469970282767286 









6.221409141880504 









6.281085711342184 









6.334400689860071 









6.240676317527354 









6.310154910648232 









6.234105724795734 









6.342837557866588 









6.393978733789816 









6.30330435449708 









6.186560280144958 









6.170877626728473 









6.336733811878892 









6.173268819477636 









6.353845260576057 









6.344886286447375 









6.383368425285772 









7.0972313192715335 









8.064879595435794 









8.161215224558488 









7.964881781962541 









7.979261540325517 









9.233980231255911 









9.442376115835204 









9.442417680112568 









9.650347939236857 









10.065017169182484 









10.293514539396103 









10.368812530727757 









10.269287500405815 









9.989253112912179 









10.210642259481194 









10.39280075219568 









10.093213682948063 









9.97161042680249 









9.70418609685438 









9.825719198530958 









9.918549160540387 









10.133784562200383 









10.214560095350386 









10.019457402928175 









9.352544124457197 









9.039130032055525 









7.994170662489599 









4.5381115477002405 









4.055330840692304 









4.398429475642683 









4.87009570394758 









4.856718850882021 









4.745205313141394 









4.867428451585159 









4.889210563182263 









4.922949346277674 









4.8000448816646575 









4.91153417493686 









4.868896067314613 









4.8937747812073855 









4.939176444566564 









4.831288074939547 









4.9390696013985895 









4.756600928915568 









4.74677063930841 









4.830351597882266 









4.85292423959368 









4.836755397715954 









4.8560248291013535 









4.770305025516459 









4.886114261745937 









4.823819076344532 









4.808406889436925 









4.74464259204541 









4.7045541842479555 









4.844501771892898 









4.873339292712349 









4.853945199734213 









4.837243017478358 









4.810212543717218 









4.863130521245208 









4.806342638319245 









4.838676974261937 









4.866988061088048 









4.763524534075473 









4.733899783108161 









4.926529059200367 









4.86748880169979 









4.793316461422083 









4.810705340450152 









4.791772668489987 









4.998126929944178 









4.949711297549634 









4.910573744944962 









4.790047398855966 









4.862480209753011 









4.763487976826784 









4.826475895609711 









5.428991779457536 









6.17028262415168 









6.441146351271619 









6.464256657029721 









7.063109178446314 









7.979741648913817 









7.901321990214164 









7.845507947481773 









8.014776911798174 









8.34647999215507 









8.55726737948266 









8.71499383050086 









8.961168461693553 









8.89026573330451 









9.438621966462112 









10.283675407936089 









9.810440428177415 









9.111837254340948 









8.918092374347442 









8.497962972002398 









8.042987564102592 









8.138806109581816 









8.25552062771213 









8.388676859797247 









7.99229927496828 









7.702468988708233 









7.514860951672505 









7.423166571748667 









6.659593157077498 









6.510802971454315 









6.392697043157437 









6.492776970265467 









6.194809680041325 









6.334380912676254 









6.2020936950986005 









5.91557638318699 









5.993700293863074 









6.076981392281276 









5.905375228565365 









5.949180050111253 









5.981711708390257 









5.963874992917706 









6.059678246382366 









5.8284632027549055 









5.723894880480172 









5.755596795103169 









5.772589198048277 









5.848222234952621 









5.662762810204352 









5.82579792729559 









5.857337559051328 









6.1187169005745385 









6.082307845450454 









5.868115954955391 









5.9718399629252 









5.917236201435551 









5.906851039807007 









5.78505645328542 









5.78523167668829 









5.8209735696938845 









5.7014853194705255 









5.676836783217405 









5.721385329589426 









5.656857717216348 









5.621479262039313 









5.6720546944191454 









5.634091334282476 









5.605068096223569 









5.660277574109943 









5.674577584435394 









5.902252000344736 









5.776040257182835 









6.357176923142703 









7.399647029473776 









8.121487817713643 









8.056566238769442 









8.550791050061166 









9.041276705859872 









9.003508390463384 









8.711344231281481 









8.320085163641703 









8.110274782894598 









9.102001693653971 









10.093394023101634 









10.58560107684403 









10.851940465209962 









10.991895299805039 









10.890668944117937 









10.847835865589532 









10.788065288204919 









10.342122212577918 









10.01520768231195 









10.039521672085266 









9.48937764535157 









9.754594527744784 









10.212915382183132 









10.057778706734055 









9.735667683251284 









8.956407518622722 









4.660066175315489 









4.008165861492628 









4.384002107306688 









4.810420894054683 









4.76872666924463 









4.862548777688363 









4.875003557014884 









4.875178130886855 









4.754672325396068 









4.912921678364128 









4.783083717046671 









4.825419263418104 









4.807712830554304 









4.791189878969953 









4.869133059807462 









4.884857799405829 









4.8088135604169295 









4.859482202720499 









4.849188328440157 









4.8351308852415285 









4.768900891117062 









4.856208209496591 









4.885834386419766 









4.703644491673543 









4.839769561490509 









4.830217924108872 









4.8785829974650685 









4.844750545280312 









4.868598535286333 









4.858303840706613 









4.844429369314594 









4.772552572602474 









4.835790222403667 









4.774383831351721 









4.822247554520757 









4.85335888024157 









4.944348046278073 









4.820905129556021 









4.907351265653906 









4.831458064098005 









4.792248268398951 









4.902163171079395 









4.805334665519341 









4.768975788872842 









5.001209387250899 









4.840380200768281 









4.839634193566213 









4.862589751580927 









4.933827421539945 









4.896707276312215 









4.911847620196472 









5.074111033685361 









5.735311117592087 









5.779956061665699 









5.738409286951913 









5.7335729391596555 









6.233344888035141 









6.856260532132813 









6.960820238191366 









7.340620732483121 









7.0089774319425775 









7.165647927781775 









7.298555237012451 









7.10898588599533 









6.454191159220025 









6.529771258381401 









7.006835144943047 









7.033537635146378 









6.650585821089836 









6.120762241117946 









5.923390444213625 









6.467349468110761 









6.853738277475939 









6.816985556792819 









6.412520042364719 









6.082444572931297 









5.7081113465376365 









6.102359854285778 









6.233697433463411 









6.0259822743682445 









6.065214546700803 









5.6974517751018885 









5.627120390929419 









5.639238702288272 









5.651858461607905 









5.698867417242218 









5.596382193366172 









5.753327478990134 









5.785913175989188 









5.657364027716476 









5.78890664337595 









5.742687812605523 









5.810293165957315 









5.817240333222467 









5.636580771952456 









5.677540448116004 









5.58189099613296 









5.5971033716487995 









5.680590195275864 









5.717185348256005 









5.639643855164974 









5.597694899485907 









5.630531169291529 









5.722959212666966 









5.686096594081567 









5.617715125035318 









5.7103183073116215 









5.641379318794726 









5.720192249284885 









5.79381896064826 









5.617951555724741 









5.84457636074313 









5.671419278508711 









5.807544512297416 









5.614251697948078 









5.8678934221390175 









5.761476785340424 









5.60827041119471 









5.683736946118374 









5.703944197592112 









5.643100582919061 









5.705937217118188 









5.689005652080086 









6.110698019305942 









7.060860390062245 









7.397509208587544 









7.83097298149534 









7.317939105165045 









7.4978641267257835 









7.050061284962088 









6.7896150771155765 









7.05178641250658 









7.3548948293034995 









7.539910766180011 









7.731581889481916 









7.215682780303153 









6.83938983322209 









6.717985957519576 









6.9126013603419825 









6.898547443115224 









7.0079046154632225 









6.180710541626718 









5.9986744700108625 









6.255503123217036 









6.220214415381678 









6.6627344591986155 









6.5450266751058646 









5.925507340142866 









5.789759710082324 









5.892032273801003 









3.555040433473473 









4.386034552827227 









4.831257748879397 









4.794648539762168 









4.869542383695061 









4.897964153765174 









4.812796124339098 









4.814489171788596 









4.908035851559728 









