0.2 









0.3248676444278824 









0.1301237046076565 









0.12963808541441224 









0.13900468165276955 









0.13191056342524718 









0.1247195266772253 









0.1361882229517577 









0.12044261622508073 









0.13148845623508665 









0.13220488749649167 









0.12466006640498227 









0.12271623509942425 









0.1101841783581027 









0.10391258124726027 









0.10716964884097618 









0.1008194181227121 









0.08592010707744174 









0.07571608282920773 









0.07310558866138639 









0.057878646652324964 









0.060931414780697156 









0.05659323985779582 









0.06324042613901905 









0.056319214057857045 









0.0548189281892372 









0.055669206681671704 









0.05538396224249305 









0.04813182708613471 









0.05264793537618657 









0.05878598672843653 









0.057937178568557776 









0.05571998710871267 









0.04987984456286362 









0.051696579296963516 









0.05559930523680866 









0.059046799224276254 









0.062402890415207926 









0.07796428176564654 









0.08556415708531787 









0.09470357377152397 









0.09588336653323468 









0.09770204060666923 









0.09897928106976207 









0.08968273596474552 









0.09190470429062218 









0.09087088650396233 









0.10272258810543158 









0.08724039596746232 









0.09307327249707104 









0.10819367541869883 









0.10120310099412275 









0.10026913234754287 









0.10395995183460799 









0.09490189641507027 









0.0971292501042317 









0.0953816182184522 









0.09401500444669232 









0.0936142041971925 









0.09650293288363473 









0.09772334670238803 









0.106507558630312 









0.0943884710792258 









0.09781138652579954 









0.09690152140300959 









0.10061692690249885 









0.10288417564958507 









0.11340084021042421 









0.09723367918591988 









0.10855021659939251 









0.1007429568938372 









0.097005541826659 









0.11373517791259032 









0.10396644149169829 









0.100052218488241 









0.09490126073787619 









0.10797511580414561 









0.103344296590929 









0.09755800731051752 









0.09695730566042107 









0.10343879467425908 









0.10211746458165333 









0.10026400938774366 









0.11107330164675394 









0.09804573955921986 









0.0888137838710947 









0.0714887096684065 









0.06266306300286703 









0.06745463391505761 









0.06773481453805585 









0.05342292704241931 









0.053188409265416306 









0.05995551601004118 









0.05933701857688207 









0.06210675778161307 









0.060979779068821995 









0.05154607313444677 









0.05485340226771686 









0.057389808524021785 









0.048868428687461614 









0.05062641904631584 









0.04828009379995968 









0.05249412518104658 









0.05374618821402825 









0.06073396711324931 









0.0513756228237689 









0.053136133544099046 









0.04892790290164138 









0.054907299815033554 









0.056784394074298764 









0.07091701643319193 









0.10629541531156628 









0.13166777266162136 









0.12143190323889666 









0.1255826385167467 









0.12805384799571304 









0.1322444460616788 









0.12988641234501444 









0.12322821437425097 









0.12023825683558113 









0.13093676890331513 









0.12013973293132327 









0.1195441136044656 









0.12984078661659512 









0.1315827699704635 









0.13366478442182778 









0.1216185588079578 









0.12296789587283599 









0.1282718478792863 









0.12648519648978734 









0.13825253887473365 









0.12837311940652252 









0.12312194088189735 









0.1337347951608035 









0.12660715003850692 









0.13227680776997083 









0.13962787728565804 









0.12342371668434937 









0.12901609178289164 









0.13745516956785886 









0.13198467251302892 









0.13521106848640674 









0.12836919786042073 









0.13311311772927562 









0.12287418957112084 









0.12379954513267788 









0.11976493137631204 









0.13108812362031969 









0.13257564130658483 









0.12048447238095589 









0.12833596034524586 









0.12598083431932172 









0.13366141993366043 









0.1259274889611996 









0.12556917526793382 









0.11960947217905751 









0.13060047392279112 









0.1288152224630265 









0.1257527563103381 









0.12448352627224774 









0.13471019255256536 









0.14047811700398177 









0.13591950202031716 









0.12113592912426147 









0.10772997094989534 









0.10165492758945845 









0.09360639751270736 









0.07754383795031955 









0.0625413697106725 









0.057084163648404025 









0.06244132219715981 









0.0561379802384533 









0.05387008739640607 









0.0584703564405154 









0.057128578406584474 









0.06007201568138186 









0.05744044102164422 









0.05738273246247496 









0.06360501445599918 









0.05841760437994148 









0.054016175850399195 









0.06574014240767671 









0.05999900052075405 









0.05949264002295781 









0.054068685949218945 









0.04523988420299914 









0.05208701822397299 









0.05796964310052215 









0.06604952998528271 









0.06887725906343245 









0.07820217116136052 









0.07638132202035068 









0.07391296197742234 









0.08937434614445136 









0.08310243060505959 









0.07848077711413909 









0.08996382205488021 









0.08028978825449301 









0.0896739246270361 









0.08999045948176648 









0.07920590316749096 









0.08170574374209641 









0.08076451649042421 









0.07814077725845558 









0.08202724272889744 









0.09073715203590504 









0.08722899208473592 









0.08491794665431478 









0.08649262220650882 









0.09814707209357913 









0.09061324963270023 









0.0924063492536761 









0.08412208449183328 









0.08821184157708548 









0.09125788542608548 









0.0806986012953696 









0.09201838467909888 









0.08868596159376113 









0.08820827146807608 









0.09774836692958683 









0.09128224560822988 









0.08677968573579524 









0.0947303978586552 









0.08497717246261077 









0.09531013337201796 









0.09303536929547392 









0.09389588694680082 









0.09345955367369099 









0.0857741304570481 









0.09198909012147358 









0.09015114070931846 









0.09435041811204299 









0.09187818553132131 









0.09841950654243695 









0.07084163198102551 









0.06115777115424319 









0.06111255479301998 









0.05996078824478266 









0.06532063504755847 









0.06940596898013077 









0.05773211898953999 









0.05755222562878834 









0.05532089431291588 









0.05327191697689428 









0.052290154201790166 









0.054978386685965726 









0.056231284846142704 









0.047101054527113884 









0.04985345209511861 









0.04878881371448919 









0.046650938932285516 









0.04750547762231726 









0.04992273795863662 









0.051819563732597704 









0.05075454488147207 









0.049726821361262594 









0.05019322075004186 









0.05329365841765192 









0.053957295138109485 









0.05842303789941356 









0.06259908012277582 









0.0978038127550597 









0.11774769107600058 









0.11949000165667414 









0.12589916660696232 









0.13349797540316716 









0.12692725514851383 









0.12836004188551176 









0.12567536192170659 









0.13257007380635322 









0.12391968367797394 









0.13735982764900842 









0.12747194034168433 









0.12629006356255568 









0.1304144275612843 









0.1256557531805157 









0.13504028517736394 









0.1323230122695533 









0.131925952338845 









0.13579377247481683 









0.11581650131106692 









0.13406265866389966 









0.1258579842576198 









0.1387892587294421 









0.1297372989877385 









0.13079642059784186 









0.12526977051520993 









0.14349086473717268 









0.12263068670045545 









0.12701759709820207 









0.1334452231197413 









0.12176123439895868 









0.1263769571511147 









0.1302428459187741 









0.13379653946207828 









0.12312723990847063 









0.1318312192480597 









0.13042840704846123 









0.12154899424283497 









0.11719016708539175 









0.13439964172588278 









0.1384844418267921 









0.1202601291479301 









0.12364900838755755 









0.12822636302972618 









0.1315549596570233 









0.12239849922633542 









0.12672111241342954 









0.12834704564247157 









0.12460887154162564 









0.13544419196837285 









0.13771621815784107 









0.15696142792008771 









0.13437557422359941 









0.13653912135515733 









0.11663581672014886 









0.09767234727460866 









0.06464767009373615 









0.06421804758334991 









0.08281971437187059 









0.07624283202316866 









0.07039372221799328 









0.07424340569679139 









0.076794619366955 









0.07595420827522414 









0.07290576131049667 









0.07088070316845366 









0.06707317532563263 









0.06320124211652638 









0.05968767942013209 









0.06740069369421826 









0.07536154153664198 









0.06815432334168954 









0.0675293353630532 









0.06461712133652343 









0.053998105472802774 









0.05643872909538654 









0.05721726104913522 









0.07022757377753161 









0.06790780584952524 









0.08274958361035621 









0.08157539374395871 









0.08782701887224731 









0.08159686458803192 









0.08658126215182288 









0.08622507709929847 









0.09212008523197494 









0.0974005684592334 









0.0941487860546238 









0.0988180361844112 









0.09607414139421973 









0.09950451428130483 









0.08802893265989625 









0.09382244827448152 









0.09711058368449826 









0.09032170288911293 









0.09385292799648488 









0.0974307507571674 









0.0983606449270351 









0.09146021081629827 









0.09634135630696253 









0.09758953387627081 









0.08550674229920202 









0.08721375357426289 









0.10159573935363311 









0.0932366902260629 









0.09335676488813288 









0.08517147653759066 









0.09353324021759782 









0.08741654419526268 









0.09299882025797133 









0.09121372115821688 









0.09615848896024405 









0.09133827686929054 









0.09763978155573247 









0.0866601798807162 









0.09096040641336155 









0.09706393795144347 









0.09452844085652455 









0.09410576459445574 









0.09019311227766386 









0.09409456459673594 









0.09508849628540186 









0.09669690823937876 









0.09209973629552548 









0.0765717667603002 









0.07257517931709478 









0.06567541770724368 









0.07407275866882372 









0.06450026822018645 









0.05582062546741781 









0.05621763076665021 









0.05063661011451121 









0.05151930002706322 









0.050895993886069205 









0.04861075643338683 









0.04787677003656414 









0.053588350508968985 









0.05264458129431226 









0.05080617145065271 









0.045033461782205846 









0.04845781154372206 









0.05174136242895 









0.052781552693395066 









0.0524597319042782 









0.051059875870054075 









0.051270532978669264 









0.04699219591571213 









0.04809792293345808 









0.0507113021634205 









0.05517592594855957 









0.09569515560996061 









0.1278754432269342 









0.13581786765944695 









0.14033155714756992 









0.13298492085875346 









0.11873757115500372 









0.12340291338175943 









0.12826062893743745 









0.12454106860599552 









0.13315350266979414 









0.13234550659869024 









0.1251618644317737 









0.12693571729250935 









0.12334069228784114 









0.12591767408533575 









0.1293376913321503 









0.12806040552686543 









0.13062295366676396 









0.12604086796348055 









0.12395382993757392 









0.12839655292546315 









0.12596391815797695 









0.13178614008580725 









0.12362154132677447 









0.13752784904270315 









0.12915123843524534 









0.1340215460847855 









0.1277886682107353 









0.13671246408169738 









0.12874709092365494 









0.1309475493392252 









0.14026881132942487 









0.13158736642398652 









0.1339137549585935 









0.11959468432810967 









0.1267973966914509 









0.12803966815530704 









0.13578688038486203 









0.1343497049287337 









0.12306593559981863 









0.12457361813807348 









0.13427338547052697 









0.12029689764771745 









0.13237287006742038 









0.12672745614374925 









0.11987429600822615 









0.11714598630003667 









0.1381534333541551 









0.13710574500683867 









0.13257973030114506 









0.16190979637273828 









0.20805764265591056 









0.29391845460434374 









0.37970321090750325 









0.5274479355499437 









0.6507432948626333 









0.6066976570843239 









0.4878915354741842 









0.47204546449487833 









0.43865441451000753 









0.4283042456419931 









0.3981370823964069 









0.37140484254375067 









0.3477883389706037 









0.3256827486264623 









0.33261726227031596 









0.25075327829500077 









0.24083420831623353 









0.26336327123582304 









0.3531804269008678 









0.3949889479318023 









0.47983961624818006 









0.5109636727602684 









0.5206036788507866 









0.37805030627881275 









0.09894556269315787 









0.07095184293807794 









0.07004105634182142 









0.07235595451355481 









0.08352622863048559 









0.08279478888866681 









0.08959356463242568 









0.09366341035528708 









0.08796623326423719 









0.09319159142868833 









0.08762982055981293 









0.09849943923119865 









0.11060865716116033 









0.09208023686994306 









0.10408725042812147 









0.10482938933100988 









0.10623759332081983 









0.09901807966663817 









0.10104176995766155 









0.10658149347344384 









0.10909909604207411 









0.10482494275914886 









0.10812397016541014 









0.09911008858443043 









0.11490043019218432 









0.1131661100899519 









0.1088741645214319 









0.10165732459380433 









0.10458727444889743 









0.10565553815648693 









0.10453116029103425 









0.10376331991816204 









0.09533169658236072 









0.10643813301337579 









0.11053453072062312 









0.10005009459421266 









0.10311354266259334 









0.1154991884009848 









0.10037223598915927 









0.11366161295754436 









0.10677799121123573 









0.10720020461252686 









0.10762220325034114 









0.1167250419089168 









0.10236268669225071 









0.10890444581100964 









0.09883438706784552 









0.11719822787430358 









0.13474081249069647 









0.13163854327745117 









0.09988018808364582 









0.10041176925675974 









0.11022962271734768 









0.0892835505235166 









0.0956107204306334 









0.09855252928392863 









0.10525295402765619 









0.12824052037053352 









0.10906085356648121 









0.07967539743892621 









0.07006817474175621 









0.07129082271300569 









0.06738194464087024 









0.07118873183684116 









0.06944906635245823 









0.06867122697422348 









0.06925568340309976 









0.07860254736758501 









0.07481400123420026 









0.08137262035833023 









0.08467566567247056 









0.06735481104035723 









0.04992175930480936 









0.046229102551440186 









0.04971592521120345 









0.08148920464539806 









0.12596283908618197 









0.1287410242923758 









0.13296260544707816 









0.12907904766068068 









0.11903274073262278 









0.12739346689926132 









0.13264343934733439 









0.13063409916497967 









0.1195181881461328 









0.13784419389390115 









0.132975200249148 









0.12281260970718391 









0.1274305979989405 









0.13104730445711996 









0.12787298301847216 









0.12439270716751923 









0.13076493966675107 









0.13167053416775576 









0.13047647486136638 









0.1339883001259844 









0.13015742204415987 









0.1277942196838564 









0.13554075795542045 









0.1391287255342677 









0.1377177173472093 









0.1330353408536467 









0.12540255241395012 









0.12252081881358985 









0.126655346254756 









0.12327640982745096 









0.14077087635411079 









0.13307559090712592 









0.1254450093789241 









0.13676375106337557 









0.11996056822632298 









0.12892593485503684 









0.12788953318651075 









0.135539328289647 









0.12441864202101816 









0.12723561562324742 









0.11937594863249214 









0.12468357531481689 









0.13912646841244614 









0.13006582737735123 









0.13871249481776532 









0.132079247394538 









0.12487282215371152 









0.13656415204242983 









0.1338288507147753 









0.1905309356349279 









0.49978418199678465 









0.8980114304948973 









0.9606506522312042 









0.9795127246730098 









0.9876953419393678 









0.9921623854633095 









0.9934086670321737 









0.9938821482456413 









0.9933514558549608 









0.9938176707174183 









0.9948033878385845 









0.9943325981698834 









0.9944755729499879 









0.9953543298881438 









0.9969851016160115 









0.9966195110286274 









0.9966292795785857 









0.9964690138995471 









0.9974819781902575 









0.998269313014186 









0.9983480206348858 









0.9980327950211553 









0.9979091638945436 









0.9960031825939979 









0.9554448358867694 









0.4708715147057636 









0.14403270567764914 









0.12024592545892097 









0.13243976204949615 









0.12050264506695706 









0.12661175448406417 









0.1278466845081064 









0.13523346198763742 









0.1355209653325486 









0.12627508804549825 









0.13449374153308274 









0.13649735966320165 









0.12113370666367096 









0.11862215893791939 









0.1222917906527039 









0.12784511738147103 









0.12097012085874248 









0.12391604513407536 









0.13660100740794812 









0.12570272446376451 









0.12518276465056266 









0.12455198121982608 









0.13350975974552615 









0.14148130050175034 









0.13070950360996825 









0.13029454241750704 









0.13178392333657973 









0.12129720448344888 









0.13024961516733496 









0.13137940525789107 









0.12793731868570704 









0.13501796831026064 









0.12721565602635437 









0.13685221175072204 









0.1274110159098155 









0.11927545850085754 









0.1265657229667189 









0.12690368931796941 









0.12612970609985966 









0.12270443912234297 









0.1321837811515755 









0.13476490547067327 









0.13828431606107072 









0.12407470248389979 









0.12414441078940151 









0.12120858094933246 









0.1733169504316136 









0.3114834088030841 









0.5538576467010963 









0.6792448344453512 









0.7223210556759037 









0.755098336965793 









0.7990883690504045 









0.8397868149834624 









0.893693668565346 









0.9184587487352422 









0.9207381566487538 









0.9126078195314511 









0.9164414808311107 









0.9198932867507779 









0.9428058341614602 









0.953555843608907 









0.9634152245061258 









0.9705229703540301 









0.969019732110633 









0.9794935732386172 









0.9864162807461487 









0.988394700544265 









0.9900522855348203 









0.9895737573544612 









0.9804113317835237 









0.8915233279112272 









0.4083137323747904 









0.15096201407381488 









0.11913508571926157 









0.13789436726511567 









0.13237654144228106 









0.13261977041036993 









0.14169814612413714 









0.12787687934820618 









0.1258927753994929 









0.13925081523203164 









0.13278438429617168 









