0.8580000000000005 









7.724324051017418 









4.651832964188243 









4.135200839355186 









4.291198047866151 









4.227171086499003 









4.156541703557338 









4.136459685292264 









4.134678681202434 









4.170785125914462 









4.136161408489865 









4.181436344570141 









4.11898358952469 









3.982543323692966 









3.7951874986744647 









3.7728920625989506 









3.5763397496310243 









3.367853126758895 









3.184539099791171 









2.8744573805134017 









2.522623958700533 









2.3973473277554365 









2.346490901584854 









2.387318296210106 









2.427986948629959 









2.4724179847903014 









2.433032538337363 









2.356849535966342 









2.1844375806439524 









2.1222363829917756 









2.292777169393418 









2.3753049508633675 









2.36099987512336 









2.2556428389397016 









2.1570072867181804 









2.3420278265141343 









2.347383726858073 









2.5978340297293805 









2.911655472918019 









3.188694329109584 









3.4106817311338973 









3.56718944172519 









3.5966684073633384 









3.5565224293323214 









3.5718417084105076 









3.5361505549282226 









3.5417501749977736 









3.500598754271074 









3.5048046699709006 









3.605105979593595 









3.6357687236686327 









3.562429916083853 









3.6149349096934813 









3.60327746932032 









3.451601139561863 









3.5095719322267604 









3.5734267590434072 









3.5687695458456385 









3.539273862415933 









3.495816510610144 









3.5306003618315125 









3.5872570762925045 









3.5821580270259337 









3.611682849956613 









3.598938172832035 









3.622713083004655 









3.700957609601552 









3.7232938438587495 









3.6848593755621115 









3.7187116650137946 









3.6766911336136214 









3.644756256141867 









3.7080020643468927 









3.6740350073797705 









3.657482634861858 









3.6197701976899954 









3.6255283139048227 









3.669948820973421 









3.665280396719647 









3.629250994569452 









3.61567661556342 









3.598452214399992 









3.663297774607716 









3.7059938068912004 









3.6525831315239428 









3.4497517803475923 









3.051624045294475 









2.6404672387481143 









2.6835520666944044 









2.7990019725250823 









2.3559703195646087 









2.1930273657132977 









2.268140250520541 









2.456148196755524 









2.49620484803339 









2.431777816426535 









2.1500548456509234 









2.181490551303663 









2.2956021862478893 









2.19852532346494 









2.073344557172099 









2.0875660444550506 









2.133715516153032 









2.1882505245090162 









2.293666284274956 









2.256199150489213 









2.2190955661999605 









2.2316684510053153 









2.2220249379413173 









2.3256125601901174 









2.6301611981517117 









3.253163820978619 









4.1005485321569095 









4.20300519001648 









4.246221830199988 









4.143691227760847 









4.197168827760555 









4.100377622102871 









4.12413732414779 









4.104221334327547 









4.152670119903523 









4.151949489192411 









4.141686775805661 









4.081859808592376 









4.109567919205642 









4.119881042622579 









4.095808328230922 









4.13381137970785 









4.167777422236099 









4.188723763128178 









4.174613420347136 









4.173200383889435 









4.152648592259743 









4.236017294449356 









4.173378171848212 









4.167325223329782 









4.1861746901901435 









4.242941082084677 









4.215090767007157 









4.243009135015035 









4.195018198861018 









4.165177887334248 









4.166882917987477 









4.219422683582555 









4.175509647334814 









4.169215759802323 









4.179765548238378 









4.213195591224361 









4.215185900660222 









4.124434925270209 









4.19380168699789 









4.133319423573523 









4.208871894906697 









4.2151495841839575 









4.130794894164868 









4.094217153940383 









4.119610279925455 









4.124754575837279 









4.17069544763926 









4.235218831677851 









4.134809017398327 









4.28789033439232 









4.346778891540948 









4.064464151602972 









3.831681701285367 









3.8029301195421708 









3.546597088771246 









3.1016525793724536 









2.5936537307099803 









2.533870496384037 









2.581445739501428 









2.3709152929082693 









2.199412494671621 









2.252782584182993 









2.2751615052571155 









2.460606099107449 









2.3983737449930884 









2.464191572958995 









2.568478844727498 









2.499094554778493 









2.306159272593622 









2.5892721074882132 









2.63803383848084 









2.4227510833397767 









2.2633668042032107 









2.052597309085585 









2.0762464041570654 









2.3887379605549683 









2.67421160598064 









2.822329519631646 









3.027741606777266 









3.0931040094205002 









3.110081626167884 









3.1565467465363737 









3.2049292590380536 









3.1962862906779494 









3.1981099662791577 









3.1744695456510863 









3.216801645508721 









3.246608358462113 









3.214512794781703 









3.120716541499748 









3.1970680119141153 









3.13105576671913 









3.2291248280253386 









3.349722228485611 









3.4107189267929736 









3.3368591736532296 









3.3687688755352783 









3.391375894665501 









3.401783071136996 









3.303513367392578 









3.360154211223479 









3.3538563536844577 









3.3405644097342164 









3.2746991378615715 









3.3273916467684472 









3.3495488953438133 









3.3929411928881192 









3.4014547676410505 









3.3524520053603593 









3.286171596768818 









3.3120226616053285 









3.3016987714085904 









3.327598927545937 









3.4097684384525624 









3.328509771512545 









3.310277019275554 









3.2766188102805325 









3.369282678961267 









3.459815252883162 









3.467103795853697 









3.4666438149758205 









3.4067275010951104 









3.1527735272868505 









2.6705571349028294 









2.4488126462267132 









2.49429545525786 









2.53206313779338 









2.717042384009881 









2.5699561752044975 









2.508266550960113 









2.4149836407837446 









2.3034968814419785 









2.32355378982678 









2.3242512049316906 









2.2953013328767837 









2.078569252623591 









2.0260466895789326 









2.0887474324141495 









2.059256339514059 









2.041285926877496 









2.0233182186380336 









2.1274385897959918 









2.1139223812831167 









2.151111381032679 









2.1425756379197924 









2.1236916222454756 









2.2118884754874646 









2.3304712125494533 









2.4599023840482155 









3.0505482615930735 









4.0237340876393635 









4.114314267621813 









4.17752525192453 









4.193086569313675 









4.116054716879222 









4.123234638602295 









4.162857895453662 









4.115729657203417 









4.150194724171949 









4.179243485218602 









4.197984924941177 









4.230522756107252 









4.230674606453081 









4.194769636723485 









4.195042766856328 









4.222415842192905 









4.187116800371371 









4.164791670671787 









4.163382334149698 









4.16795612173899 









4.180452750881061 









4.2630359703124645 









4.240557069350016 









4.170703366110966 









4.151066068927509 









4.206242073221292 









4.208964195504567 









4.111891674718475 









4.209001854138826 









4.147195520268988 









4.154903261458077 









4.1488047460176665 









4.188238857265664 









4.137903841284264 









4.160494518063952 









4.169828325905302 









4.110740640570112 









4.12339540933979 









4.164332840639524 









4.255867437082327 









4.179981229483217 









4.097548959761971 









4.046493421071434 









4.133726559674297 









4.159708936115829 









4.171950253232109 









4.160753570737542 









4.131835817007763 









4.219468724312827 









4.3176229119062315 









4.558481811750597 









4.399515083690363 









4.2034278603807875 









4.159243630538793 









3.6229208760704115 









2.8042446385088833 









2.6550198063780557 









2.9325978777062285 









3.075866306860602 









2.987245728339164 









2.917620753820565 









2.926231861824384 









2.8893334723475146 









2.9822473887163405 









2.877676187429533 









2.840703152878502 









2.6137098330027935 









2.5102891846511417 









2.5948296981462438 









2.9595612373844413 









2.8489909256565875 









2.6601718890959534 









2.5738558940850376 









2.3825911604396017 









2.211122638425865 









2.3912197774734447 









2.6759621266810307 









2.878888304040185 









3.045825804232138 









3.128308681605322 









3.196460100158776 









3.1724147305835246 









3.272099218194603 









3.426237637413007 









3.537858641567102 









3.5015332433545128 









3.471782826743734 









3.5400975904601073 









3.470310354919786 









3.4661123463934906 









3.402278080930006 









3.4584550637460763 









3.476317287379568 









3.448706881772993 









3.471362955903784 









3.563692485902627 









3.4790287824237547 









3.413737901481829 









3.3850747436052373 









3.4588255153817453 









3.440796359622243 









3.3704539015259476 









3.4242076964883195 









3.4362478062774295 









3.5068505924400584 









3.4189896886243196 









3.4114395618964775 









3.4588210036874893 









3.428704169675344 









3.4775513694889 









3.4215776368184296 









3.415979925882532 









3.467526144510531 









3.3784077693658294 









3.412250485547733 









3.455974622148647 









3.505531391171209 









3.497943357323241 









3.436391284528118 









3.441591904738234 









3.41826207404998 









3.5001885124882866 









3.5148352410223667 









3.0896422298415285 









2.8177070107661955 









2.7231666998178596 









2.910264163487878 









2.781883986906178 









2.340562302716842 









2.3319369254715823 









2.271390045865049 









2.2163828050533065 









2.108265246052841 









2.0727597564222027 









2.0933901681328773 









2.135636487825794 









2.1680862614448633 









2.105510991267118 









2.0650916235897068 









2.1398305219320712 









2.1822476626149685 









2.2642892163485357 









2.1912359843552154 









2.188460985374991 









2.1311127429512657 









2.056237524195047 









2.075740031558065 









2.1972437815547243 









2.304095746792781 









3.0027594451902395 









4.013435676698815 









4.19623098143464 









4.242283255322567 









4.172854165449261 









4.136945706829141 









4.181382505521449 









4.144092856243942 









4.086171542628886 









4.140488840242794 









4.192412929048254 









4.096775726669178 









4.186939409568359 









4.146869430087703 









4.167014746465151 









4.182047719583132 









4.135704179809898 









4.215526226809297 









4.186966053348277 









4.17016055381376 









4.1468078428704285 









4.2162141820249595 









4.158848917541993 









4.164506324821822 









4.172285455172781 









4.191250261980416 









4.186856598641721 









4.2487093907809275 









4.198496446696853 









4.174201135042007 









4.178137163965629 









4.222715035958679 









4.205074884733781 









4.175466983509398 









4.1654679105711 









4.177010504489557 









4.190110557844293 









4.199021247052773 









4.22537992109521 









4.165642321529327 









4.090577020974757 









4.116313646296426 









4.13975912434111 









4.185664774624015 









4.141268362602051 









4.104936032284667 









4.055572131463719 









4.174296511899152 









4.2165216591076655 









4.215661135146206 









4.567991516253486 









5.246332951423794 









6.115203284315888 









6.89576958238482 









7.9883665587325545 









9.249236170945515 









8.995682467394602 









7.952271936011125 









7.613632086460584 









7.660075425959306 









7.488674703248169 









7.18123215205557 









7.03023120642585 









6.82261987317606 









6.638448569701232 









6.593255104594699 









6.11294707184533 









5.651281319696631 









5.943673096355883 









6.519048141698346 









7.006977149331118 









7.560951856371355 









8.179619948443106 









8.165026369066169 









7.565530357342423 









4.37496650001029 









2.8113131978805797 









2.8620284035872965 









2.869477154164939 









3.0280353487390226 









3.3358340870627594 









3.4232536468940036 









3.409747507819384 









3.4496811761431156 









3.5241233718211897 









3.460907879887629 









3.5467074597459782 









3.665742619474465 









3.6189028234751786 









3.5864278343749794 









3.6772060074248345 









3.6607575728611215 









3.6114688974855707 









3.612738704673358 









3.6883313918247147 









3.757178482025569 









3.7658414809381764 









3.7355221427483674 









3.727293722028637 









3.734166151998558 









3.781042252334008 









3.7418359929266893 









3.6478396049336714 









3.610485067947198 









3.623419010364682 









3.7030951637692753 









3.6579482038080835 









3.6494128145970657 









3.715870201347417 









3.7387175810741455 









3.7313224687389743 









3.6955585184930637 









3.769520672009562 









3.733451534889284 









3.7579245026133328 









3.792349556900415 









3.7819097508663626 









3.8144316257168445 









3.8357614123167516 









3.786876566412742 









3.8129648059064762 









3.700520730856771 









3.837528387830695 









4.193848387158229 









4.239605352593183 









3.714293181222456 









3.593975538052817 









3.7059048229210716 









3.4920215879357404 









3.4595237346593257 









3.459804467007658 









3.647924549819227 









3.916612502558703 









3.8226960907986847 









3.238829136688831 









2.958849914438171 









2.8492485557904015 









2.789515312048905 









2.8036227263735207 









2.8202650259544653 









2.8103306209336085 









2.8418975467172567 









2.9563589746183965 









3.057945169547665 









3.0841428535450923 









3.227343007130566 









2.876392684778393 









2.252138407176907 









2.058578552795878 









2.1165183579752065 









2.7721153884921574 









4.00365409218945 









4.1741502097383725 









4.244496367239575 









4.148210617519456 









4.154444120603546 









4.182334498393895 









4.13204177338565 









4.193844080053447 









4.185971036477491 









4.130091344803667 









4.230942306536392 









4.195863779255551 









4.151722719321165 









4.170723710396354 









4.163270948541868 









4.157086464959512 









4.231779899400279 









4.166526789939055 









4.246150135474402 









4.201729339909033 









4.209731731696966 









4.143401170221066 









4.206953201159194 









4.312870093377043 









4.210873887044168 









4.144078970551593 









4.128675532538207 









4.137150683964863 









4.1435054398375035 









4.152818576619269 









4.1890919391751105 









4.208021433619328 









4.198755261413879 









4.221377941189968 









4.131471448866027 









4.124770498062139 









4.149815730904278 









4.1709904110484555 









4.186830616346277 









4.154646688064831 









4.103154449390476 









4.145351183218342 









4.170842044473499 









4.188521892990772 









4.1867084074684175 









4.196421238352787 









4.185495956057309 









4.155300828517885 









4.187278601345289 









4.697256250222124 









7.026147611570725 









11.494142754659027 









13.954201285251598 









15.42252332215636 









16.48290659887833 









17.56032288299433 









17.954990206273617 









18.02753903830878 









18.103236227364842 









18.172499691747912 









18.488516283500868 









18.38107330713713 









18.34332294822121 









18.708109670134448 









19.414773711155263 









19.497476696489326 









19.25620275554728 









19.320444766074353 









19.752742532463323 









20.462857351739103 









20.810618267738878 









20.57255599078487 









20.31942028280398 









19.69242408632695 









15.82489617737093 









9.186984941115691 









4.890491678760657 









4.032955638875563 









4.0518393342202055 









4.010481807677288 









3.9940851439223812 









4.2566846103509475 









4.2544621215832255 









4.193812447846563 









4.251330014014712 









4.211513855832214 









4.184726417813851 









4.088883828016329 









4.0398441360469475 









4.124038382012867 









4.143637226311009 









4.117828960892149 









4.092142581817339 









4.162822981273818 









4.240631151549597 









4.15809842394049 









4.175582341588763 









4.276449293134901 









4.231116985047314 









4.141528877657068 









4.252077260707146 









4.251394937791087 









4.21514296967221 









4.139112042090784 









4.15370557867791 









4.216221294391938 









4.218148916282246 









4.186228423675015 









4.153422798247207 









4.173497561674082 









4.194060163244058 









4.14865292674192 









4.105899137100979 









4.126950542760539 









4.124736982260402 









4.101656938698857 









4.1665914923679805 









4.230544191328587 









4.205600902314675 









4.202282010509515 









4.155537412516097 









4.5884806169259305 









5.894623376086373 









7.9253866484633315 









9.162398677572847 









9.808572524455233 









10.053034809740279 









10.759511818544537 









11.129140268015021 









12.123462983056786 









12.727018717551086 









12.823225293409912 









12.772791892390968 









12.762129171253093 









12.86049274513057 









13.463077576505599 









14.08392541825713 









14.49990087606706 









14.805033285886756 









14.961999877717009 









15.462094960066182 









16.352338059435994 









16.82119182344653 









17.045668588369264 









17.072110690514396 









16.25307306269451 









13.337836022550745 









8.607794715248296 









5.021003447303001 









3.842534249090858 









4.205221981253675 









4.307289427699427 









4.249494843463544 









4.266286943372307 









4.243734178386268 









4.210367502526049 









4.263402403211327 









4.269319830054705 









