0.2 









0.00037328473416562216 









7.868720509860139e-05 









7.31826788481914e-05 









5.993589591136165e-05 









5.856914740986559e-05 









6.061957187012821e-05 









9.496227932378746e-05 









6.83936128716103e-05 









7.165034389227174e-05 









5.93937789083746e-05 









8.358868123915147e-05 









6.079123344091266e-05 









6.168813049571993e-05 









8.411965910742791e-05 









6.310038738748624e-05 









7.138612192706821e-05 









5.124353131370158e-05 









5.5207429932193594e-05 









5.876330634665257e-05 









6.027832594035996e-05 









8.022198049580487e-05 









6.011440190834017e-05 









4.350240975255767e-05 









5.010295882768658e-05 









7.09993114363984e-05 









6.870722346053159e-05 









6.132154813137996e-05 









5.173570196947722e-05 









5.849109301030098e-05 









4.869442358432517e-05 









6.354787296419634e-05 









5.1125798049289964e-05 









5.048984879800043e-05 









5.0110673335367856e-05 









5.1685679462233524e-05 









3.939804635081955e-05 









5.525260119814084e-05 









5.470199870012059e-05 









4.998625737320641e-05 









5.172138738969136e-05 









7.145389766014245e-05 









6.348515880001538e-05 









5.456022017041931e-05 









5.3100323159312776e-05 









5.888386568706951e-05 









7.36461340051544e-05 









5.3116495407630254e-05 









6.134872574922303e-05 









5.1826951917913636e-05 









7.898987501091075e-05 









6.388118171866854e-05 









7.197519138747745e-05 









6.765456005449868e-05 









7.851562310902719e-05 









5.756208232642702e-05 









6.118821835905688e-05 









6.305177249940868e-05 









5.0793888530428487e-05 









4.4236975671154086e-05 









4.912199850804233e-05 









5.1722504413625374e-05 









5.870271855738621e-05 









6.655526906812207e-05 









5.488055568049256e-05 









7.738106967276719e-05 









5.9026380412393006e-05 









7.366215347872563e-05 









4.243724316219978e-05 









5.823380881802942e-05 









5.057897893596734e-05 









5.675730241007353e-05 









7.817443549543263e-05 









6.089012333108611e-05 









6.681796886819389e-05 









7.122764970906082e-05 









8.501765985969339e-05 









5.660860437445768e-05 









7.207546406868839e-05 









7.686786099150983e-05 









6.600370736577022e-05 









4.885729190691361e-05 









5.4406509857518056e-05 









8.266116835489967e-05 









6.204858435672636e-05 









5.39767845905892e-05 









5.0158124662778666e-05 









6.065684994835082e-05 









7.138929554074275e-05 









5.563109676670824e-05 









4.5091489223088234e-05 









4.056926391834246e-05 









6.962429668781191e-05 









7.172613218588551e-05 









5.477436552262501e-05 









4.955182835690794e-05 









4.794238887465165e-05 









7.621568038257271e-05 









6.717271195039702e-05 









6.124389245124684e-05 









4.691695757561362e-05 









5.9108773687604154e-05 









5.867060451332058e-05 









6.290428433849762e-05 









5.977402667668048e-05 









6.173055570302917e-05 









5.1391489407762305e-05 









6.210996061861761e-05 









7.03071272319585e-05 









4.683611013344711e-05 









6.58603207891545e-05 









6.415706639222737e-05 









5.9415075390473486e-05 









7.486665092536343e-05 









5.922519549485014e-05 









5.9833421577529215e-05 









6.556349793148573e-05 









7.862603497347858e-05 









6.6945068217457e-05 









7.418672609877401e-05 









7.530429136691158e-05 









4.949052551920343e-05 









8.361988766513901e-05 









7.923001043332349e-05 









6.749112055323724e-05 









7.194400136970937e-05 









8.476700300976572e-05 









9.055750379990122e-05 









5.979359300507626e-05 









8.922393377411793e-05 









6.912656314274381e-05 









8.601622333807344e-05 









6.031471268360913e-05 









7.082963410997699e-05 









7.830697526707405e-05 









6.116367004925996e-05 









5.749431808963547e-05 









5.7783902329786145e-05 









8.661961309771357e-05 









7.249621221252132e-05 









5.469007792598711e-05 









7.819693837426105e-05 









6.182901277438556e-05 









5.5873542772610316e-05 









6.261355482306049e-05 









6.145706565906768e-05 









5.958979540606359e-05 









5.3412609836308896e-05 









8.401768408303548e-05 









6.878731350205922e-05 









5.56208246623611e-05 









6.111593758667955e-05 









7.919640018611139e-05 









5.6693867505298995e-05 









8.234100833180008e-05 









4.686409542830757e-05 









7.126199185399117e-05 









6.955230688368216e-05 









6.387676788862441e-05 









8.400281620520391e-05 









6.976039555089458e-05 









7.59846083854628e-05 









8.18416850148409e-05 









6.225045362013711e-05 









5.93881285104631e-05 









7.762732090884697e-05 









7.788815232882642e-05 









6.282324451837411e-05 









4.5778150944152205e-05 









5.817642509949722e-05 









4.777099644897932e-05 









5.1554676878105406e-05 









4.2325989383043875e-05 









5.725879053580542e-05 









5.8375875461974896e-05 









5.4847856314834306e-05 









4.563907251845366e-05 









3.91454297053881e-05 









5.881330589887772e-05 









6.499360264526826e-05 









5.313953206157047e-05 









7.508209791719418e-05 









5.5290665112899524e-05 









4.1367111043122145e-05 









5.3419210851027317e-05 









6.1833645075402e-05 









4.8935425573522554e-05 









5.40812383094407e-05 









5.289749628840099e-05 









6.487036378630133e-05 









6.48597930360201e-05 









6.178622982406473e-05 









6.462288153130481e-05 









6.683159525094058e-05 









6.660970636270352e-05 









4.898686749288949e-05 









6.712640417377128e-05 









7.425813219566425e-05 









6.692709960728159e-05 









7.645905882639633e-05 









6.205920952151048e-05 









7.083663705023075e-05 









7.45327706269824e-05 









6.798673359916126e-05 









5.875172254275334e-05 









6.487040309191738e-05 









4.57739356947964e-05 









6.32700235905042e-05 









4.761339211436625e-05 









5.5643186587527597e-05 









6.968588635885358e-05 









8.004344473552935e-05 









5.666955162138845e-05 









6.153634919780159e-05 









4.968852572161972e-05 









7.397520941205399e-05 









7.945001320225067e-05 









8.543788961941134e-05 









7.26463535967392e-05 









6.885274378233964e-05 









5.935256953657611e-05 









6.242861954683414e-05 









6.190624192821024e-05 









6.126753963793874e-05 









7.17782310001372e-05 









7.494924447091891e-05 









4.779033615021823e-05 









5.5183907658485715e-05 









5.297404617328606e-05 









5.82066334845219e-05 









8.168429258711618e-05 









5.93568210536396e-05 









6.411908472689693e-05 









5.784240391818101e-05 









6.615236613000315e-05 









4.2143712832204674e-05 









7.335931759826437e-05 









8.064457614332074e-05 









5.719432998610022e-05 









6.348069615354794e-05 









5.359321857091359e-05 









5.717711697433037e-05 









4.8049749271622015e-05 









4.248516524192773e-05 









4.763858579570444e-05 









4.9341958705610464e-05 









4.759642812861894e-05 









5.306996401205442e-05 









6.242674357729108e-05 









5.9613166347840626e-05 









5.5861780041620475e-05 









5.3120329028890715e-05 









4.107941362837829e-05 









4.4443217457213275e-05 









6.191775893849108e-05 









5.989714050215021e-05 









5.843740660450229e-05 









6.949777787771629e-05 









5.2508593838930266e-05 









7.395514653268901e-05 









6.298230902384372e-05 









5.847542206736304e-05 









5.581815829307048e-05 









6.0065217260664044e-05 









7.887734035399581e-05 









6.152586990727266e-05 









8.11742231669788e-05 









8.263941906623077e-05 









6.854568998610155e-05 









6.132387367733535e-05 









7.933921851621358e-05 









4.676823133254166e-05 









7.82676356574653e-05 









7.958130966155596e-05 









5.434478013180332e-05 









9.769474665351539e-05 









8.887994265927811e-05 









6.627637864244516e-05 









5.809907353418106e-05 









9.335354248350022e-05 









6.381942657452365e-05 









7.736711141892875e-05 









5.167498413064298e-05 









7.012877501079327e-05 









8.263956804248879e-05 









9.251007480087958e-05 









6.784995849203367e-05 









8.179518334717257e-05 









7.20466759703636e-05 









8.547673484360223e-05 









6.14870698320832e-05 









8.276084638382498e-05 









7.723604241542019e-05 









8.683689237126314e-05 









4.274741391903138e-05 









7.738132654544277e-05 









6.781043701976116e-05 









5.3725811208226465e-05 









8.460170598693569e-05 









6.778425839600732e-05 









8.730523456756397e-05 









6.803396524756382e-05 









6.653539844190105e-05 









7.212127629754063e-05 









5.689713649429915e-05 









8.552208975640062e-05 









6.104746083662449e-05 









5.6072115824308824e-05 









7.087563957102566e-05 









5.8105665950071916e-05 









5.482379688932123e-05 









7.268060145922988e-05 









6.513874575683051e-05 









9.535801963396662e-05 









5.884251976461492e-05 









8.022121957895742e-05 









7.589506282226068e-05 









5.878535938602589e-05 









5.479660780625759e-05 









7.197952524146666e-05 









4.619076108769957e-05 









5.835762408605937e-05 









6.885576281898444e-05 









6.123966053870014e-05 









6.797333026264005e-05 









4.360740639702573e-05 









4.6630795661914764e-05 









5.786732155589482e-05 









4.631059845431e-05 









5.577640048386191e-05 









5.100503270057604e-05 









5.355889750735373e-05 









5.1940079738506936e-05 









5.946366340192906e-05 









4.628348125980256e-05 









7.653333904704456e-05 









5.458854296032728e-05 









5.7275611911702396e-05 









4.3585866669842524e-05 









6.257802697515855e-05 









5.933674049977029e-05 









8.165512328128609e-05 









5.273020476726849e-05 









7.163147847250026e-05 









4.677795068649013e-05 









4.272449604772148e-05 









7.628744160845546e-05 









6.238670578075217e-05 









5.652835579323628e-05 









5.800387876199196e-05 









6.940877674460349e-05 









5.37362797671854e-05 









7.204681746579659e-05 









7.737413733739675e-05 









5.869679976451375e-05 









5.426991885125065e-05 









7.336191069013785e-05 









5.451120040513965e-05 









5.729799495218972e-05 









6.675600363500718e-05 









7.381121964630404e-05 









5.682713544564472e-05 









6.102926983099266e-05 









7.285047385362182e-05 









7.074645039746523e-05 









7.54470302739464e-05 









7.161756017643446e-05 









5.1079018026237055e-05 









5.930597119711759e-05 









5.964870044782759e-05 









6.566026640818114e-05 









6.662901009301186e-05 









5.3427971261203566e-05 









5.7523713868783515e-05 









5.2489217077770444e-05 









6.094249948211363e-05 









7.679095674317103e-05 









4.374491647740254e-05 









5.0354027990796556e-05 









5.640595698854571e-05 









5.528673882043357e-05 









4.988662416986013e-05 









6.901559691493614e-05 









8.714784780286804e-05 









5.4071009384127865e-05 









5.493525023023202e-05 









7.119191358432556e-05 









4.324474766531399e-05 









6.627629249171183e-05 









6.733818575227745e-05 









4.4347705713606924e-05 









4.6456641108510766e-05 









5.213656460323517e-05 









4.255521422588978e-05 









4.949041504429508e-05 









5.44495164445936e-05 









8.008622295073455e-05 









6.250544887394501e-05 









6.574765777177263e-05 









4.9925579228110416e-05 









4.853921840045382e-05 









6.933974488551318e-05 









5.28473077215214e-05 









4.679977622820319e-05 









4.927095730266069e-05 









4.963964551765981e-05 









6.882429788766243e-05 









5.4514632010172976e-05 









4.9898421504477544e-05 









5.271459192293803e-05 









5.200924980589999e-05 









7.461124255725982e-05 









5.142592514429226e-05 









6.557215853994551e-05 









5.890999398338312e-05 









5.786104293647448e-05 









7.354773257264825e-05 









6.566974220807806e-05 









9.762949580819108e-05 









6.417592293753473e-05 









5.325297392870229e-05 









6.873426524961101e-05 









5.6176810433962126e-05 









8.229392301911895e-05 









7.461093205148358e-05 









6.539744023617038e-05 









6.324328345902106e-05 









7.896157465975163e-05 









8.499800941208973e-05 









5.2039652298725974e-05 









7.304360894991313e-05 









6.645383338304379e-05 









7.139431183579058e-05 









9.64386702701752e-05 









4.9469906783089395e-05 









8.214491758824096e-05 









8.681517463209642e-05 









5.4754705254446115e-05 









5.6002905501420424e-05 









5.865261778180597e-05 









7.41197406843427e-05 









6.583781432138855e-05 









9.462411706241458e-05 









5.887043135191904e-05 









7.42530538371495e-05 









7.603278252411919e-05 









6.804744921679845e-05 









6.0982670786396053e-05 









6.600053038472692e-05 









5.59334084917646e-05 









7.430574139171529e-05 









6.137505179442242e-05 









7.413289416588534e-05 









7.356042306179013e-05 









8.855545057428677e-05 









8.256791392070588e-05 









7.015724010504136e-05 









6.166690501061409e-05 









6.504461537290682e-05 









6.465031305425897e-05 









8.354671491177315e-05 









7.103072186130107e-05 









8.19151825272372e-05 









0.00010590892092807495 









0.00010650368851605108 









0.0002511244612378424 









0.0003905512897417968 









0.00025631742300273716 









0.0002128652454330183 









0.00022469701409444045 









0.0001729153820009226 









0.00018880368968655274 









0.00017174559619146794 









0.00014551705651961192 









0.0001668651176215226 









0.00010550406311842092 









0.00012837828254559896 









8.251895120970547e-05 









8.328485661286277e-05 









9.915635771378574e-05 









0.0001480816681576063 









0.00017045441390763755 









0.00013883826928510703 









0.0002763816710183113 









0.0002277496998666286 









0.00014734508115353217 









6.288276801310442e-05 









5.810566176700724e-05 









4.8978164843747164e-05 









6.493139298138531e-05 









4.757629753960766e-05 









7.202954006461579e-05 









5.789020065136505e-05 









4.303829750448684e-05 









5.785156891041091e-05 









7.181201844362871e-05 









4.940115707599087e-05 









6.491816706063005e-05 









5.5878935872782776e-05 









7.549039740229602e-05 









4.9223642869366816e-05 









7.035901289496665e-05 









5.534888353311248e-05 









5.679866575707873e-05 









8.768213893411236e-05 









5.240478882040132e-05 









5.5773650566125544e-05 









8.023773358323577e-05 









5.196166728315096e-05 









5.3808870258369264e-05 









6.0036974698034096e-05 









7.427638934717718e-05 









5.3888585573489454e-05 









6.928881715365972e-05 









6.528045500875978e-05 









5.970511031206329e-05 









5.274484725214951e-05 









8.843373853892439e-05 









6.704257507160611e-05 









6.835296351897341e-05 









7.735460048354341e-05 









6.566862446864638e-05 









6.744692578331576e-05 









8.140194201142396e-05 









6.527062230969362e-05 









7.98141117038935e-05 









4.801301461699222e-05 









5.2939961035167566e-05 









7.462462384695816e-05 









5.9880149323290375e-05 









6.293444266088122e-05 









5.945081170102422e-05 









7.037018762590886e-05 









7.503631990898483e-05 









6.723798097516661e-05 









6.34065819445469e-05 









8.340333108218845e-05 









5.4388381472779446e-05 









5.1638008777604345e-05 









5.7939812464874826e-05 









5.417576412246521e-05 









5.900269294641183e-05 









7.068646489322072e-05 









7.814834426163658e-05 









6.171670960382492e-05 









4.344873650985581e-05 









4.917306529643078e-05 









6.730898992970554e-05 









6.860319543810321e-05 









5.141278702485715e-05 









7.380409622117186e-05 









5.8831651720422325e-05 









6.541850885335483e-05 









5.382255996762514e-05 









5.881030908041873e-05 









6.500932033071417e-05 









4.560526229867328e-05 









5.6309056544222354e-05 









4.775016293419342e-05 









5.223283892564241e-05 









6.088641183557324e-05 









4.667292292416087e-05 









6.76065384718881e-05 









7.754850124647833e-05 









6.134734265444049e-05 









6.102201600034421e-05 









5.4104089964937595e-05 









7.095602745120906e-05 









6.922331216130322e-05 









5.934349229580228e-05 









7.243286143991345e-05 









5.161560795785161e-05 









7.860882615361254e-05 









5.407650119700951e-05 









6.224773112028991e-05 









7.832414882120089e-05 









7.11914575135502e-05 









5.148145733591255e-05 









5.719183700325547e-05 









8.516638818497291e-05 









6.1028978391399025e-05 









8.548002536589817e-05 









8.664087101114979e-05 









6.849389992483978e-05 









8.096664744815894e-05 









4.9526531639776046e-05 









8.649616369809458e-05 









6.080158731994099e-05 









6.503018322949582e-05 









7.243292940761773e-05 









5.2212455615418095e-05 









6.834829997559617e-05 









8.52863954322592e-05 









8.136820800160201e-05 









8.411187379373249e-05 









7.779606398751224e-05 









5.138239430745363e-05 









6.602504028723713e-05 









8.30002799727347e-05 









7.728332822125264e-05 









8.020790003196606e-05 









5.6857143606164084e-05 









6.958902344140554e-05 









5.374178658006493e-05 









8.891169823256265e-05 









7.78721904223004e-05 









0.00010603472112463735 









5.085662773755034e-05 









8.666792185627078e-05 









6.484621994116833e-05 









6.936201812703856e-05 









8.931963631703645e-05 









0.00019704877097545756 









0.0007667640138292757 









0.0007016698694011427 









0.001185515264589687 









0.0008012986717252351 









0.0011469205358965292 









0.0010007547215143803 









0.0010539628037447343 









0.0009849114552614772 









0.0007958335975884142 









0.0011357554298285655 









0.0008938782500426631 









0.001190937781915674 









0.0006398730301193306 









0.0008246415738716291 









0.0008273967551787997 









0.0010106958642476242 









0.001187031859741739 









0.0007802504099086083 









0.0009364439131626944 









0.0010900847139574867 









0.0011378449627823827 









0.0009733822417957912 









0.0008384082689435603 









0.0008129304254282812 









0.0003794769207147372 









8.5780911513568e-05 









9.091635956866298e-05 









6.323548704612603e-05 









5.656795185076468e-05 









7.308055427292062e-05 









5.183268925936933e-05 









9.037616359054988e-05 









9.106404267690275e-05 









8.044091513494604e-05 









7.818838790042474e-05 









6.180321526722263e-05 









5.164853031157882e-05 









6.354801809593391e-05 









5.72133274937028e-05 









5.361613131062584e-05 









8.142666592657219e-05 









8.885196266766782e-05 









4.9414029167908565e-05 









8.504096988362682e-05 









8.21260697008171e-05 









6.690775532687688e-05 









5.023775556254293e-05 









8.821826229473831e-05 









6.214823406431105e-05 









6.433120074115535e-05 









7.351015150350286e-05 









7.120166466506799e-05 









7.882840809849201e-05 









6.84235999865824e-05 









9.146198411298355e-05 









7.052250608673853e-05 









7.211285418904921e-05 









6.842050824220358e-05 









8.023053561226709e-05 









7.359746610087222e-05 









8.365592031654236e-05 









7.341808143429937e-05 









9.61103457153601e-05 









8.492227225694573e-05 









9.392230898750653e-05 









7.62772472524739e-05 









5.5878671913302255e-05 









7.22958060402767e-05 









7.762245822787886e-05 









5.970721849790134e-05 









7.649116616636066e-05 









0.0001239555633661255 









0.0002854361120469444 









0.0003062201587146227 









0.0004217456287088655 









0.00041377399069815425 









0.00048404673639213956 









0.0007600337593643201 









0.0007402029601666424 









0.0006270550375448794 









0.0008576330989666966 









0.000655548707112765 









0.0005124821609136598 









0.0006564568838519026 









0.000738154042833699 









0.0007744671057809282 









0.0008463214933103425 









0.0009667519974437949 









0.0007235280363245503 









0.0008865046897718373 









0.0009691451582394483 









0.0012425778000276209 









0.0010947102941766705 









0.0011397919629364329 









0.0009433296392965211 









0.0006252568488648199 









0.00019644119895076786 









7.756761810568955e-05 









6.464852103552317e-05 









6.109235305817745e-05 









8.584287884353517e-05 









6.967019204992585e-05 









6.216308178333932e-05 









6.313011144698432e-05 









5.717616357459622e-05 









7.252571072591268e-05 









8.003901463287233e-05 









