0.2 









0.000279394111390598 









9.304909518622595e-05 









7.740423564646486e-05 









6.894637167132693e-05 









8.491445587420134e-05 









9.412638434246591e-05 









5.971965046440033e-05 









7.954717605426711e-05 









6.879419400302974e-05 









6.169651557170897e-05 









9.685311770450675e-05 









9.028724338270673e-05 









7.987163960837846e-05 









8.920724150754218e-05 









0.00013349617236276022 









0.00011083674247909045 









0.00018967332258718896 









0.00015966267766842238 









0.0001769789906408429 









0.00027332257945989966 









0.00020941368270142147 









0.00024527977884462935 









0.0002576543203325922 









0.00021583126069584158 









0.0003537283690560551 









0.00032680650716554 









0.0002980984102859944 









0.0004311820927346561 









0.00038646730668448004 









0.00027833673673705733 









0.0003667814035924496 









0.00024399973873131517 









0.0003517986372843213 









0.000273061029576347 









0.0002496701486636589 









0.00023863072203539353 









0.00015173754418804162 









0.00012771277308608572 









9.576108683227262e-05 









0.00011160028804013638 









0.00010992934177276826 









0.00010228735783124882 









0.00010376981932196324 









9.725660637591976e-05 









0.00013440693389563742 









9.820952942877904e-05 









0.00013463568713039726 









8.50125301164936e-05 









8.94203705765801e-05 









0.00015097905259379318 









0.00011022163539442131 









8.167170100395932e-05 









0.00012543692486208311 









8.486409813196854e-05 









9.23234979294264e-05 









7.984251379659218e-05 









0.0001320818436723352 









0.00010788805601731169 









8.807470365864501e-05 









9.934584114874121e-05 









9.399316414987111e-05 









0.00010268727790692543 









9.873253238986581e-05 









8.531694691977929e-05 









8.252737843833695e-05 









9.941806358500533e-05 









7.976627015519747e-05 









0.00011528273802935474 









0.00011944248299436758 









0.00011255973928382699 









9.279526779454295e-05 









9.301943740109596e-05 









8.240536369318369e-05 









7.233922734195794e-05 









8.65996428532292e-05 









8.94036874444175e-05 









0.00010053168754115716 









0.0001152337504284338 









8.324371779006292e-05 









8.531529876479234e-05 









0.00010549681028433408 









0.00010703282133310983 









9.0799092427771e-05 









0.00014606643031633045 









0.00018524796976539498 









0.00019945349413119596 









0.00017269817331974852 









0.00014877910014319493 









0.00016966125485602126 









0.00033742953955911086 









0.00036864669313971753 









0.0002465614377845237 









0.0003265655621822221 









0.0002002738554447361 









0.0003351342778391413 









0.00043042014229914256 









0.0003130680713883996 









0.0003672045251073057 









0.0005356913945293775 









0.00047709793054403837 









0.0002563462864000753 









0.0004854191351989951 









0.00037658968389503737 









0.00027714963777382987 









0.0004163183125342246 









0.00025949327113184497 









0.0003487555917168701 









0.00036694616224313217 









0.0002219116161816806 









0.0002290833128756622 









6.346857945043858e-05 









6.620974226695693e-05 









7.622518079902481e-05 









6.765719276911804e-05 









0.00011650064045545653 









7.980181309002381e-05 









6.650130044524684e-05 









7.521588970316743e-05 









7.483507940297627e-05 









0.00010963487432253953 









6.866488735511807e-05 









7.554049999979107e-05 









8.92205171746295e-05 









8.734612927942287e-05 









7.08016194586012e-05 









7.771022116992912e-05 









7.358254253749494e-05 









8.495797490758061e-05 









6.889226739171809e-05 









6.472950346504028e-05 









7.319559492788291e-05 









9.17118058871024e-05 









7.683639980979631e-05 









7.374984396841519e-05 









5.817585260734411e-05 









8.269714874722001e-05 









6.694490622986619e-05 









8.143843492264483e-05 









6.20761459396389e-05 









5.32566606800305e-05 









6.675929030474361e-05 









6.753188368705367e-05 









7.611096023665522e-05 









8.229906133940698e-05 









6.143053687667779e-05 









6.593044106104397e-05 









9.59330555691182e-05 









7.381930907620376e-05 









8.45003261169467e-05 









8.016220532860522e-05 









9.898541072432638e-05 









5.5311385799685147e-05 









6.029214687852522e-05 









8.328966803616716e-05 









8.675339188691909e-05 









6.670844403214445e-05 









9.132227960197316e-05 









7.607857070886447e-05 









6.354817908966018e-05 









8.104634793565382e-05 









8.789069781972665e-05 









9.096877305824573e-05 









0.0001007755998940492 









0.00010574612930577023 









0.00015891717276049619 









0.00014133852334422914 









0.00032063033193474745 









0.0003481297750170519 









0.0003504518210421346 









0.0002708456397013941 









0.0002868105068553114 









0.00035524231397406574 









0.000383414292751631 









0.000269059679225896 









0.0002665497475639225 









0.0003734495395351469 









0.00022169195436373912 









0.00023323839622422116 









0.00040214048670019154 









0.0002846665623775913 









0.0001989226074964321 









0.000334904901885549 









0.0002511419547152389 









0.0003264751767366867 









0.0004545833942251907 









0.0003292602882812406 









0.0001829506122427657 









0.00023114254282611868 









0.00019344219538795565 









0.00012413430915847028 









0.000126038859713039 









0.0001118796094492089 









0.00014166355292887523 









0.00010182123703259677 









0.00011329705487673675 









0.0001534346800857182 









0.00012275698287466527 









0.00015198366815719698 









0.00013655732504543972 









0.00012356627790245406 









0.0001282710877757148 









0.00011485974565948341 









0.00011318554678246878 









0.00013664303056048317 









0.0001617391874464314 









0.00013991519076327692 









0.00013100274319491256 









0.00012723247924765148 









0.00011008914486567055 









0.00013673933358451898 









0.00013504296206890567 









0.00011845671170814773 









0.0001263839164700389 









0.00013232477372362143 









0.00010348260409620521 









9.827762234723983e-05 









0.00013650902913645027 









0.00012420746161564042 









8.941642062819638e-05 









0.00013670722688729567 









0.00010173899911019676 









0.00010190298052698747 









0.00010615015312093326 









0.00015182245039674315 









8.702519256302998e-05 









0.0001221902150185132 









0.00019854674128700416 









0.00011707027421893019 









9.197081757690982e-05 









8.744633503635691e-05 









0.0001070269326888979 









0.00016028970972431023 









0.00010551237813844624 









0.0002860755286439286 









0.00033399815667458494 









0.000302914724472758 









0.0002854796674320357 









0.0002394966595731748 









0.0001988486359315499 









0.00024562824605825126 









0.00024162811645500517 









0.00041217218386070936 









0.00030281977712545683 









0.0002874855863706198 









0.0002683106293945731 









0.0003012319118498168 









0.0005762783224703088 









0.00043851414261493753 









0.0003684122475827629 









0.0003362442028693664 









0.0005287609612043943 









0.00044287690005335805 









0.000309545964743875 









0.0004429678673392935 









0.0003715562871681712 









0.00039718599229362415 









0.00026807845157216057 









0.00025432831671238837 









0.0002443458649804202 









0.00026178571732257526 









0.00010228853182901672 









7.609654752952749e-05 









6.757926711095648e-05 









6.719107961750104e-05 









9.184735877273197e-05 









9.176587085718666e-05 









6.88482275958528e-05 









9.597179941756408e-05 









5.7023052435616395e-05 









9.370398519065146e-05 









6.206229773259825e-05 









7.14704374080582e-05 









7.281996166583283e-05 









6.780689727756983e-05 









8.132193644065095e-05 









9.793703355166551e-05 









8.091997944023642e-05 









9.165732365141335e-05 









0.00011167006015938268 









9.169434786896034e-05 









6.602574332848135e-05 









7.332551721862373e-05 









8.277038399568252e-05 









9.126847699603067e-05 









9.20824973214298e-05 









7.413455860612818e-05 









9.780217793758973e-05 









6.036860954609711e-05 









8.780067400674253e-05 









8.807232612393745e-05 









7.527539304513371e-05 









8.398621208853427e-05 









7.651618570411342e-05 









8.498490531893866e-05 









8.748472716959824e-05 









7.82233126931866e-05 









8.700863346201648e-05 









7.924437823471559e-05 









7.215781510861446e-05 









5.447600081887166e-05 









6.769180301508181e-05 









0.00010819855167272794 









0.0001007308771021343 









8.129655685035348e-05 









6.809394409652853e-05 









5.8280037863048936e-05 









6.556936896127215e-05 









0.00010350871642437866 









9.658056496547086e-05 









7.665612668944285e-05 









9.229890745608516e-05 









9.857798714702301e-05 









8.626375243358953e-05 









9.66511337970211e-05 









0.00010167580221045994 









0.00022123229826064594 









0.00037169164522546263 









0.000324747063853866 









0.00015097691339583554 









0.00024593815012081055 









0.00029867967419643977 









0.00023765478704022285 









0.00026692683248388284 









0.00019634431070069278 









0.00024919957604925037 









0.0001690301350681739 









0.0003572219433408282 









0.00028045818106178707 









0.0003184872211928852 









0.00021683078693394216 









0.00025402277858148424 









0.0003787206480026442 









0.0004116200477456874 









0.00031581690431481564 









0.00032520539069958614 









0.0002997306594653701 









0.0001707196994636089 









0.00020896666246231064 









0.00012651221101139356 









0.0001298877123779346 









0.00013856417219346924 









0.00010765782052591741 









0.00016638033289413938 









0.00013932954306988384 









8.762769577997901e-05 









0.00010285306253411742 









0.0001174138051723584 









0.00012648991644330845 









0.000103285377675549 









9.494780798072251e-05 









0.00012211812230944735 









0.00010011263950454613 









0.00011403476938045451 









0.00013257428236465872 









0.00011193899455219383 









0.00011885562075992618 









0.00010868044661833156 









0.00012135958776459564 









0.00013685390339467156 









0.00010646406329225755 









0.0001444428956124355 









8.229837238335158e-05 









0.00014071523915047012 









0.00014634104782454115 









0.00010101722992267436 









0.00010089483027456077 









0.00015105518693034854 









0.0001100356489292473 









0.00010170666967021692 









0.00012414785889527382 









0.0001447948353573158 









0.00011488139515291064 









0.00010675161272181082 









0.00013418975574693725 









0.00010220347422433702 









0.00011733899736587609 









9.90891248254479e-05 









9.665280336870311e-05 









0.00010341709190411884 









0.000146484525715572 









0.0001318090306725554 









0.0001367879439596981 









0.00011879083377889078 









0.00015030208582765992 









0.00015725347360706757 









0.0002547544993151115 









0.00025871999175918457 









0.00017706588045986478 









0.0003582195938185562 









0.0003182009464222524 









0.0004418141908755853 









0.0005058498158778454 









0.0004061557194586173 









0.00043211112144691253 









0.0004266357842282638 









0.000513763418652849 









0.0004041761612511704 









0.0004825962360103536 









0.0003605846548834882 









0.00037357137085020407 









0.0004557746286699646 









0.00037500434222278046 









0.00028141499020214463 









0.0003839015568993492 









0.0004324251079144697 









0.0004721240526098711 









0.0003976204370082171 









0.000330388731180213 









0.00026135969134264114 









0.00019653649780384798 









6.2516183436328e-05 









5.8163439561383133e-05 









6.570139783068654e-05 









7.507821744176468e-05 









8.768324606021777e-05 









8.088400772019239e-05 









7.487367369323014e-05 









9.118859464251006e-05 









9.323260100103765e-05 









7.210614797529261e-05 









6.116956978857455e-05 









9.164035896797317e-05 









0.00010815409270296825 









6.941002949409559e-05 









8.268904719829803e-05 









8.20967713739036e-05 









8.078157639393289e-05 









7.78287965997414e-05 









9.41400830644738e-05 









9.602265838931702e-05 









7.05272669023227e-05 









9.766456860214477e-05 









0.00011224440825898484 









8.789854735221344e-05 









8.49056493047006e-05 









9.434201741908522e-05 









7.08077879833674e-05 









6.234803124272883e-05 









8.022706409628168e-05 









5.950790859999728e-05 









9.90956250495819e-05 









7.629977352298023e-05 









6.70895735456106e-05 









7.43317367332127e-05 









7.180549857980969e-05 









7.120416240946255e-05 









9.293496916286624e-05 









8.439273800650994e-05 









7.498154868383778e-05 









8.548428025195525e-05 









7.685106974578471e-05 









8.401007111082313e-05 









6.32011516363861e-05 









6.48538633801268e-05 









9.976739683663152e-05 









6.693721008089192e-05 









8.92139903471119e-05 









8.412303598408546e-05 









6.196044855827728e-05 









8.824016557523623e-05 









8.267701884489244e-05 









6.0187582345142694e-05 









0.00013405016000135893 









0.00010801378857103197 









0.00017232514770544534 









0.00017824601477929927 









0.00020612501738548496 









0.00025053456316408645 









0.00022149022377972053 









0.00021177465714696027 









0.0002716644797799712 









0.00028147256873393414 









0.00030486639331512644 









0.0003440106630832971 









0.0002689207118263402 









0.0003101018533401801 









0.0006299632196239407 









0.00043316504307383893 









0.0002598860906099157 









0.0002798051756782414 









0.00025485031073269916 









0.0002269602118657409 









0.0002762961686350603 









0.00021563103739027285 









0.00024170259322633857 









0.0001776278693780547 









0.0002024923282605776 









0.00016880738034867008 









0.00016330631071346597 









0.00011855509454359832 









0.00015903377344380986 









0.00012173501065581674 









9.954084925074298e-05 









7.550716836117423e-05 









0.00011449151838525766 









0.00012772290826856315 









8.308362562357952e-05 









0.00010025448132785589 









0.00014182889171202346 









9.804371735443811e-05 









0.00010097217391326219 









8.78073029695307e-05 









0.00010150948965324255 









0.00014440488902701942 









0.00011635042461084778 









7.510372104423435e-05 









8.536928384388564e-05 









0.00010488443409120716 









0.00011037868015427775 









9.823890126632912e-05 









0.00010828005796947847 









8.22085215961502e-05 









0.00011409498459669988 









0.00016296807552910295 









0.0001219240537552044 









0.0001438068109778843 









7.065905414885677e-05 









8.295432356857126e-05 









0.00010777158754154713 









7.809559366120435e-05 









9.982547161278288e-05 









6.720747135399564e-05 









8.350483844655332e-05 









9.534050864576574e-05 









0.0001046225336045095 









8.817772955480479e-05 









8.744578793255225e-05 









9.539886361511503e-05 









8.592217638266541e-05 









9.063690352637052e-05 









7.873402737425793e-05 









8.259244447992865e-05 









0.00011669838733209984 









0.00015991334869345142 









0.0001649631743241853 









0.0002105973321493416 









0.0001734314463380818 









0.00030624323063458195 









0.0003007326241447127 









0.00027368760216353317 









0.0002974224179286132 









0.0002641194019022061 









0.0001995120962274887 









0.0003772208061549238 









0.00035415858393543433 









0.00039368163082921536 









0.0005011332275691033 









0.0004953052080619803 









0.0005122927629768871 









0.0004640290451691861 









0.0006746260363630922 









0.000519475689239288 









0.0003581376829054395 









0.00041685542703994176 









0.00034406461924792783 









0.0002967253836525799 









0.00045596241502622917 









0.00033450895521236213 









0.0003633781205022494 









0.0002882817562520595 









7.992689027244644e-05 









7.326007216532764e-05 









6.248393463688997e-05 









6.858157396339196e-05 









7.456482151306813e-05 









6.769109372814348e-05 









9.204047953822829e-05 









6.725003505982838e-05 









6.674823423159104e-05 









8.175477205232286e-05 









7.980507363095909e-05 









0.00010506401996972349 









9.995236278535053e-05 









6.717412482416625e-05 









7.091220494734729e-05 









5.9353236817912244e-05 









8.242038488841296e-05 









7.213475059972336e-05 









0.00011326361714896285 









9.035946790560273e-05 









9.505467123718349e-05 









9.362931681847584e-05 









8.62779236768418e-05 









9.919518245281412e-05 









9.258713503150696e-05 









7.202402832261967e-05 









7.910892112349688e-05 









8.347726302444452e-05 









6.46564334031347e-05 









9.42653075268249e-05 









6.524619219988085e-05 









9.10696560470747e-05 









8.34525741261407e-05 









8.040136588701248e-05 









7.762981119716952e-05 









7.708253310396251e-05 









6.726353572367049e-05 









8.272041477665937e-05 









7.814912307048855e-05 









9.629189043495445e-05 









6.533237289102966e-05 









7.525266884249412e-05 









8.501594317390088e-05 









8.467549317669546e-05 









9.127569056612685e-05 









5.863790573249705e-05 









7.444627212032046e-05 









6.898443998122256e-05 









8.058767984564025e-05 









8.763802380585807e-05 









6.16344357912038e-05 









6.863770635461309e-05 









8.368346334633407e-05 









7.093776101804203e-05 









9.7595772513746e-05 









9.589652723630631e-05 









8.180520134691487e-05 









0.00016058484698608632 









0.00011190092274012832 









0.00019221091167950143 









0.00011228574535177248 









0.00017094167463663676 









0.00012925101976323663 









0.00013885434019499947 









0.00015364390559091217 









0.00010351548500401816 









0.0001481304298563481 









0.00014208170017685992 









0.0001686450135892341 









0.00012770850380995998 









7.972508457012281e-05 









0.0001636686482627402 









0.00019259198973135453 









0.00014158548553258257 









0.00015473667569230228 









9.389272768065623e-05 









8.425166927295921e-05 









7.926361522340792e-05 









0.00010139102883399825 









9.545960074942435e-05 









0.00013214751013570006 









9.272045708190173e-05 









7.307427056756077e-05 









0.00012341081909860889 









7.24998723406821e-05 









9.17374454063074e-05 









0.00011095410271061049 









9.684095325721241e-05 









0.00011130448718783427 









8.122864866642133e-05 









9.628574543937778e-05 









8.34357970992651e-05 









0.0001271064575660271 









0.000124016656438983 









0.0001316974482717286 









0.00010880423431135715 









7.935093066214533e-05 









7.292934181078477e-05 









0.00013237198033210155 









0.00011344648399330843 









0.00011856026907359942 









8.185066899544998e-05 









0.00010155803799665123 









8.804466446317717e-05 









7.93291664726041e-05 









0.0001182450153781044 









9.996067623929409e-05 









0.00010161294885532458 









9.069328301271104e-05 









0.00010501791066958877 









9.567863115252453e-05 









0.00011671760643491033 









7.655200174599359e-05 









9.114216010882914e-05 









0.00011692628385073746 









0.00014140092964642583 









9.436421833081162e-05 









8.347306330412535e-05 









0.0001163136904682069 









7.849697508032166e-05 









0.00012325538734591198 









6.777617116017723e-05 









0.00010208180462098734 









9.903441905418286e-05 









0.000169964431833421 









0.0001713876943780099 









0.00025549860203100485 









0.00015731865337559125 









0.0002102060927225361 









0.00010715802764873177 









0.00012383211416332136 









0.0001710125720793983 









0.00016507143423375614 









0.0001673589368770358 









0.00017281767715420323 









0.00013126129352968542 









0.00012765738093785416 









0.0001849984186811184 









0.00017024064052482924 









0.00016363312678918855 









0.00011499896992470441 









0.00011237313769092307 









9.698840516649831e-05 









8.748583290864254e-05 









0.00011343715902132671 









0.00014278907085794656 









0.00014418084514490403 









0.00011370202580470499 









0.00010358611848844121 









0.0001061620397217747 









6.204509905876474e-05 









6.862240923998495e-05 









8.981494500915133e-05 









8.502506178167767e-05 









9.425707913925132e-05 









7.775377149752479e-05 









8.156773148731783e-05 









7.731324097229231e-05 









6.187887806034888e-05 









