0.03 









0.7275388439348281 









0.28258735526168616 









0.18983538140937706 









0.20665549871013583 









0.20090961812639357 









0.19470263484381015 









0.1919487742037134 









0.19193907141109628 









0.1943616990022232 









0.19136927989488023 









0.1901620480392242 









0.19088540402879758 









0.17403733552561948 









0.16363842641778156 









0.16871329300857738 









0.15215306896423922 









0.1366005618073753 









0.12444689821693719 









0.11052451424008251 









0.09257878364258203 









0.0863626804834366 









0.08607816564240213 









0.08701535360028952 









0.08846502876280607 









0.08898476016729177 









0.08763790458768714 









0.0860579136423595 









0.07885907095179413 









0.07553335893576082 









0.0800002759907492 









0.08542477417647194 









0.08542145824175501 









0.08046444454955058 









0.07529236499783697 









0.08216862507900624 









0.08378007817106037 









0.09217427069486464 









0.10750985410334732 









0.11783362550242596 









0.13181503673317957 









0.15341076297071368 









0.14828756152494807 









0.14476825193855938 









0.14643034354668377 









0.14281265135871066 









0.1438724415973422 









0.14158364203620033 









0.14040221714632528 









0.14513511296027212 









0.15127315109367936 









0.1492476501427922 









0.1516568772215825 









0.15042976544914052 









0.14016806979468843 









0.140069193116494 









0.14629425927491196 









0.1500287769058539 









0.14647601490271123 









0.135518647715101 









0.1459936030170771 









0.14918156428854182 









0.14931334430743665 









0.1480303160799658 









0.1493784226782712 









0.14743708104361886 









0.15752332836623234 









0.16310776277387337 









0.1536290543949332 









0.16172605246023858 









0.1526143632441993 









0.1535738437731797 









0.154000162491302 









0.16036093665153411 









0.15174517434331125 









0.1495692705974281 









0.15377765602889287 









0.1591389103010919 









0.1551393389904813 









0.14558422378403157 









0.14934591322128557 









0.15256453751950338 









0.15277203249291404 









0.16344634537117408 









0.1554356006226282 









0.14235373754067238 









0.1216841360788914 









0.0983736299216699 









0.09776234795132738 









0.10257039384804628 









0.08870634731093216 









0.08096810672721534 









0.08454242169480831 









0.08858558072184869 









0.09144423003170882 









0.0941541510696329 









0.07924934102996295 









0.07840797922041276 









0.08341056410562654 









0.08141750371606524 









0.07587633953345081 









0.076209884236164 









0.07656795292054018 









0.0816161628780652 









0.08395245737346241 









0.08079725228437644 









0.07955888868549009 









0.07893995031766775 









0.07966099465221049 









0.08215081324983758 









0.09698963550160848 









0.11857866686847496 









0.1811733620898007 









0.1978721957310618 









0.19674173951295118 









0.1875309825057845 









0.19891657800813867 









0.19077439536521346 









0.1885156451091409 









0.18669842195315056 









0.19076608474658507 









0.1957642765614627 









0.1900713713175201 









0.1816971944349182 









0.18891755915665842 









0.19105734765655968 









0.18506431773436666 









0.1853403588644329 









0.19449443283041434 









0.19963482266423951 









0.19394128060639898 









0.19676372667797998 









0.19390458755418838 









0.20232787302658073 









0.19490157327985977 









0.19641407158780103 









0.19645582526192654 









0.20173377579231713 









0.1962034218838967 









0.20156305387041304 









0.19209945543960666 









0.19021544696282788 









0.19992351741059425 









0.20714012976630972 









0.1896710087069517 









0.19195466383333423 









0.1904739811677569 









0.19431300447650557 









0.20125084635589693 









0.18484297601004301 









0.19543629898371997 









0.18823732651723318 









0.1981394198204712 









0.19937303525729042 









0.18761872444851613 









0.18434179684514995 









0.19017362328487555 









0.18853212434139405 









0.1877167644400635 









0.20206301891789355 









0.18601119690896345 









0.19893728461134924 









0.21039417581509917 









0.1873252533522353 









0.17065995120824617 









0.16640527159443289 









0.14979186670391453 









0.12715522716378425 









0.09845169001490264 









0.09160961174376911 









0.09474371525047484 









0.08705472639225208 









0.07985662949342955 









0.08203397415429878 









0.08264459816560812 









0.09180457136568673 









0.08598250722194645 









0.08773128242119906 









0.09299252902800734 









0.09064178837631467 









0.08411645038112402 









0.09031934388894147 









0.09884428978979153 









0.09080196684288248 









0.0837534429467435 









0.07442190293218058 









0.07428294964588071 









0.08293255088854565 









0.09600759602232567 









0.10162844678135056 









0.11416625321318133 









0.11784081318212941 









0.12076089686362765 









0.12369807903229085 









0.1262425648040317 









0.12015596516889436 









0.12560147109857042 









0.12111738480896203 









0.12504126282654346 









0.12837903678097284 









0.12668090646270305 









0.12339372588602465 









0.12640264003559593 









0.11843135776037 









0.1286016496956824 









0.12960147258391586 









0.13971114573108578 









0.1301330652021379 









0.13291186249267004 









0.14247495600927387 









0.1377619348355205 









0.13028298814168449 









0.13399177575938334 









0.13429521805737968 









0.1343332779278492 









0.125409054768901 









0.13186383198909948 









0.13221499662118236 









0.13694536013432457 









0.1358122424400348 









0.14227193329447257 









0.13162174857871015 









0.13172727231754772 









0.1349180445948454 









0.13146162155124438 









0.14406538308320183 









0.13365215191083948 









0.1374353934208397 









0.1299204861999053 









0.13381749020942593 









0.1462171564422299 









0.13797822148585637 









0.14500776166623408 









0.13850671150267638 









0.12456608357905744 









0.09960162332977027 









0.08607734689421975 









0.0904076628234857 









0.09045804160466596 









0.09586647878784477 









0.09493917994456355 









0.08784827361375054 









0.08591529790443674 









0.08167479400056381 









0.08122715212674123 









0.08273779180907645 









0.08407728272296479 









0.07663162561208745 









0.07237363852498895 









0.07563259321167523 









0.07197710755408801 









0.07297668303334526 









0.07377403369658235 









0.07391496801709953 









0.07583863625459963 









0.07560584892442263 









0.07732111538777423 









0.0771240666189285 









0.07868863781793847 









0.08211557148089121 









0.09135968228728815 









0.10947703227016814 









0.16979637647790066 









0.18073396891110513 









0.1904771541371639 









0.1957220932731949 









0.18787039599660968 









0.18551859591957198 









0.18831548341948673 









0.1862947467738504 









0.18993566066319084 









0.19640272535909262 









0.1973288361359292 









0.19059373871092616 









0.19976331944357867 









0.19701410850965975 









0.1910389726545561 









0.19876072634485095 









0.19400463048551528 









0.19722495126332024 









0.19022870862815758 









0.18634509615028266 









0.19201440634111247 









0.19779507541728852 









0.19879833447552714 









0.19751969521216928 









0.19264524395418736 









0.19813030265843284 









0.20128562574683795 









0.18469407483764713 









0.20021965438552236 









0.18432911534636937 









0.19367423508279155 









0.18965074662114417 









0.197224396468939 









0.19047701183375473 









0.19193217325321565 









0.19773217685954056 









0.18784105358999775 









0.189254008895957 









0.19152213001746526 









0.20822291563595433 









0.1952629907007777 









0.18322110804011646 









0.17874055915231607 









0.18829178041082187 









0.19389891792134073 









0.18530621527450317 









0.18862330491541388 









0.1880482654125466 









0.20106646027163658 









0.19901856586435812 









0.2214563735091505 









0.2206622341271834 









0.1904814849493946 









0.19585386831645368 









0.15748060780229667 









0.11613071962613901 









0.09664503032681579 









0.10497182272627811 









0.11639152143971675 









0.1104166063523341 









0.10810419578459853 









0.11611971932574122 









0.10973116294706874 









0.11327148387575159 









0.10784550105395864 









0.10813636859175677 









0.09783832279065072 









0.09355853960828867 









0.09209842661111517 









0.10901580298096872 









0.10897997133452532 









0.10145460417259206 









0.09431834906812409 









0.08690304138090338 









0.08049544791639247 









0.08578639242475902 









0.09558353566948716 









0.10652276268231348 









0.11576475856441598 









0.12469659919530239 









0.12778662083502584 









0.12331563934822387 









0.12711750088422538 









0.1361435737728868 









0.14679845773394515 









0.14435391050332033 









0.13971117761236815 









0.14771808871444012 









0.14226159961481624 









0.1414290807907123 









0.1383513672685392 









0.14225898726947034 









0.13856975490149745 









0.13814896548179365 









0.14365885790436095 









0.14903189179521664 









0.14592431742870113 









0.13896626264471768 









0.13427353184443097 









0.13864364922865938 









0.14005218109961187 









0.1336171090813266 









0.14202455163824496 









0.144425242667635 









0.14149789281591849 









0.14054588035362822 









0.13597334987090115 









0.13576864128409305 









0.13846165233420596 









0.14374902907579576 









0.13954341986837324 









0.14083993522969235 









0.1409332765791987 









0.13829164098730867 









0.13239911345924962 









0.14038856093745672 









0.14471600884713448 









0.1467930171908091 









0.1382890409350304 









0.14146463004435236 









0.14055662983144912 









0.14722538232887925 









0.13975247792541054 









0.12592034522372453 









0.10943377908030616 









0.09628678909249326 









0.1069751166469136 









0.11079060885799137 









0.08705836088847599 









0.08433923840579241 









0.08029319569883543 









0.07693360211183098 









0.07408450455946869 









0.07477708575088686 









0.07237338641847438 









0.07483848669369467 









0.07846439318315568 









0.07716149564242433 









0.0705811331918017 









0.07085704595949176 









0.07356453500607829 









0.07936671459271724 









0.07868989804633857 









0.07754818804468136 









0.07373628865821362 









0.07555224082956352 









0.0736501286821998 









0.07584235692713026 









0.0802638411598596 









0.10856160468089915 









0.1711302149114671 









0.1987142780743021 









0.20174974337393373 









0.1963097560754563 









0.18460345720465812 









0.19700974583757125 









0.19095965826165562 









0.18233392377540675 









0.18995000184961747 









0.20106589070439812 









0.18204865914535626 









0.1927341131690513 









0.1905914158407859 









0.1934639156901978 









0.1973003412531065 









0.18761590921910465 









0.19220072451290227 









0.18991573786527347 









0.19489377486267817 









0.1886535887916144 









0.19763626161376738 









0.19389747583567446 









0.1937658901209113 









0.19647906786490127 









0.1966872315772578 









0.19194847592580735 









0.20066887691024698 









0.1921369690704271 









0.19356212779639703 









0.19008802536786856 









0.19996974022357486 









0.1930129165591504 









0.19421503527592646 









0.1941304692691918 









0.19108526063957482 









0.19400813048065313 









0.1959776112205558 









0.19874629944116237 









0.19515133485481378 









0.18541180755398948 









0.18638970880195005 









0.1858192648339615 









0.19153068159745806 









0.19174311234726746 









0.18693867283100593 









0.1761132375296803 









0.19225137485511687 









0.201585748256364 









0.20080153938035364 









0.22123429467271127 









0.2806568019747318 









0.38976831450342764 









0.5141865326462256 









0.6827966162345054 









0.9433476264499702 









0.9554241379445243 









0.7834843356934156 









0.6775146401093315 









0.6741638829310219 









0.6576422718635158 









0.6091715559391364 









0.582672822630686 









0.5422973501714875 









0.5131030801743494 









0.50624810724548 









0.4379401835839057 









0.3652337742415134 









0.3835500382556096 









0.47022996150789476 









0.558823284603366 









0.6565039371927478 









0.7779537625279698 









0.7774631700371449 









0.7431946442458703 









0.29188351987925687 









0.11104043718451298 









0.10731596798799371 









0.1071242730917866 









0.11380573199428563 









0.1300576243131923 









0.13769718490771707 









0.1386618085418017 









0.13959715930030137 









0.14561527462002563 









0.1410721903622151 









0.1430079666056408 









0.1555859460173457 









0.14728755650512373 









0.15001600106470936 









0.1557918083519164 









0.15524645005209126 









0.14926973522116782 









0.14989999570363344 









0.15717003007321656 









0.16392821433183735 









0.16139233484599144 









0.15821035179881407 









0.1615862269069659 









0.16125182867724988 









0.16635778027586687 









0.16408048879335904 









0.1578190853010743 









0.15430450203517612 









0.151585381422223 









0.15757058749037808 









0.15561731367313944 









0.15135795731714094 









0.15862967909897743 









0.1595063289429523 









0.15930739770700267 









0.1540450137240718 









0.1608385994373441 









0.15618342858180753 









0.16448513532895792 









0.16616592100954858 









0.1595440051954014 









0.1674772835949553 









0.16874119017542222 









0.16507329700093767 









0.16976762207879945 









0.15792894300076005 









0.1587558844218705 









0.18476512700934483 









0.2081621344524616 









0.16566337983905335 









0.14662433533549055 









0.16331405282663233 









0.14488259974362389 









0.14038976718556428 









0.1418292561888739 









0.15408372987922672 









0.17008084424532965 









0.17184624065803555 









0.13200498633707952 









0.11322445759641207 









0.10527118720126524 









0.10113406313954044 









0.10422452505316004 









0.10456653297285014 









0.10580975599736962 









0.103081455323052 









0.10974351381326926 









0.11870015599585558 









0.11793084804402734 









0.12649321023552315 









0.11555941399306771 









0.08680573597117242 









0.07058084411000605 









0.0743658232609574 









0.09042782653828334 









0.16866256349480024 









0.1887194865953874 









0.19657462610268464 









0.19796586895014345 









0.1851945248709454 









0.19682586011645264 









0.18796408786263927 









0.19907727996659175 









0.1951035563435221 









0.18638221621658557 









0.20274827999224618 









0.1987794902982822 









0.1936426247373322 









0.19267014077236364 









0.19552055346050182 









0.191871961113446 









0.19710876938810792 









0.19785631027576286 









0.20041520560100617 









0.19703609452885076 









0.19475169416831872 









0.19196365673360294 









0.19399113016416863 









0.2109475139099011 









0.2018862664213455 









0.1951984631711287 









0.19138676681769892 









0.18625806929159194 









0.19013212143827324 









0.19392732437878052 









0.19481578216673923 









0.19800272203386052 









0.19475204548935507 









0.19865043562205795 









0.1904357779027096 









0.18812159935862188 









0.1891283006623814 









0.19745304689868448 









0.19633857039808422 









0.18958667787926542 









0.17922621034802702 









0.19047548665471367 









0.19242435661090385 









0.20092091300098572 









0.1986618538821651 









0.1998628481435971 









0.19510448297537056 









0.19520298694931523 









0.20361807524752096 









0.2311148014278797 









0.48407921368400864 









1.1443458000706834 









1.4061637230053694 









1.4573911027082602 









1.4760057853686486 









1.4861845335816506 









1.4897443935269945 









1.489867684660967 









1.4901881814672924 









1.4905471708135534 









1.4920733825041674 









1.4917424259723726 









1.491419989568673 









1.4922559332649237 









1.494539578557349 









1.4952747166081355 









1.4948300555869112 









1.4945253054469079 









1.4956197641756643 









1.4967621011361998 









1.497637154564905 









1.4972568353357572 









1.496884989996941 









1.4960995630761111 









1.4759250134364212 









1.098937915521112 









0.3392544396747251 









0.18823350711101522 









0.18877241576293002 









0.17721706696918332 









0.17650253013685402 









0.20124394537132564 









0.20144458183652889 









0.19102728229228608 









0.20669521923822382 









0.20072441721917383 









0.19344897113373094 









0.18422877728643705 









0.1738284986462377 









0.1876429307887143 









0.1895561060373098 









0.19478753882034588 









0.18631597868986582 









0.1948709499552158 









0.19821686002779984 









0.1928157034349438 









0.19028647549406608 









0.20690685825279878 









0.20639519923843097 









0.19168917682530381 









0.19835843078783963 









0.19946170857230347 









0.198432159835802 









0.1904201837037213 









0.18701364909958162 









0.19877650567662722 









0.1991652334248552 









0.19699888392849715 









0.19341965802569153 









0.19069993309456063 









0.19434419815675946 









0.19474577521703418 









0.184092088942149 









0.18480794861920713 









0.1909328741993726 









0.18576634529100633 









0.19400496303637563 









0.19732882837505278 









0.20182773979568058 









0.19167831310901462 









0.19371945078638367 









0.21213701151197542 









0.3467595202130515 









0.6553740712552713 









0.9315267799892795 









1.0648111504044513 









1.080716401934507 









1.1907507458438167 









1.2219753572325929 









1.3122678359575988 









1.3635710470907818 









1.375731846211546 









1.3775366347576632 









1.37346359530459 









1.3765972629386665 









1.4010558478719086 









1.424751092769691 









1.4416740335785774 









1.4489254365464377 









1.4557489923101268 









1.461211012433468 









1.4754901086682304 









1.4817119087873547 









1.4839334922593415 









1.4844400631609975 









1.4790690105780293 









1.4180347597001066 









0.9949019585143571 









0.35151464245203035 









0.17562553286158655 









0.19050849017202168 









0.2055700670444346 









0.19588712055958157 









0.20416212119883648 









0.20391177459649473 









0.1935520024613403 









0.19937579883301546 









0.201791790280166 









