0.03 









0.18772329123972453 









0.24585830725943641 









0.19844501514837343 









0.24139351295855252 









0.2578703578975546 









0.264002946249916 









0.26176080300157967 









0.2523934660119552 









0.2688104964882358 









0.24884913426604427 









0.2600234681508668 









0.293417293215191 









0.33794777921422425 









0.37884250124015645 









0.4169211484503909 









0.47881490722094117 









0.5427563265996598 









0.6110875467209285 









0.7553278913392005 









0.8840358429458189 









0.9160656625736374 









0.9390973613347722 









0.8912051926877518 









0.875584592251878 









0.8879298800345383 









0.8922696615864023 









0.9740688058651171 









1.0525253386089872 









1.0419054957539404 









0.9031045803061635 









0.9418554631855496 









0.9280889694788741 









1.026693749596996 









0.9787330321465922 









0.8903474351544051 









0.8706434284938247 









0.7111427371283028 









0.589086504640201 









0.4650393617867844 









0.4268803079558292 









0.39340686733072366 









0.3923825876121929 









0.38851485629817856 









0.4002698254845167 









0.38751896722338375 









0.4253036858867165 









0.4167988294796487 









0.4108020951231766 









0.3591598551346514 









0.39450932346602247 









0.4055331868181444 









0.3866663576567999 









0.4253839891180108 









0.4353788841088003 









0.39929233488379096 









0.3961468070407169 









0.40660435407816986 









0.41723034211620447 









0.40033807870430216 









0.41273354487389374 









0.3948554859123619 









0.3927209839651355 









0.3874660290764307 









0.3802738139179071 









0.36659576271760197 









0.36067807980267125 









0.36570133153500434 









0.355065573288876 









0.3635795304873178 









0.3592858918517424 









0.38272985444534574 









0.346115863094401 









0.3783193266240805 









0.36679232400818745 









0.3838649724301051 









0.3783167187390014 









0.37106948344201574 









0.3712171996312981 









0.38166653851005217 









0.3958264189632882 









0.3805606148239536 









0.3719215435706009 









0.37367533226482724 









0.4161329299377536 









0.5231252180751078 









0.6782193583124629 









0.8080359385457336 









0.6886746724128145 









0.7701169078429801 









0.9689326241204002 









1.019079341608156 









0.9064153227669447 









0.8432693483427236 









0.8258181058489382 









0.9594484204335298 









1.0340522828668544 









0.9730796488962936 









0.936102576413238 









1.0511184840752101 









1.0596391053055119 









1.049861194231726 









1.023016162919899 









0.9578833330844978 









0.937254333459364 









0.9774400307180532 









0.9460898297795168 









0.9823896391220133 









0.9406315268473024 









0.8586019532749992 









0.7068072771198145 









0.2752271182326792 









0.19426486873363838 









0.19383090184778892 









0.24838341114869844 









0.2626617691017946 









0.26867122890385237 









0.2666650220411017 









0.27108707506343954 









0.2639533550021126 









0.2527359739191459 









0.2766901057600647 









0.26191045695192294 









0.2721244461948692 









0.28420497304778536 









0.2797663632942772 









0.26126894265133344 









0.25438040947129087 









0.2717898233099372 









0.25869045063777696 









0.25911791547683743 









0.2565995655984696 









0.26115161547359633 









0.25152895345578563 









0.2619228882543874 









0.26090442736787844 









0.24400583285405109 









0.24253336259244374 









0.24154694492127532 









0.25416265917730846 









0.2543986412396611 









0.2525268003735392 









0.26475890284675885 









0.2478902273458654 









0.2532120338370641 









0.260133168966032 









0.2452087051489398 









0.2526472696127764 









0.2617017228066165 









0.2611795271146398 









0.2604399873199325 









0.25165737717871905 









0.24849290303020133 









0.24406879891745067 









0.25946063047222595 









0.266680126893395 









0.24999025238707148 









0.26299736224115444 









0.24997078218511676 









0.2560863378660356 









0.2555576931898839 









0.24574643468967683 









0.29005163451991844 









0.37192560714281603 









0.4026508303592044 









0.43922704099884713 









0.5386715070044741 









0.7594087852425884 









0.8941699713558284 









0.8580441206812836 









0.8806747305463047 









1.02004943839814 









1.05060613288961 









1.0175807630112648 









0.9521829364617223 









0.9102087929664289 









0.9407374478051371 









0.8557521314192126 









0.8576893956597208 









0.9460605435783228 









0.9492281985476603 









0.7744155613595511 









0.8888328987603034 









0.9516596151336506 









1.0643258223449312 









1.105438632228879 









0.9897616505366806 









0.7810557902644538 









0.71405666705937 









0.6208314552685185 









0.575656512095593 









0.5689237427611661 









0.5602691250962576 









0.5395111529986995 









0.5135983365559349 









0.5360896534256776 









0.5401843933364 









0.5412861578189132 









0.5233461562132414 









0.5173012996536698 









0.5573945176339714 









0.5532443111372111 









0.5528251818173783 









0.5331515608770673 









0.49727153744840813 









0.46005396384411595 









0.47108033150969403 









0.4620613161144853 









0.48109718695781345 









0.47403286704008674 









0.48014110263499693 









0.48276360223711223 









0.4573966228642724 









0.4726574769153763 









0.5012533164221856 









0.4773317570506183 









0.4854306573343805 









0.4677365230339739 









0.4756132481454268 









0.45697746064652167 









0.49359422713990675 









0.49581001162787075 









0.47890879285927357 









0.500185966766663 









0.47095013065944646 









0.4769404622260939 









0.49140437716846436 









0.5163414776769235 









0.4768544863873545 









0.4530294002394087 









0.44627607834908894 









0.40985629561860387 









0.4707312575571426 









0.507023710460666 









0.6810271542712549 









0.8478364734368745 









0.8624087209094744 









0.8507533302560119 









0.7989698491524899 









0.7523525853223387 









0.857846992712185 









0.8322867132104226 









0.9472887274530386 









0.9373900600230812 









0.9412877374148679 









0.9408996330514928 









1.0120027074336444 









1.123020390927808 









1.0894439894094472 









1.0954859680922704 









1.0925991427310955 









1.1253856616896958 









1.0874332581776416 









1.0502026556933899 









1.0542323136521503 









1.0339906518930757 









1.0433996014776226 









1.0210967142968634 









0.9383609386247371 









0.8748626425868042 









0.8364254085326587 









0.29420490001695815 









0.20138193017274458 









0.1965110837205899 









0.25407778044638846 









0.2581032377482777 









0.27509848310027 









0.2539086694538803 









0.25324569968481225 









0.24729008034555683 









0.24998645438499031 









0.26624856368036853 









0.24165571019016102 









0.24982567354472335 









0.26102970890176835 









0.2521258160998388 









0.2345268243909006 









0.25939689511471214 









0.2579655672706086 









0.2703276047296381 









0.2635816843945593 









0.2500890807087063 









0.24245525887639735 









0.2491977355411514 









0.2446033988977 









0.2633738595980022 









0.2611696426393965 









0.2514059735310067 









0.2630974971554749 









0.2666923885344792 









0.2515845856984527 









0.2680416818264784 









0.2590821901436861 









0.2544598406935146 









0.25058719720768174 









0.2548461528282745 









0.25926523942379637 









0.2518681668909469 









0.27870762636193636 









0.2670133235617736 









0.2524058633921018 









0.2560769663419368 









0.24814201233750915 









0.2695739328919927 









0.27626667099843183 









0.2657201270157053 









0.24696802475993723 









0.25191266601542733 









0.24512429104609088 









0.2644677437999109 









0.2612858458695879 









0.2672990123655273 









0.2966313828261421 









0.4100064846571954 









0.4058981786265592 









0.4785191748750821 









0.7266891932129615 









0.9461564547155032 









0.8931607724450504 









0.7571553650215654 









0.785342000879105 









0.8191989635658545 









0.8401961689852979 









0.8761856781056637 









0.8340211058145738 









0.854101964007454 









0.85355192614367 









0.9422206182964922 









1.0187853134608023 









1.042339454646636 









0.9051183776731478 









0.8320656211995532 









0.9464460403413588 









1.0085017487446233 









0.9868714335534753 









1.0401706130422517 









0.9423361399370023 









0.8180466983683082 









0.6889604540884385 









0.6227416179434633 









0.579248289326708 









0.5641784332994628 









0.5370031010887643 









0.5421717263981444 









0.4732634459217262 









0.43375999804305887 









0.41035590468344785 









0.43353693601282706 









0.41727156287085765 









0.42345844446586495 









0.44758662698488116 









0.4462952475058297 









0.45015269166244 









0.43753830398933746 









0.42941531664689825 









0.46017130040291443 









0.4163359683192029 









0.42319365917037877 









0.45139858311563924 









0.4621493378946614 









0.45230058664848966 









0.4164020022097317 









0.4560563461282746 









0.4709326214260023 









0.44650395576604207 









0.43776407863981254 









0.4242118813190715 









0.48126179190771307 









0.4355966699840753 









0.43952637153438806 









0.44839011638021803 









0.43498718039342626 









0.4600445504252927 









0.43470596196124245 









0.45847549230038614 









0.4826382140075841 









0.4482966910998577 









0.4311281976138526 









0.41954918132745633 









0.4507387225252217 









0.42423453631758384 









0.46059311253595575 









0.45029229888122935 









0.46419797738361374 









0.5565172921400172 









0.7433490732744643 









0.7782536103253268 









0.7623057568910425 









0.7131007331198788 









0.9228021931608109 









1.0084489520801234 









1.0165427253999122 









1.0429506951736753 









1.0915332507923703 









1.1430279590214003 









1.1540419600566663 









1.143465974979676 









1.1025475406172776 









1.1153981250430427 









1.1465435718177222 









1.1334004684621406 









1.0844671457350379 









1.0578978591043227 









1.0433693758613178 









1.0909942020760541 









1.101395288038624 









1.1362070472237495 









1.1201474678092846 









1.0093998323390623 









0.9589817032683697 









0.8572946602501166 









0.3100946461937875 









0.19751843944797498 









0.19514333487658578 









0.2609735519260495 









0.26514811370738717 









0.2419645841717904 









0.2667622613818781 









0.26597667476392217 









0.272151957373021 









0.24458117822159373 









0.26489517715280797 









0.2624637337806631 









0.26397839620528746 









0.2675144291681865 









0.2587821444148727 









0.27141221848191976 









0.24789211138179582 









0.24535805601522534 









0.2531378941025834 









0.26144753797645254 









0.25736614663513907 









0.2588843654644429 









0.24831234558435406 









0.26095399849600615 









0.2544444867224927 









0.2516575301849153 









0.2527101818455894 









0.2394301362637107 









0.24810036918563802 









0.2624859189547175 









0.25375362901338433 









0.2551150030114094 









0.25598519400599506 









0.2635637380374988 









0.25792523674363266 









0.24708061174083426 









0.2654358798932013 









0.24250129966271372 









0.2472509136549406 









0.2666669681537171 









0.2702305389456224 









0.2550530813844691 









0.2488174149895211 









0.24729750726209782 









0.28143325417247816 









0.2708058121260646 









0.2697729236687994 









0.2519609180154039 









0.25071461482550095 









0.2482650777466541 









0.2509005195143826 









0.3092188227142235 









0.41091208668477186 









0.47774694579451554 









0.4697074192655517 









0.5615269239071116 









0.7297666506691524 









0.7329362882678429 









0.7209438645570223 









0.7413935054667353 









0.8101931662580353 









0.8472070782954239 









0.8571396989219561 









0.924706648920196 









0.9262866857445594 









0.9824332820618455 









1.1159394542543581 









1.089524616002625 









0.9637042644326128 









0.9251113600421009 









0.8727810388129162 









0.7854449887134279 









0.7721811510642056 









0.8014602004599801 









0.8287730470312824 









0.7584869693796376 









0.7151556123143381 









0.6766570800198243 









0.6667499699235842 









0.5347416895714989 









0.4857702702531643 









0.4643277934364735 









0.48997016569997737 









0.4314923843203121 









0.45139971647388105 









0.4476222945276416 









0.39130951641836 









0.39551550037815325 









0.4193411243249728 









0.3990418597172252 









0.3954001669132361 









0.4042628542435106 









0.4031950587708344 









0.4136499787729354 









0.3788270309145432 









0.3587431694282787 









0.36257673338764473 









0.3623276330304451 









0.3766481516701193 









0.3558130505628304 









0.3717610080318288 









0.3729472625268429 









0.42070164354330414 









0.4313887697300386 









0.38936244166023815 









0.39128342399787636 









0.3887413955018161 









0.3862282324351212 









0.3728825718787805 









0.37404478576088085 









0.37793556746881063 









0.36851455544616973 









0.36039509024092087 









0.36423213528290316 









0.3602894080607991 









0.34467981743752424 









0.3551698262947431 









0.3511995387045774 









0.3500004777859844 









0.36068654589934696 









0.353765639555685 









0.40366617109413133 









0.3785296158071831 









0.43960269032257926 









0.5904952038560065 









0.7728755449125182 









0.7691456226337525 









0.8360775696528588 









0.9220915047212864 









0.9164839108504284 









0.9020389707903841 









0.8339514637350092 









0.7658329254469974 









0.9185988306070084 









1.0825418941478424 









1.1715933383730568 









1.2055466105322015 









1.2260807718263136 









1.2148281944692891 









1.2018227656451232 









1.2138796140124357 









1.1528298085647048 









1.1025949031766171 









1.1112654542561144 









1.0395696224139228 









1.037883676399646 









1.1106486942370595 









1.114815789055322 









1.0635819080529365 









1.0241276486310908 









0.3376227814714511 









0.1960475302769282 









0.18962521256295312 









0.2511431697247827 









0.25151217464626147 









0.25481399250862874 









0.261936158051791 









0.26423111667702753 









0.24813795509752656 









0.2661565754188791 









0.24806416764430808 









0.24669474622967819 









0.2537978008371614 









0.24974859634153965 









0.2625870956542733 









0.25663865766230737 









0.2552038745134214 









0.25684817652305647 









0.2581509284521033 









0.2489203682720436 









0.24752103796825803 









0.2553651382104467 









0.2690260243269613 









0.2424814179259624 









0.24588744824519493 









0.25301765810936294 









0.2637328778497109 









0.26917257998386773 









0.26085199740277154 









0.25935989069967536 









0.26047946722706855 









0.24438712635230447 









0.2498716751606449 









0.24549819497280945 









0.24988477646926624 









0.2620087113235562 









0.26902585533761475 









0.25242188696743045 









0.26393615629124895 









0.26067589270434877 









0.24724472636576167 









0.267196187828859 









0.25489813594077687 









0.247275593535465 









0.2755614282018808 









0.25462483137317626 









0.25489482969248906 









0.2515074434753595 









0.27067969052232643 









0.26427949778800525 









0.2605960176994848 









0.28038842656456253 









0.35996485612439044 









0.3751280690903388 









0.3682845778316872 









0.36409804909005566 









0.41251426627884585 









0.5338902020500533 









0.5534272858869436 









0.6317091585887077 









0.5699389426220457 









0.5926800271021835 









0.628864800323 









0.5974100917652146 









0.5077718548228127 









0.4715860036204965 









0.554624361506604 









0.5929904002601205 









0.5347484552057173 









0.4427259767985643 









0.384382292135108 









0.467653612414778 









0.5196623851464963 









0.5484140487814685 









0.47640640054458744 









0.4310724067879906 









0.3612834844371513 









0.4061750233912296 









0.44765863950306495 









0.4052083389131343 









0.4265089384774543 









0.36449439430262887 









0.3393847054121861 









0.35162089704279154 









0.3390717261612129 









0.3584833012772807 









0.35351054239101154 









0.3781035941448332 









0.37148655678976383 









0.3650999064980537 









0.3751754071299154 









0.3607065111863484 









0.3878607244376866 









0.3846174004785772 









0.36365836540811713 









0.354105647694723 









0.3390718489187626 









0.3398218218462191 









0.3531424871806135 









0.36265399815708554 









0.3471036788294466 









0.3398715141361305 









0.3462469963482965 









0.3647379860024045 









0.3553496759077265 









0.35094849881100865 









0.3549668753207257 









0.34561406537031425 









0.35918332482838145 









0.3737581667408352 









0.35207792167633495 









0.3764735735189126 









0.3581072916058096 









0.38411656804544303 









0.3495575313766868 









0.393154524542719 









0.3705105475773947 









0.3436407681230551 









0.3518661963139275 









0.3602222436066646 









0.3548739023971515 









0.3593261581571594 









0.3501000988161125 









0.39624678020408616 









0.5521867449593407 









0.6210860141349561 









0.7202351490292683 









0.6256590889923908 









0.667267466022456 









0.5904621318011647 









0.5269922538269802 









0.5564354073279616 









0.6170625401883587 









0.6663962944713697 









0.6997822618343756 









0.6332455457263105 









0.5544310333928049 









0.5283865527924845 









0.546516043165802 









0.552614123057021 









0.5808646998867875 









0.44984924428941525 









0.4019222356272835 









0.4340924480621115 









0.4348647152241198 









0.4982887300055914 









0.4985577901742692 









0.40056334977813435 









0.3635805933757183 









0.443606784938013 









0.20027593997163118 









0.18215087323598608 









0.24916057446849893 









0.25656115666466806 









0.2549778060016019 









0.2701827456647867 









0.25621995205075404 









0.24236723613806108 









0.26757374509371057 









