0.2 









0.29785151145995026 









0.10305742146782124 









0.10470280874762762 









0.09410986248569655 









0.08038578427698281 









0.09197451723068342 









0.08385064775011936 









0.07851794131926819 









0.07519530634884775 









0.08942576622784607 









0.0797421487286387 









0.07071535266194712 









0.0524672611544177 









0.04751011873601166 









0.054312374921672804 









0.05093988231480151 









0.047347945080812415 









0.04576577288171832 









0.04543421747352189 









0.0496007958034487 









0.04817780610058048 









0.0457385320800893 









0.04673626682573527 









0.044102834816547254 









0.04666024098727469 









0.04946024501952795 









0.04794620629379234 









0.049846352117693435 









0.04695136164408201 









0.047032996224491384 









0.04936000151900462 









0.04773888147071102 









0.04287561409947248 









0.04563217276073289 









0.04372740168991324 









0.04603664044108843 









0.04743558590964572 









0.04968871842498784 









0.051527498379607024 









0.05944581763217407 









0.06628982803545563 









0.06117531064416672 









0.07271376998789507 









0.06700071265840743 









0.06730437262622396 









0.06941410384423 









0.06712292252408342 









0.06345977737178946 









0.06782658848987774 









0.077197464125178 









0.08088766202247417 









0.09184191193661179 









0.08257307416862089 









0.07531234811698537 









0.06538726488936356 









0.07157081233241497 









0.07823425325833976 









0.07233417694805222 









0.07266144139333569 









0.07784851685277426 









0.07934584095543781 









0.0822352253426665 









0.07876539718055897 









0.07941700039453325 









0.07286838746271779 









0.07557710865892789 









0.08281848956123547 









0.07967530199962097 









0.07353770172404075 









0.0737856477137858 









0.07781735483288635 









0.07525047749738525 









0.07816639166982378 









0.07236245489656479 









0.07859914098422091 









0.0765908360207597 









0.07732248162175129 









0.07966559441990054 









0.07131898548655266 









0.0753142892814998 









0.07208390143898202 









0.07379659834193814 









0.0799994238686754 









0.07518247325477867 









0.06327852517330929 









0.05548553416138194 









0.05027015594524653 









0.05542142911285978 









0.05407549044795422 









0.058119222044446694 









0.05007966942767753 









0.0513724076065077 









0.05021581289554267 









0.04708626764625011 









0.04643400598876646 









0.04526531481590247 









0.04716565372065057 









0.04694105907339746 









0.04435757162463383 









0.043654846884380455 









0.045305588226390955 









0.04437115742822923 









0.05329162106988246 









0.04844875896058695 









0.05118953650693628 









0.04478053194817881 









0.05042189198514879 









0.05065531397003058 









0.05097167417978035 









0.05324518894079962 









0.08472353735940219 









0.09446554716075338 









0.10772617056162215 









0.08508406233681964 









0.07751706419032993 









0.0870639173628675 









0.08136945415695104 









0.08304318424978269 









0.08069798594797217 









0.08421760923849624 









0.07566570695896448 









0.07683105539733398 









0.0790984713962842 









0.08056962562905742 









0.0798830661556483 









0.07847241385385693 









0.07468246305048021 









0.07606524673096055 









0.07944249646513368 









0.08889096214656608 









0.08009774973127684 









0.0767664888832627 









0.08079912102468415 









0.07934420800885889 









0.07468527212332278 









0.07784847176113346 









0.07520750930588 









0.07420406548027048 









0.08058127399816498 









0.07450519700672079 









0.07686588944134273 









0.07625904600483105 









0.0840557073786867 









0.07754857239322901 









0.08745714294134775 









0.08597609746259016 









0.08957930946455989 









0.08729388148785258 









0.0813489120501278 









0.07287449803860921 









0.0787954854431043 









0.08313239025749317 









0.07863435190432769 









0.09125467136548149 









0.07638995563211162 









0.0793965317189593 









0.07631285055246607 









0.07313826844352575 









0.08208818242025126 









0.07342815932374946 









0.07716942456949485 









0.08570529680562627 









0.06191307696529978 









0.05158134681260561 









0.052104713529513375 









0.04753738381679036 









0.053328475208973394 









0.05354788039965331 









0.04910333298483395 









0.04640003745701713 









0.047893526728694735 









0.04892910765920504 









0.04886121260498459 









0.0504276434499879 









0.04312629081590352 









0.045236783309232004 









0.048880409000279276 









0.046432777668611536 









0.047482924770522045 









0.04897580915821782 









0.04887732223626734 









0.04729090918064098 









0.052213448068416664 









0.050195292436127026 









0.04620008017491989 









0.04720727673490601 









0.052751712606363695 









0.0543185854237185 









0.050669078231669606 









0.04991673635438738 









0.06341468562574372 









0.06342388823697817 









0.06553790119449028 









0.0657342778771387 









0.07028939917019267 









0.07386465830609282 









0.07334903476168195 









0.07461525965484342 









0.06573052750842057 









0.07482457561001321 









0.08155973391834331 









0.07841297512266084 









0.07199550009632102 









0.07559503831925604 









0.06815147524914666 









0.07413694029093207 









0.06712557343795311 









0.07201517609365832 









0.07517620226020105 









0.08035182943866073 









0.07972871302154608 









0.07428582725068111 









0.07403868694448291 









0.08113705371689409 









0.07280723157799857 









0.07967590499582031 









0.0684739697108726 









0.07785704782344302 









0.07741593132731096 









0.07761692375576608 









0.08210852001384197 









0.08263300074924518 









0.07643498153012387 









0.07416221312909668 









0.07425471993925466 









0.07384382753753915 









0.07278041681081218 









0.0793133137455741 









0.07844474297879772 









0.08331021386751569 









0.07721333367093716 









0.07117726836838319 









0.07346722892241667 









0.06681130118671236 









0.05742380031685687 









0.05220672132388845 









0.05027904165501851 









0.05214798713632998 









0.0471161058230229 









0.0429346925342364 









0.04692961140935424 









0.04226068773715237 









0.04566831995498754 









0.04526597898095456 









0.046417479987202644 









0.04625725684482421 









0.04883367415662195 









0.04994376189257674 









0.052084561395373714 









0.04662042507365336 









0.04389281483863313 









0.045165054447324514 









0.04652665251798806 









0.047090986589812846 









0.05131441704784559 









0.04624287132754293 









0.04398624065783908 









0.04984821001219586 









0.06277771681597047 









0.060587409130676215 









0.094274721699353 









0.10386209876841263 









0.10530557957046377 









0.0868079436637226 









0.07610546010947418 









0.07284107803854528 









0.07528512198536744 









0.07935472976735691 









0.0800831591045086 









0.08716806885258081 









0.0818279718919186 









0.08340959026467462 









0.07753573143984453 









0.08184708304803315 









0.07979231006479692 









0.08385458804648205 









0.08292369244739003 









0.07848323756970021 









0.07850596669060533 









0.08364114912448686 









0.0851753008556762 









0.07702847224841305 









0.07595732907731803 









0.07269822644049814 









0.06822439989079873 









0.07335245566736637 









0.08053268787877974 









0.07809316004439051 









0.07636553623463586 









0.08343253340454596 









0.07473992931614502 









0.07156774506953589 









0.0826556967432454 









0.08422104274961018 









0.08382064587736254 









0.07381682248835193 









0.07528561646871784 









0.08278413690402645 









0.0789358620174005 









0.07372315643939224 









0.08114003613698789 









0.0785225672721668 









0.07867416931306448 









0.0786135433428243 









0.07989368615264997 









0.08016987142529848 









0.08092794285645895 









0.07240146648077947 









0.07611497659507135 









0.07947336391493948 









0.07785561580501094 









0.07120391300591716 









0.06637877705566483 









0.0583145451934441 









0.056185261026825556 









0.06341571683608706 









0.06023671763161513 









0.05534227407658191 









0.05119162566342379 









0.05084801777437919 









0.049660919954111836 









0.055381121653099184 









0.05149325285847149 









0.05578990713829375 









0.052784026173828914 









0.0516761254840689 









0.0555469144066755 









0.050736245775421004 









0.05388692776797829 









0.047442395619582876 









0.05730124308345602 









0.05065923883695491 









0.05396271503998527 









0.04947572690367672 









0.04386142664709846 









0.04362877263331121 









0.0472265962229121 









0.04548718214285588 









0.053049353346111765 









0.053020596650832724 









0.05273239448490728 









0.05790788453727759 









0.06057284873982168 









0.06429394843271177 









0.0609366788174346 









0.060658096657728255 









0.0684997955844106 









0.07771632906302907 









0.08313413313877338 









0.0831877037548184 









0.07819619134901376 









0.08206473990910662 









0.06899201992661351 









0.07543266894851502 









0.07472722718710328 









0.07762676765033066 









0.07211776737599641 









0.08187366485412165 









0.07558903250315235 









0.07592748065885047 









0.06969335345716447 









0.0772831429746354 









0.07705964212108826 









0.07360130875804771 









0.06781071978418979 









0.07964276805280773 









0.07436878668773882 









0.07312076050180707 









0.07642919946203894 









0.07518375750515124 









0.07476968354283889 









0.0762949906959571 









0.08110147566970752 









0.07047286029052743 









0.07458113778119765 









0.0838538598644975 









0.07683739132511812 









0.07618613127851713 









0.07334590963072796 









0.07193073830838914 









0.07300801825091092 









0.07767239175767518 









0.08737699803753493 









0.07694630623533644 









0.05995932061739133 









0.05007298157832572 









0.04925471300737047 









0.04628841032950573 









0.04934359291385777 









0.05217980399749334 









0.050280344894224116 









0.047085933902052554 









0.045611323651946624 









0.04494180192732808 









0.045041773749031205 









0.04677606599298924 









0.04846248729582798 









0.04927441889925753 









0.04605657589067784 









0.04651332172504217 









0.0470443330242605 









0.044847992887175905 









0.04724156396278131 









0.050974492558614505 









0.04838681034644868 









0.04963890677184407 









0.047122079239950446 









0.044754782362603 









0.04639513731112578 









0.048175627726716394 









0.07679511309039323 









0.1055309624297742 









0.11116978829303241 









0.09863292555688319 









0.0869773928831231 









0.08028310202610237 









0.07865215258887223 









0.07776003439486381 









0.08176939117031846 









0.08358983802938563 









0.07680507840362147 









0.08080322243338961 









0.08304077784119458 









0.09091144235496845 









0.07758760058788758 









0.0830737961842527 









0.08617039047390815 









0.07743934451093726 









0.08528619531129844 









0.08161764354004312 









0.07742538400576823 









0.07678165140606491 









0.08300601866911356 









0.08447474993880685 









0.07346999171093925 









0.08034167696953257 









0.08020064662065504 









0.07849112207777184 









0.06756080318808791 









0.07522277023350399 









0.09033697115291077 









0.08054513580524689 









0.07370713771314007 









0.07531811043970177 









0.07159360504028164 









0.0727800389692184 









0.07653287759695576 









0.08444713197566708 









0.07934439023257508 









0.08062003422754574 









0.0860614100804598 









0.08454087369450376 









0.07774900613839245 









0.0827128057944382 









0.08345010581768861 









0.08490577442630666 









0.0724996260879612 









0.07202645645098321 









0.07960140482815195 









0.07890037932232571 









0.09230978504128545 









0.10517231523127824 









0.10773952396662284 









0.07619832883946834 









0.09125822059329736 









0.08167227352614197 









0.08025103549070117 









0.08920649229048588 









0.088216437752582 









0.09279211986921332 









0.07826207889206455 









0.08765534176510485 









0.08217859716472306 









0.08505156114080656 









0.08803686366102481 









0.09075052470422816 









0.09849034212422175 









0.11577338272848782 









0.10761236892912669 









0.10651226664741784 









0.11647976796918223 









0.1200380197521218 









0.11754640552704854 









0.1301203396447284 









0.0916007361724101 









0.05334353910754608 









0.05631749631722488 









0.052236447505203926 









0.060426943869219193 









0.06092574017003781 









0.07688573867382995 









0.07365404050020594 









0.07871175469860625 









0.07847786058476275 









0.08097039563680286 









0.07618777566493318 









0.08225438088967163 









0.08365090208719123 









0.08154542448616003 









0.07821374206528704 









0.08109854338200495 









0.07464967736551051 









0.07337412646414582 









0.07983960309628815 









0.07607703513569261 









0.06755448078675387 









0.07956737751187412 









0.07448868307061762 









0.07583440757872992 









0.07589764622915132 









0.0776182323168661 









0.07695793021997707 









0.07383771278235687 









0.0775655342959004 









0.07992421159233165 









0.07872065020629165 









0.07545325521423435 









0.07897122055622292 









0.08024421324581876 









0.07655626138401461 









0.07573356795849293 









0.07710205237777257 









0.08114796622731929 









0.07748217772390126 









0.0765811784279547 









0.08078519970051137 









0.07478336837622399 









0.08620770550326229 









0.07787428544385999 









0.08166580994913161 









0.08117118062477086 









0.0731531419627053 









0.08364918479747564 









0.09204309443285263 









0.0614560225956938 









0.059021208739370556 









0.059664415982285786 









0.06254943332923792 









0.05931827466581292 









0.05745565169776156 









0.06211198884811998 









0.06441347335718645 









0.061861320794196456 









0.05610889623640465 









0.05655044942999421 









0.05786838004249813 









0.054229461948514635 









0.052169660456870576 









0.05340761331785325 









0.057644085667762995 









0.055833957508901216 









0.057328951721962326 









0.05659798597994316 









0.0550900560979876 









0.057932883735773974 









0.05916044319482207 









0.056142967008691494 









0.047861105284386266 









0.047910696035699474 









0.059082688497556254 









0.07652415279052785 









0.09798860646256066 









0.10977632231032292 









0.08659567144506541 









0.07461719760360441 









0.07869325102149131 









0.0758097944813169 









0.074690386733053 









0.07573392520382272 









0.07351007148194078 









0.07231533691284314 









0.08503929442202228 









0.0784127323007649 









0.08585870983235652 









0.08029963010886698 









0.06814387337296926 









0.0701971259057218 









0.07217177237337957 









0.06618824946720885 









0.072307673366824 









0.0724258970587523 









0.07178507433909168 









0.07957790126668463 









0.07717475458926351 









0.08411196508495435 









0.08788861607659171 









0.08108220642004577 









0.07827057191538389 









0.07459566242677707 









0.07663065012686755 









0.07920514095577935 









0.07957190968706074 









0.0756878182982646 









0.07728972661740947 









0.07385719586565923 









0.08689020019372573 









0.08972221939109781 









0.07993892611144693 









0.07690197157209666 









0.07732593344202748 









0.08284827893043255 









0.07780229973864958 









0.07541701264759645 









0.07222837615008733 









0.0784661714501628 









0.08556817210303568 









0.08298561732070496 









0.08841919232724238 









0.08548059103053626 









0.08501462165961957 









0.09962732204506534 









0.13780349779442458 









0.14211817059078835 









0.1811355131911892 









0.29505988417434875 









0.3862221596513911 









0.37177191430873435 









0.421616238288297 









0.41726799663851744 









0.43491092249934854 









0.4930087137110811 









0.48529682514062034 









0.48330725036851496 









0.5232454670433685 









0.5977100975490215 









0.6610576167840023 









0.66060432873319 









0.6742759692894944 









0.7667684309461382 









0.86079959301536 









0.9308357296603105 









0.9495062792444762 









0.9602097128764683 









0.9638458567310346 









0.9378287130275522 









0.48786581170548216 









0.09417266239737124 









0.09132538770016196 









0.08353586496233667 









0.08007463650405529 









0.07725820945244719 









0.08931640563610116 









0.08230392225575929 









0.07566034877389874 









0.08220161328554029 









0.083321733185936 









0.07994044195891871 









0.08899608989259267 









0.0914607308736583 









0.08232669251501855 









0.08807399226955101 









0.08520619237988444 









0.0788727853338613 









0.08426984030318378 









0.08688811198653902 









0.08437206805489887 









0.07778699962441601 









0.08301285518722923 









0.08135254818723531 









0.0796073879929288 









0.08083198675841288 









0.08202387524946776 









0.07716202362827027 









0.08180524001985294 









0.07974381173364933 









0.07837540031320496 









0.08251201895194739 









0.08234394195818537 









0.07970700613294326 









0.08336911711057603 









0.08129800238853507 









0.0919543346878828 









0.0821222342329465 









0.08306584702084258 









0.07703791830042597 









0.08103471439971346 









0.08182581940013284 









0.07886199487333784 









0.0911449766107167 









0.08122868710102846 









0.08040836125080719 









0.08312556990856397 









0.10474584790505083 









0.12482555695843935 









0.1342684274085176 









0.10812715823258445 









0.11638461937988995 









0.1408508994485538 









0.13637699915120038 









0.14203568564663716 









0.15558463495077907 









0.15992172244603398 









0.16512329511167248 









0.17713513605859377 









0.1546225742220032 









0.16039289774046378 









0.16556752498933885 









0.1773005007383172 









0.1681985892400674 









0.17011833496410078 









0.18696632741764285 









0.1878971475103694 









0.19635779896589328 









0.2337674109989675 









0.21385047307006233 









0.2157377773485024 









0.15961259486024099 









0.06439515344450862 









0.0482922193529441 









0.05668129958877702 









0.08155944164511773 









0.1103494015046653 









0.0907171259197285 









0.07458025247570262 









0.07913982766852637 









0.07327885132965119 









0.0773676927882705 









0.0862587716165735 









0.08146016728709342 









