0.2 









0.2536565045131925 









0.37959292716692716 









0.31637788810879236 









0.41957854327247773 









0.3875470587656443 









0.4337999211329685 









0.40469249332196877 









0.4238547293814688 









0.38019391596865737 









0.3796576429444427 









0.42910598013860596 









0.5723642691642279 









0.7445445708053775 









0.6933436217473651 









0.7088151182496394 









0.7396095065121617 









0.7783997377671309 









0.7685610563029828 









0.7713284926291006 









0.7952938436837254 









0.77730116838515 









0.7940262427771385 









0.7756335871492669 









0.7495513495306405 









0.7308169391108569 









0.7301595378108365 









0.7304885032792169 









0.7472127850451993 









0.7753258941484497 









0.6874888102390437 









0.741526314904185 









0.8014225811991984 









0.7955856140172923 









0.7937748853879301 









0.7822586337588914 









0.7057573111810973 









0.7015451444014444 









0.6885301710715237 









0.6067228698381231 









0.5110125669748381 









0.4640687896437333 









0.45787315886734653 









0.4774941378662765 









0.508688187667667 









0.5022274640356946 









0.4846600103794905 









0.4946332084174021 









0.4571951578712024 









0.4274339290418334 









0.37817442842913784 









0.3508121607107635 









0.391585370822489 









0.4118234335891663 









0.467089311665832 









0.4041987158783452 









0.42554429397155596 









0.42595711658321994 









0.4057762350554305 









0.4016406698010089 









0.3997050388195976 









0.36631162527862254 









0.35834738351051576 









0.37452919630245846 









0.392671695882715 









0.38782229539786905 









0.40228806694413455 









0.3777649261611055 









0.4352221199141967 









0.39366405898129797 









0.4136810394406294 









0.4170502479977466 









0.37246380151493436 









0.38460545244805056 









0.3976356794491386 









0.40092879593620045 









0.3890427342461862 









0.4055805822992572 









0.43071713534549627 









0.3956531853864963 









0.4149841980141972 









0.4124686726822504 









0.43549784075910924 









0.44622803598285476 









0.43824433572393684 









0.5655757181659784 









0.666006090016527 









0.6811484052914163 









0.5966971259932736 









0.5641300743077964 









0.6850745298040083 









0.6666014556903495 









0.7466859868382305 









0.7151035116663089 









0.7711249131120379 









0.7854098833253295 









0.7844556385501638 









0.7417658146077788 









0.7324466178267539 









0.7785130182948583 









0.8120176775882535 









0.8179774180015311 









0.7272252114271245 









0.7169012542269599 









0.7326183508724036 









0.7593144964847564 









0.7557908924460699 









0.672577083857617 









0.6848631365550977 









0.6600921415287717 









0.6103169757201286 









0.3678216623680352 









0.3460839923214196 









0.31652495551055354 









0.45556405782787945 









0.4194920287156278 









0.3976216974055154 









0.4295659545848022 









0.41747081791207175 









0.41353178210504826 









0.4006516109242107 









0.4211743555074049 









0.4165907365645338 









0.4393291864346892 









0.40593001582456245 









0.4108504914435913 









0.3902645790387058 









0.41197673113614575 









0.39964414300093853 









0.3785698956109137 









0.3718558633635004 









0.4034794883768457 









0.37429780427651815 









0.4170123958167499 









0.40756231183427927 









0.37941994231658505 









0.3830440424267968 









0.3917851495479133 









0.39946285666094616 









0.4246487565068639 









0.43494158115172743 









0.3941474965144567 









0.3741811108080559 









0.37898585270602636 









0.38529946027229706 









0.3843721089129726 









0.3763768311156621 









0.3656690547236745 









0.38788854792382743 









0.4396815649937863 









0.40761773703290693 









0.38483263278675595 









0.38776682420262243 









0.3863746774681535 









0.4109498106007756 









0.42228738157937823 









0.4103464433490299 









0.43894340595881 









0.4271275921884785 









0.41865912927012144 









0.4237678513370584 









0.37565140136030895 









0.5335039103248398 









0.7207454236661397 









0.684583553767854 









0.6742260774445521 









0.7067183614048649 









0.7236238820764469 









0.7396510168841122 









0.7752602603535867 









0.7678629512115883 









0.7982430153049425 









0.8293368383082709 









0.7826562224237321 









0.8207383783846754 









0.8230787397066284 









0.7810834002473762 









0.7670217078436379 









0.7765744134949415 









0.7971976245723715 









0.7224123339803086 









0.7063804781521248 









0.7391644184239701 









0.7445395907458883 









0.7455836356801706 









0.7393754225543976 









0.6620871309690322 









0.6420781822807591 









0.6579178934213867 









0.6440496458279461 









0.5543479174795375 









0.5123392114931193 









0.5053678325943883 









0.4723806981566848 









0.4038727590467974 









0.38041010059418795 









0.4054483726778157 









0.4260605286185216 









0.4324729248878927 









0.449443771675461 









0.4008483445405631 









0.4039456199507395 









0.44001952448762394 









0.386087814198361 









0.41854882422288225 









0.40959649706244267 









0.4190690884603353 









0.4303017298909274 









0.42260661362821783 









0.41256997400157536 









0.4289097710247661 









0.41247899116349845 









0.3740117059138646 









0.42816526391152093 









0.43248681200613903 









0.4164495239666405 









0.41010146615707765 









0.3934457517229946 









0.429105132682424 









0.4299261371392812 









0.398195992263091 









0.35773384467766045 









0.37224622929815876 









0.39420986054802953 









0.43622635438873963 









0.4387554393113495 









0.4517866560546677 









0.4109225902672943 









0.40172408085060946 









0.4258099355722935 









0.353564641272719 









0.4028434082490162 









0.42968274230245623 









0.4257918625271706 









0.5429264093339479 









0.6876629707698214 









0.7203055573406558 









0.7095124696652295 









0.6751230527335716 









0.7694972890827917 









0.7488962923755533 









0.7927737344659744 









0.7962185544323128 









0.807004570252708 









0.7988593800962236 









0.7768483722150894 









0.7600298314569238 









0.7230712465531632 









0.755222630589838 









0.7402444376660411 









0.7591511561407984 









0.7746924620216717 









0.7561814390608771 









0.7400683898384832 









0.7587932978436083 









0.7630118904230226 









0.7705417393864327 









0.7306874748993468 









0.6081280549510115 









0.5522219694163837 









0.5445260414619651 









0.33133180144653607 









0.3209279554521822 









0.34685298090532013 









0.40454664380240246 









0.392293643596978 









0.3972260604165982 









0.40222726155261823 









0.39220026644847933 









0.4158225741464673 









0.3786125837879643 









0.38927287074844386 









0.4449787420694328 









0.39018494646047464 









0.3810416326680952 









0.4110802418043531 









0.39490629229099566 









0.44681108270402514 









0.43070213697081383 









0.3927536706454906 









0.38350565778007606 









0.42876485723676083 









0.38878929125592854 









0.37195514990791295 









0.4398835002438998 









0.4340314847848977 









0.4327686891045513 









0.40431202461945515 









0.45512383136567613 









0.4461654900677974 









0.4063511696467667 









0.4478409007001178 









0.4193199122920448 









0.34713143338798047 









0.4032687555478319 









0.41757635918120195 









0.44902247857373634 









0.3758679304199124 









0.4109826505046969 









0.43419137138609487 









0.3666790872293797 









0.39214049673882917 









0.37922812239969994 









0.3886069949476301 









0.42859739776090855 









0.39643853257563255 









0.3636245780170581 









0.37771167698863184 









0.39641134789015886 









0.38993520894573874 









0.4225534895076991 









0.45106791281253067 









0.5709090679649498 









0.6820173460684962 









0.7218267455939844 









0.6516328365991277 









0.6337611806270177 









0.7204996809276334 









0.7960100883663914 









0.8101798298993457 









0.8131055518401646 









0.7937747867580018 









0.7848176102342197 









0.7883484698792831 









0.7860261926260621 









0.7613760234722924 









0.7946690058395167 









0.8337393455359721 









0.7841823826150561 









0.7940983779159017 









0.7769790572828086 









0.8103822297448395 









0.7930120562424146 









0.8062072554193667 









0.8122839542782223 









0.810483059215122 









0.7470625589686802 









0.7598706396015315 









0.7154666924302499 









0.6444483208010405 









0.6254236863825211 









0.6565780455289303 









0.5895346046857288 









0.5472700536793789 









0.4779413345808937 









0.5142636138950661 









0.49846412753314573 









0.41410298180231175 









0.3598240265478625 









0.39451582440031596 









0.3957665352620324 









0.39825915588217364 









0.4015364811407236 









0.37867441957583514 









0.43043192159944 









0.3955853162526153 









0.4074322286062101 









0.3969449760164345 









0.40951262933557464 









0.38657259994104454 









0.42400886559784157 









0.40593402284276997 









0.38646062099214223 









0.4028229038198363 









0.4574825172446093 









0.3742939900975886 









0.3796827559169975 









0.42312597271073443 









0.44093291951593916 









0.40053286691042866 









0.41405328343001957 









0.39709983190418574 









0.3995176687877683 









0.4184835198588953 









0.39048133061083634 









0.39964043652563147 









0.389693517203373 









0.40399231660519186 









0.44420094169834157 









0.40608978337421675 









0.44697432578641777 









0.4310521903232694 









0.4007145447362491 









0.4320311679708663 









0.5551778142740702 









0.7065080850108743 









0.7729018031951989 









0.7274991298328164 









0.7834489734826049 









0.7649365410239721 









0.7252336736934641 









0.7350060779667184 









0.8097906449939567 









0.8178376718063414 









0.8345903402194781 









0.8380616390600473 









0.7871714565294923 









0.7836641604846994 









0.793063020253647 









0.7918365935187528 









0.8217117699039556 









0.8417094369429116 









0.7492961942450451 









0.7087106667292316 









0.7199615793613228 









0.8070272407575856 









0.7538503799503227 









0.7479883410869137 









0.7193836364494213 









0.7270320007391923 









0.7031598985207521 









0.3786802902354608 









0.3255760500150894 









0.30064453200175734 









0.3469438909800246 









0.3655796606706475 









0.41987759972839533 









0.4064555560910883 









0.38872930176571086 









0.38348546083427826 









0.4018915836925713 









0.4051209283598123 









0.40270839349027954 









0.3666251718319974 









0.3887587498595858 









0.4150689685175015 









0.42267127609384075 









0.38181315872023364 









0.41593342605589934 









0.38917597694328465 









0.39549264145357577 









0.4610581802208229 









0.41742429356093613 









0.36378203046377655 









0.44302333027167595 









0.42298206614685907 









0.39948385501049466 









0.39594990316069795 









0.4511856376912676 









0.4033055149802701 









0.37075188048688784 









0.39765305134734164 









0.4283211656819187 









0.41321632102140166 









0.44002593525530703 









0.45660293393299506 









0.3976636990863899 









0.4186740391031617 









0.4001164684288059 









0.4058322639807892 









0.3856177637739847 









0.38725036673630087 









0.38027375209826625 









0.40018648445348637 









0.40618409164361025 









0.38698876570008944 









0.4278717127834485 









0.4484320949319572 









0.42493790385916297 









0.3924145719205886 









0.4184776887589736 









0.44371698041379865 









0.46914514914498445 









0.6663849870933656 









0.7044958552868712 









0.7120573859148207 









0.7525669970325877 









0.771030294045954 









0.7473294202511582 









0.7949565370954792 









0.8240953027259417 









0.8484024554443368 









0.8302641996965311 









0.827389762954635 









0.8119711839580892 









0.7822229173328537 









0.7685519648358163 









0.7541013897705655 









0.7918304613400258 









0.7924873910033474 









0.7813192970878986 









0.7680369352925555 









0.8104781245085604 









0.7639814656905352 









0.7687319480794418 









0.7034849972329857 









0.6422485303997039 









0.6721677548496334 









0.6284961706346676 









0.5713960370506033 









0.4438514622662052 









0.38630406000759154 









0.38806168331469676 









0.3931551250561231 









0.3700490145627286 









0.39165371538923055 









0.42321722243778237 









0.38953425670877145 









0.3951061167603928 









0.39982823084050856 









0.3900768278556678 









0.42302829653003243 









0.42594572598773367 









0.41600776752058244 









0.3616042472320208 









0.43607638507656465 









0.3851917433966711 









0.39872661143727284 









0.42563511427201856 









0.4019112113280219 









0.44044492759448756 









0.40782123762463773 









0.37863812775806416 









0.38774302535934235 









0.3952845471220252 









0.4243989907337765 









0.4054723333862268 









0.3961866143152423 









0.4178519155489858 









0.38048636528051394 









0.4374934538649717 









0.3859975048895284 









0.4010839480209325 









0.39722146585332474 









0.4378824557678633 









0.3857487542703151 









0.36942378956237415 









0.3702190626460967 









0.4092180313378441 









0.3830110166899491 









0.3888537849683057 









0.4033673911807215 









0.38917251161441524 









0.422234822415154 









0.6195249956699399 









0.7085137080317073 









0.7121517297796467 









0.7724741282091016 









0.6979104250795203 









0.748767201743754 









0.7290395109008398 









0.6952062798895475 









0.6957908124910686 









0.7495675675690645 









0.7804710480208594 









0.811611039940596 









0.828380776600989 









0.8534341268143755 









0.8505227330973641 









0.8126466540623964 









0.7970707001376276 









0.7798784354214933 









0.7571890674030801 









0.7732506393923283 









0.7605211786387474 









0.7614155421184168 









0.7441910767919586 









0.7449803780114668 









0.6905257872557551 









0.6262962701307817 









0.5900752612323898 









0.3760357022369956 









0.3091805259144925 









0.32135858153303515 









0.42248201974320054 









0.40404145984784234 









0.4293249189842136 









0.3813918016255632 









0.4076441396923648 









0.4022773991166623 









0.4304472286308666 









0.39501589396642367 









0.42274213633896834 









0.37447733009165685 









0.39110120532797443 









0.4144155107757473 









0.4707743483028981 









0.45810285399770545 









0.47343383898278874 









0.4112356102150664 









0.3815014319849299 









0.45923627200020567 









0.3863692623246358 









0.4194662912795884 









0.37418102860191615 









0.3549776536225311 









0.3725491470226793 









0.39376464979795534 









0.4089390747285553 









0.3856834346636011 









0.39027212557777136 









0.4048926131749346 









0.39897431114092885 









0.3818178427151372 









0.3787712539180087 









0.3740714506382 









0.3338698976757407 









0.38323193456331583 









0.424338566883216 









0.43873658270464966 









0.3959984930215665 









0.4324264738940248 









0.39108244861862906 









0.43827559812719774 









0.43474256151808477 









0.4034785655915614 









0.3529501468435783 









0.34598347770356386 









0.35351948464845495 









0.39565693432562155 









0.411794609570454 









0.4245145191024026 









0.5698563984002945 









0.7423704101415103 









0.6903636681579485 









0.6784136310885012 









0.7332836745199824 









0.7484831685015153 









0.7683241742473381 









0.7637167076878504 









0.7595917123949909 









0.756994864622953 









0.7874635165198749 









0.7734351480649826 









0.753913327531927 









0.7189573200187198 









0.7558335556781794 









0.7219926359832889 









0.6486818008683843 









0.5830455643311421 









0.4845471527706164 









0.48995225882868754 









0.49445916644477006 









0.5222515583815417 









0.5276972145336207 









0.46952532524680735 









0.3752467649323903 









0.37762176535296565 









0.3654505170814444 









0.41391116619209223 









0.42003900721152265 









0.3584672004229307 









0.3804887885047401 









0.42663226500866247 









0.3990378688761148 









0.3768355098661378 









0.3908224327691713 









0.3719990441037795 









0.38389351325449184 









0.366540523984479 









0.430423016091653 









0.3915889909975674 









0.4064935181248782 









0.3776205900689824 









0.40635567219500957 









0.417633975769947 









0.4416506973625939 









0.43109310101647186 









0.3916759355043904 









0.4228241103132021 









0.3886926659944794 









0.4177593198564009 









0.39465425265285087 









0.41581369238618743 









0.396970749490225 









0.40175630499373594 









0.4119406644283804 









0.41611861237884334 









0.3787216631469003 









0.3799779009475972 









0.4251817321369217 









0.3761337919347225 









0.3930639990111724 









0.44150302105725686 









0.4027126933707432 









0.40400409084569344 









0.4112957564024363 









0.3961091309248784 









0.3867932558198497 









0.39029861360516777 









0.4047477991994678 









0.40087716352199365 









0.39126240982264526 









0.4251167973616323 









0.5239233773362959 









0.6898306081842531 









0.7508114249583258 









0.7183316368160767 









0.6832847261325532 









0.7418619050189232 









0.7412915764249526 









0.7632324493312439 









0.8110425016610019 









0.7858852818337874 









0.8133686728865522 









0.8310345466896875 









0.8208104120201707 









0.7971273818421759 









0.7680405850688208 









0.8158640818625961 









0.7876252142799063 









0.8042329896972379 









0.7649565804584488 









0.7171214733905139 









0.7407543884360779 









0.770287400243415 









0.7581673165564115 









0.7531984408262207 









0.7514629134056952 









0.6645616271762871 









0.6222132269384562 









0.21508677103547016 









0.34499805645328235 









0.38629861717211533 









0.4085838937055498 









0.41765753651018167 









0.38341210529822844 









0.3860386231828492 









0.3960320267416444 









0.38429786125661336 









