0.09 









5.528354709738889 









6.298844416059622 









6.088601648152439 









7.046668075890086 









7.006375905879694 









7.21346433066492 









7.254565781159963 









7.298716182219912 









7.1794571812948 









7.067114753120466 









7.303218905189149 









8.368461278718915 









9.968292780027806 









9.790880123067055 









9.75652816071217 









10.043696648066852 









10.444675327727447 









10.401946243906332 









10.434944309436672 









10.58637231592079 









10.517288923482488 









10.607492558746637 









10.451763789118809 









10.277548556537694 









10.112401814620792 









9.947181846381818 









9.8414856533371 









10.122106082306562 









10.343912791782898 









9.632345139770944 









10.028788418814251 









10.509007176998704 









10.615847184334196 









10.777012942249302 









10.519739757806269 









9.926886282347192 









9.64387629037883 









9.690525153986542 









9.120702701434686 









8.377275590616094 









7.915971964666996 









7.812511710191449 









7.702112462283724 









8.007245662687088 









7.98211887171196 









7.942145153492105 









7.9873724554062155 









7.814222877113642 









7.529818250902967 









7.167689370010268 









6.8843036173610725 









7.026029196577 









7.073578878151491 









7.547618503672851 









7.312612877598872 









7.414570148358184 









7.121833034160868 









7.319890459679065 









7.092239227585703 









7.174030781672069 









7.009112114794863 









6.983513973199758 









6.924204330002706 









7.218945884015235 









7.143316383122651 









7.0749740920528525 









7.130796617312119 









7.294234492580135 









7.32977292399886 









7.171508686853303 









7.233531938152805 









7.078188723408155 









7.071519296112241 









7.2865812591844685 









7.1076225703689815 









7.128174960688972 









7.2668089641217595 









7.16605850907527 









7.3284970684278425 









7.391104698342665 









7.295399467942722 









7.4115402592201045 









7.515628853970157 









7.555761860061937 









8.322550986805155 









9.24135569559837 









9.572388092918857 









9.003491489703285 









8.778031529108816 









9.203411051459499 









9.565620294367704 









9.892986370528604 









9.895590567454544 









10.350092870156873 









10.648723854712637 









10.527848222954932 









10.245051637203424 









10.009372440142915 









10.324102695944536 









10.731960730345625 









11.001770403982578 









10.152683936881425 









9.801907678515377 









9.883340949117198 









10.242533424765458 









10.227676756565527 









9.682627070587412 









9.474773736678891 









9.168509329205188 









8.625694192724138 









6.003190684904675 









5.831533675544502 









6.050355691612208 









7.2239756349376885 









7.421095510124529 









6.976673194636471 









7.219772920220677 









7.277630628126874 









7.320041321452043 









7.0927445782594 









7.238602851077857 









7.208407554507306 









7.422183220409619 









7.293358549800212 









7.232942368765033 









7.170493547293228 









7.297578586126292 









7.177999065925475 









7.144272530448048 









7.057665082886982 









7.218398546996154 









7.148964551512996 









7.22319782833337 









7.117840716205532 









7.241749313149465 









7.173513794639023 









7.184192382109811 









7.259683015004363 









7.199395289001198 









7.407658100157253 









7.315404634962228 









7.010695121553607 









6.969845581327951 









7.052122896446405 









7.153468203015585 









7.036733952696086 









7.025255836221019 









7.01932804630287 









7.384138609933657 









7.3731612326799905 









7.1488237659838525 









7.204245825956332 









7.129381838282205 









7.170101677517747 









7.361064509374438 









7.191556061836146 









7.334526192326799 









7.307059439436629 









7.246011364950414 









7.2976954462927575 









7.160395091070786 









7.732529072162703 









9.460644301500688 









9.693191761732448 









9.333838025058899 









9.727230181281358 









9.861009283547514 









9.950431532578133 









10.204010237255016 









10.368631457617163 









10.770538608487684 









11.002674551912419 









10.716988322244465 









10.825207581815526 









10.987836416944651 









10.78084328246248 









10.445416244078174 









10.5832575981188 









10.598310376559978 









10.117559855683023 









9.839128888437639 









10.012509450592166 









10.179104528685135 









10.18798211303078 









10.113216254027295 









9.587840761098855 









9.192432427218606 









9.223716068114427 









9.174796379847788 









8.662648947739125 









8.163140491243453 









8.058317786845693 









7.826693980783734 









7.434546783020639 









7.1281947085811534 









7.20997779215529 









7.388823621659418 









7.467693874372444 









7.544787950046878 









7.2555713478863115 









7.1088378175433204 









7.421728138088622 









7.321762220603594 









7.305926724400701 









7.399544688523264 









7.263263703020761 









7.482069438810431 









7.330144968817135 









7.319710057962565 









7.283946355561873 









7.199817611175684 









7.219366274201823 









7.180946146140733 









7.3345476564840455 









7.324308722987763 









7.301129907623085 









7.3225481891805115 









7.3860879925189575 









7.304706997964059 









7.341878261265831 









7.000649487369845 









6.945466586314367 









7.2234950079682525 









7.436974749563765 









7.40812181325313 









7.584593704726644 









7.440576405672652 









7.112208951839767 









7.1657889203579845 









6.988424679686251 









7.124273025145347 









7.383666439834588 









7.388702710739074 









8.020375616092057 









9.336852141847999 









9.970235618778695 









9.897536179195946 









9.525676289741515 









10.290438133766498 









10.397778905595969 









10.563706287833387 









10.681207629144948 









11.00427446407479 









10.789124823511855 









10.546971461864882 









10.41523020846473 









10.17410903246168 









10.156067574560657 









9.994320925603624 









10.322013621362094 









10.471588782963032 









10.238797186912572 









10.358285289789908 









10.277814967060664 









10.347367806359758 









10.441498573598212 









10.173376212290782 









9.344765867685018 









8.425704578205382 









7.920172671979684 









5.8079318300880445 









5.485549136087455 









6.085821213572978 









7.158951753908097 









7.109503983154907 









7.281181621056673 









7.276158078954995 









7.124271293627777 









7.33534988252254 









7.021104355758835 









7.014065968692649 









7.433102210054492 









7.407961647016308 









7.233056807148357 









7.222707862211941 









7.084798766312391 









7.417072446560018 









7.460369695646828 









7.337580334730884 









7.00777637533671 









7.292740476228964 









7.340097126113741 









7.078790220449601 









7.202551112854735 









7.5526838085953765 









7.613701105716525 









7.221743429817079 









7.370868050405344 









7.552373347674783 









7.193892071599619 









7.462699896027523 









7.335058071846404 









6.948879790574883 









7.053137968043425 









7.307028510263748 









7.415855796454354 









7.233694992073934 









7.126117608477369 









7.301983073564984 









7.1608447600150145 









7.075129297848083 









7.031949207473155 









7.224855742980427 









7.248226058057081 









7.295714870846896 









7.051181709592039 









7.116784382834243 









7.197545231273705 









7.260996846989296 









7.2176359506454695 









7.629628667565623 









8.16316549704674 









9.309719656085726 









9.93645392848546 









9.340445569697104 









9.12448933269408 









9.700277278243679 









10.354280543716877 









10.726616691303812 









10.892863725027805 









10.820096075401027 









10.585234971238163 









10.745271494008604 









10.54478020851181 









10.163795298766171 









10.661810325604547 









11.289186536912531 









10.709776451142366 









10.49339182345675 









10.644876725312198 









10.787996305569965 









10.83644635206625 









10.797033213039446 









10.89858765612603 









10.916215647409723 









10.396963186813586 









10.211614142838089 









9.897563582521926 









9.367248215089404 









9.27421061115788 









9.245362238803812 









8.926303631665078 









8.47640825156247 









7.989957297090659 









7.972518616280282 









8.083784457044905 









7.546491038156397 









6.953134013024274 









7.028336232908353 









7.183248784220346 









7.161841373171897 









7.135352392117669 









7.118013169556511 









7.347129218448663 









7.263931542656464 









7.396893560545654 









7.178983031664056 









7.16542514790353 









7.273578647993053 









7.36611565987089 









7.300076547334505 









7.165417142360304 









7.232711286231898 









7.4174452653488 









7.261939329994846 









7.051029566993539 









7.249623343662653 









7.515971436469025 









7.3840052173197455 









7.303265130797369 









7.179337614673381 









7.273089876666597 









7.281765094442754 









7.24783914269049 









7.278896969075126 









6.9972153938602855 









7.12570041263579 









7.400871354583715 









7.214798398272423 









7.447686338988074 









7.496064328641194 









7.111926010690051 









7.33084427149801 









8.175131415551368 









9.487144532600347 









10.29709428327354 









10.054892698938527 









10.424028708651703 









10.428716952245656 









10.123970432245661 









9.943524593146979 









10.566658515439352 









10.96313503569997 









11.18239946665802 









11.229764923083868 









10.706198631897417 









10.665119552215547 









10.635848951922263 









10.79717282843628 









11.178146677969394 









11.316177212231652 









10.498897841824036 









9.759511029764504 









9.964836733229813 









10.747514278196334 









10.460987536706131 









10.19516312487796 









9.928153078836159 









9.714795203191423 









9.080720409996962 









6.297870337123476 









5.56270317614812 









6.002657531000243 









6.646875519580097 









7.033646012591834 









7.212586140189717 









7.182517365285726 









7.238625947374944 









7.057813547518298 









7.250929795635173 









7.294200598933166 









7.34699856743816 









6.9188720354422575 









7.01091800582456 









7.244395682529365 









7.264123772466369 









7.168477832958327 









7.159051234703029 









7.149716651712081 









7.243522481328297 









7.610400276918867 









7.280323105329173 









7.062954917431915 









7.230864184950963 









7.32703742359794 









7.229325782963014 









7.114612953292487 









7.466215927696973 









7.428593329571294 









7.217474922248793 









6.973514845342569 









7.377304196027719 









7.51571783020338 









7.505063024259986 









7.589876152537874 









7.381458172482575 









7.249415292829856 









7.192401518975325 









7.244369828466549 









7.113603210251079 









7.119646897236134 









6.998653590611949 









7.141949990461663 









7.279078461272461 









7.139227644232849 









7.155374502616512 









7.594765513663804 









7.357875885607734 









7.212807881069782 









7.259895569293355 









7.457395725239802 









7.6812102346197415 









8.960976764260996 









9.844094205623962 









9.826951231760656 









10.188378001934042 









10.554488124282097 









10.116632754090816 









10.570402108090207 









10.90398272194044 









11.275640317321638 









11.109829530839864 









11.078756788217607 









11.10123282968218 









10.670479949489884 









10.452469278997123 









10.316376578331845 









10.388558362488132 









10.751055051699087 









10.584546275454823 









10.457764582290546 









10.683383853772545 









10.48860410447927 









10.274011506714604 









9.979981923590424 









9.269391927651117 









9.20378273133914 









9.185756957707802 









8.54576116252878 









7.779434936970444 









7.2741013660090355 









7.084433281071971 









7.167274880458577 









7.0127883525551935 









6.971104732040574 









7.235668854457376 









7.071007507937099 









6.983080149591213 









7.063575428192248 









7.0819783033382775 









7.302314763626037 









7.411462290991105 









7.2937129919850285 









7.032936271006504 









7.296351241383126 









7.169320125238949 









7.087914644684413 









7.140395977731957 









7.188790787447204 









7.370399237438452 









7.423741067059605 









7.134778973095053 









7.064150012835446 









7.1107813633312515 









7.3105961608516195 









7.290792888618274 









7.166077043887383 









7.27791304667097 









7.022665995071622 









7.334061847615327 









7.241685539965092 









7.271330648678648 









7.256694655917999 









7.335129995122213 









7.208850630936495 









6.909076048369289 









6.993216986944795 









7.069347466607662 









7.161596045967226 









7.029488003853985 









7.156084763777299 









7.234200744589359 









7.285113703546386 









8.289457469857643 









9.802922396517733 









9.925170968725645 









10.228325048397176 









9.83465165049315 









10.10618592739068 









10.026805954823079 









9.768735836709379 









9.754380953303945 









9.93346811187503 









10.417838117297432 









10.937387485429724 









11.265778721546868 









11.457447685858352 









11.619067408361179 









11.174598177947033 









10.8534701060569 









10.663345266425976 









10.393475901802036 









10.38923087891753 









10.383696054257143 









10.290747810816077 









10.175890823639621 









10.272811918077696 









9.8908534320604 









9.232449522100712 









8.13485296059399 









6.123802380786297 









5.544989309268408 









6.0028525120145835 









7.198346767639125 









7.354553582406825 









7.368444869769638 









7.374676526661931 









7.23818413223694 









7.302228828612469 









7.3012217848882095 









7.298265277249093 









7.323242070288147 









7.003971120518071 









7.02357526336336 









7.245656282187648 









7.6043425470014725 









7.576234775000291 









7.593236402723581 









7.4119926148877715 









7.15635380791175 









7.514290216984217 









7.268903351643518 









7.196981258181803 









6.973635520809977 









6.990907426728324 









6.965981631993375 









7.133352374752501 









7.225255333668203 









7.185890010892015 









7.215645991250048 









7.218244898550495 









7.297161312801168 









7.112609436958834 









7.018777965862832 









7.107737982631755 









6.891551244274194 









6.983212240884212 









7.514113785188627 









7.536055357826679 









7.2447632383516405 









7.260525644907516 









7.17836404696166 









7.413338540617949 









7.570962108814826 









7.294376715393565 









6.799628394492732 









6.838011419376753 









6.994113284700327 









7.11285581572876 









7.131828517991463 









7.231766070372023 









8.295018383492577 









9.781278242786517 









9.724953602105591 









9.529706347522716 









9.801301838783177 









10.238018721559964 









10.293672937653689 









10.390094268832083 









10.319461498163678 









10.275682201471831 









10.571347936204985 









10.491016072181054 









10.349042168295675 









10.04219497649812 









10.13063562311669 









10.113375317613887 









9.631151655799561 









8.936845700188732 









8.226778657418008 









8.069437518370675 









7.97082114123505 









8.285363744986865 









8.147612278705946 









7.87994132154374 









7.267348009086532 









6.963678892114946 









7.074335035900279 









7.2861177375955 









7.364132893923717 









7.102841247108943 









7.134489418125332 









7.210484978279304 









7.383633029564036 









7.0223184314078235 









6.992335549881035 









7.193197885226932 









7.1368244837612735 









6.979444717456901 









7.239210864640543 









7.202202996585268 









7.2470627378165435 









7.2865322688839 









7.095409117903579 









7.349450953048969 









7.26586731641496 









7.449961964534641 









7.053682972524718 









7.180438996105075 









7.154036311559411 









7.192820876862565 









7.239667968166989 









7.3244352002579225 









7.208808744423816 









7.111422466270899 









7.270323686002557 









7.3228348879901475 









7.057100616946608 









7.068709898124464 









7.136722378255846 









7.101417909898859 









6.99762432050309 









7.4762196140224155 









7.262264686531706 









7.220024668233977 









7.166719457738959 









7.1959098517442195 









7.306562318253512 









7.185162128763392 









7.061988757747762 









7.11158926063587 









7.085731527929287 









7.275161235245998 









7.804175347576272 









9.20051313957711 









10.099948967705448 









9.861395393452069 









9.663692133196353 









10.098514834058875 









10.295854734814736 









10.288994690880607 









10.705904760772913 









10.667696962066739 









10.763062433644961 









11.199862071464555 









11.065712323366462 









10.856049056332862 









10.52034410682989 









10.927277446318245 









10.67284735086381 









10.726035773494583 









10.176010910212796 









9.93986863603463 









10.03172061588632 









10.42902722577793 









10.40683039575939 









10.272961090869616 









10.121973107172739 









9.670424478607954 









8.585076677248386 









4.931094381329201 









5.954745864991802 









7.039829216797762 









7.174120776961833 









7.304504478839393 









7.156144373078762 









7.13739734829831 









7.190391690325844 









7.152036700409226 









