0.8580000000000005 









7.621615217704449 









3.961047664462532 









3.4641916918710467 









3.475078120090636 









3.1583133131811723 









3.1716386175992035 









3.056685327051146 









3.112732312614644 









3.080424494939332 









3.163758163661464 









3.1382440247618404 









2.883573753804573 









2.398127562796275 









2.0624579256308793 









2.132913252465476 









2.0834707480888777 









1.9974839652140026 









1.9586650927996554 









1.968339997668395 









1.9704286801904083 









1.9226302533448303 









1.9461042233508792 









1.9330525507925564 









1.9642459577299065 









1.9993779003758936 









2.04026339201252 









2.0671224929608005 









2.0722722133070315 









2.012492789995135 









2.020194638275176 









2.130387441740654 









1.9865013023957943 









1.9366635904070448 









1.921749646502853 









1.8953776918532639 









1.9327405524823031 









2.0474027004602426 









2.050385712100868 









2.1261119220429037 









2.3502917233257414 









2.6337814029067177 









2.7293645549141967 









2.7801751541521083 









2.7261634243037642 









2.6514085222460912 









2.6568749679689336 









2.721234030115343 









2.6575727992747016 









2.783686479376456 









2.8769435014902145 









3.1250297316342577 









3.2088075840505303 









3.145982557318931 









2.9766983629453625 









2.8273119558178257 









2.8826991903790478 









2.9660641464432147 









3.013824265379275 









2.994344223577846 









3.053577718193011 









3.0886131391477103 









3.108891888335309 









3.1407538927265763 









3.0752582366255234 









2.994769832103002 









3.0576240684862395 









3.0727579588172715 









3.0271111525312864 









2.9276025654959446 









3.001306932949818 









3.013758003375769 









3.0262634057601434 









3.085417364179868 









3.013222808601877 









3.013891713257828 









3.009896897482775 









3.0194224811248445 









3.012771976408257 









2.960087429608558 









2.954495873432423 









2.9699585987200687 









2.9425962256522578 









2.939718382394303 









2.8847543449783175 









2.775831075378332 









2.4194567444566335 









2.1708786552282753 









2.1671736484763118 









2.3137331830425794 









2.36659773474225 









2.184742430981053 









2.125148520182797 









2.0509456395580083 









2.020771450052065 









1.9075462304299902 









1.8706382941116304 









1.9160265932340854 









1.9711462546195337 









2.0002075396692494 









1.9028023754909176 









1.8636082842640003 









1.8745923948344734 









2.031853433654403 









2.083829115934906 









2.038841914700833 









1.969766832306835 









2.0082310031193313 









2.1329920564683786 









2.2015862692998107 









2.217837919692539 









2.7491479516535278 









3.440079075881938 









3.542816909006472 









3.4012963235687392 









3.000596455664001 









3.098953977965254 









3.148684315776223 









3.0736819813324634 









3.0539046431065597 









3.0671533253469123 









3.1213141389596464 









3.088503182568518 









3.068433776791501 









3.0012640323761985 









3.1176307434478447 









3.0961718109136345 









3.094138523139802 









3.0636567116288003 









3.140323986670067 









3.1714695475688726 









3.15397496567119 









3.106185926654036 









3.1130304014525567 









3.099408959660677 









3.0771387533794643 









3.119986306525477 









3.138607926801576 









3.079844621941272 









3.071188811059528 









3.058338503442058 









2.951808123000586 









3.083472621989179 









3.195162068495471 









3.164631318529342 









3.184260835792713 









3.212551993401273 









3.198965144578316 









3.2096165057520145 









3.1577206618610347 









2.9820576852375598 









3.044957865071313 









3.090883678686094 









3.136988291506136 









3.150269115408003 









3.05639268922782 









3.0515489217013276 









3.0930607308964033 









2.9904367431232974 









3.061985024133712 









3.039098108538129 









3.094881996134557 









3.2664783093821943 









2.685798807972051 









2.199252249104872 









2.2357214262229044 









2.232566756561586 









2.167218380475184 









2.1525338168350703 









2.108831772982972 









2.0390611783339505 









2.005991051562825 









1.9683800868082453 









1.9398172521528623 









1.9743342604382663 









1.9191533692713336 









1.9041055372253306 









1.9737326371757051 









2.0110595192582887 









1.9983635780430882 









2.0197260518376527 









2.089758343310867 









2.1484761077177508 









2.0952144249513256 









2.0721723409358366 









2.0346929791674717 









2.0038289724270744 









2.165097422485113 









2.2120420672476637 









2.209668000158058 









2.2379864173474906 









2.4522897731829265 









2.561811478228656 









2.685078694546309 









2.7750469302816847 









2.9572774298257407 









3.0449560761557484 









2.975046605703828 









2.9221768956315826 









2.8633312451418 









2.8938395600346354 









3.076643003657403 









2.9785505288380363 









2.872976695364888 









3.0028430351652924 









2.9242762826094193 









2.93921645976101 









2.9285935010292237 









2.8951013840857507 









2.9476642737105196 









2.9729399318639995 









2.9649510907411436 









2.9569044548113204 









3.06471535914209 









2.9971963538266464 









2.956751385806195 









2.959133749364994 









2.9631237387458125 









2.984237591071158 









2.9509003476849625 









2.9602014007367394 









3.00600973628206 









3.157019192096392 









3.0761019136553815 









3.0120115898567765 









2.891817876484102 









2.8559610946761325 









2.8376743824966795 









2.927476741034976 









3.0447809562319574 









3.049195583441353 









3.1069659436164354 









2.9667408133625353 









2.945098547533952 









2.915255131123015 









2.5439159538438716 









2.149600421287858 









2.068502604092035 









2.1426211825691066 









2.12448832271134 









1.9668798238669953 









1.9829644759618361 









1.9302159369721523 









1.8988136316366628 









1.902132382934228 









1.910571874133164 









1.9392379934296164 









1.9823983884848253 









2.04280544606867 









2.04800539702079 









2.023769344304434 









1.9711242538102163 









1.9766388258274201 









1.9814134371212844 









2.00054726582063 









2.0087698881697897 









1.9731117458992782 









1.9461477863626404 









2.03269901644762 









2.3560384480544894 









2.4788546076304767 









2.94522959518011 









3.584873563561662 









3.6717931868925175 









3.342420829715334 









3.1225089474179906 









3.1059482622352923 









3.0291483287982737 









3.1199507431629456 









3.106917909616822 









3.1078142673267863 









3.187535714757455 









3.160659381210584 









2.9506041034005035 









3.043090698265817 









3.0766245478464227 









3.134526075763267 









3.1003973918560463 









2.9626937439538827 









3.028134297337417 









3.119506991161093 









3.141404662384794 









3.001112554533468 









3.098085066251016 









3.1111721832419925 









2.969363309590413 









2.891709294505432 









2.9500799896850425 









3.0898306728125284 









2.9544749144382427 









3.0131430261687853 









3.0331756279732542 









2.927976590433604 









3.0698714951873707 









3.1942341796901053 









3.1227074098084024 









3.0517224305900856 









2.982370495439615 









3.109305129161167 









3.066655933253577 









3.0158186879621813 









3.1632746955476203 









3.1391201480800413 









3.1567283071693715 









3.1722964426619593 









3.0185780728185665 









3.0976384297767474 









3.1964199968853872 









3.132534039994458 









3.097431824209385 









3.10424625918684 









3.1163179576926296 









3.1018507752178737 









2.7732550111856287 









2.405717526956005 









2.3461297161287886 









2.5715328311779353 









2.5975417400121827 









2.374917797885525 









2.2191406726879612 









2.1367580467907525 









2.131452176957715 









2.1968651389335276 









2.1880188463580765 









2.214283975389024 









2.273152431162181 









2.277214145482821 









2.161938951539849 









2.1439944320388786 









2.2572013862915674 









2.231070264709251 









2.259228142908507 









2.1794810650316356 









2.1734535395013053 









2.165266456866055 









2.0383866928238605 









1.8932335473517525 









1.9571438624894966 









1.9708210372337738 









2.0897515962689983 









2.1654246498089544 









2.2104414731171396 









2.23614374920092 









2.3671792703611203 









2.5519603996536175 









2.6965220366907365 









2.6041523977095578 









2.708187617305428 









2.991923300406249 









3.1284062859299184 









3.103122613782073 









3.031736858011491 









3.054154503866207 









3.0078603085378597 









3.039295914989235 









2.936298396438523 









2.950195083504751 









2.9575214744509224 









3.0516556558633523 









3.018553257076938 









3.019712308206501 









2.8689989440103902 









2.9945801183273106 









3.043124681746073 









2.9551046541493045 









2.8750788472381754 









3.05619966598211 









3.0509863434229905 









2.9392226906735064 









2.8669787605104533 









2.9673879045614275 









3.0134586511531047 









2.9792011738681676 









3.010658589787758 









2.9622831474646163 









2.9851755544629843 









3.0273317165129527 









3.0856613797527666 









2.9895887986083785 









2.9242460673478323 









2.974023144031872 









2.8732992473322647 









2.964900320089924 









3.1446267118603317 









3.0383516745128936 









2.594818392378696 









2.211504738663034 









2.0703663888310992 









2.0888019522211496 









2.0378082028457922 









2.0844329444197784 









2.1686941734281113 









2.122646950049219 









1.9744117996124417 









1.9758626982833154 









1.9338740704328183 









1.9542304501849803 









2.0237180033506936 









2.0151856335957934 









2.02589607369734 









1.9817048058813296 









1.9312091871752803 









1.9459328942533445 









2.100036689829278 









2.2147615837473125 









2.1355696717619166 









2.0449135619784298 









2.019716669453305 









2.009105600721417 









2.0330681321913713 









2.047882907113906 









2.5857536379185957 









3.411750882190333 









3.6474250182863086 









3.565588878203239 









3.298160372321967 









3.1641897158455214 









3.111738536777125 









3.098244098157133 









3.141202982736698 









3.1670570293942104 









3.0630905797678505 









3.0490342854294012 









3.1335108769743867 









3.291079745802983 









3.177649298527577 









3.1130984442387937 









3.091744273928198 









3.1388973822521478 









3.1239681767241216 









3.1301446310580765 









3.043480723722545 









2.918603932928836 









3.091282938774189 









3.1442946286651785 









3.0548007941268773 









3.0555719826402794 









3.1009561351857964 









3.0743924399403895 









2.914349289911321 









2.97486735050936 









3.1811668208952075 









3.0928684555518697 









2.948189727342783 









3.000533565432372 









2.9236960300889487 









2.89533703632597 









3.057865818534225 









3.0543253504831336 









3.1253715201281946 









3.107348839313951 









3.1853179544539625 









3.1985765231936747 









3.191384059416264 









3.1063511521834433 









3.1334204286510356 









3.2183691241929253 









3.0230355317186626 









2.9195628404127416 









3.053272900243714 









3.1079073393688086 









3.221148971864339 









3.53514275447159 









3.7227249260928086 









3.260562990947857 









3.2362031685711745 









3.322111833831842 









3.2131143134004083 









3.3383243129933677 









3.436334165050789 









3.3397428411276353 









3.2050603764465606 









3.1908633675221947 









3.2423264527613243 









3.1952051230348513 









3.2679177398137957 









3.4109314165279687 









3.570230845831943 









3.794484830724309 









3.7604242963297114 









3.7228518080190915 









3.859544884697963 









4.034102503500342 









3.918727899071284 









4.042787239706312 









3.703493392556969 









2.5972252109175686 









2.2581294662202165 









2.1681719142658977 









2.3067972951203064 









2.5183471648543123 









2.850469762045312 









3.001649257883525 









3.043738912335419 









3.0417183994999792 









3.1520738968472624 









3.0692760494673186 









2.993017428341674 









3.106408176535 









3.0866418978218975 









3.091459120275655 









3.0274118734591564 









2.9541227945651234 









2.925906632542725 









3.0087231482301293 









3.0986378485210646 









2.9386990347359627 









3.03095917356949 









3.054863171500499 









2.990582276116903 









2.9752711252982533 









2.8874250886126744 









2.986251564072826 









3.013250021527278 









3.0546916791193457 









2.9978103594834287 









2.9600219467963935 









2.9841675945814217 









3.039423092197086 









3.0105834059823255 









3.054930410996293 









2.9137110262178707 









2.9951982912149258 









3.004770345425815 









3.007266673196886 









2.947831812463099 









3.077404428649272 









3.118158005478595 









3.108990212696939 









3.0452036985221906 









3.0893355244788494 









3.0909885148972 









2.9976128983311705 









3.1897005070982902 









3.302053159626767 









2.730221914980692 









2.442903923999439 









2.452062462021011 









2.4182186172693054 









2.577521572421771 









2.4546171922211344 









2.5170233066625247 









2.575888315542042 









2.553665629633359 









2.47299344127236 









2.378141624341725 









2.2761719403385614 









2.25746667367591 









2.18493937298547 









2.1769911601300493 









2.2930433294155725 









2.345844572435156 









2.3870038116639103 









2.4696200896955793 









2.428031460883175 









2.470572795128739 









2.4801726188982394 









2.3211038465115457 









2.0176387884677864 









2.0968984996970126 









2.3041163882167375 









2.7860038026980414 









3.4221804521603336 









3.654365079809171 









3.374577574195095 









3.0194393464790803 









3.0098917211918357 









2.9944932289591115 









3.0605425753967364 









3.042006865126928 









3.0289506899502086 









3.004237288765593 









3.0725884941619834 









3.0776410752190526 









3.2174233032943595 









3.153312711985365 









2.987581354243199 









2.852222776734304 









2.9084594700212487 









2.855100010107532 









2.9763541271470086 









3.0311916933631036 









2.9847275123411134 









3.074697723821196 









3.106513941203857 









3.2249664983977535 









3.2561680517806924 









3.22662818828121 









3.134340508427109 









3.0729785639251745 









3.112726403930441 









3.1189784874951165 









3.0396934404285747 









3.083591601294909 









3.1315860989709305 









3.0948523613976797 









3.1813170462978744 









3.3045547979497347 









3.116809392466974 









2.9566320382261146 









2.969461397755776 









3.109579735983804 









3.053152503755172 









3.066190571842172 









2.943343617112927 









2.908032267932815 









3.155525630506807 









3.2995221305985942 









3.2670468324237953 









3.213549302586407 









3.148533981163628 









3.447113530793027 









4.259657709270184 









4.608920586009746 









4.7205221553239705 









5.73469408853108 









6.739307340092695 









7.047029643219354 









7.232775921048632 









7.376113875488285 









7.430551304745931 









7.720764166251056 









8.014985531077603 









7.878141955180313 









8.03352341519801 









8.641359955515581 









9.239700525481142 









9.327737391276656 









9.465993170517617 









10.270579988270176 









11.42515522332946 









12.82338282496595 









13.765482324634965 









14.222726206292027 









14.490290676132775 









13.88278413998994 









9.79713649606036 









4.017507842430639 









3.3149747194421315 









3.2666748915262818 









3.117106704034511 









3.11185253897197 









3.2371660458701736 









3.2054136042012904 









3.0829482107205965 









3.108962987617947 









3.2890631294199633 









3.194667823947426 









3.1997844951738523 









3.276727107817854 









3.2523678609008813 









3.1327765844900637 









3.1781138381181204 









3.1333796011166846 









3.16096939139782 









3.214253449914603 









3.104571309747923 









3.0567843711240785 









3.082730877970475 









3.2152021136280715 









3.138345125359123 









3.173033103204375 









3.121219656564542 









3.13420713974598 









3.1466677975033375 









3.1749041834909217 









3.1082841965667054 









3.0605853171197115 









3.1124662740902376 









3.2003002771938975 









3.1872448561515445 









3.137151165052933 









3.2679454585004293 









3.1967293783233237 









3.0578502128468177 









3.142818642237034 









3.17999228046015 









3.1366693404990436 









3.1272146260548093 









3.165046137500552 









3.194854437524932 









3.1884258878140845 









3.179841643807025 









3.513266144753203 









3.9697231235437234 









4.261480818514222 









3.9444823955102706 









3.8732641420051515 









4.158919041659131 









4.376438051949182 









4.3047501287689185 









4.547807631898183 









4.5914797539584855 









4.653610434175658 









4.857052797049641 









4.773021856367555 









4.649787867689247 









4.7775627360119195 









4.894832392205723 









4.974813708533067 









4.840643857972046 









4.9120942479554035 









5.050962424779182 









5.216050961943407 









5.560684928817945 









5.453871021840338 









5.319254354200228 









4.9901445454080875 









3.206126618244779 









2.1299449402269004 









2.280411139945631 









2.732778171213781 









3.768684371653 









3.44794982734331 









3.127242734308062 









3.0824496360867064 









3.0546873136856316 









3.083212151127415 









3.140270340426537 









3.12856366697762 









