0.2 









0.0002871500007049871 









0.0001652234691245594 









8.536536478743852e-05 









0.00018199590750242088 









0.00013727935560137313 









0.0001281823905493126 









0.0001654716549766848 









0.00014249021821669005 









0.00012690873728078385 









0.00011542672659447387 









0.00019285665640692045 









0.00023216817392535273 









0.0005901638497645099 









0.00038578105497455635 









0.0004483109673428897 









0.00033467654227261375 









0.0003889430494244191 









0.0003729360059659476 









0.0003849429605095714 









0.0005839832539162621 









0.0004499083118719731 









0.0004902363325814061 









0.0003220195155415512 









0.00041947532170819404 









0.0005181605629132205 









0.0004960707269183039 









0.00035293027016646667 









0.0005299188295295381 









0.0005023389322434358 









0.00035299317280144466 









0.00040812493397453687 









0.0004787022114721553 









0.0004092811294361562 









0.0004290813158752067 









0.00047180580075363793 









0.000489407767660779 









0.00039817703570857617 









0.00033933037320245895 









0.0002630499771686197 









0.00020369527856993822 









0.00018913693785774964 









0.00018971321485027954 









0.00020138864973889974 









0.0002508481843346437 









0.00014552573039121574 









0.00019288569531332843 









0.0002585368339685371 









0.000182650129763676 









0.0001713311031018621 









0.00013496858463190266 









0.00014758539736451447 









0.00014618203104685868 









0.00011218728623966825 









0.0001635197198230666 









0.00019940878816925516 









0.00021044538137655598 









0.00018313554806342105 









0.00016098775911617118 









0.0001532573523627584 









0.00016541335912161374 









0.00017770148232891783 









0.00015535630286506597 









0.0001370330503324027 









0.00014902111001120468 









0.00019346028886104149 









0.00016853778749308888 









0.0001403731314415457 









0.00016156986198922018 









0.00015913612325852767 









0.0001507264103506338 









0.00013284062580329174 









0.00012863797725852125 









0.00016292935788616585 









0.00018859141899878998 









0.0001923083311063191 









0.00012840215419140607 









0.00015637376730489474 









0.00017079779424209677 









0.0001712618291729629 









0.00016737332563976617 









0.00018778843983682775 









0.00015955450974947083 









0.0002220860061830177 









0.00017741256235028743 









0.00026858216530357173 









0.00033051168482520286 









0.00038128350020337926 









0.00028926484799803986 









0.0003049210053945009 









0.0003233192610514118 









0.0003988421713771637 









0.0003819886469413845 









0.00041016599600917134 









0.0005883132034390107 









0.0005383352145815226 









0.0005765400738362222 









0.0003463267563168806 









0.0004559760013822775 









0.0005469816913720152 









0.0005384615345852497 









0.0006486056484242677 









0.00042415747187269433 









0.0003170288747075848 









0.0004244151724544399 









0.000403060811970938 









0.0003422085536412522 









0.00027014631534642196 









0.00039997678125508864 









0.0004131725065157172 









0.00025673573935884304 









0.00012148111178063836 









9.197467060173962e-05 









0.0001273510639945186 









0.00017897981614100486 









0.00016503711343986713 









0.00014451193491107965 









0.00018838380167925472 









0.0002242121698440692 









0.00017151977078045077 









0.00018881806728343825 









0.00017124875371552888 









0.00019446745398438972 









0.0001538937344097579 









0.00019107834138270549 









0.00012683215260543955 









0.00017467195175184926 









0.00019785273045599418 









0.0001275283835248767 









0.00014961899591945442 









0.00016881786032775428 









0.00014056596077909148 









0.0001357319950573608 









0.00022316068681076665 









0.0001680943020344892 









0.00018487135854827953 









0.00013127237417101003 









0.00017173975393351747 









0.00020196852514949481 









0.00015099966628173247 









0.00017382316449174198 









0.00012702723660576196 









0.00010513516377906437 









0.0001237398741308768 









0.00013811538193379515 









0.0001577060256442018 









0.0001480155407191101 









0.0001330168901246846 









0.00015554327280310222 









0.00015506322399328463 









0.00016029839662144084 









0.00018858597059855916 









0.00013228709514601956 









0.0001726817471466784 









0.0001311910143271021 









0.0001544908340347084 









0.0001554945338322203 









0.00018485760556920112 









0.00013977087115246348 









0.00019133687783259723 









0.00020191899929155663 









0.00015105808731828127 









0.00022602400353753514 









0.0003000581637701182 









0.00046792986083523134 









0.00026479844702518885 









0.00044091952444071645 









0.00035332225503500444 









0.0004700845332792223 









0.0004389878217063009 









0.0006212465101137134 









0.0005902533109530086 









0.0005558644063208586 









0.0004741745248506308 









0.000595830811238453 









0.00043787509284754205 









0.00048140347893264055 









0.00033744771578254516 









0.00033401317009918656 









0.0003612147623192856 









0.0003596187543612748 









0.0004818035064839694 









0.0005040198572251534 









0.00041958376609212893 









0.0003071343976809288 









0.0004976041795252838 









0.00033501879290740214 









0.0002946616008286457 









0.0002847645054064191 









0.00034713147241208724 









0.00038161750129972455 









0.00021783747703375963 









0.00020312647563332882 









0.00021780639745645584 









0.0001302195703963081 









0.0001313536359766931 









0.0001290187387687658 









0.00019912370277797188 









0.00018159804392191547 









0.00019427213758131727 









0.00018807483828919277 









0.00016238115589379946 









0.00020681354170555365 









0.00023186453763000408 









0.00022048853930083142 









0.00017247536103045204 









0.0001552674706251732 









0.00013617976577417855 









0.00019578086827648353 









0.0001970722852973854 









0.0001825692395334754 









0.00015154525033471552 









0.0001366288826670236 









0.00018436771537913972 









0.00022162101496032505 









0.00015232052167637664 









0.00015578163706868211 









0.0001644420166992623 









0.0001984612895888036 









0.00019721683973933076 









0.00013151454985345755 









0.0001593262753510367 









0.00014394419998217336 









0.00019354190960820168 









0.00015597904469230687 









0.00016481342127420588 









0.00015568001828673492 









0.0001436182922774102 









0.00013461849265179377 









0.0002135919065743163 









0.00015463561124262867 









0.00015825517999430613 









0.00019572720593543714 









0.00019718047457173264 









0.00027302228761326154 









0.000339608421454406 









0.00042673488551747674 









0.0004616401915787461 









0.0003157902019394421 









0.0005746793809263628 









0.0004950996683914288 









0.00042202105076382215 









0.0004893079683874309 









0.0004598724214328488 









0.00043300083151657717 









0.0004373885828733049 









0.0003477882246422202 









0.0004573763151521083 









0.00032264988441121743 









0.0003506219076319641 









0.00045053334021513116 









0.0003999503161266103 









0.0005388089987447473 









0.00042396524404317325 









0.00043351109853480155 









0.000394518385616417 









0.0004128593087061597 









0.00042305293291524244 









0.0003243731580270308 









0.00022652371235831986 









0.0002925653397026123 









0.00010593714263993507 









9.199667896332624e-05 









0.00010097888179167156 









0.00012215884645459923 









0.0001327381066947904 









0.00018218708956130696 









0.00013424623219359375 









0.00014763614613612084 









0.000139441205185718 









0.00014372773538801883 









0.00012804531050079922 









0.00016606101306536675 









0.00015165184078495605 









0.00016072874395377262 









0.00011394702425081133 









0.00015660543976554845 









0.0001618265183633254 









0.0002154170087824571 









0.0001609387361271144 









0.00016411857981047027 









0.00011690871631231037 









0.00012798173871030543 









0.0001571767689647324 









0.000169588404862073 









0.00023209486452184627 









0.00018125855277691761 









0.000184175927414141 









0.00017056973920848338 









0.00018906259878521687 









0.00021788999046849512 









0.00012519810611682366 









0.00016496266519882213 









0.00011890179126889514 









0.00014832540226405923 









0.00019670595158878323 









0.00020549759036528426 









0.0001369810706569512 









0.00019026906324671133 









0.00015474148971609137 









0.0001363123824344537 









0.0001351073263399292 









0.00011618980013890562 









0.00015368400457105026 









0.00014647350405262976 









0.00017511159663013905 









0.00017920635653542331 









0.0001244488548378754 









0.00012800580674339696 









0.00019083288065018932 









0.00016672766853558077 









0.00016046474681245945 









0.0003050630251491516 









0.0003206174380581046 









0.0004046900549219657 









0.00034853076981350775 









0.0003297829575510112 









0.000334842231618049 









0.000435019682072496 









0.000519588361233363 









0.0004305942845745385 









0.0005269697389569382 









0.00044620245295707764 









0.0005368611742593098 









0.0005019045949874791 









0.0004635872455802466 









0.0006128979659744846 









0.000589408419873751 









0.0004567385443901617 









0.000428440881378027 









0.00043756626131799645 









0.0004493253010116531 









0.0006113737160756201 









0.0005943319804025233 









0.00042970081784363926 









0.0005936507396690925 









0.0003539149260021568 









0.0004209691418264053 









0.00047409425707227166 









0.0003818546231774 









0.00036230749109148787 









0.0003906437546280547 









0.00037668351305760047 









0.00023651978376901858 









0.00016710840053658997 









0.00025293258769939787 









0.00019948747793902693 









0.00020999107335201563 









0.00013883328781075758 









0.00014083975581763886 









0.0001709920195457993 









0.00013838594349274122 









0.0001222646561768229 









0.00011941185297643247 









0.00018374291307947632 









0.00019519075130221354 









0.00016200795939646937 









0.00015189831974892073 









0.00016659649348763859 









0.00014612177076688904 









0.00019058398395313536 









0.00015365951656650892 









0.00017397341291882674 









0.00013769509008846746 









0.00012646539996455722 









0.0002196776388916101 









0.00013375850739389035 









0.00016124654554095495 









0.00022167131379419603 









0.00016843127930726295 









0.00011860182056286646 









0.00019712695997196962 









0.00013931046780636864 









0.0001883381028530089 









0.00019180030287311352 









0.00012815319054206343 









0.00018675419061929506 









0.00011246678078786449 









0.0001334085888772503 









0.00012017372099221618 









0.0002070955468021004 









0.00017632613122118808 









0.00012534573641609956 









0.00013914082790704034 









0.00023898199746741233 









0.0004468287450248525 









0.0003779579905259819 









0.0004537946289961508 









0.0005336192681997383 









0.0005346715807675562 









0.0004039066757773414 









0.0005170698852728956 









0.0005353362541627902 









0.00041744651841564475 









0.0007711523841005449 









0.0006826779502000315 









0.000706710479249044 









0.00047987586786460987 









0.000560337685735566 









0.0005159818412980633 









0.00045748176614396644 









0.0006652060133542652 









0.00037008377836740265 









0.00040180382336001244 









0.00036282814332557823 









0.0004115200575616823 









0.0005500956540759215 









0.0003950843305187498 









0.0004252427315124559 









0.00038753298191766616 









0.0003121946304106924 









0.0001369444115099359 









0.0001095651373830128 









0.0001324081123092397 









0.00011602899356716209 









0.00016025942224898106 









0.00020006834778471828 









0.0001480660201268544 









0.00015274386448989753 









0.00014525542797167525 









0.0001765166297730932 









0.00019910707578927282 









0.000127496050415303 









0.00014570078177663813 









0.00019523221426046965 









0.00016077088238863652 









0.00015271469175358522 









0.00018225982196314793 









0.00017986751652394086 









0.00011801939365269423 









0.00020428131592298827 









0.00014021406018957551 









0.00015221034659956893 









0.00011056375847321028 









0.00015299129860320575 









0.00012189894855497574 









0.000179094686788792 









0.00012405934066047505 









0.00014637240387529478 









0.00017232149712036442 









0.00013437222371977454 









0.00014859718314680603 









0.00019559671116286626 









0.00013058389460467314 









0.00015230380502791755 









0.00017472664602751354 









0.0001518790732910011 









0.00015340845032372737 









0.00016662605687531873 









0.00018380713410309023 









0.0001215624634855817 









0.00011530766608249421 









0.00015695301763288998 









0.00012275282265874555 









0.00018915825328972742 









0.00011831814978586206 









0.0001680681440339781 









0.0001873852775788233 









0.00022235961632689798 









0.00015123987239148263 









0.0001695788550048966 









0.00019749247464094874 









0.0001746023829868283 









0.0003639105534297976 









0.0005138055709426204 









0.0003012272703536177 









0.0006024304416367127 









0.00043343896653673457 









0.0004096780791503155 









0.0005671010503950803 









0.000671522534686558 









0.0005924776744272832 









0.0006636654703646923 









0.0005459579417792296 









0.0006299364477692476 









0.0003567741444516928 









0.0004967190968599865 









0.00043900234559086443 









0.000519233290309168 









0.0005091630484243942 









0.0004753964374019294 









0.0004018094597984303 









0.0004942510270021939 









0.0005986629907709531 









0.0005184893403508194 









0.0003955879285942217 









0.0003059532426794025 









0.00042028704863933896 









0.00039243374294093715 









0.0002569234372861042 









0.00015806261646643676 









0.00011630013750417201 









0.00018480897175333617 









0.00012688145573505226 









0.00016045563537610096 









0.00016745284684664322 









0.00017624113089026124 









0.000150400129135089 









0.00014696283863945074 









0.00015440118858312682 









0.000134578131848926 









0.00014695609118543895 









0.00012927299996561454 









0.0001974951956124562 









0.00018210088844180128 









0.00019475034917939464 









0.00012942461362414068 









0.00012141238065853027 









0.00016895686956607014 









0.00016116097023759974 









0.00019996658931147 









0.00013562733960740771 









0.00015980949315311363 









0.00014429634596320364 









0.00014536811254996029 









0.00016506737377939526 









0.000168466061587373 









0.00017322722264362405 









0.00015816671598016215 









0.00018452865815561805 









0.00016423687879643268 









0.00015532389702299616 









0.00018835519460279313 









0.00012087196225895846 









0.00013949345604667723 









0.00013590085706861275 









0.00014223734142995766 









0.00017181206189937812 









0.0001882494690313461 









0.00013231710250041962 









0.00014710232397477843 









0.00017720046132613023 









0.00018312758324094648 









0.00014492617052117257 









0.00022014930326874895 









0.00043857974286299294 









0.0004666430450415456 









0.0004809036932050416 









0.0004911721433832691 









0.0003817372099069337 









0.00030497519584721033 









0.0003785241047408799 









0.00037987914256878454 









0.0005083786274092036 









0.0005201665037446224 









0.0004139644834283096 









0.0004863560447679316 









0.0005960192105548208 









0.0007925497387912643 









0.0004989534226588772 









0.0005615199760126029 









0.0006623701552970933 









0.0005766119066558113 









0.0003782075662834004 









0.0004487423311398543 









0.0005046545745540277 









0.00043339545495616806 









0.00048135255140685225 









0.0003628503131894551 









0.00024157076629899077 









0.0002234088503473742 









0.0001222238208252678 









0.0001277163245432995 









0.00010867020647706566 









0.0001762429329967341 









0.00021852656678262547 









0.00015520140214953434 









0.00020118330709143482 









0.00017173924316248146 









0.00017919049642426053 









0.00019499519391527438 









0.00013900030111196828 









0.00017859901401240326 









0.00012607888887547172 









0.00016574396290919556 









0.0001457017562612226 









0.0001796926667582067 









0.00016721206037372877 









0.0002505122828184933 









0.00017409546968179975 









0.000140050869766055 









0.0001990417685645235 









0.00017215697688581277 









0.00015964738166612878 









0.00015213466710246932 









0.0001960189685345174 









0.00014232440041694614 









0.00017377191227549766 









0.0001653599447925805 









0.00019800235254695888 









0.0001285009830430583 









0.00013385564687165078 









0.00013001164643910556 









0.00016953735542283172 









0.00016557051993315732 









0.00014950794751605068 









0.00011297611888504933 









0.00011589010398119378 









0.0001675750171941337 









0.0001358738015729753 









0.0001745544137342112 









0.00020192214103455577 









0.00012753426695912516 









0.0001447068402078283 









0.00023497766096622575 









0.00022168631213653035 









0.00013942687283308833 









0.00012844141910155183 









0.0001634008859586032 









0.00017487781033608544 









0.0002116436113922437 









0.00017147256224835694 









0.00027336864192310074 









0.000476388845113898 









0.0003022525746868287 









0.0003792830946076756 









0.000449206039840739 









0.0003997416146771586 









0.0005128499131169637 









0.0005484363680495726 









0.0005603020330535688 









0.0005885072660042269 









0.0006145884110269454 









0.000582795108290252 









0.0005490407679057169 









0.0003187312043445952 









0.0004314893097321135 









0.0004594710912712162 









0.00041725293929678614 









0.0002688005986755602 









0.00029711324816109 









0.00017014313695745066 









0.0002347927727986612 









0.00021578212854390352 









0.00027582158110791915 









0.0001697932677098592 









0.00013591987477596946 









0.00015211895558289853 









0.00013182673832689477 









0.00017462109633323029 









0.0001613556187853257 









0.00010585367887259806 









0.00011441388329760391 









0.00014834025171602447 









0.00016976571927226596 









0.00015091153946928477 









0.00015272101261486142 









0.00011455598209907416 









0.00013382397691735358 









0.00013526752493313906 









0.0001645176215334591 









0.00011915637581508734 









0.0001473111834092168 









0.00015846998362318074 









0.00017838003877640495 









0.00019275461315477235 









0.00017176992566023602 









0.0001533711382023534 









0.00017573072692130784 









0.00020138079911749258 









0.00016538942634604278 









0.00016920916069238136 









0.00013536890605526567 









0.00012339140478763948 









0.00016200786243573083 









0.00015275199200328433 









0.00015995774183808013 









0.00018032983260720038 









0.00017097603403900234 









0.00011940066955630463 









0.00015161149239641938 









0.00017602560413500584 









0.000195209517388612 









0.00017692460102466863 









0.00017051834910866394 









0.00016469047494033882 









0.00016737257619912723 









0.00013644675268823365 









0.000129441010448084 









0.0001320969623528049 









0.00012572371528183984 









0.00012944734240632544 









0.0001578595469527017 









0.00016194850991533552 









0.000259965554819063 









0.00034071600013743013 









0.0005941729959798478 









0.00047472847622224165 









0.000425510804497273 









0.0004965497890987236 









0.0003272566450880195 









0.00044546758933926024 









0.0005061192239863285 









0.00043606599306548593 









0.0006465814197904604 









0.0005882117883857496 









0.00045427675256671845 









0.0006359516447363056 









0.000547226933368307 









0.00046053107466593936 









0.0005405170902621347 









0.00046981791394196777 









0.0004357175679254037 









0.00048523074366296515 









0.0004988154216838585 









0.0003918202975630453 









0.00038770408279816627 









0.0004698965488512882 









0.00039069621290463284 









0.00042877890139662 









0.0002632518193094943 









8.192624682394246e-05 









0.00011155298811959384 









0.00014318195725313015 









0.00020608118904128663 









0.00020947969096827467 









0.00021547832319422812 









0.00013019200037590016 









0.00010258799476826648 









0.00014338493432017603 









