0.03 









0.7151159962794479 









0.22005847586741675 









0.1431178535903635 









0.1517410139143148 









0.12537600198836832 









0.12475882202199709 









0.12036696010406146 









0.12210525877658478 









0.11934292567890749 









0.12499423256658376 









0.12556370849780635 









0.11208274386543708 









0.0917671329965623 









0.07407987994935378 









0.07544747786054229 









0.0750985905218104 









0.07193920442547685 









0.07056905585024859 









0.07046735509558698 









0.0735351922479156 









0.07066679133613232 









0.06990478689404857 









0.07013818069464557 









0.07268293862045329 









0.07026232834085427 









0.07154853703221452 









0.07186685373993211 









0.07395172613591142 









0.07021052974266448 









0.07035047707390582 









0.07461417534032853 









0.06927170968997536 









0.06764698017889098 









0.06915238331379887 









0.06834412581517516 









0.07204285114574009 









0.06903457859943149 









0.07331269290310667 









0.07359009831968231 









0.082671816999801 









0.09558560860773087 









0.09943088941546266 









0.1018378788060118 









0.10206632633342674 









0.09758782255526396 









0.0978740858992014 









0.10429326593334118 









0.09637750292892766 









0.10366752026143797 









0.10435287152823261 









0.11921705785885957 









0.12827533317156892 









0.12613748066290895 









0.11725595779270649 









0.10169877245720889 









0.10243576030924022 









0.10954429056915645 









0.11791842956812881 









0.11299453155704069 









0.11566124505276248 









0.1198701665156349 









0.1211126655992206 









0.12000713067295264 









0.11858567075621462 









0.1111544994185064 









0.1138531318634424 









0.117344118199528 









0.11439354608981159 









0.11201732851510111 









0.11122907726613954 









0.11786238709260415 









0.1148813425999186 









0.11534705617708721 









0.11381271261391938 









0.11380579712890652 









0.11185976782838425 









0.1154031495161901 









0.11370696526875332 









0.11305945326287814 









0.1115763134713318 









0.11375552449515933 









0.11032950482401618 









0.11537911913559094 









0.11168043033467576 









0.10165358117582833 









0.0890437399050029 









0.0797997600983326 









0.07597876739149248 









0.07889348805102679 









0.08198855276346932 









0.07904486075507129 









0.0747365290291046 









0.07625416134400041 









0.072601613463403 









0.0684020426816286 









0.06499305384938354 









0.06860540897996134 









0.06995904188176975 









0.07074635670434824 









0.06901639754391728 









0.06772515208480853 









0.06697983705496753 









0.0703257520111717 









0.07540907899676673 









0.07416267232498684 









0.07062508674516578 









0.07176251691045465 









0.07598676335734407 









0.07850094339468697 









0.08066431838990784 









0.09730033064923117 









0.13626838845805514 









0.1471983262262924 









0.1402001386027636 









0.11803707803856955 









0.1170770021666376 









0.12390424055353655 









0.12209639229290961 









0.12063717326051007 









0.11717932653800467 









0.11927592433124057 









0.11631287660136402 









0.11705711102866925 









0.11478332473032303 









0.1207556779177487 









0.11905636574266339 









0.1200747459756927 









0.11344310440909279 









0.12288787167980647 









0.12363796170399159 









0.1211883533304238 









0.12332994008178996 









0.11390742240018494 









0.11985363888523039 









0.11662076505910998 









0.11986341109878684 









0.122498925173855 









0.11611564723539584 









0.11406074609890093 









0.1196130729880229 









0.10974860327278722 









0.11573144566591713 









0.1237938943494849 









0.1231487615584278 









0.12506184195056275 









0.12822672248758044 









0.12382065501544197 









0.12551119484377007 









0.12358502991408955 









0.11437112834875068 









0.11511246786373056 









0.11908939515529143 









0.12154993880623369 









0.12543899039522483 









0.12026177553189871 









0.11517299563838194 









0.11892854903465434 









0.11151168133517955 









0.11985986468432641 









0.11718250047464991 









0.11246110475083311 









0.12943154191726697 









0.10671326374281428 









0.08263925138169544 









0.07781877713094869 









0.07864018247150235 









0.07596900682008936 









0.07993855703210939 









0.0738178502031356 









0.07377164829892364 









0.07201433504469996 









0.07370811671483067 









0.07017522752591018 









0.07106834137189326 









0.06777740061269476 









0.06648578339052226 









0.07108569743907252 









0.07011354865637762 









0.07177264899203328 









0.0717742936940014 









0.07367737165538182 









0.07535851845921848 









0.07567160116633041 









0.07237421146238524 









0.07218592096939143 









0.06949883047691612 









0.07651863518933352 









0.07711396582544136 









0.0805287411415962 









0.07873592821887641 









0.0833768550517031 









0.0914258344331385 









0.09814958475625801 









0.09870092498295746 









0.10700617425365205 









0.117417624134927 









0.11095219948728552 









0.11144876697278033 









0.10350826122570782 









0.10370055400090818 









0.1177743064945415 









0.11491318254030625 









0.11139225370746457 









0.11267106711421529 









0.11079340606138911 









0.10873116660209978 









0.11026623027808634 









0.10484713504038412 









0.11314987532302002 









0.1149688835716855 









0.11511852898569128 









0.10912339366622888 









0.11433731396524678 









0.11479305582842003 









0.1132452993315409 









0.11364253043678922 









0.11123608273012776 









0.11209893794261844 









0.11232778464787445 









0.11492509146743374 









0.11701441645105637 









0.12538366221927638 









0.11712267172390863 









0.11748071867394147 









0.11054773328730937 









0.10743422941905385 









0.10724346267044557 









0.1100778410844176 









0.11867312217476846 









0.11722562485225166 









0.12032412662497911 









0.11242456994462481 









0.10902994097998832 









0.10683485325393592 









0.09339922063214354 









0.07830948813843877 









0.07314326705861485 









0.07749414276212592 









0.0770426947556581 









0.06789204052930446 









0.07004736837391062 









0.06864824753328551 









0.06846383163667535 









0.06726489293605786 









0.06793245627153716 









0.07027882804281332 









0.07013425416387314 









0.07297902932480302 









0.07450237063563289 









0.07251110885621322 









0.0686866790258225 









0.06752195172813691 









0.0685332750933461 









0.06944151125248794 









0.07427438701175607 









0.07041826606767941 









0.06825819872065803 









0.0718872021380814 









0.08314545958097802 









0.09064751744845562 









0.10873454874873512 









0.14638586401502734 









0.15864923764723418 









0.1423252883880283 









0.11740825987608282 









0.12173799263549531 









0.11389766337911261 









0.11959653422328069 









0.12433423440660189 









0.11897670507889124 









0.1245640119761203 









0.12742569691618225 









0.11316700533508765 









0.11629384223645657 









0.1145733102683648 









0.12606450583884268 









0.12186909312033234 









0.11379142063041127 









0.11468424535593763 









0.120233320555396 









0.12214990044140304 









0.11319646541030128 









0.11869942869844634 









0.11559906437149521 









0.1131614805760765 









0.10756674810912079 









0.11088918685711721 









0.12051468884795837 









0.11540071839683727 









0.11490523303474459 









0.11613901355144401 









0.11113944648529481 









0.11229526603497593 









0.12257741588233576 









0.12390799345888426 









0.1184549195542938 









0.11336464547511235 









0.118236606524899 









0.11802324164668881 









0.11350771125769182 









0.12405742344926318 









0.11884791133813001 









0.12414411609817301 









0.1256865082360489 









0.11621161804222559 









0.12053337385638441 









0.12161072058116205 









0.11828851814852545 









0.11874898485946503 









0.11720729606724678 









0.12091651142772676 









0.11988224790078952 









0.1055816761901103 









0.08974191822806529 









0.0833398086246489 









0.09063551326505538 









0.0935060107435871 









0.08660840685919198 









0.08092915690131929 









0.07701681915397868 









0.07529881993448045 









0.0766252415844823 









0.07633542711389642 









0.08059657858942605 









0.08012798247102867 









0.08001777582519183 









0.0782193970696284 









0.07724971313196588 









0.08076346777703185 









0.07976361935937365 









0.0812022474071072 









0.07654923342917429 









0.0776323898709695 









0.07556501005828731 









0.07262442757493776 









0.06877016393681995 









0.06836088858883758 









0.06942356346532993 









0.07437991563320535 









0.08009234520338154 









0.07704325183863071 









0.08149169342048493 









0.08362313148755222 









0.09450001841447493 









0.09791874729092817 









0.09583350587713181 









0.09727373811971612 









0.11065651013731109 









0.12167598010851459 









0.1258853904341012 









0.11927931377231886 









0.11716774171586361 









0.11300726444697146 









0.11513345135823863 









0.11045449459716501 









0.11216533987061374 









0.11070803488464441 









0.1156032357745662 









0.11739870739930103 









0.11240871273355633 









0.10454336618622484 









0.11306207579957482 









0.11777304185279114 









0.11152447575913939 









0.1044270679918095 









0.11571614860971521 









0.11635564543410534 









0.11417537505224365 









0.1085407461676839 









0.10841830387746766 









0.11422042038630442 









0.11308086850530337 









0.11590051331664918 









0.11153436979521214 









0.1149478203315635 









0.1157643092120695 









0.12011915626826249 









0.11613700309646724 









0.11302064094283212 









0.11216908540758654 









0.10800584270703954 









0.11187715123702399 









0.12108787919442218 









0.12454181951888939 









0.10080960343374303 









0.0852083578741453 









0.07445385539236946 









0.07188718057509172 









0.07208562741245926 









0.07447792881573112 









0.07705776322193776 









0.07756673551224944 









0.06993235417330625 









0.07131147598709628 









0.06615078451944173 









0.06923159167179246 









0.07116986755656773 









0.07429783041629244 









0.07304273461389835 









0.06982005977774668 









0.06769183680688205 









0.06756434802254185 









0.07073035296197314 









0.07850698150132394 









0.07644170384558399 









0.07264223845957699 









0.07356026570017186 









0.07333213015067462 









0.07343494042783152 









0.0727412549404951 









0.08870633956217498 









0.13150455091482766 









0.14987768655384967 









0.1538337015127586 









0.1339984875246723 









0.12169829110258296 









0.11913458692296733 









0.12030633156932485 









0.11823021774417555 









0.12833020798147016 









0.11984025017240557 









0.11807035298909048 









0.11798567921074228 









0.13273607298968854 









0.12992204197121843 









0.12162582239465558 









0.11958160028761392 









0.11841910696965317 









0.12223039910617117 









0.12031507924348595 









0.12223302319162026 









0.11170682044738621 









0.1197873129025666 









0.12079355098691999 









0.1200211588652667 









0.11682814274029767 









0.11792942626794635 









0.12250933375040286 









0.11032664969148645 









0.11157389464647646 









0.12461371053259428 









0.12151074530156787 









0.11204213907409628 









0.11489904376938878 









0.11187671143356678 









0.10488895923673947 









0.11524120292784365 









0.11635945609677721 









0.1259207227451725 









0.11709401254806563 









0.12495719432840283 









0.12829276487766778 









0.12223620889155118 









0.11881981570422948 









0.12182582882204336 









0.1284083320408347 









0.11703995864455252 









0.1090161001247295 









0.11351281245600148 









0.12411064106938485 









0.12277457202734657 









0.14016125901816917 









0.1626393268842331 









0.13740219011734192 









0.12360554588364064 









0.13249280496845978 









0.12633290973061984 









0.13257252693196941 









0.13659248704250274 









0.13763746829789725 









0.1228362341448161 









0.12289099185271568 









0.12978889035844957 









0.12746192321547897 









0.12812036559826895 









0.13522320586563905 









0.14511246939593944 









0.16688326925378716 









0.1666467575440111 









0.15664195699656827 









0.16074551017062996 









0.18438588689833746 









0.17458759879007188 









0.18579017880366006 









0.1718661484253691 









0.10312026239653738 









0.08438715688945377 









0.0770826592602789 









0.08270543171795706 









0.08899138183507269 









0.10761699371750129 









0.11148163555167223 









0.11643476854729688 









0.11760304161278223 









0.12283536256381179 









0.1190989005057351 









0.11246472658370513 









0.12371197465343159 









0.12044142590436607 









0.12261893485205619 









0.11791494825396032 









0.11319752485574935 









0.10959017940183745 









0.11214246149823705 









0.12070508281720944 









0.10549887472132535 









0.1114584507916193 









0.11527150860009618 









0.11115254407799675 









0.11201519413051636 









0.11258091327271995 









0.11088535514843448 









0.1119118017699043 









0.11600678458902636 









0.11594821184982881 









0.1128157401777891 









0.11274796016404945 









0.12050186461140355 









0.12002195456626856 









0.12012498886377199 









0.11046863516891789 









0.112658038923443 









0.1148352715267312 









0.11823212529057117 









0.11319453217953157 









0.11691846685983179 









0.12123204650600346 









0.1180320606489208 









0.11943035229687529 









0.11746785208144875 









0.12445719148607771 









0.11436964564542379 









0.12271394314343753 









0.13055248944652387 









0.10869873147222248 









0.08797992503547385 









0.09122181029717248 









0.08937891656180542 









0.09282632151202462 









0.08751991298035007 









0.08984486302308531 









0.0941668069460521 









0.0919718313616798 









0.08932060724227864 









0.08599997776894572 









0.08423436282081112 









0.08209020357026833 









0.07794297683298852 









0.07687090527950778 









0.0835723486436887 









0.086479794563991 









0.0848343331038872 









0.08911001501424783 









0.08350446119508066 









0.085133768027657 









0.08908969993666707 









0.08681365707355655 









0.07174874653175345 









0.07297482660936229 









0.07875701854248024 









0.09593701491484324 









0.13414617515460858 









0.1524157878057844 









0.14105466525735189 









0.11896504931598119 









0.11412488882255614 









0.12106738132595717 









0.11543450352722391 









0.11632470296540104 









0.11317023478606482 









0.11329005232425783 









0.12233005238736797 









0.11686256061577462 









0.12374832615074013 









0.1251990221762687 









0.11604708299660484 









0.10667778660986975 









0.11241115087528451 









0.10607926802652436 









0.10541163524101166 









0.10921002794155611 









0.11587422831657292 









0.11318498396928466 









0.11419622386572312 









0.12158473331889279 









0.1302916128178822 









0.13111505888878638 









0.12136985925903063 









0.11851625905781749 









0.11802827967142047 









0.11943781656602945 









0.11502182465904738 









0.11415927412408174 









0.11971865102871543 









0.12082459420405914 









0.12384146226317262 









0.13225041994600534 









0.1241616800135465 









0.11243311921950278 









0.11039064157624381 









0.12037006697317931 









0.11841927589599693 









0.11810314457162532 









0.10963420420962589 









0.1048260435031873 









0.12189490028960256 









0.12879654910224433 









0.13017232166644158 









0.13149609497316048 









0.1230704264685059 









0.13252484357944955 









0.188801520509938 









0.22469284224444278 









0.23537853385112784 









0.3399346753741646 









0.5027073204444913 









0.575100628264405 









0.5946088336498756 









0.6234893878529182 









0.6344975689582882 









0.6777971663887621 









0.7496235197746115 









0.7205942274833501 









0.7419291585389372 









0.8561018003249167 









0.9528631397560308 









0.9914017288847917 









0.9983879172556669 









1.0976406572439237 









1.2434474079427593 









1.3612206041019879 









1.4124471836689012 









1.4339828894603621 









1.4428556973104432 









1.43286408458714 









1.1706455224593084 









0.2715097897488133 









0.13177007172908406 









0.13311823384577648 









0.12295354758758902 









0.11755837839419551 









0.1238671933558071 









0.12448073701035148 









0.1199509976081496 









0.11757880577043793 









0.12951346032701816 









0.13081763564632337 









0.1253783573971892 









0.1300281095206833 









0.1309994488707567 









0.12323400395115319 









0.1240859001618497 









0.12302748342418751 









0.11939922442744955 









0.13128291368381312 









0.11935748376400282 









0.11999495752215236 









0.11612397692516294 









0.12767216269574902 









0.12042118026803782 









0.12409633059186505 









0.11860045126725148 









0.12540445988980503 









0.12519809634908138 









0.1205043447798941 









0.11694424938709319 









0.11820584642215672 









0.11807829519684654 









0.1243574841384134 









0.12214067265679526 









0.12393458206677099 









0.13240496338293314 









0.1304187093253638 









0.11970658048460442 









0.12416913228885747 









0.12130059477849031 









0.12162643835427052 









0.12443482754835308 









0.123366048462761 









0.12387965116674755 









0.12504067025154397 









0.1256616442738226 









0.1388831205597472 









0.17116728564714545 









0.20372806849109573 









0.1854171686756926 









0.1683384184422321 









0.19291830720038966 









0.21416942350247528 









0.2006886374284304 









0.22377214374946872 









0.23151787587430483 









0.23487648466789152 









0.2615890435090495 









0.2526412565304905 









0.23387376782563452 









0.2513081854180085 









0.2582959359751865 









0.2703411537571801 









0.26300561656729576 









0.26028976944331106 









0.28603406740405807 









0.2938146062657034 









0.34113701808306984 









0.3283130098393099 









0.311407368526495 









0.2960307665112827 









0.15674178026682534 









0.07622070481093703 









0.08103613619058972 









0.09279161521830438 









0.15416082198562722 









0.14685767621841275 









0.12238174107924274 









0.11693682835482533 









0.11503965371792828 









0.11518362924288486 









0.1236162067841959 









0.1248705922566676 









