0.2 









0.0003161678390899323 









6.191876690835809e-05 









5.3886614391995374e-05 









8.135196359654907e-05 









6.291319986704896e-05 









7.448721514138966e-05 









7.63040718552559e-05 









5.1269020457241756e-05 









6.874587495101333e-05 









6.479832612284455e-05 









5.040957001243935e-05 









6.356608624118011e-05 









4.4917551260030676e-05 









6.007453150460688e-05 









6.566411243159076e-05 









5.491336393162505e-05 









5.178387478810067e-05 









6.427321495050005e-05 









4.4698202958409605e-05 









5.813059167528089e-05 









5.2420549274144834e-05 









5.5483151542275335e-05 









4.461164749466813e-05 









4.543233091299469e-05 









4.5049692660098286e-05 









4.3990140189796516e-05 









5.070420487450358e-05 









6.280345144266808e-05 









6.736567376977983e-05 









4.300748476172347e-05 









6.225763189138885e-05 









5.910796284527038e-05 









6.061307992911894e-05 









7.313543822242438e-05 









5.030040071163919e-05 









7.513043470703303e-05 









5.72096653182273e-05 









5.981604837592164e-05 









4.738929407055429e-05 









7.348926888012594e-05 









4.3347810716386646e-05 









5.1537283312613005e-05 









4.59169297134876e-05 









6.196714988628566e-05 









6.130160716292404e-05 









5.6008638870193866e-05 









4.911967300806717e-05 









6.479907540346597e-05 









7.472224063333098e-05 









6.457484061813914e-05 









5.9034335072029894e-05 









6.790332730959827e-05 









6.2597806303931e-05 









5.068604274595059e-05 









6.579400122744695e-05 









6.964855478646686e-05 









4.258695787146951e-05 









5.506705248269957e-05 









6.289437352004295e-05 









5.0400339581840775e-05 









5.629707519567562e-05 









4.222480971686487e-05 









6.462128697379049e-05 









4.989848042310618e-05 









6.724870310552481e-05 









6.58957743204871e-05 









6.802936815018365e-05 









7.001591366458737e-05 









4.965461463978039e-05 









4.799916472314879e-05 









6.135838962654705e-05 









5.087644305139633e-05 









5.504854242235716e-05 









4.7249961918263725e-05 









7.147904975148059e-05 









6.719595523374362e-05 









7.177320577090095e-05 









4.1053987964074626e-05 









5.633286964557475e-05 









4.990521870742781e-05 









5.1542463988736384e-05 









6.533981895308934e-05 









4.359667740968528e-05 









6.38342757873485e-05 









4.8897795097521476e-05 









6.993043118610035e-05 









6.884489908485422e-05 









4.5834899122074234e-05 









6.60329671556994e-05 









5.036093152579216e-05 









4.331929449001448e-05 









6.191055874187374e-05 









4.782909861703507e-05 









6.251393078351996e-05 









6.54858053040728e-05 









5.3240417194813e-05 









4.762563192494979e-05 









5.7106388625691034e-05 









7.150504304027919e-05 









4.4388018217963165e-05 









5.120334662249719e-05 









7.008087499379322e-05 









3.733285540671382e-05 









7.304064955906451e-05 









5.690071018671606e-05 









4.6282326704761675e-05 









6.945159089799636e-05 









4.5869285135269756e-05 









5.098026388116047e-05 









6.169964981079329e-05 









6.060594938807555e-05 









5.4840229974879496e-05 









8.760152725363157e-05 









6.17681969435975e-05 









5.1309709873603374e-05 









7.07541813116938e-05 









4.0863756083110554e-05 









6.409803520480704e-05 









7.75357079109514e-05 









4.9776923918879025e-05 









6.418148681865562e-05 









5.8065702643896484e-05 









5.4929640499921894e-05 









5.64137401838443e-05 









5.220934789669027e-05 









5.896979771090335e-05 









4.855434566678271e-05 









4.6635171489356125e-05 









5.809106079017538e-05 









4.397251572129589e-05 









8.014926061146037e-05 









5.95467165202744e-05 









5.4837750881817706e-05 









5.3973617270683725e-05 









8.234867022336597e-05 









5.083081343400033e-05 









4.202285778778325e-05 









7.065995887343706e-05 









5.14451991113888e-05 









6.811514146144992e-05 









6.997025216260762e-05 









4.931656780435432e-05 









6.064738105515888e-05 









7.082910010442533e-05 









4.898084088429828e-05 









8.411784128455728e-05 









6.123136893152399e-05 









6.518256651634451e-05 









5.222421775584013e-05 









6.812638056564709e-05 









6.21196587921139e-05 









5.6440882865601943e-05 









7.453532578977675e-05 









5.297494298668713e-05 









5.460414031616984e-05 









7.046005318751155e-05 









5.727396475872374e-05 









5.3665677381018954e-05 









4.898859608713461e-05 









7.041703074668352e-05 









8.045407720785015e-05 









7.294541678151891e-05 









6.848653069294556e-05 









7.050130360396293e-05 









6.690188016844436e-05 









5.36083616593802e-05 









6.328224090602168e-05 









6.184579597870384e-05 









4.675947521160046e-05 









5.007215669736572e-05 









4.753573030582529e-05 









5.664786213267871e-05 









6.317580591752624e-05 









4.784622941620897e-05 









4.875958781728974e-05 









4.760907756476779e-05 









4.0379732945183354e-05 









5.273017175361759e-05 









4.274177879002357e-05 









5.277477003934763e-05 









3.94222310438127e-05 









3.976194527847447e-05 









4.419290692667562e-05 









4.938006535711035e-05 









5.128325115816859e-05 









4.4230134922501694e-05 









4.335515275246866e-05 









6.290831585914197e-05 









6.868172786475461e-05 









6.0975517898797095e-05 









5.7106027647581725e-05 









5.3467754550381535e-05 









5.312300246389709e-05 









5.1571738948098605e-05 









6.813384948584741e-05 









6.547062351677728e-05 









6.178414527645805e-05 









6.187698229519111e-05 









4.791551670977756e-05 









5.489821358981584e-05 









5.862915341053678e-05 









6.356524706781122e-05 









5.668154800351621e-05 









5.248871178502791e-05 









6.120897316158798e-05 









8.573757297041698e-05 









4.727138750073476e-05 









6.785016947694425e-05 









4.9115774913828194e-05 









4.977768416676572e-05 









8.349553176067634e-05 









5.9436519153818525e-05 









6.051235768481394e-05 









6.276144714876896e-05 









6.670481284050786e-05 









7.186922148104162e-05 









5.432051472017976e-05 









5.9309600860972425e-05 









6.54019753807432e-05 









5.610784798226364e-05 









6.154693504523492e-05 









4.4257980565527816e-05 









4.862262800136747e-05 









5.2158143417771045e-05 









6.259039550382927e-05 









5.841901018740872e-05 









4.861235250514858e-05 









4.889204527031693e-05 









4.8578770518632996e-05 









7.007627314028423e-05 









5.6642411645338385e-05 









7.365240965261197e-05 









7.317807524577743e-05 









7.253360916292132e-05 









5.3202554742185995e-05 









6.0659800387585314e-05 









4.65478856145782e-05 









4.184707167430732e-05 









4.072318943717405e-05 









5.198510394154557e-05 









4.917142602400979e-05 









6.370714017068537e-05 









6.0977042159381064e-05 









4.9925633182314435e-05 









5.35701725694391e-05 









4.784786980457676e-05 









5.1331192140170304e-05 









3.67155166501369e-05 









5.535814449424608e-05 









4.565337756813316e-05 









6.30001268636186e-05 









5.176633245721903e-05 









6.04504511576921e-05 









7.061120734042894e-05 









5.427381895981625e-05 









6.225716254098956e-05 









4.306712109683331e-05 









5.017549459818144e-05 









4.728219445594062e-05 









5.945713524185108e-05 









7.066557013089115e-05 









8.516086162184404e-05 









5.446981356529315e-05 









5.6517652544299894e-05 









4.707988965140363e-05 









6.668672184280374e-05 









7.159207851584872e-05 









6.553641301461237e-05 









6.032487436631002e-05 









5.730634911344831e-05 









8.23844524155726e-05 









7.336137735743963e-05 









7.593988825837285e-05 









4.824829736930815e-05 









5.3557711152521015e-05 









5.474912358506365e-05 









8.222322548442314e-05 









6.351196939797641e-05 









4.568783620385831e-05 









7.963192012502924e-05 









4.8651502736236896e-05 









5.034505881844776e-05 









7.349965343718078e-05 









4.241000774586364e-05 









5.517888804238779e-05 









4.742681131090093e-05 









5.245859339847333e-05 









4.851483143231789e-05 









5.547647392955064e-05 









5.990781881161535e-05 









4.35436849258588e-05 









6.226847602481086e-05 









5.5088882636714366e-05 









5.395507563122578e-05 









6.356673097916027e-05 









5.1338219246082364e-05 









6.257593332131919e-05 









6.201882511456351e-05 









7.034184455228429e-05 









4.678215955366558e-05 









8.09089643679533e-05 









4.867354121097315e-05 









4.238966243624452e-05 









6.630696237881536e-05 









5.081820497310636e-05 









6.426459065898537e-05 









4.6006296448772824e-05 









4.315862090886338e-05 









4.76201443860758e-05 









5.92122766153291e-05 









5.642687839177687e-05 









6.0444632624727715e-05 









4.5754154161281366e-05 









5.2983688450378293e-05 









4.3689212759579345e-05 









6.437902982316952e-05 









6.374536012165893e-05 









6.343585967620847e-05 









4.866642318130258e-05 









5.454995247669334e-05 









6.294062278435286e-05 









5.7744770201755856e-05 









7.4360882108227e-05 









5.0621358838071374e-05 









6.232054840481655e-05 









6.561016977395275e-05 









5.725149188966322e-05 









5.110290853535838e-05 









5.415840261266407e-05 









7.664731909436412e-05 









5.249331503851668e-05 









4.435941225192311e-05 









6.2712839674745e-05 









6.631643793925344e-05 









5.606603965220261e-05 









4.793647623674272e-05 









5.8439413179351126e-05 









4.300443860290059e-05 









6.440766897081364e-05 









6.470328159765545e-05 









6.487705491134185e-05 









6.406055638955932e-05 









6.0744101130226094e-05 









5.6428260209353206e-05 









5.771172024724137e-05 









6.36851348518185e-05 









6.433525049562259e-05 









5.435483647007866e-05 









6.144065782494107e-05 









5.28748599799299e-05 









6.39769272878056e-05 









5.787123780380288e-05 









6.970726751560913e-05 









5.901491219620594e-05 









4.8771875327677045e-05 









6.0074226356378175e-05 









6.430637732705987e-05 









7.431303390416388e-05 









6.402807334161958e-05 









4.710347356633258e-05 









5.879117289936217e-05 









6.302795544380876e-05 









4.871909027919302e-05 









6.254806058455048e-05 









7.688892237076024e-05 









5.150532974069097e-05 









6.110617709309647e-05 









5.9798804634225255e-05 









6.033668403137065e-05 









4.6668837748766904e-05 









4.5869392724585874e-05 









6.58103273403295e-05 









6.347288516754728e-05 









5.9974594728796164e-05 









6.869328678514464e-05 









5.8461377027922915e-05 









7.625686432677573e-05 









6.329182762889332e-05 









7.017542724999947e-05 









4.4755698395293556e-05 









6.74458684105416e-05 









4.288299349632888e-05 









5.051714397150864e-05 









5.646972182681402e-05 









4.19337853984282e-05 









4.735339712061385e-05 









4.6548432118941705e-05 









6.910776666085501e-05 









5.438074943226434e-05 









6.680520766007866e-05 









6.798836690851338e-05 









7.055927533932678e-05 









5.839230506797963e-05 









6.40318270983511e-05 









5.994778944856598e-05 









5.239844519211692e-05 









5.656117251788065e-05 









5.346183507029642e-05 









4.810816079743183e-05 









4.666087011877756e-05 









6.213158567164274e-05 









5.755548930571018e-05 









6.592177150280021e-05 









4.353541822173563e-05 









6.140307627342065e-05 









6.004297036632624e-05 









4.4376407540165796e-05 









5.675844407974045e-05 









6.740931525813719e-05 









6.446980083628505e-05 









6.79631128476839e-05 









5.0094030303578194e-05 









7.684538028471347e-05 









7.412041048569275e-05 









5.660927439479781e-05 









6.334372867054852e-05 









6.416408079991772e-05 









5.868932434125632e-05 









5.102386539198956e-05 









5.164600742373658e-05 









5.644818199486716e-05 









5.7572137543886264e-05 









5.170463468191613e-05 









5.143660855411017e-05 









6.0755067886426376e-05 









6.248575984394739e-05 









5.179886836073303e-05 









5.0621346143933715e-05 









4.818493222213465e-05 









6.623859688302644e-05 









5.139760070636693e-05 









6.448400985750007e-05 









8.001886667220613e-05 









6.611629932612068e-05 









6.879310698738567e-05 









5.417914767130853e-05 









5.215520782670385e-05 









5.264837942673817e-05 









6.908435741135764e-05 









7.264955651955664e-05 









5.478411193489805e-05 









6.518842369116615e-05 









6.794512010177881e-05 









5.1012381115580344e-05 









6.958392476010454e-05 









4.6408531837330476e-05 









4.892480553806211e-05 









6.507820180244382e-05 









7.910165945176356e-05 









5.011757089518561e-05 









7.355232413180221e-05 









5.282176386785051e-05 









5.517130211079365e-05 









6.824335300439227e-05 









6.373968689594259e-05 









5.6948662224396024e-05 









5.921219558151949e-05 









7.133022678546367e-05 









4.587901522405041e-05 









5.039428614355039e-05 









5.545712174259638e-05 









8.144005436202841e-05 









6.150534176464218e-05 









6.21979551566187e-05 









7.724546275279033e-05 









4.9949882723373955e-05 









4.5292414780318896e-05 









6.687421417672762e-05 









6.47359949587674e-05 









7.035546150723847e-05 









5.972583060470713e-05 









8.698894920712219e-05 









5.3886904074185854e-05 









6.22232169195044e-05 









4.8801020848824e-05 









4.7548710247395523e-05 









7.46186724594702e-05 









4.6701611793577955e-05 









6.25154517020981e-05 









8.973933390288272e-05 









6.236514863894065e-05 









6.152250835423766e-05 









4.8018994100267084e-05 









5.607858831363167e-05 









4.667615056779807e-05 









6.879528825349773e-05 









5.354819964327837e-05 









5.0651162155608955e-05 









6.506274094398235e-05 









4.553128747434416e-05 









4.829878376367962e-05 









5.249458073761288e-05 









7.27380242993867e-05 









5.2838729947375166e-05 









4.654103998946502e-05 









4.4610393074757715e-05 









6.705318262995055e-05 









6.779700676911524e-05 









5.040395330668644e-05 









6.750985847094461e-05 









6.0723785987553215e-05 









7.57895451996148e-05 









4.642685330627538e-05 









6.686894427709376e-05 









7.886410823273322e-05 









5.209928713147226e-05 









7.004884580440421e-05 









5.828164114487474e-05 









5.717696313820807e-05 









5.375637751633405e-05 









4.2167899824976464e-05 









7.193009190581123e-05 









6.939681677563166e-05 









5.940618744080828e-05 









4.7252293923336815e-05 









5.2082953591420014e-05 









5.9697257847802965e-05 









7.9340303494908e-05 









6.84681110358104e-05 









5.6380592283158864e-05 









4.750304228803494e-05 









6.24999578901266e-05 









6.370817185039572e-05 









4.7703385970578835e-05 









5.678069386823276e-05 









7.639129714190956e-05 









5.576093107743501e-05 









6.958787968575588e-05 









5.698931402385964e-05 









5.35185928922885e-05 









7.874464241160661e-05 









4.359757829529992e-05 









4.941791457363135e-05 









5.054324486300224e-05 









5.581041281864947e-05 









5.455317124703503e-05 









6.565740851120662e-05 









6.651731108315716e-05 









5.302786196980447e-05 









5.428256564681866e-05 









6.152647103849465e-05 









5.952396051216589e-05 









5.453252098690943e-05 









5.5330953229349784e-05 









5.5209801436153443e-05 









5.0672572991196244e-05 









5.313619740668272e-05 









4.0665853098602954e-05 









5.076499658733616e-05 









5.4790451312127246e-05 









5.692603097239544e-05 









6.209039141780284e-05 









5.5102152935592225e-05 









5.2163723283660634e-05 









5.1801526886476005e-05 









6.456663156097467e-05 









4.5818190676696153e-05 









6.791541880744944e-05 









5.097035124094362e-05 









4.3075239064212826e-05 









5.7048227750430636e-05 









5.941812174815049e-05 









7.922525089850492e-05 









7.267585431218379e-05 









6.73234335625509e-05 









5.148381476807128e-05 









6.10148771574447e-05 









5.33255052349684e-05 









7.055040124584324e-05 









6.139588551460169e-05 









5.245589399688133e-05 









5.048152106859513e-05 









5.1466345755896575e-05 









6.959009764409611e-05 









6.731809726092083e-05 









5.120172343246898e-05 









4.83462426603208e-05 









7.784180055085265e-05 









4.40947353140935e-05 









5.2993136074098027e-05 









5.956404714331044e-05 









4.504964529404435e-05 









5.118034135385755e-05 









6.676961351565081e-05 









4.297883959536229e-05 









4.875695689245577e-05 









5.581278833749833e-05 









5.7845818512046904e-05 









6.376276864541533e-05 









5.3923405905709115e-05 









5.224376542359747e-05 









5.206418629448657e-05 









7.510286404466778e-05 









5.728423901100565e-05 









8.012079915441754e-05 









5.00159860586699e-05 









5.3305586091543237e-05 









5.798229314592638e-05 









6.763214461480611e-05 









7.560868505420692e-05 









7.35551173938329e-05 









6.006396821009826e-05 









6.0721124286517605e-05 









4.8620137760417845e-05 









5.6762859086499905e-05 









5.2196759731524985e-05 









4.628615623767935e-05 









4.3494178903895984e-05 









4.647585558544474e-05 









5.8883795764314786e-05 









8.419990120088929e-05 









8.735063065248318e-05 









8.36085411603586e-05 









8.277746768893886e-05 









0.0001100612731363936 









0.00012636183100699907 









0.00013852714288436485 









0.00019928688489916118 









0.00016724917559677 









0.00021266127295113563 









0.00021835454186704882 









0.00019455192307126843 









0.00020982706532217431 









0.00020025941360226203 









0.0002347081510724781 









0.0004292211581270223 









0.0004266627223475178 









0.0002957641354991475 









0.00032911801762389647 









0.0005663148081247601 









0.0005661159675425065 









0.0008081786612643398 









0.001161383579101831 









0.0009220889324550714 









0.0008256545334382195 









0.0004440700157773269 









4.641645104125984e-05 









5.934835745065802e-05 









8.420798781104085e-05 









7.531294837162346e-05 









5.765003860446676e-05 









5.720265241125424e-05 









6.248558104773015e-05 









5.500990008682834e-05 









8.740776634160818e-05 









5.14060393627862e-05 









6.728298014155902e-05 









5.568285420732326e-05 









4.900101159285157e-05 









6.792099988736766e-05 









6.1539544281473e-05 









5.566771821989848e-05 









6.518433255053364e-05 









4.5990704482807226e-05 









7.447262955602701e-05 









5.14836893543441e-05 









5.7339326904535845e-05 









6.928016127268484e-05 









5.545009653217162e-05 









5.495128886182098e-05 









7.18588283101066e-05 









5.2403660184840544e-05 









6.940385499838072e-05 









5.759584590571817e-05 









3.957005225062694e-05 









5.412338015014251e-05 









6.499228397659422e-05 









7.333486849128102e-05 









6.322076126720995e-05 









4.2022104417157916e-05 









5.952859639463559e-05 









5.971155108138842e-05 









5.8872259092310786e-05 









6.061391088979889e-05 









4.355491590570871e-05 









8.148133432248612e-05 









7.693732932724845e-05 









5.870697575091462e-05 









5.284427271929551e-05 









7.5433310349478e-05 









7.497232128000875e-05 









8.609754972683923e-05 









6.646256700474487e-05 









6.096003677112795e-05 









6.790769751007865e-05 









5.759508686827952e-05 









5.5136425117427896e-05 









8.369168698123836e-05 









6.584698010475299e-05 









6.383549638365593e-05 









6.004963143343124e-05 









7.626141257855909e-05 









8.961311096551764e-05 









9.350889613348446e-05 









8.398780394472077e-05 









8.74310598914092e-05 









8.403370957660417e-05 









7.999731139353677e-05 









7.128656191986733e-05 









9.765926210688652e-05 









8.916334448924171e-05 









6.615056000211672e-05 









6.0805226034201066e-05 









7.751196671064103e-05 









6.250536683969993e-05 









6.755636061359648e-05 









7.348730131059224e-05 









6.0063166577255235e-05 









5.07852414989277e-05 









5.608306802992985e-05 









4.866575324784869e-05 









6.755855224568926e-05 









8.185234185409333e-05 









5.060706962377382e-05 









6.449931886567435e-05 









5.662059766792321e-05 









6.091308149057364e-05 









6.488992392504398e-05 









5.168362057269181e-05 









