0.03 









0.29248619905848505 









0.5026168019755805 









0.38887441879998136 









0.573743096159405 









0.5693014245305658 









0.5885974086072439 









0.6203353511969141 









0.6144129070053785 









0.5968159655403258 









0.5769618597572295 









0.617101368404203 









0.7728080676389789 









1.0467878065494718 









1.0755011137755428 









1.0587080152089157 









1.1010432633111424 









1.140448463032711 









1.1638852733609477 









1.1515459480106351 









1.181189009447971 









1.1821639454216288 









1.1832332920530355 









1.1712074558543188 









1.1447426232777722 









1.1095942589245813 









1.0872176157399716 









1.0757112660495152 









1.1072943992844442 









1.1419336225242076 









1.0580182911488156 









1.0878205434067179 









1.1594381261215385 









1.1807966483043708 









1.2059431722145053 









1.180479543033345 









1.1187502686666126 









1.045610098792192 









1.0629593964597905 









0.9691395637783238 









0.8416556793032602 









0.7229540153659462 









0.7137172376887632 









0.686256045695454 









0.7493110597617536 









0.7488455122251491 









0.7399984277879731 









0.745388286311041 









0.7291506653348336 









0.6814134436011796 









0.5965566146852864 









0.5442366866764745 









0.5507838999826357 









0.5724563572855835 









0.6718943026002344 









0.637397451572306 









0.6476398551415079 









0.5961981515065168 









0.6149043344905678 









0.5928188050058827 









0.5898371988960521 









0.5660388048247972 









0.5589054505513604 









0.5433509424068922 









0.6030474458887489 









0.5955564302728349 









0.5773755168018364 









0.5893509888819748 









0.6132614536121045 









0.6418654233234152 









0.6033081265979673 









0.6158329754897894 









0.5843432859734162 









0.5746954503789254 









0.6151085641194628 









0.5808107574261507 









0.6001606420714936 









0.6170011115233528 









0.5851503497749886 









0.6310068622248753 









0.6369867181571722 









0.6258114963967424 









0.6460354840292797 









0.6491698055334219 









0.6757735683892813 









0.7587211882162231 









0.9531871905054006 









1.0455122362735325 









0.940931283213157 









0.8999401260002167 









0.9375266117136569 









1.014803856890673 









1.0643950722419586 









1.078421441864416 









1.1266206922279127 









1.1861874879584757 









1.1726747194870812 









1.139511147533606 









1.1160784981704148 









1.13134374755951 









1.2001803893571725 









1.2232742071791547 









1.1410152320326108 









1.0623854277135707 









1.0640175203661508 









1.1171680540731843 









1.1357058525173305 









1.060955903216387 









1.0177734105851675 









0.9739279013548997 









0.964047917710628 









0.48943232450566176 









0.4152006017696279 









0.3702002291990309 









0.5826473077812495 









0.6601217164295362 









0.5649524101387245 









0.5997317488820008 









0.63109675356345 









0.6237070980434404 









0.6016762322488606 









0.6055986074899447 









0.5993915264598313 









0.6392278731001418 









0.620630929344201 









0.6118678634062605 









0.5950369996175474 









0.6134717356385959 









0.590592110423131 









0.5911334422758172 









0.5731843206262109 









0.5987798960189629 









0.5986389815752216 









0.5894910781494117 









0.6107570171471468 









0.6076039560844894 









0.5844300599010047 









0.5982996973808635 









0.6140742848812767 









0.6035293805456965 









0.6440533565646365 









0.6398565965587456 









0.566035865239916 









0.5578752991107402 









0.5804496416092376 









0.5831176175334898 









0.5644785237607026 









0.572346274749197 









0.5555154862056673 









0.6311233303709773 









0.6401345246448683 









0.5992187645231778 









0.5968496623336691 









0.5797620829687731 









0.5873362388962314 









0.6394132458340303 









0.6005670071128526 









0.6151266384603366 









0.6242446789388589 









0.6138547702418038 









0.6181737445327081 









0.5916398400042684 









0.650626975770864 









0.968245051467649 









1.0666495580569648 









0.9933072607126721 









1.0560132315725335 









1.0613295544131263 









1.0887077212995397 









1.1185255762381938 









1.14593683042896 









1.1898734105535609 









1.2229620128996033 









1.1966485580528925 









1.1978754545455053 









1.2195088621345216 









1.2098014822086487 









1.1563618351947973 









1.1638530526777677 









1.1728851579620683 









1.12172200196074 









1.084463936139104 









1.0895403479457009 









1.1118506477100711 









1.1148918213646197 









1.1200556938520825 









1.055999727632776 









0.9779511367439389 









0.9723119243524362 









0.9748846311338686 









0.906442953073645 









0.789748633342192 









0.7734907441825953 









0.7230035364199284 









0.6565255696318951 









0.5956058825639731 









0.6049284550761233 









0.6397021713098349 









0.6549667288475141 









0.6594731761115523 









0.6118970863951975 









0.5843467651685138 









0.6479678644410392 









0.6456230073497073 









0.6108530930519864 









0.6434597917182443 









0.6107764321443396 









0.6632558599163676 









0.6299105928481595 









0.6231439664770857 









0.6270548399486797 









0.6175974591877156 









0.6005486477996769 









0.5892605504768026 









0.6230030822046982 









0.6283071261726051 









0.627878471039175 









0.6266142102215831 









0.6195789363132229 









0.6258323283249096 









0.6396814060431786 









0.572880590067197 









0.5459651769917585 









0.6015115722519591 









0.6347847961507787 









0.6466611005871996 









0.6745542514632057 









0.672214005712789 









0.5967599713394662 









0.5990077726181312 









0.5671880645540751 









0.579766850553912 









0.6451201907141306 









0.6255886101653347 









0.7282245201578604 









0.9452214159924962 









1.0886569389865894 









1.0837385547800475 









1.0181491117094605 









1.1104022153242894 









1.1548159886552136 









1.164656323018766 









1.188534046154508 









1.2159385336372872 









1.2053808542220168 









1.1872982870752915 









1.161451790813951 









1.1260736964084106 









1.119457477379625 









1.0994857831894136 









1.1387217441716433 









1.1540638833724415 









1.1358021119926645 









1.1353754336416748 









1.131704357512888 









1.1467377600048225 









1.1637520051060688 









1.129533013491539 









1.0112471848114124 









0.8445680845695408 









0.8391423880636737 









0.44338805969520906 









0.35526789420644533 









0.3810361451077532 









0.5888166803751903 









0.578900613801932 









0.6148791798570581 









0.6129345255418085 









0.585420457048072 









0.6388481942951941 









0.570418731464656 









0.5578808279006546 









0.6307675711961481 









0.6389376019644736 









0.6131323277723347 









0.59929197048374 









0.5757921125063169 









0.6419410516237181 









0.6607660196336044 









0.6272105414444814 









0.5781555818528569 









0.6040953542826446 









0.6375709425214922 









0.5814311508251393 









0.6067909366406021 









0.6732149827833593 









0.6836380426897544 









0.6226348481710415 









0.6236116927455094 









0.6693856798883824 









0.6040160862524707 









0.6578110750013577 









0.6580360864394594 









0.5650482516738824 









0.5714026976632203 









0.6182894400758759 









0.6434689018795278 









0.6200246047404162 









0.5882052610929338 









0.625150801585642 









0.6116640390748124 









0.5728140567028442 









0.5679181646477999 









0.6139451274065116 









0.6005408423209978 









0.632645890656653 









0.5805705573649012 









0.5701089182912785 









0.5947710791805698 









0.6218509601540007 









0.6006293124325716 









0.6738385369272161 









0.7613123325682876 









0.9332097010451775 









1.0772597046454826 









1.022994581266981 









0.9397985027540766 









1.0037269626095686 









1.1252724771697167 









1.1893520101338173 









1.2136332523386626 









1.202195461389468 









1.176439386455572 









1.1968168587972121 









1.170981077028028 









1.1276073068055956 









1.16881261469808 









1.2544121168780917 









1.202844480619549 









1.1518749844658243 









1.179761224137122 









1.1884096827699495 









1.2189816567937473 









1.19096078250809 









1.2198304611844313 









1.2159645039613467 









1.1727466734322114 









1.1229392441585462 









1.0953539304779556 









1.0126285898040115 









0.9843930574095409 









0.9813174780191356 









0.9316176830162384 









0.8594984450110722 









0.7599956119270345 









0.7408222334029735 









0.7760294434494811 









0.6709025623281265 









0.5662846966806763 









0.5622821236472109 









0.5972291749463567 









0.5992668227677809 









0.5819839646034094 









0.5927690050130829 









0.6253412113932467 









0.6273894807944868 









0.638790789808064 









0.6067332122315443 









0.5869464785026715 









0.6104311867151775 









0.6308015174869243 









0.6391101875902641 









0.5866651102989952 









0.5977694154792437 









0.6502008969874598 









0.6220001283501032 









0.5732249151247403 









0.6048599394651194 









0.6718925668440296 









0.6280796325746932 









0.6120863741288912 









0.588214291951121 









0.6221840931142845 









0.6141935117707805 









0.6210025841962058 









0.6166576143618407 









0.5703148359380723 









0.5855604503458364 









0.6481659516260238 









0.6170372179163185 









0.6414970063625248 









0.659236722419067 









0.5935438112523301 









0.611534719002238 









0.7450515693717769 









0.9709270558651731 









1.1175998930998858 









1.1177662615154613 









1.1441193346658407 









1.1677985781729747 









1.120863227765411 









1.0851868598730265 









1.1663118856689172 









1.222245765888955 









1.2420884647895294 









1.2492514920556885 









1.2005978497569927 









1.1801070286155972 









1.1897789472008846 









1.194505393603156 









1.2424546712539362 









1.2539994854750376 









1.185364037034103 









1.0776097973252012 









1.0797016396322825 









1.1805187556815946 









1.15767347129416 









1.133877941638957 









1.0927236988352553 









1.062094758116166 









1.0670525282712406 









0.5412285263679565 









0.37753857719072936 









0.3594421245397277 









0.48443876721430007 









0.5706494280947955 









0.6015268031059088 









0.6015722261331108 









0.5979861824850541 









0.5730895613474591 









0.6124644882239644 









0.6316914628038219 









0.6179352826736907 









0.5429199228615388 









0.5573340904921635 









0.609788146349301 









0.6047185510344428 









0.6017068981971351 









0.5821718918270354 









0.5846190774238422 









0.609349209137973 









0.6714782323886135 









0.641451540882032 









0.5800272750242224 









0.5958692829135868 









0.6391010359265276 









0.6226407846766306 









0.5836575599737159 









0.6514622855826597 









0.6593507039397739 









0.6137305798819901 









0.5508959591888383 









0.6403922504647409 









0.6511433479961506 









0.6603021971734943 









0.6849186661357836 









0.6437085215149059 









0.6115594976017126 









0.6065574540515465 









0.6043638488551497 









0.584197314819605 









0.5832798196613597 









0.5615389721602272 









0.5832934343437446 









0.6134113299431975 









0.5766593314745059 









0.5808824210825257 









0.6910445773992357 









0.6520153279431776 









0.6107881971184453 









0.61056748570311 









0.645474485540521 









0.6601333547013486 









0.8799663946752577 









1.065501766645543 









1.0662822282522113 









1.1159817513026942 









1.173524243367764 









1.1149099037328516 









1.1639559855410848 









1.222726654736975 









1.2511750169610254 









1.2443341808856585 









1.2348315032680564 









1.2495583358341307 









1.1909875648051462 









1.1710838106849446 









1.142178182491265 









1.1505349384181023 









1.200751420864792 









1.1849715351454257 









1.1589262233157291 









1.1908777635767434 









1.1713966963891118 









1.149657785071481 









1.1044590813634179 









0.9928145907773136 









0.9672695312803484 









0.9837440824122303 









0.8805626158473174 









0.7371208472836106 









0.6192986428410397 









0.584062050381268 









0.5989245640735168 









0.5639816031696363 









0.5603425861944374 









0.6120793296698057 









0.5794985178019908 









0.573821482296688 









0.5745267180014856 









0.5831235069568564 









0.6149398324493625 









0.6486804259908423 









0.6287509481932148 









0.5692776786462277 









0.610994324357672 









0.6096764055121313 









0.5803067988279198 









0.5860912364217232 









0.6117367750049563 









0.6244990066985332 









0.6538266894994218 









0.5909397146089009 









0.5934525533262552 









0.5875199730837499 









0.6285588150452858 









0.6158697898674542 









0.5977938919329137 









0.628074895803198 









0.5780537115994628 









0.6232911898281462 









0.6194448157057911 









0.6129971575321129 









0.6198321697430763 









0.6211295205346686 









0.6196653146893818 









0.5464755968589304 









0.5655606090572163 









0.5674891234305709 









0.5955538354878935 









0.5632701760426577 









0.5884593535469596 









0.6107489233305428 









0.6112634670450823 









0.7552195925557266 









1.0340023985155642 









1.0813782826379097 









1.1119703707545345 









1.0861804262569779 









1.0961433026447966 









1.108762704358944 









1.070892411034865 









1.0544310847372438 









1.0813474353246184 









1.143820296874 









1.2031878049947584 









1.2447804128685103 









1.2702579252176704 









1.2926030011239726 









1.2588195924010492 









1.2088660676825187 









1.185996191935195 









1.1613352592495838 









1.1469034063171206 









1.1519390669187513 









1.1350906898402555 









1.1219734861904411 









1.127149873154957 









1.0922867099017672 









0.9947361598914432 









0.8864361298465452 









0.4929009763762404 









0.3772365073127838 









0.36978550708512664 









0.5911434729569522 









0.646853575589346 









0.6313578693224161 









0.6381029943806416 









0.61380426610486 









0.6226614928897839 









0.6236626032564256 









0.6270247279312025 









0.6305015204357689 









0.5721276867377627 









0.5633856218549239 









0.6089842347689965 









0.686587547740471 









0.6853399675325562 









0.687152585268873 









0.6627049028029497 









0.6007894562257969 









0.6490600989355585 









0.6377328801051576 









0.6070034104900139 









0.5566282120717648 









0.5661851872085417 









0.5480593895121515 









0.5785998723088636 









0.603193609494801 









0.604637682232263 









0.5950651223104452 









0.604784483555499 









0.6241367236675838 









0.5793452176464631 









0.5633745537142862 









0.5934124037554492 









0.5396500029432121 









0.5458935074343747 









0.6361382203748087 









0.663045857085744 









0.6126642942511172 









0.6145239711068287 









0.6031092874535832 









0.6394027535389332 









0.6766202550669665 









0.6345919900667212 









0.5308558943586646 









0.5373360673831346 









0.553331669627022 









0.5879166685599382 









0.5883664535251517 









0.6057053202233044 









0.7585859566189347 









1.0277456675987584 









1.0643332626043116 









1.0227853340995186 









1.0509738228304493 









1.1324708571761535 









1.1299062732704765 









1.1533517831602338 









1.149075501919191 









1.1218311932278096 









1.1807083789922552 









1.1679742772381367 









1.1432410199450684 









1.1111215988078684 









1.1054448009669455 









1.1147067051962396 









1.057976450270378 









0.9424088994434052 









0.8094723172914818 









0.7633176312868611 









0.7369268701954627 









0.8037399977019827 









0.7845043516209138 









0.7559242590841493 









0.6374152237242962 









0.5419912656773898 









0.5719108000480687 









0.605439098057321 









0.6498492158835583 









0.583904517916743 









0.5798647384774449 









0.5885185875873612 









0.6556917485982267 









0.5697701721156306 









0.5520406023316848 









0.599174371803415 









0.5729177730647879 









0.5562258575443573 









0.6032110334621158 









0.6091508711001477 









0.5989406086812997 









0.6246596222362335 









0.578281687262755 









0.613927804297428 









0.6192760116315305 









0.654614829183153 









0.5869919134890763 









0.5946218914718766 









0.6086619069997623 









0.6033516593495578 









0.6045322035949076 









0.6169251525796828 









0.6089217266119221 









0.5844528397766506 









0.6217674872869206 









0.6286785742515417 









0.5917749162760813 









0.5844754553215237 









0.5886126059609051 









0.597289297030296 









0.5574771925546377 









0.6546507225716545 









0.6098521685025622 









0.6072335106474157 









0.5898201981509945 









0.6002256070051436 









0.6328284266586054 









0.5888651749906951 









0.5724647683942726 









0.5939002430853539 









0.5854764680439155 









0.6018117408503748 









0.6946978661394574 









0.9065462052147049 









1.1091577913004538 









1.0921661791725608 









1.0422363818778813 









1.0986635404361929 









1.126042644104258 









1.1265488473142509 









1.1774236031682777 









1.1879482962631185 









1.190151245468312 









1.2420749226205516 









1.2300623276935556 









1.214662232043432 









1.1686149709603872 









1.2096688777532796 









1.1932290052770576 









1.1937627107921422 









1.142154562336211 









1.0934701851172937 









1.0866458238471215 









1.146163181068196 









1.1457066573370907 









1.1339892056738337 









1.113071326473742 









1.0620934120925212 









0.9635475846083601 









0.38277696843113496 









0.34143169147101193 









0.5637626247243515 









0.5969605092287102 









0.623224416298213 









0.601984364451503 









0.5984912802071223 









0.5858106202865382 









0.5882177435071793 









