0.8580000000000005 









7.684506563782362 









4.668502392103733 









4.183969418155991 









4.261296071410805 









4.147199035438123 









4.15530756371187 









4.163691487917844 









4.210762496679881 









4.263853773115467 









4.162068925003688 









4.151884648160202 









4.1364086160842195 









3.9978656119977662 









3.9142722564885153 









3.884847168055773 









3.716477621744251 









3.251777538610509 









3.095123496212999 









2.904509041540174 









2.650128483022538 









2.2740507679065094 









2.1972226515056836 









2.109702682980752 









2.0937410105277805 









2.1220408760279916 









2.095086446977101 









2.0928224051031648 









2.0561509586956226 









2.0078667643860966 









2.0515616911860213 









2.081490748076122 









2.0771333313599856 









2.156777762900233 









2.2320553191017387 









2.253159966883276 









2.2712578844069915 









2.432441855948718 









2.791406972470025 









3.0712791417038234 









3.1904256690337913 









3.282632919068703 









3.2791540025171257 









3.235719400032842 









3.25868858289666 









3.2208840142066837 









3.252531335919027 









3.128113423180393 









3.1777414109961226 









3.1671686599501085 









3.319181115338156 









3.3777240640013195 









3.2859102188478646 









3.3079133323579475 









3.340232937957261 









3.2630568613947464 









3.3184321549623332 









3.3820608452189966 









3.328272238202606 









3.36104302477514 









3.3627062792561833 









3.4375578512160905 









3.3142774195997373 









3.341292588479359 









3.32348880557357 









3.354411227824148 









3.3704204635654986 









3.331306134024769 









3.3347842569925863 









3.2561271136087178 









3.3501552479977836 









3.4145294399246073 









3.2955691812618464 









3.2890167790095246 









3.3866003676924477 









3.4425639706424644 









3.4274071585308095 









3.350740847084368 









3.3646601058402816 









3.341856043306805 









3.2598385066827587 









3.4011358726271674 









3.4831297601687647 









3.417085709574301 









3.118095265961728 









2.5287711125256864 









2.2575925844957068 









2.327989740105868 









2.355289459619712 









2.421902569347158 









2.3561229115874682 









2.3159547789577744 









2.0766862691798904 









2.0158158229306653 









2.096598826043487 









2.0932217845176617 









2.051895596372031 









1.9930613640742059 









2.023498682035091 









2.0309722199364058 









1.9799707331029712 









1.9708120504036233 









2.1172440656234692 









2.318892294789826 









2.510083883994547 









2.5311912524718356 









2.45140125417725 









2.3106705809219323 









2.2196335542262364 









2.2376840437172993 









2.4543904828173098 









3.0952555851921724 









3.998593213028563 









4.177914325376026 









4.225089015804935 









4.170294556510373 









4.138546867193874 









4.196682443255748 









4.185422806982505 









4.200845168224401 









4.194856535086205 









4.2074219799237 









4.180647467827822 









4.196321324185787 









4.1831334028140175 









4.2303928169912215 









4.188388911430055 









4.189359052569904 









4.191977304349438 









4.176687857106805 









4.154133112646324 









4.204049526111891 









4.20713737071061 









4.194457038464451 









4.171861214763443 









4.182994103263956 









4.1566735049645684 









4.092779949376043 









4.170548624473475 









4.130803076109857 









4.160424367375698 









4.163808624737431 









4.203673288630237 









4.194173948585094 









4.15351312685896 









4.164734617042767 









4.155025559732475 









4.188417812964238 









4.15208874401297 









4.2352706003617575 









4.20834535387898 









4.209340624871199 









4.165907317215626 









4.099609238212026 









4.147747868907015 









4.259318982175762 









4.190487191485264 









4.180670312735313 









4.19204007244763 









4.178161331128773 









4.139596882571697 









4.213127517115342 









4.268988490856166 









4.033320511238923 









3.819603968214818 









3.5701491146237077 









3.4038240566380193 









3.245781298201936 









2.8443618499925387 









2.4500500516320938 









2.548336101903841 









2.5202305850565803 









2.4575593680368044 









2.5493858476484608 









2.4991142910435657 









2.489373217308116 









2.4376259779984606 









2.20062711481118 









2.1016425049418506 









2.2359274325205987 









2.304474910604318 









2.4471122899577247 









2.591654249622435 









2.467754419350637 









2.2561235157836883 









2.2882784440304813 









2.2712645022060394 









2.447119521818176 









2.6263268974448923 









2.7346870869945628 









2.7810011949669913 









2.837187225592156 









2.8446447666157186 









3.0264961274810256 









3.371107853324685 









3.5320813107065328 









3.4993920278850847 









3.5065329624731407 









3.5622791583984754 









3.6459448781503094 









3.5051802208732576 









3.5634554479873914 









3.5355868101551633 









3.582331882943186 









3.5597554330127363 









3.5581906092269593 









3.5762821656853565 









3.5591392219277225 









3.6231218873517426 









3.6051215067848075 









3.5985019956186535 









3.6763528847512914 









3.5820480493921902 









3.6364304126829032 









3.609651892111648 









3.664768609573221 









3.556638187661931 









3.5734859706360886 









3.55330622754827 









3.560359752954606 









3.6403957359435357 









3.546762615735587 









3.5261729725576516 









3.5645106787546608 









3.529484522898747 









3.535820913572084 









3.607427100898877 









3.669284664045052 









3.552282337618851 









3.5833923275657784 









3.591469184609275 









3.578777460126303 









3.6317777221098395 









3.682959298962179 









3.630103921115328 









3.2464007760410767 









2.6256305396360573 









2.4764621539633316 









2.5094863706825707 









2.3869142251206643 









2.3417264267316167 









2.334190160892208 









2.3270728397406906 









2.208843285730046 









2.2346578183632557 









2.22453208523918 









2.154436233529685 









2.202231163956825 









2.1987012658317764 









2.144544163274778 









2.1016524571595 









2.0421695281757293 









2.0213329459146414 









2.1474006830598493 









2.206928246599378 









2.1966156873113767 









2.054693153475196 









1.9782768296702833 









1.948591421937602 









2.09906243712375 









2.3604784026108847 









3.002686769330881 









3.9927238477672278 









4.195698584442966 









4.247134123252244 









4.0990060266172375 









4.185557263601073 









4.20461881115437 









4.183224496847383 









4.106952890131579 









4.141331679809087 









4.146973952712329 









4.09137522382924 









4.135940653286323 









4.130931288004438 









4.1559116044251825 









4.16443877545199 









4.168585394700006 









4.187839768180323 









4.147060353529882 









4.118203346472946 









4.175225874170909 









4.097951132037068 









4.1376604611996735 









4.101756175216877 









4.156944715266249 









4.145367141464904 









4.1775001047246105 









4.136597349749153 









4.153037208695451 









4.185454264740495 









4.16961056131359 









4.222972836746548 









4.158109570470841 









4.169814452139234 









4.137115786652925 









4.129757816899916 









4.128552944303666 









4.099260232666856 









4.107663533705793 









4.215959588487926 









4.165059563121933 









4.1937595252258095 









4.184372495858093 









4.148721813988219 









4.139114622964875 









4.185354973682201 









4.171831740130002 









4.2085393628358885 









4.1475977992240125 









4.12558527551494 









4.376465825336506 









4.615076211768028 









4.538145250030649 









4.385088852121043 









4.618936903815351 









4.7695837110010455 









4.2443503846895725 









3.5688263447837665 









3.2916871783512462 









3.1995002924943265 









2.954958023234078 









2.8603657863465997 









2.7990979561764084 









2.8651005097683595 









2.801586039514508 









2.8546411484386023 









2.920921704306075 









2.722636023654892 









2.7108779665515597 









3.073762906727031 









3.3656204348418557 









3.432495090113023 









3.2222591957167546 









3.0864533979582682 









2.775973289421598 









2.3993592037150497 









2.310608879935454 









2.5957969007503476 









2.900232003134265 









3.087499112188245 









3.3162062575315585 









3.2256542540149526 









3.324252555752341 









3.3305858265018724 









3.286853491855992 









3.3133104753856877 









3.3197149744930172 









3.4875334361858386 









3.4107198794907614 









3.299978267620972 









3.297012125603612 









3.3505498853856897 









3.4471246465844336 









3.432498804826491 









3.3898810929329977 









3.3245850685873433 









3.3708877647203153 









3.4255270960727717 









3.3911632561694405 









3.379030388516125 









3.3835810957592747 









3.3450677697025872 









3.3609046427477702 









3.3626327995837175 









3.3157703557584535 









3.3887547214970746 









3.3226185524442635 









3.3623614342244004 









3.352758819227784 









3.342043238126893 









3.245465663702669 









3.2730709518425654 









3.251184296114123 









3.356057338172794 









3.3744652478629495 









3.4537161877099303 









3.375317569050688 









3.328134259500042 









3.4368500067451406 









3.4495560845253377 









3.34685260558918 









3.298670390175478 









3.4690339761109494 









3.384475775915183 









2.9520392406005285 









2.4996254347788636 









2.5118889319705056 









2.433282259657069 









2.342585137334361 









2.506319532173771 









2.5565719685096098 









2.5091282833090274 









2.5124693084758167 









2.4618266363697265 









2.4062527515417163 









2.325754780385781 









2.448773116596217 









2.605056375459674 









2.5634114823610044 









2.309735393764498 









2.3265944391718456 









2.370690308280502 









2.478005357965783 









2.734798731874585 









2.74905904694689 









2.4881800966625898 









2.2507453823840358 









2.149636201459931 









2.2309406253040507 









2.3229664556406378 









2.9222407046502594 









3.9738020712513316 









4.168956081143719 









4.176388645862478 









4.1079548447817045 









4.1599917612537345 









4.171595244875782 









4.192507170562951 









4.125766800635694 









4.224480101257213 









4.248697745364439 









4.233045384895927 









4.16003128343483 









4.13530367838964 









4.144181753334271 









4.175133023984702 









4.09661954635124 









4.158493610613464 









4.13015303139208 









4.106491961969918 









4.231735676884348 









4.220716874299305 









4.14498103179598 









4.139674527885345 









4.1803250187767995 









4.170214308662597 









4.19913209802511 









4.183837726436267 









4.1467640064302325 









4.168574457402224 









4.1319088792710605 









4.1555053209340835 









4.135274764302395 









4.213060787618681 









4.174444040955114 









4.187750848128615 









4.2458497913032565 









4.140741335017632 









4.165994847202032 









4.198726795846449 









4.196906574003589 









4.184263268194313 









4.11376458248184 









4.174589386312506 









4.2509486520877795 









4.172469406780921 









4.187810114800899 









4.187355108124699 









4.178396499531395 









4.187149932610281 









4.535408074509968 









5.3269145724583895 









6.237899001268329 









7.3217561877084 









8.37093474588539 









8.84250751846859 









8.786810650042765 









7.820033226578013 









6.4850990083533455 









6.130481459253159 









5.588679851354119 









5.300858506919674 









5.558568446928216 









5.991537603012255 









6.4151780120524675 









6.469992333347535 









6.257243235479485 









5.89240226279723 









5.909183193464495 









5.77871585463648 









6.061940886258178 









6.75237230131059 









7.151485945790346 









7.005930019294338 









6.176788821101811 









3.4015699492826204 









2.2797242444353105 









2.36417003236518 









2.4236387552935716 









2.4672780439053277 









2.400620866431475 









2.5072886973686797 









2.49574955904319 









2.5178114878284057 









2.6069795873752897 









2.7611442777368542 









2.9024301906861445 









2.9042866551543485 









3.0261744464340774 









3.1590837844688893 









3.04761772053374 









3.004117587055261 









3.0388083813708655 









3.018623910165182 









3.026142917943001 









3.0637408845698824 









3.0183124883417936 









3.0333178928446474 









3.031507729858266 









3.0205590778906153 









3.053587397795204 









3.0931568119125985 









3.0141058869037285 









2.9948393334009396 









2.9844217345158928 









2.9700042018338 









3.0016941342994676 









3.043883201270212 









3.063470666015078 









3.1315507619169565 









3.1775754130510236 









3.062898839917813 









3.0106585676323294 









2.902015736293472 









2.9259580507686516 









3.020085126532537 









3.180694123886077 









3.0858714194718906 









3.1110509240586253 









3.02101858686936 









3.148703727731864 









3.186466245784614 









3.5520230549558565 









3.6277916533560104 









3.025928996268808 









2.6245113568572336 









2.607793628662262 









2.6653872702816312 









2.715678005682601 









2.8126495946946157 









3.03507309328191 









3.0687274852645223 









3.092127373746775 









3.041101268240606 









2.706405211295442 









2.59893199161498 









2.555928702299636 









2.5419313398340404 









2.5611645328490114 









2.5828452736147742 









2.705433478842903 









2.7763268215041106 









2.6795156447920294 









2.6995281737515717 









2.8442392793693294 









2.875500792513587 









2.646361327946977 









2.2651512218156205 









2.196173478761312 









2.314736815193575 









2.9677769544890316 









3.999906479987914 









4.157472970293197 









4.208729402046791 









4.207014974046638 









4.1714060990205795 









4.128011102244237 









4.1186440717682995 









4.1577331350456035 









4.244192168375959 









4.1848783477836315 









4.173355550847951 









4.133366031829361 









4.114488481334951 









4.093815276353652 









4.138621754226903 









4.1666096048552905 









4.130364766451708 









4.147253820029852 









4.182637761920034 









4.141105831498292 









4.2011585475857 









4.209199841914304 









4.12356078496056 









4.142106847175018 









4.18681754140945 









4.166132094363929 









4.147161587974873 









4.107374926797436 









4.122916148311479 









4.120341713348378 









4.174848957535348 









4.189397699323202 









4.114257827669778 









4.174297686801456 









4.151600625394927 









4.090129937852203 









4.240903919480878 









4.257629884751956 









4.158977194588821 









4.145627810242013 









4.192574389347707 









4.133444847755583 









4.134678798288574 









4.160027692707621 









4.134590975705451 









4.136601615434624 









4.151545768746224 









4.232363864967932 









4.1995470456629365 









4.702785809437073 









6.987013199791262 









11.180419448200986 









13.382063613627485 









15.301776360960673 









16.973494535533025 









17.6531812600288 









17.925191756411202 









18.14138817433903 









18.41313028702939 









18.661678680941307 









18.57297130617659 









18.68899287261877 









18.59938315021135 









18.5989420157979 









18.81666463527369 









18.73679526526693 









18.53909007735759 









18.700643966293438 









18.689303612888864 









19.29387817557874 









19.71936922974026 









19.83797022763705 









20.013580325646533 









19.440975238760235 









15.295584181878283 









8.705889544689562 









4.834874744194822 









4.126649409874902 









3.951887206053001 









3.98561051220728 









4.151471575583191 









4.195408119552867 









4.191554608627497 









4.140333617911787 









4.178494637559013 









4.059852628474105 









4.032061816855006 









4.124255332373514 









4.1396160966389886 









4.172679771816435 









4.1066906309323645 









4.054597974540731 









4.031354331631579 









4.096512028515188 









4.148659279113372 









4.1594504106320525 









4.119708718517501 









4.085021006909437 









4.103872841950925 









4.169434287172339 









4.143916358988555 









4.179396036661838 









4.190826865743673 









4.165026180829104 









4.186126284369222 









4.153585530202892 









4.207813338080562 









4.181869835008389 









4.095864041612631 









4.083939218289986 









3.991575526427559 









4.048101708495521 









4.182724471991415 









4.134139884676954 









4.192235991927803 









4.2045542259318855 









4.224798672076345 









4.216515256352681 









4.138818997161177 









4.150828247041173 









4.160188346323781 









4.640506233317565 









5.923834774411359 









7.887786578549802 









8.713424613787218 









9.084399377853591 









10.328705423561026 









11.28296150837291 









11.03792788307876 









10.561096411315177 









10.729710368288167 









11.847525715741783 









12.867611019914722 









13.807160619592066 









14.530725011358323 









14.80712754711785 









15.23923749416817 









15.03752543860329 









14.85525156626482 









14.949690619481617 









15.563746202647879 









16.29427412021183 









16.867566414153938 









16.900500220639646 









16.636885733071217 









16.110107271898602 









13.098621193762096 









8.303157153940104 









4.766247357573643 









3.866615696340385 









4.2275635775689135 









4.268461735313347 









4.213153120264758 









4.221091973596792 









4.300527825054924 









4.260040784689304 









4.27832385321545 









4.261315699188433 









