0.2 









0.14924429310766538 









0.1610164636907363 









0.15700420733758536 









0.1854991128634328 









0.16612151092465294 









0.1703729225974932 









0.1582940460927267 









0.16796080982224137 









0.17489687049560335 









0.18854514550716095 









0.1881254909023288 









0.2048662417546887 









0.22024513648338165 









0.22645955880851587 









0.25640137706596267 









0.3993603618842081 









0.39045719855808825 









0.44791693832403723 









0.5175114327632099 









0.6497616845228529 









0.6683181632188375 









0.7113135587478986 









0.7244076098939198 









0.695452913848372 









0.6993080765319338 









0.7140405685755513 









0.72940049988993 









0.73887687560035 









0.7358090774505806 









0.7278117829179744 









0.7233558298002202 









0.6797494760397804 









0.6616144491889108 









0.6469908539570601 









0.6259195402207103 









0.6084245755757525 









0.46716743751431244 









0.3885556032575199 









0.33362501341907136 









0.3276841105154691 









0.3387201719809711 









0.35380413668716265 









0.3326430910808812 









0.3433008339615333 









0.3472872238143132 









0.3856989797667301 









0.3579990231531516 









0.3851295869984759 









0.32163662473018806 









0.28941026369130174 









0.33444466346279117 









0.32465655901183443 









0.3048411015908359 









0.32761109648499587 









0.33686499717538926 









0.30397003341474804 









0.3038216491720546 









0.330223464008487 









0.31781843304348345 









0.2925264838475645 









0.3251492765153079 









0.30538693811530193 









0.32923763680100016 









0.31136751023292397 









0.2946780411851121 









0.32212729939947926 









0.3185491177684483 









0.3529121257250235 









0.34772601897564903 









0.2874919475269794 









0.33281609105523957 









0.33102109261693796 









0.30780715280584214 









0.2807258239879469 









0.290722080312266 









0.3261350913883187 









0.3143694784232345 









0.3217016594523082 









0.31542321172673504 









0.2979307359606503 









0.2669722385939328 









0.32011496968968867 









0.36456177134911777 









0.5533983940187814 









0.615925812850908 









0.6224144183443849 









0.5958833360121634 









0.5752684630301403 









0.6058808014793664 









0.601008066809984 









0.7072724754190317 









0.7368959145663361 









0.6950190380366746 









0.706636022605821 









0.7212114692613474 









0.7446216012541178 









0.7192459452238077 









0.7097937833455628 









0.7531089425367131 









0.755501659169904 









0.6705753807906574 









0.6234586596015667 









0.536755102047247 









0.537939478652051 









0.5770405863014232 









0.6150652127936731 









0.625877103942251 









0.6506263593246 









0.5486937937164629 









0.49478457892834193 









0.1656633254291444 









0.17592551025208153 









0.16915835620931136 









0.1600766094886983 









0.18670002001706495 









0.16587246865452002 









0.15772941967966064 









0.1677259136410778 









0.17444940442667672 









0.16401629918982624 









0.18008161515355153 









0.1569461820754538 









0.16671943198818578 









0.16164512992421587 









0.16864788383465285 









0.17042022504629906 









0.16811495154871217 









0.1715837206236927 









0.16766004589029743 









0.16913373745826948 









0.17559646918680316 









0.16026380942979673 









0.18461805898610112 









0.17447577180218204 









0.17280502967687045 









0.1839813013172445 









0.15271071283997484 









0.1841582337895606 









0.18222811297545996 









0.16792790771483146 









0.16306974035086297 









0.1783183265194329 









0.17014317855961844 









0.1827118911777623 









0.1686994588498535 









0.18323948325344397 









0.15669024995340122 









0.1629646395423015 









0.17123291977623972 









0.17090738128959274 









0.17368665073912315 









0.17503235527918876 









0.193378056482031 









0.15564880743578263 









0.18108622198906005 









0.17012932400645447 









0.16299345785642472 









0.16558094840447113 









0.16428917021343034 









0.1674532416026912 









0.17086621384781878 









0.2258016480780421 









0.2780806610053509 









0.3137759118563742 









0.342061041660937 









0.36430268583554193 









0.47247430066716983 









0.6175275564928808 









0.5965031320613317 









0.5756121237207762 









0.5927882729025127 









0.5665187875746445 









0.6001974314132951 









0.598144311893916 









0.6222795873359779 









0.7101653386484447 









0.7482815679196353 









0.6929614602410967 









0.6707325827795712 









0.6072678084336234 









0.5671381832383704 









0.5770178203314952 









0.6736726367083752 









0.6447640930860692 









0.6348727601112276 









0.5683055365524773 









0.496207050191782 









0.4672359367930822 









0.46842047322950875 









0.4478399592574047 









0.4618535340819846 









0.39877360651426486 









0.30935381603457407 









0.2668594898121373 









0.28110195990682385 









0.3042443190498667 









0.2673682397134757 









0.2433090551427457 









0.292271365856444 









0.2716473950834931 









0.2850400123819143 









0.2582456992175477 









0.2749097905800959 









0.27435978924547993 









0.2655870011514597 









0.2663072964239953 









0.2707315504522819 









0.26168141298886705 









0.26995316920684526 









0.2549131310700228 









0.23297252353093478 









0.2522798475264014 









0.2517774497136883 









0.25215778689196566 









0.2881494905230081 









0.2815065406899787 









0.25737797507616794 









0.28599316228734617 









0.24263353789440228 









0.27000752943389317 









0.2661601775661293 









0.25473822767595344 









0.27353372443957247 









0.2860154149542552 









0.250034695362142 









0.2369986700479935 









0.2744895606949827 









0.2731762608468139 









0.25375109203104573 









0.2648431432415752 









0.2651480615357604 









0.24876357942720986 









0.27352072530856386 









0.34054210028539333 









0.5342996826711425 









0.5910055835048362 









0.5741194774407723 









0.596702026160796 









0.6397015395023247 









0.632112543238688 









0.6156572368112496 









0.665924915540143 









0.6784597688589112 









0.6444391961118787 









0.7119391578573734 









0.6681041424519958 









0.6757936521475696 









0.6889037815412478 









0.7093822539886014 









0.7245437702003161 









0.7498545508619998 









0.7199399866740912 









0.6520735416456612 









0.6720821760433004 









0.7275293018805251 









0.7472441901829101 









0.7578874015835336 









0.717113143355005 









0.6005920860869334 









0.5449730028713531 









0.17764100935797386 









0.1523676528763364 









0.15627638234228258 









0.1825039037312301 









0.17165376071402377 









0.17502608258149344 









0.16444259201247496 









0.1846454265409739 









0.17607596839696676 









0.17235123715714723 









0.17287522402037742 









0.16353438797868053 









0.17474524478243228 









0.16035664724758705 









0.17316982909696813 









0.17877243083366046 









0.16041938719441357 









0.1786617170552151 









0.17533536439356462 









0.1707466865658103 









0.18293112120352956 









0.18398476787793744 









0.18122122642066446 









0.16828955212869082 









0.18397725760102848 









0.16441490461657116 









0.17220235653239482 









0.18510198727924507 









0.16834610455429266 









0.16489454476744259 









0.1656894399527029 









0.16080217897716237 









0.1670574440468519 









0.17163962787789278 









0.17839892261191953 









0.17242932092343943 









0.17853131038326076 









0.18880060553453543 









0.16775784667677368 









0.1807860086671639 









0.17894968339198875 









0.1706805919699953 









0.19571594230993325 









0.17203747084179183 









0.16656836183215332 









0.16216348422867216 









0.16961872801696193 









0.17236172699339336 









0.18444971195936102 









0.16469364009770288 









0.15759858215695596 









0.2050806952968934 









0.26051810736481196 









0.24069452452480414 









0.2780410933179638 









0.376697569187024 









0.5342918888913786 









0.5773895547870003 









0.5863877034389444 









0.6910624294237034 









0.6807877438485934 









0.7109568588878084 









0.68150760632075 









0.7006447272456479 









0.6708776682278583 









0.6500510674892075 









0.7236546748607202 









0.7309402679914814 









0.6022766102366277 









0.5423703940503148 









0.5353005112942204 









0.5995460175353785 









0.6216752563447573 









0.6804170605128643 









0.635576730552149 









0.6370731308471489 









0.5235325277235532 









0.4466146334700267 









0.36994612535183147 









0.3190000306228653 









0.343056892306787 









0.3307059702701374 









0.30983449135369223 









0.30672462616894136 









0.3255867040195639 









0.3302270537997482 









0.27933416329730343 









0.30155639788472277 









0.31981976970568426 









0.32003750188881114 









0.32716337082184643 









0.2867010275257448 









0.31052674122076657 









0.314345134944089 









0.31771687662131 









0.30169086444165194 









0.30326710637715154 









0.3119858112419347 









0.3076326347236656 









0.3018880423932882 









0.3190732457125587 









0.3266549107489345 









0.3125903637289874 









0.3190370558639019 









0.3034774282362192 









0.3150343068137408 









0.3335515457193784 









0.3383266808489972 









0.32293057306391537 









0.3476845006607346 









0.3292610604266075 









0.35061477664390506 









0.32474107914552786 









0.3148870004396567 









0.2875071986696779 









0.3039877754924467 









0.33238900824304046 









0.30822550995812065 









0.3016446489941423 









0.32786854788073383 









0.32422669684229977 









0.30427647935475244 









0.36386453935271335 









0.4543288436938536 









0.6130562426144532 









0.6036297382374385 









0.6382667066611837 









0.6908532615276151 









0.6142495296083135 









0.6261043232779765 









0.6124732443214982 









0.6090747342653337 









0.6306501941048736 









0.6484748265699267 









0.6654120830809005 









0.6213343043955406 









0.5585001727101826 









0.5797658237084191 









0.6938976054916763 









0.6812631247690761 









0.6514376317544113 









0.6402998135713462 









0.5295122669838896 









0.5472732774626852 









0.6211210841884129 









0.6733356766626437 









0.6834175597459149 









0.6254238479681204 









0.616093071586334 









0.5635661710221858 









0.1865227924231732 









0.17188405128725343 









0.1703346233955222 









0.1778108053187179 









0.16976859920633486 









0.18900593585703818 









0.17077462894109458 









0.1665092330126305 









0.172324655556095 









0.1708590362285693 









0.1587929292451945 









0.17108184993148606 









0.1660240085087786 









0.17855911740975916 









0.17957681484296933 









0.18246791531719847 









0.17531082855462754 









0.17248496229392882 









0.1791806926951895 









0.15132966740169657 









0.16188937428020406 









0.17402983573344788 









0.18805809756137065 









0.16508331345153013 









0.17983030369956482 









0.1608808453824793 









0.16830552950738079 









0.18412191500997932 









0.18005033159036463 









0.17835915943715397 









0.16916159325201818 









0.17463852791539833 









0.1744021774241482 









0.17691107054166388 









0.17075240136128025 









0.1593018220615231 









0.1784251977100182 









0.16412693066181938 









0.17561396356737535 









0.16756720643015185 









0.16679661895313247 









0.18506926216977304 









0.170827609152004 









0.1756452805902193 









0.17964960656412776 









0.1620334077718432 









0.17183497842088616 









0.16319885228421327 









0.16225063529333217 









0.17496989711530692 









0.1793517249696756 









0.23577327549203492 









0.311161366112262 









0.3050218320535549 









0.3692152935068531 









0.40043588750858217 









0.4992930988682866 









0.5776133195687196 









0.5938895532604664 









0.6835108354551468 









0.7065006863354312 









0.6664200667556255 









0.6270589163232587 









0.5894419979899845 









0.5985459903156576 









0.6325101069835206 









0.6775660889378513 









0.680229134657095 









0.6979110959479626 









0.6536004535332613 









0.5967147672732749 









0.5569190433711158 









0.637245812829359 









0.6428295015377716 









0.6808935158552444 









0.6331763761461098 









0.6073433733011335 









0.6039443007578815 









0.5764888661287451 









0.6211297424509059 









0.548541567803291 









0.5685099406890404 









0.5668694258544933 









0.5213688743803766 









0.47106024247496076 









0.4473160462525736 









0.4406809501302972 









0.4067428939734844 









0.34544091824049916 









0.41950726849220127 









0.41695563545728337 









0.4008827697143921 









0.4120654914949018 









0.4177143859814355 









0.4034969763241132 









0.4229162346437064 









0.4065885156713186 









0.3917974229434188 









0.41036874279529645 









0.3998379176678466 









0.4091286774967735 









0.43111934208076913 









0.4204757942980877 









0.42500425109640927 









0.4193657192591677 









0.4363741990266081 









0.43715197948702683 









0.4028688192567206 









0.40169388215428936 









0.3784110198249713 









0.4184772257419167 









0.41973343767119986 









0.4562267931064709 









0.44908057961345904 









0.4070516081457657 









0.36097583915282727 









0.3898391756230465 









0.387923622231227 









0.4274219670849281 









0.36946530380343623 









0.3689910925727714 









0.32319331662793066 









0.36573992930323307 









0.5400769690592915 









0.6890229854640509 









0.6890757170643864 









0.6651870551008268 









0.6577386358061382 









0.6643129918014625 









0.633166943537645 









0.6510934717959003 









0.6240004244455346 









0.6402489649541412 









0.7619127643718032 









0.7986458532545824 









0.7958853433737132 









0.7883110966644171 









0.7966697263600953 









0.7655893221089877 









0.7537830177031496 









0.7319222911186964 









0.7496354993230385 









0.7461191902974436 









0.6986517376292005 









0.713519036820752 









0.7119414922184844 









0.6907607674312899 









0.6656541912593379 









0.6306760287474291 









0.6004041737486433 









0.1677774264332832 









0.1651178953080589 









0.16866618658244537 









0.1767820611107424 









0.16204977867994316 









0.1810430052452733 









0.18473870856308874 









0.17881044533480947 









0.15240704801802119 









0.17463987607880088 









0.16588706657930738 









0.17679537153522562 









0.17273076500977708 









0.1842129508351178 









0.17806410423607205 









0.16818233537138605 









0.18020229666360293 









0.18177866281240082 









0.17377527047550478 









0.18181647271934498 









0.16682136419918192 









0.17287306172920613 









0.18435272413894038 









0.18367114913044538 









0.16950922697497978 









0.16685903654991724 









0.17018654366650443 









0.1670648041157849 









0.17451430989876743 









0.17235640455085022 









0.1675483728451493 









0.16835599439150312 









0.17476112510306518 









0.1539871005995228 









0.17196094324404088 









0.18904102403897344 









0.1683623679085833 









0.16335430800694162 









0.17286907186888445 









0.1717535870986466 









0.1786687128310971 









0.17426958080359953 









0.16919989350199272 









0.17043331203616008 









0.17931342924009896 









0.1638997080068495 









0.16134481302954945 









0.16899037548491033 









0.15896045309341167 









0.16696734919680506 









0.1806784060080678 









0.2315399656465883 









0.2908617103683486 









0.2750397650690891 









0.2620356961831053 









0.28345010109174384 









0.2891089984300876 









0.34206325608170474 









0.326004809388362 









0.3094828843339005 









0.381752654479831 









0.3708605733566757 









0.3974256580277329 









0.43212105511668164 









0.3946294148539914 









0.4227065728143147 









0.45936828709256916 









0.3929057671532291 









0.46362033590222834 









0.3304083654384832 









0.32250968091295196 









0.35007766362668125 









0.31536743565384256 









0.2958808946203372 









0.30955824089046186 









0.2483776766021813 









0.23412499494377836 









0.25534039344287185 









0.29497972018060786 









0.28385850674001367 









0.23510251504927032 









0.22595006987901833 









0.24220717760904514 









0.24200967502776755 









0.22410084632847757 









0.24472454607907884 









0.2620654647856701 









0.22798400719988696 









0.25030170137717717 









0.23307413062875132 









0.2501800230330037 









0.23918612509415682 









0.2626720054766322 









0.24131142123460925 









0.22280587157850523 









0.2439239806006625 









0.2457471466182986 









0.2664884033187691 









0.24233935842387633 









0.22400268026926018 









0.2262691409920296 









0.2372413348494563 









0.2436851586495365 









0.24106941115999145 









0.23402430321697174 









0.21850117956602866 









0.24322712041107425 









0.23769934861990288 









0.2478238153062327 









0.2501119975278076 









0.26364466578922174 









0.26013148148772386 









0.22254427271241659 









0.25104870626000503 









0.22900014331769977 









0.23558626570350097 









0.239985738322969 









0.2261974635632972 









0.22350407718695908 









0.23325148809628768 









0.2518982509487816 









0.2243987357242872 









0.2417701029656874 









0.30619563961992047 









0.4298531438427359 









0.4489787470213338 









0.393508727092165 









0.4189376248753222 









0.4934072348547457 









0.5328735244208165 









0.5274777307934775 









0.4285407057524393 









0.375401519183736 









0.3681193923055631 









0.34784426482920006 









0.36962198305873023 









0.3233135712269931 









0.39559702690720205 









0.42360015379386784 









0.4180293176274151 









0.32224493254403264 









0.26701529523054046 









0.23771708460054572 









0.29101284202535205 









0.35594508947288006 









0.31442920496088794 









0.31700990889798786 









0.2631866862050801 









0.2936602675956804 









0.29125284733559964 









0.14220664180373657 









0.1780962455845564 









0.15867282413573952 









0.1682781073958745 









0.1679831728444616 









0.1619070220879378 









0.16331667946527623 









0.165349832874558 









0.16913792959233326 









