0.09 









4.298246566937909 









4.363750565320518 









4.444298527183595 









4.787941429645733 









4.845144815600347 









4.7638268141691125 









4.783944490662409 









4.790761990457985 









4.866838273728813 









4.942663543520778 









4.926093134653716 









5.137335625090976 









5.5156280326121525 









5.598342576446285 









5.766686661267771 









6.736934241107293 









7.212161147239332 









7.523909524138409 









8.003937965774462 









8.859829051389427 









9.441585894168655 









9.64877429389213 









9.789565729228176 









9.683478072679556 









9.751972768135222 









9.707047694406732 









9.92121036637121 









10.142885876637258 









10.17724623332039 









9.959576725159165 









9.894443236676471 









9.62875526677849 









9.369551192870285 









9.267370413630637 









9.091768412232057 









8.81079520688686 









7.988855393488258 









7.301036221523625 









6.815694515911927 









6.72741027701197 









6.703506814331622 









6.789747605637792 









6.717636117742206 









6.783253855690925 









6.6194594187332525 









6.833273731347663 









6.85979464570285 









6.914277207668971 









6.5659286089346 









6.435867674484319 









6.3800583852252375 









6.495057901402646 









6.4740056164869255 









6.517982586763547 









6.678237519599775 









6.399667864374875 









6.515459904520278 









6.495590561163567 









6.375132098407365 









6.309044125999848 









6.435821750254217 









6.5392265531257845 









6.466745678729718 









6.45550416805289 









6.3747408193706585 









6.3929949487862965 









6.587812575533254 









6.618853293080554 









6.5617664567446825 









6.272208134953596 









6.460740477021219 









6.593953150535466 









6.474796435562451 









6.3306201065133205 









6.303809536665643 









6.45767032217689 









6.435309697507952 









6.453787192743964 









6.471844177957006 









6.479476376273561 









6.225422783372118 









6.3645690078139046 









6.728640908551822 









8.006634378026332 









8.971113313098913 









9.03599995523048 









8.872581863185983 









8.610589365248641 









8.744079223472776 









8.675554185690897 









9.567499721177855 









10.032101446592575 









9.819475503021431 









9.659705235036375 









9.779792769900599 









10.018510418919766 









10.122364359312584 









9.882733633461301 









10.222078218250301 









10.186655858305775 









9.915497748631061 









9.193287233743877 









8.48217020235614 









8.386509810256602 









8.604016928762949 









8.919005128765056 









9.13006706872498 









9.223131928295722 









8.724845768398362 









7.638920943014506 









4.392361942008187 









4.1896312165808505 









4.495153998204587 









4.859132335123781 









4.841817025610578 









4.807309061687249 









4.7533256425506405 









4.790655258761359 









4.839869604333831 









4.827109951346615 









4.897559883473858 









4.908673744534792 









4.8278998327573435 









4.9045002823048405 









4.776225984313904 









4.761935125240947 









4.796115313117232 









4.813952799002617 









4.9226442898343254 









4.782662953357657 









4.856019990673018 









4.789244602067909 









4.868785669535365 









4.841071107001967 









4.863055412413909 









4.9345282560977815 









4.764280218886856 









4.828474928647946 









4.826563441406004 









4.812406776511514 









4.860561304014285 









4.868362621717191 









4.792590943658483 









4.8199777671565345 









4.836181316419411 









4.851548002332084 









4.811587470510165 









4.816201337146607 









4.72581776697804 









4.85190886781951 









4.84685778938545 









4.8452879982894235 









4.894757729224028 









4.759766871175585 









4.8397608464026804 









4.786690380875671 









4.851442475820681 









4.771967448484039 









4.888607329607899 









4.875314640636398 









4.878221523502579 









5.277063060090555 









5.96828678517409 









6.339865151533467 









6.761878034704357 









6.899985292855726 









7.733898292231707 









8.6323260328724 









8.786198043657567 









8.510825865153723 









8.86071407840861 









8.695075748209856 









8.755211215187833 









8.693086435717888 









8.801678706989284 









9.354651618369003 









10.07973592164597 









9.719306398648682 









9.442472010045018 









9.116874838070476 









8.539995997924535 









8.654940407021407 









9.365754820637136 









9.300054365438237 









9.028545696953483 









8.696180328572344 









8.153628095366447 









7.926967891459053 









7.640313976725559 









7.496939093592493 









7.559426011817833 









7.356309978032524 









6.566292202284865 









6.153509599236698 









6.139846696976567 









6.123127357934045 









5.9904099155284465 









5.8866835211146515 









5.930368984947633 









6.029918727025356 









6.014481376227799 









5.9179920230715535 









5.9310766666094885 









5.978199864124465 









6.012040859877183 









5.974360646557798 









5.978718026583732 









5.857897716093015 









5.97949054933341 









5.914744021275086 









5.7739221535109335 









5.877360348855261 









5.849393158290058 









5.867113204649462 









5.951293037979401 









5.986480020453603 









5.938393390000944 









6.10541481771733 









5.825454159615091 









6.102325438346946 









5.958824439948253 









6.111488072344633 









5.9135883886135066 









6.097660688837164 









5.901982405103676 









5.759286236054555 









6.024846354973983 









5.925857445485073 









6.019005079574559 









5.926804170083545 









5.942241561395368 









5.770791390386413 









5.969385322858678 









6.380571680280815 









7.939268555568364 









8.668511145132815 









8.510266079958386 









8.785142668107223 









9.032079986689693 









8.973719499319104 









9.017098260842145 









9.302225205855656 









9.47969359332003 









9.252796700335965 









9.57959779345666 









9.429717590373443 









9.509728474556095 









9.543832390093131 









9.685030420921596 









9.939477923494842 









10.208157341837945 









9.992052403574931 









9.269936801534284 









9.474972826894252 









9.819659123569377 









10.165857266017731 









10.355291783638723 









10.032214803803477 









8.972081070436266 









7.986276801226117 









4.467870434505227 









4.030048794480825 









4.436888956679011 









4.872591641671927 









4.825984992052676 









4.8867027580336435 









4.7813806598167385 









4.906509616214816 









4.92171077336607 









4.881082801529286 









4.896326224487795 









4.939089931622495 









4.910068334511304 









4.840082772139847 









4.823750343562331 









4.911491385770754 









4.787692708738251 









4.880393203529404 









4.837221306100116 









4.861384059610621 









4.8996894028929665 









4.947961716331187 









4.934844712810702 









4.855751208803496 









4.859658687777041 









4.807109053467372 









4.864304692292678 









4.897326355857699 









4.8149196074731995 









4.873191750374804 









4.859803201728333 









4.731790062166996 









4.895313498594424 









4.847178898077992 









4.8576515737892185 









4.89590728976348 









4.918153111273914 









4.977738893412677 









4.913337342260796 









4.829173888339314 









4.8108633064967545 









4.775417499305305 









4.9347412525143675 









4.830952765595961 









4.841768794961625 









4.802471905808516 









4.865155355892338 









4.828817058026389 









4.918205788950732 









4.7776535883420275 









4.740742919347986 









5.0173276963913445 









5.832282619942904 









5.882545057071614 









6.002361829212948 









6.763324157374944 









7.832067941508362 









8.655256058255663 









8.843344772966496 









9.111247455005786 









9.46864174066065 









9.504218275029778 









9.66316572174382 









9.72998575433369 









9.510902027652367 









9.358211659052511 









9.75577578745378 









10.086588761284897 









9.296912072888034 









8.44030990492409 









8.296147330046121 









8.56020913394868 









9.044083369923175 









9.382466363308492 









9.261648208245113 









9.006530089637124 









8.496648645809097 









7.615706612899861 









7.109590208589399 









6.656111019110337 









6.609170802774248 









6.584761370881763 









6.439202110356015 









6.549731864194139 









6.561108088074755 









6.657685917922386 









6.332697719044918 









6.301707435237287 









6.555085747674673 









6.577844023102147 









6.555544618399843 









6.225446768530899 









6.372007327303447 









6.357369275513121 









6.521324490993906 









6.470487073941939 









6.398238642922046 









6.3303883116578135 









6.373623130285742 









6.398356948274181 









6.452406316316312 









6.392876484954182 









6.412162180869833 









6.48124314586655 









6.499158273758193 









6.389879680655685 









6.598155436999936 









6.463011803658919 









6.440181126123369 









6.682088246465931 









6.687036190607891 









6.659395167824812 









6.491030372493758 









6.338177882744458 









6.4071266262474005 









6.345189835103386 









6.692300522558476 









6.341092942427039 









6.341199834790667 









6.29470734697896 









6.590644134403609 









6.430090031708179 









6.581099038447799 









7.386886041805323 









8.571210467438746 









8.8999149954831 









8.860894169206212 









9.351614898727671 









9.060326482610543 









8.868368765807947 









8.81664145024175 









8.957297665306491 









9.061719240415073 









9.216319163372372 









9.173274972385915 









9.195906280314267 









8.62449583369103 









8.630596554142029 









9.396822361263457 









9.565714983013136 









9.221558757570266 









9.171702651541331 









8.558039979765148 









8.36141083991184 









8.694055534405784 









9.420036531258566 









9.583691444309835 









9.257493419819749 









9.032702377505784 









8.16547002228403 









4.58848733570932 









4.10669584024345 









4.570008202005015 









4.801884833155119 









4.906883978110732 









4.93457489629781 









4.855582195727279 









4.823305531689645 









4.769300567642198 









4.783159915494166 









4.71063993830904 









4.7328235889547114 









4.742919844898137 









4.8668685394852655 









4.897615962852634 









4.954487455707647 









4.871130554078322 









4.797269257276369 









4.910599479857341 









4.8055823333552805 









4.739443267812387 









4.875806630623194 









4.86084934668327 









4.834553634690696 









4.868057815865178 









4.855065474040067 









4.77765002539861 









4.868420695247334 









4.907977421118861 









4.964843020854857 









4.876601049487672 









4.791613141736714 









4.833352654560396 









4.830465160237359 









4.831819721587731 









4.837523482931877 









4.791343176537262 









4.88996605822548 









4.804685458810219 









4.841208051254805 









4.810038036768994 









4.908804751299031 









4.835883828385628 









4.83106502571454 









4.861133954422158 









4.823969759946615 









4.875699056251059 









4.792910983014416 









4.834773864003412 









4.893228917329537 









4.880137792612054 









5.428443563701826 









6.130928759496007 









6.338147725409913 









6.713923760790949 









7.1236967591139235 









7.8336308984824266 









8.522962240404402 









8.701281479212065 









9.208766587538943 









9.693288304383707 









9.495270312888964 









8.876223492123712 









8.642681467707417 









8.711102736919308 









9.051635085516278 









9.36593215768179 









9.321712492853573 









9.629330984312297 









9.244088123801033 









8.76501656323204 









8.562689020494648 









8.873868313124689 









9.134381058222568 









9.345883195906984 









9.358835799440467 









8.989947750787568 









8.870507665412447 









8.620737485301916 









8.80221869488263 









8.595910091044827 









8.57288511780415 









8.471856829133808 









8.328592402287475 









7.9577765184244935 









7.539944138658566 









7.487968090780085 









7.394340933911819 









6.947298755178927 









7.118648171115084 









7.251019194128555 









7.312451397927385 









7.365535670487952 









7.337994570638589 









7.23016956478901 









7.294778225758811 









7.271610297272987 









7.244601858670696 









7.324462878856746 









7.228632040520921 









7.153224486662622 









7.194547012460778 









7.283044286826467 









7.321615940937998 









7.260158876135682 









7.483559756475427 









7.2653454638836195 









7.217395972664739 









7.249514687242362 









7.037031957643902 









7.122097326886453 









7.294505618271874 









7.444010113148244 









7.467894200258915 









7.387882309880522 









7.099584806246668 









6.941832156051305 









7.090790355444234 









7.097553031372537 









7.0630969340474 









7.00004335705782 









6.708323531509187 









6.753158402161958 









7.866984831045542 









9.343444288038143 









9.60338002070428 









9.496900741129098 









9.428204775595182 









9.333941803904295 









9.199900633250099 









8.961437996769059 









9.140094836527956 









9.119395524208363 









9.937698048993909 









10.728707825169925 









10.710320062524369 









10.71239417732797 









10.870925217322718 









10.477046128700344 









10.332176922496718 









9.957575172143448 









10.084449125305122 









10.208119144896152 









9.882401823474625 









9.691565520681703 









9.726477327158126 









9.662658134121024 









9.48271074686339 









9.24686663539036 









8.199235110399473 









4.5592906458675 









4.010986625569997 









4.418486533012735 









4.852942112716221 









4.917967363652859 









4.8458074279715895 









4.880524182764829 









4.933769308097364 









4.686431256863783 









4.777101628425604 









4.857740796129864 









4.8710424301964865 









4.892720261524072 









4.904190265501636 









4.893459974753465 









4.876441036676118 









4.921844883922031 









4.828490497281118 









4.919941058805981 









4.884954051700882 









4.8684728768591174 









4.79637181723027 









4.927958338534284 









4.923094100281971 









4.851066077817575 









4.837943321445799 









4.847326602099817 









4.845220456090877 









4.832892941250671 









4.940786718579035 









4.791396652663344 









4.909153771923495 









4.813952712150972 









4.799958588084776 









4.855508887239462 









4.94413399475742 









4.86569483042416 









4.7664528516259015 









4.8359405940288145 









4.937052813691074 









4.813905554855358 









4.890250551546096 









4.793928070612876 









4.851193868460728 









4.9050485186892745 









4.819263170099282 









4.803305828954023 









4.715324491886728 









4.787034192941888 









4.793705631986693 









4.922811644105052 









5.551430781379935 









6.244297405597553 









6.080723801776278 









5.9193511007951445 









5.89486698368153 









6.294004901471876 









6.60035639042421 









6.675067308146086 









6.456930756202081 









6.8036025162288 









6.857729236747574 









7.1068077327057955 









7.353445231282238 









7.067325886030589 









7.1693838772659975 









7.540852969988397 









7.276670052340462 









7.469584209041084 









7.030555803847815 









6.522289124920227 









6.691676165881605 









6.618758149172673 









6.542231785909444 









6.375962572626799 









6.092870633558159 









5.7223918621024055 









5.852866851296806 









6.172524526335711 









6.154733511139816 









5.793336806891539 









5.572789761021403 









5.63955911072917 









5.748049798718513 









5.676495743620285 









5.691957548088776 









5.8092659988301225 









5.6405697954128 









5.650663755503893 









5.686367277023431 









5.762969899178005 









5.821882533514522 









5.8145504257289895 









5.774957173592043 









5.659840562216059 









5.805837880926838 









5.739377556088448 









5.796371589112539 









5.759322046862899 









5.70392798029089 









5.611778141218029 









5.584344686403855 









5.6996943845764285 









5.653879557120505 









5.576907357903948 









5.538150407549527 









5.7494305981383595 









5.6421352177447845 









5.7526200694260705 









5.713647656687406 









5.870455644695598 









5.91307850370637 









5.659158622545775 









5.631252852724903 









5.6453409445950085 









5.550901745486451 









5.654800280218693 









5.563643318423319 









5.660926400016205 









5.623820736563861 









5.6642482142074275 









5.684550167340277 









5.680567429549732 









6.176237492279026 









6.9402404562410105 









7.528814900269123 









7.396113597903108 









7.244913082841419 









7.7488811914702715 









8.18671013082005 









8.211990138288707 









7.643085718944938 









6.992759758172289 









6.930486085000238 









6.739184981018692 









6.956138500659066 









6.764565439185928 









6.871254501823264 









7.2965024364874695 









7.292198754964178 









6.832482646093151 









6.1546553683383305 









5.911872980644589 









6.149511735064675 









6.608595798802855 









6.6620038115826254 









6.553403514653943 









5.967769728460344 









6.0306126953554795 









5.699030265074769 









3.5586796754551675 









4.470832255645224 









4.79757208777681 









4.865904104580783 









4.783368876632803 









4.699926563625996 









4.830513621230528 









4.783470731813929 









4.7965958501553905 









