0.2 









0.3400549315761545 









0.14789043636608562 









0.12785053680797903 









0.13389727092862685 









0.12990148911428678 









0.1206106037842602 









0.12678135189756423 









0.13470121030642052 









0.13824208201938348 









0.1250545809101591 









0.13266185930701946 









0.1267921914504868 









0.1254187754192191 









0.11538454797630386 









0.11268275188908364 









0.09925822704946788 









0.08722810475980759 









0.081923247826443 









0.07089766331630384 









0.059920755513466296 









0.052022372528481964 









0.052198630731375754 









0.04833167511538234 









0.054417161738368545 









0.04943362607027936 









0.0455016857909174 









0.051731423334175686 









0.04787053051833385 









0.04577695075211617 









0.049600527857766016 









0.047722200141087114 









0.049426570772160075 









0.04900328718160334 









0.05096126360521308 









0.05295179848336138 









0.05739850484696713 









0.06420714863178689 









0.07353533572629369 









0.07955985036346454 









0.08925587401334203 









0.08650420938312152 









0.08958882553498534 









0.08630268405497213 









0.08546328309910153 









0.08819588142243476 









0.08321610878853891 









0.081782988519149 









0.07814086046668894 









0.08332696651828303 









0.09085080700536838 









0.08707002199402718 









0.08101780403013839 









0.08960517756012384 









0.094022651433483 









0.07911736251032339 









0.08237742126148034 









0.08314788763604873 









0.08887069678879904 









0.08623756076917116 









0.09811525217646284 









0.09750744668999303 









0.08642997841464362 









0.08969872795083836 









0.08475801546928158 









0.08660539205942026 









0.08902822176337225 









0.08738306375551821 









0.09376863690459267 









0.08148774635002398 









0.0902653494872108 









0.09064910445524738 









0.08135483391437597 









0.08568921658694159 









0.09547789508389476 









0.09845865532900963 









0.09004397348211421 









0.08756333532664753 









0.09136724463406906 









0.08628313798043404 









0.0818677102635382 









0.09731347324777516 









0.09172428555393862 









0.08735358577616886 









0.07502645209919034 









0.05808206909082903 









0.056502495777491335 









0.059695272604094664 









0.053801001192638476 









0.06014177798072682 









0.05335725310656065 









0.0502044957374725 









0.04821307573077217 









0.05051229350247094 









0.04858945987226586 









0.05227412299558384 









0.04829495293708183 









0.04835473033999134 









0.05142601666014278 









0.05010362427969833 









0.04611359497858106 









0.046734627087579673 









0.04929844135709461 









0.05416214835358915 









0.057053009823390614 









0.06200699960883229 









0.05975619473980628 









0.053684160005548154 









0.050414747420706174 









0.05381347508356623 









0.058176601587542606 









0.09515970223964765 









0.12755607131071983 









0.13625533974932613 









0.13222110852087854 









0.12611084367660136 









0.12868673147047055 









0.13265984366578568 









0.12761777909743333 









0.13498044357757438 









0.12502564079541964 









0.13770601164785112 









0.13054338910342608 









0.13651113417322908 









0.1252578718256662 









0.12768118584164787 









0.1329774726493767 









0.1247571759043182 









0.13144613964454716 









0.12472488653557842 









0.13784369603789054 









0.13639786285761815 









0.12545253759004654 









0.13090864640939878 









0.13556677752884558 









0.1301906176940698 









0.11737315650677904 









0.11758928192299736 









0.1250512321559739 









0.1263552840394885 









0.1293333576481743 









0.12572274432906944 









0.13456337671396162 









0.13451813252304556 









0.13222069859530738 









0.12150014398082389 









0.13888195997518477 









0.1274657262722538 









0.12499585331167282 









0.12984115293787907 









0.13577481697656504 









0.13563069400977346 









0.12614597002728903 









0.12513960947615366 









0.1262118153986988 









0.1354184087494516 









0.1284616357402978 









0.12073718730235639 









0.13292269535011783 









0.12374219972473807 









0.13188638426261012 









0.13729551940753856 









0.13868593399495674 









0.11518402185679022 









0.11481813336140159 









0.09708997431329439 









0.0848629297958314 









0.0827276318361185 









0.07036100917088894 









0.05521369614819059 









0.06535165686980902 









0.05733625958601851 









0.06128524425371516 









0.06346267187887772 









0.06240947171477437 









0.059858502422219795 









0.06093441163254419 









0.048867315217552644 









0.050858488947328334 









0.056047142934392724 









0.05304509401007916 









0.06083161709222686 









0.06538582504657459 









0.05799236254539618 









0.05557927446461081 









0.05698839509180891 









0.051185331937852505 









0.05955798562762731 









0.06429727101676344 









0.06951431398208263 









0.06733842867770262 









0.07324385776359399 









0.06963962801039444 









0.07989335036624982 









0.08984733784802976 









0.10124149826037335 









0.09537154843585173 









0.09194925839822918 









0.10120805274774444 









0.10569191814851878 









0.09808354181176063 









0.0977532131293046 









0.09934195531184721 









0.09769960560139182 









0.09550669990389246 









0.09966443213341673 









0.10431932766025939 









0.09632428715632764 









0.09345154551746171 









0.10152487622469018 









0.10459118943750814 









0.10756887509236002 









0.10164447890813372 









0.11075581927570474 









0.09878537204864327 









0.10599041861890918 









0.09561504347615268 









0.09805357523374568 









0.10109360095693631 









0.10242988026777591 









0.10120286612199186 









0.09753996189497686 









0.09226972773932116 









0.1012558085546649 









0.10295960456103948 









0.10043213346909652 









0.0953116218081818 









0.09933653356201638 









0.09319474188235283 









0.10014707223097061 









0.10727076777850492 









0.10413751311831923 









0.09530114794449285 









0.10554625926747656 









0.09552527216659723 









0.07648746406582338 









0.06088774725871286 









0.06057291216270209 









0.059069934946945936 









0.05593472181625048 









0.05822990006332683 









0.05754285971662422 









0.05562760609702018 









0.05375101962905282 









0.05417820445382916 









0.04976744693761692 









0.05491981630256088 









0.05024063517020935 









0.05347369917777031 









0.053633149659208706 









0.04876096326339156 









0.04922264833864319 









0.04566533453269578 









0.05139259757735698 









0.05534538241776597 









0.05495325377756899 









0.04932517947870559 









0.04516902588955657 









0.04540758497776065 









0.0513918563203742 









0.059947261982904974 









0.08612503424273588 









0.12336222557147233 









0.1326873046015407 









0.12713127954330633 









0.13415300275125355 









0.13285617564157165 









0.1325963614990018 









0.13015591888825045 









0.12273949761910061 









0.13442789274337558 









0.13334309269322953 









0.12088263197832391 









0.12706833703167403 









0.1266065163181172 









0.12713360053773137 









0.1254403276039537 









0.12436608179289854 









0.12466520759763645 









0.1265527134644593 









0.12547900447140833 









0.12769649754756757 









0.11607315209041326 









0.1256999462275291 









0.12658219621166666 









0.13200094790675337 









0.12768967571924297 









0.13161208362585397 









0.12832656763517628 









0.12082606836695026 









0.12721289337018504 









0.12514114798205012 









0.1377582256158672 









0.12968238510187408 









0.1354642263917466 









0.12859437728789008 









0.12272027651140999 









0.12276183099292073 









0.12369355462132439 









0.12518166270994682 









0.12558497511712904 









0.1194799687384285 









0.12841973877810983 









0.12457186903280304 









0.1319594684436803 









0.12066804095702184 









0.13005541844181054 









0.13096630804434195 









0.1377928156075 









0.11756913273986991 









0.13021835292520728 









0.14202449648179355 









0.1464845722516278 









0.14191077891459025 









0.1433655872208605 









0.1576163966774674 









0.1621460622648777 









0.13272339994043625 









0.09503813872721412 









0.08404066783940911 









0.08645606399690932 









0.07586045140156106 









0.06849877046112124 









0.06830892063921293 









0.0749446621563713 









0.07389633719163222 









0.07589424465544639 









0.07032800916175339 









0.06397159946392023 









0.07138376755122423 









0.08508988859943642 









0.08767952308348109 









0.09587620410718967 









0.0747444913374824 









0.08016115577851474 









0.06264253435598133 









0.059081203628106024 









0.055091495995906216 









0.06135762469160064 









0.07627030776233763 









0.07922571261621945 









0.0867871795167755 









0.0812087407691642 









0.08802373943373967 









0.08409743918410573 









0.08271232163987703 









0.08827755331994433 









0.09478841090414661 









0.09912548921511499 









0.09199892424035816 









0.09200453538056108 









0.08414867795423658 









0.09556095102750353 









0.09671044303201876 









0.09752874844734857 









0.0833971843084818 









0.09374852238904917 









0.09417264031895037 









0.09817997226193023 









0.09157737335963201 









0.09199940948696159 









0.08818824928535776 









0.08600657547451973 









0.08455429244183554 









0.08468765192403097 









0.09121431634269797 









0.09146807518387207 









0.09379965019391026 









0.09037205594848528 









0.08885476253213496 









0.08696457015951742 









0.08744441117547183 









0.08877720055881079 









0.08182433775859843 









0.08905907971350398 









0.09284731872729599 









0.09049458830530425 









0.08848275587214213 









0.09110163345174968 









0.09177458146298614 









0.09454273932049496 









0.09019262467073347 









0.08739607795639759 









0.10181378249109808 









0.08803348154651762 









0.06654836854106566 









0.06095042445944815 









0.05972277109977907 









0.058826781135905074 









0.05583495287646352 









0.06744425464100026 









0.06203184794425068 









0.05990910443149859 









0.05695216016098746 









0.05995331669373274 









0.052912425321019106 









0.054269264261436134 









0.059438187763214065 









0.0660032741773813 









0.06076304766247623 









0.054109262919824444 









0.055851261243725275 









0.05843598958429182 









0.05967895067869261 









0.0712319727288796 









0.06806391521181598 









0.06282593697392243 









0.05218536411667096 









0.052494175362640984 









0.055490595767771045 









0.0571455409289585 









0.08621926000342123 









0.1296728035234237 









0.1358616662057067 









0.11560429369352059 









0.12967436573993593 









0.13979690333793282 









0.12778901299009765 









0.12520640389561813 









0.12011409211935344 









0.13511683231210364 









0.1316797174140764 









0.12408556262621971 









0.1233897605749471 









0.12058421718549574 









0.13221206664523735 









0.12445526898233364 









0.1281046848799301 









0.1360139479424567 









0.12474206807669881 









0.12464192429771755 









0.13087023640759554 









0.13446716440327158 









0.12500029815980815 









0.12433000131123977 









0.13769554446115145 









0.13021905164155861 









0.1296401925058168 









0.12893751380499024 









0.12159226718009469 









0.12773626634615065 









0.12663583301985454 









0.12261995769727069 









0.12920743964414946 









0.1332553525445872 









0.12482086176525345 









0.13339365767704384 









0.12484400440763363 









0.12552190099865132 









0.12389675618780384 









0.13447376172871423 









0.12513322739759847 









0.12853212782517093 









0.11984956478464563 









0.13200818269857267 









0.13723272170401413 









0.1379084540539135 









0.1279340448242861 









0.1226411280189809 









0.1248981091058704 









0.12984930892737573 









0.1580249456705072 









0.2372238599767567 









0.34458280425104704 









0.44726040256628563 









0.5629188884353373 









0.604304127498298 









0.5889903496358508 









0.4275647779698548 









0.3056269448533785 









0.26789919870773715 









0.22648618792036 









0.21511255598590012 









0.24309218353854933 









0.26560204800186127 









0.31555931994317304 









0.33121983040877034 









0.2868622371104953 









0.2662807948927933 









0.25685726400958564 









0.24470955852630016 









0.3028613332646839 









0.36001624734954557 









0.4038158975109808 









0.3512690323317944 









0.2440431734210866 









0.06494305931946631 









0.05564891180330507 









0.05689279167668202 









0.057218920049477436 









0.05573781795673733 









0.05919292861572652 









0.061608916382120904 









0.057957323664857605 









0.06164542072024516 









0.060841561227167974 









0.0664499140989056 









0.07373870187467005 









0.06939350091685072 









0.0757102455986642 









0.08359319484934653 









0.07521711812373152 









0.08055837067782962 









0.07114314975377162 









0.07281393154499267 









0.08247688818164936 









0.0737240109881131 









0.07812954290825516 









0.07580363276651202 









0.08449541072645783 









0.07389265573498112 









0.07653345133517944 









0.0792047412425394 









0.07598142781350686 









0.07023143100954829 









0.08062419748532396 









0.07747409174579545 









0.07524223917055027 









0.08070272591199698 









0.08132578292860701 









0.08242424652594967 









0.07626953115946225 









0.07762038741393365 









0.07238139675727837 









0.07926487836553091 









0.0709338891762964 









0.07796826431418785 









0.08188671671366898 









0.07787836382498789 









0.07413686096767694 









0.07277965986705384 









0.08288014513917868 









0.08545303202509133 









0.09996985720110348 









0.09979182700993378 









0.07758938857954342 









0.05885803933563361 









0.06548715734147885 









0.06331788959404064 









0.06521563663353838 









0.07215543531300929 









0.08344666715157519 









0.08147547594999514 









0.07507218797751797 









0.07766894579697771 









0.06664454444937257 









0.06170018229868297 









0.06070373195628857 









0.055852940524652665 









0.06284226147819516 









0.0600194922446671 









0.0729910038300079 









0.07287599625787039 









0.06638092236380419 









0.06556433946181549 









0.0657946754771081 









0.0711521619974683 









0.06160964612625458 









0.05340728911747729 









0.05025235483150195 









0.05904625141525798 









0.0942563115857992 









0.12123324076507594 









0.1335393139644163 









0.13092727715609223 









0.1311408434270657 









0.12783720542409466 









0.1300138794219503 









0.12799739526472542 









0.12841874245165302 









0.13340091973792412 









0.12216052848021497 









0.13333851624197168 









0.1309884233174512 









0.12273503932869298 









0.11864394944682888 









0.13333805125395373 









0.1328396818659206 









0.1247839900016198 









0.13202769777507856 









0.1343436551860571 









0.11980192891768282 









0.1324741659536919 









0.1348828522305882 









0.12099129556860422 









0.12797308904820898 









0.1280373908234605 









0.12429503043911214 









0.12296292226619307 









0.12283106295204432 









0.1224000418166363 









0.12827003209512738 









0.13423741951401053 









0.1262451981792923 









0.12052055503582697 









0.1221506818054512 









0.1186812847994423 









0.12339385573991979 









0.14042065247748067 









0.12333300334895875 









0.12518513939313347 









0.13119401744076897 









0.133804420193798 









0.1250361952914645 









0.13367376548055643 









0.12489205448073445 









0.1307969319701507 









0.1239834258591511 









0.12366368437538623 









0.13017744539286452 









0.1301779705697016 









0.17681353201226402 









0.5149651809330985 









0.8713531936018517 









0.9471557212228842 









0.9791655343028687 









0.9902521001369378 









0.992715128120014 









0.9936616869264121 









0.9934847223704862 









0.9946548372798928 









0.9954019188865186 









0.9947343002402036 









0.9956460829256533 









0.9951213891607075 









0.995428272310444 









0.995535728939249 









0.9949665798928272 









0.9945478291060139 









0.9953231533151738 









0.995712818692273 









0.9968147108948264 









0.997252067185818 









0.9974004312614047 









0.9973986206639937 









0.9959055115135607 









0.941071595989661 









0.4161849470594985 









0.14416969045735073 









0.1184165591340868 









0.11135161488133649 









0.1266904320516202 









0.1329226404040903 









0.1278545717806131 









0.12374796497632157 









0.12584890475155833 









0.13021558574156122 









0.11707721110130659 









0.11801464462777106 









0.12977971091221416 









0.12881839744966098 









0.13511642143924263 









0.12839908959297458 









0.1195867259263562 









0.12558165877416083 









0.11978711432002503 









0.13512115179207834 









0.12128224482938595 









0.12475207450607398 









0.12500281215792378 









0.12258329111045195 









0.12881574024086814 









0.12093246470290325 









0.1324721209906682 









0.136247047988925 









0.12999663609197668 









0.12694448298019176 









0.129495440389993 









0.13564756566259817 









0.12522092079583508 









0.13539727546466598 









0.11481346955359503 









0.12382156963050328 









0.12654306804098517 









0.13335364304587852 









0.12760637292718072 









0.12838114325194558 









0.12708140428347867 









0.13619578578191213 









0.13947020569109336 









0.13228003460635274 









0.13223646221845053 









0.13397608014804613 









0.168101661284143 









0.2933366746694237 









0.5451687959404837 









0.5948348327923814 









0.6612960476139396 









0.7966999530592334 









0.8522048057135699 









0.812761347920754 









0.7661277513338591 









0.8058165635090668 









0.8874328995278316 









0.9259167628386981 









0.9551659330534752 









0.9634579891983235 









0.9696002079293142 









0.974668555260815 









0.9697716844278514 









0.9673450554502246 









0.9715503845240172 









0.9804186282248375 









0.9854047044393014 









0.9879547608692849 









0.9885481119770025 









0.987143599588612 









0.9775971037471318 









0.8726102285437936 









0.396527616702787 









0.14075543847020716 









0.11717150029255216 









0.13998786763518112 









0.1323443548478163 









0.1388818694599801 









0.12501567568447294 









0.13586908321103328 









0.1373750607629758 









0.1331041548522276 









0.1241960813358538 









