0.03 









0.18840650297199282 









0.23767439387069308 









0.19235736263422806 









0.24339398428874923 









0.2582630932280273 









0.24575142028099367 









0.24510966968407033 









0.24643980090935644 









0.2595814989867163 









0.2725716632289889 









0.26501476182629374 









0.2841748352915515 









0.32413518451658674 









0.3574120067373369 









0.3526600196676133 









0.48483692226600505 









0.5914655394348004 









0.6435655185503074 









0.7117344182835706 









0.8852489990410642 









1.0120301164313354 









1.0269272742727287 









1.0756466388959642 









1.054534377048111 









1.066612794025672 









1.048151257906199 









1.0776246448924016 









1.1074347083311908 









1.1317903716748348 









1.0894823347756917 









1.0900827282520225 









1.0543388454189822 









1.0015460936710425 









0.9711182409415833 









0.9596880210339505 









0.920601652603639 









0.777160514616516 









0.6318420839531353 









0.5337158609928492 









0.5212868135703266 









0.49936254796742646 









0.5220530873708503 









0.5091266487169709 









0.5310874853856811 









0.5007102677758174 









0.5317801899385447 









0.5468814475428593 









0.5532597406395481 









0.5157980171621949 









0.4775298567026886 









0.45135301373888764 









0.49420928776376205 









0.48305964901341175 









0.4806442717257969 









0.5181306073114033 









0.46807812430765894 









0.47856974116916107 









0.4888920343274083 









0.46794912350050855 









0.4548602116969164 









0.46349960250446165 









0.495650136298456 









0.4754078162605988 









0.4849593178539299 









0.4527655746478588 









0.4673947412747725 









0.4950440878576837 









0.4997048264081654 









0.5022741880447664 









0.4450736873903779 









0.47114961957523904 









0.5019906293124089 









0.4836511479431532 









0.4563561486588133 









0.4387262074924154 









0.47486600568992915 









0.47833032745088855 









0.4741100300007546 









0.4821933918080507 









0.4816725981486597 









0.43367186512226386 









0.43795985974760976 









0.491393820228997 









0.6951696929446165 









0.9151399977798166 









0.9503632481694393 









0.9229766056953509 









0.869081169814063 









0.8877035624745957 









0.8728992634896733 









0.9894366038926433 









1.1007744643677693 









1.0742727507628962 









1.0404433791925687 









1.0567525557089037 









1.0854402787454436 









1.1207581650466516 









1.0759463869820194 









1.1026350726076504 









1.1206021245126043 









1.0951424020003977 









0.9929961541020039 









0.8516502273455746 









0.8182450764612215 









0.8310008909002802 









0.896009867192345 









0.9371299761671107 









0.9807318192226099 









0.910627624889818 









0.7944229481634904 









0.286977075024076 









0.20977288429620533 









0.20584055494836312 









0.2578312514765087 









0.2611996143905328 









0.25198035311490546 









0.24185556080299894 









0.2521756344397872 









0.2554791117645254 









0.2567042651465548 









0.2648470373744422 









0.26143195164176225 









0.2479312070029668 









0.26278159345758106 









0.24324914987826612 









0.2419612260267782 









0.24817107801289667 









0.2522923067694776 









0.27114479953160636 









0.254291971100132 









0.25703833019560807 









0.24497439852264175 









0.2569010343283721 









0.25712198160666394 









0.25852629409895805 









0.2691138791063699 









0.25161830470341445 









0.25049727496331986 









0.2564825815631865 









0.2520400464577705 









0.2528065893996452 









0.258019173769678 









0.2534528813377178 









0.25796014663122646 









0.2639189010156382 









0.25386205767810843 









0.25237168886525313 









0.24510766235537823 









0.23668416608666676 









0.2559552528753755 









0.2611284819554513 









0.26459065703166496 









0.2640360131104774 









0.24818726906600333 









0.25596819280664185 









0.25155653824753177 









0.2563218101237445 









0.25190659512924973 









0.2597979616246554 









0.2595521385418255 









0.254480035902282 









0.2967257404101088 









0.3884233351349483 









0.4409154360815785 









0.5236886555912191 









0.5472476895071959 









0.6507510947407285 









0.8336215475365437 









0.9102913188180183 









0.8488425988229676 









0.9002936524585858 









0.8814558016108835 









0.8948959821230065 









0.8857898989003788 









0.8944922177856085 









0.9709455792766805 









1.094137961740757 









1.0794310603855224 









0.998966480233384 









0.9755286457389 









0.8676649783121624 









0.8562697356565778 









0.971980761302178 









1.0035296946230432 









0.947973676837534 









0.9051906169769234 









0.7927996594828323 









0.7424897247499094 









0.6958084221114865 









0.6713429697526065 









0.6694764401982561 









0.6485013562408345 









0.5202827519971985 









0.4280332428841684 









0.4276799206967477 









0.4248334669269745 









0.40680313432327625 









0.38554177702414083 









0.39129150158668374 









0.4194642642581481 









0.41310436027932096 









0.39210464754328767 









0.39324507635719813 









0.3954384366487607 









0.415430525799456 









0.4076561607481047 









0.3984888917004495 









0.3850343861650207 









0.3880901099536279 









0.38914956639803544 









0.36405980395598 









0.3883071267219765 









0.37221066148798876 









0.3819823421250719 









0.3753640773699266 









0.41325614573707975 









0.3947672763298761 









0.4173216167764275 









0.3704467043491413 









0.4147589238810159 









0.39559536698097963 









0.4199660790931435 









0.394595221995515 









0.419734954114164 









0.39809066323931097 









0.3610924234557496 









0.4026174394425522 









0.39974680403068685 









0.4206897801177456 









0.3977244734557936 









0.3913983335744095 









0.37245349783505766 









0.400267599039432 









0.43475582853023576 









0.6986503489139063 









0.8555731794747302 









0.8488777707469709 









0.875750880778683 









0.9227346209391363 









0.9334630025365996 









0.9332696383294694 









0.9693234682122162 









1.0086463694229284 









0.9836966243489415 









1.0332384228852185 









1.0122296912656126 









1.0173756788638857 









1.0278752880360122 









1.0335349834901857 









1.0777785343985677 









1.1232891118820199 









1.106179534123497 









1.011326208545575 









1.0147082832069327 









1.0531930440139163 









1.1149499021439837 









1.146209446008589 









1.1069176090560018 









0.9677622530905498 









0.8564932195772381 









0.301218665171909 









0.196723578290171 









0.19754824273389382 









0.2593924644754451 









0.26209593404062115 









0.26829016441379777 









0.24587930486160386 









0.2742766001138979 









0.27531928530543454 









0.2550733141491058 









0.2587244472502413 









0.26526620846516596 









0.2621761349286455 









0.2556916053062792 









0.25131163778279797 









0.26645792237138866 









0.24663452285351883 









0.25603450495017205 









0.2527547514844831 









0.26614936060104555 









0.26180126098083883 









0.26506650434221224 









0.26705122971614 









0.2616724267276249 









0.2591057420828129 









0.25401482014673443 









0.25747559766916317 









0.2594690618604309 









0.25334236518280795 









0.2617222969361169 









0.25383555009554015 









0.23796837753689248 









0.25971967873823126 









0.2541616466385588 









0.26497968521488424 









0.2657400925973076 









0.26976143829739485 









0.2764736612787618 









0.2731448827163117 









0.2616572007446074 









0.2538963171764925 









0.2491890471700225 









0.25479790562760485 









0.2663634048572498 









0.25873260956644534 









0.2473165675433649 









0.2567698881925658 









0.2609012818537711 









0.27663595057285406 









0.25143478111528 









0.2435899700492876 









0.2692650853354081 









0.3592484948274184 









0.38693237645316847 









0.3788899579039911 









0.49636122725915965 









0.6786194039806487 









0.8574463089591655 









0.8833924317106393 









0.9218664777854535 









1.0148504813630295 









1.0219681370819882 









1.0371591067588368 









1.0458124055865052 









1.024944384467887 









1.0040850763425058 









1.027025991905111 









1.10479816021625 









1.0170393282369845 









0.8493814575766062 









0.8070655480643989 









0.8412746767721303 









0.9247398818570945 









0.9852424742236311 









0.9799621701310092 









0.9510428278271321 









0.8713747175165647 









0.7086930160790543 









0.6019308369743628 









0.5105362459236361 









0.48351193714184393 









0.5103849051211398 









0.47262051301343916 









0.4959902016705861 









0.4930894103596591 









0.4970508623884786 









0.4584259836874238 









0.4275889676913249 









0.48589377832828373 









0.4969252680178764 









0.5020525499823049 









0.43524980317045203 









0.45917997773038294 









0.4552100650349752 









0.4904551056786194 









0.47994710303762134 









0.44760634177313785 









0.45009383352134086 









0.457011127669291 









0.4651934603619071 









0.47353749307104537 









0.47982822889316545 









0.4754590081278506 









0.4859699680090423 









0.4793351653136721 









0.4528996744479224 









0.4947476521033004 









0.4767338211033068 









0.4705836190308007 









0.5095917637195861 









0.5096567635916331 









0.5099094371993447 









0.4907179994187611 









0.4544347973447457 









0.46401572612809344 









0.4482704209905841 









0.5065028269591284 









0.46199536411783804 









0.45625340765409245 









0.44891754644711324 









0.4982186955035448 









0.4813908185795469 









0.4984145358188643 









0.6006093821877256 









0.8112976905570184 









0.9289270375130261 









0.907461394869885 









0.9860005632143377 









0.9580022097495616 









0.9086794567764986 









0.909649589821788 









0.921766056847532 









0.9295729792969144 









0.9587549602621178 









0.9621550241400518 









0.9962761845096001 









0.8877065977196074 









0.8558871527464156 









0.9514584138203717 









1.0369459700473216 









0.9878323845604948 









0.9714224170666015 









0.871777031722733 









0.807635178863926 









0.8595300548471418 









0.989243107848633 









1.038430943441112 









0.9803357331146482 









0.9445932054577404 









0.8917667492191088 









0.31837359378431895 









0.20285289333628168 









0.21136231419440796 









0.25956833567399545 









0.2645628535851575 









0.26664999258537725 









0.26041697806832864 









0.2552737928620094 









0.24726016925693506 









0.24959139106839423 









0.24093497422001292 









0.24204232092474356 









0.24603287009293492 









0.2598133667205919 









0.26769137992199465 









0.26700197899167033 









0.26397978445355086 









0.25464059732947614 









0.2580769830345565 









0.24631426969879597 









0.24255737744918113 









0.25636351305044763 









0.25710685258706373 









0.262426511236279 









0.25709652755256157 









0.2605033688238727 









0.24886792411987294 









0.26815289741584086 









0.26580269531586975 









0.2763021478472827 









0.26183103011097725 









0.2583936876991614 









0.2552008929027236 









0.2500132527277883 









0.2570634573732294 









0.24787218894656154 









0.2540220353002555 









0.26569168253168274 









0.2537785398053275 









0.2544015859133896 









0.2559572627818979 









0.2606374645451637 









0.2589554456174394 









0.2593150635724299 









0.26068101481599926 









0.25664592821736076 









0.2639476441158283 









0.2500586224488459 









0.2494083818229447 









0.25201746082327936 









0.2652327247424911 









0.31831143835809217 









0.4082018997771867 









0.45444976094604894 









0.50481629748537 









0.5608849684305027 









0.6953921978185716 









0.8211620004289968 









0.8643942107823511 









0.9501977929578241 









1.0460392716842217 









1.0312872224036191 









0.9298585153930738 









0.8805631605506883 









0.875260856621827 









0.9303454015923859 









0.9881245522504082 









0.9847723995292016 









1.0344016805268832 









1.0028221224811409 









0.9079573915029089 









0.8533393276191922 









0.8865828454702779 









0.9517578181422084 









0.987146237681943 









1.010617554565259 









0.9513006981227441 









0.9065142316951372 









0.8646603008277104 









0.8816169516522759 









0.8586987171330548 









0.8491343106696605 









0.8330138060092406 









0.8197254017185103 









0.7591168089149077 









0.6733303284288759 









0.6569017985703048 









0.64349525803698 









0.571145994266806 









0.5791886645910165 









0.6138631176789849 









0.6283804337046339 









0.6223946594933456 









0.6222511891466802 









0.6030713906624826 









0.6120879178290528 









0.6270025325503076 









0.610344859280331 









0.6118309945842966 









0.6133019781455017 









0.5977418789691887 









0.6052875390043793 









0.6193998292067788 









0.6233765798042117 









0.6143083968130673 









0.6538325747693298 









0.6174849471253973 









0.6016021963056675 









0.5987824257729126 









0.5688058786218734 









0.577301070877275 









0.6220313639828369 









0.6501769824687912 









0.6609373281967867 









0.6447294823213123 









0.5954917162311915 









0.5526568250615985 









0.5724277995297905 









0.5984080597491942 









0.598683990372345 









0.5628542391841346 









0.5198121648730226 









0.4987567898882675 









0.6784237183692405 









0.9416404870771599 









1.0341222361610853 









1.0274278126436203 









1.008146763305838 









0.9947022960691476 









0.9790559665626402 









0.9307062458203308 









0.9654303108574956 









0.9526317305777688 









1.0551938691968688 









1.1827241871863443 









1.1894570796324333 









1.1907136275936876 









1.2099387842158376 









1.175525565004075 









1.1591004006574717 









1.0932477450636375 









1.0962333055555513 









1.135060232132915 









1.088479731526863 









1.0626949930852831 









1.0479314801972244 









1.0364934873455476 









1.0185948586486606 









0.9849290798731632 









0.8880154107084707 









0.3164324596441654 









0.19535626726570887 









0.19527821434469697 









0.26085261837095874 









0.2637620183164041 









0.26332496729134175 









0.2628945650519272 









0.26914741884827065 









0.23686902268519902 









0.25035590937127705 









0.2550213041085816 









0.2604640508736466 









0.26490527200502206 









0.2643874024563671 









0.26648596580000794 









0.26195018825814836 









0.26690977341859806 









0.2554436854363515 









0.2626735192408955 









0.2596365587527857 









0.26344133380289353 









0.24903915475769822 









0.2679117375601213 









0.2668412039085839 









0.259257999272486 









0.2545693109718682 









0.2588036532600411 









0.2577903740029727 









0.2578501548288447 









0.26536159398374937 









0.24934610340053348 









0.254871134726397 









0.2556942535326093 









0.25011202852271003 









0.2504020840207917 









0.26877914221316385 









0.2655638162325125 









0.24602611884702988 









0.25558058406319034 









0.2698231882008967 









0.24939717290738783 









0.26416607035542783 









0.25467130552423417 









0.2588576423754928 









0.27243639523915164 









0.25336922657129796 









0.25038376181263783 









0.23795072834226938 









0.24947437939124167 









0.2533556854841685 









0.2578179181875514 









0.3142981924825413 









0.433851413368697 









0.4129151354988715 









0.39250605299964625 









0.382940914037654 









0.446318863451845 









0.4919356258926216 









0.5152895369225448 









0.4803171677364003 









0.5271124085131167 









0.5424173695104576 









0.5750646672906179 









0.6337298280464645 









0.6022008601115328 









0.5882213359870171 









0.6644114657562198 









0.6283861483069948 









0.6423134630767634 









0.6091919616526474 









0.4815610997322876 









0.49737125485244565 









0.501673882987964 









0.4957198925636403 









0.459137432601626 









0.4267839744775497 









0.36941412323475065 









0.3710013490472279 









0.42573290944554476 









0.4315285245425493 









0.379975342643633 









0.3407708562555057 









0.3416619482489875 









0.36302945502780337 









0.3512699599059475 









0.35566912393854255 









0.38394092796319473 









0.35612057178450474 









0.3441851605525702 









0.35854871526746823 









0.35722243294882416 









0.3804226731329644 









0.3742202022989605 









0.38295426894280965 









0.35469613156668806 









0.3671921436849444 









0.36491109436079233 









0.36684355116294287 









0.37330926186986896 









0.36155974659141077 









0.34356582414983233 









0.3464525184791218 









0.36641330484515866 









0.346225828528616 









0.34877818112734704 









0.332125715912688 









0.36224301715141816 









0.3422922004430494 









0.3799434504391551 









0.36759466438473853 









0.38962637475927714 









0.3998688321318783 









0.3707034056891071 









0.3630425060737082 









0.3564163393822442 









0.33996896300030605 









0.3647849162592379 









0.34478049555936063 









0.3608484406870036 









0.3534915917235702 









0.3590267684690178 









0.3522528045045142 









0.35262762518462376 









0.41769810832393445 









0.5230218357799195 









0.6773524789591471 









0.6531678804554322 









0.6021443978742145 









0.6892157191293005 









0.7759428109401207 









0.8011101464836818 









0.694430435512978 









0.5736039018500645 









0.5653316483279517 









0.5113566863112988 









0.5518344182589067 









0.5288476648545881 









0.5266104171859982 









0.6280472083843663 









0.6227157667447984 









0.5568103374939195 









0.44192971503484685 









0.3897892499899575 









0.4091014675494436 









0.48935048589442354 









0.4992110802311543 









0.4922241002678731 









0.4229179139822598 









0.40090550890262894 









0.4219515273979265 









0.19824795066974463 









0.19846483228426015 









0.24963575332528304 









0.26079862764500344 









0.24412665422621835 









0.2365140758778386 









0.24953679650445867 









0.24624254330205714 









0.25431399135915694 









