0.2 









0.00026192006369992664 









8.438764389311624e-05 









7.083509758340885e-05 









7.467065133096409e-05 









9.137359916217312e-05 









6.645251428320269e-05 









8.919765744787845e-05 









7.936182630051831e-05 









9.089736891413446e-05 









9.474983198692889e-05 









7.676989623309902e-05 









8.810438299266138e-05 









9.149330135119205e-05 









0.00010016061115808003 









0.00013432918425816453 









0.00014242329545184366 









0.00016376994975427108 









0.00025659443165863393 









0.0001966413736220104 









0.0003043517714606593 









0.00031979118098640624 









0.0002917674770321172 









0.000358501897375061 









0.0003057995809857418 









0.0005386270635538491 









0.0004494186645810535 









0.00041201427715675234 









0.00042749189745602 









0.00036146973102368836 









0.0003617531871054012 









0.000513611632326838 









0.000322960608482388 









0.00035299181109684364 









0.0003703578585183828 









0.00033949476002528676 









0.000280053756118223 









0.00020546573084114818 









0.00015625309497300277 









0.00011085817860572152 









0.00017625633271235757 









9.08120586777119e-05 









0.00017153668682681902 









0.00011328304936178093 









0.00014924665005041585 









0.0001260456388531799 









0.0001759127284324416 









0.00017877959945178373 









0.00013303143475496115 









0.00011889296993028148 









0.00014527729155681452 









0.0001370388516100485 









0.00011674606267019817 









0.00012286921656435017 









9.883715420929516e-05 









0.00014699826815153645 









0.00010321728215771756 









0.00010190584056250665 









0.00015417993773040272 









0.00012542091115641887 









9.846805028083775e-05 









0.00013367981882652966 









0.00015544344025315656 









0.0001133419994685998 









0.0001576094862241523 









9.715329371527906e-05 









0.00011190417287240814 









0.000142816582074552 









0.00014005698163358423 









0.00011476595865732703 









0.0001078749686028624 









0.0001278563873175035 









0.0001091180425686725 









0.00014144919144693717 









9.301949419503812e-05 









0.00010452346110940603 









0.00015291669397031338 









0.00011740103312340533 









0.0001224256283755955 









0.00014410687345144783 









9.905833695396566e-05 









0.0001024815631267949 









9.688817953289568e-05 









0.0001279629241866831 









0.0002839042678068118 









0.0002908803927080564 









0.0004115772043559486 









0.000294287489108324 









0.0002861298664628843 









0.00022781190348045404 









0.0002180404189838177 









0.0003771960768459903 









0.00042645967991378854 









0.000546638832394718 









0.00043144187080537016 









0.0003641822443983184 









0.00044380943233169484 









0.00034922745292830204 









0.0005818357006224661 









0.0005870288617478641 









0.00041968040333396103 









0.00039561198371133833 









0.0002974824906539655 









0.0003368989485547495 









0.0003368586878714291 









0.0003201898182523021 









0.00034066594849614987 









0.0002879269212082197 









0.00024650305027627514 









0.00030946732665033884 









0.0002659234932511456 









7.263991910359614e-05 









8.766539512110411e-05 









6.55675999005344e-05 









8.858969252372447e-05 









5.349383287000897e-05 









6.969855604421319e-05 









7.652107237887752e-05 









7.605898472515244e-05 









8.801250381348241e-05 









7.665952532662405e-05 









0.0001008390987498478 









6.161554380773976e-05 









8.348226120435927e-05 









7.971758524106258e-05 









9.33503103213326e-05 









7.544810461467348e-05 









7.25733206717799e-05 









7.778495367550463e-05 









8.418619285122477e-05 









6.622712225188485e-05 









8.799231610312562e-05 









8.439060928737982e-05 









7.769798598771056e-05 









6.641483467825779e-05 









9.596812411072207e-05 









8.373294267319587e-05 









7.307655750556668e-05 









7.058048520517379e-05 









7.149291715479184e-05 









6.707642103169777e-05 









6.389660126810572e-05 









7.950824416493594e-05 









0.00010021147090053187 









9.401177784299243e-05 









5.9331549522486975e-05 









8.561321415700944e-05 









9.459032413322333e-05 









8.133867007474715e-05 









7.706797889726671e-05 









6.568602675979457e-05 









7.798018456458698e-05 









8.898709589543776e-05 









8.690963453860457e-05 









7.750349023505869e-05 









8.02934203903555e-05 









6.319005257061878e-05 









8.383599504483674e-05 









6.069550840516437e-05 









7.655515920673828e-05 









6.154560582872357e-05 









7.933400001401679e-05 









7.969022287542123e-05 









0.00011933711623757305 









0.0001173711665938755 









0.00011236017547720516 









0.00010990619978184146 









0.00024193211270503198 









0.0003612422334204795 









0.0002678512184789264 









0.00022721807839689635 









0.00022542500886244384 









0.0002540803268074687 









0.0002915249015584234 









0.00028311855862012006 









0.00026004603121183953 









0.0002558583462268706 









0.00041847528719307327 









0.0003637028686599078 









0.00033038978205055913 









0.00030374903115434296 









0.00021960938113867287 









0.00030592559604585815 









0.00023937160404242943 









0.00039923160763644664 









0.00024007724092531274 









0.0002511247544121731 









0.0003057031373406913 









0.00023336514142313023 









0.00020831313018478814 









0.00020395219634850617 









0.00014592561548060383 









0.00020165683455650255 









0.00014100895355960305 









0.00011920061710632597 









0.00012347121440435863 









0.00010962013876781585 









9.689428987855392e-05 









0.00010354019952723153 









8.132565867961298e-05 









0.00011052499120719293 









9.730339234487734e-05 









0.00013330931036300748 









7.397536891542888e-05 









9.604031467760969e-05 









0.00011427430672452762 









0.00012695709687353857 









8.846486287735202e-05 









0.00011706415007061521 









8.151554619406313e-05 









0.00010850402442482519 









8.620614540339036e-05 









0.00010102202548225478 









0.00011380768208084282 









7.640623499300655e-05 









0.00010359735649192474 









9.023860408438905e-05 









0.00010666086520435243 









0.0001045973366539538 









8.899453056957959e-05 









9.55698612200015e-05 









0.0001049232214496748 









0.00011961314512375686 









0.00012669350822280232 









0.00012139750599315477 









0.00011377824960576296 









0.00011692644546036526 









8.621242141385026e-05 









0.0001293464910960453 









0.00010030592334874788 









0.00014195643136671074 









8.160932788072872e-05 









9.725289990861416e-05 









0.0001347299720394531 









0.00012426335161816812 









0.00026594896276261855 









0.00027691986918193957 









0.00030251605544945976 









0.00032878139608371145 









0.00030970632612121123 









0.0003543203658972621 









0.000311624440386674 









0.0002679583347497801 









0.0003672725280831885 









0.0004725882354658213 









0.00031754930868251605 









0.00039003729163816336 









0.00035052934613676956 









0.00039565334948068196 









0.00048600183220858314 









0.0004260169979402371 









0.0004916161749970587 









0.0003780178534669124 









0.00027270923083307937 









0.0002487060492125149 









0.00047659908743293917 









0.00035020020186556723 









0.00041874143639405786 









0.0003245405506027924 









0.0003530025205249723 









0.00028212353515662085 









6.551169108304984e-05 









8.792831106458975e-05 









7.63461167751434e-05 









0.00010051743745255693 









9.890158679766457e-05 









7.712719543331592e-05 









5.1541732265515314e-05 









7.290036074205256e-05 









6.982338440330952e-05 









8.08996178031594e-05 









8.800021156324357e-05 









6.808380531210428e-05 









0.00010407356476700277 









5.953711878929008e-05 









9.181950983913804e-05 









7.537927126227142e-05 









7.516026598991958e-05 









9.021792768695917e-05 









8.984195394385751e-05 









9.599444095969126e-05 









9.702246867817089e-05 









7.987754653841294e-05 









8.98830955966693e-05 









7.111456613347731e-05 









7.814233344437713e-05 









7.326556218811179e-05 









8.796189831073066e-05 









7.745532838723378e-05 









6.623894816777667e-05 









7.441503978123545e-05 









8.488683466452012e-05 









6.796926435996399e-05 









0.00010843170963470681 









6.290145408411616e-05 









7.957489122735131e-05 









7.703894389640359e-05 









9.34105488891462e-05 









8.68798970093148e-05 









7.818409929220924e-05 









7.677135965120766e-05 









5.670970226180676e-05 









7.844666060571919e-05 









8.275397344072683e-05 









7.47037831494953e-05 









9.162063451383852e-05 









9.89858096687633e-05 









8.891234232483606e-05 









7.763553396030881e-05 









8.055559111489784e-05 









5.776169732996337e-05 









8.091672088307774e-05 









9.49706173865714e-05 









8.214969943950465e-05 









8.910276943898197e-05 









0.0001025776897837766 









0.00015774980881420238 









0.000260994472648959 









0.0003137846742069253 









0.00024196898236301042 









0.000412707725936879 









0.000263577376498347 









0.00038539075624037945 









0.0003353781286486799 









0.0004882436957104627 









0.000422796294032549 









0.00036083216445120017 









0.000367169267171015 









0.0004499602608253227 









0.0003352765543896221 









0.0002152667346712965 









0.0003050257776274701 









0.0002261170318768568 









0.00025090264033583823 









0.0003746865816584955 









0.00029239832064577244 









0.0002938643937052035 









0.00021049027216834372 









0.00018864967760141838 









0.00012039518810278972 









0.00013201538378074815 









0.00012473478853586615 









8.238281500607525e-05 









0.0001099652073927962 









0.0001569875511180816 









0.00011342772432242677 









0.00017081075186014077 









0.00012411793970106336 









0.00011367514964156242 









0.00015452355764327872 









0.0001320703440828543 









8.792465224878708e-05 









0.00011951766114736765 









0.00014294202467921068 









0.00014162440116628755 









0.00012993611947592819 









0.00015122500602594337 









0.00013315177217317135 









0.00011690063008619071 









0.00010842468097433094 









0.00011303787350493803 









0.00011045890306248473 









0.00012999300798106168 









0.0001236553756270013 









0.00011272965297123323 









0.0001222739801872571 









0.00015847872038777483 









0.0001367472745084239 









0.00010222867754326975 









9.15005971598139e-05 









0.00010861112537993825 









0.00013394204962509587 









0.00012234328461645485 









0.000142499337323275 









0.00011863486902430399 









0.00010585904473142718 









0.0001166462718080686 









0.00015733035659017507 









0.0001366238017079672 









0.00014704013827843956 









0.00010037485898106458 









0.00014516428177569737 









0.00010031767019024203 









0.00011701065121435073 









0.00020059408548945166 









0.00023616307188749868 









0.00030463654068024645 









0.00023707874598365134 









0.00032432177921894634 









0.0003315476694387339 









0.0002246597055587285 









0.00039304687276992716 









0.00027555964048124593 









0.0002912248915722512 









0.0002837460148663825 









0.0003348249757932287 









0.0004053897196588048 









0.0003215050479825615 









0.00021354271166353309 









0.0003693424723203117 









0.0003873478796808649 









0.00037344701169766183 









0.000286530309655187 









0.00028253070325757784 









0.00022297674571846262 









0.0003444736162777232 









0.0004560633363118595 









0.00037199205999838324 









0.00033660338384015626 









0.00028116024539122587 









0.0002284634005363242 









6.0129057550689176e-05 









6.0958356214609535e-05 









7.11511610696178e-05 









6.667481071343092e-05 









8.292290391265415e-05 









8.141430600194018e-05 









6.275924873205001e-05 









6.749386214494601e-05 









8.287819109772192e-05 









7.213133449460136e-05 









5.912199338576938e-05 









7.997132298505538e-05 









8.594662184660571e-05 









6.25970367288924e-05 









9.476641505672672e-05 









6.377916600441323e-05 









9.9387727466304e-05 









8.004020435797198e-05 









8.385387383698344e-05 









8.215330131822879e-05 









9.988409601035853e-05 









5.974016275477838e-05 









6.661981022290956e-05 









9.128445762043744e-05 









6.967933056320887e-05 









7.680443085916899e-05 









7.009497758475815e-05 









8.691068794277454e-05 









0.00010379240147597685 









9.843158239813876e-05 









7.661369279044412e-05 









8.614121579859853e-05 









7.709567321853676e-05 









9.479464960709571e-05 









0.00010006381752099345 









7.040555811294619e-05 









7.593784563912883e-05 









9.273168722683274e-05 









9.547715423715067e-05 









6.12077351599558e-05 









0.00010378874224763554 









8.456614400979923e-05 









7.293117571747183e-05 









7.370311934242504e-05 









0.00011067739950295238 









8.30364304108512e-05 









7.308641734111722e-05 









9.018929000893417e-05 









8.900146962521384e-05 









9.741700197583016e-05 









9.543975479120293e-05 









8.443927663985085e-05 









0.00013022510784057862 









8.902415359628507e-05 









0.00016920432933780182 









0.00015363424084192495 









0.00016791486248790666 









0.00024295140247907902 









0.00023823329993726878 









0.00030896973450977996 









0.0005160103694997358 









0.0003486737414128203 









0.0003780866698748931 









0.00031894460493044605 









0.0003131159255474882 









0.00033139061336965464 









0.000446761371372371 









0.00036583417846789334 









0.00031973181105731264 









0.0002662132937830404 









0.00031262728402052444 









0.0003276954806184698 









0.00026907754338881045 









0.0002883420079825457 









0.00036704073023571663 









0.0003838781973838992 









0.0002924803256524949 









0.0002944757557705203 









0.0002963528593041598 









0.0002719182395168155 









0.0002216606536709887 









0.00026925554569511186 









0.00024263388319897578 









0.0002291999980319629 









0.000268920660912232 









0.00015164017454788115 









0.00016635728875959803 









0.00012893105319382596 









0.00012291678569938808 









0.00016351967779621644 









0.00016287021311542675 









0.00016190167267528607 









0.0001250771996976032 









0.0001678518642483864 









0.00015637205385954405 









0.00020993183194966092 









0.00018228886346624343 









0.0001375998185567491 









0.0001292551780159412 









0.0001721006726111023 









0.00012493741893530332 









0.00015475475708749283 









0.0001963636560972224 









0.00013301236474657933 









0.00020797752945338367 









0.00021413137047210894 









0.00019985099809705597 









0.00013555130964144362 









0.00020045904848095135 









0.00017928578376939384 









0.00015649566453001932 









0.00019038204637802822 









0.00024074012274262805 









0.0001402218469386139 









0.00019301898420558524 









0.00018886677848273936 









0.00015517385105547857 









0.0001879241973559782 









0.00020904984265549253 









0.00016519944070482933 









0.00012621922796534593 









0.00012011189166537191 









0.00010269028438980303 









0.0002449782225253248 









0.00032451588888141145 









0.0003170321725725557 









0.00043048604221484636 









0.0003164246775989719 









0.0004383274950123827 









0.0002896548414648109 









0.00038442726170042187 









0.000297033450823893 









0.00029396487878500025 









0.0005169497509390773 









0.0003929800245051331 









0.00042436761136668946 









0.000597072351983464 









0.0005773314087630467 









0.00043755913642376607 









0.00032714918647535165 









0.00040598923231519957 









0.0005230646926203268 









0.0005656747907397254 









0.0004905401254946928 









0.00032499351989746426 









0.00042624815915615934 









0.0002974678534471295 









0.0003688313995526039 









0.0003469875472235281 









0.0002681852576136784 









9.118085894501438e-05 









5.847891565931412e-05 









8.253565378838069e-05 









8.326709147481535e-05 









6.339231093602623e-05 









7.582022008869377e-05 









8.171077355763521e-05 









8.633684664518192e-05 









8.233960018073835e-05 









7.87176626496811e-05 









7.9824347948025e-05 









8.942925875272254e-05 









8.376452208856247e-05 









9.931318628407629e-05 









9.48339701784088e-05 









8.583461378480584e-05 









7.210547179342056e-05 









0.00011017511872928208 









7.984509476628791e-05 









7.810418878375921e-05 









9.72807033236502e-05 









7.815366581753763e-05 









9.22112132972415e-05 









9.188880487889675e-05 









7.734571967253732e-05 









9.566722785909809e-05 









7.483605130854629e-05 









7.696371175656768e-05 









6.162327315857268e-05 









0.00010975715802135799 









8.107722541287497e-05 









7.97791627495077e-05 









8.23552268633823e-05 









6.783029542905529e-05 









8.439905502130986e-05 









9.365588407937992e-05 









9.132682384411016e-05 









8.659007656189635e-05 









7.43992144056148e-05 









8.722334562169846e-05 









7.474438844875374e-05 









7.724481182402708e-05 









6.634612729098376e-05 









7.625435417730664e-05 









7.550328650433017e-05 









6.977079959452571e-05 









8.315581326964992e-05 









5.679939809129865e-05 









5.2618553400289966e-05 









7.226821424084569e-05 









7.667338784531679e-05 









0.00011828255091453336 









0.00011662119185394994 









8.779736849756224e-05 









0.00011179890408305278 









9.425559731874916e-05 









0.00011213448015305033 









0.00016605481378658305 









0.00016663819962244952 









0.00011978320226227338 









0.00017377794752769518 









0.00016270675555046338 









0.00014800653534626973 









0.0002002880009622476 









0.000170993664956719 









0.00011867558693274339 









0.00014139383159022132 









0.0001747542403845699 









0.00015538592026793054 









0.00013490100352122155 









0.00015401349790350807 









0.00015546172435257547 









0.00011673120184287625 









9.652938288081997e-05 









0.00013057247114015588 









9.601958732215524e-05 









7.898972057771498e-05 









0.00012359650075704107 









0.00013518981982622071 









0.0001179609056226856 









0.0001294357241180129 









6.747630180443262e-05 









8.44583807490171e-05 









7.133442574175619e-05 









0.00011930595005652025 









0.00011750119006496089 









0.00011184950164233858 









8.94399035404299e-05 









9.585316075479326e-05 









7.545793877880835e-05 









9.060493494020619e-05 









0.00011313153445043059 









9.898786564223337e-05 









8.280283708620158e-05 









8.549927709983361e-05 









0.00011624739557258715 









0.00010908082920717933 









9.309111164717846e-05 









9.335700396720793e-05 









0.00012448584271732629 









9.798613732235999e-05 









8.269521095360304e-05 









0.0001083659565112127 









0.00010929949934226384 









0.00011135638719173737 









0.00011171730119558761 









6.960365309030612e-05 









8.529711010418301e-05 









0.00010907415009340924 









7.814733363218855e-05 









7.628335026973196e-05 









0.00012130746594947209 









8.54007962371121e-05 









0.00012177015504728116 









9.721895828234133e-05 









6.91009229559078e-05 









9.68265890427309e-05 









6.582904483181046e-05 









0.00010950160534090145 









8.702889920330888e-05 









9.095102919284125e-05 









8.366363234352145e-05 









0.00013645408804992054 









0.00011539776950560045 









0.00012641750809619617 









0.00018755917137501044 









0.00015938824648056198 









0.000166449883796604 









0.00020423304416463544 









0.0003286269673663989 









0.0002915975680325757 









0.00018370355005597008 









0.00011951988536003602 









0.0001729437889353456 









0.00014535305576176394 









0.00016215307900666306 









0.00013068165211864148 









0.00018118979608407375 









0.0001515975803811232 









0.00018169659998638015 









0.0001659560612299494 









0.00011128947323588945 









0.00012203795779602034 









0.00010736277443544488 









0.00012847830793590975 









0.00011248822514293476 









9.896025866746173e-05 









8.842062240849529e-05 









7.974710045787113e-05 









0.0001402379358276286 









6.311675814914098e-05 









9.505778911047414e-05 









7.56360176236416e-05 









8.440168635040799e-05 









9.565300977060667e-05 









6.426957782596507e-05 









7.482277305798638e-05 









8.76187140077067e-05 









8.029518509844474e-05 









