0.03 









0.7160603671000969 









0.28430822943666917 









0.19515166861016695 









0.20211114453537826 









0.18943728838858406 









0.18534044353305468 









0.18817217816557102 









0.19850973863553786 









0.20887994470370824 









0.19177905857349817 









0.19648879664871005 









0.19403312329358105 









0.17946505612983052 









0.17652017330162806 









0.17182993539182798 









0.16629134776263166 









0.1346185460844238 









0.119901034390759 









0.10960740795478495 









0.10249167540887337 









0.08382700622992857 









0.07922145102819023 









0.07387564057261185 









0.0756036804697709 









0.07607386468244828 









0.07080618947924777 









0.07401775866556148 









0.07459356862030796 









0.06969272573584329 









0.07015815507342553 









0.0754386768610058 









0.07139769790901818 









0.07449127725784921 









0.07677362986393539 









0.08090446883312993 









0.08155679480907152 









0.08800599066791304 









0.10073150989186729 









0.11798542382142864 









0.1249126049212481 









0.13185204226031144 









0.13280418236334612 









0.12951444803338236 









0.1332037648728998 









0.12566540219685293 









0.12938888234884469 









0.12392767115527861 









0.12370921434859977 









0.12228653184975154 









0.13560769622445207 









0.13273250211114865 









0.12630668714141485 









0.12598970335928847 









0.1276796143545408 









0.12896410879549702 









0.12737286668786807 









0.13599557986518768 









0.132084591583208 









0.13736791327601897 









0.13663962413996023 









0.14244061818087175 









0.1325179408282501 









0.13398572015900886 









0.13128879637861474 









0.13057642423124086 









0.1331970775368987 









0.13545737977031483 









0.13725028224953637 









0.12598053441068602 









0.13002232767686067 









0.13646015393998856 









0.13228036807977778 









0.12626634445867702 









0.13791945357751711 









0.13637912047996076 









0.1372726839838082 









0.13851906864164862 









0.1320151989819684 









0.13630242258408623 









0.12560670198667143 









0.136352204359016 









0.14226717405094164 









0.1413702430404786 









0.1248207593600468 









0.09684823331311798 









0.07822777292959134 









0.08662621570201842 









0.0852030802139564 









0.08651210481035226 









0.08426685091715116 









0.08263980636756435 









0.07636691405859089 









0.07172720656425641 









0.0755958818457582 









0.07336096974716441 









0.07344769715556312 









0.07169892959588739 









0.07277392934761756 









0.07231343182753637 









0.07070838879808673 









0.0689083144180398 









0.0721539987019104 









0.07842018627776916 









0.09128979779212394 









0.0914128589964242 









0.0905015258730513 









0.08329105831730929 









0.07788941542042169 









0.07838246699005733 









0.08759013428822172 









0.10960368266520987 









0.16446260322307096 









0.19566592309184433 









0.2014537358770961 









0.19191881207406541 









0.19305694632274087 









0.19596315378912305 









0.19636753417485253 









0.19531079045636174 









0.19923247128997276 









0.20069298340346128 









0.2007866688154387 









0.1983989076476233 









0.19379400539414124 









0.1986424748208001 









0.19533563631681783 









0.19277984111100385 









0.18984046797090712 









0.19360130396468367 









0.19391328628296192 









0.194971174964038 









0.19582815444371324 









0.19402404359465797 









0.1974565897910559 









0.19361591354871469 









0.18834932482415975 









0.1823825705381513 









0.1901019557234371 









0.18737132886815636 









0.19196795336767333 









0.18830476329776746 









0.19756009406289102 









0.19632845906217716 









0.18514520510559468 









0.19633634277539966 









0.192259094006009 









0.1990236985886088 









0.18631466671847488 









0.1958236366441463 









0.1980513247764247 









0.2056147885470296 









0.19641663490253755 









0.18687164894962152 









0.18877433621563366 









0.20620766175948682 









0.19935269132280775 









0.19029710606195385 









0.19509859602775095 









0.18528120785691538 









0.1866097051528144 









0.19809831642749612 









0.20207892761779195 









0.18028076967140594 









0.16993282418817846 









0.15661945869973828 









0.13558919127617627 









0.12821890526087612 









0.11058951140342238 









0.08963665320725274 









0.09440085838804725 









0.09232104368619949 









0.08611397749419716 









0.09437814059608539 









0.09125458773861986 









0.08825238207208692 









0.08888472894913792 









0.07821824183766014 









0.07249492112253988 









0.0798279301688833 









0.0862508013683908 









0.08801890576338041 









0.09415778369839391 









0.09265929703438508 









0.082469413582397 









0.0806373587000394 









0.07920858404614387 









0.08501505381360148 









0.09599081034999263 









0.10133984585926807 









0.10029164866781938 









0.10326994361654912 









0.10520193518655689 









0.10962028946936878 









0.13084551635373484 









0.14960291145175636 









0.14321433083851703 









0.14285323392497665 









0.14774838177915506 









0.15350106974286526 









0.1434766146001488 









0.14914916745680784 









0.1426777701747916 









0.1470446102351371 









0.1448954882130577 









0.1507718925469617 









0.15255600588157955 









0.1453178935539675 









0.14986020438619704 









0.1492985963943974 









0.15415354540065135 









0.15843282011422855 









0.146973299588598 









0.1543745236334212 









0.15197362365409792 









0.15216128259466474 









0.14794556986819773 









0.1454317517592183 









0.14585108235725855 









0.14680952388335491 









0.15681560873567896 









0.14577647612328465 









0.1437024191485506 









0.1446297473108737 









0.14287268003571812 









0.1484448846894417 









0.1492233074664993 









0.15631759768902093 









0.14357745535260852 









0.1501686783356058 









0.1518316204985735 









0.143820354489888 









0.15476096718857474 









0.15260864089142398 









0.15143014513391578 









0.13743606778694004 









0.10227146556218904 









0.09195248124806644 









0.09408152150456406 









0.08236100966149536 









0.08500859674094755 









0.08170135717740917 









0.08393843582389093 









0.07927908120618142 









0.0822206895145551 









0.08021101744477621 









0.07892724647931074 









0.0771868362921174 









0.07988183166748486 









0.07575450359174703 









0.07489566213517644 









0.0739689692580377 









0.07147532750729889 









0.07557168462195062 









0.07891541520184941 









0.08198902185516732 









0.07560652392678459 









0.0696652750614864 









0.07069001881282279 









0.07418705359861599 









0.08365238097454741 









0.10167982052953782 









0.1669810071252299 









0.19379480424544893 









0.19832154681592978 









0.18245640071979416 









0.19546611670682434 









0.20062534424263354 









0.19531120450849054 









0.18821945737289048 









0.18799166098949818 









0.192040162602801 









0.1844470767119631 









0.1875964452830973 









0.19113484975477704 









0.1921852757404191 









0.19044814714693697 









0.19119412869674401 









0.1940662076030767 









0.18846445600141362 









0.1859318921328922 









0.1964399174947635 









0.18256194283101312 









0.19278898064564456 









0.1842783664645638 









0.19336746241884567 









0.19456723514520485 









0.19384853254026266 









0.18732111162495801 









0.18695290874144188 









0.1923147872013978 









0.19191200090852364 









0.19859637415834688 









0.19570718150644645 









0.1942631710544395 









0.19127221460613264 









0.18914793006120442 









0.1895517517013581 









0.18772392483007022 









0.18384053457952854 









0.20116270475665277 









0.1912829316896151 









0.1920564905693686 









0.19300957997338541 









0.192001658310509 









0.18656457222910772 









0.196041374702188 









0.19289129259985663 









0.20164689019693832 









0.19516574342803789 









0.18574634027082312 









0.20443927834762332 









0.227798982168237 









0.22733831303742635 









0.2139419009951027 









0.21984438605240533 









0.2529655410852629 









0.20445561466427534 









0.15985108554973385 









0.13045591184468946 









0.12376009026096807 









0.11711606774392017 









0.1083320032517929 









0.10222404719193887 









0.11172283235391638 









0.10358230384380715 









0.10606018797653244 









0.11399496806427344 









0.10321182659937883 









0.09709068225966493 









0.11341108359443006 









0.12895574171717783 









0.1372769617346603 









0.1301961414272924 









0.12179141622103339 









0.10740177820353258 









0.09290224201829195 









0.07937520395398176 









0.0896340150356762 









0.10698144172494004 









0.11604282786929287 









0.13231905779438774 









0.12210072032941277 









0.13201140064941647 









0.13158594712358296 









0.12595462468581775 









0.13386946561842758 









0.1345028873379655 









0.13976065422408956 









0.14200691156469158 









0.1321863809060502 









0.13179848646667316 









0.1314676896163629 









0.1371032031232335 









0.1399368426955166 









0.13854501710996345 









0.1322236921811566 









0.1364405646796197 









0.1409450670325993 









0.13627111388606727 









0.13821066483985073 









0.13578133492922523 









0.13517760175326268 









0.1328068834858383 









0.13497627216267769 









0.1320343866962294 









0.1358098459467416 









0.1349736580261383 









0.1358579976997946 









0.1356746721468959 









0.1379944812045849 









0.13037969000654662 









0.1307533909642479 









0.1284158070734909 









0.13158280375393086 









0.13821612035728048 









0.14122241453168685 









0.1383516276505289 









0.13191975084242671 









0.1412339561316737 









0.13955701307261528 









0.13439006162125078 









0.12881195324470768 









0.13931699661082642 









0.1418168375980944 









0.1137672689950126 









0.09151552661957885 









0.08990458258918094 









0.0870887145247255 









0.08353371742756216 









0.09085627793017106 









0.0948685842826954 









0.08877398257073774 









0.09520755917499651 









0.08702735968301537 









0.08650594417788379 









0.08198334146089087 









0.08462345881676145 









0.09411143439931914 









0.09391921760848133 









0.08683942925084057 









0.08125411229753275 









0.08589482176432195 









0.08744207928511748 









0.10217030054528947 









0.10237675666025009 









0.09085483693299114 









0.08322367158290211 









0.07595603320886136 









0.0793355811611729 









0.08430165861617872 









0.09513463805717463 









0.16562549018892359 









0.19126761210540355 









0.19057932400876287 









0.18009305778416052 









0.19503403203524086 









0.19555515910345406 









0.19658807402009978 









0.18387087219157466 









0.19559122522265998 









0.19685469023657814 









0.19787493525158378 









0.18667103997548212 









0.18325712440701616 









0.18946069623061376 









0.19846790083100546 









0.18602358792291945 









0.1895563460608103 









0.189770954440784 









0.18335132378067115 









0.19830815154468395 









0.19854238331020627 









0.1855810848132437 









0.1898774009639292 









0.19113363311987497 









0.19764632899433165 









0.19429369783470998 









0.19325516752640998 









0.18780543470149688 









0.19428364260792302 









0.18634453094776646 









0.19052660704709826 









0.1880048961599488 









0.19402621200020148 









0.19712193762686403 









0.19658874204625104 









0.20276937349735139 









0.19023687684892815 









0.1866710185622272 









0.19519707674634856 









0.19384657338777267 









0.19429106580037978 









0.18558917992491017 









0.1908283410105232 









0.2091704061244058 









0.1969685262860427 









0.19597129285376874 









0.19285349728963738 









0.19131823176689805 









0.19545349974020584 









0.21762286069403944 









0.3009123078506452 









0.4153621528356585 









0.6066712572393916 









0.7960011803268868 









0.8796320854130959 









0.9038701962223672 









0.7572523197124976 









0.5005535499834358 









0.4408494813523575 









0.3623432417493808 









0.3134265184277654 









0.33257230540512434 









0.39520420764949304 









0.4639699754097554 









0.4888752115011029 









0.4584611875242943 









0.38697596447850596 









0.39459317654989984 









0.37462805291788037 









0.39843655094538416 









0.5051261263664912 









0.5776499761198025 









0.5861545480728811 









0.4908004052969877 









0.1894070855741636 









0.08453423614220462 









0.08480371130366149 









0.08630311010294987 









0.08966451334349584 









0.08719214046299303 









0.09076106693757524 









0.09032857708223405 









0.09138593753074856 









0.09572192339974717 









0.09688768021968168 









0.10884298517479474 









0.10853818220702016 









0.11321409542887871 









0.11849241680995323 









0.11746818738895629 









0.11307030436063918 









0.11437717134888592 









0.11602250878797352 









0.11617803567161622 









0.11669571359728116 









0.11229244035682842 









0.11582928798558392 









0.11920768078012146 









0.11705246849335096 









0.11395138690332134 









0.12365054653150488 









0.11590901648099244 









0.11138457972238033 









0.11050519247602415 









0.11471721629026257 









0.11717639909822339 









0.11812221200313859 









0.11493446794576809 









0.12339862995732094 









0.12473361668346615 









0.12073875175446644 









0.11371249912331508 









0.11200241458067592 









0.11310756467162908 









0.11434053300300005 









0.12194053369107254 









0.11272312257194095 









0.11922536337567471 









0.11172010262777819 









0.11985226762607447 









0.12471564407786156 









0.14119900303242838 









0.15647347439973908 









0.12047082296841491 









0.09970922328354101 









0.09416693522883475 









0.0975878616267339 









0.09631571930070568 









0.10312811638690324 









0.1175360398992746 









0.12140130222916978 









0.11490010357386113 









0.11488526989487699 









0.10249094742001495 









0.09593137677814152 









0.0927219916377683 









0.08926417301393239 









0.09245749991402098 









0.09237562051544798 









0.09951753867650204 









0.10298585400743436 









0.09810681288255256 









0.09881480575762262 









0.10198860816609676 









0.1077891137462054 









0.0961612468790395 









0.08358457873440031 









0.07820443559686523 









0.08195556510749123 









0.10686358091076482 









0.16825819129875308 









0.18538535150059765 









0.19596675508667208 









0.20071568636150192 









0.19170173551590716 









0.18789193925184283 









0.19135153941944108 









0.19414400739409174 









0.19941049842322245 









0.1965237632682942 









0.18930423815772382 









0.1936539074655111 









0.1850801388747417 









0.18231125869973636 









0.19268004805440597 









0.19437913512524768 









0.18812252776206598 









0.19398327425094647 









0.19699221726502647 









0.1897035635308552 









0.19138979252591357 









0.20017530652791551 









0.1862923546284784 









0.1865696584797965 









0.19346934359528448 









0.19101288109263198 









0.18732719461557082 









0.18269810162834893 









0.1885766539518631 









0.18830760363047702 









0.1966292827616958 









0.192219665006873 









0.18404919558539312 









0.18613351135177436 









0.19019292481809866 









0.18637195349546665 









0.2008391080826661 









0.19861420864808346 









0.1981769199869966 









0.18677466545872848 









0.19711993724649382 









0.18841049627771128 









0.18832322110624247 









0.1975082416706524 









0.19037417817102725 









0.18625747241155066 









0.18327779167452235 









0.2002889806917843 









0.19896847633567472 









0.2230060554375039 









0.46345987273115563 









1.1297482166471566 









1.3810541200189603 









1.4519448967302966 









1.4799820145867122 









1.4878392758152768 









1.4892931793960524 









1.490392783957866 









1.4915530902846192 









1.4926296584573286 









1.4924235648398356 









1.492937604951581 









1.4928520394439013 









1.4927500689326694 









1.4929988103149316 









1.4931622414985255 









1.492046107391035 









1.492599261319754 









1.4928872104768935 









1.4942999145290143 









1.4956888469457352 









1.4958105812198206 









1.4961993816621493 









1.4954919621474454 









1.4686889358496604 









1.0434330400252956 









0.3251039953772281 









0.1901199294396531 









0.17491086096710642 









0.1748774010872641 









0.18975120602700649 









0.19021794676579676 









0.19387056922418752 









0.18985233006288058 









0.19122529009314823 









0.1841373357902703 









0.17646130144731237 









0.18213966580933583 









0.18721078480284262 









0.190191972918383 









0.1908135796121333 









0.1810006232839257 









0.17713975169840737 









0.1834457147720625 









0.19029284666523483 









0.1964718438793631 









0.18300532587041066 









0.18646049834932527 









0.18508640358219963 









0.1870124004456271 









0.18557333516167887 









0.19355050551628922 









0.19786827510416638 









0.1966441360337893 









0.19420186930769412 









0.18807538031584944 









0.19569260793537271 









0.19345321702202467 









0.183988300983762 









0.1829501343996385 









0.17889776995591383 









0.18307208705137196 









0.20101667691367495 









0.19177187880989577 









0.1923163863964944 









0.20104122819604675 









0.20132969705236048 









0.2029499695288453 









0.19094033781455144 









0.19053926581850308 









0.1907298559013031 









0.22238815910811258 









0.3528044118875162 









0.6560379188367679 









0.8716269554304357 









0.9320032047266851 









1.0910625090903157 









1.254468608302439 









1.241284704755028 









1.1780516441208917 









1.17233496678448 









1.2803519252609272 









1.3626766347796413 









1.4105473808752316 









1.4437450206958529 









1.4496930230620277 









1.4592431070409142 









1.4587580100864317 









1.4537683262338685 









1.4527190831814272 









1.4637202444259065 









1.4748611609323947 









1.48091182601131 









1.482705906432315 









1.4804931833289263 









1.476948858334989 









1.4117060286787761 









0.9677744636716469 









0.3059244819849676 









0.17408898446746635 









0.19695926257051866 









0.20028867204801742 









0.20084430144253634 









0.19739610376525135 









0.20770062554638663 









0.1962032301745442 









0.2035748120015688 









0.19549482304980714 









