0.2 









0.00038053454758738405 









8.983547301987957e-05 









7.423034628839198e-05 









6.9428864508473e-05 









5.399298407628657e-05 









8.19607472271678e-05 









7.588518316540654e-05 









7.912596382325843e-05 









6.295464291235966e-05 









7.788388947001053e-05 









9.038523649849941e-05 









8.192820874572962e-05 









8.551280991997738e-05 









7.917314092868967e-05 









7.302284553991568e-05 









7.085879207171744e-05 









6.720969546736099e-05 









5.896522102874564e-05 









6.738340863156873e-05 









5.224306579083881e-05 









5.589622485557185e-05 









5.5864265399932316e-05 









4.740093455776416e-05 









5.057009016802491e-05 









5.022008047290257e-05 









5.324894847110049e-05 









6.92411142983414e-05 









5.668470839541853e-05 









6.823690598854238e-05 









5.2635496257438504e-05 









5.7779469347241116e-05 









4.087233937557557e-05 









4.440630188182372e-05 









6.256911409373658e-05 









4.498459306527017e-05 









5.507945683998356e-05 









4.5035549051658175e-05 









5.602473812899196e-05 









6.354880430592234e-05 









6.138017995820307e-05 









4.848063628649564e-05 









5.259245659691269e-05 









6.454775355718905e-05 









5.2868534750450934e-05 









6.396284406472883e-05 









6.135506711085179e-05 









5.371146742042772e-05 









6.054860783468363e-05 









5.477606393080494e-05 









6.257824781654013e-05 









6.621308990164014e-05 









4.7950192012274936e-05 









5.55730760643648e-05 









7.009945636680265e-05 









5.660655749841696e-05 









5.7544142883263486e-05 









5.42254176476075e-05 









4.9200520787898195e-05 









5.9658247979372785e-05 









8.579539270954506e-05 









5.8957890500796656e-05 









7.342389658051359e-05 









5.162009402687506e-05 









6.412792547321527e-05 









7.327323300503671e-05 









6.0787159234220386e-05 









5.027708949775739e-05 









7.500330354703823e-05 









4.941233195631946e-05 









8.49195486909042e-05 









6.53057503615246e-05 









6.201646034965118e-05 









7.841330837684605e-05 









4.545827167548359e-05 









7.919377588024983e-05 









6.386704575641862e-05 









6.533171861430408e-05 









7.132084658734381e-05 









5.3301913220183776e-05 









4.902497287670538e-05 









6.500934156532835e-05 









6.119803320574208e-05 









6.174385533348103e-05 









5.954951384757866e-05 









5.068409857680596e-05 









4.4248783907460334e-05 









6.219869412880497e-05 









7.327831761373864e-05 









5.449469601303569e-05 









5.580643041213705e-05 









5.382890881097011e-05 









5.5568225851725865e-05 









5.2930459393048867e-05 









4.5580284517886594e-05 









5.506887559973575e-05 









6.090133611398551e-05 









4.7014444093374766e-05 









4.636835543335709e-05 









6.113141622575356e-05 









5.5242826932869616e-05 









6.989295545378009e-05 









5.934477752660833e-05 









6.29700642623964e-05 









5.145140975776459e-05 









5.1781471273877945e-05 









5.8017053843669896e-05 









6.0999516406522365e-05 









6.0120122223247453e-05 









5.092337051868187e-05 









4.672546412864823e-05 









5.5640274827412146e-05 









8.832346587931862e-05 









6.622595209205715e-05 









8.285001228214853e-05 









8.434594658009517e-05 









5.365734796024812e-05 









6.768110672011955e-05 









7.806062560244948e-05 









7.278172993786695e-05 









6.820940204118036e-05 









9.241911915153323e-05 









5.104878180639353e-05 









6.104701927373597e-05 









5.342999911553187e-05 









5.202693799195565e-05 









8.176366765218149e-05 









5.385206594718856e-05 









6.0446565350411285e-05 









7.488270847103769e-05 









7.41533924521028e-05 









5.667997266873568e-05 









5.021154878593439e-05 









6.05165951739447e-05 









8.261747944582951e-05 









7.967862989987485e-05 









7.249786432543312e-05 









7.513166976340273e-05 









7.956369525951787e-05 









7.58517295694037e-05 









6.911084404631835e-05 









8.257360713244585e-05 









7.798820998124143e-05 









8.1574810386075e-05 









8.213479252387908e-05 









7.03910025266451e-05 









9.104054081961179e-05 









8.23884011156255e-05 









6.41694648033234e-05 









7.586459948049421e-05 









5.559241500458634e-05 









6.414856656056913e-05 









6.014745333094877e-05 









6.255878711458623e-05 









4.722958982396481e-05 









5.286399702514142e-05 









9.013381681337119e-05 









4.727332497565612e-05 









4.8713917953782275e-05 









5.71037818993793e-05 









6.432142583626611e-05 









6.258420838525612e-05 









7.77175922125349e-05 









6.763701817955865e-05 









8.34366495100795e-05 









6.55278250618562e-05 









5.408426999151198e-05 









8.50677380110245e-05 









7.76550718904162e-05 









5.2387086713275054e-05 









4.7645898225372914e-05 









7.821562471635613e-05 









7.549290961861337e-05 









4.751108122936464e-05 









6.727499974699509e-05 









7.098701816389327e-05 









5.4696919988232845e-05 









4.946798364578608e-05 









6.509118795869829e-05 









5.130520375244112e-05 









5.9317863795204365e-05 









4.611209572953123e-05 









5.4040989191562244e-05 









6.414309955387201e-05 









6.153315024894359e-05 









5.855036223172996e-05 









5.012524297550034e-05 









6.501679080987215e-05 









7.88062842044392e-05 









6.0104497249835226e-05 









5.795692492611649e-05 









4.6177774321345854e-05 









5.3351906575998284e-05 









5.8603074024131986e-05 









6.553259978547034e-05 









6.643917872386956e-05 









7.66246798107745e-05 









7.531907370659289e-05 









6.11646023835473e-05 









7.334778724567151e-05 









5.2857401407563376e-05 









6.990053077119863e-05 









7.375561814346267e-05 









6.048049217781671e-05 









6.345095282536948e-05 









6.209127979141848e-05 









7.131419625365999e-05 









6.136276709108333e-05 









5.864295249048576e-05 









6.339098008987936e-05 









7.765482415203011e-05 









7.555242460454709e-05 









4.481994173945242e-05 









6.261580414201958e-05 









5.745578077908177e-05 









8.329870448966085e-05 









4.440895609120844e-05 









6.521123666630962e-05 









6.110781962332102e-05 









5.22148775033582e-05 









5.962962639703215e-05 









6.950771134234584e-05 









6.014175550462738e-05 









7.776186730017603e-05 









7.201441214656456e-05 









8.056194577878061e-05 









4.709908332439516e-05 









5.303905198209079e-05 









6.157766693849023e-05 









7.130165944036501e-05 









6.138821200069317e-05 









6.976185929374332e-05 









6.607510069840517e-05 









5.5126692525152025e-05 









6.142019956577553e-05 









5.60269982014786e-05 









4.508711430212755e-05 









5.950415355941642e-05 









5.8705224285694876e-05 









5.312672794424513e-05 









6.603289485516017e-05 









4.6053539746207135e-05 









4.342895750424712e-05 









5.643423082849203e-05 









6.72638563431537e-05 









4.435114891705209e-05 









6.383775904976206e-05 









6.51945364634296e-05 









6.0735119594768435e-05 









7.778854682650367e-05 









4.427698596247972e-05 









6.177162952205875e-05 









4.662723790992146e-05 









5.8052471630920705e-05 









6.524923510401298e-05 









5.2271211015775737e-05 









4.4979048270196194e-05 









4.280800946808407e-05 









7.011093113330276e-05 









5.211981210397591e-05 









7.091498658187335e-05 









7.537608190963868e-05 









5.127593540341134e-05 









6.391486153878424e-05 









6.244904032444358e-05 









5.454802454496123e-05 









6.251513362243489e-05 









8.476086251321703e-05 









7.512665665411366e-05 









6.553898757068126e-05 









9.422320745791143e-05 









5.578375814512084e-05 









8.123545171691662e-05 









5.940895120384103e-05 









8.19031819318995e-05 









9.563256128973014e-05 









9.469430060450368e-05 









6.111334944903661e-05 









6.834533611629125e-05 









6.073501012362299e-05 









8.00220542517243e-05 









6.962704799991698e-05 









7.565208650441949e-05 









5.800187926456722e-05 









6.529790159614921e-05 









5.7435967954238716e-05 









6.162927690010025e-05 









0.00010189647147339115 









6.76849066312055e-05 









6.243254574757666e-05 









7.896544478855386e-05 









7.113951401386669e-05 









6.941009299185386e-05 









8.352774145403648e-05 









5.001821555560963e-05 









6.85297684222762e-05 









7.708598334019956e-05 









5.559299122053502e-05 









5.084938381452964e-05 









7.140606188376999e-05 









7.498689301194502e-05 









7.767089152437302e-05 









6.375841847476279e-05 









6.816864973656166e-05 









6.775511600799945e-05 









7.826480968667861e-05 









8.299917899919917e-05 









9.922273781098946e-05 









8.328529531007907e-05 









8.797670813704472e-05 









6.937063581880382e-05 









7.631372350948622e-05 









7.47651592188717e-05 









9.362328026932569e-05 









6.757012880386312e-05 









6.04497565011411e-05 









6.757469777301085e-05 









5.7826185208833755e-05 









6.739933915893796e-05 









5.941681389809537e-05 









7.17934643235208e-05 









5.151737621369008e-05 









7.460931802644194e-05 









5.857535106569205e-05 









5.5468195017490314e-05 









5.526550725357738e-05 









6.708483929322822e-05 









5.109853523281818e-05 









4.74317887946991e-05 









6.517330437479115e-05 









6.277984360466723e-05 









7.227124558831536e-05 









5.159948682650938e-05 









5.1352025574542435e-05 









7.025210435649189e-05 









5.383749909621164e-05 









5.200981055562197e-05 









5.7075827616193606e-05 









6.054191000488689e-05 









5.182854710466811e-05 









4.619528134495681e-05 









7.100212992804378e-05 









6.361503745512046e-05 









7.098442670691437e-05 









6.542328764964727e-05 









7.118142663703925e-05 









7.079691535102816e-05 









5.9129921391679794e-05 









8.554378491236177e-05 









4.992709472308638e-05 









5.947561580054102e-05 









5.471283503222041e-05 









5.8947437542246036e-05 









7.080978316686955e-05 









6.078391819515946e-05 









5.532592174739089e-05 









7.787510365120438e-05 









5.651971618250846e-05 









5.789902192376976e-05 









5.1301532967001196e-05 









7.4616148408032e-05 









7.435189703369814e-05 









6.583893613516966e-05 









7.424327925338879e-05 









7.719166062304826e-05 









6.562479421252324e-05 









4.7002646458637416e-05 









5.90152501642122e-05 









5.8344430717355874e-05 









4.97290744024562e-05 









6.862027795161938e-05 









4.3353384043157725e-05 









5.291876597457153e-05 









6.409060580532305e-05 









6.612783957632154e-05 









6.216194358631542e-05 









4.841021923178295e-05 









7.41687975093011e-05 









4.84260514975369e-05 









7.586207621365816e-05 









5.880031041536472e-05 









7.190202588464696e-05 









5.549550151903112e-05 









8.273863101701444e-05 









7.432985507819316e-05 









7.405985384641354e-05 









6.547994085461914e-05 









6.936878355775155e-05 









4.649328840556411e-05 









6.051850806151068e-05 









6.859326706958312e-05 









4.8847897798827816e-05 









4.96061177854307e-05 









4.081837988078437e-05 









5.3864686991238024e-05 









4.969824181510059e-05 









4.753968541072658e-05 









5.164675680456392e-05 









5.105652704252957e-05 









5.257090428681537e-05 









4.957401776746199e-05 









6.0371974251635883e-05 









5.36466894923644e-05 









6.484546086856318e-05 









7.800986190370588e-05 









5.784260931299342e-05 









6.669774857198627e-05 









4.4773729448667715e-05 









5.415306619680282e-05 









5.134592780446214e-05 









6.028266096893345e-05 









6.861562496403469e-05 









7.788946450794273e-05 









7.575968079308531e-05 









7.879857128890952e-05 









4.736229213638904e-05 









6.5106979706741e-05 









4.797434783602582e-05 









5.886639075018823e-05 









5.7761296729685966e-05 









6.110716842971684e-05 









4.982219554476917e-05 









7.70838346198078e-05 









4.877494103730429e-05 









5.1346163191521134e-05 









5.468764867227451e-05 









9.102493708806688e-05 









7.978942286853417e-05 









7.625393323900486e-05 









7.227675401197926e-05 









6.108065433246654e-05 









7.03608502890076e-05 









7.75234380423374e-05 









5.75130738177466e-05 









9.089085935808666e-05 









4.9377469279948165e-05 









7.557551736143281e-05 









6.318776541402516e-05 









8.060202230922989e-05 









6.997010679917894e-05 









6.790843632398908e-05 









6.801626459676998e-05 









5.196887681998968e-05 









7.140871312156513e-05 









6.799523906604379e-05 









9.175315274320188e-05 









6.890627355355278e-05 









8.671140929269352e-05 









5.8457848495766527e-05 









5.4792489841991425e-05 









6.662549761495356e-05 









5.890203140612496e-05 









7.900823819323341e-05 









8.045722340035394e-05 









6.379292834253773e-05 









8.35373562033393e-05 









6.204617517690294e-05 









7.078535129982343e-05 









6.984939927690978e-05 









5.662476659866717e-05 









6.599580530248012e-05 









9.14024501075313e-05 









0.00010973434971822731 









0.00012444079134141115 









0.00013891491462969795 









0.0003109650489824287 









0.00023803609509465116 









0.0002713083153511593 









0.00014829402904804938 









0.0001401807595327829 









9.613463515270253e-05 









7.536051181382141e-05 









8.693800375289569e-05 









9.654043312368229e-05 









9.54640227520707e-05 









0.00012573962962863383 









9.81525877992668e-05 









0.00013028351551600773 









0.00010235702856745078 









0.00011635059930370189 









0.00010531180800956417 









0.00011678448041635496 









0.00016662944734922126 









0.00020088103564540617 









0.0001830013603079975 









0.0001457261814442595 









6.661966842168708e-05 









5.339632145222973e-05 









5.689865002243656e-05 









5.257800228671199e-05 









5.202543136502256e-05 









6.327502356270559e-05 









4.1343451387880145e-05 









5.056349618910345e-05 









6.204918505677866e-05 









7.292035838451339e-05 









6.323888417260341e-05 









4.8847402059988535e-05 









4.9770292640174496e-05 









5.258086721325626e-05 









6.0862500860006885e-05 









6.541728298827826e-05 









7.224288260336517e-05 









5.703954641819905e-05 









5.992312945545895e-05 









6.857710935885325e-05 









5.2791652156066065e-05 









6.253969701208441e-05 









6.163788645226285e-05 









4.7126555109885314e-05 









8.033913457816685e-05 









6.352342108022141e-05 









5.112101298197888e-05 









4.501876996214922e-05 









5.110544023094215e-05 









5.531708068268625e-05 









4.518474288474337e-05 









4.895867868711322e-05 









6.428066504135448e-05 









8.854748096960704e-05 









7.798038387417413e-05 









6.704636013819804e-05 









6.710256584904921e-05 









7.459123295096218e-05 









7.214573798152875e-05 









5.8151262225214774e-05 









7.395406701690472e-05 









5.5944163581471284e-05 









5.05230937265946e-05 









7.679663569810563e-05 









8.158952821290042e-05 









7.2495555782984e-05 









4.889066428500075e-05 









5.019898339519218e-05 









5.556175893536608e-05 









4.3530792085498094e-05 









4.31373607568489e-05 









7.484850019978778e-05 









7.645927506494713e-05 









6.909034505453619e-05 









5.5294402880997636e-05 









5.7165700098797124e-05 









6.279331856318554e-05 









5.3128597659916915e-05 









5.503555005482809e-05 









6.624310265187011e-05 









5.166450678225403e-05 









6.736229020856156e-05 









4.521611830070828e-05 









6.730005141473977e-05 









5.6902670953222735e-05 









5.558885257889404e-05 









5.864251837930181e-05 









7.423744811641644e-05 









8.164836848220046e-05 









4.945812690692849e-05 









5.6118620815315436e-05 









6.789519090421255e-05 









5.827191451902945e-05 









6.320137601275387e-05 









5.100740838316162e-05 









4.9846655716144614e-05 









5.7900141921059795e-05 









6.85700340970944e-05 









8.466605874845215e-05 









8.746420316592821e-05 









5.394639108169914e-05 









5.604923980808975e-05 









5.7207370178537125e-05 









6.207137563462194e-05 









8.144148165096536e-05 









8.723951608420218e-05 









8.766393298308135e-05 









6.367296708554504e-05 









5.917014716818957e-05 









5.9993555199305895e-05 









6.454109167159168e-05 









6.896608990993752e-05 









5.533384557932947e-05 









8.797699701407e-05 









7.037570640338516e-05 









8.776237894008042e-05 









6.764568486421908e-05 









7.726664139168818e-05 









6.774353997987068e-05 









6.527329922571072e-05 









7.913101677677318e-05 









8.589266071281883e-05 









7.97225546116621e-05 









5.959592610074507e-05 









8.200796098004284e-05 









9.386297264681189e-05 









6.979023891905845e-05 









6.945294343040242e-05 









6.23008570297258e-05 









8.813433101169809e-05 









6.828572024350187e-05 









6.989030856892286e-05 









9.567390741844334e-05 









8.401004607257436e-05 









6.049017344742916e-05 









6.311447646831811e-05 









7.350354076214978e-05 









7.494197886219573e-05 









6.731760200826627e-05 









6.731770783152216e-05 









7.110488630363991e-05 









7.460803634622523e-05 









8.960007102759352e-05 









5.722504627357313e-05 









6.793383058843211e-05 









8.84460789683698e-05 









0.00017732855828344154 









0.000545263314680897 









0.0008711192582228791 









0.0008089843847015189 









0.0008263480738148463 









0.0010826039431244673 









0.0008849584233714011 









0.0008398244290523014 









0.0010077297610732875 









0.0011738274402711222 









0.001023643025793116 









0.0009224881093331462 









0.000775134290502568 









0.0008918135013035954 









0.0009046342355697944 









0.0009570639016968116 









0.0006593583700415675 









0.0008701376632939276 









0.0009013274260436994 









0.0009535005598971414 









0.0007576435490377616 









0.0012753448974267517 









0.001314092168790343 









0.0010540887658651184 









0.0008507912984674547 









0.0002803279621311825 









9.046902351930866e-05 









5.8472519500536974e-05 









6.972865931485149e-05 









5.6810650415530625e-05 









5.8960577047014194e-05 









6.532444790390587e-05 









4.7173220847476256e-05 









8.831571038186466e-05 









6.265995625725701e-05 









8.273191770795268e-05 









5.217235693821279e-05 









7.239139970687008e-05 









5.30618984516417e-05 









7.724146596163367e-05 









5.066378617103036e-05 









7.50429421790192e-05 









6.209113393896144e-05 









8.409440919779521e-05 









6.169414743510054e-05 









6.790634661112405e-05 









7.669675487815022e-05 









6.345019424300758e-05 









8.02303804804507e-05 









7.345283193095521e-05 









7.571121755296781e-05 









8.313937280498421e-05 









6.524799702345871e-05 









9.058723664509656e-05 









8.18812535147834e-05 









5.490016879883855e-05 









8.576376038549593e-05 









6.335692234569011e-05 









8.426141383911727e-05 









6.540307103842843e-05 









7.292663132186422e-05 









8.913789592454851e-05 









5.994325720827912e-05 









7.544601350929108e-05 









5.4175493065595e-05 









7.934014520427312e-05 









6.562394404416149e-05 









5.4402575406835716e-05 









7.908413401861302e-05 









5.036507396584438e-05 









6.837244376410728e-05 









7.222194631806167e-05 









0.00010763209494806151 









0.00025044721324575026 









0.00024688378925413735 









0.0004007707742626805 









0.00043982258128700657 









0.0005418135595162264 









0.0006167858269472489 









0.0005998388089084549 









0.0004904654117424711 









0.0005145734600824085 









0.000817994101382854 









0.0008240742671024641 









0.0009044597371600821 









0.0007006286565280539 









0.0007826070596478333 









0.0008189583582453657 









0.0009447771727347444 









0.0010145873747312711 









0.0006890990557491161 









0.0007886391425991342 









0.0009568278190080813 









0.0010830505142076952 









0.0010842121345297567 









0.0009166629397982164 









0.0009252158317594684 









0.0001895280612375191 









6.429849057699153e-05 









5.149623217352319e-05 









6.651461739196681e-05 









6.922137961621972e-05 









7.08119731687879e-05 









7.386200352909542e-05 









9.515629660167285e-05 









6.723154450035069e-05 









6.709237429110404e-05 









6.855501865985599e-05 









