0.8580000000000005 









7.873445347071591 









4.6746675921973475 









4.126988942330767 









4.254524409153223 









4.187150429799406 









4.166447318084548 









4.092302656305526 









4.21440395028326 









4.251026092861983 









4.2815597155140175 









4.126072655109465 









4.030112455009837 









3.7687768183858066 









3.561560940558273 









3.5967433596559917 









3.1803138024418875 









2.6176634726988315 









2.3492512971886774 









2.5013643105891714 









2.5015962686561366 









2.2419614686567693 









2.2235212938000317 









2.220423807041063 









2.1321813478389817 









2.266167117370047 









2.2721628874973505 









2.1880789593640593 









2.0900731484217565 









2.012014883225206 









2.0123052143625575 









2.163510499436163 









2.3011579497083874 









2.102538331586714 









1.9798394411188072 









1.9169387240599878 









1.9352100415566134 









2.062596168965896 









2.1357650791838605 









2.3588964317971093 









2.5431167013809155 









2.6553270211957707 









2.8579585472574505 









2.974586567139128 









2.974323313135391 









3.189349855374596 









3.2918394696985867 









3.344873366744349 









3.311709587591995 









3.2719952615943866 









3.3666712413329756 









3.3928057943269043 









3.366140951783993 









3.33420946306939 









3.381848649238177 









3.403014715593088 









3.346424227641621 









3.3433523262510554 









3.391281500063396 









3.3648017089022173 









3.4516515501282274 









3.386281330785575 









3.344955841907241 









3.319516500769188 









3.3564794703603713 









3.4271629786374733 









3.4642554116889017 









3.4864965353706143 









3.453708680653867 









3.4279759518622175 









3.4788965273180197 









3.4260753306115252 









3.325459895935932 









3.367429640738565 









3.4419139304723227 









3.385737124716888 









3.3322707243446876 









3.3989253160003354 









3.34220150708084 









3.3748827673279633 









3.3594361325109037 









3.4368717143053065 









3.449060962168727 









3.3683111550274427 









3.0041658383560383 









2.562290445462045 









2.450636888228345 









2.3900120668026523 









2.501119225398681 









2.3347087680870917 









2.2002634171633084 









2.3761613797834946 









2.387146088654665 









2.2676894338792075 









2.279451988590579 









2.2292781246097224 









2.206719264645978 









2.158759743362561 









1.9797688833752654 









1.9581115006940326 









1.9030679180154313 









1.880938373576455 









1.9175109092766087 









2.055233080358614 









2.0927354286521496 









2.0436499144983387 









1.95668444955227 









1.896605789667414 









2.0913404395423028 









2.635887411566298 









2.8927791422140694 









3.346711726521905 









4.114499413476089 









4.185189306747211 









4.196734595467949 









4.1871073248098405 









4.164250671854379 









4.175186138319969 









4.209726636989115 









4.187669452882139 









4.127375579104966 









4.146814385670706 









4.122293901475189 









4.089764084767269 









4.204673662989869 









4.249823192773214 









4.2356171407891905 









4.144862164563089 









4.166666177244618 









4.1662386216588825 









4.245985972300947 









4.176356159309266 









4.149409710909856 









4.155789228752912 









4.163919360438193 









4.171395419919337 









4.107091415463129 









4.083061237333137 









4.149380535330206 









4.101005527999548 









4.179292470734121 









4.190084171694342 









4.148070325798281 









4.1730540196265355 









4.2568307402711 









4.178736616921763 









4.132486936486079 









4.145704134674811 









4.187170043886775 









4.164601353117378 









4.162190360313762 









4.147621719139247 









4.23832831154741 









4.23063774358421 









4.180770904712108 









4.183194257864306 









4.162259813037519 









4.15665397985078 









4.09783536333585 









4.13438567066672 









4.149757169851952 









4.114444281062745 









4.190178875346319 









4.111625041064274 









3.8396302800623197 









3.6516012383493104 









3.457049845180644 









3.056380867872527 









2.6112421967140147 









2.6589182847560036 









2.735345399786619 









2.4665724807400142 









2.3857164097078676 









2.242993565278324 









2.2466717016865916 









2.3265082111124245 









2.3957335724629503 









2.422287496571484 









2.5122125331681784 









2.439547260917652 









2.3212684321161965 









2.3980156275469575 









2.4846011434511244 









2.5101910718458287 









2.3662715456002674 









2.0940576216679494 









2.032079517906124 









2.1831552117169424 









2.5352425132801937 









2.813508358811136 









2.9932750278683953 









3.242842996286593 









3.4137606406917795 









3.5040855264878137 









3.578896069686129 









3.5899895651416243 









3.5146265169171986 









3.521655910689377 









3.6012131639622615 









3.6013150371721787 









3.611314340159439 









3.646919731260026 









3.5838708326828748 









3.598732801620611 









3.6437176531614908 









3.5713071628966455 









3.601834020911901 









3.6208592348863324 









3.6906677455607255 









3.5816284381260335 









3.574174461958985 









3.5625114470609365 









3.565007439433888 









3.620114393906979 









3.619857071679039 









3.609603306181454 









3.5883325694000083 









3.5631472889134312 









3.6565337662481796 









3.5951556727864094 









3.5587188189233916 









3.589725123681319 









3.6754563754378333 









3.5925817689722526 









3.6370619829091515 









3.6457293077321733 









3.717832351612139 









3.619663219338168 









3.577032851593742 









3.6715072251589818 









3.654981497522129 









3.6348735596267097 









3.6076477688757196 









3.664669368883381 









3.7421193878446797 









3.3604659721958705 









2.7259180145935202 









2.537835611612889 









2.36539143801258 









2.1178522501204062 









2.1578211923632646 









2.2968326819920355 









2.433074604100865 









2.253787300813486 









2.0747062580489968 









2.1604830478749992 









2.2556921323084063 









2.1820930085231725 









2.1525899813469684 









2.1040879937483465 









2.1008322732737827 









2.0949597603866192 









2.124713383996017 









2.252273417880239 









2.261220537242826 









2.231238622892699 









2.300923806728869 









2.3335705569168588 









2.3292287244064838 









2.462300486721479 









2.6090245348608407 









3.2437460907028144 









4.086674993569816 









4.121517011490383 









4.226352350468049 









4.144396074562753 









4.117888990632577 









4.195866491468789 









4.253552156056259 









4.23792531071199 









4.200940378174557 









4.111527212130178 









4.088415305827071 









4.1745236114301925 









4.134071464253441 









4.182873588231551 









4.086465024499396 









4.088112795900723 









4.125451704893978 









4.2092386751173025 









4.111600516610986 









4.184818516844774 









4.210947483178065 









4.200918357705714 









4.23756185585945 









4.159702129154323 









4.241588574666873 









4.270551582856266 









4.218583833770012 









4.205943310321294 









4.201167217038653 









4.200822227130047 









4.1692734487058605 









4.1844921593292925 









4.20307594003242 









4.243091973064171 









4.198044307997491 









4.195361655407103 









4.154072529938381 









4.199562700542433 









4.193323353384214 









4.145144457603034 









4.109761062659569 









4.127365382411009 









4.193681716711177 









4.209083489743169 









4.164919910901102 









4.12920146383 









4.102367013130796 









4.189441295173319 









4.144037835292964 









4.29938301792326 









4.566808838421218 









4.497842806285708 









4.594337128993289 









4.815237717720158 









4.633456234712547 









4.128946433043354 









3.6289451063680604 









3.6200325112578424 









3.3376862452235136 









3.1288049638578506 









3.046473874343242 









2.9108647620031136 









2.7916825797611122 









2.6002151641514044 









2.502760594380368 









2.4938756007462524 









2.5313984112747954 









2.5356788581636116 









2.5790873293616543 









2.8438750806261712 









2.92610655663837 









2.7766340848911675 









2.6558197942564514 









2.4984123568178838 









2.1978803024117015 









2.200909436675915 









2.188338406199663 









2.400389396505221 









2.621938843766345 









2.6223573416642174 









2.621380903463049 









2.6993091924437693 









2.7960480314122913 









3.0075224535025513 









3.107576037907813 









3.2475193159945035 









3.3326224886034255 









3.334838669387519 









3.2963006021180075 









3.3031120848900812 









3.304682518761464 









3.356707716582797 









3.3683162174532533 









3.26785756319355 









3.2458480265107634 









3.345593715706923 









3.3838267914501468 









3.4625531882095766 









3.3770302547930693 









3.3443852320337433 









3.2466383545469104 









3.368948712455442 









3.319288043245224 









3.3827704142913286 









3.3023096505982887 









3.3849509782460485 









3.3815669653832923 









3.363307534192961 









3.332381998600145 









3.2463916866064744 









3.3417984661999327 









3.4219211435293557 









3.381928487740278 









3.3679135070060218 









3.327683666505009 









3.3447679814032267 









3.360683351230047 









3.325705641425073 









3.317594967256309 









3.329694837155616 









3.3911689078844476 









3.6073715816083767 









3.443836883093879 









2.835727534864286 









2.398907949409429 









2.361910889577705 









2.5753232447213326 









2.663285079528661 









2.7046798776464493 









2.5740723167375794 









2.5107761933084043 









2.3568799914902088 









2.3576880908687086 









2.4646354559441934 









2.405120572498819 









2.403253594788379 









2.3895618892259627 









2.1412849637246576 









2.133489097828146 









2.1909811914069586 









2.1400119907948283 









2.306608264203274 









2.3979299739989166 









2.312708631261069 









2.1160855364746243 









2.066696408317036 









2.111448771104703 









2.2808808746060727 









2.4748069715197207 









3.1482464361261067 









4.015837277620794 









4.113470376504347 









4.170607582529078 









4.138767147413727 









4.107738688903905 









4.1838435083515035 









4.217802674754214 









4.190113214956656 









4.190229062592253 









4.07889842135388 









4.203371660384764 









4.1638992745506265 









4.192138191651665 









4.2128621500299595 









4.143624083157032 









4.104822691661463 









4.243739906235818 









4.195253678723249 









4.162687873979656 









4.159100733144755 









4.151835630617168 









4.178418236502072 









4.177251696659966 









4.146677222566249 









4.163054834260776 









4.135511509403302 









4.117557442483219 









4.141303001031319 









4.178041229645552 









4.152059352140029 









4.144559959182722 









4.205169339245597 









4.214379654088486 









4.2001393507435685 









4.1385709054347135 









4.261605710078214 









4.205738594814959 









4.18301780489036 









4.143911602182588 









4.1457485242971135 









4.220283055044906 









4.131730391068413 









4.120391600747446 









4.112929572641372 









4.224546997692758 









4.173940953724034 









4.1748708609529634 









4.241743424471224 









4.197081315506367 









4.543863091257581 









5.367362186334014 









6.752477970602851 









8.262148306235149 









9.277189831382211 









9.823637607092067 









9.901005476281094 









9.252215498107233 









8.395618323006552 









8.713632587597486 









9.043967759842186 









8.94703129104044 









8.401463846442164 









7.672500759950413 









7.159146719630664 









7.230464746308112 









7.375538652557827 









7.334785546412098 









7.716548149865555 









7.638171570902962 









7.742603305781223 









8.26773564998507 









8.740696152398057 









9.31690744805133 









9.183035108860478 









5.981239394077394 









3.3836863560369754 









3.4081333597758823 









3.599483096459225 









3.6654637422136225 









3.793260471922969 









3.7082425774977703 









3.6266345178772204 









3.665249931430245 









3.6694653300319384 









3.662546920695294 









3.6729885859526434 









3.7463080306971683 









3.709786154006294 









3.733966065314977 









3.734202497845915 









3.8399033405011735 









3.7283535382206585 









3.710766493358334 









3.8251599649694876 









3.806878458444444 









3.830236589825326 









3.8583999095366064 









3.7934446873331735 









3.8792309706121757 









3.8328402890123208 









3.9578283559526395 









3.850362970069028 









3.687655929182223 









3.80638822985223 









3.8049054432895573 









3.823469057264493 









3.769940926912365 









3.737224616346 









3.651210729390999 









3.8345407761513726 









3.8211876499448882 









3.75125858457509 









3.7516229103825824 









3.9409952557989145 









3.929861654188571 









3.873792587571145 









3.8260309113817077 









3.7179608910005904 









3.839775337316212 









3.8212576870510917 









3.807710522096107 









4.0061989678211 









4.488354970443119 









4.5604488490944055 









3.9990861404739624 









3.9944004169730385 









3.642077403060274 









3.4148624686554703 









3.6091225017092694 









3.909638624910582 









4.184643181929287 









4.695387146578206 









4.370590211626251 









3.599949002581036 









3.303211821135799 









3.233651670213621 









3.264405722610072 









3.415742394571594 









3.7475320192194013 









3.8978987713504973 









4.037550670910755 









3.8634418629863085 









3.5747125599918985 









3.508490665565559 









3.516070340380285 









3.034794001363789 









2.260009021106291 









2.118456272351689 









2.397533533192115 









3.037511369310878 









4.10662129747582 









4.2287493643217315 









4.215915404099498 









4.118190721683345 









4.194856249407266 









4.158458616683339 









4.162201202686239 









4.11199526794172 









4.136814312089606 









4.142199738943436 









4.2078042545250405 









4.216927462005744 









4.286600077399695 









4.183287281136203 









4.215592062689582 









4.152680204116382 









4.169688418954654 









4.168536239517604 









4.130675729063235 









4.119029208398449 









4.177645640193871 









4.133618182503639 









4.12308030648527 









4.087110493998427 









4.142378932459976 









4.148811907747486 









4.216526377623436 









4.1818545244218175 









4.097379074566912 









4.184188966704569 









4.129013096721939 









4.174088938801342 









4.149938721638102 









4.21089456940595 









4.1899233290779865 









4.224909373092152 









4.203364593132118 









4.157948835043 









4.153465832341549 









4.218415721272743 









4.160033674456283 









4.136749105192373 









4.203728135340775 









4.225144944670214 









4.190461767381917 









4.169460871613108 









4.176111411922947 









4.218691475442901 









4.195566701521004 









4.730613840697996 









7.363229617173901 









11.796439935560466 









13.992190906166764 









15.50450577617382 









16.68467034421894 









17.279033705098016 









18.051157557851372 









18.688721101732835 









18.791351388198322 









19.047644029938528 









18.998887648687052 









18.992837418560477 









19.167697591978428 









19.174667804314446 









19.55734491046419 









19.4863278004209 









19.43407972301957 









19.66426289242906 









19.796160055675998 









20.091872379720805 









20.479803834860608 









20.47102919588099 









20.13497338906651 









19.416160705962035 









15.427276711932091 









8.355925852089088 









4.662109937522207 









4.024366951802307 









3.9678754146642543 









3.988537580812129 









3.969894681431511 









3.971995546943213 









4.048515838543994 









4.160070197372919 









4.170544970402053 









4.204791199950135 









4.070858707524542 









4.107200001593564 









4.259887638828791 









4.2621389637390665 









4.216568960330842 









4.2166674449709225 









4.316530603902917 









4.233897881093014 









4.205289084411086 









4.091063794011684 









4.164893760606131 









4.14818040036088 









4.100016571727618 









4.150427810458439 









4.167828710554527 









4.1543146432872975 









4.21402431992193 









4.145200599733271 









4.192753867755593 









4.216697460003086 









4.096500713232123 









4.056083036221454 









4.233299834389528 









4.264451830769476 









4.155540342651828 









4.164417429035148 









4.179789104208146 









4.076698978182352 









4.132108297901492 









4.07091590117237 









4.1654831925256675 









4.181983680682735 









4.079381123770953 









4.117245727101249 









4.111737713034282 









4.512246928113433 









5.701901070086125 









7.366546862194272 









8.355381683815914 









9.303014861586425 









9.866949071299313 









9.763287837556996 









9.359881986901943 









9.859359139396043 









11.296631848792654 









12.021103174248093 









12.40999865539527 









12.443922941787982 









12.77424785789665 









13.3539466202123 









13.793278727013993 









13.876046791185011 









13.70632831275368 









13.887635904832539 









14.520449752800289 









15.181650321126458 









15.653825192831992 









15.970081990729277 









16.036382032837572 









15.692913206450065 









13.524513416745165 









9.258439382437377 









5.455166437399265 









4.016387930502245 









4.231916544822687 









4.323568431856315 









4.289719794145316 









4.296416934760253 









4.284396251849401 









4.26294812845684 









4.275081548833972 









4.33139430179424 









