0.09 









4.391425895441288 









4.4649005244221724 









4.461281843359186 









4.77655781470079 









4.850695079568498 









4.875932935896749 









4.845379024444124 









4.846256500894036 









4.694926875845933 









4.82587836714381 









4.971666075341114 









5.590293895141583 









6.246332124840357 









6.204401722626269 









6.59484853566889 









7.953283136662785 









8.886911111827605 









8.907124314573664 









8.40349066592534 









9.095744108873166 









9.468858706584736 









9.23250497641866 









9.679302375194696 









9.509995702041666 









9.196111509874433 









9.450640803377691 









9.932513745465458 









10.17346280488193 









10.365716683289188 









9.680086166428236 









9.080383782590227 









9.590329189831852 









10.279116761070556 









10.594184340032934 









10.47475984099749 









9.88076406072357 









9.591877842397466 









9.140944029271632 









8.474896593056696 









8.054660897982046 









7.698398061375362 









7.322655414357846 









7.2543167091698 









7.095477723585439 









6.562653645129396 









6.491041508919734 









6.553684620241809 









6.701160973913473 









6.440472188394309 









6.3982395657807976 









6.25647532686284 









6.535789907671727 









6.457114369873932 









6.291402060984416 









6.390729092124951 









6.54891388586831 









6.381016469817177 









6.446911653975693 









6.4358975467021455 









6.376042035644593 









6.484661679555911 









6.440657642609757 









6.437426809436637 









6.357030539309151 









6.382057586561638 









6.318269213280654 









6.3088731065089005 









6.376673423452287 









6.330654534965096 









6.207560426833663 









6.4132008677299845 









6.531749961060584 









6.363979170211187 









6.374537956222751 









6.411302901141347 









6.34377892809923 









6.3937137467800165 









6.521666302871802 









6.26619404287129 









6.41797094012128 









6.344816191564537 









6.448235402766743 









6.785972572837836 









8.097632044115798 









8.520963774254783 









8.57667686505716 









8.640493456263036 









8.518551723374527 









9.30874987213138 









9.024643648627405 









8.616585741004645 









8.987119194868677 









9.057598995669608 









9.089834957617166 









9.152640867550165 









9.274534428768144 









10.00351135946925 









10.262829097503424 









10.449904234747514 









10.677615680044028 









10.732144054479157 









10.024717359998276 









9.724878543649686 









9.745990373311601 









10.189023203904629 









10.51215803782334 









10.169991370639124 









8.6116933769105 









7.538871913491646 









6.798514783456037 









4.277780387634096 









4.045414064256094 









4.4147257167167115 









4.8598350998889375 









4.896254503630072 









4.925464936710763 









4.810494230974999 









4.8091461823178525 









4.833243001615692 









4.864426289099616 









4.9157156058541265 









4.918630652897413 









4.929335984189626 









4.800377626088592 









4.813342958112097 









4.8020175581536035 









4.791282658678179 









4.800817274912321 









4.834372702978812 









4.81499205684524 









4.912226427136994 









4.8605178873842565 









4.902880502685652 









4.707869452612697 









4.749469394156522 









4.971421349080484 









4.821646019311645 









4.837573359095683 









4.883495476702983 









4.7831255252415685 









4.851099104333683 









4.794703833619393 









4.814145580594329 









4.8669296530756485 









4.882632242378574 









4.790361828557974 









4.902857033251566 









4.8480529063443205 









4.79304711651217 









4.919220433232845 









4.780746206639677 









4.8447196019836 









4.801941828377151 









4.757255347084411 









4.84004928504886 









4.863307610369387 









4.926459325525425 









4.914645854968639 









4.791138483492428 









4.869711664679072 









5.093227746074011 









5.37441631926924 









5.928726212837011 









6.343278491283179 









6.581853044946576 









7.12890101203514 









8.416317450382204 









8.405341182396548 









8.218365607440953 









8.560030092176254 









8.998250387299576 









9.36562846018399 









9.558831500345129 









9.443279533942242 









9.050593732661026 









8.957788478173352 









8.787333797812993 









8.759643330471357 









9.202893822310314 









9.235994326199712 









8.760280394088886 









8.696981881243827 









8.735344742195 









9.691488424676061 









10.040733953051243 









9.474236062278546 









8.609598426735014 









7.875099218096885 









7.391121761821934 









6.691905105078288 









6.42353090171672 









6.085557002349385 









6.010349138703565 









5.97544453883721 









6.0012572484924975 









6.135436238874433 









5.859136665373734 









5.944448054633121 









5.794910309123859 









5.87014842426943 









5.9109930323530815 









5.897850318730209 









5.805410707560481 









5.994633997120053 









5.887766868355493 









5.873066634099298 









5.813419307984348 









5.937610348877738 









6.022648042664979 









5.881112331113215 









5.972014822915814 









6.001496560378978 









5.90329668624996 









5.847803010920348 









5.912945777397746 









5.962813015431015 









5.905081738051044 









5.883650431258865 









5.99800732512723 









6.051616109473725 









5.844258021372661 









5.809237609988922 









5.781846143339627 









5.749092347464182 









5.643789047807188 









5.699789099917409 









5.943404339142554 









5.747302455258007 









5.764599285885266 









5.739887187740301 









5.817059522698697 









5.770636952779081 









5.83532345528173 









6.137280290248536 









7.640202190780154 









8.448471670061105 









8.529995732808363 









9.513955818746263 









9.646799955182791 









9.330989918479686 









8.779858198941861 









9.043508493002106 









9.70256694607219 









9.86584043585859 









9.456447654122599 









9.28092771992718 









9.733206191635308 









9.676802399761332 









9.972915555923192 









9.833540178629246 









9.798798632320587 









9.318991912520438 









9.148306432137282 









9.403614273657317 









9.190284099134276 









8.890345617552358 









9.039384591065842 









8.553440010315114 









8.34225207961255 









7.252577050441908 









4.3382886133724865 









4.112483571207696 









4.490373636107559 









4.801238887476877 









4.938646477632514 









4.818404720193234 









4.720779511762594 









4.771141831365772 









4.873925514655866 









4.835175359975967 









4.9807187258394965 









4.867876125623556 









4.878703396867147 









4.792932001866653 









4.886986177898242 









4.921871879820336 









4.868521956661548 









4.826802941176307 









4.838277655987803 









4.7822960912043655 









4.741309397819149 









4.759708485576315 









4.8355601701045865 









4.837318127679382 









4.7794540623614825 









4.725633836634325 









4.863655664533893 









4.775144675295514 









4.800226412450929 









4.848911832402095 









4.802895215669956 









4.899675795797533 









4.775718047149613 









4.745096936972882 









4.815197989058229 









4.892426331938753 









4.800684065305859 









4.835451176370121 









4.775723456743244 









4.745774391469892 









4.8664443008466245 









4.951720030128303 









4.870816917465538 









4.736462338330229 









4.777914203569787 









4.825512619304029 









4.952537554049808 









4.894247259456854 









4.800684576590389 









4.874144532466951 









4.821980749822621 









5.254079982540364 









5.382410632394792 









5.458313033317574 









5.9289817190805225 









6.6394449451208875 









7.434206094777798 









7.530728423715082 









7.779218642035303 









8.470800833219814 









8.598598165267529 









8.904820279305495 









9.169214735536915 









9.565165047123848 









10.060671035108731 









10.03260154268562 









10.135016387824033 









9.856804473348575 









10.029643403141787 









9.352692334728363 









8.941935298005816 









9.168956978100816 









9.690373017867195 









9.723414762677372 









9.623160959958405 









9.33993681721011 









9.304806103149295 









8.958107021532102 









8.198219492190676 









8.071046237885705 









8.135854477070476 









8.012510134188329 









7.7816282826184455 









7.371851923216513 









6.961288397779913 









6.781667949827653 









6.580399840228825 









6.534064376129496 









6.556324532376794 









6.544626873551592 









6.489577487029422 









6.5457422069008775 









6.391399626379352 









6.477006125288222 









6.796014305409548 









6.480567889852618 









6.515988330065113 









6.337902332100801 









6.40658266533092 









6.463213136842979 









6.639437583458184 









6.495795386525033 









6.47531671642168 









6.455420799827514 









6.5039615702472435 









6.539175318720682 









6.423869533865053 









6.433763152434772 









6.385550714188874 









6.559915649652454 









6.5282971456671035 









6.238908545894723 









6.49015182143085 









6.3974447834204256 









6.549629930544685 









6.51131573225909 









6.4217735538835665 









6.416177396497721 









6.632246326545665 









6.448779217090384 









6.4039461549176 









6.267177664293658 









6.418700392152404 









7.667248357193395 









8.970240998014344 









9.35080108068383 









9.005541059277792 









8.506072541155289 









8.44338560097831 









8.481825305949984 









8.928498439085109 









9.184909642215636 









9.343719937800707 









9.156781706181183 









9.059425889532541 









9.302093310957419 









9.02537367041412 









9.908115158824117 









10.446456297637726 









9.905525962425356 









10.078226474780774 









9.795246196763616 









9.256726770232179 









9.374632052251886 









10.06358941496221 









10.291317148734022 









9.846882309828613 









9.258439063073602 









8.604296199479705 









7.5340112115978535 









4.474251236275194 









4.157108957679761 









4.442370494093105 









4.8188834075633675 









4.971158369184289 









4.9083052761818164 









4.7732886374425485 









4.868092382248509 









4.7847193382141855 









5.0051459074833415 









4.823770952414154 









4.801815670571191 









4.810691353018888 









4.795077950934612 









4.832881345525542 









4.895053824671911 









4.821230266385924 









4.796204053244384 









4.941740020093182 









4.864792890519337 









4.915218686286206 









4.888473952863351 









4.81242481189586 









4.867581051494011 









4.780093235144758 









4.82994251829912 









4.924609407021262 









4.913581342310853 









4.777036467223689 









4.902801788449214 









4.882425778996017 









4.84296984327868 









4.777104391470102 









4.843070534617987 









4.945453013699008 









4.768772390979944 









4.829452370361349 









4.8567484206780644 









4.881131651178027 









4.87240878730043 









4.8023858706332305 









4.7921197911904905 









4.929706221312242 









4.834617662544764 









4.782053161409475 









4.873829627419134 









4.893830949524089 









4.835046892614607 









4.858891045460681 









4.760343375046597 









4.869243719717095 









5.081976122532128 









5.709314936942752 









5.978540960521085 









6.400915668297861 









6.51375519543021 









7.394758717176199 









7.7813491940718995 









7.642837717177622 









7.56028438049021 









7.878988587375174 









8.221591257073358 









8.58488690350592 









8.980691775943349 









8.917018684530385 









8.919201511178212 









8.970777139781 









8.821853943148485 









8.992798732368938 









9.008510072124428 









8.522194629504371 









8.521756419695947 









8.20615299526515 









7.870237605114719 









7.489505224882268 









7.217351109950758 









6.719067401678688 









6.163244408886402 









6.051600714584611 









5.893806161730705 









5.938919509777594 









6.057825506234354 









5.9844905235135295 









6.0372629327384 









5.993259796738565 









6.088436278472217 









5.938686694673806 









5.976608872606416 









5.786458117084911 









5.806370426202879 









5.7129971387561485 









5.74606845662699 









6.031804255748443 









5.682252554928055 









5.673390643411625 









5.691321106028265 









5.649159785859793 









5.706954912473785 









5.593055576776049 









5.629344824985886 









5.516402616677498 









5.561437342389003 









5.876636539191911 









5.716053406065514 









5.7538161105219965 









5.705911528591874 









5.717234464461845 









5.784129401520033 









5.840323366853643 









5.77075730469468 









5.6802328478815145 









5.72843423529713 









5.884182771290709 









5.58217495826964 









5.631642937520134 









5.535837503735946 









5.663158034002225 









5.896190827781572 









5.725714945914345 









5.751273101847141 









5.692162518771383 









5.802041494272746 









5.662134452164962 









6.072418353606943 









7.486921934776951 









7.982831628460842 









8.310721184955813 









9.263170736621277 









9.14464384759226 









8.541378839123128 









8.215977469248939 









7.758723191664894 









7.66297912512535 









9.052364566709548 









10.048454952670923 









10.183906149893836 









10.212944722085586 









10.150086999012462 









9.121294188415638 









8.675302721188949 









8.515884289702123 









8.574382204948622 









9.23780555596606 









9.419180685340514 









9.465432988512644 









10.08787621093192 









10.52005223419276 









10.008795361503955 









9.155590217194293 









7.929762197468082 









4.536080188325674 









4.056465580008567 









4.43000997595321 









4.8807449128273825 









4.896231578783116 









4.790697938819279 









4.830527264908565 









4.831955058236753 









4.830916446581352 









4.811478294750074 









4.869032193112128 









4.8343156321882 









4.646999819966605 









4.8508924636010695 









4.872702145572926 









4.848043499495931 









4.874063195140139 









4.848201843034421 









4.880895480218611 









4.956855463202547 









4.797389152219353 









4.832220545727557 









4.873694901032564 









4.932482024449585 









4.906544795814487 









4.901071360580921 









4.838935027818026 









4.769277682481184 









4.971445931598101 









4.870118371157118 









4.809061609427834 









4.887357124746957 









4.79872111510721 









4.772232882346785 









4.761222170589166 









4.901784723544269 









4.930017614894402 









4.834335991548994 









4.894308722102305 









4.771793769614803 









4.704738549304409 









4.91791186946285 









4.7942637364281175 









4.783935448951692 









4.8951732476929335 









4.774368144725164 









4.841934837575076 









4.762990935911068 









4.722726092348101 









4.838193189901934 









4.941813368037047 









5.3348691369839925 









6.088889969498028 









5.796997021282016 









5.862083825618598 









6.132080908853812 









6.252553200319292 









5.980060230256303 









6.399555564987424 









6.533298465321507 









6.925690750374643 









7.222724214723469 









7.0580766822468615 









7.132214541423456 









6.723385213395732 









6.782335023897232 









7.140497797556216 









6.951613488872966 









6.771014179873039 









6.5477011414567 









6.312836086777256 









6.452207128840462 









6.995420212485823 









7.145596348136968 









6.422314694942563 









6.314801497305231 









5.716908575955687 









6.0496582291380445 









6.275273024056665 









6.083057968961658 









6.028545914549796 









6.175574440642798 









6.073078718254831 









5.828748859651303 









5.641317248603305 









5.667271116377005 









5.7383799507740045 









5.82176761478582 









5.626361912397668 









5.632616559506663 









5.6233444624482605 









5.609182729217987 









5.585059415554751 









5.625838448317579 









5.760388712745781 









5.761439210064664 









5.717783522619061 









5.6150373287743385 









5.861696070439326 









5.688129148845473 









5.621257783358387 









5.74237829965231 









5.638062450614744 









5.776875815855003 









5.642624996140317 









5.711907470850521 









5.681528394175152 









5.929717608175665 









5.674160835792229 









5.653795084296371 









5.761655194382044 









5.7516420923234195 









5.585753926369132 









5.6831897217345 









5.920811105801875 









5.774556050833184 









5.6854887017743865 









5.664916761277688 









5.751632884979932 









5.730957467590413 









5.738134560705784 









5.796059194277324 









5.7748219556636835 









6.1758429415487015 









7.069819018050141 









7.483991460186021 









7.77992699136117 









8.023185627287107 









8.342768090309592 









8.39703449020605 









7.509799443673175 









7.202078702842875 









7.001337979772778 









7.499098720700524 









7.359506163281467 









7.292570899880733 









7.066982165503813 









7.218094415220465 









7.4757354321052185 









7.486477698485002 









7.204307859103118 









6.643358653282253 









6.600136299187666 









6.5046439962977995 









6.608005159762061 









6.551930337589249 









5.904367212533207 









5.46805766744056 









5.578171010617353 









5.520090106128497 









3.489520411180017 









4.409140223872396 









4.749720702022588 









4.818449670502858 









4.779403450150757 









4.844009861582177 









4.846600171629111 









4.914812801439609 









4.78703828092008 









