0.2 









0.16041358658521104 









0.16114838525381991 









0.1751746833922717 









0.17135225478196014 









0.16662653046349798 









0.16880412403172845 









0.16579006681366912 









0.17733766900010278 









0.15031780150688737 









0.1812658858642942 









0.1855690123744146 









0.24709244537217742 









0.295406625328053 









0.28870975418444356 









0.36332055880524006 









0.5400273764233046 









0.6338408958145098 









0.5769110751829492 









0.5570353054627561 









0.6683746714569572 









0.6621898335752798 









0.6453272127493784 









0.7081799712693981 









0.6592171920051942 









0.6371668224908801 









0.666272975192273 









0.7347576898176439 









0.7531595874307377 









0.7640842209363492 









0.704933523914893 









0.6111225043365636 









0.7192548686156046 









0.7590252486483577 









0.7684086350879333 









0.7843410169251963 









0.6897174332135306 









0.688434833326783 









0.6081883745438648 









0.5547380793796537 









0.508744191396591 









0.44270266693521265 









0.40343784996770937 









0.40601380291338046 









0.3721310380275087 









0.33583154658746517 









0.32335949499589917 









0.3374458278062592 









0.3530012337925352 









0.32570183218356524 









0.2980485467483533 









0.28473154377684495 









0.3406910448076551 









0.30534171422293804 









0.3030142927515946 









0.31419533925238546 









0.3368812335747301 









0.31260409001997613 









0.3059671853913003 









0.3005429859679419 









0.3327051473456716 









0.3229228426808282 









0.31608619231732815 









0.30099450490597757 









0.2983327283877514 









0.3020530346826077 









0.28283954985943893 









0.28937748505798777 









0.30139430767855235 









0.2953998495026779 









0.28360262063892844 









0.307404997572331 









0.33155671125469777 









0.302421607756903 









0.3162918850020262 









0.3149688958133507 









0.288572637625904 









0.32994865043127775 









0.3122206951693023 









0.30637982782648643 









0.30570664434148276 









0.31720427736166734 









0.33195831076796706 









0.4009589618372373 









0.5466237542861921 









0.5846652335715934 









0.5984582116341456 









0.562410049997323 









0.5977561179981591 









0.6607966567569118 









0.6025648805858838 









0.5746810901461721 









0.6345882065760043 









0.6435563033543277 









0.6384769812732052 









0.6544562409128434 









0.6514211032879966 









0.7591196520616847 









0.7594773591276269 









0.7922573780088233 









0.7921396663483117 









0.7802617729333738 









0.7270996511367154 









0.6792514816694109 









0.7064799615834912 









0.7658170557061904 









0.8065476710350364 









0.7286068005865802 









0.49470563816487106 









0.4276350231383229 









0.4027529227407257 









0.1655906368884772 









0.17039831256272753 









0.16015894536198227 









0.17326484164498437 









0.1768413479922586 









0.16748711105698955 









0.16638157711700552 









0.15958660981441253 









0.1648693063058614 









0.15905470826056542 









0.17612254519105963 









0.176914028718004 









0.17767624889985634 









0.16918379050661508 









0.16947060880219308 









0.17968959210361293 









0.1541810928489814 









0.1800949857213836 









0.170369745555765 









0.162167003018806 









0.1834351527787051 









0.1799738728160301 









0.17629328089040058 









0.1515153443596748 









0.17610616772593055 









0.17357301234429445 









0.1669780917176884 









0.17494773801689062 









0.19003856549010545 









0.16883921331106921 









0.16970987459554798 









0.16584528852541994 









0.16674796166316924 









0.1801522295199825 









0.18531714510480568 









0.1717426168180809 









0.1706415081167756 









0.16824747406530782 









0.17044586914364818 









0.17798806383430796 









0.15322837693998614 









0.17037603563788223 









0.16483261261259963 









0.16941671839243028 









0.17522351532950423 









0.17778092213590474 









0.18135902847913526 









0.18571134915549553 









0.16118295099161306 









0.17432416013341162 









0.18578210306088155 









0.20220007265307377 









0.26757505270820303 









0.3228837391779429 









0.3356969534531953 









0.42560124274134087 









0.5646799988536318 









0.551041881950352 









0.5029455733395918 









0.6260964292649345 









0.6176279909036921 









0.6654936837698755 









0.6806874196708983 









0.6726036909971147 









0.635880936016046 









0.6144315906188398 









0.5938766473135468 









0.5996520611757055 









0.6625873056614686 









0.628817978195704 









0.6007855194583422 









0.5892974777342348 









0.633602301605075 









0.7248296959922158 









0.7285508245230405 









0.6726841106911867 









0.5334944380113 









0.45777165875087117 









0.39956600058391634 









0.3379490220138032 









0.30717570477987044 









0.29511683329016536 









0.26378891508340063 









0.2688796787797626 









0.27401688867698787 









0.27102208973571185 









0.250796488930189 









0.2580305399506617 









0.2626649010264031 









0.25160685089283186 









0.26445375060414317 









0.25918473295064587 









0.24696290398174725 









0.2785204815423769 









0.24242597085449397 









0.25488493097157194 









0.24058676816760116 









0.2792165455826898 









0.26094100297212974 









0.2712401269651264 









0.2641957182803999 









0.2544009580792921 









0.2463138314556585 









0.25735811185276813 









0.2675296863694262 









0.2668759018119994 









0.25776430556944574 









0.27572549222160275 









0.25428860132597453 









0.2741089611763131 









0.24891754903011448 









0.27086761364911816 









0.25390174136384003 









0.25590346585677404 









0.22903021767051743 









0.2509746290614244 









0.2677452892285196 









0.23637831027434084 









0.2539468356468422 









0.25726976912140387 









0.24980181539259905 









0.23923221256953975 









0.24008789207181125 









0.3078616528534173 









0.5121483870389213 









0.5598062598507325 









0.5913366344203437 









0.7080434293146949 









0.6937925897059913 









0.6624768547107567 









0.575420820115188 









0.6501757102532462 









0.7450316859222795 









0.7025979110440375 









0.6636783803828086 









0.6709363060806158 









0.6850492616387069 









0.7242575888183884 









0.7324523247294296 









0.7227037417395153 









0.7107337233184543 









0.6442654606353724 









0.6553446405823029 









0.6908741747557815 









0.6261724422449831 









0.5999898474704402 









0.6474871009879728 









0.5504977923752719 









0.5118164585192375 









0.4375481674648448 









0.16748850487012906 









0.1703761724819442 









0.17140617114585138 









0.16825576024520414 









0.17766949105346372 









0.17223905343412868 









0.16677385291686075 









0.16460010190214883 









0.16874764056191258 









0.17365022359667392 









0.17493853754205232 









0.16029278931565727 









0.17579918799054084 









0.15475473942715287 









0.17057060888585812 









0.18545610246748245 









0.1726494703623733 









0.16415848651555126 









0.16977976418471766 









0.1716853805239208 









0.15637300439787494 









0.17527094770396873 









0.15577331681975118 









0.1659006417757003 









0.15921799115871182 









0.16010298142253027 









0.16870267666166466 









0.1686656174275038 









0.17565064643202322 









0.171386312848327 









0.1682885347198605 









0.16970737187924964 









0.1580330035841459 









0.1703010481934813 









0.174906050968948 









0.16219382680879124 









0.16436564409775906 









0.16220833145520805 









0.17441678097909855 









0.1610483028557457 









0.1761024776340287 









0.17360428719867055 









0.1754597881810044 









0.16296996950459797 









0.17163439705893274 









0.175420482468362 









0.1786002312504882 









0.17088806594257622 









0.18317406806911474 









0.18547179258659616 









0.16764309070730804 









0.19707296108511246 









0.21111943580284884 









0.20866914551648116 









0.28307887988548297 









0.35492755633398787 









0.4637693528584762 









0.4493463671982522 









0.48140935829378223 









0.569541065517752 









0.5878109615383282 









0.6461776641681862 









0.6458091694916848 









0.7136497470761654 









0.7343994979299072 









0.7436168148838274 









0.7425154835222587 









0.715549317555846 









0.7176908839452327 









0.6249960744748151 









0.6401137016345583 









0.6538702349130241 









0.7015108775596619 









0.696160428853583 









0.6645498405414547 









0.6477587484503317 









0.67432351908649 









0.5783741459811559 









0.5150450996535068 









0.519600034770507 









0.5215071305976857 









0.4764263981400217 









0.4648534475919761 









0.40731617378635004 









0.3641805261921385 









0.3309836455749212 









0.3248085897912135 









0.33852226018633436 









0.3273637258992833 









0.32607200857570473 









0.3370919353996784 









0.3150703614903961 









0.3069553375248075 









0.33750820099668477 









0.3481444988732826 









0.3252103218018988 









0.3169730780677745 









0.29653998705404633 









0.30793217104174897 









0.32370716603115535 









0.3587902126527783 









0.3179822087476931 









0.3304547464457085 









0.3168587659684077 









0.3235369753285 









0.3159416479577022 









0.2974977314016811 









0.3316884538045163 









0.3161678493505859 









0.334805477304044 









0.33298774357360583 









0.30146879016735884 









0.3308499944544464 









0.30798422351831745 









0.31752410828149696 









0.32188421954913227 









0.3089673784054878 









0.31420834634789024 









0.31560917610643013 









0.3285208436473518 









0.30613550236370135 









0.290568274559937 









0.32557260674805133 









0.49604373850277755 









0.6492182756696385 









0.6629492310602847 









0.5831744505269589 









0.5863912139967263 









0.5551944477010553 









0.5836813406660739 









0.6037605594751124 









0.6654324170359696 









0.6460026139252915 









0.6063681408571053 









0.6512331475426918 









0.6627208358134031 









0.6415302499773471 









0.7516136783756489 









0.7556536225131119 









0.7084234919814376 









0.7458355368646407 









0.6786458861195634 









0.642393129702657 









0.6504016391314318 









0.7490623411610577 









0.759626328825578 









0.6991794555627232 









0.6339693011026439 









0.5776707348644625 









0.47278839244109255 









0.1678574759901533 









0.16824930241898084 









0.1612886385784265 









0.17677707391383635 









0.17643409024802903 









0.17456327105906616 









0.1595175560002512 









0.1738272194299873 









0.1678535739764036 









0.18047150065176637 









0.16396346996238959 









0.1613466604112912 









0.16665664398639563 









0.17240866063804616 









0.17077788691175366 









0.17963852136543845 









0.17585283038425975 









0.16786609123866564 









0.1682494643536192 









0.17099058466966469 









0.1798799880225072 









0.16117617664574335 









0.17256043247609648 









0.19314079788094912 









0.16424402722170153 









0.18675858355361963 









0.18071373822425857 









0.16494768506356086 









0.16600282843124076 









0.18169745874668009 









0.1739686753774867 









0.17015399021947047 









0.16588096050016363 









0.1642811568606371 









0.17826915164818205 









0.14894911463429145 









0.1827232421962406 









0.1760351372761449 









0.17609441065252612 









0.16558944422845956 









0.15515749005705137 









0.17907039546826645 









0.17263565153981017 









0.17314977451660668 









0.16227749066043984 









0.16962034743615173 









0.17394228694918556 









0.17166084280886124 









0.17582006773728615 









0.16744269523496141 









0.1711366884645005 









0.19853115592232 









0.25554221177811454 









0.26872019163339966 









0.31526894977020387 









0.3263652663534866 









0.43672778026503467 









0.4836923381761738 









0.45127589120675393 









0.45601560158952115 









0.4822540922166072 









0.5281265255339909 









0.6076657022425394 









0.6392370892498354 









0.6389540476663524 









0.62354074092638 









0.6231170821009286 









0.6241722606567623 









0.6455817816014 









0.6269714504616772 









0.5690233644112697 









0.5319659342217282 









0.5248996928786155 









0.4801368563884397 









0.43726725182802706 









0.3906514526005298 









0.3319180176565967 









0.2642413918363402 









0.264425476892153 









0.243723054406281 









0.25705253672733264 









0.27787703523425383 









0.279460085318041 









0.27205113432828176 









0.2818103160194976 









0.2575611355020998 









0.25802989366416296 









0.25805994569577084 









0.24191732563353469 









0.23457036537282755 









0.24125295565301336 









0.24170808332478888 









0.25977983215169875 









0.23381471505175958 









0.2335876223980253 









0.23715638066707204 









0.247511063536473 









0.2563024680254866 









0.23534030757434327 









0.2420913269302155 









0.20912155920037023 









0.23312229970053233 









0.2658812726413945 









0.2393008028420845 









0.23333520397257929 









0.23768910732460916 









0.2496283029786479 









0.24457768104015676 









0.2581095205409619 









0.21824689962717456 









0.2508449250910729 









0.24281200545109263 









0.2736384884614711 









0.21291950543267663 









0.20995103055473335 









0.22031639751386134 









0.23593252391643232 









0.26861740019751856 









0.22731698945560613 









0.23006639839889553 









0.22563287129845233 









0.2506602264874732 









0.2359117401649421 









0.3011177158447674 









0.4682651925331499 









0.47845279843844124 









0.5899255447769608 









0.6505986936017942 









0.6006106826181963 









0.5497406104705069 









0.5244561616518781 









0.44896500780928106 









0.49978978051491973 









0.6626002841236149 









0.7561140753057624 









0.7425610175995119 









0.7533690653426015 









0.7106490320661456 









0.6115922607682773 









0.5806471568455422 









0.5472956929013904 









0.5948892752212677 









0.6916261958796232 









0.6696737039028917 









0.674266852317111 









0.7480793349655872 









0.7669918637618375 









0.7276438755778947 









0.6139300139578272 









0.5501433877671112 









0.16600314178030623 









0.1567771358865796 









0.16675517550543342 









0.18209803511516626 









0.16513336740630896 









0.16481055823527183 









0.16605613295170774 









0.17428922605819336 









0.1708451845951498 









0.17193644562850796 









0.1706928025572988 









0.1596218223656548 









0.1568287466481048 









0.16589342957482747 









0.16385984518976066 









0.16932317221094864 









0.17252952447621506 









0.1775802025608371 









0.17734573396495706 









0.17706693645025717 









0.16641856343278455 









0.17587818968507493 









0.1753689917270287 









0.19219828210186973 









0.18671841901106945 









0.17336254888274188 









0.17094014606737082 









0.1750249081955545 









0.19147828145792295 









0.1765916487457617 









0.16281472696790494 









0.17559999443321989 









0.1756402886190869 









0.16348757593369986 









0.1769187244650774 









0.17907013623903623 









0.17806991268977607 









0.16827781146995663 









0.1704483909476215 









0.15886848581676033 









0.1607923070619222 









0.16832816628847627 









0.17288933841884346 









0.16085476136920135 









0.1802262304992818 









0.1673834060653273 









0.1712524719268923 









0.15304758550171016 









0.16732211372807304 









0.1793405225598644 









0.17997309256705812 









0.24031812421722798 









0.2921888989903665 









0.2528407502086932 









0.2519576019256929 









0.3061234392448771 









0.29152832932665745 









0.2578790626421805 









0.3264289298639411 









0.30572986805232055 









0.38862284219742815 









0.39681679449437574 









0.3759908978133121 









0.3870289874448882 









0.33353309166077133 









0.35831363892179696 









0.38143104238112946 









0.3496897176858257 









0.36516718337407233 









0.326229193612412 









0.289853619868917 









0.34027094162767124 









0.4007399722481731 









0.39487803767999935 









0.3157409295068885 









0.28153680862628927 









0.23438409041565694 









0.29956142360588167 









0.2920939053837671 









0.27845011444167267 









0.27372799814977833 









0.2844339403225471 









0.26836522671494034 









0.25236020905557244 









0.23799806919999666 









0.23327285453573332 









0.24889682286866532 









0.2452909800114845 









0.2325598179448645 









0.2210292334416842 









0.23912389841126686 









0.23525413703269038 









0.2171511393249931 









0.23743121600134953 









0.251441201519914 









0.2542347608956105 









0.23100862984416556 









0.25291512972585994 









0.2538533067722674 









0.23672545561330438 









0.2355937248711772 









0.23687656067127855 









0.22919292312104955 









0.23139985288455894 









0.24967014088531703 









0.22280783908546298 









0.24545849995262425 









0.26374733745067125 









0.23107323512086336 









0.2369642368555139 









0.24858995089170316 









0.23063044165535523 









0.23673710136386567 









0.2482295652470115 









0.24273369267644931 









0.24550584347886903 









0.23119185015735066 









0.23540783835779935 









0.22504534789217773 









0.24814429785667808 









0.24467868164748585 









0.24762722145769278 









0.2802482453231545 









0.31071797489029024 









0.39796942867039176 









0.4517775002029718 









0.47943876348232567 









0.5134807938254 









0.5713240106886215 









0.5250110747731451 









0.4066230347530092 









0.40484862256803356 









0.3890766370969171 









0.4318395844240242 









0.43469173220531815 









0.3890969739358727 









0.3922508900897248 









0.3958204233167361 









0.47226842514873524 









0.4484622467257462 









0.3629304253244339 









0.3357322233141915 









0.32888020079527275 









0.3186549018549981 









0.34521821368527794 









0.297627165000631 









0.22835516696651936 









0.21039963462110142 









0.22557398977658327 









0.2601982213855799 









0.1371962363864577 









0.15964674469338413 









0.1647449205128998 









0.16442814948608842 









0.17290228593622425 









0.17007624415559494 









0.16937323829559986 









0.16669366697163032 









0.17659449370240593 









