0.2 









0.3711425168613688 









0.1348684122046256 









0.13087144468594447 









0.1310848141548715 









0.12879705795527044 









0.12249122761128614 









0.12574551227474462 









0.14319158415863814 









0.13607757344254806 









0.13135413573038995 









0.13444363942002013 









0.11948861044224787 









0.103841250482796 









0.10650750307035758 









0.09472468349828478 









0.07556854508131061 









0.0564175611258818 









0.05367975186315876 









0.05816231320394088 









0.0550916147205851 









0.051381986659787965 









0.054435616895206665 









0.056273243313835805 









0.049333858160546834 









0.05457911081534103 









0.05360934003770763 









0.05403909417013297 









0.04841754429648629 









0.047075160229172484 









0.05188815807391026 









0.04850022389450352 









0.05756954297192181 









0.050236737659211717 









0.04493172655726162 









0.0439444884372091 









0.04823647843675842 









0.049315939885376095 









0.049736308084575576 









0.059513397644346835 









0.06607306251196679 









0.06776504751016077 









0.07129272559463462 









0.0775504273507481 









0.08038792532040971 









0.08955126977829228 









0.09346370032606113 









0.09180954153721924 









0.09193848650565208 









0.08450512282158332 









0.0848105599492546 









0.08894497883787239 









0.08691076247952115 









0.08580195328588655 









0.0919269557380645 









0.0910032157835686 









0.08708783336275981 









0.09953516812138224 









0.08867050939451801 









0.09231240315327897 









0.0949471648762214 









0.08671568000405688 









0.08930361102496409 









0.0818140814649048 









0.09224739683300204 









0.09559864282711905 









0.09519637143243632 









0.09307493674225073 









0.08979148679646132 









0.0907132139845829 









0.09708392005343543 









0.08641116919426392 









0.08844668304352578 









0.08740612035707532 









0.09294814963635523 









0.08863747000052855 









0.08635036070151411 









0.08974700425778062 









0.08576384409524238 









0.09114277868783015 









0.09009437834453858 









0.09067663039495326 









0.09894575645481588 









0.09720492100274612 









0.0719150552896238 









0.06076567179341824 









0.059013331528768594 









0.060960380713256566 









0.06309478407785322 









0.05179579870725542 









0.05435872225175112 









0.057160037971129105 









0.05610582634294982 









0.053682452451770946 









0.05111776670728337 









0.05246880160376152 









0.051090949579554526 









0.04886747869373641 









0.04857208586632824 









0.04912519792825237 









0.04318773278925159 









0.04358867607979963 









0.04408670099897947 









0.048350258280370484 









0.04608785907182029 









0.04669414093958031 









0.044393942931116426 









0.04615636321227196 









0.050708109857171974 









0.069758065229903 









0.06867974482062651 









0.1083312579666087 









0.13894251884848538 









0.13899641360394427 









0.13518191073624694 









0.13298838764839024 









0.13536363776536764 









0.12774862821356253 









0.1267637136239358 









0.12652176460812634 









0.12385973001771641 









0.1262050230027593 









0.12233758006568865 









0.12155378851373158 









0.13932579523263405 









0.14068172009367824 









0.14086399217821952 









0.12416151934650771 









0.12536231084380667 









0.13626207172985388 









0.12357723525925034 









0.12356794711644922 









0.13014857703185978 









0.12168925140505288 









0.13506574323659665 









0.12320294479281342 









0.11712111545561957 









0.12441914216039786 









0.1225031813623573 









0.12957820905529524 









0.13107502758546835 









0.1192192290938631 









0.12214279498797918 









0.12701270227323724 









0.13183424470220925 









0.130919499288996 









0.1305790379578894 









0.12249146052373551 









0.12651357459298282 









0.12739630109808223 









0.13894166895304486 









0.13376688050989718 









0.14486799415310586 









0.13522568811066876 









0.13116460213117473 









0.13236362095676807 









0.126951393772943 









0.12809393563474333 









0.1199003559791576 









0.12512253287374042 









0.12083337642374797 









0.12399072078141289 









0.13273947356975146 









0.12301536211821387 









0.10657492970524678 









0.10424691354342702 









0.08345114002524387 









0.07138824521744597 









0.06473757485433013 









0.06440996280956583 









0.06709027419183677 









0.056895058169512416 









0.05479146776592722 









0.051566238005923436 









0.0560026213186966 









0.059019103975433675 









0.054048169502697155 









0.05996175068783585 









0.060854321747153446 









0.055584155329517035 









0.05396627749412096 









0.06080722572068991 









0.05863252495065649 









0.06159558788119908 









0.05604186830876401 









0.05099238914361173 









0.045928879025665274 









0.05520381980518037 









0.06501736691586786 









0.07238987847931883 









0.07319218598047796 









0.08147091409089244 









0.09486434983482273 









0.09240583575055122 









0.09794663161387282 









0.09800817458053981 









0.09871348359001969 









0.0990620367663218 









0.09925307217274684 









0.10017656540067653 









0.1036139139795405 









0.10765661157616878 









0.10315268239665036 









0.097919541243593 









0.10401940440207558 









0.09522441612059923 









0.09788425129744073 









0.10382962217168579 









0.10360633829775791 









0.09439640305621175 









0.09656379067110712 









0.101053404910018 









0.0947315335036931 









0.10621949288138004 









0.1006545899225071 









0.09422084478560838 









0.0951779377752438 









0.10080283146405772 









0.10999578289160722 









0.09600940917151023 









0.09961371244586043 









0.09407607985900694 









0.10233884437165316 









0.09324552142431144 









0.10141527108028084 









0.10302954843539874 









0.09935450533789528 









0.10239957411964663 









0.09965722447301699 









0.09725002664738183 









0.09980274776117398 









0.09871410928540408 









0.10097479771284673 









0.10461437506623279 









0.09811131818093555 









0.08146856743757734 









0.06198231092524687 









0.058793597815955216 









0.050684818101149415 









0.05121314563717999 









0.054282448366570035 









0.056458822207504686 









0.05815774788865636 









0.052204677507944774 









0.050241505342687454 









0.053906376064455974 









0.05577662383476375 









0.05117953665481402 









0.050428368815755034 









0.05272230686081 









0.05185385109877565 









0.048535061619396 









0.05325530378698986 









0.053082212339823374 









0.05401122086312473 









0.05094831114650618 









0.05301984827046943 









0.0547915063831816 









0.060332549392834715 









0.06435754653861506 









0.06791635879928248 









0.11078419461745218 









0.12264499504330996 









0.13216437983488646 









0.13953975607579516 









0.12942022076446552 









0.131045256927801 









0.1273906810695144 









0.13555490327937555 









0.1327560430142659 









0.12968405589131105 









0.12346438912342497 









0.12345307502391864 









0.11944826545994311 









0.12326265536426168 









0.12342810741328397 









0.11807889047272027 









0.1292862884218101 









0.12863537990465024 









0.1320411388592431 









0.12780031363547562 









0.132018258419867 









0.13333419564338636 









0.13436782001997613 









0.13025817133112993 









0.12431880826481828 









0.14478798499853957 









0.1348584255403988 









0.14450876131831486 









0.13095694909178812 









0.12527779927594443 









0.13389108631050198 









0.12315969651760997 









0.13718246497474335 









0.12599832344906212 









0.1368700581439355 









0.12487546863456425 









0.1256110453877625 









0.12004898669223744 









0.1410084920245695 









0.13463297795871143 









0.11648267724237002 









0.12252269529184195 









0.12803719267360678 









0.1222545352283749 









0.13238773422890082 









0.1284498454837832 









0.11909895385019456 









0.12625408349686132 









0.12284939317416424 









0.12384041627605162 









0.13860244131511315 









0.15059402882580736 









0.14704778085093775 









0.15585847105114076 









0.17231811207116376 









0.14246160169732375 









0.11738063001842941 









0.09549109299196232 









0.09754116583671066 









0.08468194675842831 









0.08483455962409645 









0.07417477590671383 









0.07328027771851064 









0.07095250673082452 









0.05710723254105282 









0.05711850911918976 









0.05720489694537277 









0.06301651852664052 









0.05766213138803118 









0.06583566886600029 









0.07769232074883883 









0.07371505939150443 









0.06593910606956192 









0.06572142467451605 









0.056774251346997553 









0.049844481928604537 









0.051945604990903525 









0.05013938474434711 









0.06120045454728877 









0.06699007119509223 









0.06344646478081911 









0.06491827534096052 









0.06706168495565837 









0.06786095699696926 









0.08060220741808988 









0.0746621448747625 









0.08455699365312946 









0.0883820231239891 









0.09311990434331759 









0.08520119962121622 









0.08237839119545359 









0.09115979888013656 









0.0935073440116047 









0.093878573974529 









0.08316901513039726 









0.08771984037501526 









0.08922518830816259 









0.09470521052123884 









0.09156981793260993 









0.08874295970798451 









0.09271551108417513 









0.08789223212406191 









0.08939854980611417 









0.08717661965129703 









0.08656657294465495 









0.08449876610130819 









0.09628195076519576 









0.09207670430531695 









0.09266020036038931 









0.0895445714193508 









0.0889094333245967 









0.09323180027665272 









0.09373157344148583 









0.08398102591787578 









0.09036213330630996 









0.08965331598635334 









0.09178068949318594 









0.08737797015754195 









0.09044820287975038 









0.09333573288914271 









0.08824359401331416 









0.0885691996793665 









0.09885623653692156 









0.08474353902984715 









0.07196160005583696 









0.057513103650018334 









0.05874414949277254 









0.06586819163294674 









0.0640838784916643 









0.06401413650748804 









0.061501292847233435 









0.05797906291325505 









0.05454182719336872 









0.05363913688679085 









0.057914814615250915 









0.05814685204538404 









0.05496120746412907 









0.0529876219925276 









0.05178043108208724 









0.049800473080265945 









0.05277202553621646 









0.05100180801825396 









0.056860413013666025 









0.05764696355434128 









0.05639033137091459 









0.048411122226689716 









0.051612979554105216 









0.050474497336400026 









0.05962513884442512 









0.05997885262940543 









0.09441814367806275 









0.13005970421736046 









0.1234089914045984 









0.12440682669946657 









0.12441606660904482 









0.1357405789919956 









0.14048476872976784 









0.12739829357255186 









0.12490755528305686 









0.12743697425720107 









0.12334932347833222 









0.1318592310127752 









0.13314969335529853 









0.12241025770600064 









0.12755023127941262 









0.11676394328044604 









0.13329911959556826 









0.1410827799664905 









0.1336302959003593 









0.12434197920759534 









0.12428683459667425 









0.11811847690376195 









0.12495269223842898 









0.12457976351977104 









0.12588845785096903 









0.12215821740621824 









0.1250193733535408 









0.13319846660805634 









0.1318367164154794 









0.12181087007315933 









0.12551265273541254 









0.12267625702268065 









0.14063397342352735 









0.12524007260197864 









0.1250298783870037 









0.12985038756748796 









0.13516893658211 









0.133865913133628 









0.13305124277016817 









0.1329075294320748 









0.1261924340413748 









0.14161937734562557 









0.11953205741602195 









0.1279456705979818 









0.13376187928365382 









0.1371113404338001 









0.12336253317065735 









0.13764524169056203 









0.12610629956618402 









0.1329493987679743 









0.16814304658135265 









0.23102461802839058 









0.3811985810607635 









0.5778046212223451 









0.6721823873210506 









0.723979211860826 









0.7289082282682826 









0.6203835816792873 









0.5445050890459198 









0.5826090205464647 









0.6082917840668929 









0.6227926552787257 









0.5275985462330239 









0.44484583723202625 









0.3772259511159994 









0.43107235577919467 









0.4336988852283632 









0.4232313936582973 









0.4629501844507117 









0.43944025772586237 









0.5073186495496477 









0.5320337359055802 









0.6144142776381415 









0.6884418701247046 









0.600688733639753 









0.16322201594523517 









0.09048544041381702 









0.08967090917494772 









0.10047611008044212 









0.10340436575445738 









0.10617945478066748 









0.1070572865420164 









0.10019024818108821 









0.09869598602177278 









0.10444599927862105 









0.10176231964421936 









0.0983351668578129 









0.10725545810829143 









0.10445771710684526 









0.09943416785609548 









0.11083577952899479 









0.11434438960329071 









0.10083471362159852 









0.10847381375412674 









0.1068166957070315 









0.1091922539010379 









0.11400914842388918 









0.10734974247235883 









0.1088649538706313 









0.11208794492620694 









0.11382816231278012 









0.12099270681917755 









0.10746775891035833 









0.10744908552952774 









0.12206962673618563 









0.10408265125698837 









0.10892109158418238 









0.11290736247565443 









0.10260360635018714 









0.09519302690929893 









0.1181448170191184 









0.10135370549632114 









0.10362525855031265 









0.11228721245093101 









0.1152264239232163 









0.11475287276797938 









0.10814856051839922 









0.1105575910552942 









0.10837820587047255 









0.10658898021752913 









0.10872074914104773 









0.10536388391648283 









0.1260824868394208 









0.15021799635474048 









0.13170499838742117 









0.10946900850365224 









0.12192921692573304 









0.09853380521156244 









0.08931206643992537 









0.0961808791202557 









0.11980465263558744 









0.14582833906017628 









0.169490342794544 









0.12815217289654368 









0.09154619659413891 









0.09020950959558664 









0.08224461532760177 









0.09362390958210728 









0.09984333375512752 









0.11342278955200338 









0.10806351442181525 









0.11849695515072212 









0.11109468361129643 









0.0936867025959151 









0.10134220258734747 









0.09961207508926745 









0.07104466633664369 









0.05115330747880177 









0.0516960931706999 









0.06197094136516275 









0.09910685830150562 









0.1458764425724174 









0.1359138260740863 









0.12829640152999625 









0.12554434074686588 









0.13212406307562474 









0.12320126839600715 









0.12415186402982377 









0.12076567816469101 









0.13668603911654909 









0.12117873382770802 









0.12792733309474785 









0.13624503324223491 









0.13611762991924775 









0.13767850307529036 









0.1349532487113347 









0.1329526328322574 









0.13182892274740599 









0.13106343997943612 









0.12376915872879626 









0.13012013730075103 









0.12962129700587954 









0.13173354483335695 









0.13248106018273245 









0.11798839989580619 









0.12383160155210671 









0.1309007413132393 









0.12931136564727863 









0.1236887682220749 









0.12728687053300186 









0.1313090805840389 









0.12000356905227262 









0.1285720519393569 









0.12149591202518688 









0.13869141488848377 









0.12684070989399596 









0.13427296223642643 









0.1271759878045436 









0.12314845677928238 









0.11905068939898764 









0.13261725971090588 









0.12311212577627184 









0.13251807699588664 









0.12540167065445862 









0.13442150212181775 









0.13277701767927755 









0.12021416612209118 









0.12931556387433632 









0.13229028473393334 









0.1272311289558548 









0.18178027047008039 









0.5387411551064276 









0.9113331349361167 









0.958815762575794 









0.9802188311838919 









0.9884672403126971 









0.9915444649761863 









0.9941300581493113 









0.9953754317458814 









0.9955455583501538 









0.9959832600823646 









0.9955695486177956 









0.9957319394903744 









0.9962355831592731 









0.9966291577247008 









0.9969812967383 









0.9965677936081403 









0.9964827949427348 









0.9970611015675145 









0.9973188089379241 









0.9976370699522225 









0.9982149422233038 









0.9981302964335412 









0.9975587426372075 









0.9961795537849791 









0.9377603746860428 









0.361968104260731 









0.1323963925959753 









0.11486390722444234 









0.11412845522147023 









0.11436476382875194 









0.11168781914477256 









0.12293790386672979 









0.12391572932458197 









0.13204885306250375 









0.130861056371089 









0.12653399411776986 









0.12862941956661605 









0.1308092055205813 









0.13671076028307608 









0.1317238041059808 









0.13346937823878957 









0.12957756651087515 









0.1383400108645752 









0.13790805698324782 









0.13422613262629712 









0.11725053430982929 









0.134337757237952 









0.12163083509678649 









0.12721181165848122 









0.12012392084324697 









0.12304504213314756 









0.13266689386822164 









0.13098689826506138 









0.1230715946763557 









0.13455462582675926 









0.13789986090562467 









0.11596709858377359 









0.12212652517838785 









0.1339996023249659 









0.13403415177305006 









0.11544831847349465 









0.1382515447219681 









0.12121652671324795 









0.1282178098409369 









0.12260847312709605 









0.11601520099134197 









0.13132299385888158 









0.1235809389895231 









0.12151907840037438 









0.1309385267467344 









0.12389949783475854 









0.15901864692554218 









0.27705723174786356 









0.467910608564453 









0.5814763104257181 









0.6864253394149131 









0.7198975450088034 









0.7017292862403361 









0.6672167106225488 









0.737063504724216 









0.8554438440445743 









0.8843653728959341 









0.9059763497487263 









0.9096153957882419 









0.9112067144144593 









0.9422388829354844 









0.94790171859587 









0.9512396858283887 









0.9430505834363636 









0.9500011872209251 









0.9661530490589796 









0.9762286623653451 









0.9812810916284904 









0.9827349469827855 









0.9832782566969132 









0.9763942125034528 









0.9060101663449628 









0.5098928243558922 









0.1723161953721586 









0.12213533881322898 









0.13508221503009393 









0.1447431587597406 









0.13025303729653692 









0.13491739373234546 









0.13034936963181565 









0.13204291301966595 









0.1369601601500098 









0.14413703304582004 









