0.2 









0.0003431300277761305 









8.760071163259147e-05 









7.360340780452446e-05 









5.4648618804479814e-05 









6.349100297312163e-05 









6.704788236750146e-05 









6.0826602358619706e-05 









8.835594782606127e-05 









6.912325196044088e-05 









9.216848495569336e-05 









8.631909795303895e-05 









6.991887499291466e-05 









7.195208553433742e-05 









5.460570667405295e-05 









4.981969758911989e-05 









4.354104270927828e-05 









5.0357190097094315e-05 









6.28072123139644e-05 









5.763393904606992e-05 









7.025742701397148e-05 









6.01468600147527e-05 









6.299468265119534e-05 









4.207418001379344e-05 









4.810121622871317e-05 









6.783225402981515e-05 









5.6161429305434944e-05 









6.569895267147336e-05 









4.504581696141833e-05 









4.368625111920486e-05 









6.620120326510074e-05 









5.411452990637841e-05 









7.254109544067481e-05 









6.828329987970287e-05 









5.631303460844363e-05 









4.937766778379037e-05 









5.659900809462903e-05 









6.862224040406492e-05 









5.499617315954977e-05 









6.949296537916579e-05 









5.633896326223683e-05 









6.414615932282564e-05 









6.204865704068797e-05 









5.188804417720801e-05 









6.433554784748903e-05 









6.608553673093394e-05 









5.1194825772471085e-05 









4.81583304205155e-05 









6.577465203452102e-05 









5.347870497367363e-05 









4.153925422426116e-05 









5.686550055533199e-05 









5.1484369291131444e-05 









5.063040970254826e-05 









5.7532711477493935e-05 









6.630621240109064e-05 









7.818025215844899e-05 









6.995926245938425e-05 









4.359064246800656e-05 









6.29275994078803e-05 









5.661603497949801e-05 









7.462512029530303e-05 









4.1635597638273665e-05 









4.7124030508484687e-05 









5.544940944293743e-05 









6.686829500720548e-05 









5.374629887429815e-05 









4.987593691381919e-05 









4.754161578556433e-05 









7.947062098849977e-05 









6.55646254430037e-05 









6.629933026349888e-05 









5.62215994729728e-05 









4.920544574314458e-05 









5.742889701150642e-05 









6.65190998674644e-05 









5.877666468440971e-05 









6.839147164694774e-05 









5.980543500566488e-05 









5.576555635436415e-05 









5.432341771531941e-05 









5.8099497084052374e-05 









7.1803853700822e-05 









7.085837618999245e-05 









6.158922766053534e-05 









4.774643460320054e-05 









5.2256443927052124e-05 









4.52885197613964e-05 









5.5068009313116774e-05 









4.451022942626654e-05 









5.204017700277388e-05 









4.9337228613726635e-05 









4.381272723388121e-05 









6.0686863198824805e-05 









5.0629876330836496e-05 









6.824652308012438e-05 









6.333760542514136e-05 









4.9171866317066566e-05 









5.594628899539543e-05 









5.221012827313147e-05 









5.7145314210910474e-05 









6.48421849496751e-05 









5.6332964527265005e-05 









5.247638073231302e-05 









6.766180869525884e-05 









4.950542004493443e-05 









5.5718981230660334e-05 









4.6822752143138794e-05 









5.3696099910699663e-05 









5.123317703394923e-05 









5.6441248898695244e-05 









6.19430477742266e-05 









5.0818056003849955e-05 









8.81125197614481e-05 









8.570645905823284e-05 









6.0937657215584915e-05 









5.46205706224956e-05 









5.352509949693336e-05 









5.2565114899558146e-05 









5.349720915154602e-05 









5.835382025558164e-05 









6.976693947054793e-05 









9.678800412581061e-05 









6.270951479632392e-05 









5.1763281000338706e-05 









7.55477603282178e-05 









5.644848366823766e-05 









7.083025148886804e-05 









6.439350004392588e-05 









4.8479403963333454e-05 









5.330926022199714e-05 









6.923390605491429e-05 









6.86812100798175e-05 









4.695331163376134e-05 









6.903660785487721e-05 









7.233789292432657e-05 









6.430526562032125e-05 









6.518781917483782e-05 









7.342833261803617e-05 









4.356705893144024e-05 









5.472778859430475e-05 









4.872273434498251e-05 









5.2141553780659866e-05 









5.730940971062016e-05 









5.5998198059651966e-05 









6.768062691297175e-05 









6.247901785475523e-05 









5.5515822167717126e-05 









7.956574407088038e-05 









7.055559657720137e-05 









7.72369293379955e-05 









8.115371812286959e-05 









8.891064133336969e-05 









8.210592978694848e-05 









5.9133763484724455e-05 









8.189019197169309e-05 









6.801663748058631e-05 









5.888838533211961e-05 









7.571764037208958e-05 









4.907671085532812e-05 









5.1989745293528295e-05 









6.177292849766163e-05 









7.500870299752552e-05 









6.983944299795115e-05 









5.315629933296781e-05 









8.061731265884077e-05 









6.188990567654543e-05 









5.785246488670068e-05 









6.663324565552901e-05 









7.001887235009039e-05 









4.680596120258846e-05 









5.9970657174959725e-05 









4.172185170718021e-05 









4.438308800511242e-05 









6.102962735583022e-05 









4.4632815884538914e-05 









5.81896603530048e-05 









4.4285635807810616e-05 









4.440198003059422e-05 









7.308023856428516e-05 









5.3806616299626166e-05 









4.851958164863707e-05 









6.503389831055557e-05 









7.272457867289902e-05 









7.251519137400263e-05 









5.296276120919142e-05 









7.579182694772725e-05 









7.148655743272543e-05 









5.1701221999320265e-05 









5.160718504620366e-05 









6.038762831879195e-05 









7.403475496029364e-05 









6.444308575790831e-05 









7.1782708050626e-05 









7.391697040636967e-05 









6.411036214244665e-05 









5.0302204943943334e-05 









5.262829244419043e-05 









5.923529034559917e-05 









5.461804984581226e-05 









7.342313826484619e-05 









6.907622512068667e-05 









5.236086371839803e-05 









6.618852787952453e-05 









5.6645865849097516e-05 









7.554980304743479e-05 









7.418789683916524e-05 









7.620522918590908e-05 









6.579873909714953e-05 









8.213000135104589e-05 









7.393591710228444e-05 









5.82041200790734e-05 









7.123364879852586e-05 









5.785220359175574e-05 









6.268152982197975e-05 









5.914821250318694e-05 









7.127773127545381e-05 









6.014303865863362e-05 









6.9208535725928e-05 









6.544122886720626e-05 









7.564309409171721e-05 









5.0195205357681086e-05 









5.149573002659841e-05 









5.284702924999922e-05 









7.366337525491039e-05 









6.520612860453693e-05 









7.103850344892653e-05 









7.510319432626638e-05 









5.272222529667154e-05 









7.817654421603924e-05 









6.19904279483272e-05 









5.568243281473183e-05 









6.026848038020523e-05 









6.406530699080934e-05 









5.9207515414369154e-05 









6.121503789825528e-05 









5.6178292380839256e-05 









5.142337888018513e-05 









5.363576942272605e-05 









6.66950255049606e-05 









6.263766039928611e-05 









5.1064340321703826e-05 









6.289543997626268e-05 









6.672289985562693e-05 









5.69792746507096e-05 









5.6735456028752796e-05 









5.380138114575682e-05 









3.818541390538352e-05 









4.64911070286652e-05 









4.209529211967846e-05 









7.192774142012673e-05 









4.522145051418865e-05 









5.279827246585643e-05 









3.757486855835538e-05 









4.918271738429185e-05 









7.637201821856815e-05 









5.966886091534642e-05 









5.1066582335504445e-05 









4.458867632994568e-05 









4.4925119451314794e-05 









6.818736667882667e-05 









5.751913429945399e-05 









6.604466588111279e-05 









7.165368335131566e-05 









6.227695302508906e-05 









7.268367595271002e-05 









6.096038212813245e-05 









5.4010897157248834e-05 









8.985188985886207e-05 









6.0208077230848734e-05 









5.324127123535127e-05 









6.145046226712717e-05 









6.886380465175344e-05 









7.870314291952075e-05 









5.5435180248358936e-05 









7.948371259089104e-05 









7.97537649625577e-05 









5.068075144579004e-05 









6.739811098449409e-05 









5.800925735116807e-05 









7.118503798301561e-05 









7.877983051450134e-05 









5.448996033386328e-05 









7.918616822245338e-05 









9.02012305847782e-05 









7.638106597923373e-05 









7.683385681286193e-05 









8.546746984172251e-05 









5.7310478751279247e-05 









6.664035008104248e-05 









5.831421312926309e-05 









8.537531649470928e-05 









5.758898077520306e-05 









5.897946764415825e-05 









7.372829372362128e-05 









8.463022179616368e-05 









6.917797661531536e-05 









7.569854662288164e-05 









7.180036751710606e-05 









7.643234125359255e-05 









8.027221591555812e-05 









8.992052857633367e-05 









6.649447657395668e-05 









6.0862210912553726e-05 









8.904085229370837e-05 









7.706334592167999e-05 









6.47250002423624e-05 









6.644111622152379e-05 









4.865957395716657e-05 









8.709743550279128e-05 









7.140844722750524e-05 









6.657178741090723e-05 









8.21858959669125e-05 









6.544410485239393e-05 









5.703995582544262e-05 









5.7705047400333066e-05 









8.631370213030066e-05 









7.344165363728277e-05 









7.474064858587669e-05 









6.35863947988268e-05 









7.29174809161956e-05 









6.246233261872561e-05 









7.550767566639937e-05 









5.37043074688857e-05 









4.9887423699905515e-05 









6.359219993647318e-05 









5.515162370975859e-05 









5.40254291339362e-05 









5.17964580851521e-05 









7.18019912954848e-05 









4.1649892701056537e-05 









4.6595988127154295e-05 









5.570713377192791e-05 









6.859242704698176e-05 









6.355723457414746e-05 









6.0068657542927206e-05 









4.948815411741031e-05 









4.869214024009417e-05 









4.569183473852333e-05 









5.960484557306894e-05 









4.53881999766261e-05 









4.837966236673634e-05 









5.3853484122477405e-05 









4.910596058381847e-05 









6.345229506415753e-05 









6.042979187810063e-05 









5.011627347306832e-05 









7.044816674969814e-05 









5.863635278254185e-05 









6.483976446426955e-05 









5.543588583654207e-05 









6.904385042603829e-05 









6.234186544491581e-05 









5.2241102468864926e-05 









6.338046928753663e-05 









7.123799292233375e-05 









5.779267244009489e-05 









7.106015604142318e-05 









7.516347978307969e-05 









4.902990644201938e-05 









4.6709825681748846e-05 









4.469183002559241e-05 









5.887693739645939e-05 









6.0285104497909e-05 









6.731172189395284e-05 









5.4166983344251095e-05 









4.569914591772763e-05 









7.637129738674074e-05 









4.386819017565053e-05 









5.487046926824817e-05 









8.193664921024837e-05 









6.326771488248e-05 









5.485478865082381e-05 









7.816747198849946e-05 









5.181985011225658e-05 









7.660227856164383e-05 









7.765772696436646e-05 









7.958296099699807e-05 









6.311113652163758e-05 









5.9912956347139737e-05 









7.785714611237682e-05 









4.849868967955996e-05 









5.90263021576677e-05 









6.213168680544283e-05 









6.762078565467144e-05 









4.5082503818557836e-05 









4.2907813723020485e-05 









5.560928798398408e-05 









8.065871159972996e-05 









5.49688314669096e-05 









6.604103847658975e-05 









4.342196260259536e-05 









5.815094819744274e-05 









5.145908405003083e-05 









5.5485248269280834e-05 









5.13387988713962e-05 









4.565191197157414e-05 









5.1030297340538555e-05 









4.69183798860078e-05 









5.9987996084679115e-05 









7.65490182927847e-05 









6.145819776851057e-05 









6.294336178391111e-05 









4.818217032442386e-05 









5.497098376102701e-05 









5.53893924007094e-05 









4.485317501549202e-05 









4.8860855037083335e-05 









5.2270084771157026e-05 









5.687250084499229e-05 









6.226376453105672e-05 









6.41939725030564e-05 









6.430979107448447e-05 









5.779789681901929e-05 









6.934274166471661e-05 









5.525271790169383e-05 









7.098616627792328e-05 









8.027352173215082e-05 









6.170351502629875e-05 









6.931637002377861e-05 









8.079622239121282e-05 









7.84711702974771e-05 









6.079130906878708e-05 









6.780162563186295e-05 









6.8394779771473e-05 









7.864230425796371e-05 









6.212602546614416e-05 









7.885105200899538e-05 









8.304991207852341e-05 









7.627280329363917e-05 









6.897797643380421e-05 









6.287921387138556e-05 









6.079279030563549e-05 









6.612265663928159e-05 









8.19015558031972e-05 









6.116526063251563e-05 









6.503896791313122e-05 









5.391248567059841e-05 









6.556297109018146e-05 









7.70499626582697e-05 









6.833253851631803e-05 









6.36648299340416e-05 









7.549523250176867e-05 









8.568826791325514e-05 









7.292955791311201e-05 









6.613263967830872e-05 









5.813938732698796e-05 









6.836620777135138e-05 









8.403839289999526e-05 









6.598388243193325e-05 









9.125142834146234e-05 









7.697831380444319e-05 









6.0076472145676545e-05 









5.662299189478302e-05 









5.7526523983915154e-05 









8.986289976489618e-05 









8.786068438433278e-05 









5.733407067599014e-05 









6.531262759822663e-05 









7.015363297733135e-05 









7.264912873671344e-05 









0.00010510516725637163 









8.270761843672333e-05 









0.0001583304172672959 









0.0002562394250002737 









0.00026815732870615007 









0.0004114652399595552 









0.0004881778491631801 









0.00029221798646712765 









0.00025488469992584605 









0.00022365336997492638 









0.00031087088555506746 









0.0002498953154846638 









0.000244009403409837 









0.0001394743695516411 









0.00014180520635445387 









0.000135739637763836 









0.00021257071884248205 









0.00015066347225758817 









0.00016072566744021387 









0.00018053564493001023 









0.00021739183344869357 









0.00018672841690749205 









0.00035171419729352574 









0.0003141426090915491 









0.0002752053213036129 









7.383646895319789e-05 









7.258244937986373e-05 









7.150579311189133e-05 









5.642934000254218e-05 









7.485562241382624e-05 









5.916226067927539e-05 









6.361718542381904e-05 









5.5173163733940606e-05 









7.234990053421188e-05 









6.106862709488685e-05 









7.328816075580153e-05 









6.132360882656003e-05 









5.8088041841491254e-05 









6.637788024895975e-05 









6.430500524344422e-05 









6.257553991927283e-05 









5.575867259991052e-05 









6.606629810573282e-05 









6.464738241515231e-05 









7.40058435884336e-05 









5.456983851194974e-05 









7.980403520679524e-05 









5.4597516055140914e-05 









7.770489747980654e-05 









6.96124905186608e-05 









6.355962991829556e-05 









5.889234875524742e-05 









5.184360473314453e-05 









5.87157864660354e-05 









7.573328157222344e-05 









6.500556494130297e-05 









6.805676553417582e-05 









6.5597175385655e-05 









8.064651111997713e-05 









6.841362429626938e-05 









7.335389539130118e-05 









5.772776384254405e-05 









6.079382326796672e-05 









6.673453976157033e-05 









7.21196750755426e-05 









8.48634156552713e-05 









6.434758118482837e-05 









6.667775940657132e-05 









5.113696991077061e-05 









5.9081569863686024e-05 









6.362567807555853e-05 









5.4761748866338894e-05 









6.380024038149502e-05 









8.798399672515344e-05 









7.536859464345809e-05 









6.795002324549308e-05 









6.411898462246849e-05 









5.451351104262281e-05 









6.840561889635675e-05 









5.1611795644212804e-05 









7.669035805718381e-05 









8.296967570357904e-05 









7.720494036629856e-05 









8.3884273495862e-05 









5.685163997308759e-05 









5.633937887946462e-05 









5.8533709223243166e-05 









6.624706900936791e-05 









5.505976954027332e-05 









7.549648479329464e-05 









6.178593265932406e-05 









6.52402486737875e-05 









5.656272803822953e-05 









7.973811935853833e-05 









7.81430436757797e-05 









5.891620582046967e-05 









6.407079782136545e-05 









7.425296394274349e-05 









4.6876840181132474e-05 









4.9498004969999285e-05 









7.154408758328077e-05 









7.143639857652234e-05 









8.853101991800495e-05 









8.20521697480646e-05 









6.563363483915932e-05 









7.313289170702959e-05 









6.744655962372944e-05 









7.093341861678251e-05 









5.502573273881592e-05 









7.763241144018182e-05 









8.031727969077268e-05 









7.794124046886809e-05 









8.337632267542804e-05 









6.45719198344766e-05 









6.698230098833327e-05 









7.652166287073462e-05 









5.655851229437183e-05 









7.725806828872504e-05 









8.761938214241036e-05 









6.104747799659288e-05 









8.107903471840362e-05 









7.125921231333341e-05 









8.75060965877864e-05 









6.479427062350298e-05 









7.304499496375684e-05 









7.609188998483721e-05 









6.390573518151822e-05 









7.63274435264497e-05 









7.654354904039872e-05 









6.923960397989381e-05 









5.63296739086694e-05 









9.394344614375023e-05 









6.162148874341568e-05 









7.822436424192693e-05 









8.799429194584715e-05 









5.0513748649932794e-05 









7.157896406601762e-05 









7.299632996050075e-05 









6.130925092862231e-05 









4.959778897563754e-05 









9.120691677961078e-05 









6.162312976039686e-05 









5.80829692728963e-05 









7.717200612911593e-05 









7.051542748724333e-05 









8.315017564699666e-05 









5.4971677541233065e-05 









6.0009691699979514e-05 









6.891432589201907e-05 









8.131221314164704e-05 









7.033034238102478e-05 









0.00016676570094065066 









0.0007184586512949836 









0.0007347572246568828 









0.0009441425560191279 









0.0007859208048848028 









0.0008476781092503483 









0.0008065174942398388 









0.0009932721976706731 









0.0010492822472687876 









0.0009432922642876549 









0.0011480746451078014 









0.0008572772788511016 









0.0007445359154203122 









0.0010072880749884673 









0.0010616708238981006 









0.0009895733668268954 









0.0008997589687257991 









0.001210907694991441 









0.0011043157759657502 









0.0008676208657409441 









0.000786059151097452 









0.000854583287053136 









0.0009283272192792079 









0.0010687714957531656 









0.0010768233702469015 









0.0001548171964578542 









6.996619696021471e-05 









6.784568371781787e-05 









4.9639941335903205e-05 









5.394939688091535e-05 









7.971615806507272e-05 









7.466926834832308e-05 









8.216839593001259e-05 









5.485416481276304e-05 









7.84858683752225e-05 









9.48247092455556e-05 









8.520315432628052e-05 









6.062621261399111e-05 









5.387948708575215e-05 









9.265079503454552e-05 









8.63658447616063e-05 









6.753509097841932e-05 









6.962348321915014e-05 









5.505286251333419e-05 









8.716621599042301e-05 









7.260134199176411e-05 









8.433808125962998e-05 









5.4381263919463845e-05 









5.9948424449542234e-05 









6.372373190646114e-05 









7.892661449528362e-05 









7.585743481642782e-05 









5.9439176942608844e-05 









5.8125692464296234e-05 









6.983316253791913e-05 









7.561044136696406e-05 









5.986451838733217e-05 









6.68044830395614e-05 









6.432636528398922e-05 









5.457230493858027e-05 









6.231359959630423e-05 









6.554124190851095e-05 









7.677195123632742e-05 









5.9231049553617736e-05 









5.4497589997950706e-05 









7.823922040258563e-05 









6.135367603752316e-05 









6.555316922416475e-05 









5.832545472558163e-05 









5.313371693199215e-05 









6.873428038592793e-05 









7.796953460503737e-05 









7.053279279064031e-05 









0.00013437718821584545 









0.0002608605771346086 









0.0004281641554508718 









0.0004307414264031222 









0.0003592198908660169 









0.0002573405571076308 









0.00034763709750510146 









0.0005868988843691085 









0.0005324125793360277 









0.0007864075360435 









0.0007633579837641802 









0.0008526680801836913 









0.0008037675564019206 









0.0008299036085163045 









0.0008129629422841136 









0.0005976499929993895 









0.0009366803662290941 









0.0008199645260874224 









0.000903709466541952 









0.0011070513132124438 









0.0008093995752815077 









0.0010078488523259837 









0.0008755440381526888 









0.0006132968013200098 









0.00030287607048624286 









0.00010658975897250654 









5.724207639174798e-05 









7.677387126142262e-05 









7.501962549389383e-05 









8.45199602186326e-05 









7.35353455977675e-05 









5.568392180947518e-05 









5.786616271954337e-05 









8.426783259073178e-05 









6.905352197391418e-05 









