0.03 









0.7639850816608124 









0.29528224787202245 









0.1853373574220589 









0.20008589729254034 









0.1982105823938104 









0.19185972964465184 









0.17992943044584353 









0.19936365838496317 









0.20454537245026702 









0.20727324243347087 









0.19012168993475242 









0.18425798546348562 









0.1676720834378715 









0.1504894326182581 









0.1510917549554353 









0.1255110829887198 









0.099617981961707 









0.08762222321723828 









0.08785148482338027 









0.09199537200023905 









0.08046701872539949 









0.07820818957909648 









0.08090781990253514 









0.07811188318738059 









0.0807474322448474 









0.080970568837396 









0.07907175912082468 









0.07652602688129102 









0.07371300407916141 









0.07133107026149473 









0.07437771397239372 









0.08302193880434756 









0.07562443519658325 









0.07215298751777331 









0.06895527519461485 









0.06894476908194605 









0.07448678018085489 









0.0737825588481592 









0.08386944714550434 









0.09064891242815383 









0.097330407144811 









0.1064369580041219 









0.11069527914202301 









0.11439328715135401 









0.12482173904500662 









0.13018985640881747 









0.1363439709927649 









0.1356386762485167 









0.12667658905045345 









0.13336898614436768 









0.13588192932229737 









0.13352419157551973 









0.12905617634138788 









0.13007899235334783 









0.13552955143868745 









0.1327734809524035 









0.13204800694750735 









0.13799710356571904 









0.13308334696539204 









0.14257594531097117 









0.1404437280153747 









0.13158978712949693 









0.13016044646275274 









0.13109078025764132 









0.13629594861320188 









0.14201326606949768 









0.14394502307602855 









0.13762889626952057 









0.1365252535904247 









0.14274420272570928 









0.13975202633579073 









0.132963077722217 









0.13425917689507313 









0.14158068214657415 









0.13809650726311645 









0.13180604006541757 









0.13221882792751644 









0.13293807459537454 









0.13663303912421076 









0.13419442805608428 









0.13387141770821054 









0.14665233268017783 









0.13820101727045225 









0.1206948069468314 









0.09605176990240548 









0.09011387536424147 









0.08580428180166375 









0.08981907725083822 









0.08684396290979202 









0.07786471677942387 









0.08352276253686047 









0.08723385567493984 









0.08158135953803859 









0.0816609711632284 









0.07677214836459723 









0.0791583495825948 









0.07802740620041508 









0.07259762218848574 









0.07042191495807688 









0.06874144680826903 









0.06652609378963835 









0.06517948931364842 









0.07335738547817405 









0.07304325237809249 









0.07167640894460653 









0.07054699787384178 









0.06843731048050133 









0.07261850227211367 









0.09209488831576108 









0.10681948673905614 









0.1216324449023651 









0.18888960005052535 









0.20042271193990235 









0.19755491120680865 









0.19637149567267068 









0.19442211661608721 









0.19064555419494994 









0.1967498621847862 









0.19066699693448233 









0.1838615197794198 









0.19228208909107036 









0.19331205677265995 









0.1810543411168625 









0.19918149305646726 









0.2063920475126467 









0.2059362543369675 









0.19341712320199117 









0.1864430964372958 









0.19037374516956176 









0.20720128190919956 









0.1920826153938693 









0.1924325764591111 









0.195084648692095 









0.1953403563822829 









0.19515560211001814 









0.18267086681995665 









0.17843636698432952 









0.18738348599819507 









0.18254815952264128 









0.19142888286256562 









0.1909596479742584 









0.1843510601086348 









0.18868803806089332 









0.20526483510491828 









0.19683529153731175 









0.19142862188684692 









0.19232701059151677 









0.20270748974690828 









0.1934254627580995 









0.1989858231309871 









0.1939365478766243 









0.20481502926442535 









0.20518033306660302 









0.19323906897248563 









0.19929956155598397 









0.18815424803644065 









0.1900089005298716 









0.18597749430569682 









0.18940044650335586 









0.19181867847370374 









0.18185232107077795 









0.1957916847992681 









0.19961579700231447 









0.17328828785449987 









0.15705658714734044 









0.13930154781729787 









0.12284550931322716 









0.09309833322340925 









0.0969760963790905 









0.09902172182042149 









0.08876886624842852 









0.08677380861356479 









0.07853276825653138 









0.0832671318963689 









0.08452460964532157 









0.08318335056812355 









0.08468586916410994 









0.09062965832191665 









0.08834296607917021 









0.08252984645225103 









0.08462468409985047 









0.09107211851314861 









0.08988635533701939 









0.08598137026562809 









0.07544435032950987 









0.07250026755551782 









0.07573341831861455 









0.08583947994226104 









0.10268060063983878 









0.10759376286209033 









0.12235449195741988 









0.13490806908394262 









0.14009774616375162 









0.14983470382927808 









0.15258155510924296 









0.14515762412840888 









0.13931524145977164 









0.14845631409683147 









0.14987351238004765 









0.1493290356389192 









0.15393508111221396 









0.1514772349249836 









0.14465919302765878 









0.1538859825120691 









0.14638044130415506 









0.1506093367021517 









0.14654001761858773 









0.16078333101200046 









0.14598296918902245 









0.14352772637869426 









0.1437522076148897 









0.14724219198032096 









0.1538300843682188 









0.147732384989568 









0.15021508810794384 









0.1472553514543062 









0.1476566089607158 









0.15404672727643864 









0.1535926129903863 









0.1459534252445141 









0.14777916628264717 









0.15389402669696386 









0.14519724957564695 









0.14916156624319513 









0.15095167339608387 









0.15819751847959332 









0.15336295226200955 









0.14468627862096559 









0.1515180129310691 









0.14801008241330516 









0.15322712394756305 









0.15086495725027882 









0.1509840625418827 









0.15987829870602235 









0.13924855973382372 









0.10596235232012456 









0.09254664159752882 









0.08615062421500136 









0.07534995506429853 









0.0795789449404455 









0.08170126139940759 









0.08700688267606485 









0.08112843550766966 









0.07754440236269478 









0.07855390947540318 









0.08132168431994105 









0.07979793912261582 









0.07632427176644097 









0.07573473354235763 









0.07714133349421623 









0.07565354982569425 









0.07515832764275648 









0.07744222786869143 









0.08074396198937661 









0.08073734328543025 









0.08116775239936272 









0.08171402967327279 









0.08370974106390902 









0.08939903382946872 









0.09204075982590895 









0.1175570677404589 









0.18171794836847005 









0.18555863664239192 









0.20163125712604804 









0.1947962759928195 









0.1871552453232569 









0.19242406802076756 









0.2004812133840425 









0.20788167989632927 









0.19545224585392806 









0.18546050981615825 









0.18241244345465712 









0.1881980688010871 









0.1843061023312012 









0.19252402767683835 









0.18458359801638746 









0.18312118529332275 









0.187856698335783 









0.2032901425482861 









0.18451880556521977 









0.1941358364961217 









0.19322155575560102 









0.19528563553320757 









0.20284580849678946 









0.1857894389248093 









0.20037577435155418 









0.20441126125333992 









0.20070929051406272 









0.198989512499687 









0.1958104359315646 









0.19331467888779993 









0.19579886499737922 









0.19491680612784884 









0.1955676010752656 









0.20504526304201642 









0.19560263146560497 









0.1938456721162873 









0.18997642355666955 









0.19480199348634686 









0.1966716876983694 









0.193153893961264 









0.19091160489537098 









0.18748735797204197 









0.19617173209424044 









0.19108502872876082 









0.1930296516274595 









0.18965034039087253 









0.18492455243520625 









0.19765803924068806 









0.18686865048166904 









0.1979108381070434 









0.2279950089738535 









0.22032965021475998 









0.22874086721623685 









0.24916402498372262 









0.24223342433343603 









0.1982236545436005 









0.15363739952566088 









0.15191379973945593 









0.1382487913776647 









0.12603478328390882 









0.12023696448191629 









0.10941464622413408 









0.10527462633207503 









0.09194870774531555 









0.08678576701573107 









0.09032636074224093 









0.08995307390486919 









0.09234857147516083 









0.09502251095096162 









0.10026968020773444 









0.11189454750812232 









0.10320343332025726 









0.09948870137705487 









0.09187422817478476 









0.08085672716538828 









0.07820620151656822 









0.08047549019622528 









0.08255737427542593 









0.09489995616135154 









0.09497768694438906 









0.0977782634765724 









0.10025684035711671 









0.10084481638838502 









0.10971937699965775 









0.1177262423839118 









0.1236194245716978 









0.13011276895747098 









0.13460133999412535 









0.1304594647651183 









0.1260396561339244 









0.13260230785208194 









0.1382895449674434 









0.1349754652726836 









0.1348452151806739 









0.12595558952058886 









0.13448506854441422 









0.13479405986524942 









0.14331550189495035 









0.13362970756591858 









0.13593290289348758 









0.12108695220228716 









0.13601292137458448 









0.12965756765113334 









0.13479729720525838 









0.12930708773779492 









0.1403128921726016 









0.1383871747876147 









0.13665540815540902 









0.13124592430111937 









0.12522017404329874 









0.1311341748873903 









0.13939861282399696 









0.13729275039602334 









0.13875327570055268 









0.1357463831477709 









0.1400684229641178 









0.1313361738201368 









0.137097085822143 









0.12763398596454642 









0.13402296774107056 









0.1334975633268839 









0.1485621831479185 









0.1432297043480436 









0.11548232267580534 









0.08904833783286058 









0.08437004174705222 









0.0941338332867984 









0.09589032776447032 









0.09884025702425418 









0.09508812278878216 









0.09216368866657541 









0.08496819079728007 









0.08219002349163602 









0.08803233450970134 









0.08731728029491134 









0.08378173651434598 









0.08586586926597078 









0.0758747634294823 









0.07993043833278698 









0.07785282842730339 









0.0755153586533794 









0.08228329008098798 









0.08866150730290653 









0.08642120465412133 









0.07688055745856102 









0.07595895220929627 









0.07601982485943584 









0.08114414958895708 









0.08915715475938038 









0.10987697607623614 









0.17403292137862106 









0.18438057246298023 









0.18975538574846257 









0.19227601259582483 









0.18752991577382197 









0.1957786298588276 









0.20035877781086447 









0.19592474408895455 









0.20073397718253108 









0.1791592096810172 









0.1986553431022475 









0.18895106400990858 









0.1977617811902449 









0.19806784035709418 









0.19214394201369764 









0.18632771771256743 









0.20047715379820819 









0.19918506692124097 









0.1867620553714634 









0.18858757287444122 









0.1902157923590756 









0.19101285232838033 









0.19321507796191348 









0.1944446832577091 









0.18782258127562151 









0.19136993687010362 









0.19551032756060077 









0.1897519955306712 









0.19382117037188867 









0.19851871901823967 









0.1908832451666599 









0.19770681259610495 









0.1975038654749627 









0.19961588396911004 









0.19146685246166398 









0.2038661932085848 









0.2051414184060278 









0.20152853627912945 









0.19137701169838067 









0.1902093320265444 









0.19600021587094318 









0.18997132385177812 









0.1897326409755045 









0.18917429423344417 









0.19908169756203484 









0.19676980088618098 









0.19171093405364587 









0.19859932110064674 









0.1946882850425817 









0.2206387957019391 









0.28875612333947165 









0.467280268436885 









0.7455991524216101 









0.94901795835125 









1.066295810106693 









1.0819069168919973 









1.010226741894622 









0.8312813151607915 









0.8583199080633653 









0.9260366781496763 









0.9265312951809166 









0.8354350550642411 









0.7099591630614589 









0.6002806041538693 









0.6093466630504498 









0.6515377751155185 









0.6113020452547847 









0.6845027265019107 









0.6883227880474847 









0.6951350424586062 









0.7852883393753963 









0.8644484243854571 









0.9771221983669613 









0.9962722572313113 









0.5492219810680669 









0.15670788240486308 









0.13315335414143623 









0.1455506743819813 









0.154422634712744 









0.1660238693683414 









0.15625273466971348 









0.1528289746245583 









0.1591201478172266 









0.15214474545612225 









0.15883130729968115 









0.15458524139491395 









0.16109566154684132 









0.15761951310194044 









0.1561583545027971 









0.15094963855959137 









0.16731768348298595 









0.16128237556687663 









0.15413531009934825 









0.1667937123230558 









0.16636043150161597 









0.17002855618071155 









0.16815226149950957 









0.16351987613305544 









0.17143511003500514 









0.16375707967066425 









0.17773640845338837 









0.17725484869453534 









0.15297226962338922 









0.1703351379168483 









0.16365303740901382 









0.16365326159974863 









0.16355211976600129 









0.15731242279823465 









0.14902474101541555 









0.1635272173090625 









0.1671691836579609 









0.15821044746404658 









0.15955881854145054 









0.17467086583151417 









0.1690907700503065 









0.16606270836270529 









0.16902904811780953 









0.15917628846946064 









0.1645278863523681 









0.16549588716045893 









0.1640739349370985 









0.1732192748819375 









0.20783799026651392 









0.22691030156017683 









0.1823403788794023 









0.1774950284860782 









0.15991305819536278 









0.1382091085593995 









0.14326209055456532 









0.16685468051938 









0.19074687280293112 









0.23994407715737548 









0.2285231864377048 









0.15730444134774085 









0.13847178330655086 









0.12811191641789416 









0.13099904482848837 









0.1384898959827476 









0.15487405046454022 









0.16500914674237202 









0.18175957353350763 









0.17039480394408255 









0.15194282282957855 









0.1417340518106142 









0.14995066475756127 









0.12389198414512295 









0.08849469740853591 









0.07372461499157378 









0.08622796441115209 









0.10941680283317497 









0.18522061993578878 









0.2029104698513461 









0.20035461669335336 









0.19068477684706953 









0.1966883161675083 









0.1892170081133093 









0.19126347243945802 









0.18382890658928336 









0.1829847789051306 









0.18995017614477402 









0.19952430481409167 









0.19554633762333185 









0.2082864730685878 









0.19169844114985987 









0.20445342306649247 









0.1935206074219268 









0.19293995978083847 









0.1985510850484171 









0.18869161054698033 









0.18619682948917 









0.1947526494515826 









0.18986119752442507 









0.19204957801112288 









0.18482470382450727 









0.1930533450734069 









0.18646612709849064 









0.1989509281185616 









0.19875600967727666 









0.18836633488002874 









0.20117278435588162 









0.18779193871624095 









0.19604614976175508 









0.19544104967106407 









0.1942265273250657 









0.19845408000022433 









0.20415603132883375 









0.19865128187808584 









0.19076712707706026 









0.18546713374685955 









0.19391795969619696 









0.19051267906222863 









0.19034541947649847 









0.20062296425714657 









0.20020675813546748 









0.195970079483152 









0.1861830618783223 









0.19168755996619738 









0.1913647403903511 









0.19452051296841755 









0.22268432755968448 









0.5087596559822821 









1.1980778302498059 









1.4155483861555518 









1.459347084397267 









1.4784892867416153 









1.484795368184828 









1.4895385944478625 









1.4924034866133942 









1.493179838011817 









1.493919970758889 









1.4937945832352706 









1.4936215828724595 









1.494419216274073 









1.4943437317999124 









1.495221132411232 









1.4950767380307721 









1.4950024808827427 









1.4953942533831168 









1.495841352575272 









1.4963789370953702 









1.4968950681530215 









1.497107324381192 









1.4967671109166705 









1.4954866556032564 









1.468336522605842 









0.9853050303641816 









0.28873633043136043 









0.18349356700255173 









0.17935820033750796 









0.17735373973003127 









0.1704471488449686 









0.17620848052331464 









0.18042884771968923 









0.1899424888861753 









0.19291254595586274 









0.19699632611782147 









0.18147233571127583 









0.18219782015845568 









0.19734392106718252 









0.19991873669300303 









0.20051740394933004 









0.19749191758723925 









0.20725310630060995 









0.20312528454197004 









0.2016794394625778 









0.18214905185649288 









0.18690546908238592 









0.19779429071133348 









0.19413969777844625 









0.18651144719307952 









0.193480901792287 









0.18870279162283748 









0.20160715625737322 









0.18415636635757454 









0.1962026750871496 









0.19792665739580526 









0.19296914796955145 









0.181601632309135 









0.199041151263909 









0.20725081865248063 









0.19572510096551532 









0.18872859245285883 









0.19314614472409597 









0.18129579320379327 









0.1918909004961629 









0.18627781806396387 









0.19216214499211645 









0.1936436439405003 









0.17939798611624774 









0.1921005772549327 









0.19533009209540236 









0.20934129034146748 









0.3339359705830617 









0.5777207605298919 









0.7829779159522907 









0.9528810598327494 









1.0676976326234335 









1.0632946335340714 









1.0113390117499317 









1.0466453742801687 









1.221901202873851 









1.316724931981727 









1.3521033406636198 









1.3470652959252138 









1.3697911429043013 









1.395384888852765 









1.420587668132033 









1.4251511396331902 









1.4159679311467412 









1.419987223335555 









1.4392257687495271 









1.4584191700867615 









1.4675473461893564 









1.4725875633250824 









1.4737428800379189 









1.4718896886390316 









1.4257611926474962 









1.0850147950015654 









0.4172670616308112 









0.1879310208581997 









0.1943872854719493 









0.21049391559963615 









0.2056140577746811 









0.1982179592381452 









0.20131609096803993 









0.19885129490608358 









0.20484944960502208 









0.20882410065977788 









