0.03 









0.1973526266602486 









0.2500812643457552 









0.20174662648223704 









0.24456825613348765 









0.2565834913775072 









0.2658095447549731 









0.25666005123650876 









0.25304896288081885 









0.23547243896221692 









0.2486644268385907 









0.27571085956889735 









0.33093743092270966 









0.4299153739017412 









0.4298779930384863 









0.47014288531603043 









0.6930103091640505 









0.8970389259417492 









0.9322396575043982 









0.8081820050310187 









0.9255774249076021 









1.0189979002305083 









0.9673234888257717 









1.0348256572352055 









1.0261727852292302 









0.9611539626306274 









0.9857835066498182 









1.0643030156235649 









1.105539532559269 









1.1469579037997377 









1.0838512657671826 









0.9648992022663208 









1.0027384653972657 









1.1189276479193537 









1.1790431066689657 









1.1676195814037045 









1.0999410974246981 









1.0433546219472245 









0.9823526671342985 









0.8444042626084214 









0.7750413238504072 









0.7233519472156766 









0.6327117860711169 









0.6053128131017812 









0.6048362829912228 









0.497570686335695 









0.4849399585821606 









0.48945309108142576 









0.5171694871347243 









0.47082903926691255 









0.46437568656961004 









0.4380666502587014 









0.4911870596845417 









0.4709617713337472 









0.452394332390402 









0.4549569563299083 









0.4929646608993812 









0.46395898317463535 









0.47519491901629823 









0.4673153865677845 









0.4501689936493092 









0.4832917840616672 









0.46865902652784663 









0.47954650959651657 









0.4512334223989296 









0.4564039611189388 









0.4385472860669356 









0.4379414202800533 









0.453332445713199 









0.4472449223598812 









0.42838426032863375 









0.46103846315653074 









0.4882223981162015 









0.46076073729894 









0.45089802410730256 









0.46421084606064794 









0.46325527225717655 









0.4477268646503752 









0.48621750863010293 









0.4485193721942614 









0.4632440594128626 









0.44215586020135733 









0.47341281809225483 









0.5093609811088995 









0.7320794147771499 









0.8368216281504172 









0.8548607631359385 









0.8814537241046327 









0.8253903342933467 









0.9828027482488123 









0.9513805686418996 









0.8601184345621644 









0.9211549387084785 









0.9474726781076033 









0.9509940128611634 









0.968414548996403 









0.977746241863839 









1.0686639030624274 









1.1362299094534265 









1.154596288003941 









1.1892390777107757 









1.1946109030999197 









1.1150151273010092 









1.0562843530841788 









1.0544033253987555 









1.1162744228963144 









1.1575974338241348 









1.1467875826792258 









0.9131139835664291 









0.6751520814643502 









0.6265441154630582 









0.26044213816034373 









0.19909183120466004 









0.19581633160616269 









0.2510744448575482 









0.26289286563578995 









0.26140787468828547 









0.2536331584387662 









0.2551717924772903 









0.2498543693454267 









0.25404092238750914 









0.2651732216739804 









0.2728125117643979 









0.26588887107725856 









0.2546612154119305 









0.26015806374543793 









0.25590148631995224 









0.24906256427829954 









0.2534735632069729 









0.2527725317420332 









0.25140645000371725 









0.2640058467055264 









0.26055309388116016 









0.2650828492990039 









0.24518501144943466 









0.24663270167632312 









0.27248264181545234 









0.2549432997057943 









0.2553875021218726 









0.26699734567952504 









0.24777599144331483 









0.2541308845107029 









0.2528421506628968 









0.25160987740616586 









0.2593348263974272 









0.25185487786384747 









0.2581109061087288 









0.266980875185093 









0.2658421467011006 









0.2526630435252833 









0.2643344629578146 









0.25600084513058263 









0.2458449336640421 









0.2537865101763323 









0.24391847259653526 









0.26130528089810884 









0.2516115082733988 









0.26836246307074063 









0.27563331177562933 









0.24950605387347113 









0.26291468911428545 









0.28588742897275354 









0.30810110659679013 









0.3766630530723369 









0.44162432501621746 









0.4897048123286677 









0.5452353280640799 









0.7814600880616769 









0.8245485790818418 









0.7998509589946177 









0.818015879157896 









0.9286301889988374 









0.9760636101446344 









1.029572582268906 









1.0275222582581696 









0.9549835860991744 









0.9228567866881642 









0.9041159061463947 









0.8851593642589176 









0.9466456186027271 









0.9816126188734263 









0.9077219842628947 









0.8883850978429961 









0.8784065146326374 









1.0165883770667645 









1.1074648361925559 









1.0474653254005286 









0.9000052783691491 









0.7375023772521616 









0.64548751313641 









0.5424749096294783 









0.48511025921491 









0.41509686712526334 









0.4178475437420633 









0.39961003162699593 









0.4059331699521848 









0.42739673989312127 









0.3791986255976352 









0.3920221027087809 









0.3805978183901884 









0.38231121686945274 









0.38548545857297034 









0.39521331267868703 









0.36805571961971784 









0.3967032846465472 









0.3975268936047762 









0.38184953727389204 









0.37778599201888513 









0.3851384330133341 









0.39713626413324243 









0.38751176195452575 









0.40407246913910166 









0.4054835775268991 









0.3844952563484627 









0.3754121436767698 









0.3969552639587966 









0.39331069230683074 









0.3952733750804507 









0.3789289711619479 









0.40629418210602924 









0.40701083409184646 









0.37756332707761175 









0.3708463800608517 









0.38651789821232185 









0.3718082350754552 









0.3615723946258722 









0.3533984426125184 









0.4076022762484436 









0.3716981456462417 









0.36394267684776505 









0.36499366446894016 









0.38886904187380633 









0.3745411537795997 









0.3826493014275849 









0.39892629559427917 









0.6364099508685989 









0.8221210505667756 









0.8451127139663647 









1.0010555303465536 









1.0625933348723344 









1.0110246202642108 









0.9128240724735153 









0.9091888998679073 









1.0316164285661296 









1.0925958565555174 









1.0167083912564228 









0.9795484467694251 









1.0524725750896482 









1.0394101174181638 









1.0941128866369496 









1.072061176766148 









1.0730052875708989 









1.0163652714974456 









0.9604932706045471 









0.997855690650331 









0.9757581985614777 









0.9287249568422113 









0.9444909995672234 









0.8572465184359355 









0.8301027156075427 









0.7217381854471923 









0.2659942099201289 









0.20569874143757405 









0.20774513875668116 









0.2543618139265462 









0.2674017335292603 









0.257564691026518 









0.24020324563904757 









0.2380132048505907 









0.2601331264285921 









0.2573759016558504 









0.27355011156245485 









0.2519580792980543 









0.26665141882496984 









0.25275236702031306 









0.25345793147807 









0.2729969328808543 









0.26758732492705173 









0.2565696249258762 









0.2586727701591147 









0.25119973895028097 









0.24247965970766444 









0.24089406649863143 









0.25054314580483655 









0.2574472977784768 









0.25111145673255164 









0.24075650242624744 









0.2528949513579189 









0.24384199582049404 









0.2517950115913047 









0.2591547531579061 









0.24907462351506038 









0.26609554263564983 









0.25046211044235694 









0.24657299566153795 









0.25036052831694505 









0.2562824177353739 









0.25169918008444403 









0.25603606803128337 









0.2397097747453919 









0.2480045716303449 









0.2656393165158714 









0.2738746338316699 









0.2660078304823615 









0.24983891568033845 









0.24962947884209638 









0.25158481359394747 









0.2664437784862765 









0.2623852165148729 









0.25278421323422656 









0.26638965175888485 









0.2484947971316541 









0.2916919789362334 









0.3165170315434413 









0.32261281054838226 









0.3718744505213434 









0.4803510208747823 









0.6109307586853842 









0.6604184088684086 









0.6862040213725362 









0.8291979666860443 









0.8429950615317067 









0.9117513012244727 









0.9593696591879118 









1.0098171051791636 









1.099888442086924 









1.1059382727182947 









1.1215782500815787 









1.070255326695984 









1.112086085227361 









1.021773736232409 









0.9259430846093964 









0.9466377545285084 









1.0248816401088385 









1.0606119027724228 









1.0354371823860022 









1.0042920658201322 









0.9890834529681587 









0.9538470810348554 









0.8069331067835563 









0.758048322548798 









0.7779569290832941 









0.7537570736430055 









0.716224324851741 









0.6498420571465567 









0.5605403158850693 









0.5487784035020071 









0.4808153795375684 









0.49812897271984125 









0.4866150355696527 









0.49193967569476005 









0.47723123805534745 









0.4911527735641196 









0.4691685129692258 









0.48112378450551146 









0.5353132485097777 









0.4819885043497312 









0.4875357122641386 









0.4458923086720285 









0.45275699154756827 









0.47189835050787815 









0.5052725393161218 









0.4921426437790354 









0.4740932522594655 









0.4715591738419975 









0.4684776685255827 









0.49133560275725385 









0.4737635262813471 









0.47101032169115015 









0.4647559125741859 









0.4962399016146262 









0.49409075207364117 









0.44159019936837 









0.480067293694577 









0.46720463789928374 









0.4939898227123785 









0.482569278470881 









0.473403746098821 









0.46538307410604196 









0.504100006067724 









0.47232318781510574 









0.4680660928646527 









0.4420417286174964 









0.4506010297526515 









0.6369455149522145 









0.8873425168116054 









0.9887869245166105 









0.954652654806182 









0.8568747798768377 









0.8274697895603419 









0.8395655491616391 









0.920655050961215 









0.9431280400927425 









1.002051194853508 









0.961295896187539 









0.9354838006812661 









0.9954057325788982 









0.9384682131310145 









1.0401242534060997 









1.158341179614022 









1.1033877301676969 









1.0903431161167778 









1.080407395969831 









0.9840662925002893 









0.9946530101036117 









1.0833269141062103 









1.1412869571121498 









1.0880250620087217 









0.9940772918624687 









0.8762525149658874 









0.7782629883272046 









0.28904427895367557 









0.20958649935793944 









0.20022032074815777 









0.24891387370764106 









0.2751898249352701 









0.26388245088923523 









0.24998835939125383 









0.2544272657235764 









0.24673056956102782 









0.2748397987251716 









0.25605014805648996 









0.2524121152265928 









0.24789477178869096 









0.25113898204039675 









0.25558024808761914 









0.26701792602081037 









0.258946132781756 









0.24467136353200752 









0.2628803097431023 









0.25702762612277563 









0.2577260053149511 









0.25723435207281686 









0.2516561530101684 









0.25778923305816837 









0.2599526250553466 









0.2507519282614782 









0.27424397126830047 









0.2742513859851299 









0.24760004827117474 









0.25675990030620044 









0.2698590801001805 









0.2599064087794774 









0.2491118682789609 









0.2522043734581285 









0.28183725258907016 









0.24489139915709882 









0.25029543791733255 









0.2590966697495576 









0.2658622253051418 









0.2606499217425982 









0.24541589214261023 









0.24931829303485253 









0.2652386629150016 









0.25851623779119026 









0.2440923145835467 









0.25464079633279274 









0.2633046462993146 









0.25596031435124234 









0.25940708671735135 









0.2429292456173049 









0.25663105914322226 









0.2806411457280168 









0.3502334114869313 









0.3963290551054657 









0.4506504999830646 









0.4684467767171392 









0.5976030074552805 









0.7014141509090619 









0.6942331809672116 









0.6692796169016731 









0.7182105917782043 









0.7761837006237343 









0.8370740979600829 









0.9328698777228552 









0.9248854372353548 









0.9309410706048175 









0.9361792062914978 









0.901010239850921 









0.9159663363294501 









0.9464498424668638 









0.864568087561382 









0.8508726255747376 









0.7844913569757015 









0.7363558457381787 









0.6650496166181643 









0.6268118036369189 









0.5405957838409414 









0.45053555624338293 









0.411074000208137 









0.38824291948879186 









0.38992955992113176 









0.4059557111954347 









0.4092903846716503 









0.42172894425791607 









0.40319492699077447 









0.42299928153794664 









0.38747447258693524 









0.3956965922424941 









0.37103637695246205 









0.38215568249999043 









0.36071565499038827 









0.3657870858314636 









0.4221302769370894 









0.36073069773354766 









0.3559615590510321 









0.36433862967427527 









0.3519672490542444 









0.36322645656411634 









0.3484061365959631 









0.35058538936577244 









0.33511361962512803 









0.3322605381668457 









0.3961960466915594 









0.36918042942472357 









0.3658411344636352 









0.3566182138920783 









0.36646732118668607 









0.38000671683923304 









0.37350340497142964 









0.37908958485702055 









0.3599966507208864 









0.37111336940003864 









0.38296002897929415 









0.3528086669720811 









0.3347814779445552 









0.3246403394831303 









0.34587351993355486 









0.37771848606105074 









0.3698828313994294 









0.3598119947834147 









0.3567609190424239 









0.36838603634263845 









0.36193722731816275 









0.38021467425812205 









0.600980139602445 









0.730728041699986 









0.7818745234402797 









0.9629228282003311 









0.9605122063317196 









0.8508285418668148 









0.7985342535079728 









0.7234874237363205 









0.6678843563090872 









0.8900195512447461 









1.0733110484250705 









1.1301164262062124 









1.1230295499259213 









1.1212489015966016 









0.9823173733905118 









0.881125293290535 









0.8510945331110218 









0.8520223918996563 









0.9544567049875126 









1.0079681406034662 









1.0125484443523618 









1.07634549965335 









1.1708395173200554 









1.1074693887718214 









0.9854055345616863 









0.8536630129964519 









0.3035320024721897 









0.19895387562371128 









0.19618986720113804 









0.2627282091597242 









0.27126655454758947 









0.24649586564917617 









0.2504625257683563 









0.25765138054021225 









0.2568943828734879 









0.2506616802237822 









0.25818507192830314 









0.25189516271395473 









0.2340830575288937 









0.2472047215162428 









0.26263584868977113 









0.2520571813707427 









0.26265822458998755 









0.25196193857532384 









0.2629753001958906 









0.27504394330931103 









0.2548308746472599 









0.2559562782384359 









0.2558250587197055 









0.271415933653935 









0.26819477883279363 









0.2712518257698108 









0.2548490909447613 









0.25212360290316294 









0.2786285258780721 









0.2614446543362635 









0.2549274345349282 









0.2625778196616334 









0.25364881040372145 









0.25605459220768995 









0.24775390000014122 









0.2614885930906863 









0.2634286550335274 









0.2518230682826597 









0.26192077329205044 









0.24652529630062797 









0.24158438138570573 









0.2552800898360078 









0.25292289334529183 









0.24988149000153614 









0.2650116451345818 









0.2479787228885356 









0.25064993379686695 









0.24545226748779955 









0.24448323456988874 









0.251872437745106 









0.2638536402253087 









0.29283437990105393 









0.4011240773232678 









0.3841555660505623 









0.3777732735590914 









0.4083725796209718 









0.4446939464651995 









0.41131181488806673 









0.4522475748053198 









0.4806204766305183 









0.5209605211998566 









0.5965818654868923 









0.5762982966352237 









0.606678658653463 









0.5361683789942769 









0.5245593099006391 









0.5772492786699523 









0.5696325280646345 









0.522349515938912 









0.5132235071616145 









0.46373057822784003 









0.470510817145803 









0.5480812429404279 









0.6168033206441564 









0.4942375557069086 









0.4776899136895362 









0.3663749513645584 









0.4028095915743211 









0.4322853367921833 









0.411072456246625 









0.40562927454339104 









0.41436494795577544 









0.42105384911974925 









0.37920995818743897 









0.359178074974453 









0.35122818363647357 









0.3660933623328951 









0.3792648894793828 









0.34872307179040424 









0.3396837200031652 









0.34563227211034653 









0.35284141998397084 









0.3384614533139707 









0.3407848942726432 









0.3660743687405866 









0.36458967563820127 









0.3706399198360054 









0.3364799632773727 









0.39240384742595347 









0.37333921661722524 









0.3441508484722836 









0.3609932666271677 









0.34991121963204574 









0.3708832905129047 









0.3414141748755129 









0.3639018608955182 









0.3494938657649166 









0.4004202872668715 









0.37000638426866894 









0.341928344593298 









0.3586225881305727 









0.3639832656481494 









0.3493724214366836 









0.3519799281830624 









0.39021687730158444 









0.3643271060880819 









0.370399420800399 









0.35356703869884254 









0.37203409454322384 









0.3747047736322518 









0.3719364534428497 









0.37975320097051357 









0.3665587667791178 









0.41397318984538334 









0.5433605709366963 









0.630139776114324 









0.6978925208950507 









0.7467704688844427 









0.8100265029326625 









0.8448413692757866 









0.6963848801380612 









0.6127935976883521 









0.5741429117780014 









0.641460055897247 









0.6343367013499922 









0.6345608923577636 









0.5652564112556939 









0.5970183492181439 









0.6393634363942053 









0.6707386124288762 









0.6188585591794955 









0.5166032770798942 









0.5071654652406878 









0.4776063160667964 









0.5003328775369482 









0.49330388507265666 









0.4027934774268457 









0.33096911694975517 









0.3336928253583693 









0.3991063850146796 









0.18653819027630886 









0.1907656417766552 









0.24089741413347143 









0.25925946827253277 









0.2450596074173698 









0.25512147662240514 









0.251298143930367 









0.26364600586736553 









0.25148757834589913 









