0.2 









0.000254201015023399 









9.274685423263559e-05 









0.00010342697232923233 









7.840924169625376e-05 









6.236359127409453e-05 









6.713526978621782e-05 









8.798605762283507e-05 









7.944596241395148e-05 









7.577970957553691e-05 









6.352430724557447e-05 









9.338741425218706e-05 









8.232883008632036e-05 









8.918287487193712e-05 









9.570454692026258e-05 









0.00015168569804264597 









0.0001465048460909946 









0.0002750954258746008 









0.0002668751895583564 









0.0002620645637988746 









0.00033418287156493246 









0.00032776690016983196 









0.00031843792493478726 









0.0003405756833350724 









0.0002805491122510554 









0.00041563118879430405 









0.0003367715962950046 









0.00038647012845255554 









0.0003983680335300834 









0.0005847857920508038 









0.000515212402347116 









0.00033640024880341303 









0.00028388296645897964 









0.00037420366212164796 









0.0003993198869568924 









0.0006282614870087308 









0.0003756905670558436 









0.0002749187214929261 









0.0003951244336593151 









0.000255235101308879 









0.00021556309755844336 









0.00016685405218478647 









0.00015115447797623652 









0.00015435244403010518 









0.00014579348583912026 









0.00013669250818596626 









0.00015270282533009165 









0.00012000061716607057 









0.00013831389758439563 









0.0001517822381374666 









0.0001664360079605865 









0.00010405442845156052 









0.0001178691157006793 









0.00010022205952683842 









0.0001365662873549044 









0.0001165942908506456 









0.00014952901776606726 









0.00011224780686042638 









0.00012742611470362036 









0.00013075254545321876 









0.00012381645383079815 









0.00014076194957636618 









0.00010988319750536102 









9.209438656770745e-05 









0.00013157424057912473 









0.00010948155583172584 









9.894615761185378e-05 









0.00014658096759694608 









0.00010900293740597147 









0.00013554592677925516 









0.00013437715133221597 









0.00012697773935409727 









0.00010741554887506302 









9.890817786701353e-05 









0.00015757000712828255 









0.00010056056078729624 









9.604307428130721e-05 









9.836147803381822e-05 









0.00011119086349447704 









0.0001547843672201791 









0.00014269144058036014 









8.797203455035397e-05 









9.786318851835022e-05 









0.00010451691781744356 









0.0003151509587635726 









0.00026003250915472044 









0.0002689241360580083 









0.0002662507574178795 









0.00023463597789334358 









0.0002837194938235388 









0.0003500782579087412 









0.00021016857516057867 









0.00025472211383411496 









0.00030339549054437414 









0.00024706947383852174 









0.0003154868199318245 









0.00028463477552854793 









0.0005522035869807576 









0.0006021344926942266 









0.0003957301735119814 









0.000570741306256124 









0.00039991374366599793 









0.0003890230822338693 









0.0005188712352772729 









0.00044509799165260274 









0.00038952108975184196 









0.0006358310440594994 









0.0003211766599684021 









0.00021242944382708948 









0.00023854528330320883 









0.0001485485278652566 









6.860193799972463e-05 









9.481033073882287e-05 









0.00010128735123413778 









7.318826683258797e-05 









7.85363257222831e-05 









7.33113167956771e-05 









6.795147875086312e-05 









6.844897894249645e-05 









8.840080868228493e-05 









7.314218774401157e-05 









9.168450806661891e-05 









9.262245191543237e-05 









6.937219505477355e-05 









7.589345225210911e-05 









7.241860281052544e-05 









7.930614638118266e-05 









7.932163811892023e-05 









7.722384590472143e-05 









8.397063226798219e-05 









6.802930854961204e-05 









7.479822092196697e-05 









6.793257551280243e-05 









7.670867944117694e-05 









8.152478659233042e-05 









6.466562284544866e-05 









5.671562108726173e-05 









5.4496871446155324e-05 









7.941508941210782e-05 









8.566414887924265e-05 









7.127003765815088e-05 









9.881112491427845e-05 









0.00010323279148117056 









9.094020861334287e-05 









6.742330312530943e-05 









8.484605867373626e-05 









7.717181755668291e-05 









9.504000321986612e-05 









9.538335668700414e-05 









9.458292601150189e-05 









6.031152182285602e-05 









7.40136634119591e-05 









8.838433878130562e-05 









5.8277504966480764e-05 









6.630028281935112e-05 









6.306983151391857e-05 









9.685241360402942e-05 









8.10485443170709e-05 









6.769746796411219e-05 









7.773258594907078e-05 









9.345037518735102e-05 









6.35220731651087e-05 









0.00011163981433569327 









0.00012424801141690646 









9.942827162757057e-05 









0.00012322779736938553 









0.00010929218896838877 









0.00021997055181181756 









0.00022265540263592576 









0.0001895742025424304 









0.00039113080754212746 









0.000295833064020987 









0.00026512467968914583 









0.00037084468737972205 









0.00034686565869783425 









0.0004091219288137575 









0.00025214262102449595 









0.00028081733954249486 









0.0002739182482550368 









0.00039895450815823427 









0.00024043741163795967 









0.0002479281220481366 









0.00033833677721231096 









0.0003466482934590175 









0.0003650335023694394 









0.00033217312793227865 









0.00033231498879325686 









0.00033830572934560855 









0.00019781007918768465 









0.00017576767383163143 









0.00011537431828842961 









0.00013853150753541458 









0.00012898309305836152 









9.086494478583267e-05 









0.00010935718820882438 









0.00010434996917659888 









9.258194707984794e-05 









0.00010169700168812895 









0.00010136297803093529 









9.873632041467785e-05 









8.730711277370626e-05 









9.57379989847817e-05 









9.999105379693957e-05 









0.00011241298181400687 









0.00015712292937997905 









8.828591144743208e-05 









0.0001127001927865427 









0.00010205193780223664 









0.00012122171678389118 









0.00010911176967201822 









0.00010151783934540405 









0.0001060560020173082 









0.00010617697911673374 









7.677725337214638e-05 









8.683476423840592e-05 









8.120932542886688e-05 









0.00013776842094224623 









8.494046201125015e-05 









0.00010834100952375015 









9.949089020429549e-05 









0.00010005728409834203 









8.967266096960146e-05 









7.571254874231477e-05 









7.440520031323607e-05 









0.00010861343767869861 









0.00011381712270209122 









8.609697683203756e-05 









0.00014461728986020676 









0.00010613587855348734 









8.535689420119093e-05 









9.063127443541826e-05 









0.00012530108041001415 









0.00012087147698305471 









9.499709959240263e-05 









8.43928281873237e-05 









0.0001643381799601434 









0.00029187854164377174 









0.00031933322164485816 









0.0002622657271451792 









0.00045301138213698624 









0.0003109332571334737 









0.0003452857699089301 









0.0002803531283339937 









0.000520078861899656 









0.00033735748914527684 









0.00040394688192182406 









0.0002968281395338355 









0.00028069902396794745 









0.0003310958023021069 









0.00039882629946067167 









0.0003786730804379761 









0.00036017494396148255 









0.00030165158847630306 









0.0002748341646423077 









0.0003254592706440256 









0.0002575769478044957 









0.0002698776219499699 









0.00031538898595861846 









0.0003078700492782298 









0.00027485348664224997 









0.00016510261629837356 









7.883581259492986e-05 









7.385244649778118e-05 









7.472714986200707e-05 









7.301268068041382e-05 









7.333176721064147e-05 









6.74414680231066e-05 









0.0001088224303456774 









8.248966010238114e-05 









9.787314843702147e-05 









7.869527314442944e-05 









0.00011245585370228299 









7.889487958743882e-05 









9.866928845450205e-05 









7.303601769634489e-05 









7.767223749669311e-05 









7.48272204948538e-05 









6.959995619561644e-05 









8.044981525783119e-05 









6.400486055291408e-05 









8.672792442603611e-05 









7.18937900011051e-05 









6.854864844663339e-05 









8.751612337916723e-05 









9.293483968878842e-05 









7.741206094912572e-05 









8.49178769069034e-05 









8.862205047149111e-05 









8.448058741927097e-05 









9.969322017920872e-05 









6.728984841355043e-05 









8.003407674675813e-05 









8.303215671084382e-05 









6.888366344999915e-05 









6.490642673212445e-05 









8.6044264805433e-05 









6.98920870731145e-05 









8.697734365046092e-05 









6.960648359483407e-05 









9.365305362181446e-05 









7.96975610821101e-05 









6.562807678696942e-05 









8.956601558856583e-05 









7.456300230755184e-05 









0.00010868691308744254 









9.455043119288077e-05 









7.800844582136682e-05 









6.783559728170454e-05 









6.849369052288286e-05 









7.387403917720344e-05 









6.730921890975275e-05 









9.211171774254121e-05 









9.486810010184127e-05 









6.961926303068104e-05 









8.638771459483533e-05 









9.985507267284e-05 









0.00011683936904820246 









0.00014019281766363195 









0.00021493740666891692 









0.00018656811601128355 









0.00025667760501176613 









0.0002595224011478157 









0.00034704991650637756 









0.00030701890791320875 









0.00042753936390194547 









0.000407529742011882 









0.0004436567293733104 









0.00046763182136303134 









0.0003332983799493285 









0.00035844400662768454 









0.00030620775249780524 









0.00039073817080543757 









0.00031269367608119164 









0.0003241224941735851 









0.00028148116182394507 









0.0004251798289014139 









0.0003410622589356953 









0.000392230965359949 









0.0002569632718965341 









0.00016162807453463493 









0.0002579082795616186 









0.00020163707358025268 









0.0001635513628675779 









0.00017922536903572462 









0.00021077009321161745 









0.00011409890070304727 









0.00013913401953403407 









0.00012759079332524275 









0.00016706375598293642 









0.00015237949743093185 









0.0001390313791975607 









0.00011664863124499482 









0.000140274614465274 









0.0001429981709046389 









0.00011444433228639659 









0.0001020845196281947 









0.00013297220408979126 









0.0001138722055385871 









0.00012299449251430757 









0.00011887894804278332 









8.765126498290292e-05 









0.00012840636883926855 









0.00015186438333518042 









0.00013806043693450547 









0.00013325497837964737 









0.00012308573471684785 









0.00010523941788138539 









0.00010735155252955059 









0.00014671463373106813 









0.0001312632686240655 









0.0001250835832663023 









0.00013066090487890797 









0.00010887272861238287 









0.00012669529765414958 









0.00011021681892248732 









0.00012415883905826625 









0.00011099940347212421 









0.00012924805084647505 









0.00011687631631106905 









0.00012177799431790118 









0.00011372839121373752 









9.216895298594455e-05 









0.00012796922150597352 









0.00012967587452327437 









0.00012967564501795246 









0.0002774047402293845 









0.00046912711623206386 









0.0003198010080579895 









0.00025742234367679643 









0.0002695254301637433 









0.00030122269396241165 









0.00037165433695740264 









0.0003331604550368396 









0.0004339511603664172 









0.0002180013644857531 









0.0003404553284988521 









0.0003787170493575712 









0.00031648827833224427 









0.0004011703193979645 









0.0004620769735935562 









0.00047895717844538007 









0.0004619366918045952 









0.0003639308045960336 









0.0003219731466479988 









0.00043960936293167846 









0.0005785596009196629 









0.0005860624486800159 









0.0003676091689805369 









0.0002769900991797046 









0.00019849627525390763 









0.00020147081273235888 









8.14967635405927e-05 









7.656284890984058e-05 









7.645134047542065e-05 









7.402564072292946e-05 









6.879356701990406e-05 









6.429641539395335e-05 









6.900509574828354e-05 









8.464342283808549e-05 









8.856491709001725e-05 









8.824314029700106e-05 









6.669758736839572e-05 









6.317907828925866e-05 









9.137105738216741e-05 









7.405017423587528e-05 









7.068334934555445e-05 









8.90687466923329e-05 









9.80905824775039e-05 









8.481437208681674e-05 









8.538289580256387e-05 









7.500491818307267e-05 









9.935760520399257e-05 









6.612312210658891e-05 









5.897837249813192e-05 









0.00010942880088675548 









7.376571696937807e-05 









9.702856540971536e-05 









0.0001105725487696552 









5.7188426999955395e-05 









8.259364382129267e-05 









0.00010086892858836375 









9.43041460100478e-05 









5.967254186784045e-05 









6.099817176278802e-05 









7.646426591557793e-05 









0.0001106048851245708 









6.72990346324107e-05 









9.517511053998387e-05 









8.139600209764362e-05 









8.267528372975549e-05 









8.576121393196644e-05 









8.355756319216288e-05 









7.459127759940968e-05 









8.114423094131716e-05 









0.00010863219706718383 









6.0497969682912444e-05 









7.734852573238611e-05 









9.112489817171812e-05 









6.424527700828632e-05 









9.45698214318313e-05 









7.66600642887303e-05 









0.00010311387531558508 









8.544326582766662e-05 









0.00012801822256710947 









0.00010586225063560222 









0.00014005964305212963 









0.00010492921171204576 









0.00013632332986104428 









0.00019053893229692529 









0.0002489976077592535 









0.00022090187639159365 









0.00017847830862651847 









0.00025524131059550083 









0.00025629206096200387 









0.0003279753735525228 









0.0003514180667938964 









0.00029715093587048185 









0.0003365860183627854 









0.00035408698616109125 









0.00031894418808702603 









0.0003813219144771004 









0.00028675053080034135 









0.00023677067473399814 









0.00019810819960470162 









0.00023535827632596606 









0.0002049191507316284 









0.00015500204017169733 









0.000106030949290339 









0.0001363791002767052 









0.00011490483792535872 









0.00014302555030012434 









8.589448986710271e-05 









0.0001065046405590419 









9.299229892799009e-05 









0.00012073655075046751 









0.00013880941898145355 









0.00010355798723921811 









8.504311705723911e-05 









0.00010602307493984599 









0.0001053477676523402 









8.704561112291283e-05 









0.00010680780126799894 









9.21238872612579e-05 









9.284544592134455e-05 









6.50945865372825e-05 









9.264943718933577e-05 









9.26855470184835e-05 









9.541260627493714e-05 









0.00010817674455771578 









0.00011974980841000106 









0.00010146085562251657 









0.00012634422063067765 









0.00011230237819407067 









0.00014267191163497067 









0.00011996782043057944 









0.00011555046318784522 









8.895282671841524e-05 









0.00010672219055451532 









8.135799823298065e-05 









0.00012498726316114233 









9.579616376293734e-05 









0.00011060878903682493 









0.00012754334235715538 









8.606319366767838e-05 









7.575977316027248e-05 









0.00010774179836429503 









9.851774925035138e-05 









7.458479948462334e-05 









0.00013742831720429515 









0.00011758657000226993 









8.91947333954073e-05 









7.849880945942513e-05 









8.528160155823046e-05 









9.245621247796709e-05 









0.00012775763877184568 









0.00024971023256705507 









0.00028762258572839435 









0.00030250656953386226 









0.0002935872965141274 









0.00024083419002991419 









0.00022555858513023495 









0.00023117194607839435 









0.00018997513599863444 









0.00020866135346503623 









0.0003286123269065535 









0.0004945302092618372 









0.0004076064737373278 









0.00038458025353991685 









0.00043606654210102085 









0.00022383740992684006 









0.0003374678443643811 









0.00018516550272684192 









0.0002544273145179186 









0.00022316141386710992 









0.0003877498500004378 









0.0004136972804947807 









0.00046450275334653705 









0.0004933115446115715 









0.000525738114981786 









0.0002917089145603031 









0.00019505384544549865 









0.00010870754645131909 









6.797672835372693e-05 









8.142289189088227e-05 









7.507888050830411e-05 









8.660206277581476e-05 









0.0001022012701525089 









8.307543301835665e-05 









8.595473302284298e-05 









6.818077511183003e-05 









0.00010335321759640691 









8.885573851630551e-05 









8.078979708022962e-05 









6.891253491558392e-05 









8.363061356147708e-05 









7.004192058001504e-05 









9.377681834656237e-05 









0.0001070469844163173 









6.451531151271332e-05 









6.914273335740698e-05 









8.705439913501352e-05 









9.11110205123987e-05 









9.52291708501364e-05 









5.604107614491808e-05 









6.349231906252885e-05 









5.782996525032061e-05 









7.006710870462933e-05 









6.953105494911325e-05 









6.934104148329892e-05 









0.00011016409089342289 









7.349617546010973e-05 









9.415024084201458e-05 









7.3920056046355e-05 









9.274842341509446e-05 









6.460919371630347e-05 









6.796621949416775e-05 









9.009447207948416e-05 









6.592588909268526e-05 









0.00010938889878719702 









9.594079135158877e-05 









8.525203065093295e-05 









7.136706878551087e-05 









7.187925518907062e-05 









6.564556280172317e-05 









9.560094230701931e-05 









9.695932690318519e-05 









7.845825861998717e-05 









7.558576270585383e-05 









0.00010184007322927826 









8.074461850345863e-05 









8.276976689887488e-05 









8.532123257736503e-05 









9.222017981115548e-05 









9.46738871033084e-05 









0.00010052535110694586 









0.00012299034917850817 









0.00010302509584513648 









8.175837305497478e-05 









0.00012399527946964237 









0.00011179508787372559 









8.716754537967128e-05 









0.00014065220541286018 









0.00016621898656518744 









0.00016585536385741776 









0.00019688402235718192 









0.00016222182752610883 









0.00018149516840899134 









0.000150114172972227 









0.0001547239683735524 









0.00014806846868713994 









0.00015872524100302908 









0.00015732967189853315 









0.0001278024880268741 









0.0001318215771626482 









0.0001414881998067555 









0.00013648458232407804 









0.00015915629549972428 









0.00010603051464266414 









0.00010403153189994359 









0.00011629015772517186 









0.00010509921148693863 









0.00011063992347794152 









0.00011365925727557761 









9.346536062857243e-05 









8.515573862614772e-05 









7.955142554683431e-05 









6.895418751491996e-05 









0.00010013149211520417 









8.480359091752287e-05 









8.698771521497352e-05 









9.220821300495342e-05 









0.00012058987739570758 









9.89038700133969e-05 









0.00011886095962745355 









8.614938225617874e-05 









0.00011618762299692428 









0.00010097519809848805 









0.0001155002454579289 









9.986932656413065e-05 









0.00011998613784155252 









0.00011012232754152106 









0.00011665383880992085 









0.00010203965872312112 









9.164813293373658e-05 









9.526496123531136e-05 









0.00013838037384000118 









9.707373119668104e-05 









0.0001191807008626051 









9.072350679609597e-05 









8.846056380825245e-05 









7.740650640033009e-05 









0.00011102968408908971 









0.00010475621839458731 









9.762479117094205e-05 









0.00010098749079704674 









8.550320382400274e-05 









8.051028877744242e-05 









8.528900174945333e-05 









0.00011878030650729121 









7.991991880740226e-05 









0.00011890212344682161 









0.000114452500840618 









0.00012430110362060429 









9.6324490712171e-05 









0.00014557908238968688 









0.00012202757321130324 









0.00015886231076396834 









0.0002198069300589978 









0.00023519080755408066 









0.00017800084649968831 









0.00023364172916254814 









0.00023164546387818212 









0.00013499170284682829 









0.00010663583427688407 









0.00014181260133864796 









0.00020361682043797827 









0.0001343447431662394 









0.00012708248978365728 









0.0001644476200957938 









0.0001662307851835626 









0.0001555708013878719 









0.00011459218902097918 









0.00015788211836197883 









0.00011055364961248313 









0.00013510305865713785 









0.0001699350388006839 









9.874573019495413e-05 









9.514210764782505e-05 









7.499812558607544e-05 









8.273291424238595e-05 









0.0001101148986610854 









7.05442648961775e-05 









5.813360950965389e-05 









9.582051822560215e-05 









9.10330179048179e-05 









6.701521174530309e-05 









7.852028797844103e-05 









7.942394786240146e-05 









9.846440683267085e-05 









6.792997592139024e-05 









