0.8580000000000005 









7.665029455769753 









4.631125540874286 









4.157815078216019 









4.271365420001334 









4.1654210382045616 









4.148298431512985 









4.109044497804671 









4.140659440325998 









4.20017190791823 









4.18637373992728 









4.2165747102946565 









4.157798153680965 









3.9252918923982274 









3.6357729712185494 









3.4930697660660424 









3.2479981832635008 









3.0097637867018565 









2.890589415333872 









2.7586015252572955 









2.6661204655314097 









2.5193237251707155 









2.567190702483621 









2.3199464843585114 









2.2932806633651506 









2.4036414996216457 









2.449446873456638 









2.2967510127219866 









2.349542021594492 









2.3469165392513442 









2.244059350353461 









2.44073285918071 









2.445748762704164 









2.2352804356049325 









2.2060391465196316 









2.2043715337239345 









2.18103200487208 









2.2301001875372677 









2.3128591751744074 









2.51217394049891 









2.64209203953811 









2.813174487467804 









3.013808928338733 









3.1354020957092716 









3.299125804923998 









3.479850972093534 









3.466225744494966 









3.5355366790909843 









3.5611364274992763 









3.5184626111333 









3.525396582965427 









3.593288399327247 









3.590126764394978 









3.6065378199521105 









3.5994533440049015 









3.651763947046439 









3.6651992749076556 









3.741310467258105 









3.717034626081304 









3.722294724238605 









3.644747407407194 









3.549603532452564 









3.6194536815518705 









3.6637633042249136 









3.5962580026604845 









3.7362408509106344 









3.7339044739542215 









3.7455985801275604 









3.7913612423217633 









3.7296718909808937 









3.6658478038372246 









3.5877769087495763 









3.6646067763283203 









3.659783587558054 









3.6222386353191163 









3.643730333674006 









3.6770124108984135 









3.6364643100580962 









3.621486122673479 









3.628210187134472 









3.7114699506803075 









3.6842747841742245 









3.633669852504251 









3.7061869820418494 









3.7328154010983567 









3.3570871405460077 









2.9206255878796687 









2.789017988315853 









2.742522608579255 









2.4306768703705686 









2.2882948348700767 









2.3355430893602662 









2.3330567576336056 









2.054688206166958 









2.004661510595388 









2.019272397462719 









2.1361167373503585 









2.2255806901730977 









2.1407773739702614 









1.996772174306454 









1.9128367161800728 









1.902314982786351 









2.028338599599981 









2.0849860819208654 









2.1889388092976083 









2.118699277548868 









2.072688754057932 









2.037793380341808 









2.1359195658628596 









2.358921679265177 









2.4144506833509323 









2.942526809828731 









3.9704412859765332 









4.200279088836899 









4.239026047291943 









4.16269409209777 









4.179833982911794 









4.159494091195194 









4.155878526514303 









4.229163535155535 









4.163800916155781 









4.182626832689135 









4.197203920527131 









4.205197714092134 









4.23992190780866 









4.2023429986245295 









4.1845356400150955 









4.084561033942564 









4.159522541969919 









4.1562892887885186 









4.139528084393194 









4.152485454331705 









4.224408058792203 









4.234183267422845 









4.1553928979529475 









4.151533012041478 









4.145940406554328 









4.141649994334413 









4.214256366438843 









4.15544440527687 









4.191551682791435 









4.1765414874600095 









4.166634259095146 









4.245309144225372 









4.201577211492781 









4.16790466125845 









4.163039157922045 









4.19074454921514 









4.15944694018845 









4.116442854261733 









4.186518839284346 









4.184339944205117 









4.1802068382089566 









4.158616509888073 









4.161792058853426 









4.256456891348503 









4.175935117331293 









4.1593114501730994 









4.224779215140904 









4.203050630849128 









4.191340522910212 









4.195175095185503 









4.287346018090024 









3.954664548984084 









3.762021073061181 









3.5359139340701495 









3.581988288797734 









3.3414999696969847 









3.083935041501279 









2.9226261790495887 









2.830318017408233 









2.801253792445811 









2.7996206294025807 









2.5680987989334234 









2.3183739801113368 









2.1166565649533746 









2.105493527897027 









2.194429950684349 









2.086036349392128 









2.1994374525010554 









2.274920117559299 









2.296249893843495 









2.3314561155206572 









2.3120503061463906 









2.318432642854147 









2.1396431354837895 









2.184296943795243 









2.4435270246433194 









2.7058111705730483 









2.9724559931109393 









3.0561569807220628 









3.138235667194318 









3.203662701897712 









3.3816827720099916 









3.4595021410579476 









3.3882290982288734 









3.5203477318111704 









3.4901214021451366 









3.480855608942398 









3.454333907342012 









3.605677289743145 









3.554244257082456 









3.641492064539818 









3.5554447093399513 









3.5696921290241512 









3.5538576360062675 









3.488720390335554 









3.475164792813038 









3.533296184986543 









3.5917950656073496 









3.6538530471524577 









3.584271945829936 









3.5844279876163667 









3.5939461728448667 









3.662607088308914 









3.5979091436876396 









3.514664120733613 









3.6086210961285747 









3.626930792378139 









3.542040870906736 









3.55225116112612 









3.5659778198419345 









3.516984187802735 









3.543594264166166 









3.612721734326576 









3.6534350362715378 









3.5935252429677305 









3.6057473560342825 









3.579662443964054 









3.6198015969748076 









3.5743626836492655 









3.5524620521310872 









3.4609166155639843 









3.4859603217603006 









3.3363719734209387 









2.6662564098655768 









2.452090045021246 









2.37337955586866 









2.422826668680212 









2.3480520517546664 









2.2474461124022254 









2.1892795689477342 









2.1795152803465747 









2.2006647969223825 









2.0964145292679444 









2.063194128362715 









2.0976945653029273 









2.1141617806514947 









2.1524908989926126 









2.015380547449592 









1.9405263073707222 









1.993634356752203 









2.1072280297153827 









2.1102355499110006 









2.1265970023046137 









2.1724697609861354 









2.1477447078432363 









2.154436149555279 









2.380493503587253 









2.5886796364345543 









2.6708481469475487 









3.13357744508087 









4.000613243825801 









4.223873772533731 









4.174104589814791 









4.146167588066147 









4.223615470019828 









4.183479448225899 









4.156849862161691 









4.275665664958264 









4.141835085850695 









4.079662071260901 









4.157317113516731 









4.16549313572287 









4.118129545437449 









4.137568371388616 









4.217965173366846 









4.265609696648479 









4.189656004791893 









4.070248580323129 









4.145780422892648 









4.190414341289018 









4.18511982843483 









4.184633370374173 









4.141802096121303 









4.096485861745683 









4.124146682094745 









4.135426276473768 









4.218336840252686 









4.199439509786736 









4.210963074669584 









4.13328055269885 









4.207993060317047 









4.1933843136031586 









4.148902479815255 









4.151941348990122 









4.163997077615946 









4.241023668052171 









4.171563494354254 









4.212464117109464 









4.149552816361391 









4.165522772880384 









4.20270033501445 









4.221949167556315 









4.162724369804382 









4.201351441086074 









4.200823748560123 









4.153058637011447 









4.117609211860637 









4.196566843608254 









4.208573625707057 









4.3538215667075795 









4.623702663251561 









4.399444382906864 









4.118530579540403 









4.075162167126587 









3.8586412843692917 









3.3057385018361183 









3.0126798950855678 









2.945334067927141 









2.9429132719186906 









3.0092484254598353 









2.9731620552101443 









2.9322369975307034 









2.9418452744151624 









2.8399453615760843 









2.8541597955363613 









2.8154431844909453 









2.6145499335326026 









2.733669968182492 









2.74311537410774 









2.8042059237897856 









2.8318261244479097 









2.9015796489253196 









2.733481863653407 









2.454524130023786 









2.1814714191744446 









2.196739777908814 









2.2507452397281997 









2.343754167847332 









2.5439791643743 









2.7441975531392555 









2.867279189703123 









2.934713601686267 









2.9901960585660206 









3.1570410066470718 









3.307439308490109 









3.4199586872186485 









3.4615343683833815 









3.5535909150745155 









3.6109736002173745 









3.602731984273634 









3.4679497956122365 









3.506827170337028 









3.5620916468617145 









3.5723813404156872 









3.6263371345046616 









3.596775828447812 









3.5675917710133933 









3.5200326839882354 









3.580743572495221 









3.530054464697482 









3.5391568002322735 









3.572509988898738 









3.5830740928167804 









3.6194348165557875 









3.6073287553338944 









3.612352549874347 









3.6551248307849353 









3.6808389507823636 









3.640244430627275 









3.6801825028099984 









3.7704311897775122 









3.713204967027407 









3.723339152218717 









3.6745269534751768 









3.649652160968306 









3.6555947335974914 









3.6417098271945494 









3.6501423065658853 









3.629379141001622 









3.6947460652384785 









3.6963196349329217 









3.6954663536239316 









3.794310607984885 









3.2443348291106 









2.7424400152466375 









2.679176304246906 









2.6715687168341864 









2.7763007204795893 









2.8466509789498757 









2.7919731445967626 









2.5877546338526027 









2.38953088395531 









2.3143194289795788 









2.316087327524684 









2.352832123996191 









2.3077621327719755 









2.25968204207169 









2.2584021134360497 









2.297876707814721 









2.2846133672684457 









2.3505316031658983 









2.433488415059884 









2.4255378020238707 









2.5366703715950885 









2.5486480667858546 









2.587703839061073 









2.5775698774652582 









2.6213416877962814 









2.638658152586286 









3.2152048558366038 









4.091665011724264 









4.238023721262147 









4.197936564829368 









4.154130214287256 









4.1886926812140555 









4.102213401281207 









4.120799059252406 









4.155296115891418 









4.168004184459838 









4.110796171147334 









4.050225062646238 









4.10782581401127 









4.149581509096098 









4.098014122053917 









4.166516678520696 









4.225366538439689 









4.195982494337977 









4.106792499589315 









4.222623654366923 









4.137714344663256 









4.218289363567415 









4.211761621312937 









4.100972308343036 









4.169951595082503 









4.225796232586898 









4.208629982981703 









4.161429453921223 









4.201316467380862 









4.098330232323925 









4.123861520283351 









4.111305133165883 









4.1774743421144995 









4.220001835898415 









4.204682624633951 









4.2258746286386195 









4.154779513457035 









4.2031814830376355 









4.206135343423891 









4.214402294981073 









4.186342881586742 









4.151666510965226 









4.1736752749205115 









4.051182301257265 









4.15017021315049 









4.110786279579691 









4.181771054890501 









4.251400908884931 









4.227896657465015 









4.182949342989684 









4.40980088330505 









5.388273220887506 









6.528721131901711 









7.230151373917976 









7.980831866651252 









7.837409531721967 









6.640318736376451 









5.910599812425444 









6.1422876931930706 









6.34396956238128 









6.4361786750917105 









6.2266215808474294 









6.0536556335659 









5.995373990059368 









5.97846942948111 









6.105052077710866 









6.491208033661594 









6.910980721985883 









7.016555166650734 









8.031373194557277 









9.07069139261734 









9.559797079654976 









9.91974017447077 









9.464612559335798 









8.530904476531592 









5.236606754003802 









3.3731319590445654 









3.357483228777188 









3.5134783974336807 









3.7052843050872544 









3.750823998746266 









3.71787796120949 









3.787342675174239 









3.817547543746953 









3.807491712323969 









3.6890434800452354 









3.6721527271690673 









3.7622053118143053 









3.725304519020362 









3.7658078990577053 









3.769856547984156 









3.705543469636564 









3.673672835381157 









3.7631020656896776 









3.8383366248516357 









3.698271137974256 









3.6809684935574554 









3.7460309059882397 









3.7402870309002365 









3.7501166129700745 









3.746292605963634 









3.7495012013527838 









3.795460497639147 









3.77468934443362 









3.760330063046345 









3.745771608354747 









3.7146192031997614 









3.7761644139193478 









3.7346281046516663 









3.7462122466525023 









3.73243260257256 









3.7288460985980825 









3.760110951550424 









3.7041862393000304 









3.6864976731216896 









3.7240548944675353 









3.6541555729472317 









3.7114482896807246 









3.745289880031872 









3.737983712533637 









3.743378995732077 









3.7068899796353 









3.925072278591488 









4.323663963427344 









4.033585200391357 









3.4314836210020556 









3.335890785119949 









3.2764783304187817 









3.020807900632194 









3.0571503396845774 









2.919117484997296 









3.022752643223769 









3.127065529363462 









3.094863994345001 









2.933745946905727 









2.8553892389390545 









2.890642206353178 









2.9033785936168512 









2.8645934905511936 









2.931628745779592 









3.0003858134207757 









3.091931783253054 









3.11320587221786 









3.2600202826277047 









3.3350730387469025 









3.1364308825336185 









2.7867735363898265 









2.260292479617691 









2.1717660175848272 









2.271626377498439 









2.9408135934914785 









3.928530864812597 









4.16414551650794 









4.236952407319807 









4.164019090566146 









4.207410332401742 









4.195722975197978 









4.159597799811173 









4.166303933646685 









4.208129794884165 









4.181480201243151 









4.234621209451149 









4.149298595789337 









4.284904530860887 









4.191488518411321 









4.183523909510339 









4.10454175472701 









4.1544220685628455 









4.15244483800563 









4.1208992055175875 









4.1688915054873155 









4.203127535573403 









4.166011887792005 









4.1863586163731386 









4.116789414446382 









4.172739223231384 









4.175692722391785 









4.179892598339612 









4.194795162072057 









4.141151782882136 









4.176494313744336 









4.224827850057783 









4.132631481404375 









4.200418964470043 









4.143923686456099 









4.094353832017549 









4.083139904055437 









4.113004278089533 









4.156223323547767 









4.0834229262371675 









4.133597691655467 









4.121685077337008 









4.094678751338025 









4.099915896174256 









4.210967057744652 









4.179634583788809 









4.22179788406223 









4.1764798921262125 









4.12755939977554 









4.157469958824274 









4.736493219446759 









7.0390964584923585 









11.683340098556727 









14.48473856150926 









16.480192702395637 









17.781191871991446 









18.399843518898027 









18.96035229404007 









19.463585917892253 









19.71867521294605 









19.474607031912175 









19.523614564371755 









19.684736622488472 









19.90823714332232 









20.640794065222057 









21.135380503385242 









21.249263210328206 









21.021929880188893 









20.882477112380354 









21.19883724955767 









21.555328757566535 









21.473435457289387 









21.212263272853292 









21.24812185793972 









20.30544975124367 









16.043277078743646 









8.438430556040911 









4.493898708423435 









4.118498875898176 









4.251366303862973 









4.281022337703479 









4.21475761337679 









4.26229620811778 









4.22769880197267 









4.157849867057263 









4.204804657972274 









4.164759336191048 









4.3236851247847845 









4.30985543573081 









4.180930779121121 









4.057295634154715 









4.099251144020656 









4.138175234005102 









4.1579788287674 









4.182440653324279 









4.157138811228373 









4.211538045100872 









4.247865862017715 









4.250555558961373 









4.308529181148868 









4.226165431919501 









4.259740195386318 









4.258289561229855 









4.1785788230677365 









4.178183493510082 









4.190477346764238 









4.26972311108578 









4.2498595316914916 









4.16079168451013 









4.171674528037119 









4.273564892193982 









4.179011427234308 









4.131742502529664 









4.194234710502098 









4.141209992397984 









4.172445004919812 









4.095247815343269 









4.06929335726544 









4.208837473530384 









4.2603433581255175 









4.152300129260294 









4.224037334710802 









4.757969387687997 









5.914349688709146 









7.004673792202737 









6.8634444038565094 









7.603681801700908 









8.68344679866178 









8.67988514808944 









7.880623016963498 









7.800591926243274 









8.42207217379665 









9.005157935380618 









9.03555284697697 









9.287520546815237 









9.636090086259603 









10.557417605596408 









10.609138888223924 









10.93716322647757 









10.9185823655708 









11.247237555618677 









11.031855188174859 









11.494279582606682 









12.12562666615365 









12.793061109013149 









13.452671147391694 









13.310729894164451 









11.138127728788572 









7.184830453783276 









4.773450903285019 









3.9944707429702486 









4.257604440786467 









4.273307355076765 









4.286704812452717 









4.251147538309843 









4.18915973354678 









4.223395003450661 









4.1226707619346135 









4.14463490182617 









