0.2 









0.34289667205019864 









0.13564853351610018 









0.13139114481213648 









0.13558646203752878 









0.12836564294438446 









0.12016737715879343 









0.1296957467081928 









0.12245522586040403 









0.12496195612601244 









0.12020873311664049 









0.13346853163090083 









0.12013702495768616 









0.11617298978593343 









0.09303845602434516 









0.09457833090568796 









0.08524603071534201 









0.0755287748417463 









0.0740970221049028 









0.07005688880168205 









0.06187951078839206 









0.0589858806151735 









0.05986288383933744 









0.05459103975885 









0.05734338806135308 









0.05549471150716389 









0.056110945422822675 









0.052700805887069546 









0.05339560597978714 









0.05443068680289378 









0.05495624615430268 









0.058819551879009876 









0.05843800072604258 









0.05250543744598242 









0.05144585962692796 









0.05086764248726729 









0.05356981805354149 









0.05182378504716628 









0.054348619924076365 









0.06058505817790586 









0.06420670920931182 









0.06696227553199627 









0.07752583987572924 









0.08240078426446854 









0.08621897646132645 









0.10091103823475017 









0.08996815557225125 









0.10425229624690785 









0.0943367811662244 









0.09151312862357239 









0.09236310310186299 









0.10306376367576162 









0.0957566603836445 









0.10143733600537178 









0.09884383852235759 









0.10406690580085802 









0.10187989649381456 









0.11748118109499983 









0.10324308675154706 









0.09895440910341985 









0.1036361804123993 









0.09094024629664081 









0.10461191540342074 









0.09537938822382327 









0.10272574708785658 









0.11150586043707258 









0.1047436858232185 









0.10678016916687066 









0.1113682914718652 









0.10507589471942483 









0.09736296085319378 









0.09119793612718721 









0.1100707727885545 









0.10366439881841286 









0.09311099576252631 









0.10329290193511104 









0.09905700062125089 









0.10331017962711615 









0.10810476575918852 









0.10753432212330263 









0.10997153670432284 









0.11005911999499397 









0.10216119032377892 









0.11469647546811049 









0.11461498837777645 









0.08452025230574371 









0.06954492922257 









0.07341847069995558 









0.0635453948693366 









0.06174536920279608 









0.05536100374801067 









0.05975394865859373 









0.05650958736604377 









0.04533538266253444 









0.04692162970679699 









0.04926502994261235 









0.05535735842406539 









0.051677859531752524 









0.04662352905017135 









0.04463597208037207 









0.04556725726055891 









0.04790364458156989 









0.050189544262644964 









0.05124431620740123 









0.04979555791886201 









0.04900642894068592 









0.045526359753557316 









0.04957116986436552 









0.052454985688529104 









0.05327300332835337 









0.05737182609903268 









0.08965470690150595 









0.12880661623762302 









0.13764748622772333 









0.13699871994659896 









0.1312520073963897 









0.1353779027141772 









0.12185278432596999 









0.132305064221296 









0.13016401605215003 









0.12498576572714973 









0.12817251189356704 









0.12829940873013826 









0.1324900468050942 









0.12928075319132898 









0.13297450314918216 









0.12761339773582248 









0.12141039448569227 









0.12826087239382117 









0.1199653182363787 









0.12008266189517477 









0.13872657054265225 









0.13368290511744568 









0.13253858623197934 









0.13001744669360066 









0.11852309309177653 









0.12912698051776242 









0.1229794878288309 









0.12648103740020805 









0.12829106712532898 









0.12654308745346765 









0.1266635014545073 









0.13195379957180398 









0.13073474579214805 









0.1345543856336564 









0.12383471720322707 









0.13058469913195336 









0.12921650481626037 









0.12741981715762812 









0.13134907554263553 









0.129333775524743 









0.12803843440521528 









0.1337730547684014 









0.12101863262956516 









0.14042397560379727 









0.13697284681284358 









0.1235085548323525 









0.12534445864857552 









0.13472441081895303 









0.13048138092684758 









0.12928775958138222 









0.13719528748581447 









0.13161587883156262 









0.11904586765380742 









0.09723781407600571 









0.09696518348878792 









0.10430019308654964 









0.08933143720838613 









0.07837967809861568 









0.07175776585494928 









0.07416235304903827 









0.06516975099868776 









0.06891690231935974 









0.05993691161239864 









0.05102793296381659 









0.051126771255958936 









0.04865875703523816 









0.05243557399828476 









0.04521835171191954 









0.05318660921300354 









0.0553585627771728 









0.058502593663721694 









0.05587705427871735 









0.0554976075676623 









0.056408249968392166 









0.048198194778631506 









0.052292465597617875 









0.057862220698204694 









0.0685577508522344 









0.07336251041003203 









0.07816695072045803 









0.0844416051034475 









0.08333539921165367 









0.09374505150825108 









0.08522231570826952 









0.0913599484301665 









0.09439357803409648 









0.09525398171309708 









0.08964056754604699 









0.09787295206407554 









0.09711762863442433 









0.10281528516171107 









0.10546057426870989 









0.09414122136925822 









0.10636235642891614 









0.0975344394260615 









0.09660090402043145 









0.09104046792710085 









0.09526576576003848 









0.09753356668708137 









0.1064421584125019 









0.0938672603834216 









0.10360077753481436 









0.10434234651247207 









0.10448050149931509 









0.09371496913523814 









0.09015091128748375 









0.10586436253194574 









0.09333924749160831 









0.09099860183970893 









0.10084047268553198 









0.09412361013095452 









0.09034934195272656 









0.09419438047114964 









0.09837865894800006 









0.10455299532918572 









0.10242948340527336 









0.0936628600656906 









0.09117112573217051 









0.10882574183356133 









0.09791836249396013 









0.10251848689416673 









0.09063180004158837 









0.091246043610854 









0.08277554230819972 









0.062456131393880406 









0.060065693735440996 









0.051609696719046264 









0.05896447868649988 









0.05646527820200467 









0.05388836484767442 









0.05517967648355361 









0.05188400402880727 









0.05313805487720241 









0.0501100850072687 









0.05101186645283627 









0.052822775541734646 









0.0526533662851597 









0.04815354822547093 









0.04462963383865493 









0.043242931986375396 









0.04802753765143314 









0.049655863570872795 









0.0505863428043075 









0.05068395009610481 









0.05356192341973548 









0.04804687449324215 









0.05388795741212264 









0.054181846039629694 









0.06409231278167983 









0.06647406229932866 









0.10352458500719948 









0.12750170734589217 









0.12864508232757327 









0.12756203001813654 









0.13583512524662705 









0.1325385713866757 









0.12845675762511094 









0.1346252711205223 









0.14064095894778217 









0.1225021033803092 









0.11797862251584862 









0.12731832674043594 









0.13248436822116055 









0.1250726221197873 









0.12752150059162842 









0.13783853152822023 









0.14038389874474405 









0.12900647404512097 









0.12474958909309644 









0.1271577141097271 









0.13231940076087295 









0.1282753686141035 









0.13311905791463774 









0.12971588626009217 









0.12847022483308573 









0.12794754413484663 









0.13161997085790056 









0.13904778213302693 









0.13513613982698958 









0.12326113758094719 









0.12554143659400846 









0.14259056342081167 









0.12675120958059016 









0.12181675379221239 









0.12339830773249509 









0.12988246961159777 









0.13264962344464992 









0.12834920198227834 









0.13072827692213518 









0.12728467505375574 









0.13116604372466723 









0.13651095339049368 









0.12742968891675724 









0.13785742541207155 









0.13073889717968 









0.12968290187440462 









0.1276225637284387 









0.12756506141893842 









0.1312310326190226 









0.12523322311446522 









0.14680078457881823 









0.14718872891845047 









0.13768211332757685 









0.1282840372214601 









0.11895990961139605 









0.11349551141627974 









0.07358689971124369 









0.0740143069227749 









0.07354553598693463 









0.07361429978250468 









0.07488513916545539 









0.07661844835860385 









0.0689851536067635 









0.06836924707727457 









0.0687199734354941 









0.07478727729952897 









0.06455344555621795 









0.062141599956509 









0.06633523603949062 









0.06829637149400594 









0.06941044392425341 









0.0675968534460865 









0.07179487953230095 









0.06716994932607315 









0.05508897800370174 









0.048656934721233155 









0.052869620034006984 









0.05442814603139285 









0.05473530209557608 









0.06240146431613009 









0.07166795446200383 









0.06877013905157225 









0.07140104515955115 









0.07645050241432749 









0.08381641609593937 









0.09322256919576552 









0.08916435630827307 









0.09591997766257983 









0.09470630538791633 









0.10338979575038157 









0.10279644363360352 









0.09333312132383983 









0.1012236283000697 









0.09529003505370814 









0.0955274573030609 









0.10832616629284902 









0.09980182691826475 









0.10394022561210162 









0.0954587783977208 









0.10216727509832213 









0.09252174745757417 









0.09868609488149006 









0.09141283193255603 









0.10606533831153175 









0.09517486629147548 









0.10072292269455269 









0.0956854485885547 









0.10359196364770279 









0.09607334048051772 









0.110674118496612 









0.10364269363935905 









0.11050784580873298 









0.0968502131884442 









0.10946606729840672 









0.1012140406102491 









0.09837286965543857 









0.10184582548854754 









0.10166457964469161 









0.1021567582443308 









0.0946747779273811 









0.11104109252110661 









0.10027943496348588 









0.10931649126263307 









0.1041033094930508 









0.07937809513131855 









0.06779718300832485 









0.06427571218125289 









0.0650621123070387 









0.06514527066881665 









0.06817780363388652 









0.06643481426211317 









0.06145320985514919 









0.056822842362284735 









0.05432711832374837 









0.056507108584924796 









0.05764726364979454 









0.05805667909131862 









0.053982585241128964 









0.05513658332339093 









0.05354178795487907 









0.056923405558166544 









0.05804842600382977 









0.05733805463249457 









0.05735640613612045 









0.05899757987008768 









0.05921203079646575 









0.05906157968191238 









0.06336084593208349 









0.06207732998287971 









0.06283440366492658 









0.10210911003844664 









0.13772956977709466 









0.13783885483571987 









0.12278648764104279 









0.12483832507149367 









0.12094685138951089 









0.1255004144730572 









0.123302373086229 









0.12530665532071616 









0.12322679130335598 









0.12116768685086732 









0.1120672942284841 









0.12871956769422374 









0.1215573046692259 









0.1279519672867762 









0.1338178921766718 









0.14796836751302078 









0.12569463259186137 









0.12601995424089707 









0.12906645953801302 









0.12457894768429612 









0.1350051160152829 









0.127283697820587 









0.12153727380285242 









0.13096203743681145 









0.1281972617764555 









0.13181483339137706 









0.124579087584863 









0.12821144859530473 









0.12866233127286886 









0.1265792475119406 









0.1252582402071858 









0.12741789808825008 









0.13354538326885587 









0.1346618315673323 









0.13024813984738237 









0.12814158403249543 









0.13482937913897095 









0.13341618811362474 









0.14276417090413596 









0.12750456633166313 









0.12442553120740889 









0.11951571157651406 









0.11578776615133564 









0.13579100957604273 









0.11971465215537289 









0.1367631641376699 









0.1279975393266093 









0.1343916262661457 









0.1319497652351927 









0.15959476132325712 









0.23173415849413218 









0.34588309316482757 









0.4042501459611402 









0.5202032585679977 









0.42665011551515897 









0.3044040867242708 









0.2786932501061573 









0.2773318479337439 









0.32431416203527963 









0.29907852922140177 









0.2857264909148063 









0.2675656303051485 









0.2633660306950164 









0.25375720086272846 









0.2853475884482553 









0.34618195742892643 









0.3670529450619997 









0.4009948684427015 









0.5755895946744312 









0.6531360831771422 









0.7035590068011026 









0.724856391440551 









0.6615083861623121 









0.4831121449039731 









0.14865482421394083 









0.0812912204805756 









0.09370680250899734 









0.10260854787409499 









0.1148054155079265 









0.09987464694384263 









0.10048937557546334 









0.11121482205398332 









0.10924717084236635 









0.10826462624434904 









0.10352463981131896 









0.10426845978307321 









0.11032665167640138 









0.10190887861742368 









0.10901976640211192 









0.1123474775394707 









0.10069642629927855 









0.09530536631184855 









0.10822142558270376 









0.11477096558867954 









0.10550078269288474 









0.1122427118836466 









0.1003284155499159 









0.10402288372576543 









0.11271140805587301 









0.10955379530629557 









0.1147833614626724 









0.11406106502686846 









0.10793953515533444 









0.10434474414476709 









0.11107808889752777 









0.104504361697041 









0.10937347905130398 









0.11277225648943151 









0.10338498399340951 









0.10504171735940505 









0.10367849263606807 









0.110236772054567 









0.09817797171195464 









0.1029024247121998 









0.1040678656354018 









0.09889205738235768 









0.11430885249815911 









0.11416484416199069 









0.10042505190800752 









0.1028760109200582 









0.10590587773276361 









0.12917307785490922 









0.1459904106231025 









0.11539262364584438 









0.09089005352408208 









0.0881606583371824 









0.07950923459263151 









0.07495816173467303 









0.0748902872793715 









0.07209401043660243 









0.08065600396002573 









0.0805271832107787 









0.07869080308816527 









0.07552254046918849 









0.07289462198866498 









0.06656009393598156 









0.07629381692679366 









0.07036653978767592 









0.07413033580921954 









0.0759023166262868 









0.07448713373349503 









0.07742098025167939 









0.09122272120294661 









0.08333265222202724 









0.07997154532782125 









0.0640105721495523 









0.049379422046904584 









0.049446157998791596 









0.05381720482807676 









0.0873856481945377 









0.1318990635066198 









0.1307913573144959 









0.14292548784909292 









0.1186401451086539 









0.1328745789322912 









0.13283822578925655 









0.13309647938589558 









0.11820165599138549 









0.1295247977215437 









0.12749602802897186 









0.12879001223639808 









0.12448664789753336 









0.14430624413749654 









0.13174464536951758 









0.12412063869987568 









0.11750055788232286 









0.12123554415847752 









0.11868855652258892 









0.12527333208214633 









0.12641858109273862 









0.12171397044025192 









0.12646709240533677 









0.1256239299125889 









0.12382098554468828 









0.12305111081371348 









0.12732572185852556 









0.12947850147947762 









0.1335012758266233 









0.13053802748744847 









0.12871798434874457 









0.12744220121468036 









0.12888787405494734 









0.12375126980676099 









0.11589722150832008 









0.12779052362250856 









0.11985291587615782 









0.12403718604233656 









0.1247125861650559 









0.12808996651425808 









0.12724337294382715 









0.12456076354252382 









0.120403241566806 









0.12422294096065398 









0.12411169035899754 









0.12690802650209956 









0.13503269299767676 









0.12982496010243838 









0.12931481206821044 









0.12668805842872283 









0.19556807315059516 









0.5071874522023933 









0.9068451937824602 









0.9717378239479877 









0.9882084023530109 









0.9926402921147981 









0.994796982659257 









0.9957885018561747 









0.9968514974007072 









0.9970532237736667 









0.9967955766131233 









0.9968169614326918 









0.9971491006838558 









0.9975975492463818 









0.9984763692274075 









0.9987151029409583 









0.9987472019822381 









0.998317686180215 









0.9983880256530244 









0.9987388028683417 









0.9989628652787277 









0.9986590594157314 









0.998703594684557 









0.99861612112049 









0.9972961643430521 









0.9508095509103551 









0.34769727023239727 









0.139498183047499 









0.1257639320693016 









0.1297435321250754 









0.13273152576215758 









0.11925687702658692 









0.1364425145892718 









0.1349550375452302 









0.1258610657909598 









0.1274268149699197 









0.12797690218489627 









0.14018864315147678 









0.12734894915510225 









0.12482620692259999 









0.11809708004659913 









0.12692047815649538 









0.1284890046248252 









0.1228464625631127 









0.13957574836753106 









0.12663297739278317 









0.13748889168442763 









0.13187922689397638 









0.13353126888681524 









0.14311264110650768 









0.1352675395376246 









0.12816986396093732 









0.13333747536857193 









0.12632757570086348 









0.14242205375681838 









0.12485417466425232 









0.13571775819165113 









0.1298524079248823 









0.12958961863466684 









0.12988687120157583 









0.13723709945010276 









0.12229267205753466 









0.12629398754851615 









0.1251489678083103 









0.1234574465125085 









0.13097935808308075 









0.11813334578582624 









0.11701187589928844 









0.1285063697163629 









0.13404120746527132 









0.1220474993659113 









0.13261865420621463 









0.19414504372912095 









0.29704414947246965 









0.3944519280593697 









0.3500899045701238 









0.49539340370300194 









0.6100462490487103 









0.552948682858451 









0.4535818246488642 









0.49013016032947987 









0.5600839631360344 









0.626253029345525 









0.6216254618495713 









0.653819858404761 









0.7277458212958736 









0.7937267720472818 









0.7914678037706901 









0.824232505750923 









0.7975869172265 









0.8350408263109859 









0.819231785816098 









0.8683967470995214 









0.8907094356919021 









0.9272551999146335 









0.9419310306855229 









0.9198602611765851 









0.767078522804836 









0.2751050991347796 









0.16321056616782703 









0.12423904167373157 









0.13731979684440937 









0.13568451857913688 









0.13466845137124772 









0.14331377231158535 









0.1315923093008102 









0.13192905113295533 









0.1269631314830026 









0.12732647177947942 









