0.09 









4.34783395621435 









4.392915428743874 









4.408459323588125 









4.841774940696799 









4.805113564584338 









4.829497144245311 









4.962313244891109 









4.8415773508826 









4.779318761393167 









4.776941269226148 









4.834008570486392 









5.241753633334416 









5.950494342930196 









6.186053203413274 









6.8828951361223485 









7.318922859533778 









7.537458917318443 









7.798621625843904 









8.056836035339797 









8.481447766937102 









8.35444609090207 









8.879947877566856 









9.229487309105341 









8.96859400401207 









8.650258676357879 









8.873803175904566 









9.12131915748631 









8.903345507591283 









9.288173552349264 









9.101225661308975 









8.490270293083217 









9.109175561340816 









9.442154779791155 









9.317057682404867 









9.342292538753941 









9.235563471240035 









8.935455258283909 









8.50543152913526 









8.065791759578321 









7.771669648942744 









7.300521219588293 









7.031027698896579 









6.714266742486101 









6.26622295250008 









6.0230920486952035 









6.255367761601455 









6.022761681973793 









6.054958776467939 









5.9756184666592365 









6.017186710666598 









5.94749289773098 









5.887635739640074 









5.928243301375262 









5.984808109887347 









5.75251197429677 









5.800033923403764 









5.605295181926314 









5.636657236451732 









5.696356655467876 









5.967864426363286 









5.942783958042863 









5.609392337286473 









5.837335928673569 









5.822826537747434 









5.544957661756775 









5.657813623317559 









5.610749197856878 









5.6329231156655535 









5.605041771455332 









5.867272142830016 









5.88855434728357 









5.693660330412403 









5.857919046864421 









5.755656718975161 









5.640148569806485 









5.749888200207083 









5.70135419632399 









5.822169943046324 









5.723965375716081 









5.83396761823955 









5.752415043124039 









5.772307927998956 









5.680871855844001 









6.236536746564352 









7.217601762894971 









7.705184312172958 









7.706969726393576 









8.421271351658081 









9.063808659859347 









9.00436569797172 









8.774114443778892 









9.570196158748939 









10.04561930854078 









10.000328839161812 









9.781052118130033 









9.234312493894045 









9.456911921394392 









9.944789436963669 









10.401947069555325 









10.72962287629225 









10.22000086267967 









9.89274884900231 









9.379690311081587 









9.446446112849 









9.606307757885727 









9.842070015124952 









9.646744805731066 









8.942800620416767 









8.61626343712496 









8.134682562729802 









4.550504275642011 









4.015747084778899 









4.428334386022976 









4.807325025308334 









4.8133792547049055 









4.824143090004471 









4.905520432789944 









4.828023062736147 









4.767479768537384 









4.849255641502973 









4.809245946759071 









4.769897728362818 









4.788470997046601 









4.729620858445686 









4.7563725650543045 









4.956589311868851 









4.83925401020895 









4.8136311364259114 









4.819650113080533 









4.8379756918128605 









4.814436256247972 









4.824230402515635 









4.870264983816693 









4.845031226066071 









4.950448146455189 









4.84233433901397 









4.791166870490825 









4.814330609882333 









4.764118077237294 









4.943545136164341 









4.88041201863309 









4.806908599861934 









4.779096757694929 









4.822037647430341 









4.874691707475363 









4.810959435002823 









4.841333082783947 









4.9589604348113925 









4.842733239928813 









4.739691836561399 









4.809256132059184 









4.876331733375049 









4.867819152961777 









4.755012536918781 









4.747217808135944 









4.902168780875596 









4.941090381319625 









4.833270986438985 









4.83756571370876 









4.825320012639921 









4.9909493166099335 









5.570835649189748 









6.016004529450423 









6.479491255067012 









6.57981930947924 









6.660372323811641 









7.370221255950633 









7.766620570023222 









7.837462373235793 









7.934269222216818 









8.02639324326429 









8.3568742050853 









9.016472396162994 









9.880010101702872 









10.041452575060786 









9.693723317732223 









9.944552020152944 









9.948862761692563 









9.440681895066165 









9.4358232396315 









9.22061022930642 









9.306740350906932 









9.29921429706398 









9.578716644830235 









9.492267404030368 









8.852143461477327 









8.143505896761832 









7.4721726373878505 









7.033332337607295 









6.906596590473407 









6.711310728587164 









6.670058189561091 









6.164414848499318 









6.432334893583838 









6.24671802111257 









6.073343755945679 









6.241046535921956 









6.171435361718326 









6.004994431326877 









5.980716923259168 









5.907655424273996 









5.888543015908808 









6.007264689226375 









5.9575589432026606 









6.1031056488434885 









6.3045352367212155 









6.092412192125576 









5.91296922904399 









5.912503775119552 









5.859599677605397 









5.98372945924453 









5.964437236292086 









5.906256305422831 









5.92329106220413 









6.122409689632442 









5.981288150650361 









5.913492844514159 









6.028987358638224 









6.0709738660268435 









5.975676851272526 









6.061349407320603 









6.043072046695375 









5.9397749666565725 









5.757437836597132 









5.970476698379445 









5.8935552162681 









5.89869280234986 









5.853308698543955 









6.006998023202611 









6.047819975943063 









6.091731182950781 









6.143716479389033 









6.3319810302313435 









7.689732155421948 









8.656527884808781 









8.742577746554751 









8.90056683109214 









8.86100116558421 









9.155054836720463 









9.468138550832592 









9.441468397349915 









9.480368991048719 









9.696134894250964 









10.052904138593712 









9.978039785096662 









9.862610548865941 









9.648855660281658 









9.938978933099376 









10.500570000450331 









10.433006824418332 









10.02130495224848 









9.690799965254417 









9.798829203219338 









9.595006293313258 









9.57956198480321 









9.620841436263559 









9.027073869583006 









8.359178424012818 









7.94485108702232 









7.435383307989785 









4.432763471208792 









3.9844648443009403 









4.472382517427231 









4.916757535204252 









4.757730348217097 









4.747514018679273 









4.926074020321052 









4.808768746980022 









4.8054876752960505 









4.9207969271904055 









4.890312939942311 









4.9222274046456675 









4.871420019721366 









4.875609773490755 









4.814316102413504 









4.81130583532481 









4.856487180777771 









4.91885801560779 









4.960660403240238 









4.753759829592694 









4.85444721594139 









4.840742748758484 









4.8036789437621605 









4.875790325944519 









4.8756005790170756 









4.882552850084345 









4.849329550188512 









4.76355096331666 









4.796532420216521 









4.7796697921946 









4.864800700319935 









4.816514869051535 









4.758250227583848 









4.910199246242431 









4.874004191850917 









4.740660571682743 









4.745488547465478 









4.884860194974522 









4.8948961276379475 









4.914573544238111 









4.811407266708451 









4.7438384458567 









4.841931616938017 









4.746170733836842 









4.817008486844664 









4.923363749856522 









4.932643475545054 









4.821461272477281 









4.821397550821379 









4.850805739211754 









4.974488682610143 









5.388408137482127 









6.4071915608553285 









6.518960689673042 









7.0474805550296455 









7.962234169644145 









8.964907470716861 









9.122009485164385 









9.20086452502264 









9.040080291483749 









9.001147171069078 









9.098270419645074 









9.111168290371387 









9.296172830731273 









9.424760599746397 









9.235452289727684 









10.013844251948777 









9.854837290934505 









9.623558973625478 









9.421369985787644 









9.349077733177173 









8.98490736345587 









9.23233332474911 









9.617913208656486 









9.753510144830472 









9.262342446619769 









9.105278205059456 









8.834006766529015 









8.417045653846332 









7.917459830748001 









7.56014234838135 









7.363758418764566 









7.2958712027032595 









7.121667467819962 









6.692332316749951 









6.426703895475257 









6.292814853885878 









6.060667733584852 









5.799912188801946 









5.891315374140897 









6.067319117971424 









6.249200141753451 









5.905973757782074 









6.087306323278164 









5.975175507108116 









5.923047856355922 









6.000022976809953 









6.046677152191812 









6.030433678963864 









5.940828717654328 









6.139018889844917 









5.9593955727803305 









5.996722731510251 









5.812486931219398 









5.893004767520151 









5.874748941259742 









5.8987503382852715 









5.696870904249326 









5.782082138123962 









5.742072111351704 









5.573957208966849 









5.619323420248709 









5.611313382494149 









5.729503276016307 









5.8007390077743635 









5.780262759995867 









5.767528454429228 









5.846503712285231 









5.782975509525794 









5.675437507100164 









5.655191728420092 









5.866265585962503 









5.891804526656789 









6.6406308641185525 









8.139280239446249 









8.407668625853725 









8.422242475206101 









8.261174842038146 









8.041016753394281 









8.045758720227644 









8.46994292469338 









9.086370493725084 









9.471385082093128 









9.422049367558593 









9.406899841003266 









9.476598975681885 









9.650431505384024 









9.66302417079158 









9.668091629110545 









9.52448029498767 









9.505100662233355 









9.162145539689025 









9.18236633108215 









8.919055282187408 









8.746863216914457 









8.669650797385128 









8.30256310656744 









8.061948146850542 









8.020239753096876 









7.267062044427587 









4.326376137117424 









4.033710066200639 









4.424913405855747 









4.8789881752509805 









4.7978879521550315 









4.938330541308022 









4.900497644275975 









4.818295731064261 









4.786757839820152 









4.834756610552781 









4.960471422775447 









4.908837774439374 









4.842676607821343 









4.814104396644172 









4.919587537033844 









4.8141650255035335 









4.758007301525847 









4.930031939628038 









4.693358199701269 









4.868583602405684 









4.7810804801858495 









4.78905115383842 









4.90212300282532 









4.874747737053291 









4.740085652397167 









4.735379661217807 









4.952898773875041 









4.811997666882521 









4.893637003929785 









4.94216976545651 









4.849231350840287 









4.851069019647096 









4.82594155818959 









4.86852671025254 









4.869867796663501 









4.806634059319358 









4.791327626313381 









4.904820898342452 









4.841973601218301 









4.82496311391222 









4.854786464119349 









4.795191779808214 









5.00220587498015 









4.908229432086779 









4.89642981877045 









4.868155081505223 









4.83766511982088 









4.8255522719107455 









4.824357245753958 









4.955624106133826 









4.910910224336803 









5.260671227185849 









6.175855252610669 









6.366805298232596 









6.945669642792672 









7.976205403632191 









8.533247061150345 









8.381693472655362 









8.397820796267734 









8.225094499177278 









8.727218464153117 









9.079189767361658 









9.064914929251257 









9.065763241459969 









8.94689586979991 









8.79354341509684 









8.54743523212297 









8.59461091149108 









8.143597560121064 









7.567699090347683 









7.4335557167694715 









7.428869363656286 









7.773982663243925 









7.98798453117873 









7.567811666376089 









6.920011411733651 









6.621677499578918 









6.253151380695746 









5.950692207689253 









5.651583818219893 









5.725587634137068 









5.600465042016859 









5.513851966054666 









5.536182335166168 









5.68499328417139 









5.781501665161179 









5.70477665841613 









5.6976416540016155 









5.660686793162533 









5.665422107934632 









5.694010865359443 









5.734868828706366 









5.7031677341462315 









5.42407472866487 









5.739601702928143 









5.790251727211966 









5.619203751506147 









5.540549657057419 









5.713728931282646 









5.624140326933353 









5.759780475382774 









5.610637990012686 









5.625695942878224 









5.632006495803419 









5.746079353607553 









5.730466512945876 









5.659715307392309 









5.811849291263428 









5.674150009136062 









5.749655989374251 









5.592857509198854 









5.680340648274346 









5.643608439640899 









5.798362568745553 









5.775314681732397 









5.761444169940052 









5.755419701964597 









5.640366041782728 









5.747240359472905 









5.6329176901839295 









5.723606673814817 









5.805506071334357 









5.731089641077802 









6.303486206513396 









7.876561440976271 









8.35521639117557 









8.4491966489892 









9.245341924144105 









9.584225464201412 









9.858782131413513 









9.783839157123394 









9.439307779071962 









9.551761102429754 









10.015604300707453 









10.575724233989876 









10.437849668193683 









10.804512950752004 









10.790279716086724 









10.584326823886112 









10.293435525249311 









9.958863654123764 









9.893359582621406 









9.80788131721296 









9.365572943742958 









9.676133235161124 









10.189780262312143 









10.329201709482277 









9.634593870694275 









9.184097993165988 









8.168833534845998 









4.62595350846675 









4.067437527757658 









4.429180607735988 









4.9243692201171 









4.788314702899639 









4.807948121181782 









4.838293538939524 









4.802285354523181 









4.81863717736214 









4.751988316112225 









4.849182938258487 









4.863733966641617 









4.7967231395857075 









4.822730292166295 









4.822229369995757 









4.823660155888509 









4.863969332819853 









4.782044370305608 









4.874548922918969 









4.879319703988891 









4.831661871631795 









4.81055930595358 









4.820413176952271 









4.844791033457848 









4.855325605866786 









4.834552390533071 









4.850562430706018 









4.880001950073275 









4.866723855634029 









4.837873034013754 









4.7492998654275835 









4.901337128353184 









4.875351724258412 









4.845915515680998 









4.853844283779738 









4.829090134295669 









4.95724663011399 









4.80585548012644 









4.844527723200133 









4.925930254707119 









4.92615662388419 









4.932137018464664 









4.807146450449121 









4.836772090282677 









4.819694748444005 









4.809107898542291 









4.853426433296519 









4.833105103340512 









4.925479424483142 









4.872171679059345 









4.859797942400522 









5.209947967463315 









5.817379010019265 









5.500877654007917 









5.303094712640259 









5.846221684565087 









6.092078383083306 









6.239783257720356 









6.150016285506269 









6.824362492892693 









6.857726284667327 









7.0468060523291705 









6.8964085013762375 









6.2446272809467835 









5.946698479099515 









5.976748910628123 









6.334081048486182 









6.874888516787849 









6.521034117700213 









6.228878433709634 









6.101482778155229 









6.689273022389045 









6.442600677412459 









6.704344520008451 









6.242025555889225 









6.280726593980397 









6.062230870734672 









6.146729326530673 









5.762696846867038 









5.608131923249254 









5.620024819093929 









5.631058708849503 









5.674623692791926 









5.688321610782459 









5.664100198402797 









5.753793956199918 









5.599065420992502 









5.4984568945451135 









5.756777343918714 









5.790948216247501 









5.804783528898712 









5.806186350262315 









5.734579830444499 









5.645032120963681 









5.7356658117459425 









5.747186880694838 









5.603795205750957 









5.591206661138192 









5.592128719865934 









5.654215152414646 









5.568915070171738 









5.485948228963575 









5.714849746683385 









5.718196233978994 









5.7077466329555 









5.635249254638013 









5.639582832301017 









5.725295421223415 









5.8314090130128555 









5.612780466687345 









5.573726538440914 









5.849991371293232 









5.616469042031591 









5.691983055726706 









5.603865403626415 









5.7042192078623035 









5.821741425100698 









5.653809254048994 









5.646085077264437 









5.670003329374573 









5.678723378727464 









5.545261839559727 









5.694983879590365 









6.3967971624884425 









7.663620368006671 









8.000399704734368 









7.877657315464212 









8.392101600651662 









9.210001942936657 









9.143052877387666 









9.035377612894854 









8.77462939011594 









8.93225340605426 









8.713657994162935 









8.696037538323836 









8.196575615878386 









8.070516822500972 









8.10384608880645 









8.097806722031656 









7.910975234953572 









8.112213397698367 









8.075227218905527 









7.549765056677739 









7.4412476943415395 









7.0924937338247425 









6.903085834214383 









6.453006073045551 









5.885128129240994 









5.800329936491013 









5.523664826680277 









3.537138801959314 









4.350458061052797 









4.810639290263195 









4.8045180520099695 









4.812766673223139 









4.8532638277852325 









4.961106991268335 









5.026588381199414 









4.8789265971159335 









