0.2 









0.16181708738395237 









0.1653238029383801 









0.1513689591037825 









0.17670475620591047 









0.17142928311597705 









0.18229794463622204 









0.17487172523769717 









0.17904252610080604 









0.1524177461572782 









0.15107713231314518 









0.1834255743099475 









0.21649802118059397 









0.29749961231616984 









0.3002261674493223 









0.3607100007327349 









0.4370872610746761 









0.4526049002394109 









0.4803812284568638 









0.528513406153511 









0.5940090113635267 









0.5326930475437373 









0.6377405774601579 









0.6487532424596347 









0.5989431957011724 









0.5809723301506022 









0.6441140379968978 









0.6218406666239302 









0.6155693330673125 









0.6437919101677081 









0.5778671221115843 









0.5639461440684105 









0.6719117621369317 









0.6728010084967284 









0.6472450213139174 









0.6664277323794741 









0.6432829301124708 









0.6199662134412509 









0.5164711736865837 









0.4994174145010251 









0.46688763884555945 









0.40384893433066493 









0.36299015168294124 









0.3207180394452248 









0.2918378992313427 









0.27880327897171064 









0.27237921593400194 









0.29466593949023473 









0.2716329411727821 









0.2860564353638445 









0.2716038544306216 









0.2893132793974462 









0.2724516601554313 









0.25357895265757063 









0.2723801695638091 









0.253986791143338 









0.23827285586748126 









0.24853770668833952 









0.21552210407962358 









0.26234971940413876 









0.28546236397178504 









0.2707206242282003 









0.22555622718362361 









0.2612998097917698 









0.2369370932774602 









0.22777429421823378 









0.24546678101589892 









0.23091165376495099 









0.2251877457473536 









0.22386800478513158 









0.2731037692592645 









0.254898430332265 









0.2390051514545951 









0.2530004074436963 









0.23328520566148864 









0.2260542835031173 









0.24159709149006586 









0.23033364544373464 









0.25706184951963196 









0.2455048614198159 









0.25918653211006965 









0.2561268015635546 









0.24098414801648005 









0.23958823635642823 









0.31738200215090784 









0.44862415292586055 









0.45897097714330626 









0.43985800460650926 









0.5807266227381005 









0.6306648133231432 









0.6216067101966396 









0.5721070886243841 









0.718889956742 









0.7434738424594112 









0.7257805127147134 









0.6939339121544126 









0.6521487391003906 









0.6768804894395062 









0.745543020744408 









0.7978627943826002 









0.7953793673817353 









0.7135196643565651 









0.7120732423282534 









0.6609555912105134 









0.6953101488499325 









0.6919860675327281 









0.734622558652819 









0.6778107227485888 









0.5928335389379047 









0.5667958107185961 









0.6002154191141151 









0.18040421790422867 









0.16198279014940237 









0.15855771244692685 









0.17986210555157423 









0.17113020634216358 









0.18066851512449428 









0.16903073705007632 









0.15576751583833226 









0.1709314369906907 









0.17384763647801216 









0.16025543851110674 









0.16804164531077703 









0.15932069220652592 









0.16165869624014573 









0.1597530777255225 









0.18931157165891294 









0.1625551063338868 









0.17228797814006344 









0.18190252835623527 









0.17390646821697575 









0.17035687002195815 









0.1666662164059323 









0.1838972399790257 









0.1649675066714147 









0.18071813507005718 









0.166895277412745 









0.1701217381375891 









0.16905252154271455 









0.16089677666173835 









0.18093820250153458 









0.17958317666456447 









0.1721997725507988 









0.1722036790706857 









0.15651432180147418 









0.16592966691335975 









0.17094843608928936 









0.17391793867774907 









0.18295529776001707 









0.16643040085084393 









0.17220012778765453 









0.1675170333782241 









0.17772544543018362 









0.17157898671972424 









0.16472519831221522 









0.1663199266410344 









0.17038695605530774 









0.18198187994434445 









0.1715413107820128 









0.17070901101163222 









0.18684518019766427 









0.1854846722497075 









0.24426208468762034 









0.26859709209539806 









0.32071992629786344 









0.31694518318414494 









0.36674148111237925 









0.43205377061920414 









0.4776287462435309 









0.5014747892373925 









0.50249094891591 









0.5086953987416749 









0.5785888908610213 









0.6438546201632667 









0.7522176787826991 









0.7256434152813093 









0.6911871390411569 









0.7556846644626496 









0.71176919716828 









0.667382996877423 









0.6745942066755486 









0.6499547613490694 









0.6584009137337032 









0.6306189492397121 









0.6995011974265367 









0.6527164189709969 









0.5621475981749278 









0.4900371523630075 









0.41826070018364125 









0.38222301569161665 









0.3769535636973 









0.3262374487618356 









0.32150736893938825 









0.28443375820072136 









0.32094915096920545 









0.27742677924472986 









0.2769326131692363 









0.2758214464957943 









0.3068987749606903 









0.24959817559615421 









0.27541712762217163 









0.24640658410817373 









0.26265830571929183 









0.2624514807241174 









0.2524023367476873 









0.2989463124824202 









0.30365102537258637 









0.26623187093670464 









0.248172702854763 









0.25080533206368166 









0.2682056054494277 









0.2646432781810252 









0.25527047515934354 









0.25737768839584496 









0.2542439544667864 









0.2810331542759259 









0.25519254608595626 









0.2642770690997447 









0.27635581788131597 









0.27569741204574255 









0.2630100547291857 









0.26186960321369046 









0.2769421974893548 









0.24303982568646515 









0.2390606943585583 









0.27499889595795296 









0.27063009927811355 









0.25445908233878367 









0.24100751642340432 









0.28336822717925814 









0.2740331950563797 









0.29237400399073554 









0.2804090473291778 









0.3106801525021885 









0.5272896463249481 









0.578462031719333 









0.6120791351520338 









0.6070105994732115 









0.6361296882112936 









0.6442482599368389 









0.6981021552669315 









0.6791043210393172 









0.6733517043930559 









0.7172790373989322 









0.7443046537086032 









0.7115693821089544 









0.7179866812856983 









0.6799688745944937 









0.7338381810923789 









0.7743650311936037 









0.7733534400571727 









0.7203796319620732 









0.708382676037931 









0.695976855724521 









0.6960851971019004 









0.6933179731123038 









0.6845197651512321 









0.5882762180110008 









0.5194455088408014 









0.48330020882200525 









0.47788504417436983 









0.1693299394024007 









0.14762054094560217 









0.163896517491267 









0.17969653119619927 









0.1576348633334294 









0.15973313431483743 









0.17826101428430377 









0.16849508268679475 









0.16887977192143297 









0.18141401823250142 









0.18319868554943045 









0.18813179567181593 









0.17833444654476233 









0.1708247311706787 









0.1684725727617792 









0.16465237662090254 









0.16608889457443865 









0.180897390204676 









0.18886828940855907 









0.15545768379293856 









0.16371820936816867 









0.17579088694765177 









0.16927816627806902 









0.18339830844449423 









0.16867039218263008 









0.18868409346851023 









0.15312095050245916 









0.16744225894222636 









0.16906204526020835 









0.17402061936382407 









0.1665396849984795 









0.1684634920176467 









0.17238753959830877 









0.17458938612298008 









0.16369751823058853 









0.15678355835780286 









0.16570326419460807 









0.17098938999245394 









0.17930081450126412 









0.1877548573118587 









0.17048116972916566 









0.16906076512352597 









0.1724581080954111 









0.15782106871911622 









0.1662203588164754 









0.17981520555764743 









0.1699211608181126 









0.17526280607379038 









0.16053558179830468 









0.17664298000343082 









0.17274296287258328 









0.23838139114743495 









0.33137433254236925 









0.31968134755437205 









0.4139071395581046 









0.5310278831472255 









0.6041895181900359 









0.6508011156057412 









0.650358972531549 









0.6328456495261666 









0.6373956016431138 









0.6387488284508072 









0.6311613106307967 









0.6686042717222191 









0.6652657098810258 









0.6617651489804106 









0.7425887073201457 









0.7025611400998304 









0.6989745026751466 









0.6910266857077952 









0.658794096179343 









0.6242958017098456 









0.654268320386903 









0.7173642344216958 









0.7002096232024035 









0.6322393148450487 









0.6288953630503871 









0.6091354501633095 









0.5386060337305012 









0.5032475885202838 









0.4301710330252091 









0.4223793809414865 









0.4102937917150099 









0.3669463513970281 









0.34786707844248776 









0.3135239466063775 









0.30628056925894753 









0.274410273851489 









0.2505381218099734 









0.257432609503406 









0.2918932699615187 









0.2960769041757697 









0.26600319426705654 









0.266724225111867 









0.2675073198629971 









0.2692951592377092 









0.277264003077085 









0.2851506645907834 









0.26689971755735514 









0.2740202201407973 









0.2756869631527845 









0.26982329776556174 









0.26918024714261923 









0.24162163979689757 









0.2598498303737564 









0.2543235643104361 









0.2529931745986327 









0.23110313214727907 









0.2440693838809168 









0.24988884687611992 









0.213280984344067 









0.2501308043000936 









0.2255376883768913 









0.27255694477127995 









0.254148486509612 









0.2391213768334312 









0.24823724521179702 









0.2564380796011319 









0.2588925045006483 









0.2428369788550859 









0.24249986589489494 









0.2584538362690322 









0.25106259475394843 









0.3921317202923733 









0.5454576875808568 









0.5487939301405578 









0.5571995983369782 









0.5150715676206845 









0.49911419644285787 









0.504666513768292 









0.5668010414494946 









0.6598989665295298 









0.7002405850610813 









0.6857842493745347 









0.6689023713388293 









0.6895323773895072 









0.7038231459205673 









0.686905613657943 









0.6815742709762158 









0.6899141155354181 









0.6639843056963426 









0.6417076658765999 









0.6624107817188267 









0.5874907245244276 









0.6207954481739877 









0.5728862601988582 









0.5035618109698825 









0.5068369986910468 









0.5084830338043975 









0.44601390835132676 









0.1533625972055392 









0.1582116014726015 









0.1689273197458131 









0.17677817695237794 









0.1643819457644901 









0.18619793810627855 









0.17964176941505056 









0.1726431629805369 









0.1552703901854785 









0.1702180301649909 









0.1916335183975767 









0.1777333979451222 









0.17111822296139304 









0.1819666654476499 









0.1731081062296629 









0.16538538091018407 









0.17647154107965857 









0.18448343108058374 









0.16139434529299762 









0.16676468333550853 









0.15219058036492578 









0.17677781750233412 









0.17941675941722846 









0.1798828673534017 









0.16808217489657384 









0.17078981095458518 









0.1737067113611271 









0.1689945580879056 









0.1885194648947679 









0.19632349474954996 









0.17243686933329908 









0.16289352872823362 









0.15371549995858622 









0.17749337392414213 









0.178597985186988 









0.17854168924484204 









0.1668101047414346 









0.17966187246038262 









0.17691928689077113 









0.17552345238108458 









0.17254788023268536 









0.15371152205905414 









0.1956549116644588 









0.15834699244896397 









0.18304937022504617 









0.17075999235237982 









0.1589828949625649 









0.16427442442966872 









0.1773347068091808 









0.19003711223785863 









0.18074315190861487 









0.2154353483940208 









0.31900900226280304 









0.3008493027036208 









0.406117950197143 









0.4979368623322391 









0.5750156310807586 









0.5446626155984846 









0.5417686631473068 









0.557044987340056 









0.6086967054435667 









0.6244648142025546 









0.6476081906968933 









0.6323191405440036 









0.6239803232590326 









0.574395890385696 









0.5678244678028641 









0.5714377939787091 









0.4677364090028854 









0.46400356851516966 









0.4205940832799272 









0.4286654181267189 









0.5043084683711343 









0.48294248914312465 









0.4235260365582643 









0.34630759700687724 









0.33853407262036594 









0.2887098016853697 









0.27098888025999757 









0.23193807393897004 









0.24021011661294206 









0.21432024054277193 









0.22319564721558888 









0.2261221732702407 









0.2424226645647249 









0.25557970762286797 









0.23058721550331474 









0.24830003347364937 









0.22302361380812338 









0.22995227791923778 









0.2532821734873319 









0.24462122754722326 









0.23639152636234195 









0.2114375617406747 









0.25312503730272046 









0.23696163179055146 









0.23021562014858943 









0.24053902344191266 









0.2532612186951003 









0.23749881491964864 









0.25823967402211 









0.22870109136914651 









0.24076831440289334 









0.23612193280190752 









0.25481663890815504 









0.26722467981895276 









0.2412053823839613 









0.2529763171131135 









0.23196657631807022 









0.23564288212229717 









0.23505328242069223 









0.2358349974717947 









0.23658210972033772 









0.260167028128092 









0.24193344493624358 









0.26665377934875456 









0.23928955770970506 









0.24459408027156032 









0.23492805315386422 









0.2207233384928573 









0.23788954203050472 









0.24929993736528072 









0.2525106657444524 









0.343919756122085 









0.5275047635078841 









0.5549860795971798 









0.5695099377172493 









0.6764357475125915 









0.6766329797120766 









0.7347727031540111 









0.6988639518697053 









0.6719410230159147 









0.6912314523389025 









0.7529450275015817 









0.77813822768549 









0.7717270902918281 









0.8034925133697665 









0.8084125687219952 









0.7822832873959478 









0.769967350710887 









0.7198178864176807 









0.7154331920523498 









0.7077851947460063 









0.6504537535362536 









0.7288082337909942 









0.7594485626982452 









0.7149057755939279 









0.675518416186454 









0.6298871319467996 









0.5852462891142134 









0.18715469195551676 









0.1458238748076394 









0.15855827874096873 









0.16571641532597575 









0.16610098013006197 









0.15861474605042 









0.18652506102464128 









0.16031334094811409 









0.18506767276012215 









0.16694205725121858 









0.16915971554979597 









0.16927634372706407 









0.16014021137369502 









0.16709279006180494 









0.17312585582681325 









0.17855407779928095 









0.155786725838818 









0.15727040151321214 









0.16436247027396095 









0.17502620982819406 









0.1622776110012393 









0.1724810476588085 









0.18080917351730566 









0.18215890267856163 









0.1653867378470725 









0.16511857853308812 









0.17297968985987128 









0.17929326795485276 









0.1781015957309654 









0.17220892672393884 









0.1602562700744935 









0.193342523255446 









0.1739972679108036 









0.17434274942622516 









0.17160455526281493 









0.16385536280759444 









0.19165731881668638 









0.16820105315388784 









0.18080750038907314 









0.1860314094518048 









0.17655817832891274 









0.1758926462348534 









0.17384067185325836 









0.16416635109039374 









0.1720847361255597 









0.16665417261025467 









0.17271059193940658 









0.1853830416684648 









0.16141793313720834 









0.1628205766332351 









0.17356202913557695 









0.23561307543270288 









0.24281456331009962 









0.20799638698719608 









0.2068476959153746 









0.2637771546430798 









0.29525838513405167 









0.2717982107593605 









0.28305887514838757 









0.3709646372264781 









0.3881119762501374 









0.36666391929012354 









0.3705609170673845 









0.26792208548947444 









0.25539031725815947 









0.2771579055379714 









0.340835769030422 









0.3444103240655134 









0.2969189822068859 









0.28703429653066087 









0.2955037457875015 









0.34292306293857033 









0.3102100959622187 









0.36447531262544625 









0.29367414910605394 









0.2814537883038768 









0.2813957231817267 









0.2863700653591914 









0.22716804107221883 









0.23271390908352774 









0.2296169276958395 









0.23843969932848819 









0.24705354112427677 









0.24060128416122942 









0.24088829739266968 









0.25680277627233383 









0.21283906176420228 









0.22375502516096146 









0.2560536892477536 









0.26731654997217613 









0.24369945864421103 









0.2492314700022975 









0.24798196563457203 









0.24916832072309614 









0.24207047012741556 









0.22974755769589114 









0.2465122002756162 









0.23203955647646268 









0.22858176201069214 









0.2551744475863209 









0.22682632335293346 









0.21081934642427896 









0.24661047920393786 









0.22710634658688061 









0.25113378914344886 









0.24547998115497616 









0.22929763844830203 









0.2532613864243189 









0.22905406164582526 









0.2295978290366648 









0.24555527109823677 









0.24208541037196513 









0.23413006921542734 









0.23750727784352393 









0.22950316147817407 









0.24213649515272204 









0.2572462023918707 









0.23975930951443436 









0.2296802480180461 









0.2567747902602574 









0.22385355281266212 









0.22710936284694394 









0.24820070375934444 









0.3384421381368453 









0.5244093355479119 









0.48681194197970445 









0.5028854630299834 









0.5899126367116796 









0.6448732879090142 









0.6342009852696853 









0.6157179783993165 









0.6120329662207276 









0.625015040242693 









0.5900104170311647 









0.5504840245526847 









0.48517218156977776 









0.5395514448419578 









0.513326867754565 









0.5307165595152892 









0.4647501685383246 









0.5242286082563061 









0.4689145538332664 









0.44562594217129325 









0.3989719273635618 









0.4012757314038359 









0.38275584076134433 









0.29765729535396057 









0.2640950726972819 









0.2536275229438868 









0.2835232068078886 









0.1313504610844568 









0.169326830616915 









0.16269387979437774 









0.17197794858219997 









0.1835013132166595 









0.1684240280779944 









0.18377380424325984 









0.1888467221499705 









0.19154539922248232 









