0.2 









0.0002821241967563987 









6.970983846530602e-05 









8.81318936910625e-05 









6.500216594685211e-05 









6.92453479646685e-05 









7.702140013704375e-05 









6.942465346653225e-05 









5.7001693810058144e-05 









7.828077849717919e-05 









5.515033994963036e-05 









9.206064922779176e-05 









9.967919548057448e-05 









0.00011224420392648754 









0.00012893377301276824 









0.00013312003851332756 









0.0002139750690958353 









0.00019525402743101575 









0.00020179457533550218 









0.00021104232222798127 









0.00029379005805934535 









0.00021848929067090368 









0.00026508097199596966 









0.00041970718148483363 









0.0002949464491064117 









0.00029189273195938793 









0.00036523559984969373 









0.00030255494307311354 









0.00020520278435293596 









0.0003594051213244588 









0.00031467369142836054 









0.0002009720701437991 









0.0003516636373604896 









0.0004407435788233621 









0.00031748254031498997 









0.00031162677600058656 









0.0002941406013090579 









0.0002781160821956351 









0.0001877581421277474 









0.00020775730034121648 









0.00021884463530869952 









0.00020336941382121068 









0.00015728346307650393 









0.0001609174013740969 









9.460441664619426e-05 









0.00010895523559559645 









0.00010684036265109218 









0.0001338855625124113 









0.0001514836081112539 









0.00011578569700433087 









9.50059889659395e-05 









0.00013878073624112232 









8.626664035132754e-05 









0.00010593625112774062 









0.00010632926183605965 









0.00010966725089791802 









7.071156952628545e-05 









0.00010027734404491505 









0.00010623233987042582 









8.96521966129944e-05 









9.587095570735127e-05 









0.00010823870571964241 









6.452745053849421e-05 









9.456702728339452e-05 









8.921163840963624e-05 









0.00012149111147507382 









0.00010164189110611067 









7.682426267119151e-05 









0.00013104639971180663 









0.00010484693154914635 









0.00011875756769157305 









0.00010531474843947462 









8.704193459513183e-05 









8.742111091124345e-05 









0.00010989578332477953 









7.412636508192392e-05 









8.55169462423871e-05 









9.419560954621056e-05 









0.00011295571573727922 









8.793457213915673e-05 









8.493440173719659e-05 









7.341567745681146e-05 









7.785578579598378e-05 









7.547622311499804e-05 









9.897271029924511e-05 









0.00014549032858859765 









0.00024632891358461896 









0.00019430423511978672 









0.00022009474715694834 









0.00027965810029493665 









0.0002512066603758042 









0.00020020876563892396 









0.0004128465253277471 









0.0004657013905777961 









0.0004721016005591439 









0.0004367070224798198 









0.00026705963618651985 









0.00043691468558298464 









0.00040228813805201323 









0.0005799551605848838 









0.0004560047779374772 









0.0004980514747160779 









0.000361294255099063 









0.0003053144803611997 









0.0004219587494546859 









0.000469359706210786 









0.0004487010479772744 









0.0004253547823760977 









0.0002543673549825425 









0.00034160581961170607 









0.00033054860580672494 









7.251535167384417e-05 









9.680696628202445e-05 









6.170442449538183e-05 









6.517264890346389e-05 









6.902452908811343e-05 









7.62026248969315e-05 









7.005707407149102e-05 









6.127237851309437e-05 









7.040558344460836e-05 









8.784677688699293e-05 









9.052635409577983e-05 









5.1201347931358556e-05 









6.877679657312413e-05 









5.253499243752805e-05 









6.883027138387853e-05 









9.94131482844319e-05 









8.1314024121595e-05 









6.561316823629336e-05 









6.0127912819850213e-05 









8.17333361369416e-05 









9.15405494339048e-05 









8.940469171452924e-05 









9.194170354468622e-05 









7.005909467210333e-05 









9.861366662402706e-05 









7.670003218910598e-05 









6.489614876911169e-05 









7.208949097306562e-05 









5.219789632553345e-05 









6.790693528393726e-05 









8.134478066375433e-05 









0.00010292646413673123 









6.221892687958644e-05 









7.537466828326728e-05 









6.494481086979955e-05 









6.827867307445718e-05 









6.658055363514436e-05 









7.903903524262587e-05 









7.106202468903801e-05 









6.87302002185459e-05 









0.00010313101705012927 









6.570998754591564e-05 









9.400343592373632e-05 









6.325954228939286e-05 









0.00011032092184204474 









6.889171685166889e-05 









7.634465614532812e-05 









6.659475349311458e-05 









0.00010030551881780303 









8.24702353328837e-05 









8.766781976038853e-05 









9.559935367362174e-05 









0.00011831475955555607 









0.00010703322572730843 









0.00015952007409643463 









0.00014087962335211548 









0.00015382769938777696 









0.00013455991517611775 









0.00015751013522136208 









0.00020257887077841842 









0.0002454719975661459 









0.00024159099051346478 









0.0002475633915571413 









0.000367952449694742 









0.00031021700275194396 









0.0003933840648090983 









0.00034845398933496343 









0.0004406781842880799 









0.0002873359079964344 









0.00028999216909912027 









0.00040434085601273833 









0.00022278711760669988 









0.0002641919962138853 









0.00031724956924324615 









0.00034335602338710926 









0.00027714530613780143 









0.000265756810762022 









0.0002162786515611358 









0.00013863106230984192 









0.0001534223858358272 









0.0001406768264852056 









0.00012500240781269454 









0.00010956119837729359 









0.0001790663184286108 









0.00011659306037745835 









0.00011998450357838568 









0.00014984544065690367 









0.0001247680400004195 









8.429542976795583e-05 









9.196691403314349e-05 









0.00011269699884726483 









0.00010319879078339998 









0.00012094140636569722 









0.00014265631058029495 









9.242671358115142e-05 









0.00011809506950711258 









0.00012982797000070942 









9.813884726506266e-05 









0.00010536635304833356 









8.605394372798307e-05 









0.00012464249213009994 









9.4826570392576e-05 









8.568709862873537e-05 









8.864825505320318e-05 









0.00012238907749797303 









9.216254216232056e-05 









9.431867244466777e-05 









8.806470311870438e-05 









0.00010090023893634829 









0.00013341798021430858 









6.772455310313587e-05 









0.00011411921848465478 









0.00010107666436001137 









8.713356452686344e-05 









9.733476912942118e-05 









8.46354908261006e-05 









0.00010089685209784712 









0.00010164675548124804 









7.701524291261447e-05 









0.00010607363113681887 









0.00010708533098794604 









0.00010560907539214126 









0.00010633241251904468 









0.0001728764971581492 









0.00027333955586632567 









0.00022043213440023747 









0.0003373716445988415 









0.0003776031222703256 









0.0003043831608423768 









0.0004248445802723338 









0.00042993859964703904 









0.00029883721569441777 









0.00041970479891599696 









0.0003706674748809259 









0.00034821620731048853 









0.0003960621342665574 









0.0004522143852270541 









0.0004473585842479284 









0.0006254184924114662 









0.0004032018688651806 









0.0003795653120169743 









0.0005344636473992278 









0.0003879823059712263 









0.00033511297469229556 









0.00031323994753723616 









0.00030397410892515534 









0.0002984408097054332 









0.0002669014494007914 









0.00023804019962279376 









0.0002503688398678527 









7.872287772156688e-05 









5.231444267987419e-05 









6.376799962755719e-05 









7.631895837785406e-05 









7.231036530912922e-05 









9.801447520806814e-05 









7.133952898430044e-05 









7.500124106623023e-05 









8.513920453506862e-05 









6.560087688049628e-05 









8.756839549427646e-05 









8.544474389704832e-05 









0.00010303275329959548 









9.783201184730109e-05 









8.91131635308579e-05 









6.845509801451752e-05 









0.00010037444072621933 









9.834768918747098e-05 









5.754752492201042e-05 









7.923590935293084e-05 









0.00010314370462604477 









7.552788314885581e-05 









5.47638685818883e-05 









8.436422306918584e-05 









6.241381006611057e-05 









9.620899503165158e-05 









9.06582838158084e-05 









6.188216509820766e-05 









6.804556632366849e-05 









6.416330585518573e-05 









9.636186010980252e-05 









7.778074358390642e-05 









8.989988744485613e-05 









8.710544152047898e-05 









6.467773490969868e-05 









5.93655265581648e-05 









5.966842092725133e-05 









7.70841962158833e-05 









7.043055469857935e-05 









7.523978474176953e-05 









7.375855886083177e-05 









8.013197001682733e-05 









0.0001078331359057516 









7.897097220545016e-05 









7.382180927793095e-05 









7.111475525928427e-05 









6.541933949669793e-05 









7.370612231858521e-05 









7.198901582970329e-05 









9.064085079338777e-05 









7.283481226282841e-05 









0.00010182574893918715 









8.732215387933583e-05 









0.00013892666677238792 









0.00014314129191258515 









0.0002051582635274692 









0.00034567283508900673 









0.00036545521849803465 









0.00034222217442562443 









0.00035387776883793505 









0.0003326872008630279 









0.0003657040738414332 









0.0002764202868123055 









0.0004043101530766724 









0.00044515525998821827 









0.0003195043645323177 









0.0003624774472656795 









0.0005242628413015165 









0.00043820399452593537 









0.0002492164691146604 









0.0004314518462758056 









0.0002767292611842487 









0.0003859117554769726 









0.00044960274805559 









0.00031497716468562595 









0.00029656535704238615 









0.00036335916908734466 









0.00028920963089709896 









0.000252324796600982 









0.00018055287994792014 









0.00015111541174670138 









0.00014228234752633193 









0.0001718043368907848 









0.00014851670936464337 









0.0001599400278079439 









0.00012112279993603048 









8.771181652039183e-05 









0.0001248553471732333 









0.00011375802073992187 









8.158565248947984e-05 









0.0001307501182018834 









0.00014101528630473494 









0.00010418972537067524 









9.44878669048679e-05 









8.879079817802031e-05 









8.520897407765193e-05 









0.00011965023050048392 









0.00011146624053081939 









0.00014865482659506065 









0.00011851608422104514 









0.00010034502392637775 









8.967443449424939e-05 









0.00012955498292185436 









7.138962901436311e-05 









0.0001319960117636318 









8.474257604771114e-05 









0.00010174464430864728 









7.823530573700831e-05 









0.00010343761142068916 









0.00010971150096691663 









0.00011331769263668021 









7.705742380397767e-05 









9.875190832510489e-05 









0.00011903570090761712 









7.344383604892656e-05 









0.00010201322510280283 









0.00012327439831685897 









7.939915976460986e-05 









9.25959730075281e-05 









0.00012558266608303102 









8.425596449080023e-05 









9.559831015278051e-05 









0.00010292690695587882 









0.0001805782413603277 









0.00018834281239995935 









0.00018808223827364057 









0.00021292195624581352 









0.0002956380866996511 









0.00018863175187463648 









0.00019945212239024613 









0.00025997379241383115 









0.00033297839832083893 









0.0003080900311683886 









0.0003033615236356867 









0.0002837254177494654 









0.00042240396985544906 









0.00032523051664166676 









0.0003677995209032585 









0.00038348704802175027 









0.0004146224638707162 









0.0004734963877703845 









0.000430420942108837 









0.0003125791061444343 









0.0003699932854164532 









0.0002764472251744551 









0.00025601280658507636 









0.0002999927347377995 









0.0002570565341110014 









0.00025557713341877293 









0.00024060635146531495 









6.608298676114507e-05 









6.021732392818525e-05 









6.309402484583022e-05 









8.509686572370092e-05 









8.408828877542623e-05 









8.149824356796115e-05 









0.00010031611207259435 









8.481819925801798e-05 









7.732456830266504e-05 









6.496843478718825e-05 









8.0932916595949e-05 









7.755600868892306e-05 









7.418802794397541e-05 









8.14612186046159e-05 









7.709406865503952e-05 









9.452590029941684e-05 









6.443224179540471e-05 









7.696161184826819e-05 









6.158405915557107e-05 









7.758534995021176e-05 









8.197636359849891e-05 









9.073345594762452e-05 









7.277788656439556e-05 









8.873476294220527e-05 









7.369438771146625e-05 









6.989036919558568e-05 









6.38746412254416e-05 









7.153405365666773e-05 









7.598394969990052e-05 









5.497253217102173e-05 









0.00010795130314302892 









6.654321724513428e-05 









8.802832228316823e-05 









6.720343732280923e-05 









8.225869766095538e-05 









7.649926369393561e-05 









6.399336412278773e-05 









9.529661438760018e-05 









9.307377810951863e-05 









7.365370512032623e-05 









8.718931592592643e-05 









6.843370647236467e-05 









9.473756327458066e-05 









7.669043327478554e-05 









7.68526823086273e-05 









9.402906809000323e-05 









8.0552131732856e-05 









6.417620612177033e-05 









9.181911094802152e-05 









7.892438258222823e-05 









7.03094210761493e-05 









8.232754247479235e-05 









8.76129381547861e-05 









0.00013322857811916207 









0.00018104438568451207 









0.00018653522634281484 









0.00022835755620421408 









0.0002431237719975788 









0.0002095286707626686 









0.00017764786834420022 









0.00020321151217846377 









0.0002713263761090259 









0.0002702704917345904 









0.0002543232316860621 









0.0003058271480519268 









0.00033495434832790454 









0.00021759629916774903 









0.00030370183123947875 









0.00018123654932408447 









0.0002326705895267339 









0.00018101652760868666 









0.00014676106508030386 









0.00014437166654484977 









0.0002772890787473628 









0.00019576779277566509 









0.00015935537706750344 









0.00013074562363749883 









8.967595820135122e-05 









0.00013981648081830102 









0.00012743552532831895 









8.731139200578354e-05 









6.832368618137874e-05 









8.561888444322541e-05 









6.648644036755103e-05 









8.891110372077123e-05 









0.00010908482994851067 









9.138979237421744e-05 









9.377938151515978e-05 









8.502513219576008e-05 









0.00010535613881223135 









8.905595629118553e-05 









8.764443234907756e-05 









0.00010413016576489891 









7.417589873475067e-05 









0.00010937460651421884 









0.0001362203645413012 









0.00010503674091392383 









0.00010094267687614432 









8.474291063903679e-05 









7.332297924091535e-05 









0.00012355487747461885 









7.722970596338957e-05 









8.499480408273802e-05 









0.00012043481323552445 









0.00011387157950563197 









0.00010016399670302451 









0.00010815556062172595 









7.918653837127011e-05 









0.00013065325616243114 









0.00012707690590456095 









0.00010068784186492965 









0.0001199909549705746 









8.506639915998937e-05 









8.820436751332249e-05 









9.719728349796001e-05 









0.00012032117716574361 









0.00011129749429234181 









7.201085058876753e-05 









0.00012118023471350864 









0.0001096224910619508 









0.00012120386673368638 









0.00013401520668762868 









8.673019572818415e-05 









9.994152232314631e-05 









0.00023020227929939567 









0.0002753618699635541 









0.00029431466220065385 









0.0002888457688153709 









0.0004864576060850414 









0.00044603856258101856 









0.0004308044347310854 









0.0004437412715988186 









0.00039138972732743213 









0.00039771700613778246 









0.000402711060682794 









0.00040612326186052273 









0.0005812325548350172 









0.0006552912179709791 









0.0005185182384198961 









0.0003270394870629912 









0.00045616960342609834 









0.0003160941082218832 









0.0005353471153943462 









0.0003199180857672114 









0.0004056189447226041 









0.0004085517568214813 









0.0003938471617283746 









0.00038565464636827025 









0.00038440695909312003 









0.0003245547728254523 









7.08751676134495e-05 









6.51286018122738e-05 









0.00010032862916129444 









7.63972122713699e-05 









7.458795566180514e-05 









8.297757978631365e-05 









8.613799094288023e-05 









9.379113540140031e-05 









9.731304604139831e-05 









9.942112209311053e-05 









7.249252168990385e-05 









6.157153670353015e-05 









7.50057987078359e-05 









9.260479989028249e-05 









7.680009280557136e-05 









7.643600397435416e-05 









8.372845782236366e-05 









7.613265289245903e-05 









6.748247917738432e-05 









8.002220329143513e-05 









7.882353152437673e-05 









7.163029237854283e-05 









8.752610619012707e-05 









7.282254148927429e-05 









6.170042374924275e-05 









8.153065933783231e-05 









9.086552270323996e-05 









8.321607986838857e-05 









7.529320689018313e-05 









8.81132518671193e-05 









7.424088614239156e-05 









5.986755116343206e-05 









8.050545838376807e-05 









8.640963600890124e-05 









7.797515044741794e-05 









0.00010116467025835924 









8.590823947629095e-05 









7.04484658174148e-05 









9.270008671220366e-05 









6.415316215275328e-05 









7.501477716359269e-05 









8.266074796277257e-05 









5.3035204672497825e-05 









6.112101862024806e-05 









7.584072206618956e-05 









8.795438032570496e-05 









8.300401246478797e-05 









8.231025264745045e-05 









6.314864113358763e-05 









7.952428827362702e-05 









6.675731928515207e-05 









0.00010196884153002295 









8.758705941594046e-05 









8.63274966216312e-05 









8.582701112001134e-05 









0.00011532651798812228 









0.00014345409710047105 









9.558650865602678e-05 









0.0001113368116877988 









0.00014455041987568212 









0.00014575889464876562 









0.00015924624777731574 









0.00012711465720825673 









0.00012016263690869743 









7.78889548519417e-05 









8.386105504829412e-05 









0.00011350202545934185 









0.00015419700770097122 









0.00013449725495495122 









9.893279789505025e-05 









0.00010770686211118572 









0.00010984925925789496 









0.00016361143949348482 









0.00013990567929233718 









0.00011013701401616067 









8.33584857721641e-05 









9.587190511162582e-05 









0.00010930056167528929 









0.00010172067176638519 









9.895641130467975e-05 









0.00010494647300378568 









9.202866406958642e-05 









0.00012361108056805075 









0.0001030931124935347 









0.00010172851402035791 









8.897179165397721e-05 









7.135518716851652e-05 









9.069426678490384e-05 









8.59103058276634e-05 









0.0001228590099531049 









8.777729714214136e-05 









0.0001222248354759835 









0.0001017922799394883 









0.00010517751501787515 









0.00011562013819946116 









9.656869385060427e-05 









0.00010100724702549806 









0.00010375662165181996 









0.00012474517372902406 









9.567931387741702e-05 









8.07538435778508e-05 









9.932701202994467e-05 









0.00011564503962367205 









9.184260312038971e-05 









9.960800102468277e-05 









0.00010039429726776657 









8.808737967206377e-05 









0.00013143102276470516 









8.220913909851587e-05 









0.00010470391615735002 









9.870798568586671e-05 









9.898681815314902e-05 









8.895971381123728e-05 









0.00010256664162581013 









0.00010583884364508332 









0.00011763233721748706 









0.00010339292734823491 









9.007838614100147e-05 









8.649832272317198e-05 









9.836761559199055e-05 









8.302307843582022e-05 









7.250588450634197e-05 









8.696026559242619e-05 









9.511185728376404e-05 









0.00017442322688343995 









0.0001633311856992965 









0.0002572418359520149 









0.00023767710306975108 









0.00030100042001318693 









0.00040487646845621 









0.00027020769041823036 









0.0002773355592197889 









0.00038389846747639595 









0.0003639760105542207 









0.00024200996519542316 









0.00021034723854901065 









0.00025365993844804805 









0.00023113644988218403 









0.00027312507264494934 









0.0001797572468084598 









0.0001731390564725703 









0.00024105093959357144 









0.00022265474661137036 









0.000153672490231312 









0.00013151996410366802 









0.0001678205864302528 









0.00015702062284292712 









0.00010292152526728134 









0.0001004035550617102 









0.00011951191038828988 









7.209417353866036e-05 









6.208242043006435e-05 









9.938625927999382e-05 









5.780627353055737e-05 









5.9471066583966666e-05 









7.805943303906189e-05 









8.716589581901052e-05 









0.00010781566410845593 









7.476458242075e-05 









