0.03 









0.7143510046184731 









0.2885155663986938 









0.1922947131673011 









0.203744412557289 









0.1944379125405322 









0.19037298130068303 









0.18764899673181026 









0.1917273745471162 









0.19534978824566482 









0.19017176742132855 









0.1953784873875208 









0.19505603583009862 









0.18087531173894772 









0.15211113439472687 









0.144743708574461 









0.1340858843790409 









0.11864793870413701 









0.10991147109625715 









0.10201768513991305 









0.09963622516839349 









0.08913212843435249 









0.09523338048219365 









0.08743409934528107 









0.08135955629270478 









0.08550070817238686 









0.08845220040240348 









0.07998529579427993 









0.08111028567534197 









0.08681967956684473 









0.08039697176824066 









0.08716079925742276 









0.08890402846461916 









0.08140864571750503 









0.07638351790001552 









0.07714869425453895 









0.07772690294320984 









0.07907134666909157 









0.08069489477124411 









0.08800592824253126 









0.0940495933221934 









0.10094659558587785 









0.11482759013084459 









0.12041469220473859 









0.13167815265810603 









0.13964912386069037 









0.1399088940068424 









0.1456666091660836 









0.14857406767071968 









0.14247134758946248 









0.14376459670814812 









0.14467706831291197 









0.14898641101790747 









0.15589326942357923 









0.15024138807099083 









0.15645871370252085 









0.1563649568229944 









0.1634107550322858 









0.15874804993350078 









0.15580800798776176 









0.1576166067489512 









0.1459197947029716 









0.14981033359931156 









0.14983717356566797 









0.1502198758846049 









0.16005977408838223 









0.1576482025035139 









0.16515483141795725 









0.16708190513254956 









0.15686842557545538 









0.15076978061595675 









0.14598974323337635 









0.15358431949517676 









0.15253653350690224 









0.14999915559540797 









0.15099740152826893 









0.1532922125357391 









0.14903117738613006 









0.15257974091298113 









0.14714416382654172 









0.1639347396666695 









0.1573616171184668 









0.15259840118888895 









0.15949370501713755 









0.164237147322152 









0.14114178939467537 









0.11535276607017639 









0.10221538697114493 









0.10348429255366051 









0.09192387329491304 









0.08637978638495378 









0.08416014308171563 









0.08453818406281965 









0.07210731044362287 









0.07147486566845437 









0.06908585664976401 









0.07721363207800044 









0.08123977231831439 









0.07778411327740689 









0.07166610861686391 









0.0680541806807728 









0.06846493947114708 









0.07185262570098834 









0.07226400132509188 









0.07795276665894971 









0.07278391900095961 









0.07257180008804008 









0.07270627213900911 









0.07519123720518198 









0.08051889961754714 









0.08642450020449195 









0.10221092552263204 









0.1672257563835183 









0.19420896242337313 









0.20467041421151577 









0.19205637339726325 









0.19353465690336166 









0.19334006959638886 









0.19157508434844725 









0.19579356386344018 









0.19081823579655044 









0.19003763508954416 









0.19374121728678848 









0.1980653867835748 









0.20328142316149034 









0.19588916052298472 









0.19432996108025913 









0.18468108764794378 









0.18789030609252202 









0.1917679816343573 









0.1866198393037624 









0.19034521838125912 









0.20065573712377133 









0.20438246844066363 









0.192799482683831 









0.1924299213779844 









0.19081603084666132 









0.1849433838891586 









0.19349684040561502 









0.18689827920861438 









0.1986494567765078 









0.19409668953381362 









0.18911701038017295 









0.20446079987527238 









0.19872121531670417 









0.18959128370926834 









0.18957425782305937 









0.1973791555192014 









0.19819880719395971 









0.19040593956167132 









0.1985090135928311 









0.19196480014109002 









0.20146385667141084 









0.19556635111063606 









0.18733947211388452 









0.20125073675272637 









0.18911553976054596 









0.19116642985913657 









0.20088864840513443 









0.2011160177427647 









0.19655515474049134 









0.1935827976605251 









0.21066127809389504 









0.1794964168217183 









0.15911575932467537 









0.14886684874754091 









0.15074273759512008 









0.1335161339616692 









0.12498532379166108 









0.11223478255647514 









0.10681610030812341 









0.10503231495997255 









0.10679097023957336 









0.09474894241100285 









0.08465418735263382 









0.07645526786201934 









0.07313936327011898 









0.0786812283743713 









0.07610182035895102 









0.07645706174782574 









0.08081675435546215 









0.08065556945503942 









0.08741032767171641 









0.08242473067766473 









0.08352588339900477 









0.07461099067658626 









0.07630872106860796 









0.08500791647311587 









0.09777561523394994 









0.11014492410913201 









0.11682752455880736 









0.11787373577780522 









0.12801112228186592 









0.13407701931617858 









0.14133071019577262 









0.13393028284797434 









0.13803524495589056 









0.14387715499638373 









0.1439324638115709 









0.14163629969234803 









0.1513382746535607 









0.147889883868214 









0.15501753927982836 









0.14756299512624638 









0.14411736587019836 









0.14802910915793197 









0.14917239896314521 









0.14321094687607838 









0.1445419323439658 









0.14457560727167448 









0.15159391404438136 









0.15225511498841784 









0.1491383436086734 









0.14890902621358965 









0.1561103258374613 









0.14757833206128973 









0.14472052740367308 









0.15074715352925688 









0.1532279882090311 









0.1432318070162375 









0.1462224600098725 









0.14838939841708546 









0.14074753957049654 









0.14167687691300934 









0.15094793208014562 









0.15670213314960368 









0.14887529167060176 









0.15306825475637315 









0.14054249540717773 









0.15071014060373106 









0.15085405617838618 









0.15060693683653348 









0.14383285039553706 









0.1377609184493374 









0.13592705089059398 









0.10192705390224693 









0.09153540362698212 









0.08570899860931505 









0.08701350254677678 









0.08739349457396832 









0.08055904982521139 









0.07968838935657017 









0.07913378172594841 









0.07993952493796218 









0.07503711506326362 









0.07464721170967077 









0.075886311301078 









0.07556509572449202 









0.07688534768450413 









0.07216836996046092 









0.06598320775100461 









0.071797567324546 









0.07608671183772199 









0.07539885434733867 









0.07641209536399123 









0.0795299393619008 









0.07661953490317899 









0.07362548202187211 









0.08391164048743377 









0.09302488118730724 









0.09627446169368248 









0.1098388394984767 









0.1659835127966452 









0.19451562893490704 









0.1911617866314702 









0.19835707634194424 









0.20037448722094012 









0.19457235584318905 









0.19269343328243188 









0.2035014019439748 









0.18761728697534008 









0.1808310121096721 









0.1901153560120602 









0.19342787142575438 









0.1844948155708475 









0.18313325431784 









0.20392023755318375 









0.20811135593676694 









0.19691864227434622 









0.1834941120839993 









0.19216221139949874 









0.19635308824446165 









0.19897841805502853 









0.19586889254840836 









0.19739345440218564 









0.1812882199145695 









0.18452767204426937 









0.1909639836212555 









0.19820062819950657 









0.1947111135793163 









0.1979646046403094 









0.1900479150725498 









0.20349323747770554 









0.2028140260445181 









0.18894755447648195 









0.19436162254272926 









0.1903202905876475 









0.1982050045660149 









0.18718492565390465 









0.2027661220819598 









0.19285464636511715 









0.1930822722415228 









0.19534103596225783 









0.20143611942619974 









0.18827777119935768 









0.19604527812892658 









0.19796024474130933 









0.19820660156534062 









0.18707780690652034 









0.19917356036796477 









0.19439612373437964 









0.2060727480087346 









0.22946829172974798 









0.2240807410569589 









0.19316895040130042 









0.18847560582963752 









0.17453584858831078 









0.13588781685965484 









0.11368178978744843 









0.10860803259321043 









0.11049898124373304 









0.11151180860683117 









0.11079623207695069 









0.10842322687426391 









0.10800590478844647 









0.10487570231760161 









0.10022227932508304 









0.1064545845297207 









0.09463091367552086 









0.09607811246080555 









0.09944677500631306 









0.10020913624405908 









0.10111165778041412 









0.1090583436279455 









0.09908380757108018 









0.09152701092935389 









0.07699445924730401 









0.0780650722515639 









0.08107003111609311 









0.08197041852532039 









0.0912316285158483 









0.0983112015384196 









0.10487765555051072 









0.11138090579240421 









0.11324804668810509 









0.1220016508695606 









0.13193661394291767 









0.1409130322636563 









0.13926401556846676 









0.14517575627994492 









0.14790437612992577 









0.1503316205032281 









0.14515198041679764 









0.14470748941493133 









0.14648170130372853 









0.14422975399657567 









0.152477797428851 









0.15276930245440867 









0.15249477370662348 









0.1463417035272238 









0.1486153586504945 









0.14565771053134635 









0.14550760132599394 









0.14738954296550977 









0.1465979939067702 









0.14666700131976926 









0.1483668468115735 









0.15042842359517605 









0.1564726450850924 









0.1542371864451428 









0.15093519824180807 









0.15062156125254675 









0.160798574771342 









0.15448974360166046 









0.15463572558378508 









0.15741008980491433 









0.15280374776619032 









0.15015775943245988 









0.15212375495368052 









0.15320795210854543 









0.14993869979481245 









0.15480621784742776 









0.16004221409936223 









0.15349282154017485 









0.16476027432836235 









0.13321088785168525 









0.10598096187071061 









0.09871841997477432 









0.09697711972045794 









0.09858610547018226 









0.10175534629815561 









0.10377223013077662 









0.09310304407451617 









0.08866366749665298 









0.08203973647920675 









0.08399153436206142 









0.08493979635022737 









0.08382885080899408 









0.08243733557987332 









0.07914467995436113 









0.0821717384458193 









0.0829228573420206 









0.08326666495183585 









0.08714609664273446 









0.08883912329341945 









0.08868626016611396 









0.09075581877121258 









0.09354174148566034 









0.09047860427224871 









0.09350278299087159 









0.09638780000645424 









0.11359130904702426 









0.1771559427272325 









0.2001678179506261 









0.19398402484328486 









0.18565194007451838 









0.19373465389281472 









0.1872632824454712 









0.18201031708759124 









0.18666482024158826 









0.18888658577064119 









0.18581737853474928 









0.1772749189524783 









0.18666665639255173 









0.18830849142466013 









0.18301532153236982 









0.19111153667034872 









0.20108622881331248 









0.20071102506406238 









0.1834025716304942 









0.2013467609258629 









0.1871629856964768 









0.1955657785947936 









0.2017227895099391 









0.18901357118695095 









0.19584282681028256 









0.19483039488542098 









0.19518674016069415 









0.18904819023491293 









0.2025097945352642 









0.1864207826823198 









0.18584418845899678 









0.18693570141342894 









0.19413740108008543 









0.20243194258020822 









0.2007409006425006 









0.19639531701970617 









0.19145272486795295 









0.19662163639864644 









0.19753283628490356 









0.19968919829277929 









0.19694113911711458 









0.18844723764945284 









0.19279550309538437 









0.18135522254835798 









0.1914656060691632 









0.18629213948692788 









0.19605706375954107 









0.20283868987476206 









0.2005435046786071 









0.1942003524696176 









0.20260698280869513 









0.29738881993301636 









0.45442675969170476 









0.5911269862417777 









0.7123312092017315 









0.7527955992251759 









0.5500702142020878 









0.4041818676811758 









0.43459622783686264 









0.44585191928184925 









0.47579800702714337 









0.4452880510602631 









0.4150055645192197 









0.408712064547181 









0.3892421996880454 









0.4151550785019824 









0.461638009372427 









0.5505309007218689 









0.566760592778373 









0.7220289338858956 









0.9314508194255907 









1.0066587683832149 









1.0822576470100675 









1.0342178901315455 









0.9174033567487815 









0.4162757761326429 









0.14881613587564083 









0.13263433190551152 









0.14509528076829092 









0.15948729227090974 









0.16310387666347442 









0.15605068201475703 









0.15783425268327067 









0.16546979103196702 









0.16896170674750852 









0.1548487239872252 









0.15516101407968902 









0.16155864566981443 









0.15806807058381164 









0.15662939484263874 









0.1607318924459214 









0.15758114066866966 









0.15256049358099047 









0.15571237581552627 









0.1727584262043964 









0.15740020144911257 









0.1539842903928219 









0.1533742471972733 









0.15800207239225988 









0.15940004984058426 









0.1563472652407475 









0.16821884963831818 









0.16720501503242832 









0.16295773687223425 









0.16196913595776805 









0.16398234260758632 









0.16026196223735564 









0.16602700803983902 









0.16097888806583927 









0.16292838260045822 









0.15664822888833596 









0.15678105062568728 









0.16072868775557572 









0.15480889693022082 









0.1560917819092946 









0.15842294628384407 









0.15296853874190156 









0.15670340715794126 









0.16254762512565948 









0.15811219258975678 









0.15765471177927393 









0.15849608123100398 









0.1670447699573531 









0.20119528291824101 









0.19190385641339514 









0.1477568748558805 









0.13372936573831348 









0.13079030725172539 









0.11613673158043836 









0.11938429224299038 









0.11019321401054427 









0.11063159370336317 









0.12167277412880619 









0.11999357375755484 









0.11251142868200488 









0.1071709912488432 









0.10496276822928448 









0.11457842743521136 









0.10427372163386597 









0.1125080801610172 









0.11090363441366712 









0.11655362494250303 









0.11504128414731453 









0.12797043684567067 









0.1333089508597192 









0.12452433723471057 









0.10597920871684287 









0.08271326578285049 









0.0770739496679953 









0.07750125542026404 









0.1012265814200779 









0.16445688192433838 









0.18809378053741588 









0.2076823045411612 









0.1901927667209885 









0.19455229874590063 









0.19027838869450697 









0.19614433249129087 









0.19222371508213712 









0.19772941044879727 









0.19168497041751542 









0.20036826872362354 









0.18865247576406924 









0.209372358391332 









0.1953310201571678 









0.1944283599836773 









0.1824504277728991 









0.18392853870075535 









0.18424820275976528 









0.17888969957784495 









0.1923929556769767 









0.1953779555512074 









0.19149479243601683 









0.19603959497799026 









0.18745481276710915 









0.1934697182327247 









0.1941309447986776 









0.1940986739092628 









0.1989377371812713 









0.19265258104135372 









0.19226792497677378 









0.19994280897010253 









0.19317919486637442 









0.19482239372198748 









0.18656069455849797 









0.18519327116866183 









0.1852711102656924 









0.18687704419703316 









0.1914481720538699 









0.18335777815886614 









0.1890699690279022 









0.1894654154897974 









0.18230834352834488 









0.18073432866665456 









0.1977217335094784 









0.19189108133779703 









0.19632393681561475 









0.19368895162335623 









0.19207778008258014 









0.19479514504441814 









0.22807945919964273 









0.4725006623585841 









1.1718460690827497 









1.4257024255451711 









1.4735290238449548 









1.4870695449005724 









1.4909307268138625 









1.4934394952475873 









1.494765349140456 









1.4958178607881814 









1.495136744066354 









1.4952484528114796 









1.495577162394113 









1.4958502709814194 









1.4970541967838924 









1.497899919205457 









1.4980645459244335 









1.4979385396439866 









1.497568009271467 









1.4978852751567737 









1.4982599047669927 









1.49825726180706 









1.497935339706662 









1.4979929939333363 









1.4972323874837885 









1.476607103989802 









1.015404595063196 









0.2724932184067206 









0.19215707190818745 









0.1969463523560294 









0.19832558655355248 









0.1980287141209462 









0.2006226905134011 









0.2007220997319607 









0.18513615089893465 









0.20029763555196636 









0.19127839758579465 









0.20958439234302906 









0.21204120551135497 









0.1970841785276497 









0.18371385182741856 









0.1811932570963989 









0.18803854809452164 









0.18973639308968226 









0.19376502954639166 









0.19493374586047688 









0.19127809545339516 









0.2008571438792847 









0.1999161012980106 









0.21339739727571222 









0.20130068454304753 









0.19693315606429548 









0.1946053234406063 









0.19596085523432344 









0.1928126021327855 









0.19243068327586568 









0.20351404786884167 









0.20578479113083226 









0.200728488681007 









0.19067627598751258 









0.20320948718542967 









0.19027772501513762 









0.18772635187650505 









0.18820601787889837 









0.1897884517019902 









0.19222188067505086 









0.18954297141117793 









0.18015417259252087 









0.19033124686373537 









0.20128626418545276 









0.19107324835699438 









0.1950716337938598 









0.2429126985696558 









0.3673017457153163 









0.5396199626417624 









0.5484776008160525 









0.6376317390040432 









0.8465861921312967 









0.8955415617441965 









0.7314573343381682 









0.6880250587918747 









0.8027335281299741 









0.925457776752823 









0.9390079301389653 









0.9801590251362735 









1.0186999134790389 









1.1570508632226442 









1.1739229849395683 









1.2148916093434021 









1.2178448708130787 









1.2453999255550192 









1.243161850902873 









1.2587814209431245 









1.329488587494321 









1.3608461764761435 









1.4016743575897648 









1.4061268814516559 









1.2864773985704145 









0.7602613577807115 









0.2850830856523271 









0.1941200546244709 









0.19888009799596956 









0.1970722369619015 









0.20426863993669744 









0.20127541397133758 









0.19289598428431268 









0.1983899900072794 









0.19026345204283415 









0.18610041860002202 









