0.03 









0.19503399013034511 









0.25273975457910486 









0.1975644380624544 









0.2496906473157877 









0.2576806421166957 









0.25498877233449097 









0.27456602417408876 









0.25555370101141284 









0.2508972590668456 









0.2492313942181461 









0.2518687446649487 









0.29151582614484417 









0.38057839898729334 









0.4239621869021608 









0.5109487533538719 









0.6038479917649864 









0.6518848777115963 









0.7165601497857264 









0.7450879033314467 









0.8195620345061814 









0.8242747829366733 









0.8731395431554992 









0.9775970224748276 









0.9264041258267869 









0.8677521744746458 









0.9041630754571054 









0.9637385716968503 









0.9000953174688839 









0.9715471362807688 









0.9696619326001424 









0.8383748535789763 









0.9399608372449978 









1.0087255406967406 









0.9910943102218385 









0.9884747943476004 









0.9915520347407666 









0.927275322932843 









0.8634203479167541 









0.7814805566198236 









0.7261241584237664 









0.6253300002351263 









0.5727961071688401 









0.5286296434327039 









0.4596635873260785 









0.4092442683469038 









0.44545470055490954 









0.3997132741099638 









0.4108579943624069 









0.40851222382474617 









0.41493378167352063 









0.38956115019753484 









0.388129855755792 









0.3988077439861137 









0.3975867484034176 









0.37488233613596805 









0.3702339089391653 









0.3520965171762105 









0.3478688935273757 









0.3564535590064224 









0.39788375639201695 









0.4099375659935309 









0.3506846609172 









0.3732283441958989 









0.37790389888810844 









0.33672061838993866 









0.3558487646908146 









0.34234950409210124 









0.33968408426232144 









0.3381297293880197 









0.3859757482968163 









0.39144624486067614 









0.3633742394812914 









0.38601485021260595 









0.38281680941353263 









0.3588457430509434 









0.3609382201918565 









0.3706203138110183 









0.3778489454625645 









0.3598112567424625 









0.3773037398399839 









0.3686069291601908 









0.38821776100000327 









0.3549745699944637 









0.4054527733482101 









0.5833157289202112 









0.692124475073246 









0.6915192819521339 









0.7833966025443289 









0.9142592053274236 









0.948478641106414 









0.8858532459351773 









1.000110532996078 









1.0925831639488628 









1.0995359205393138 









1.0766868641951328 









0.9866863059086614 









0.9875837417902216 









1.0704859990568087 









1.1393045221874922 









1.1932325238918489 









1.1385626343336286 









1.0837113598338646 









1.006027905961373 









1.010315270916923 









1.0310456474468659 









1.0753169266848304 









1.0502493667708446 









0.9528734488366124 









0.8694856476775289 









0.8809839503591883 









0.3214358864930717 









0.19970808918899954 









0.19627691608214665 









0.2573326452590083 









0.24774991256868992 









0.25587237631131027 









0.27139314527496056 









0.24675013351594838 









0.24552643192116108 









0.2582712603405528 









0.24373567285578515 









0.24935986697281082 









0.2478638674286776 









0.24633157761086452 









0.24327757973516698 









0.26981151351937865 









0.25541236363802566 









0.2560191837584226 









0.2489942945604493 









0.2585116115064472 









0.24994959069168396 









0.24860226111710876 









0.26074174252625903 









0.2613052229012537 









0.26406373588444104 









0.26603255562242784 









0.24915324338210054 









0.24524830506465745 









0.2498254608961623 









0.26956671021388023 









0.2607797148140897 









0.2562535490761483 









0.24688535328518188 









0.2595583917725349 









0.25650047232800427 









0.2510898953229872 









0.2581104681258575 









0.26916412364248266 









0.2588486127028566 









0.24874062253204793 









0.24940548560295642 









0.26693392116583053 









0.26379952161318826 









0.24801882869885283 









0.24817211353085217 









0.2555510701601021 









0.2678021674377917 









0.2552848884603678 









0.25398397572575027 









0.25168522390282316 









0.2630763018359585 









0.3182412658089442 









0.40067463550202476 









0.46273775774702863 









0.5012044579190861 









0.4846388273670924 









0.6064981144835433 









0.7051896927679397 









0.7252695499714966 









0.75130505020672 









0.7525555337437694 









0.7889331607085697 









0.9133209518135708 









1.053123999040291 









1.0999668794720474 









1.056255842555746 









1.078829407742227 









1.0985627182566016 









1.0123135887607166 









1.0070403181634848 









0.9697464561861686 









0.9838369939966686 









0.9728894851925232 









1.0112190967752015 









1.0388643962070727 









0.9366473305895507 









0.792550455271009 









0.6707800859232351 









0.5841585765793493 









0.5688481311626598 









0.512405041709793 









0.5294906825890641 









0.42386271651637875 









0.4696860548872945 









0.44213446023495884 









0.40023160282507386 









0.44764324204159295 









0.42375083897444954 









0.399794195589322 









0.3931680566224686 









0.3970395379879519 









0.3839248500316727 









0.4127593672960528 









0.3985514178556342 









0.41562764561166843 









0.45875232341842415 









0.4179610743852353 









0.39092057287261056 









0.39002487933761054 









0.3744011606286455 









0.4099163696240303 









0.3975962905304847 









0.3835790566864252 









0.3757198064316616 









0.4211531243683737 









0.408500986114782 









0.38545978231744626 









0.4032785643048061 









0.4195136736537881 









0.39443084702932146 









0.4137125750889403 









0.41048641988084345 









0.3972540608206698 









0.369364245194526 









0.39043520420534655 









0.38992013410896964 









0.39126055154674294 









0.38011906002123735 









0.39004891195128477 









0.41554512480713157 









0.42585296906554315 









0.4450689416768453 









0.4459256801224043 









0.646863434829186 









0.8605396491303898 









0.8907497427033746 









0.9190040028635267 









0.9012298825466316 









0.9663887304254384 









1.0049505604918867 









1.0208184082652352 









1.032135051986687 









1.0289455501354325 









1.0987977800553599 









1.0915459666168654 









1.0722644297183233 









1.0477251477549339 









1.0623708452761838 









1.1604570342628366 









1.1634707659740353 









1.1088228840387204 









1.0553359121718957 









1.0650334511593813 









1.0485554287700865 









1.027944829207982 









1.043879092556734 









0.9584732910617315 









0.8286908890347412 









0.7486589040760865 









0.7397290106251679 









0.28798332544470684 









0.19345915379101575 









0.19471646431415254 









0.2656569416388515 









0.24930894637377798 









0.2368817501422003 









0.2672811713649578 









0.2550640470564611 









0.25292889926629825 









0.2654252189839224 









0.2680069390592433 









0.26356587430006956 









0.2632291295746838 









0.26199800434917075 









0.2547279906330901 









0.24904229876562717 









0.25566703231048177 









0.26240118000105483 









0.28069196000411933 









0.2547838169579275 









0.2538635085205365 









0.2664035114559147 









0.24983455088579287 









0.2640014098627341 









0.257006689556025 









0.25992421111179764 









0.2604188048380992 









0.2435721685726128 









0.2508921110743658 









0.25010657500587347 









0.2608915909296973 









0.2556842993071733 









0.24984346543280816 









0.26811603755627994 









0.25791960385971663 









0.25323622952900116 









0.24328408390638626 









0.2620353313751668 









0.2599434717435776 









0.26463419145236144 









0.259706176387967 









0.2413316433842382 









0.25428852542785724 









0.23589051341274672 









0.24848797433758085 









0.2672774594914843 









0.2727017309131346 









0.2559924869558666 









0.24741052028172317 









0.2597648995062397 









0.2740380644212832 









0.30332264500067374 









0.45058398655108645 









0.4887106212552898 









0.5567326321318151 









0.680336877008391 









0.8983873698352225 









0.9313218785676235 









0.958624151266059 









0.9484264157640276 









0.935456752462345 









0.9473535845995755 









0.949116877143855 









0.9734713708173695 









1.0135760691321913 









0.9618100766653 









1.0763315538055518 









1.0864465653903275 









1.0300920861303504 









1.0209637791107142 









1.0008138046550257 









0.9403785413791449 









0.9569088383154556 









1.021503982292721 









1.0681563946169976 









1.00012441379913 









0.9677466250154475 









0.921102967391084 









0.8636769927527697 









0.7533982860982503 









0.6666266219985395 









0.6411834572670514 









0.6185587961870891 









0.5970680550502445 









0.5185934689197991 









0.4738548588068949 









0.4602053409830281 









0.42442029518360336 









0.3789176623962162 









0.3849075887806049 









0.41335514214851043 









0.4576422615273157 









0.39695144763046386 









0.4042449489581097 









0.4052309670542037 









0.38792489798927304 









0.40247597227213455 









0.4087734763332915 









0.41328107651526935 









0.39857052673976673 









0.4234267072598676 









0.3921144855644479 









0.40282176400139064 









0.379870802060322 









0.3815051204882894 









0.386739962867286 









0.3937586058938082 









0.3663889747818292 









0.37684092552489484 









0.3636773170118909 









0.34263896367894914 









0.3401157760697813 









0.3508026428063101 









0.3592854757904723 









0.3807799534744575 









0.36501811272078705 









0.3737094990375154 









0.3864591531487132 









0.3742351354001201 









0.3705088116629624 









0.35584617169105204 









0.3906069736024341 









0.3890552236259322 









0.473892480384527 









0.7212427462085382 









0.8219102180934152 









0.8255539894753663 









0.8083497487670224 









0.7627637881036999 









0.7579931311478039 









0.823794100333218 









0.9160154972697797 









1.016608002778475 









1.0193399763065303 









1.0048725437548858 









1.0095402690777748 









1.044844342018003 









1.0395721159583478 









1.039153243393875 









1.0129971427704176 









1.0398254282344925 









0.9572291753643505 









0.9675568178651608 









0.9422800531746274 









0.8906269624736711 









0.8729238142267286 









0.8145162134501329 









0.7669336609073985 









0.7624689263327955 









0.7232376215522978 









0.26512922980809434 









0.19377803861871556 









0.1913127819043432 









0.2698110473762696 









0.2561740619283655 









0.2652030005374121 









0.2677355272810559 









0.25266355054330536 









0.25124437166586866 









0.2547791245962167 









0.27666418029088696 









0.2705399859842896 









0.2644593726385111 









0.25742943920915223 









0.2671840704060522 









0.25086125568498674 









0.2469138158890641 









0.27174685302130147 









0.24277874827109194 









0.252979169850217 









0.24885350895032923 









0.24615903940396905 









0.27132814300957747 









0.2647286722795092 









0.24953592202779304 









0.2401428439174743 









0.26485976173631787 









0.24919191823612868 









0.270238002772001 









0.27192099408887865 









0.26054733814273007 









0.26181844434616564 









0.25426025637153404 









0.25849211249721715 









0.25632786598304047 









0.2512264460576641 









0.24956295561998473 









0.26621596184479523 









0.25919433735014796 









0.25068847863485844 









0.2596291627610429 









0.253200325996053 









0.28004830649047135 









0.2639591785921989 









0.26601136692337235 









0.26715618067415975 









0.25314519766811494 









0.25036762424002534 









0.25146347241811784 









0.2700444262404445 









0.26487954191736535 









0.2848215813747869 









0.3960623433845403 









0.4639723603739108 









0.5174817017687401 









0.708287441078196 









0.8278935590450975 









0.8118681132080923 









0.8401209803788411 









0.7844357866041742 









0.8839673371760733 









0.9431077786708034 









0.9300421615162578 









0.9451699531140919 









0.931946845183755 









0.9111132481186497 









0.8431898378881206 









0.8573836513760626 









0.8023401036247062 









0.6708514591798902 









0.6677843552073345 









0.6401094950021482 









0.6826939067171609 









0.7581365479676555 









0.6953740320212195 









0.5757043397869047 









0.5114918963737887 









0.4560105422466105 









0.40719900571375117 









0.3622647594900517 









0.3647495433452792 









0.3402081774317482 









0.32184917108651956 









0.33041849539934676 









0.3535043018544673 









0.3799692269750533 









0.36639331516580675 









0.3523953176748824 









0.3586674738996499 









0.3474648001324632 









0.3587088584021922 









0.360679409893511 









0.3689033803424032 









0.3183471037707021 









0.3634226907960767 









0.37991252834657 









0.35213049328442886 









0.334523319664192 









0.3590015374914331 









0.3488547108725445 









0.3623580563426177 









0.3545417948124085 









0.35281385838208107 









0.34413855186286396 









0.3688751660193308 









0.36501605689333966 









0.3449334168794523 









0.36557518901094976 









0.3598772547435618 









0.3625598150694094 









0.34597593923538156 









0.35535313831157966 









0.35011003588510686 









0.38339156991404516 









0.37308569333661357 









0.37183830274205876 









0.38803084383603176 









0.3518766463059094 









0.3711118749237326 









0.34898521036487395 









0.3566518954347963 









0.3800190271660916 









0.36309902082716156 









0.42679335055693 









0.6919976043522933 









0.8038702788279016 









0.8420641850474417 









0.9369874351948025 









1.0312290312164556 









1.0674493035660197 









1.0771803783910954 









1.0093341122097097 









1.0234714471452084 









1.0708959458279554 









1.1629021217410638 









1.1511839392698549 









1.2000672082066282 









1.2033876455175836 









1.190552715829344 









1.1594762882714278 









1.1061020797445278 









1.091418360808431 









1.0746821702604326 









0.9943329357493699 









1.029635897960679 









1.116000817136055 









1.1514405440721904 









1.0503445477399136 









0.9802805853113651 









0.8923181818744195 









0.3260057837075939 









0.20129283265129924 









0.19825115420427988 









0.26715900680856214 









0.25215430885172035 









0.25005793195912546 









0.2534844975599177 









0.26121105256533095 









0.25588390678074185 









0.2506540810754051 









0.2531436106891514 









0.2566066016762764 









0.2537721814992625 









0.24583502140728142 









0.25530656554908965 









0.2564948811300257 









0.26622399804407304 









0.24697092816527746 









0.2526715525010981 









0.25639003076837835 









0.25294823065591626 









0.2551878347487401 









0.25206401566256603 









0.2599577131592676 









0.2596514807889178 









0.25848049470499784 









0.25505564406492265 









0.26007748682664394 









0.26709927832368197 









0.2600619069648008 









0.23811382597911884 









0.26688846454109677 









0.2680392841340404 









0.2507774859992839 









0.2644800715728906 









0.2598991325484615 









0.27748006746772075 









0.2534655175094214 









0.2577320018848576 









0.2709636520384477 









0.264503543441012 









0.27068904125981097 









0.259692887295595 









0.25539036223343536 









0.25600934864288394 









0.24855977966442283 









0.25958215713391763 









0.2587708785873374 









0.2718244405102598 









0.2542949744366755 









0.253770806877159 









0.29094753037342963 









0.3772283803441616 









0.34205294541737025 









0.30293825094544635 









0.3691124749293368 









0.40179510651432887 









0.43757113759241506 









0.4176359768034523 









0.5259215362331301 









0.551932908380296 









0.5676626426328563 









0.5581667796529958 









0.4701051844926339 









0.38694294660595246 









0.39751571596920277 









0.448538184609672 









0.5470535699388368 









0.49263509482029355 









0.44380564827380514 









0.40679074782178604 









0.5051807265033499 









0.4902883617874393 









0.515488091615319 









0.45353930740773496 









0.446415179558463 









0.4192751924038524 









0.4208463593734889 









0.3774083749706716 









0.3458417816398509 









0.3395433852877615 









0.3617665489387426 









0.34670694233629185 









0.36001787027527127 









0.35555444206211956 









0.3700710194146231 









0.3507047641927785 









0.33430138629552164 









0.35842147738412694 









0.3751738545189456 









0.3871489554772639 









0.3724881299216058 









0.36874727556457926 









0.35933392601669545 









0.37266514131784256 









0.358271554194117 









0.3470803839828345 









0.3468619593525041 









0.3432777146519113 









0.35383516704517043 









0.3458144337237258 









0.32395949785487266 









0.35608491010104854 









0.36163944302565126 









0.3615603262011745 









0.35051294206494443 









0.3480249162323005 









0.3651160273367086 









0.38750370817668706 









0.35071276774708865 









0.3417472479883763 









0.3775132542778779 









0.35100691450559496 









0.3550641066341012 









0.35181111235378515 









0.36186123032741824 









0.3791138288351709 









0.36439334268168355 









0.3451267934225572 









0.3577444293472457 









0.36031950888100706 









0.332976459393014 









0.3628541699067722 









0.43268519291261265 









0.6429975893510547 









0.7494119461862794 









0.7160091651083442 









0.7958258785281622 









0.9523105826199577 









0.9544803267575318 









0.9557587121462445 









0.8912513181906759 









0.9178059470792701 









0.8828503744451642 









0.8976643720084709 









0.7938622831380846 









0.7693120524773431 









0.7695475278407509 









0.7619799262022611 









0.7467563801541343 









0.7462484800156624 









0.7820661615510353 









0.6673959325725399 









0.6517057554675972 









0.5887254892330649 









0.5558839548419845 









0.4977489151583409 









0.3958335514321558 









0.38089922295285744 









0.3862601649051711 









0.1893905204249212 









0.18064829946807975 









0.2526020481234062 









0.24537593195003363 









0.25630228030497043 









0.2605701818902935 









0.27226786374841705 









0.27955380113805856 









0.26839171428057895 









