0.2 









0.00038211743206160737 









6.166989788985049e-05 









7.732941094792492e-05 









8.534798006910445e-05 









5.0520199629853024e-05 









5.8268182030938654e-05 









8.22626799152864e-05 









8.644617394348034e-05 









5.38583275900138e-05 









7.129640607422765e-05 









7.659263872033753e-05 









8.171295301828608e-05 









4.480489427355063e-05 









7.556273633504345e-05 









7.210665313790246e-05 









6.569668406019322e-05 









5.3488504115451775e-05 









7.25438971870317e-05 









4.445083887828331e-05 









5.7752837472299515e-05 









4.373604441144107e-05 









6.371901667818512e-05 









5.483131298075995e-05 









5.01862787322375e-05 









4.880465531911881e-05 









3.9239353178602014e-05 









7.183538417564248e-05 









5.0300499494641466e-05 









6.530415703617963e-05 









6.399150304029679e-05 









7.350244641780508e-05 









5.861190077901442e-05 









5.7693949001069126e-05 









4.423820809339648e-05 









4.7784063926365444e-05 









5.992691818192947e-05 









5.911960231329294e-05 









6.642873801589061e-05 









4.194868491942507e-05 









6.207383006566662e-05 









4.459522504930633e-05 









5.820036144747919e-05 









7.460804649426318e-05 









7.843823761193784e-05 









6.682212352920879e-05 









4.800091698626844e-05 









6.628654503404472e-05 









5.85720695065315e-05 









8.098890527769224e-05 









6.240362134892342e-05 









6.38676734433179e-05 









7.502137071551266e-05 









6.851109122678011e-05 









7.227369648656125e-05 









8.066834409317845e-05 









6.541540725207113e-05 









7.21777565212299e-05 









5.194025549113864e-05 









7.630826061088566e-05 









7.284256164345884e-05 









7.889811751365727e-05 









8.6898128302361e-05 









6.879256093005176e-05 









6.504538674443007e-05 









7.324013009440869e-05 









8.351907402587503e-05 









7.92490987535459e-05 









5.97932378155652e-05 









7.209826014068058e-05 









6.247380346594e-05 









5.1255269677457174e-05 









7.243970417585452e-05 









6.0310708916117416e-05 









5.222730857696022e-05 









6.032211336099924e-05 









7.431548409426477e-05 









7.538124305060615e-05 









7.162426718657242e-05 









7.115175148544985e-05 









5.878408419827426e-05 









4.936198624625756e-05 









5.3103408324328976e-05 









6.478396935034991e-05 









8.822381062011621e-05 









6.35253565326059e-05 









5.9383459208846266e-05 









7.62137006774979e-05 









6.235653537252661e-05 









8.173818574989236e-05 









5.460166962014129e-05 









6.710693652317015e-05 









5.955128238575302e-05 









5.720270590229686e-05 









4.485449198306433e-05 









4.775304693045787e-05 









7.34046305452921e-05 









4.068226377179634e-05 









6.594421331117625e-05 









6.73155789472455e-05 









5.711067034733612e-05 









4.064869381160356e-05 









5.7704118830616674e-05 









4.445175874764117e-05 









5.597765351815553e-05 









4.545754419672028e-05 









6.987066839415283e-05 









5.572795555300824e-05 









6.157725847612216e-05 









6.837344789522586e-05 









4.733707349710434e-05 









5.463254574826776e-05 









7.277076017300286e-05 









9.691398278817972e-05 









5.743890952926969e-05 









5.7028488912341524e-05 









9.553729996923703e-05 









6.564238025396596e-05 









7.554933733124622e-05 









6.250206964883259e-05 









6.22680020413753e-05 









6.982926997678961e-05 









7.177731716227938e-05 









5.098524511056784e-05 









6.680848472686866e-05 









8.726563636438699e-05 









5.325594785080382e-05 









4.9531106819027484e-05 









7.056785564079566e-05 









8.69527107065441e-05 









8.049021730167509e-05 









6.235902209819131e-05 









6.818483886804254e-05 









6.537769379286121e-05 









7.330974498537973e-05 









6.394777813757128e-05 









6.26081625165135e-05 









7.362452090905048e-05 









6.184285247188323e-05 









5.99092114806967e-05 









7.85659650744068e-05 









7.478974975265191e-05 









7.111346322715835e-05 









6.20114324312474e-05 









7.956378306065925e-05 









5.735213501688863e-05 









6.922882113589881e-05 









9.386541553023955e-05 









6.115114778604071e-05 









7.990730401280512e-05 









7.995979330253129e-05 









7.532966369181869e-05 









6.047317792655671e-05 









5.3249204705730846e-05 









6.461638158436195e-05 









9.398136020499626e-05 









5.5720669158393316e-05 









9.354440295261088e-05 









8.780532316611219e-05 









8.13165954606062e-05 









9.864317812856584e-05 









7.342926878440572e-05 









6.464793862566065e-05 









6.009204114626744e-05 









8.930217957737597e-05 









5.283125690495491e-05 









5.4718753060508856e-05 









6.108311916499666e-05 









4.8480197150376574e-05 









4.328869194456005e-05 









6.187027422432965e-05 









6.34977068104656e-05 









6.06386949558627e-05 









4.819549972252884e-05 









5.414685276597049e-05 









6.511443198945717e-05 









4.599873921725462e-05 









4.936342743892053e-05 









4.8997020984804964e-05 









6.703942449799312e-05 









5.484871598362331e-05 









6.717724450548751e-05 









6.895934144802608e-05 









5.298874757837702e-05 









5.375762635878536e-05 









6.233139954145325e-05 









6.102575377171209e-05 









4.959976336890245e-05 









5.589713400472182e-05 









8.543091925007265e-05 









4.767614730161795e-05 









4.399468303688515e-05 









6.372508030357175e-05 









5.382075171468774e-05 









5.771212429617426e-05 









5.849543374324743e-05 









5.8114503306552136e-05 









5.1796592434450323e-05 









5.1463404540686436e-05 









6.505083454663667e-05 









7.488070762038399e-05 









6.752394525135161e-05 









6.008677022026191e-05 









5.5215771325494055e-05 









5.5767619186266506e-05 









7.994187076266376e-05 









5.2161177042407296e-05 









7.311826344610328e-05 









5.290714392614123e-05 









8.811658126416216e-05 









4.975288847348964e-05 









4.835689639822027e-05 









5.295577749057126e-05 









7.842737880626953e-05 









6.639998539085516e-05 









5.275332160025419e-05 









7.502719361430028e-05 









5.797379342524408e-05 









6.0105224946402076e-05 









4.742608611169778e-05 









7.592928167131499e-05 









4.431149300862102e-05 









5.397967564251281e-05 









7.784773085466845e-05 









6.79968125709591e-05 









5.0765639104191416e-05 









7.802262648576739e-05 









5.37618495801131e-05 









5.326649099677708e-05 









4.7421728612290136e-05 









7.54652708209487e-05 









4.79025510125438e-05 









8.007407558127604e-05 









6.42926563392939e-05 









6.945584169463266e-05 









4.4020272322174375e-05 









5.085215004756686e-05 









5.3826748723210976e-05 









4.878094681386505e-05 









4.8043144825173664e-05 









6.71309955193175e-05 









4.007364215725442e-05 









5.518620104579031e-05 









4.787985544057478e-05 









4.681321500569548e-05 









5.618527109675597e-05 









5.746482693457758e-05 









6.621811329777494e-05 









5.902510384503152e-05 









5.2772661271178415e-05 









5.460019537526138e-05 









6.259873986104874e-05 









5.621665174495074e-05 









5.8553383505141143e-05 









5.941284371153341e-05 









4.045744451359864e-05 









4.536189698562006e-05 









6.148993679819383e-05 









4.830528251946772e-05 









5.653195108732827e-05 









7.212030834198547e-05 









6.35733500411768e-05 









6.223882019323403e-05 









7.460156777050426e-05 









5.8312964304636054e-05 









4.910068956373259e-05 









7.008677111619398e-05 









5.7705312848611225e-05 









7.711445322879955e-05 









6.269598372079967e-05 









5.463248194998635e-05 









8.031760983554327e-05 









6.623103954279098e-05 









5.3205500402225105e-05 









6.369003600469988e-05 









5.7209185511762135e-05 









7.503526568819046e-05 









5.654071124559791e-05 









8.559580571249913e-05 









6.29863966819528e-05 









5.687535684479997e-05 









6.147235313165168e-05 









6.428213105277785e-05 









8.38679285908102e-05 









7.246370179303643e-05 









7.443936532653207e-05 









7.132056481831811e-05 









7.960846507592573e-05 









6.256217409223705e-05 









6.671508626095564e-05 









6.251008101374513e-05 









7.225462253654776e-05 









5.3754495529539576e-05 









7.160212154404648e-05 









6.0067172196571624e-05 









5.122756182834192e-05 









6.308358157896408e-05 









6.573751997835476e-05 









8.651781362116329e-05 









6.920155698451572e-05 









5.944381115125664e-05 









7.171616254155578e-05 









6.490469707386982e-05 









8.558589237952217e-05 









5.204826708730105e-05 









7.312106020802163e-05 









6.579006875956908e-05 









6.872082820481107e-05 









7.993355508082288e-05 









7.33396364463705e-05 









7.762176173563396e-05 









6.887177764585106e-05 









6.785678486280835e-05 









6.360927021668072e-05 









5.438867154833079e-05 









8.076844191274936e-05 









7.93947064709277e-05 









5.818700466792432e-05 









4.549542516334867e-05 









7.299111420886415e-05 









6.775378088390216e-05 









5.8203268849061935e-05 









4.3471051434750276e-05 









7.069439991976218e-05 









6.384130207273067e-05 









4.730225716344859e-05 









4.851046771174006e-05 









4.451324019833807e-05 









5.2278919808334645e-05 









4.757227130246019e-05 









6.303811077221652e-05 









3.719149680489298e-05 









7.342755345054077e-05 









6.381910938592483e-05 









6.016143375813276e-05 









4.050674525911045e-05 









4.395975741893617e-05 









6.186343786505547e-05 









5.868478270588748e-05 









4.634802071554504e-05 









7.52695454914081e-05 









5.305887452581772e-05 









7.702083190176021e-05 









4.500415651060239e-05 









5.148244107453393e-05 









5.0556430714184515e-05 









7.368930311463351e-05 









7.926881561484575e-05 









6.799872918388108e-05 









7.602133668107553e-05 









6.979305680429899e-05 









6.699590511032526e-05 









6.725649201709427e-05 









5.280956096609204e-05 









7.693869555299197e-05 









7.0597226491992e-05 









6.084140427020829e-05 









5.359293549129887e-05 









4.7711026736928106e-05 









7.457624929879043e-05 









8.71679357782339e-05 









5.530537801990079e-05 









7.202471553642743e-05 









5.824829095022253e-05 









5.847718255567387e-05 









6.575214701348815e-05 









6.213720388179211e-05 









4.740620353512194e-05 









5.645753407588835e-05 









5.7236947700483626e-05 









5.828258178253195e-05 









7.405515961181986e-05 









7.110565287255347e-05 









6.858208573387215e-05 









6.805892864880952e-05 









7.218367614045882e-05 









5.2670897681097596e-05 









7.907502633453117e-05 









5.859751748028977e-05 









7.542469453801165e-05 









5.051396147377512e-05 









7.105566274861638e-05 









6.11310756895553e-05 









7.234624139524173e-05 









6.314543339264761e-05 









6.367111290204045e-05 









6.743435069830463e-05 









4.07272991976007e-05 









5.8590123741982284e-05 









4.453221625640696e-05 









5.904915778930564e-05 









7.045753750453455e-05 









4.986628810833119e-05 









6.132779783388917e-05 









5.721584452291585e-05 









6.838587845688042e-05 









4.838469196715602e-05 









6.767029193599154e-05 









6.214424747135238e-05 









6.149739723345088e-05 









4.711741461496436e-05 









5.0847968936059136e-05 









4.4962373633433946e-05 









5.631361770322456e-05 









5.1774847439305194e-05 









5.7880611596807495e-05 









6.460893156455491e-05 









4.7018698307238554e-05 









6.184297753142353e-05 









4.9965416367466086e-05 









6.710452699466592e-05 









6.556925765623858e-05 









7.652209813558107e-05 









6.824318718464325e-05 









6.672316605694736e-05 









6.06233220621946e-05 









8.946567242269516e-05 









7.76955486998039e-05 









8.591680543896953e-05 









4.9575283327615186e-05 









5.643036936105757e-05 









8.126341278212262e-05 









6.770456641414847e-05 









9.004609918701322e-05 









9.503757628933894e-05 









7.28201210222803e-05 









5.049796042773259e-05 









9.334680453449906e-05 









6.180844916551689e-05 









6.346339862197282e-05 









8.447652071407977e-05 









6.678025738633335e-05 









7.83467655225106e-05 









7.054852640416352e-05 









6.255968320434063e-05 









8.44609962730394e-05 









7.896909247955846e-05 









5.432775337252823e-05 









6.828628914289846e-05 









6.721878535496004e-05 









8.599463046903485e-05 









6.28348923343482e-05 









7.968666506826411e-05 









5.8683614334368634e-05 









7.246739469714939e-05 









7.735626849434557e-05 









7.23791894631105e-05 









5.904464333384136e-05 









5.5325065251649464e-05 









7.121434580539796e-05 









5.578853754527175e-05 









7.644769120520895e-05 









7.409286055115976e-05 









8.072149976162503e-05 









7.336120460341105e-05 









8.254943535358726e-05 









7.91575054958665e-05 









7.6474447925719e-05 









6.053621771982453e-05 









7.744451635237783e-05 









6.532373009988487e-05 









5.3476282899375625e-05 









8.601506783831787e-05 









0.00013136606091761817 









0.00019388135689053806 









0.00019508442999681438 









0.00021620452306441557 









0.0001271266997461874 









0.00010026457490666404 









8.760865122318446e-05 









0.00013781376492329731 









0.00012155294701289721 









0.00014126543037032782 









0.00010172254068155449 









0.0001235392895215941 









0.00011560863532676432 









7.999672489803198e-05 









0.00013347024722130631 









0.00011907591598688699 









0.00014762016498506825 









0.0002703275877491108 









0.0002420893014170714 









0.0003237101006305133 









0.0003457087258264521 









0.000329474315539194 









0.00020864482212769217 









7.952612211319869e-05 









6.10734232781769e-05 









5.788820107515705e-05 









4.999479296242562e-05 









6.0938226109056634e-05 









7.966142173826564e-05 









5.773941046734802e-05 









7.076649565287843e-05 









7.219046323832996e-05 









8.599509241108107e-05 









8.16098327475078e-05 









5.447013877863496e-05 









7.426184634711822e-05 









5.966492802345723e-05 









6.317838476411793e-05 









4.991237706660478e-05 









5.447908977605694e-05 









4.89155948792253e-05 









6.440484196945347e-05 









8.157574783684864e-05 









5.706408449109726e-05 









7.046481307479497e-05 









6.436907487977421e-05 









5.558714338491402e-05 









7.367916560282786e-05 









6.930067298515727e-05 









4.898850366645823e-05 









7.492426803951645e-05 









7.253762205185938e-05 









5.574126619174845e-05 









5.646196248820791e-05 









5.71552439553334e-05 









8.86749174601792e-05 









6.994886161357948e-05 









6.112394854711654e-05 









5.520664359304031e-05 









6.471964202590178e-05 









5.186595610572464e-05 









7.046919211790956e-05 









8.546761283916886e-05 









8.150046700661475e-05 









5.474316171031611e-05 









8.417910828437141e-05 









6.173640042767486e-05 









7.455278521606166e-05 









5.957908460802634e-05 









8.97392140792816e-05 









6.626161842533688e-05 









7.018115222922383e-05 









7.965899563850968e-05 









6.0674986310679175e-05 









5.437333256626141e-05 









8.342833563127104e-05 









5.648244473659311e-05 









5.32074921326911e-05 









5.025348873086539e-05 









7.424231564529577e-05 









6.301053175619356e-05 









5.6283520382098425e-05 









5.155622413412381e-05 









4.832401433694979e-05 









6.451675115392166e-05 









6.365491238148714e-05 









7.14058490949747e-05 









5.642178835260911e-05 









5.0052337844898685e-05 









6.3991046792512e-05 









4.7507293520366545e-05 









6.311628894142478e-05 









5.2995626694707816e-05 









7.178774531856822e-05 









6.26334703529749e-05 









5.2828531287161295e-05 









4.135971198625372e-05 









5.723076579180362e-05 









6.838054206886505e-05 









6.840265213216512e-05 









5.500382189873809e-05 









8.592735195076315e-05 









4.9040814184609575e-05 









8.635740595846692e-05 









7.044227255837812e-05 









8.177082327085871e-05 









6.770324574247861e-05 









7.507514815672264e-05 









5.854830952602121e-05 









8.184102575804011e-05 









4.893779949499982e-05 









7.997418102308776e-05 









7.092834709539605e-05 









6.263764516481e-05 









7.749493647674289e-05 









6.71455917296983e-05 









5.949169342994528e-05 









7.714962430260801e-05 









5.537797280582594e-05 









7.897599754718096e-05 









9.111852910879695e-05 









7.396590498893289e-05 









6.31838945028662e-05 









6.545958853545657e-05 









8.016068605244449e-05 









6.863607560584221e-05 









7.025969474424809e-05 









7.960961557832193e-05 









6.264566596502762e-05 









5.928763656492303e-05 









6.363682130605695e-05 









8.333263409200883e-05 









6.897660873819478e-05 









5.639960814004063e-05 









7.838701231669506e-05 









7.002071054498228e-05 









8.7294649820012e-05 









6.430682875701227e-05 









7.879378690004755e-05 









6.782218535969362e-05 









5.910183155669258e-05 









5.5470537494718786e-05 









8.658475884113778e-05 









8.580847738603708e-05 









6.166137249356548e-05 









6.0706700246966706e-05 









7.299615288966056e-05 









5.646694108245228e-05 









9.045405534293618e-05 









0.00017113475007160737 









0.0006469336480360095 









0.0006876003293484455 









0.0010600754243298349 









0.0007725988543026211 









0.000747194403484569 









0.001032064538858543 









0.0010526998298812926 









0.000816095494579493 









0.0009947008895103632 









0.0007401028520606266 









0.0009873037390701108 









0.0011084528849895775 









0.0009863510756338016 









0.0008804942786074202 









0.0008108970505032996 









0.0008354841009418465 









0.0006754683688382666 









0.0008770696811559879 









0.0008590832926045431 









0.0009519463362661728 









0.0008832607192128923 









0.0013176659498560876 









0.0009018362159620228 









0.000917828433700447 









0.00022241963324444393 









9.345887006568887e-05 









7.425754005109353e-05 









5.8627898513515414e-05 









7.390248611542097e-05 









7.785092763916827e-05 









8.646463915594173e-05 









8.557642849056659e-05 









8.028716022666748e-05 









5.896516960286224e-05 









6.50025562379764e-05 









5.928782717320068e-05 









0.00010011906638262366 









4.9526122129736317e-05 









9.18578839260035e-05 









9.440735174210391e-05 









5.9811537794300446e-05 









5.2657977911447675e-05 









8.516373850853171e-05 









6.640498668352453e-05 









6.740742442130881e-05 









7.497880635200199e-05 









8.054086724023791e-05 









7.614643819984314e-05 









6.178949990341722e-05 









8.326439681776786e-05 









6.276870201775719e-05 









5.602399450307905e-05 









9.258426687680773e-05 









6.61893125681464e-05 









7.353350521896762e-05 









4.607192666584299e-05 









8.695335524542762e-05 









6.523422332880148e-05 









7.973118445324872e-05 









8.154977345165862e-05 









9.283417649272679e-05 









7.513067659420473e-05 









5.868669211620034e-05 









8.29701070394283e-05 









7.581802048525923e-05 









6.786775305677863e-05 









6.564970498822143e-05 









9.088779825449522e-05 









6.0796636760561805e-05 









7.399792839053035e-05 









7.399890007517697e-05 









0.00011840687063995937 









0.0001165010224710458 









9.679972203375735e-05 









0.00015661716168979448 









0.00024082254372542213 









0.00033052413412029544 









0.00019215766744187324 









0.00015424246927124357 









0.00022459242485908148 









0.00033800670545547633 









0.00033957098971790526 









0.000270283076589791 









0.000381325269263214 









0.000543029482819498 









0.0006198308770469025 









0.0005875413016980621 









0.00041930630874178603 









0.0007052593695792099 









0.00043323775331958895 









0.0005692118884904092 









0.0005731856963761359 









0.0007316087315868267 









0.0006918604203799379 









0.0009344280660445112 









0.0004940954258863269 









0.00013684269033837235 









7.270611983527443e-05 









7.82640312692462e-05 









9.739165082707628e-05 









7.342164515495038e-05 









7.633841788181732e-05 









7.143145527828751e-05 









6.384399224173473e-05 









7.335831063346566e-05 









7.389482186480594e-05 









6.391601032361894e-05 









