0.2 









0.32483180082448243 









0.0951366268142887 









0.10106964446598224 









0.08694998852452257 









0.0930026430614013 









0.08000664837878295 









0.0862767727490844 









0.08544928105093906 









0.0759438587551472 









0.06917382447674508 









0.08041127702279893 









0.06658402676775471 









0.0629206746825423 









0.04935507028389481 









0.05065805523230433 









0.05041254658220447 









0.052142855829431234 









0.04803233323003627 









0.0477185913910481 









0.04770186552959201 









0.0435022141409758 









0.04259011845393806 









0.04665898267990616 









0.04535729382044884 









0.045081364488601325 









0.04963146008752608 









0.045668541020141507 









0.04563441887839567 









0.048085795320769745 









0.044104887780968764 









0.042643018104654165 









0.048611152752617175 









0.04827617986056905 









0.04706550332075196 









0.04522990625343916 









0.04724906418037405 









0.04690766248709322 









0.05020847086067157 









0.05800604055439544 









0.06589303729050311 









0.06106764323740739 









0.06823433306571675 









0.07097558975487962 









0.07600275377219108 









0.0722797093710725 









0.07184224624571259 









0.06876751347131983 









0.06988723563699381 









0.06879553213401139 









0.07203105487707431 









0.07130058651025181 









0.07965966286417803 









0.07591462376384031 









0.07287943196177679 









0.07158441472460067 









0.07299258891557386 









0.07011540627079631 









0.07463285114084159 









0.08215089302159152 









0.0741494906422578 









0.07063422336147793 









0.07071924878711935 









0.07141256842811289 









0.07072538482481183 









0.0777510385334841 









0.07809382749119013 









0.068238811875595 









0.07728924711053131 









0.07917140229696565 









0.07043257858718233 









0.06825250310051728 









0.08167505740573339 









0.07609941004196111 









0.07761581674999382 









0.07300670015069377 









0.07471351468643447 









0.0685187138947073 









0.0688657199355347 









0.07166417002841895 









0.0745079060501269 









0.08363318266522199 









0.08024146807087204 









0.07318303668154522 









0.07759884441920692 









0.06405575971088422 









0.051890948549225914 









0.05170725806552516 









0.053628130839266444 









0.047940568406424106 









0.04431358274410737 









0.046771757421257915 









0.04503233953445615 









0.045895981091725505 









0.0432012210594135 









0.047973386028827954 









0.04464382389987287 









0.04475577750751043 









0.04395167858243455 









0.0447817233609241 









0.04252397736120796 









0.044996046589031946 









0.043243406038450796 









0.045944437023948154 









0.04582878434893295 









0.04721922206184849 









0.04555100091191133 









0.04319190974002983 









0.04622276308964211 









0.04511548845354087 









0.04897522183318511 









0.07725187765164081 









0.10345484955188919 









0.1143227362564042 









0.09382426067794988 









0.08288066321167717 









0.08826119481219341 









0.082517059454142 









0.07669372405559788 









0.07451224374928313 









0.08169508722701307 









0.0813490976403648 









0.07207430137081752 









0.0856080714614196 









0.0776372043621776 









0.07924607841311274 









0.08116441200822896 









0.08167843792778112 









0.07481224041434609 









0.08669294979031769 









0.08542581165764662 









0.07712413465263669 









0.07492885218344264 









0.08203420969777361 









0.07339155265833358 









0.07117498188653992 









0.07596363861438571 









0.07826181625790553 









0.0747352509018954 









0.07296146789820063 









0.08207113781033262 









0.07979625178684807 









0.07970319664701828 









0.07708975094534587 









0.0800172880298386 









0.08042441548339968 









0.07716946006059058 









0.07376221584300485 









0.08102952540358359 









0.0893952595187516 









0.08053122921496206 









0.07912202423960968 









0.07154831970904786 









0.0741270409735063 









0.07156219215886389 









0.07771550705070482 









0.0782966164422951 









0.07338208337390736 









0.0786193456739546 









0.08435551709387143 









0.08129753625451513 









0.07676045221075994 









0.07293798841706228 









0.057639937150821316 









0.051610642415521935 









0.05136455672371351 









0.04735777077114699 









0.04779785702159009 









0.04570172310989989 









0.04725350322604614 









0.04911860157147384 









0.05396092450301298 









0.05014310428823218 









0.0488619890878407 









0.0478388230150065 









0.047359428645028526 









0.04983991648033445 









0.04830517175404456 









0.04596026574909967 









0.04589351797458337 









0.0469572473313654 









0.049022578564556954 









0.05099954819571174 









0.049675856255682285 









0.047880109904159376 









0.05014890467713738 









0.04891861748513268 









0.051711062431961566 









0.05079165768346318 









0.060544260209821565 









0.06726788100204427 









0.06283050313126685 









0.06884426797011459 









0.07788051850610686 









0.07663080538128995 









0.07666213531755228 









0.06793571489635666 









0.06524105710432994 









0.0748299196466701 









0.07244458973890253 









0.07632271444686989 









0.07458170671298298 









0.07855411344891589 









0.07044567104831514 









0.0805462537354791 









0.07871578830472559 









0.07978689874659241 









0.07620269529785527 









0.06886954687157659 









0.07501416392920644 









0.08326948463206499 









0.07574623119800722 









0.07607060987674467 









0.08077696721954401 









0.08319250294756195 









0.08211923365375116 









0.07695834995012626 









0.07210202962455482 









0.07398240929627298 









0.08155492595737066 









0.07554721574643619 









0.07737509006818025 









0.08636112847661334 









0.0769516495177903 









0.07776010688956878 









0.07342723755907178 









0.07757076767936283 









0.07334120273239636 









0.0732864560530932 









0.07022964991156846 









0.08268314659957982 









0.08335415973063115 









0.07033412806369246 









0.08307907306149072 









0.0738132409298766 









0.05850143290103932 









0.050795749371284456 









0.05093177391982394 









0.049463570579020844 









0.046590573762372314 









0.04760535423410151 









0.044908281162912865 









0.042669266201630834 









0.04185878673732708 









0.04681282525434684 









0.04254690271982128 









0.047318178928183574 









0.04624294532066228 









0.051564411206906566 









0.044498260749157525 









0.04921384996327968 









0.043823354798728884 









0.050984260819138566 









0.05294219322948378 









0.0545288660946004 









0.052514388712970345 









0.050798900814055165 









0.04616113114158697 









0.044441631028927744 









0.05004082462258708 









0.04949854316592475 









0.07588968144711263 









0.10547599604964897 









0.10867742001002098 









0.09020236807426227 









0.07598884536310563 









0.07661959036762972 









0.07757748315965043 









0.0782818264607717 









0.08432242031851903 









0.08281124486508393 









0.08282606372751025 









0.08199879480366482 









0.07243664125747651 









0.07671588856552855 









0.07876927412361732 









0.07581835403115783 









0.08100060769921577 









0.08121794473840532 









0.08062927327134442 









0.07626519075131363 









0.07705527055224892 









0.0797752851863999 









0.07599956112417289 









0.0749448880013721 









0.07692021143583291 









0.08144068794256806 









0.0728953295156564 









0.07629717020724427 









0.07175127627038527 









0.08025223672429571 









0.07919102116688098 









0.07143649612018396 









0.08313452204771454 









0.08573495701629284 









0.07739549539038251 









0.07927608388463603 









0.08491015346156425 









0.07796437016611096 









0.07577550800396546 









0.08276156316821837 









0.075330925629875 









0.07735144281134088 









0.07177573123162373 









0.08056736336771293 









0.07320980591021045 









0.08055316618332091 









0.07772079898070147 









0.0735949166425426 









0.0829087034246028 









0.0759174400940413 









0.07546455139919533 









0.08128296085721709 









0.06908659951238537 









0.062068723457886776 









0.06251992096463965 









0.0567759981066748 









0.05272845278231984 









0.0496974035572475 









0.05540381430105458 









0.04863954621233429 









0.05132552890050267 









0.051731477454922487 









0.05227248568434825 









0.053913131188793414 









0.05025501806718059 









0.049775010699255176 









0.048055191039580405 









0.04771148501556268 









0.05101207321537178 









0.04957888790652795 









0.049270177993966185 









0.052980192660357465 









0.0569432733835836 









0.05297575046340375 









0.04483417975764428 









0.045755694891713744 









0.05063228102899378 









0.049248258267417314 









0.059605510688142196 









0.06309167281923678 









0.07604536765174219 









0.07151048990512018 









0.0830758225067165 









0.06935624972248453 









0.07652988465767821 









0.0733130745965189 









0.08014034846602791 









0.07960901078819912 









0.07868433909829191 









0.07897714172630688 









0.07638669877016022 









0.0808422314411886 









0.07618127510268365 









0.07232990049722121 









0.06921184129704727 









0.07660892578112977 









0.06766282480089053 









0.06980363200836316 









0.07585515717275632 









0.0750269005015943 









0.07941289780524732 









0.07103993669173647 









0.06614683534721598 









0.07481846200270248 









0.07696423347697712 









0.07954414706854251 









0.07123878335578294 









0.07148012258825448 









0.07573525947886078 









0.08121807957516045 









0.07456245185639024 









0.074014199398797 









0.07449791552457746 









0.0697719917310943 









0.07519877540947176 









0.07676629053198686 









0.08205271137911929 









0.07303306245320665 









0.07400167142104262 









0.0770738813316918 









0.07507028916011087 









0.07819404967965946 









0.08567465285649789 









0.07794271339012906 









0.06496342520851883 









0.05387383262974058 









0.049470038877747965 









0.04736011507184173 









0.0563063921589971 









0.049626402682365775 









0.051974049540975065 









0.04837012607478126 









0.049345318900841664 









0.04689053776651495 









0.04631951818909272 









0.04568883509237649 









0.050855768417609984 









0.04943562583725699 









0.048281045619716606 









0.047079091410620375 









0.046728718851548716 









0.048589316847799734 









0.04994254352565468 









0.04774885713014787 









0.047441241587994946 









0.04954561515024414 









0.04342897509790006 









0.043617928735142364 









0.04625896039119448 









0.04555603352279823 









0.08362720718785624 









0.09799474281548476 









0.10172468693233902 









0.08214866525992759 









0.08550449806883158 









0.08194571401758105 









0.0857944847629137 









0.07941874020506091 









0.07974668735726503 









0.0793120715155604 









0.08182076352464841 









0.09109594994403225 









0.08042070988331232 









0.07670663522354666 









0.07613340867581711 









0.07518017773970248 









0.08436420742154307 









0.075908963550903 









0.070694133076383 









0.07691974222324058 









0.07194858446703423 









0.07694780465667009 









0.08394744233219892 









0.08238649769922879 









0.0754748310318981 









0.0750682404735476 









0.08577872742847895 









0.07899444799137234 









0.07743563159610567 









0.07753296256098882 









0.08326102383112446 









0.07130545012930059 









0.0746567404589285 









0.08096798729414173 









0.07634387403664879 









0.08325337135611982 









0.07972614929264171 









0.08433370850103919 









0.08900095834660257 









0.0787095824785656 









0.0762862163305684 









0.08786018349855071 









0.0810316181946585 









0.084837005637654 









0.08649796882584165 









0.07658319914238795 









0.09167580182452731 









0.08455108357370592 









0.07995959258702362 









0.0762940485327987 









0.08317281575196869 









0.09241533746751165 









0.08173975660544264 









0.07134145306177825 









0.07240730492923683 









0.08199257493105427 









0.08095635725122055 









0.09175382777711727 









0.09478840293879146 









0.10508264797790187 









0.10126753099674966 









0.09851778836622449 









0.102095398576977 









0.11204099787364036 









0.11080648610617885 









0.11570458917981724 









0.1045506589375506 









0.10895598214015736 









0.11159590155529964 









0.12158736165496785 









0.1226562967818773 









0.13183398429140353 









0.12431983936895898 









0.1261682744898708 









0.09829605310668568 









0.04889379930717499 









0.043558260086522124 









0.04637228711802348 









0.0537784602033087 









0.06180053941300784 









0.06319020809705753 









0.06988582715910713 









0.0738071682694166 









0.07020184719238157 









0.06870373340483284 









0.07468550907773155 









0.06899306822171723 









0.07248208077334445 









0.07854936623265309 









0.07050753596022666 









0.07290408858549538 









0.08023878740814985 









0.07311218955456153 









0.07672308875608516 









0.0760561330610493 









0.07447998422348923 









0.07511403828151125 









0.0730806560894217 









0.07410048068512912 









0.06945626275123257 









0.07317259916202928 









0.07904613752241164 









0.07780930068790641 









0.07670977561594278 









0.0799892569286551 









0.07137016675779728 









0.07532970154849888 









0.07060771949494406 









0.08171212887469659 









0.07644165831223046 









0.0737101225767817 









0.0741378921805568 









0.08209260354263143 









0.07528660480091823 









0.08067996993719147 









0.07582462751734673 









0.07153049869512859 









0.07095505468784977 









0.07871330057155135 









0.07519448330738457 









0.0794080078746276 









0.07955945182204255 









0.07873648408903765 









0.0876561601603183 









0.06323448144680738 









0.05532299501639618 









0.05912917065333562 









0.0545901732944541 









0.055827019765579064 









0.05564975846517259 









0.05764213008590613 









0.0620964400223321 









0.06049764015977581 









0.05663758450693593 









0.05201233078030044 









0.05187075488879337 









0.051256744483942025 









0.05099520237309209 









0.050264416839370225 









0.055351358211806354 









0.05176636812066298 









0.05317770930596073 









0.05410290772881191 









0.05667866644715809 









0.06188263493108126 









0.05461082023879117 









0.049522190319747694 









0.04554304604927733 









0.04562538860687959 









0.05161601167670425 









0.07676499794370248 









0.10654430433549845 









0.11162610943760043 









0.09137255381529483 









0.0846101190511154 









0.08101879411305193 









0.08393614145142483 









0.07932919708602282 









0.08357445550068576 









0.08097288785756185 









0.07826554831618704 









0.06917186690598195 









0.07481101921877908 









0.07801705199462183 









0.08261179480957737 









0.0790324830111016 









0.07920516889743377 









0.08236577045602322 









0.08282001394831967 









0.084887031699801 









0.06981218482682888 









0.07888309363441467 









0.0813883004523216 









0.07334056368086209 









0.08187817314200022 









0.07748407480631528 









0.07354227260100865 









0.07906667022084332 









0.08264779021776587 









0.0780247248721139 









0.07458166151073642 









0.0770372356095552 









0.07638175524144125 









0.07204384720025311 









0.07580264879874274 









0.07506799347640335 









0.07316334232203558 









0.08028959487353736 









0.07158771013292814 









0.07618104858434438 









0.07563699432513578 









0.08191112874498 









0.07953053276380015 









0.0755312420771124 









0.08074838738359325 









0.07682684493479264 









0.07497309581205583 









0.07938956663302704 









0.07828168940727219 









0.07341391896119599 









0.09692060822047194 









0.1758356715497462 









0.22506481801294076 









0.22954293291806524 









0.3066696100291884 









0.3776172426707767 









0.40058660069643864 









0.41416827371477904 









0.480382837437335 









0.39862788540981847 









0.36379840202978286 









0.3846603819661354 









0.4350242985298357 









0.5956383461666531 









0.6410675415235763 









0.6890837820380078 









0.683471897062354 









0.6571914164839492 









0.7263208569923484 









0.7624966128298798 









0.7633564339138647 









0.7842860557557414 









0.8125515159050926 









0.8067673881018518 









0.6381914829977064 









0.0997248369589263 









0.05228611870613359 









0.05852485285190334 









0.0634869722155386 









0.06252193834428436 









0.07387005874058405 









0.07202978334516169 









0.07769319849654985 









0.07490995937721635 









0.07691873537191529 









0.07313429619939091 









0.07664584360271058 









0.08236321415913092 









0.07477530969068263 









0.08539650450467916 









0.07642695841018718 









0.0812854189302693 









0.06960982517769976 









0.07798636804972583 









0.07524162465813894 









0.07775947578418607 









0.0788413770799912 









0.07441016006751577 









0.08000927019444753 









0.07482108541068364 









0.07245736518751128 









0.07162203085377619 









0.07565775394015961 









0.07373781638989912 









0.08004539453734395 









0.08672504820888259 









0.07501963150035584 









0.08072939304757125 









0.08007854034593931 









0.0777870160940841 









0.08300535456805816 









0.07629763685994129 









0.07759448440267319 









0.09162789467670407 









0.08162344354769341 









0.07633033600438116 









0.08486226474130248 









0.07750880595329092 









0.08037375035004976 









0.08137255539493793 









0.07407367249197158 









0.08046195869983554 









0.0904365286517334 









0.10671024517922735 









0.11047915269712838 









0.09986591960721966 









0.10779232854427465 









0.1164505613279149 









0.12181159667452712 









0.13458027068271217 









0.12869952363286669 









0.16099081115602631 









0.14910876866345024 









0.14338776393420014 









0.13346699069842027 









0.1316435610805602 









0.13456844961924253 









0.1428237634241859 









0.14139822084670195 









0.15615399950423736 









0.16956644681954064 









0.16235492556106002 









0.1725705550674014 









0.17278969197186955 









0.1611176409924806 









0.16960218444874356 









0.11834265252819692 









0.06191001974606435 









0.05088516571739535 









0.05414395955617994 









0.0866284147713774 









0.10850606267655025 









0.09021299683700768 









0.08182291396147304 









0.08439163093638924 









0.07699132599450695 









0.07334619120272588 









0.07145867575499075 









0.08051052169185721 









