0.2 









0.000362980184645347 









8.544489732572131e-05 









8.411644298517467e-05 









4.7491014710756095e-05 









7.547750814410775e-05 









5.881416916730879e-05 









7.508008477079677e-05 









5.624683216900761e-05 









4.594551006344198e-05 









6.171560504338955e-05 









6.227468455182086e-05 









6.117860811650672e-05 









7.287162256459863e-05 









5.386997284371128e-05 









5.867519854067312e-05 









4.788339685949896e-05 









6.128751563090611e-05 









4.398629796253271e-05 









4.302776802725934e-05 









6.0756327894793686e-05 









5.5391529148700075e-05 









4.60493151716712e-05 









4.691463819454278e-05 









5.564760787383005e-05 









5.8549273548488356e-05 









6.235565724530302e-05 









7.592857861629847e-05 









5.0804142036752534e-05 









5.966596327012254e-05 









7.11126808479772e-05 









5.4067619619607856e-05 









4.100112757272205e-05 









5.7368142416052133e-05 









4.6008711554128306e-05 









5.413108224485758e-05 









4.337296488278182e-05 









4.042510737933038e-05 









5.867137504175046e-05 









6.10418571497721e-05 









7.560633491827655e-05 









6.236285932240719e-05 









4.784543453722714e-05 









6.338326822023576e-05 









8.02684418880454e-05 









6.880811083035147e-05 









5.564116556397097e-05 









7.963950292890878e-05 









5.6769398862780245e-05 









5.999394916797076e-05 









6.516534761428736e-05 









5.3992261206711406e-05 









7.08856982867281e-05 









6.300118735869827e-05 









5.342292315704106e-05 









6.051714392398478e-05 









5.579185712155409e-05 









4.850934871128399e-05 









6.747982568407849e-05 









8.30535064219616e-05 









5.524010207971001e-05 









5.659141161203772e-05 









7.081888412425197e-05 









6.786572426071454e-05 









5.9928371296850524e-05 









6.39036121710518e-05 









7.498399826179377e-05 









7.338437321129644e-05 









4.9659951060146266e-05 









5.249109813545164e-05 









6.705064319190141e-05 









6.605179378329964e-05 









5.20727084742803e-05 









5.9967039198101325e-05 









7.427030104108735e-05 









7.060906478660149e-05 









4.713208853612338e-05 









6.48012364935324e-05 









6.973661509008757e-05 









5.4153476836923416e-05 









6.995757369750242e-05 









7.711878351089184e-05 









6.838110542078566e-05 









5.314508962896914e-05 









3.949414421455474e-05 









5.036617866306951e-05 









4.1200270190591145e-05 









6.858979889996257e-05 









5.751781737668428e-05 









4.540683153116067e-05 









4.433866458618719e-05 









4.201224432434646e-05 









6.393710858584203e-05 









6.289555592767689e-05 









5.601093501325333e-05 









4.6071353538277646e-05 









6.024801835483117e-05 









4.951912288520224e-05 









5.114572288465077e-05 









4.401026510948709e-05 









5.168413003791314e-05 









5.1089035576674505e-05 









5.767230268023503e-05 









6.17205320580159e-05 









6.989630053819785e-05 









7.36771469083047e-05 









5.350169501206525e-05 









4.825875105194989e-05 









4.221236317030234e-05 









4.662809267770274e-05 









6.645403406820026e-05 









6.207273938047595e-05 









5.212715069380276e-05 









8.010872395932965e-05 









5.02406113823238e-05 









6.13885175490379e-05 









5.770454180804594e-05 









7.431863612841104e-05 









6.310271023096645e-05 









5.908269815413665e-05 









5.0446596394179414e-05 









5.695395904005715e-05 









5.369373968603488e-05 









5.944250759366236e-05 









7.514566070053949e-05 









6.179023295072435e-05 









5.574952469048561e-05 









6.232727752861999e-05 









4.3566023510725264e-05 









5.6460245922266016e-05 









5.374693777600133e-05 









5.892550455258987e-05 









7.684059782085925e-05 









5.643073773297197e-05 









6.94181127109812e-05 









7.018763141075345e-05 









6.0844479976360044e-05 









6.607737718563041e-05 









8.538753883654406e-05 









6.048814628814499e-05 









7.217113068342512e-05 









5.8717891395734184e-05 









6.477324369964843e-05 









6.680262043716843e-05 









6.660978726559534e-05 









5.996874548313493e-05 









5.8883265504301696e-05 









5.936065377085474e-05 









5.615914255156396e-05 









5.3229346560031914e-05 









6.202497030115522e-05 









5.693111747113215e-05 









5.1023656896279494e-05 









6.0493364296427997e-05 









6.117575143253898e-05 









6.605178413151614e-05 









6.19536020185793e-05 









5.508775483143036e-05 









6.517205300604707e-05 









8.079211168136955e-05 









7.222590318773357e-05 









7.42555063577581e-05 









8.1399815689177e-05 









5.500268739504293e-05 









6.611623725056871e-05 









6.691203382391424e-05 









5.542488751855839e-05 









6.292200086837044e-05 









5.376203148229323e-05 









4.5617373253935755e-05 









5.47147860739754e-05 









6.745966372803409e-05 









4.6765493936862484e-05 









7.247792034005069e-05 









5.3153289931251896e-05 









6.854492101665751e-05 









5.450557772091662e-05 









5.309748655802867e-05 









4.1549669157418866e-05 









6.0154095185905985e-05 









5.575450253151241e-05 









7.231065148547301e-05 









6.733598710684336e-05 









3.7339159497872215e-05 









4.87550992822825e-05 









5.4982214635884745e-05 









6.18246266387365e-05 









4.959408807113266e-05 









5.8538260366256097e-05 









7.108847860627868e-05 









5.683094699322238e-05 









5.635251778894173e-05 









6.81460932386894e-05 









5.289249336223052e-05 









7.040457377843192e-05 









4.838901142499439e-05 









5.955690248781345e-05 









5.6696977229981466e-05 









5.238926960265287e-05 









5.370705722062129e-05 









6.267382800460364e-05 









4.251928194250124e-05 









7.364546258565712e-05 









8.084775225856385e-05 









6.040337498982119e-05 









6.605112359872793e-05 









6.12713702085389e-05 









4.533877630257992e-05 









4.840889363246706e-05 









4.936891793337901e-05 









6.823991643103709e-05 









5.332716722651211e-05 









7.233407776535046e-05 









7.269153808759247e-05 









7.577800861492853e-05 









6.479540217607573e-05 









5.579456401621211e-05 









6.94454703428656e-05 









5.3948398240089905e-05 









6.720853791523598e-05 









6.172220107160785e-05 









4.323030632772654e-05 









5.7387983450398386e-05 









4.783308436002542e-05 









5.054418584847319e-05 









5.794330673344822e-05 









5.8165754611260776e-05 









5.1516686379264677e-05 









5.8087542785436024e-05 









7.459634466615883e-05 









6.729576454274464e-05 









5.852806701923221e-05 









6.194131173282206e-05 









6.245121544268664e-05 









5.923591583387462e-05 









7.922867223822783e-05 









5.157069228073569e-05 









6.8624486725445e-05 









5.313836701365499e-05 









5.439300937163767e-05 









6.239158349902513e-05 









5.929716099915124e-05 









5.9991049169037645e-05 









5.115021647534874e-05 









5.687374179104089e-05 









5.453439406728647e-05 









6.0059691031263145e-05 









6.0415925329354586e-05 









6.0662968472323424e-05 









6.683261114441787e-05 









5.403365582395746e-05 









5.7641744378003795e-05 









4.935236434063351e-05 









4.5756488136956326e-05 









6.326443540345669e-05 









5.931734407699397e-05 









4.790299021583203e-05 









4.17288946421009e-05 









6.480397869378355e-05 









6.327316445015165e-05 









5.979089492957805e-05 









5.389221243744725e-05 









4.6382770980996755e-05 









6.724116645981355e-05 









5.3186532771966804e-05 









6.432454049197812e-05 









4.850245433636679e-05 









6.719986783139056e-05 









4.6845841418363515e-05 









6.326025112560214e-05 









5.9381756081017e-05 









6.259196364026006e-05 









4.8651217018770026e-05 









6.351124612510591e-05 









4.8142896610720335e-05 









6.829615125239553e-05 









6.485446173766328e-05 









5.2665122976879166e-05 









5.8819112158473176e-05 









8.385931448048513e-05 









7.796270305660189e-05 









6.845781163471878e-05 









4.134477267983654e-05 









6.40822574317695e-05 









5.262983068689793e-05 









5.110556044342071e-05 









6.722099134079545e-05 









7.053095218357933e-05 









5.90991232502605e-05 









4.508624204706755e-05 









5.763567352709477e-05 









5.1984076976166634e-05 









6.84901330370374e-05 









7.220094119235495e-05 









5.929326856510883e-05 









5.925834139659107e-05 









5.485207493954856e-05 









5.899907382477207e-05 









7.064979548843562e-05 









4.633290282890146e-05 









7.266277915297717e-05 









4.8222121023835945e-05 









7.313972830941826e-05 









7.042331041858087e-05 









5.685898953636568e-05 









5.7551033328620034e-05 









6.581865052759966e-05 









4.804706899496832e-05 









4.8155049713406395e-05 









6.015393307065412e-05 









7.43565669999136e-05 









5.154440822531577e-05 









6.470018851271293e-05 









5.684841340447856e-05 









4.343095205146942e-05 









5.504639217605875e-05 









5.88128208846424e-05 









4.64289512208502e-05 









6.181653445971133e-05 









6.587549939769644e-05 









4.9389358443939485e-05 









5.350976805609108e-05 









5.022580652141031e-05 









6.839088465970434e-05 









7.132840302631885e-05 









5.869207359514223e-05 









4.661147077065422e-05 









5.956049853221372e-05 









6.450809814097138e-05 









5.548001105998034e-05 









5.602237939781053e-05 









5.48389743866418e-05 









3.937209659128903e-05 









5.993821707945968e-05 









6.268348890777902e-05 









6.272379015624752e-05 









4.416028779036824e-05 









6.789797779204119e-05 









7.009484402804915e-05 









5.551608039713451e-05 









4.510035508711442e-05 









6.48788925021807e-05 









6.23093318156924e-05 









5.2075882859572834e-05 









6.327210077629937e-05 









5.21742685052134e-05 









7.033841563933347e-05 









7.82717577374752e-05 









6.315633970762586e-05 









7.44657506571979e-05 









6.374641412648146e-05 









6.232898346151745e-05 









4.449187992266675e-05 









6.289435673272317e-05 









5.1893133545954934e-05 









6.200585976174579e-05 









5.291546829738906e-05 









7.051362138180976e-05 









5.501290115794574e-05 









5.100288033344404e-05 









7.22268269420287e-05 









6.593758965477394e-05 









7.475104082357209e-05 









4.1567304254738933e-05 









5.3249627929303583e-05 









6.360646731789243e-05 









6.854865707062864e-05 









7.005354678207704e-05 









6.624602698219033e-05 









5.9057218670734786e-05 









7.248825551537144e-05 









7.113433542427203e-05 









5.4551562987306446e-05 









4.780323239879563e-05 









5.873769129533024e-05 









5.780089668733765e-05 









5.05700530185358e-05 









5.1492483207927055e-05 









5.397107497722654e-05 









7.049363040654137e-05 









6.326773210485787e-05 









5.0524424276438526e-05 









6.37690910334083e-05 









5.681049960773238e-05 









4.898377342913899e-05 









6.511302973724341e-05 









5.6901255311428563e-05 









4.279515197081305e-05 









7.272369680934863e-05 









6.694931174977932e-05 









4.923927377560008e-05 









5.979412338241578e-05 









4.813742399232468e-05 









4.2056286000798136e-05 









5.026598174870114e-05 









5.8640768491679114e-05 









6.355076168702679e-05 









5.101131600039393e-05 









6.23690491500086e-05 









4.7874000993668184e-05 









4.312679836037591e-05 









6.270294243571243e-05 









3.9814096648930404e-05 









4.11519555007434e-05 









4.6307189175002556e-05 









4.100176739295224e-05 









6.150515299909111e-05 









4.120135873351666e-05 









6.152368792135862e-05 









3.8552044890554984e-05 









5.042955009027925e-05 









5.255188701618543e-05 









6.722396960343807e-05 









5.961704006118349e-05 









5.3935867959471105e-05 









7.473914172629391e-05 









5.908590206428551e-05 









4.9462827421979154e-05 









5.829785589117179e-05 









5.491471353243776e-05 









4.904500668478042e-05 









4.6460535632350945e-05 









6.756641771154937e-05 









5.729401687102228e-05 









4.6296694409673404e-05 









5.230661728343213e-05 









6.06168505237294e-05 









5.380638437237039e-05 









6.20343866484985e-05 









6.050434711817009e-05 









5.434447066459068e-05 









8.259307483447415e-05 









5.4794801950797596e-05 









5.6910110361371025e-05 









7.451153629668705e-05 









4.659958502896766e-05 









5.5233978684991214e-05 









5.4542633939016536e-05 









5.870278965435782e-05 









5.7737968596904715e-05 









5.7974895548439345e-05 









6.132670832653599e-05 









4.627905617844981e-05 









4.2139091210783166e-05 









5.220622286175326e-05 









6.953239643604518e-05 









5.7198720599195864e-05 









6.213582285213287e-05 









6.788254592224991e-05 









4.69349004903972e-05 









6.674067652315355e-05 









4.679807332475184e-05 









7.160825478021065e-05 









5.56693337322036e-05 









4.738009245929345e-05 









5.4566343468265865e-05 









7.62116986460616e-05 









8.030470769859006e-05 









5.465513284051032e-05 









5.304973183574053e-05 









5.3914456419414517e-05 









6.304526175151975e-05 









5.1645830719283704e-05 









5.286024911710756e-05 









7.432462260003524e-05 









7.246454955832048e-05 









6.381528026653242e-05 









7.611261606984564e-05 









4.669315828411569e-05 









5.7455577450383494e-05 









5.293518182739241e-05 









6.15338773200768e-05 









6.823126383870867e-05 









5.11679133618207e-05 









8.583427733350546e-05 









5.7693886384989704e-05 









5.4019834132694285e-05 









6.380510271841222e-05 









7.341181866912273e-05 









5.143298124470431e-05 









5.3171273093987e-05 









5.572685023919997e-05 









7.110373342478247e-05 









6.918376361079992e-05 









5.2573820403255726e-05 









5.5947858090724966e-05 









5.516824250394722e-05 









6.719962567237677e-05 









5.206286883131431e-05 









3.872143765645861e-05 









5.9412386009282663e-05 









7.140894708757308e-05 









6.685759307627285e-05 









5.2796134741186884e-05 









7.393444307140677e-05 









4.662697877682547e-05 









5.424230784166049e-05 









5.627412732097632e-05 









7.911258270377328e-05 









4.717887932856825e-05 









4.5177264952761734e-05 









7.206253053126718e-05 









5.0501796796060626e-05 









4.977982859923746e-05 









5.250730303208628e-05 









5.092573423282683e-05 









5.834351079064488e-05 









5.0986164730231554e-05 









7.680484662106121e-05 









6.160095421560208e-05 









7.271644390539645e-05 









5.1339959803272414e-05 









5.6221876039272566e-05 









7.000097052506048e-05 









5.4705696847383595e-05 









6.216011627622177e-05 









6.282167335381237e-05 









5.059122220496702e-05 









5.2561858494145836e-05 









4.8389550546082126e-05 









6.236897719307531e-05 









5.759389559957909e-05 









4.513301042462556e-05 









4.4314681713256276e-05 









5.916602955206499e-05 









6.306557753416924e-05 









5.677448864073841e-05 









5.5632173902520475e-05 









5.2618448520601387e-05 









7.055444389773559e-05 









5.14673276641068e-05 









4.9976764758441054e-05 









7.202034011442e-05 









6.771786154375116e-05 









6.163322416613684e-05 









5.393861418386226e-05 









6.362251494913875e-05 









6.936175398633444e-05 









4.664116228219654e-05 









5.5643592784864403e-05 









5.714662971210676e-05 









4.3735989529636033e-05 









7.237995331798261e-05 









5.0681681339083593e-05 









7.694779947725211e-05 









5.381838026686894e-05 









6.28018998888648e-05 









5.653046231450745e-05 









5.3254642065059454e-05 









4.2651279114180426e-05 









6.014485235460965e-05 









5.021864007641105e-05 









4.277003061131408e-05 









7.125294127426944e-05 









5.18708129153517e-05 









6.908916979079976e-05 









4.662770426961787e-05 









4.634864684685156e-05 









5.852829533136266e-05 









4.7968422645205575e-05 









7.669425700850897e-05 









6.748722893576363e-05 









6.152869143460775e-05 









6.552491568587179e-05 









4.957642113995246e-05 









6.364365860752174e-05 









6.046069130985699e-05 









5.659794562986428e-05 









6.480479934941409e-05 









5.0902789942012174e-05 









5.97206139051622e-05 









4.835667639340097e-05 









5.212584688314953e-05 









5.337134214444006e-05 









7.41129123890727e-05 









5.862722980275161e-05 









5.059289528833508e-05 









4.8767457071300475e-05 









6.0566256239589086e-05 









5.316899626535712e-05 









6.212402316878592e-05 









7.103353947042335e-05 









4.438121036824433e-05 









8.12622843768224e-05 









6.324752873136285e-05 









6.393766215179334e-05 









7.77819171432351e-05 









4.9717599279143743e-05 









5.796448724424524e-05 









7.730127861174606e-05 









7.673292117167939e-05 









4.559585751961506e-05 









5.899286613130288e-05 









5.2225722139516624e-05 









4.310568813889999e-05 









6.8812148261866e-05 









6.273458572416864e-05 









6.333159599289457e-05 









4.402682082695186e-05 









5.8247736420557374e-05 









4.3974351620364826e-05 









4.9857953825133657e-05 









6.338740976121448e-05 









6.694089521887728e-05 









6.226613322759666e-05 









4.566321345962919e-05 









5.3280816003879055e-05 









6.707898855926324e-05 









5.261521654557174e-05 









5.2877087737035555e-05 









7.075271772204319e-05 









6.79362934838611e-05 









8.666923226966703e-05 









8.37204692816306e-05 









8.568231027344098e-05 









0.00010588197284943954 









0.00013827168576467004 









0.00014583683415132735 









0.00020940814463889901 









0.0001795204016498513 









0.00012657736748009855 









0.00016659743491199126 









0.0001045806202157066 









0.0001394819840513272 









0.0002046966200758241 









0.00027527372294254364 









0.00030065972311699835 









0.0003203377108156772 









0.0003250189012552821 









0.00040471654888506116 









0.000390907477059818 









0.0004818971116406339 









0.00038180107064894565 









0.000604693371972677 









0.0003735138769162265 









0.00031783518547354395 









7.780765874994494e-05 









6.285585347831787e-05 









4.680619849207545e-05 









5.773009270727671e-05 









6.70840666861344e-05 









4.749990597499072e-05 









5.149023693866129e-05 









6.036470413575524e-05 









7.308001288207502e-05 









5.422144878904112e-05 









4.593802248810182e-05 









4.457736117519117e-05 









6.879453865507964e-05 









4.800816782574937e-05 









6.436605125446202e-05 









7.76530983030522e-05 









4.8916745772463225e-05 









5.8888087980473814e-05 









7.550528459792928e-05 









5.641049267151903e-05 









5.502638065019523e-05 









6.37525342772486e-05 









5.696142403563455e-05 









5.629643051505289e-05 









8.322632254926564e-05 









7.860219696341071e-05 









5.838722686336689e-05 









6.778620075696946e-05 









4.8695371029757543e-05 









6.855625930141529e-05 









7.645088165702839e-05 









7.854632382523131e-05 









4.747582030082283e-05 









5.6533994723375795e-05 









6.0401964478843246e-05 









5.341221565073571e-05 









6.677650907323552e-05 









5.571568027862967e-05 









6.047938161925017e-05 









7.057054278120515e-05 









6.662764348064526e-05 









5.454113029676596e-05 









5.26203679337509e-05 









6.187469046813003e-05 









7.453857499239716e-05 









6.671444566134505e-05 









6.278173071988564e-05 









6.41936856724779e-05 









6.697606854299946e-05 









5.953803726884956e-05 









5.8094007791801794e-05 









7.779154329783714e-05 









7.181232961120797e-05 









8.551086919421689e-05 









6.183966966561971e-05 









8.621812921282893e-05 









5.728387501375522e-05 









5.911738427352012e-05 









7.249790625657733e-05 









7.421541123207614e-05 









6.66496547065803e-05 









5.666859343682589e-05 









6.66748463692872e-05 









5.662198359707277e-05 









7.731140546732095e-05 









7.724788692715988e-05 









8.576437162470025e-05 









7.261013154773364e-05 









6.360226039833902e-05 









8.627652837949071e-05 









6.940365666484406e-05 









7.453988972834667e-05 









4.6808028362682926e-05 









7.492519759651843e-05 









6.348253513460678e-05 









5.7708891748616434e-05 









8.764448379215533e-05 









6.448522063249969e-05 









4.186459125664292e-05 









5.831596163908088e-05 









6.932175428420498e-05 









7.233061040951729e-05 









5.0788765358079236e-05 









6.637724384656702e-05 









