0.03 









0.29967236989663054 









0.4947199588488935 









0.3821054315701422 









0.5250703732194967 









0.5609289327100135 









0.5828457319919429 









0.5678883281048936 









0.6067281362428919 









0.6435414453390881 









0.6267873775543045 









0.6515484095326264 









0.7398159588948935 









0.8621025683675977 









0.9831093405192333 









1.0273502015431895 









1.0423060994328426 









1.0697512076724667 









1.1222234401721014 









1.1289760595738723 









1.151403546873373 









1.1771190534541591 









1.2276003251050744 









1.227284144924007 









1.207640686584856 









1.151260089087439 









1.2057530780447872 









1.1950595487606888 









1.2070256774412567 









1.2002505579393172 









1.2016794613000097 









1.1725520628686414 









1.1612408091742443 









1.1801662319352642 









1.169394904094195 









1.1605862401739233 









1.0618992597332217 









1.0182038687091153 









0.9304312362478144 









0.8468395766798116 









0.7704303900549064 









0.7379311490080596 









0.6575738012633146 









0.5902364719332501 









0.5786504444768646 









0.6307474364106818 









0.6431941156362987 









0.6506334288950455 









0.6551298705243608 









0.6252712239248857 









0.6792933912240355 









0.5997066564219975 









0.6085128946908592 









0.5755650370889254 









0.5908261272678843 









0.6074149902133229 









0.601220620107582 









0.6248848041216191 









0.5770595834121608 









0.5352032738588864 









0.6175249875059247 









0.6513706054262223 









0.6766412262873177 









0.6490318665403655 









0.6200794018124962 









0.625984307157216 









0.6326042558758295 









0.6470935494468053 









0.5949635110605185 









0.5864411186330268 









0.5810336395343901 









0.611498886964973 









0.5969500025580123 









0.607986750412709 









0.6023337676106537 









0.6293474161103408 









0.6141739788519649 









0.6804859748880995 









0.6520063158947789 









0.5970195056603441 









0.5548788416921587 









0.5776635292706697 









0.6089275892680845 









0.6095901376611326 









0.6901039595604406 









0.8656517977445306 









0.9579866363205568 









0.959685168641687 









1.0227003981832428 









1.071149043018141 









1.1245479467636077 









1.1712105361311256 









1.148741177007052 









1.099985159482538 









1.1522977292494665 









1.1538720738815316 









1.1957373292811357 









1.1967514070785912 









1.1491134059009243 









1.1822540976660942 









1.2234273405759641 









1.2268905626595787 









1.2195513718310886 









1.1628650102407152 









1.126095773480454 









1.1283207495253453 









1.1928533335162168 









1.176484614702231 









1.1400474789729065 









1.0922820203229995 









1.0191979093282413 









0.5134504366605344 









0.3593390405562916 









0.33507548507958435 









0.5249871173117806 









0.5789723684748154 









0.5685356558559457 









0.5900671307641817 









0.6238978200166116 









0.6505890001081718 









0.6240659578569092 









0.6314964348701408 









0.6456173379276966 









0.6119768305114778 









0.609689347544529 









0.6104439180053601 









0.5825619161104182 









0.5861159274049893 









0.6233000361297345 









0.5805807962754808 









0.5833253674568242 









0.6367094234684088 









0.637976729374749 









0.619392387826662 









0.6392696692882968 









0.6042940374002777 









0.5671752489998041 









0.6112077680903241 









0.6556529724654638 









0.5982644079660027 









0.6179675373660554 









0.5962609887892956 









0.6012602197033678 









0.6052837792545042 









0.5767576117801071 









0.6124477437306622 









0.6452945301520877 









0.6250662336422778 









0.5726165369307464 









0.5417269221468465 









0.6158855800600739 









0.6110165189590177 









0.6517042674507895 









0.6541695181470938 









0.6094334041483833 









0.6081521377200612 









0.6059539223121191 









0.609335479968507 









0.5552498123201445 









0.605540335027932 









0.623518611306494 









0.6351828342342359 









0.7510675520850881 









0.9940202185709907 









1.057569632963681 









1.0654588946704968 









1.0874835043412305 









1.1173680470308704 









1.1618535067714424 









1.1589917065823359 









1.1337352293714573 









1.0794612704817403 









1.0893630529046103 









1.1658478541138646 









1.194078108583121 









1.1360627522967697 









1.1037004215926856 









1.1829854000539146 









1.1849675524356416 









1.1823390231684023 









1.2333097606560488 









1.1554776882272646 









1.1423619703544188 









1.1457103896641285 









1.14255261958689 









1.0957365157415735 









1.010836778479725 









0.985129590381119 









0.9035738444298391 









0.8155464551940137 









0.7139965800528528 









0.7190863800324158 









0.6832110801637619 









0.627129735940929 









0.616570013329941 









0.6341125992901055 









0.6546082053366711 









0.7015594624084541 









0.6663177430550514 









0.6324216401997413 









0.6007775960492074 









0.6141036878903163 









0.5749129807103233 









0.6198845519237515 









0.5871706411067922 









0.5935134472489038 









0.5945314105885989 









0.6324225048557764 









0.6383498077779879 









0.5939638520936135 









0.5763056463791941 









0.6026841651486818 









0.6090626100234683 









0.5769883871601439 









0.5471607694236363 









0.5987907318546951 









0.6535973080000457 









0.6206709340244062 









0.5852456295666137 









0.5849655310104959 









0.6093011677242418 









0.5783468578843138 









0.552735097382368 









0.5933375236239796 









0.6573499032795598 









0.6019195323694695 









0.5941967662252315 









0.6254849151448023 









0.6012882901022459 









0.6066121425532767 









0.5644764772453593 









0.6093184691377433 









0.608036230324265 









0.6430368751134714 









0.7394386614805533 









0.9282562155180357 









1.0288201397309296 









1.0239094047970614 









1.062562472138291 









1.171807587532905 









1.1396852131206818 









1.164801073800773 









1.1798274106408349 









1.192698090957901 









1.2387674520304486 









1.2230396303555942 









1.142461272867154 









1.0803669436138945 









1.0469844123640857 









1.1689468958213374 









1.1642645024483065 









1.1374284748499137 









1.044991175633071 









1.005508795171397 









1.0114810189815924 









1.0397616793693476 









1.0940106152673035 









1.127367222493113 









1.1514251671920894 









1.1048976538743862 









1.0274217762728757 









0.48478466213610644 









0.37203210420992605 









0.3639512127454819 









0.569606466941559 









0.5978300323279764 









0.611152551312404 









0.6242267839574328 









0.6047544213982223 









0.5497898882114091 









0.6070893685003964 









0.59769369043455 









0.5889794805072274 









0.6535681307816076 









0.6677549024901993 









0.5996262327010148 









0.5909695047243247 









0.5620825129565871 









0.5853263602268504 









0.5947325485924913 









0.6160689054458283 









0.5877192167144316 









0.5888252258484841 









0.63284075882013 









0.6607244305598594 









0.6002613785535502 









0.6016671880410764 









0.5831673625522545 









0.6193806665419357 









0.669790658524199 









0.5932310956569683 









0.6070268329911469 









0.6509351050719732 









0.5978101453904788 









0.602091307337567 









0.6058844728457193 









0.5740296281729669 









0.6134484415568562 









0.6590751139583674 









0.6286232247780134 









0.6081018516642007 









0.6041936810802442 









0.6167160205929526 









0.6283691115113872 









0.6483745360378428 









0.634599681336536 









0.6198588587947856 









0.6307040013058552 









0.6315703676936736 









0.5712582618254217 









0.6260182101075651 









0.6209421567075605 









0.6880428188064841 









0.8750162368543789 









0.9901521901331123 









0.9710708358293539 









1.0415536747309468 









1.1467352434953848 









1.1830946639927358 









1.1722819554620052 









1.2223115682370105 









1.2142236056243356 









1.2301955274891383 









1.1524077143711222 









1.1778435954911717 









1.2306300603381952 









1.247306216365736 









1.270942665204165 









1.2644272643342005 









1.2493507525508556 









1.2166541380210933 









1.2128017324997997 









1.2178502850875266 









1.2095560893253305 









1.2323341231859026 









1.1745507974306804 









1.0842197913599998 









1.0297595643173811 









0.9512778938161234 









0.8398183442554966 









0.7262197739150412 









0.64272414516749 









0.6343897844827885 









0.6013987790333665 









0.6550427099071472 









0.6510525467137662 









0.6422086682356256 









0.5523946614687609 









0.5874216600999183 









0.5517373275452232 









0.5709530595447471 









0.5787599315556907 









0.5683556914810383 









0.5969570428266671 









0.6299224035300822 









0.6378994591424895 









0.6339468400261341 









0.7012848938571848 









0.6570842396467685 









0.6143685354021947 









0.6004841690361779 









0.6164302001754786 









0.6428799626370512 









0.652121088946055 









0.6285848665325809 









0.6315017102838051 









0.6014277375277398 









0.6675174888288479 









0.5876018635201007 









0.6040506232398359 









0.6005400139272329 









0.5815330970536466 









0.6170156277287717 









0.6759005897802423 









0.6465470272774133 









0.6245940036418751 









0.5987711521611431 









0.5921100438411335 









0.6021407892053552 









0.5901081435134644 









0.5818304956003014 









0.6079688885300005 









0.6012776014078953 









0.6311188789651484 









0.7102933489834472 









0.9163867684810231 









1.1026571983693243 









1.1365101226101064 









1.0956827680914745 









1.0496742096449916 









1.083608305234294 









1.121194292320554 









1.1617876202155601 









1.1617314404798604 









1.2093001729351964 









1.211980950548094 









1.1812668818782062 









1.1228821473026336 









1.1644837029858084 









1.1692916664821456 









1.2095522304918604 









1.1787829969476769 









1.1714140732009852 









1.163466399012814 









1.1916905662047503 









1.2156046875597228 









1.2536335489960584 









1.217381609364843 









1.2056663320316612 









1.13104304841754 









1.0714959432172322 









0.5061252369724729 









0.38503950453675595 









0.3791168759433949 









0.5769647035668392 









0.598406077777865 









0.5785442772866982 









0.6031807135391596 









0.5830371617420994 









0.5801757076333303 









0.5559555522884934 









0.5442368037164693 









0.5576131147419328 









0.5700345309675837 









0.6132920781931084 









0.6382655606428431 









0.6119227256870164 









0.5984584686109797 









0.6441700735366241 









0.6356921512683227 









0.6334298112753909 









0.655732874061482 









0.6328515850760568 









0.5532215836623938 









0.637633837628522 









0.6635336157106217 









0.6308087402146966 









0.5831535250766701 









0.5971643862265679 









0.6079129516616019 









0.6155664727170881 









0.5959072672547482 









0.5901389862740783 









0.6037203286631101 









0.584473874429028 









0.5979973791502382 









0.5870216497065028 









0.5582547735579845 









0.582448800609635 









0.5454723813080374 









0.620402313666551 









0.6034782516119839 









0.5764113926210704 









0.5952816040093891 









0.5619667296967478 









0.5671797816983245 









0.6041820014455245 









0.5325636959696839 









0.5808232888430316 









0.5976638227086307 









0.59044439905382 









0.6750136584795694 









0.7197255050554691 









0.9812954041993206 









1.1103844093694346 









1.1084661703315613 









1.1621771233272897 









1.2164244135741984 









1.1890403887674226 









1.1588108176475707 









1.1860543617857597 









1.2133610135065398 









1.2340440507236528 









1.2233820019144013 









1.2135038232536388 









1.2073626426772783 









1.2435183146577506 









1.2671736673269645 









1.2550568428805549 









1.2232589420823075 









1.1663886047046657 









1.1562800241213247 









1.1673485900743228 









1.1802540353184838 









1.235351235627265 









1.2006990674181888 









1.184614550469894 









1.1326446853749788 









1.0961433521204187 









0.9561861090113172 









0.8062652197218583 









0.7396419688333937 









0.7386553119008457 









0.6737486657744469 









0.6522904672184284 









0.6684192665773379 









0.6862146891645963 









0.6566437223900298 









0.6170816225067615 









0.6145885475525793 









0.5965059097089603 









0.6091058361773117 









0.6244398524762834 









0.6769539930269195 









0.6592778452844092 









0.6404879801839898 









0.6149936713275915 









0.6441036510070381 









0.631894183310986 









0.6127267078755438 









0.6354395435544308 









0.6531632125288656 









0.5842255562914563 









0.5987823118653752 









0.5944216035925517 









0.5843568386228881 









0.6354264683195352 









0.6475509537320551 









0.6468627487588072 









0.5969910146651932 









0.6440546812665111 









0.6405090061385261 









0.5842685972208839 









0.5871691511160398 









0.5406047559177949 









0.5763391786089805 









0.6191678786918883 









0.6513463389700108 









0.631324804453367 









0.6150046713476174 









0.5990763037150099 









0.5905986233341226 









0.6098801419663052 









0.6283533878408761 









0.7282342428914589 









0.9978239754251506 









1.121636413070581 









1.1426894169771558 









1.1349036147183418 









1.180192355886023 









1.190522360290608 









1.1758277720055283 









1.0941858082391827 









1.092354900532822 









1.1918885767691845 









1.2121123344670164 









1.270944880114912 









1.314112100171611 









1.3064694438591218 









1.2478589970605696 









1.2676385521474378 









1.241695180031942 









1.211453240978054 









1.177533100989333 









1.1258055564658787 









1.1635639563856783 









1.240093534540682 









1.2041057965627562 









1.1603704871390592 









1.1008045259733112 









1.0133351036036824 









0.4835244733892342 









0.38657078122920174 









0.36303155288949013 









0.53558947396686 









0.532049387389085 









0.6096186061695615 









0.613943529122861 









0.6113180531796674 









0.592859890927837 









0.6098709419549226 









0.647478004581739 









0.6575448388367312 









0.6196308154056513 









0.5860011250241748 









0.5961078821488353 









0.5726567633843047 









0.589416102851571 









0.5714464552443945 









0.5788534982905562 









0.583643038479621 









0.631566226933397 









0.6335028778693792 









0.6174678423933639 









0.6245172175860427 









0.623941182760098 









0.6413410168801388 









0.5878003914470044 









0.6083285367459446 









0.5901166297910075 









0.5787380236939405 









0.6106661679844594 









0.6509350021287402 









0.6294652456994878 









0.6251121356211603 









0.5976467357459733 









0.6025168286800416 









0.6069412382929025 









0.6121275487855847 









0.6310860288808617 









0.6066218247308406 









0.5856897889522611 









0.5946162700356505 









0.6229241525780479 









0.6132940618173659 









0.6111250218520918 









0.6408711484149517 









0.5927808963476849 









0.5704191567688102 









0.5868759352211637 









0.6225563332952657 









0.591290313977436 









0.6526327377067175 









0.9341895322095477 









1.0895606899876136 









1.0155901507971175 









1.0315479662753846 









1.0606714748928876 









1.0776965731559787 









1.0989607277227664 









1.1887906301071671 









1.1608120822108268 









1.1556885055110107 









1.1099721046824391 









1.0341367421266032 









1.0679468311959286 









1.0209820293661218 









1.1056930700863403 









1.1157236809465396 









1.056669707884684 









1.092645246893185 









1.0735262601312905 









1.0232366791040859 









0.9955189071621326 









1.0569210217542846 









1.068648576435307 









1.0206488196052566 









0.972686088410677 









0.8571918577304256 









0.784506575503362 









0.7043210412575907 









0.6771410873095647 









0.6708356887809035 









0.6611758352482618 









0.6542805705767862 









0.620410563512617 









0.6164507015486382 









0.6189975001578089 









0.594900752978154 









0.5843021042237717 









0.5914056179186171 









0.6121667189371486 









0.6122110560388805 









0.5940729587392778 









0.6150066270479786 









0.6203743635240463 









0.5649165470112211 









0.585311459868992 









0.5764607188875871 









0.6064725839672652 









0.6098693938222771 









0.6832049392519484 









0.6562352393005946 









0.6509868821098814 









0.6304433732526304 









0.5949323933002152 









0.5814527030507325 









0.6290977170925104 









0.6106493962554466 









0.5903431198585609 









0.6155896625851814 









0.5751060559680032 









0.6317195719779444 









0.6108879842054615 









0.5230716600292542 









0.5338249045033969 









0.5512944394252842 









0.5779284872754589 









0.5733746066433121 









0.5614569195874726 









0.5852226520374778 









0.6214208245227747 









0.6193354288459624 









0.661614980095204 









0.7397635549806953 









0.9325581710688992 









1.0501683326222053 









1.1224502421777547 









1.1261503765995424 









1.1592418554913533 









1.1977420112184407 









1.1954192773061687 









1.1263200548865075 









1.1988422382014035 









1.2716505863505332 









1.2389066027998143 









1.2301035337073936 









1.1846914363549863 









1.1836535944481135 









1.1936439481744006 









1.1009542913708004 









1.0615929470192114 









1.062066047037323 









1.0682896910998174 









1.129365377780793 









1.1469676359744108 









1.1006856865408665 









1.1238326481707404 









1.0754713717473041 









1.0416519402193019 









0.9335003365987682 









0.38513937397864745 









0.33302937010067163 









0.5085007269177496 









0.584774761728134 









0.5799354747953207 









0.6170390997896783 









0.615822660877811 









0.6261548964300316 









0.5956789456371371 









